<testsuites tests="114" failures="0" disabled="0" time="2.157198">IntegrationTest<testsuite tests="41" time="0.271658" errors="0" failures="0" skipped="0" timestamp="2019-08-24 09:17:28Z" name="Google.Solutions.Compute.Test.dll.Google.Solutions.Compute.Test.Iap.TestSshRelayStreamReading."><testcase name="AckTrimsUnacknoledgedQueue" assertions="7" time="0.197807" status="Passed" classname="Google.Solutions.Compute.Test.Iap.TestSshRelayStreamReading"><system-out>Google.Solutions.Compute Verbose: 0 : SshRelayStream [TX: 0 TXA: 0 RX: 0 AQ: 0]: Connecting...
Google.Solutions.Compute Verbose: 0 : SshRelayStream [TX: 0 TXA: 0 RX: 0 AQ: 0]: Sending DATA #0...
Google.Solutions.Compute Verbose: 0 : SshRelayStream [TX: 4 TXA: 0 RX: 0 AQ: 1]: Sending DATA #4...
Google.Solutions.Compute Verbose: 0 : SshRelayStream [TX: 8 TXA: 0 RX: 0 AQ: 2]: Sending DATA #8...
Google.Solutions.Compute Verbose: 0 : SshRelayStream [TX: 12 TXA: 4 RX: 0 AQ: 2]: Received ACK #4
Google.Solutions.Compute Verbose: 0 : SshRelayStream [TX: 12 TXA: 12 RX: 0 AQ: 0]: Received ACK #12
Google.Solutions.Compute Verbose: 0 : SshRelayStream [TX: 12 TXA: 12 RX: 0 AQ: 0]: Server closed connection
</system-out></testcase><testcase name="ConnectionOpenedByFirstRead" assertions="2" time="0.002016" status="Passed" classname="Google.Solutions.Compute.Test.Iap.TestSshRelayStreamReading"><system-out>Google.Solutions.Compute Verbose: 0 : SshRelayStream [TX: 0 TXA: 0 RX: 0 AQ: 0]: Connecting...
Google.Solutions.Compute Verbose: 0 : SshRelayStream [TX: 0 TXA: 0 RX: 0 AQ: 0]: Connecting...
Google.Solutions.Compute Verbose: 0 : SshRelayStream [TX: 0 TXA: 0 RX: 0 AQ: 0]: Connected session &lt;\u0000&gt;
Google.Solutions.Compute Verbose: 0 : SshRelayStream [TX: 0 TXA: 0 RX: 0 AQ: 0]: Connected session &lt;\u0000&gt;
Google.Solutions.Compute Verbose: 0 : SshRelayStream [TX: 0 TXA: 0 RX: 0 AQ: 0]: Server closed connection
Google.Solutions.Compute Verbose: 0 : SshRelayStream [TX: 0 TXA: 0 RX: 0 AQ: 0]: Server closed connection
</system-out></testcase><testcase name="DataHeaderIsTrimmed" assertions="3" time="0.001785" status="Passed" classname="Google.Solutions.Compute.Test.Iap.TestSshRelayStreamReading"><system-out>Google.Solutions.Compute Verbose: 0 : SshRelayStream [TX: 0 TXA: 0 RX: 0 AQ: 0]: Connecting...
Google.Solutions.Compute Verbose: 0 : SshRelayStream [TX: 0 TXA: 0 RX: 0 AQ: 0]: Connecting...
Google.Solutions.Compute Verbose: 0 : SshRelayStream [TX: 0 TXA: 0 RX: 0 AQ: 0]: Connecting...
Google.Solutions.Compute Verbose: 0 : SshRelayStream [TX: 0 TXA: 0 RX: 0 AQ: 0]: Connected session &lt;\u0000&gt;
Google.Solutions.Compute Verbose: 0 : SshRelayStream [TX: 0 TXA: 0 RX: 0 AQ: 0]: Connected session &lt;\u0000&gt;
Google.Solutions.Compute Verbose: 0 : SshRelayStream [TX: 0 TXA: 0 RX: 0 AQ: 0]: Connected session &lt;\u0000&gt;
Google.Solutions.Compute Verbose: 0 : SshRelayStream [TX: 0 TXA: 0 RX: 0 AQ: 0]: Received data (2 bytes)
Google.Solutions.Compute Verbose: 0 : SshRelayStream [TX: 0 TXA: 0 RX: 0 AQ: 0]: Received data (2 bytes)
Google.Solutions.Compute Verbose: 0 : SshRelayStream [TX: 0 TXA: 0 RX: 0 AQ: 0]: Received data (2 bytes)
</system-out></testcase><testcase name="MismatchedAckCausesException" assertions="1" time="0.018581" status="Passed" classname="Google.Solutions.Compute.Test.Iap.TestSshRelayStreamReading"><system-out>Google.Solutions.Compute Verbose: 0 : SshRelayStream [TX: 0 TXA: 0 RX: 0 AQ: 0]: Connecting...
Google.Solutions.Compute Verbose: 0 : SshRelayStream [TX: 0 TXA: 0 RX: 0 AQ: 0]: Connecting...
Google.Solutions.Compute Verbose: 0 : SshRelayStream [TX: 0 TXA: 0 RX: 0 AQ: 0]: Connecting...
Google.Solutions.Compute Verbose: 0 : SshRelayStream [TX: 0 TXA: 0 RX: 0 AQ: 0]: Connecting...
Google.Solutions.Compute Verbose: 0 : SshRelayStream [TX: 0 TXA: 0 RX: 0 AQ: 0]: Sending DATA #0...
Google.Solutions.Compute Verbose: 0 : SshRelayStream [TX: 0 TXA: 0 RX: 0 AQ: 0]: Sending DATA #0...
Google.Solutions.Compute Verbose: 0 : SshRelayStream [TX: 0 TXA: 0 RX: 0 AQ: 0]: Sending DATA #0...
Google.Solutions.Compute Verbose: 0 : SshRelayStream [TX: 0 TXA: 0 RX: 0 AQ: 0]: Sending DATA #0...
</system-out></testcase><testcase name="ReadAfterClientCloseCausesException" assertions="4" time="0.004237" status="Passed" classname="Google.Solutions.Compute.Test.Iap.TestSshRelayStreamReading"><system-out>Google.Solutions.Compute Verbose: 0 : SshRelayStream [TX: 0 TXA: 0 RX: 0 AQ: 0]: Connecting...
Google.Solutions.Compute Verbose: 0 : SshRelayStream [TX: 0 TXA: 0 RX: 0 AQ: 0]: Connecting...
Google.Solutions.Compute Verbose: 0 : SshRelayStream [TX: 0 TXA: 0 RX: 0 AQ: 0]: Connecting...
Google.Solutions.Compute Verbose: 0 : SshRelayStream [TX: 0 TXA: 0 RX: 0 AQ: 0]: Connecting...
Google.Solutions.Compute Verbose: 0 : SshRelayStream [TX: 0 TXA: 0 RX: 0 AQ: 0]: Connecting...
Google.Solutions.Compute Verbose: 0 : SshRelayStream [TX: 0 TXA: 0 RX: 0 AQ: 0]: Sending DATA #0...
Google.Solutions.Compute Verbose: 0 : SshRelayStream [TX: 0 TXA: 0 RX: 0 AQ: 0]: Sending DATA #0...
Google.Solutions.Compute Verbose: 0 : SshRelayStream [TX: 0 TXA: 0 RX: 0 AQ: 0]: Sending DATA #0...
Google.Solutions.Compute Verbose: 0 : SshRelayStream [TX: 0 TXA: 0 RX: 0 AQ: 0]: Sending DATA #0...
Google.Solutions.Compute Verbose: 0 : SshRelayStream [TX: 0 TXA: 0 RX: 0 AQ: 0]: Sending DATA #0...
Google.Solutions.Compute Verbose: 0 : SshRelayStream [TX: 4 TXA: 0 RX: 0 AQ: 1]: Connected session &lt;\u0000&gt;
Google.Solutions.Compute Verbose: 0 : SshRelayStream [TX: 4 TXA: 0 RX: 0 AQ: 1]: Connected session &lt;\u0000&gt;
Google.Solutions.Compute Verbose: 0 : SshRelayStream [TX: 4 TXA: 0 RX: 0 AQ: 1]: Connected session &lt;\u0000&gt;
Google.Solutions.Compute Verbose: 0 : SshRelayStream [TX: 4 TXA: 0 RX: 0 AQ: 1]: Connected session &lt;\u0000&gt;
Google.Solutions.Compute Verbose: 0 : SshRelayStream [TX: 4 TXA: 0 RX: 0 AQ: 1]: Connected session &lt;\u0000&gt;
Google.Solutions.Compute Verbose: 0 : SshRelayStream [TX: 4 TXA: 0 RX: 0 AQ: 1]: Received data (1 bytes)
Google.Solutions.Compute Verbose: 0 : SshRelayStream [TX: 4 TXA: 0 RX: 0 AQ: 1]: Received data (1 bytes)
Google.Solutions.Compute Verbose: 0 : SshRelayStream [TX: 4 TXA: 0 RX: 0 AQ: 1]: Received data (1 bytes)
Google.Solutions.Compute Verbose: 0 : SshRelayStream [TX: 4 TXA: 0 RX: 0 AQ: 1]: Received data (1 bytes)
Google.Solutions.Compute Verbose: 0 : SshRelayStream [TX: 4 TXA: 0 RX: 0 AQ: 1]: Received data (1 bytes)
Google.Solutions.Compute Verbose: 0 : SshRelayStream [TX: 4 TXA: 0 RX: 1 AQ: 1]: Disonnected.
Google.Solutions.Compute Verbose: 0 : SshRelayStream [TX: 4 TXA: 0 RX: 1 AQ: 1]: Disonnected.
Google.Solutions.Compute Verbose: 0 : SshRelayStream [TX: 4 TXA: 0 RX: 1 AQ: 1]: Disonnected.
Google.Solutions.Compute Verbose: 0 : SshRelayStream [TX: 4 TXA: 0 RX: 1 AQ: 1]: Disonnected.
Google.Solutions.Compute Verbose: 0 : SshRelayStream [TX: 4 TXA: 0 RX: 1 AQ: 1]: Disonnected.
</system-out></testcase><testcase name="ReadAfterDestinationReadFailedReturnsZero" assertions="2" time="0.001835" status="Passed" classname="Google.Solutions.Compute.Test.Iap.TestSshRelayStreamReading"><system-out>Google.Solutions.Compute Verbose: 0 : SshRelayStream [TX: 0 TXA: 0 RX: 0 AQ: 0]: Connecting...
Google.Solutions.Compute Verbose: 0 : SshRelayStream [TX: 0 TXA: 0 RX: 0 AQ: 0]: Connecting...
Google.Solutions.Compute Verbose: 0 : SshRelayStream [TX: 0 TXA: 0 RX: 0 AQ: 0]: Connecting...
Google.Solutions.Compute Verbose: 0 : SshRelayStream [TX: 0 TXA: 0 RX: 0 AQ: 0]: Connecting...
Google.Solutions.Compute Verbose: 0 : SshRelayStream [TX: 0 TXA: 0 RX: 0 AQ: 0]: Connecting...
Google.Solutions.Compute Verbose: 0 : SshRelayStream [TX: 0 TXA: 0 RX: 0 AQ: 0]: Connecting...
Google.Solutions.Compute Verbose: 0 : SshRelayStream [TX: 0 TXA: 0 RX: 0 AQ: 0]: Connected session &lt;\u0000&gt;
Google.Solutions.Compute Verbose: 0 : SshRelayStream [TX: 0 TXA: 0 RX: 0 AQ: 0]: Connected session &lt;\u0000&gt;
Google.Solutions.Compute Verbose: 0 : SshRelayStream [TX: 0 TXA: 0 RX: 0 AQ: 0]: Connected session &lt;\u0000&gt;
Google.Solutions.Compute Verbose: 0 : SshRelayStream [TX: 0 TXA: 0 RX: 0 AQ: 0]: Connected session &lt;\u0000&gt;
Google.Solutions.Compute Verbose: 0 : SshRelayStream [TX: 0 TXA: 0 RX: 0 AQ: 0]: Connected session &lt;\u0000&gt;
Google.Solutions.Compute Verbose: 0 : SshRelayStream [TX: 0 TXA: 0 RX: 0 AQ: 0]: Connected session &lt;\u0000&gt;
Google.Solutions.Compute Verbose: 0 : SshRelayStream [TX: 0 TXA: 0 RX: 0 AQ: 0]: Received data (1 bytes)
Google.Solutions.Compute Verbose: 0 : SshRelayStream [TX: 0 TXA: 0 RX: 0 AQ: 0]: Received data (1 bytes)
Google.Solutions.Compute Verbose: 0 : SshRelayStream [TX: 0 TXA: 0 RX: 0 AQ: 0]: Received data (1 bytes)
Google.Solutions.Compute Verbose: 0 : SshRelayStream [TX: 0 TXA: 0 RX: 0 AQ: 0]: Received data (1 bytes)
Google.Solutions.Compute Verbose: 0 : SshRelayStream [TX: 0 TXA: 0 RX: 0 AQ: 0]: Received data (1 bytes)
Google.Solutions.Compute Verbose: 0 : SshRelayStream [TX: 0 TXA: 0 RX: 0 AQ: 0]: Received data (1 bytes)
Google.Solutions.Compute Verbose: 0 : SshRelayStream [TX: 0 TXA: 0 RX: 1 AQ: 0]: Server closed connection
Google.Solutions.Compute Verbose: 0 : SshRelayStream [TX: 0 TXA: 0 RX: 1 AQ: 0]: Server closed connection
Google.Solutions.Compute Verbose: 0 : SshRelayStream [TX: 0 TXA: 0 RX: 1 AQ: 0]: Server closed connection
Google.Solutions.Compute Verbose: 0 : SshRelayStream [TX: 0 TXA: 0 RX: 1 AQ: 0]: Server closed connection
Google.Solutions.Compute Verbose: 0 : SshRelayStream [TX: 0 TXA: 0 RX: 1 AQ: 0]: Server closed connection
Google.Solutions.Compute Verbose: 0 : SshRelayStream [TX: 0 TXA: 0 RX: 1 AQ: 0]: Server closed connection
</system-out></testcase><testcase name="ReadAfterGracefulServerCloseReturnsZero" assertions="2" time="0.001620" status="Passed" classname="Google.Solutions.Compute.Test.Iap.TestSshRelayStreamReading"><system-out>Google.Solutions.Compute Verbose: 0 : SshRelayStream [TX: 0 TXA: 0 RX: 0 AQ: 0]: Connecting...
Google.Solutions.Compute Verbose: 0 : SshRelayStream [TX: 0 TXA: 0 RX: 0 AQ: 0]: Connecting...
Google.Solutions.Compute Verbose: 0 : SshRelayStream [TX: 0 TXA: 0 RX: 0 AQ: 0]: Connecting...
Google.Solutions.Compute Verbose: 0 : SshRelayStream [TX: 0 TXA: 0 RX: 0 AQ: 0]: Connecting...
Google.Solutions.Compute Verbose: 0 : SshRelayStream [TX: 0 TXA: 0 RX: 0 AQ: 0]: Connecting...
Google.Solutions.Compute Verbose: 0 : SshRelayStream [TX: 0 TXA: 0 RX: 0 AQ: 0]: Connecting...
Google.Solutions.Compute Verbose: 0 : SshRelayStream [TX: 0 TXA: 0 RX: 0 AQ: 0]: Connecting...
Google.Solutions.Compute Verbose: 0 : SshRelayStream [TX: 0 TXA: 0 RX: 0 AQ: 0]: Connecting...
Google.Solutions.Compute Verbose: 0 : SshRelayStream [TX: 0 TXA: 0 RX: 0 AQ: 0]: Connecting...
Google.Solutions.Compute Verbose: 0 : SshRelayStream [TX: 0 TXA: 0 RX: 0 AQ: 0]: Connecting...
Google.Solutions.Compute Verbose: 0 : SshRelayStream [TX: 0 TXA: 0 RX: 0 AQ: 0]: Connecting...
Google.Solutions.Compute Verbose: 0 : SshRelayStream [TX: 0 TXA: 0 RX: 0 AQ: 0]: Connecting...
Google.Solutions.Compute Verbose: 0 : SshRelayStream [TX: 0 TXA: 0 RX: 0 AQ: 0]: Connecting...
Google.Solutions.Compute Verbose: 0 : SshRelayStream [TX: 0 TXA: 0 RX: 0 AQ: 0]: Connecting...
Google.Solutions.Compute Verbose: 0 : SshRelayStream [TX: 0 TXA: 0 RX: 0 AQ: 0]: Connecting...
Google.Solutions.Compute Verbose: 0 : SshRelayStream [TX: 0 TXA: 0 RX: 0 AQ: 0]: Connecting...
Google.Solutions.Compute Verbose: 0 : SshRelayStream [TX: 0 TXA: 0 RX: 0 AQ: 0]: Connecting...
Google.Solutions.Compute Verbose: 0 : SshRelayStream [TX: 0 TXA: 0 RX: 0 AQ: 0]: Connecting...
Google.Solutions.Compute Verbose: 0 : SshRelayStream [TX: 0 TXA: 0 RX: 0 AQ: 0]: Connecting...
Google.Solutions.Compute Verbose: 0 : SshRelayStream [TX: 0 TXA: 0 RX: 0 AQ: 0]: Connecting...
Google.Solutions.Compute Verbose: 0 : SshRelayStream [TX: 0 TXA: 0 RX: 0 AQ: 0]: Connecting...
Google.Solutions.Compute Verbose: 0 : SshRelayStream [TX: 0 TXA: 0 RX: 0 AQ: 0]: Connecting...
Google.Solutions.Compute Verbose: 0 : SshRelayStream [TX: 0 TXA: 0 RX: 0 AQ: 0]: Connecting...
Google.Solutions.Compute Verbose: 0 : SshRelayStream [TX: 0 TXA: 0 RX: 0 AQ: 0]: Connected session &lt;\u0000&gt;
Google.Solutions.Compute Verbose: 0 : SshRelayStream [TX: 0 TXA: 0 RX: 0 AQ: 0]: Connected session &lt;\u0000&gt;
Google.Solutions.Compute Verbose: 0 : SshRelayStream [TX: 0 TXA: 0 RX: 0 AQ: 0]: Connected session &lt;\u0000&gt;
Google.Solutions.Compute Verbose: 0 : SshRelayStream [TX: 0 TXA: 0 RX: 0 AQ: 0]: Connected session &lt;\u0000&gt;
Google.Solutions.Compute Verbose: 0 : SshRelayStream [TX: 0 TXA: 0 RX: 0 AQ: 0]: Connected session &lt;\u0000&gt;
Google.Solutions.Compute Verbose: 0 : SshRelayStream [TX: 0 TXA: 0 RX: 0 AQ: 0]: Connected session &lt;\u0000&gt;
Google.Solutions.Compute Verbose: 0 : SshRelayStream [TX: 0 TXA: 0 RX: 0 AQ: 0]: Connected session &lt;\u0000&gt;
Google.Solutions.Compute Verbose: 0 : SshRelayStream [TX: 0 TXA: 0 RX: 0 AQ: 0]: Connected session &lt;\u0000&gt;
Google.Solutions.Compute Verbose: 0 : SshRelayStream [TX: 0 TXA: 0 RX: 0 AQ: 0]: Connected session &lt;\u0000&gt;
Google.Solutions.Compute Verbose: 0 : SshRelayStream [TX: 0 TXA: 0 RX: 0 AQ: 0]: Connected session &lt;\u0000&gt;
Google.Solutions.Compute Verbose: 0 : SshRelayStream [TX: 0 TXA: 0 RX: 0 AQ: 0]: Connected session &lt;\u0000&gt;
Google.Solutions.Compute Verbose: 0 : SshRelayStream [TX: 0 TXA: 0 RX: 0 AQ: 0]: Connected session &lt;\u0000&gt;
Google.Solutions.Compute Verbose: 0 : SshRelayStream [TX: 0 TXA: 0 RX: 0 AQ: 0]: Connected session &lt;\u0000&gt;
Google.Solutions.Compute Verbose: 0 : SshRelayStream [TX: 0 TXA: 0 RX: 0 AQ: 0]: Connected session &lt;\u0000&gt;
Google.Solutions.Compute Verbose: 0 : SshRelayStream [TX: 0 TXA: 0 RX: 0 AQ: 0]: Connected session &lt;\u0000&gt;
Google.Solutions.Compute Verbose: 0 : SshRelayStream [TX: 0 TXA: 0 RX: 0 AQ: 0]: Connected session &lt;\u0000&gt;
Google.Solutions.Compute Verbose: 0 : SshRelayStream [TX: 0 TXA: 0 RX: 0 AQ: 0]: Connected session &lt;\u0000&gt;
Google.Solutions.Compute Verbose: 0 : SshRelayStream [TX: 0 TXA: 0 RX: 0 AQ: 0]: Connected session &lt;\u0000&gt;
Google.Solutions.Compute Verbose: 0 : SshRelayStream [TX: 0 TXA: 0 RX: 0 AQ: 0]: Connected session &lt;\u0000&gt;
Google.Solutions.Compute Verbose: 0 : SshRelayStream [TX: 0 TXA: 0 RX: 0 AQ: 0]: Connected session &lt;\u0000&gt;
Google.Solutions.Compute Verbose: 0 : SshRelayStream [TX: 0 TXA: 0 RX: 0 AQ: 0]: Connected session &lt;\u0000&gt;
Google.Solutions.Compute Verbose: 0 : SshRelayStream [TX: 0 TXA: 0 RX: 0 AQ: 0]: Connected session &lt;\u0000&gt;
Google.Solutions.Compute Verbose: 0 : SshRelayStream [TX: 0 TXA: 0 RX: 0 AQ: 0]: Connected session &lt;\u0000&gt;
Google.Solutions.Compute Verbose: 0 : SshRelayStream [TX: 0 TXA: 0 RX: 0 AQ: 0]: Received data (1 bytes)
Google.Solutions.Compute Verbose: 0 : SshRelayStream [TX: 0 TXA: 0 RX: 0 AQ: 0]: Received data (1 bytes)
Google.Solutions.Compute Verbose: 0 : SshRelayStream [TX: 0 TXA: 0 RX: 0 AQ: 0]: Received data (1 bytes)
Google.Solutions.Compute Verbose: 0 : SshRelayStream [TX: 0 TXA: 0 RX: 0 AQ: 0]: Received data (1 bytes)
Google.Solutions.Compute Verbose: 0 : SshRelayStream [TX: 0 TXA: 0 RX: 0 AQ: 0]: Received data (1 bytes)
Google.Solutions.Compute Verbose: 0 : SshRelayStream [TX: 0 TXA: 0 RX: 0 AQ: 0]: Received data (1 bytes)
Google.Solutions.Compute Verbose: 0 : SshRelayStream [TX: 0 TXA: 0 RX: 0 AQ: 0]: Received data (1 bytes)
Google.Solutions.Compute Verbose: 0 : SshRelayStream [TX: 0 TXA: 0 RX: 0 AQ: 0]: Received data (1 bytes)
Google.Solutions.Compute Verbose: 0 : SshRelayStream [TX: 0 TXA: 0 RX: 0 AQ: 0]: Received data (1 bytes)
Google.Solutions.Compute Verbose: 0 : SshRelayStream [TX: 0 TXA: 0 RX: 0 AQ: 0]: Received data (1 bytes)
Google.Solutions.Compute Verbose: 0 : SshRelayStream [TX: 0 TXA: 0 RX: 0 AQ: 0]: Received data (1 bytes)
Google.Solutions.Compute Verbose: 0 : SshRelayStream [TX: 0 TXA: 0 RX: 0 AQ: 0]: Received data (1 bytes)
Google.Solutions.Compute Verbose: 0 : SshRelayStream [TX: 0 TXA: 0 RX: 0 AQ: 0]: Received data (1 bytes)
Google.Solutions.Compute Verbose: 0 : SshRelayStream [TX: 0 TXA: 0 RX: 0 AQ: 0]: Received data (1 bytes)
Google.Solutions.Compute Verbose: 0 : SshRelayStream [TX: 0 TXA: 0 RX: 0 AQ: 0]: Received data (1 bytes)
Google.Solutions.Compute Verbose: 0 : SshRelayStream [TX: 0 TXA: 0 RX: 0 AQ: 0]: Received data (1 bytes)
Google.Solutions.Compute Verbose: 0 : SshRelayStream [TX: 0 TXA: 0 RX: 0 AQ: 0]: Received data (1 bytes)
Google.Solutions.Compute Verbose: 0 : SshRelayStream [TX: 0 TXA: 0 RX: 0 AQ: 0]: Received data (1 bytes)
Google.Solutions.Compute Verbose: 0 : SshRelayStream [TX: 0 TXA: 0 RX: 0 AQ: 0]: Received data (1 bytes)
Google.Solutions.Compute Verbose: 0 : SshRelayStream [TX: 0 TXA: 0 RX: 0 AQ: 0]: Received data (1 bytes)
Google.Solutions.Compute Verbose: 0 : SshRelayStream [TX: 0 TXA: 0 RX: 0 AQ: 0]: Received data (1 bytes)
Google.Solutions.Compute Verbose: 0 : SshRelayStream [TX: 0 TXA: 0 RX: 0 AQ: 0]: Received data (1 bytes)
Google.Solutions.Compute Verbose: 0 : SshRelayStream [TX: 0 TXA: 0 RX: 0 AQ: 0]: Received data (1 bytes)
Google.Solutions.Compute Verbose: 0 : SshRelayStream [TX: 0 TXA: 0 RX: 1 AQ: 0]: Server closed connection
Google.Solutions.Compute Verbose: 0 : SshRelayStream [TX: 0 TXA: 0 RX: 1 AQ: 0]: Server closed connection
Google.Solutions.Compute Verbose: 0 : SshRelayStream [TX: 0 TXA: 0 RX: 1 AQ: 0]: Server closed connection
Google.Solutions.Compute Verbose: 0 : SshRelayStream [TX: 0 TXA: 0 RX: 1 AQ: 0]: Server closed connection
Google.Solutions.Compute Verbose: 0 : SshRelayStream [TX: 0 TXA: 0 RX: 1 AQ: 0]: Server closed connection
Google.Solutions.Compute Verbose: 0 : SshRelayStream [TX: 0 TXA: 0 RX: 1 AQ: 0]: Server closed connection
Google.Solutions.Compute Verbose: 0 : SshRelayStream [TX: 0 TXA: 0 RX: 1 AQ: 0]: Server closed connection
Google.Solutions.Compute Verbose: 0 : SshRelayStream [TX: 0 TXA: 0 RX: 1 AQ: 0]: Server closed connection
Google.Solutions.Compute Verbose: 0 : SshRelayStream [TX: 0 TXA: 0 RX: 1 AQ: 0]: Server closed connection
Google.Solutions.Compute Verbose: 0 : SshRelayStream [TX: 0 TXA: 0 RX: 1 AQ: 0]: Server closed connection
Google.Solutions.Compute Verbose: 0 : SshRelayStream [TX: 0 TXA: 0 RX: 1 AQ: 0]: Server closed connection
Google.Solutions.Compute Verbose: 0 : SshRelayStream [TX: 0 TXA: 0 RX: 1 AQ: 0]: Server closed connection
Google.Solutions.Compute Verbose: 0 : SshRelayStream [TX: 0 TXA: 0 RX: 1 AQ: 0]: Server closed connection
Google.Solutions.Compute Verbose: 0 : SshRelayStream [TX: 0 TXA: 0 RX: 1 AQ: 0]: Server closed connection
Google.Solutions.Compute Verbose: 0 : SshRelayStream [TX: 0 TXA: 0 RX: 1 AQ: 0]: Server closed connection
Google.Solutions.Compute Verbose: 0 : SshRelayStream [TX: 0 TXA: 0 RX: 1 AQ: 0]: Server closed connection
Google.Solutions.Compute Verbose: 0 : SshRelayStream [TX: 0 TXA: 0 RX: 1 AQ: 0]: Server closed connection
Google.Solutions.Compute Verbose: 0 : SshRelayStream [TX: 0 TXA: 0 RX: 1 AQ: 0]: Server closed connection
Google.Solutions.Compute Verbose: 0 : SshRelayStream [TX: 0 TXA: 0 RX: 1 AQ: 0]: Server closed connection
Google.Solutions.Compute Verbose: 0 : SshRelayStream [TX: 0 TXA: 0 RX: 1 AQ: 0]: Server closed connection
Google.Solutions.Compute Verbose: 0 : SshRelayStream [TX: 0 TXA: 0 RX: 1 AQ: 0]: Server closed connection
Google.Solutions.Compute Verbose: 0 : SshRelayStream [TX: 0 TXA: 0 RX: 1 AQ: 0]: Server closed connection
Google.Solutions.Compute Verbose: 0 : SshRelayStream [TX: 0 TXA: 0 RX: 1 AQ: 0]: Server closed connection
</system-out></testcase><testcase name="TinyBufferCausesIndexOutOfRangeException" assertions="2" time="0.000999" status="Passed" classname="Google.Solutions.Compute.Test.Iap.TestSshRelayStreamReading" /><testcase name="TruncatedMessageCausesException" assertions="2" time="0.001074" status="Passed" classname="Google.Solutions.Compute.Test.Iap.TestSshRelayStreamReading"><system-out>Google.Solutions.Compute Verbose: 0 : SshRelayStream [TX: 0 TXA: 0 RX: 0 AQ: 0]: Connecting...
Google.Solutions.Compute Verbose: 0 : SshRelayStream [TX: 0 TXA: 0 RX: 0 AQ: 0]: Connecting...
Google.Solutions.Compute Verbose: 0 : SshRelayStream [TX: 0 TXA: 0 RX: 0 AQ: 0]: Connecting...
Google.Solutions.Compute Verbose: 0 : SshRelayStream [TX: 0 TXA: 0 RX: 0 AQ: 0]: Connecting...
Google.Solutions.Compute Verbose: 0 : SshRelayStream [TX: 0 TXA: 0 RX: 0 AQ: 0]: Connecting...
Google.Solutions.Compute Verbose: 0 : SshRelayStream [TX: 0 TXA: 0 RX: 0 AQ: 0]: Connecting...
Google.Solutions.Compute Verbose: 0 : SshRelayStream [TX: 0 TXA: 0 RX: 0 AQ: 0]: Connecting...
Google.Solutions.Compute Verbose: 0 : SshRelayStream [TX: 0 TXA: 0 RX: 0 AQ: 0]: Connecting...
Google.Solutions.Compute Verbose: 0 : SshRelayStream [TX: 0 TXA: 0 RX: 0 AQ: 0]: Connecting...
Google.Solutions.Compute Verbose: 0 : SshRelayStream [TX: 0 TXA: 0 RX: 0 AQ: 0]: Connecting...
Google.Solutions.Compute Verbose: 0 : SshRelayStream [TX: 0 TXA: 0 RX: 0 AQ: 0]: Connecting...
Google.Solutions.Compute Verbose: 0 : SshRelayStream [TX: 0 TXA: 0 RX: 0 AQ: 0]: Connecting...
Google.Solutions.Compute Verbose: 0 : SshRelayStream [TX: 0 TXA: 0 RX: 0 AQ: 0]: Connecting...
Google.Solutions.Compute Verbose: 0 : SshRelayStream [TX: 0 TXA: 0 RX: 0 AQ: 0]: Connecting...
Google.Solutions.Compute Verbose: 0 : SshRelayStream [TX: 0 TXA: 0 RX: 0 AQ: 0]: Connecting...
Google.Solutions.Compute Verbose: 0 : SshRelayStream [TX: 0 TXA: 0 RX: 0 AQ: 0]: Connecting...
Google.Solutions.Compute Verbose: 0 : SshRelayStream [TX: 0 TXA: 0 RX: 0 AQ: 0]: Connecting...
Google.Solutions.Compute Verbose: 0 : SshRelayStream [TX: 0 TXA: 0 RX: 0 AQ: 0]: Connecting...
Google.Solutions.Compute Verbose: 0 : SshRelayStream [TX: 0 TXA: 0 RX: 0 AQ: 0]: Connecting...
Google.Solutions.Compute Verbose: 0 : SshRelayStream [TX: 0 TXA: 0 RX: 0 AQ: 0]: Connecting...
Google.Solutions.Compute Verbose: 0 : SshRelayStream [TX: 0 TXA: 0 RX: 0 AQ: 0]: Connecting...
Google.Solutions.Compute Verbose: 0 : SshRelayStream [TX: 0 TXA: 0 RX: 0 AQ: 0]: Connecting...
Google.Solutions.Compute Verbose: 0 : SshRelayStream [TX: 0 TXA: 0 RX: 0 AQ: 0]: Connecting...
Google.Solutions.Compute Verbose: 0 : SshRelayStream [TX: 0 TXA: 0 RX: 0 AQ: 0]: Connecting...
Google.Solutions.Compute Verbose: 0 : SshRelayStream [TX: 0 TXA: 0 RX: 0 AQ: 0]: Connecting...
Google.Solutions.Compute Verbose: 0 : SshRelayStream [TX: 0 TXA: 0 RX: 0 AQ: 0]: Connecting...
Google.Solutions.Compute Verbose: 0 : SshRelayStream [TX: 0 TXA: 0 RX: 0 AQ: 0]: Connecting...
Google.Solutions.Compute Verbose: 0 : SshRelayStream [TX: 0 TXA: 0 RX: 0 AQ: 0]: Connecting...
Google.Solutions.Compute Verbose: 0 : SshRelayStream [TX: 0 TXA: 0 RX: 0 AQ: 0]: Connecting...
Google.Solutions.Compute Verbose: 0 : SshRelayStream [TX: 0 TXA: 0 RX: 0 AQ: 0]: Connecting...
Google.Solutions.Compute Verbose: 0 : SshRelayStream [TX: 0 TXA: 0 RX: 0 AQ: 0]: Connecting...
Google.Solutions.Compute Verbose: 0 : SshRelayStream [TX: 0 TXA: 0 RX: 0 AQ: 0]: Connecting...
Google.Solutions.Compute Verbose: 0 : SshRelayStream [TX: 0 TXA: 0 RX: 0 AQ: 0]: Connecting...
Google.Solutions.Compute Verbose: 0 : SshRelayStream [TX: 0 TXA: 0 RX: 0 AQ: 0]: Connecting...
Google.Solutions.Compute Verbose: 0 : SshRelayStream [TX: 0 TXA: 0 RX: 0 AQ: 0]: Connecting...
</system-out></testcase><testcase name="ZeroAckCausesException" assertions="1" time="0.001391" status="Passed" classname="Google.Solutions.Compute.Test.Iap.TestSshRelayStreamReading"><system-out>Google.Solutions.Compute Verbose: 0 : SshRelayStream [TX: 0 TXA: 0 RX: 0 AQ: 0]: Connecting...
Google.Solutions.Compute Verbose: 0 : SshRelayStream [TX: 0 TXA: 0 RX: 0 AQ: 0]: Connecting...
Google.Solutions.Compute Verbose: 0 : SshRelayStream [TX: 0 TXA: 0 RX: 0 AQ: 0]: Connecting...
Google.Solutions.Compute Verbose: 0 : SshRelayStream [TX: 0 TXA: 0 RX: 0 AQ: 0]: Connecting...
Google.Solutions.Compute Verbose: 0 : SshRelayStream [TX: 0 TXA: 0 RX: 0 AQ: 0]: Connecting...
Google.Solutions.Compute Verbose: 0 : SshRelayStream [TX: 0 TXA: 0 RX: 0 AQ: 0]: Connecting...
Google.Solutions.Compute Verbose: 0 : SshRelayStream [TX: 0 TXA: 0 RX: 0 AQ: 0]: Connecting...
Google.Solutions.Compute Verbose: 0 : SshRelayStream [TX: 0 TXA: 0 RX: 0 AQ: 0]: Connecting...
Google.Solutions.Compute Verbose: 0 : SshRelayStream [TX: 0 TXA: 0 RX: 0 AQ: 0]: Connecting...
Google.Solutions.Compute Verbose: 0 : SshRelayStream [TX: 0 TXA: 0 RX: 0 AQ: 0]: Connecting...
Google.Solutions.Compute Verbose: 0 : SshRelayStream [TX: 0 TXA: 0 RX: 0 AQ: 0]: Connecting...
Google.Solutions.Compute Verbose: 0 : SshRelayStream [TX: 0 TXA: 0 RX: 0 AQ: 0]: Connecting...
Google.Solutions.Compute Verbose: 0 : SshRelayStream [TX: 0 TXA: 0 RX: 0 AQ: 0]: Connecting...
Google.Solutions.Compute Verbose: 0 : SshRelayStream [TX: 0 TXA: 0 RX: 0 AQ: 0]: Connecting...
Google.Solutions.Compute Verbose: 0 : SshRelayStream [TX: 0 TXA: 0 RX: 0 AQ: 0]: Connecting...
Google.Solutions.Compute Verbose: 0 : SshRelayStream [TX: 0 TXA: 0 RX: 0 AQ: 0]: Connecting...
Google.Solutions.Compute Verbose: 0 : SshRelayStream [TX: 0 TXA: 0 RX: 0 AQ: 0]: Connecting...
Google.Solutions.Compute Verbose: 0 : SshRelayStream [TX: 0 TXA: 0 RX: 0 AQ: 0]: Connecting...
Google.Solutions.Compute Verbose: 0 : SshRelayStream [TX: 0 TXA: 0 RX: 0 AQ: 0]: Connecting...
Google.Solutions.Compute Verbose: 0 : SshRelayStream [TX: 0 TXA: 0 RX: 0 AQ: 0]: Connecting...
Google.Solutions.Compute Verbose: 0 : SshRelayStream [TX: 0 TXA: 0 RX: 0 AQ: 0]: Connecting...
Google.Solutions.Compute Verbose: 0 : SshRelayStream [TX: 0 TXA: 0 RX: 0 AQ: 0]: Connecting...
Google.Solutions.Compute Verbose: 0 : SshRelayStream [TX: 0 TXA: 0 RX: 0 AQ: 0]: Connecting...
Google.Solutions.Compute Verbose: 0 : SshRelayStream [TX: 0 TXA: 0 RX: 0 AQ: 0]: Connecting...
Google.Solutions.Compute Verbose: 0 : SshRelayStream [TX: 0 TXA: 0 RX: 0 AQ: 0]: Connecting...
Google.Solutions.Compute Verbose: 0 : SshRelayStream [TX: 0 TXA: 0 RX: 0 AQ: 0]: Connecting...
Google.Solutions.Compute Verbose: 0 : SshRelayStream [TX: 0 TXA: 0 RX: 0 AQ: 0]: Connecting...
Google.Solutions.Compute Verbose: 0 : SshRelayStream [TX: 0 TXA: 0 RX: 0 AQ: 0]: Connecting...
Google.Solutions.Compute Verbose: 0 : SshRelayStream [TX: 0 TXA: 0 RX: 0 AQ: 0]: Connecting...
Google.Solutions.Compute Verbose: 0 : SshRelayStream [TX: 0 TXA: 0 RX: 0 AQ: 0]: Connecting...
Google.Solutions.Compute Verbose: 0 : SshRelayStream [TX: 0 TXA: 0 RX: 0 AQ: 0]: Connecting...
Google.Solutions.Compute Verbose: 0 : SshRelayStream [TX: 0 TXA: 0 RX: 0 AQ: 0]: Connecting...
Google.Solutions.Compute Verbose: 0 : SshRelayStream [TX: 0 TXA: 0 RX: 0 AQ: 0]: Connecting...
Google.Solutions.Compute Verbose: 0 : SshRelayStream [TX: 0 TXA: 0 RX: 0 AQ: 0]: Connecting...
Google.Solutions.Compute Verbose: 0 : SshRelayStream [TX: 0 TXA: 0 RX: 0 AQ: 0]: Connecting...
Google.Solutions.Compute Verbose: 0 : SshRelayStream [TX: 0 TXA: 0 RX: 0 AQ: 0]: Connecting...
Google.Solutions.Compute Verbose: 0 : SshRelayStream [TX: 0 TXA: 0 RX: 0 AQ: 0]: Connecting...
Google.Solutions.Compute Verbose: 0 : SshRelayStream [TX: 0 TXA: 0 RX: 0 AQ: 0]: Connecting...
Google.Solutions.Compute Verbose: 0 : SshRelayStream [TX: 0 TXA: 0 RX: 0 AQ: 0]: Connecting...
Google.Solutions.Compute Verbose: 0 : SshRelayStream [TX: 0 TXA: 0 RX: 0 AQ: 0]: Connecting...
Google.Solutions.Compute Verbose: 0 : SshRelayStream [TX: 0 TXA: 0 RX: 0 AQ: 0]: Connecting...
Google.Solutions.Compute Verbose: 0 : SshRelayStream [TX: 0 TXA: 0 RX: 0 AQ: 0]: Sending DATA #0...
Google.Solutions.Compute Verbose: 0 : SshRelayStream [TX: 0 TXA: 0 RX: 0 AQ: 0]: Sending DATA #0...
Google.Solutions.Compute Verbose: 0 : SshRelayStream [TX: 0 TXA: 0 RX: 0 AQ: 0]: Sending DATA #0...
Google.Solutions.Compute Verbose: 0 : SshRelayStream [TX: 0 TXA: 0 RX: 0 AQ: 0]: Sending DATA #0...
Google.Solutions.Compute Verbose: 0 : SshRelayStream [TX: 0 TXA: 0 RX: 0 AQ: 0]: Sending DATA #0...
Google.Solutions.Compute Verbose: 0 : SshRelayStream [TX: 0 TXA: 0 RX: 0 AQ: 0]: Sending DATA #0...
Google.Solutions.Compute Verbose: 0 : SshRelayStream [TX: 0 TXA: 0 RX: 0 AQ: 0]: Sending DATA #0...
Google.Solutions.Compute Verbose: 0 : SshRelayStream [TX: 0 TXA: 0 RX: 0 AQ: 0]: Sending DATA #0...
Google.Solutions.Compute Verbose: 0 : SshRelayStream [TX: 0 TXA: 0 RX: 0 AQ: 0]: Sending DATA #0...
Google.Solutions.Compute Verbose: 0 : SshRelayStream [TX: 0 TXA: 0 RX: 0 AQ: 0]: Sending DATA #0...
Google.Solutions.Compute Verbose: 0 : SshRelayStream [TX: 0 TXA: 0 RX: 0 AQ: 0]: Sending DATA #0...
Google.Solutions.Compute Verbose: 0 : SshRelayStream [TX: 0 TXA: 0 RX: 0 AQ: 0]: Sending DATA #0...
Google.Solutions.Compute Verbose: 0 : SshRelayStream [TX: 0 TXA: 0 RX: 0 AQ: 0]: Sending DATA #0...
Google.Solutions.Compute Verbose: 0 : SshRelayStream [TX: 0 TXA: 0 RX: 0 AQ: 0]: Sending DATA #0...
Google.Solutions.Compute Verbose: 0 : SshRelayStream [TX: 0 TXA: 0 RX: 0 AQ: 0]: Sending DATA #0...
Google.Solutions.Compute Verbose: 0 : SshRelayStream [TX: 0 TXA: 0 RX: 0 AQ: 0]: Sending DATA #0...
Google.Solutions.Compute Verbose: 0 : SshRelayStream [TX: 0 TXA: 0 RX: 0 AQ: 0]: Sending DATA #0...
Google.Solutions.Compute Verbose: 0 : SshRelayStream [TX: 0 TXA: 0 RX: 0 AQ: 0]: Sending DATA #0...
Google.Solutions.Compute Verbose: 0 : SshRelayStream [TX: 0 TXA: 0 RX: 0 AQ: 0]: Sending DATA #0...
Google.Solutions.Compute Verbose: 0 : SshRelayStream [TX: 0 TXA: 0 RX: 0 AQ: 0]: Sending DATA #0...
Google.Solutions.Compute Verbose: 0 : SshRelayStream [TX: 0 TXA: 0 RX: 0 AQ: 0]: Sending DATA #0...
Google.Solutions.Compute Verbose: 0 : SshRelayStream [TX: 0 TXA: 0 RX: 0 AQ: 0]: Sending DATA #0...
Google.Solutions.Compute Verbose: 0 : SshRelayStream [TX: 0 TXA: 0 RX: 0 AQ: 0]: Sending DATA #0...
Google.Solutions.Compute Verbose: 0 : SshRelayStream [TX: 0 TXA: 0 RX: 0 AQ: 0]: Sending DATA #0...
Google.Solutions.Compute Verbose: 0 : SshRelayStream [TX: 0 TXA: 0 RX: 0 AQ: 0]: Sending DATA #0...
Google.Solutions.Compute Verbose: 0 : SshRelayStream [TX: 0 TXA: 0 RX: 0 AQ: 0]: Sending DATA #0...
Google.Solutions.Compute Verbose: 0 : SshRelayStream [TX: 0 TXA: 0 RX: 0 AQ: 0]: Sending DATA #0...
Google.Solutions.Compute Verbose: 0 : SshRelayStream [TX: 0 TXA: 0 RX: 0 AQ: 0]: Sending DATA #0...
Google.Solutions.Compute Verbose: 0 : SshRelayStream [TX: 0 TXA: 0 RX: 0 AQ: 0]: Sending DATA #0...
Google.Solutions.Compute Verbose: 0 : SshRelayStream [TX: 0 TXA: 0 RX: 0 AQ: 0]: Sending DATA #0...
Google.Solutions.Compute Verbose: 0 : SshRelayStream [TX: 0 TXA: 0 RX: 0 AQ: 0]: Sending DATA #0...
Google.Solutions.Compute Verbose: 0 : SshRelayStream [TX: 0 TXA: 0 RX: 0 AQ: 0]: Sending DATA #0...
Google.Solutions.Compute Verbose: 0 : SshRelayStream [TX: 0 TXA: 0 RX: 0 AQ: 0]: Sending DATA #0...
Google.Solutions.Compute Verbose: 0 : SshRelayStream [TX: 0 TXA: 0 RX: 0 AQ: 0]: Sending DATA #0...
Google.Solutions.Compute Verbose: 0 : SshRelayStream [TX: 0 TXA: 0 RX: 0 AQ: 0]: Sending DATA #0...
Google.Solutions.Compute Verbose: 0 : SshRelayStream [TX: 0 TXA: 0 RX: 0 AQ: 0]: Sending DATA #0...
Google.Solutions.Compute Verbose: 0 : SshRelayStream [TX: 0 TXA: 0 RX: 0 AQ: 0]: Sending DATA #0...
Google.Solutions.Compute Verbose: 0 : SshRelayStream [TX: 0 TXA: 0 RX: 0 AQ: 0]: Sending DATA #0...
Google.Solutions.Compute Verbose: 0 : SshRelayStream [TX: 0 TXA: 0 RX: 0 AQ: 0]: Sending DATA #0...
Google.Solutions.Compute Verbose: 0 : SshRelayStream [TX: 0 TXA: 0 RX: 0 AQ: 0]: Sending DATA #0...
Google.Solutions.Compute Verbose: 0 : SshRelayStream [TX: 0 TXA: 0 RX: 0 AQ: 0]: Sending DATA #0...
</system-out></testcase></testsuite><testsuite tests="8" time="0.006335" errors="0" failures="0" skipped="0" timestamp="2019-08-24 09:17:29Z" name="Google.Solutions.Compute.Test.dll.Google.Solutions.Compute.Test.Iap.TestSshRelayStreamReading.ReadAfterForcefulServerCloseCausesAnotherConnectIfNoDataReadBefore."><testcase name="ReadAfterForcefulServerCloseCausesAnotherConnectIfNoDataReadBefore(EndpointUnavailable)" assertions="3" time="0.001543" status="Passed" classname="Google.Solutions.Compute.Test.Iap.TestSshRelayStreamReading"><system-out>Google.Solutions.Compute Verbose: 0 : SshRelayStream [TX: 0 TXA: 0 RX: 0 AQ: 0]: Connecting...
Google.Solutions.Compute Verbose: 0 : SshRelayStream [TX: 0 TXA: 0 RX: 0 AQ: 0]: Connecting...
Google.Solutions.Compute Verbose: 0 : SshRelayStream [TX: 0 TXA: 0 RX: 0 AQ: 0]: Connecting...
Google.Solutions.Compute Verbose: 0 : SshRelayStream [TX: 0 TXA: 0 RX: 0 AQ: 0]: Connecting...
Google.Solutions.Compute Verbose: 0 : SshRelayStream [TX: 0 TXA: 0 RX: 0 AQ: 0]: Connecting...
Google.Solutions.Compute Verbose: 0 : SshRelayStream [TX: 0 TXA: 0 RX: 0 AQ: 0]: Connecting...
Google.Solutions.Compute Verbose: 0 : SshRelayStream [TX: 0 TXA: 0 RX: 0 AQ: 0]: Connecting...
Google.Solutions.Compute Verbose: 0 : SshRelayStream [TX: 0 TXA: 0 RX: 0 AQ: 0]: Connection closed abnormally: 1001
Google.Solutions.Compute Verbose: 0 : SshRelayStream [TX: 0 TXA: 0 RX: 0 AQ: 0]: Connection closed abnormally: 1001
Google.Solutions.Compute Verbose: 0 : SshRelayStream [TX: 0 TXA: 0 RX: 0 AQ: 0]: Connection closed abnormally: 1001
Google.Solutions.Compute Verbose: 0 : SshRelayStream [TX: 0 TXA: 0 RX: 0 AQ: 0]: Connection closed abnormally: 1001
Google.Solutions.Compute Verbose: 0 : SshRelayStream [TX: 0 TXA: 0 RX: 0 AQ: 0]: Connection closed abnormally: 1001
Google.Solutions.Compute Verbose: 0 : SshRelayStream [TX: 0 TXA: 0 RX: 0 AQ: 0]: Connection closed abnormally: 1001
Google.Solutions.Compute Verbose: 0 : SshRelayStream [TX: 0 TXA: 0 RX: 0 AQ: 0]: Connection closed abnormally: 1001
Google.Solutions.Compute Verbose: 0 : SshRelayStream [TX: 0 TXA: 0 RX: 0 AQ: 0]: Disconnecting, preparing to reconnect
Google.Solutions.Compute Verbose: 0 : SshRelayStream [TX: 0 TXA: 0 RX: 0 AQ: 0]: Disconnecting, preparing to reconnect
Google.Solutions.Compute Verbose: 0 : SshRelayStream [TX: 0 TXA: 0 RX: 0 AQ: 0]: Disconnecting, preparing to reconnect
Google.Solutions.Compute Verbose: 0 : SshRelayStream [TX: 0 TXA: 0 RX: 0 AQ: 0]: Disconnecting, preparing to reconnect
Google.Solutions.Compute Verbose: 0 : SshRelayStream [TX: 0 TXA: 0 RX: 0 AQ: 0]: Disconnecting, preparing to reconnect
Google.Solutions.Compute Verbose: 0 : SshRelayStream [TX: 0 TXA: 0 RX: 0 AQ: 0]: Disconnecting, preparing to reconnect
Google.Solutions.Compute Verbose: 0 : SshRelayStream [TX: 0 TXA: 0 RX: 0 AQ: 0]: Disconnecting, preparing to reconnect
Google.Solutions.Compute Verbose: 0 : SshRelayStream [TX: 0 TXA: 0 RX: 0 AQ: 0]: Disonnected.
Google.Solutions.Compute Verbose: 0 : SshRelayStream [TX: 0 TXA: 0 RX: 0 AQ: 0]: Disonnected.
Google.Solutions.Compute Verbose: 0 : SshRelayStream [TX: 0 TXA: 0 RX: 0 AQ: 0]: Disonnected.
Google.Solutions.Compute Verbose: 0 : SshRelayStream [TX: 0 TXA: 0 RX: 0 AQ: 0]: Disonnected.
Google.Solutions.Compute Verbose: 0 : SshRelayStream [TX: 0 TXA: 0 RX: 0 AQ: 0]: Disonnected.
Google.Solutions.Compute Verbose: 0 : SshRelayStream [TX: 0 TXA: 0 RX: 0 AQ: 0]: Disonnected.
Google.Solutions.Compute Verbose: 0 : SshRelayStream [TX: 0 TXA: 0 RX: 0 AQ: 0]: Disonnected.
Google.Solutions.Compute Verbose: 0 : SshRelayStream [TX: 0 TXA: 0 RX: 0 AQ: 0]: Connecting...
Google.Solutions.Compute Verbose: 0 : SshRelayStream [TX: 0 TXA: 0 RX: 0 AQ: 0]: Connecting...
Google.Solutions.Compute Verbose: 0 : SshRelayStream [TX: 0 TXA: 0 RX: 0 AQ: 0]: Connecting...
Google.Solutions.Compute Verbose: 0 : SshRelayStream [TX: 0 TXA: 0 RX: 0 AQ: 0]: Connecting...
Google.Solutions.Compute Verbose: 0 : SshRelayStream [TX: 0 TXA: 0 RX: 0 AQ: 0]: Connecting...
Google.Solutions.Compute Verbose: 0 : SshRelayStream [TX: 0 TXA: 0 RX: 0 AQ: 0]: Connecting...
Google.Solutions.Compute Verbose: 0 : SshRelayStream [TX: 0 TXA: 0 RX: 0 AQ: 0]: Connecting...
Google.Solutions.Compute Verbose: 0 : SshRelayStream [TX: 0 TXA: 0 RX: 0 AQ: 0]: Connected session &lt;\u0000&gt;
Google.Solutions.Compute Verbose: 0 : SshRelayStream [TX: 0 TXA: 0 RX: 0 AQ: 0]: Connected session &lt;\u0000&gt;
Google.Solutions.Compute Verbose: 0 : SshRelayStream [TX: 0 TXA: 0 RX: 0 AQ: 0]: Connected session &lt;\u0000&gt;
Google.Solutions.Compute Verbose: 0 : SshRelayStream [TX: 0 TXA: 0 RX: 0 AQ: 0]: Connected session &lt;\u0000&gt;
Google.Solutions.Compute Verbose: 0 : SshRelayStream [TX: 0 TXA: 0 RX: 0 AQ: 0]: Connected session &lt;\u0000&gt;
Google.Solutions.Compute Verbose: 0 : SshRelayStream [TX: 0 TXA: 0 RX: 0 AQ: 0]: Connected session &lt;\u0000&gt;
Google.Solutions.Compute Verbose: 0 : SshRelayStream [TX: 0 TXA: 0 RX: 0 AQ: 0]: Connected session &lt;\u0000&gt;
Google.Solutions.Compute Verbose: 0 : SshRelayStream [TX: 0 TXA: 0 RX: 0 AQ: 0]: Received data (2 bytes)
Google.Solutions.Compute Verbose: 0 : SshRelayStream [TX: 0 TXA: 0 RX: 0 AQ: 0]: Received data (2 bytes)
Google.Solutions.Compute Verbose: 0 : SshRelayStream [TX: 0 TXA: 0 RX: 0 AQ: 0]: Received data (2 bytes)
Google.Solutions.Compute Verbose: 0 : SshRelayStream [TX: 0 TXA: 0 RX: 0 AQ: 0]: Received data (2 bytes)
Google.Solutions.Compute Verbose: 0 : SshRelayStream [TX: 0 TXA: 0 RX: 0 AQ: 0]: Received data (2 bytes)
Google.Solutions.Compute Verbose: 0 : SshRelayStream [TX: 0 TXA: 0 RX: 0 AQ: 0]: Received data (2 bytes)
Google.Solutions.Compute Verbose: 0 : SshRelayStream [TX: 0 TXA: 0 RX: 0 AQ: 0]: Received data (2 bytes)
</system-out></testcase><testcase name="ReadAfterForcefulServerCloseCausesAnotherConnectIfNoDataReadBefore(InvalidMessageType)" assertions="3" time="0.000324" status="Passed" classname="Google.Solutions.Compute.Test.Iap.TestSshRelayStreamReading"><system-out>Google.Solutions.Compute Verbose: 0 : SshRelayStream [TX: 0 TXA: 0 RX: 0 AQ: 0]: Connecting...
Google.Solutions.Compute Verbose: 0 : SshRelayStream [TX: 0 TXA: 0 RX: 0 AQ: 0]: Connecting...
Google.Solutions.Compute Verbose: 0 : SshRelayStream [TX: 0 TXA: 0 RX: 0 AQ: 0]: Connecting...
Google.Solutions.Compute Verbose: 0 : SshRelayStream [TX: 0 TXA: 0 RX: 0 AQ: 0]: Connecting...
Google.Solutions.Compute Verbose: 0 : SshRelayStream [TX: 0 TXA: 0 RX: 0 AQ: 0]: Connecting...
Google.Solutions.Compute Verbose: 0 : SshRelayStream [TX: 0 TXA: 0 RX: 0 AQ: 0]: Connecting...
Google.Solutions.Compute Verbose: 0 : SshRelayStream [TX: 0 TXA: 0 RX: 0 AQ: 0]: Connecting...
Google.Solutions.Compute Verbose: 0 : SshRelayStream [TX: 0 TXA: 0 RX: 0 AQ: 0]: Connecting...
Google.Solutions.Compute Verbose: 0 : SshRelayStream [TX: 0 TXA: 0 RX: 0 AQ: 0]: Connection closed abnormally: 1003
Google.Solutions.Compute Verbose: 0 : SshRelayStream [TX: 0 TXA: 0 RX: 0 AQ: 0]: Connection closed abnormally: 1003
Google.Solutions.Compute Verbose: 0 : SshRelayStream [TX: 0 TXA: 0 RX: 0 AQ: 0]: Connection closed abnormally: 1003
Google.Solutions.Compute Verbose: 0 : SshRelayStream [TX: 0 TXA: 0 RX: 0 AQ: 0]: Connection closed abnormally: 1003
Google.Solutions.Compute Verbose: 0 : SshRelayStream [TX: 0 TXA: 0 RX: 0 AQ: 0]: Connection closed abnormally: 1003
Google.Solutions.Compute Verbose: 0 : SshRelayStream [TX: 0 TXA: 0 RX: 0 AQ: 0]: Connection closed abnormally: 1003
Google.Solutions.Compute Verbose: 0 : SshRelayStream [TX: 0 TXA: 0 RX: 0 AQ: 0]: Connection closed abnormally: 1003
Google.Solutions.Compute Verbose: 0 : SshRelayStream [TX: 0 TXA: 0 RX: 0 AQ: 0]: Connection closed abnormally: 1003
Google.Solutions.Compute Verbose: 0 : SshRelayStream [TX: 0 TXA: 0 RX: 0 AQ: 0]: Disconnecting, preparing to reconnect
Google.Solutions.Compute Verbose: 0 : SshRelayStream [TX: 0 TXA: 0 RX: 0 AQ: 0]: Disconnecting, preparing to reconnect
Google.Solutions.Compute Verbose: 0 : SshRelayStream [TX: 0 TXA: 0 RX: 0 AQ: 0]: Disconnecting, preparing to reconnect
Google.Solutions.Compute Verbose: 0 : SshRelayStream [TX: 0 TXA: 0 RX: 0 AQ: 0]: Disconnecting, preparing to reconnect
Google.Solutions.Compute Verbose: 0 : SshRelayStream [TX: 0 TXA: 0 RX: 0 AQ: 0]: Disconnecting, preparing to reconnect
Google.Solutions.Compute Verbose: 0 : SshRelayStream [TX: 0 TXA: 0 RX: 0 AQ: 0]: Disconnecting, preparing to reconnect
Google.Solutions.Compute Verbose: 0 : SshRelayStream [TX: 0 TXA: 0 RX: 0 AQ: 0]: Disconnecting, preparing to reconnect
Google.Solutions.Compute Verbose: 0 : SshRelayStream [TX: 0 TXA: 0 RX: 0 AQ: 0]: Disconnecting, preparing to reconnect
Google.Solutions.Compute Verbose: 0 : SshRelayStream [TX: 0 TXA: 0 RX: 0 AQ: 0]: Disonnected.
Google.Solutions.Compute Verbose: 0 : SshRelayStream [TX: 0 TXA: 0 RX: 0 AQ: 0]: Disonnected.
Google.Solutions.Compute Verbose: 0 : SshRelayStream [TX: 0 TXA: 0 RX: 0 AQ: 0]: Disonnected.
Google.Solutions.Compute Verbose: 0 : SshRelayStream [TX: 0 TXA: 0 RX: 0 AQ: 0]: Disonnected.
Google.Solutions.Compute Verbose: 0 : SshRelayStream [TX: 0 TXA: 0 RX: 0 AQ: 0]: Disonnected.
Google.Solutions.Compute Verbose: 0 : SshRelayStream [TX: 0 TXA: 0 RX: 0 AQ: 0]: Disonnected.
Google.Solutions.Compute Verbose: 0 : SshRelayStream [TX: 0 TXA: 0 RX: 0 AQ: 0]: Disonnected.
Google.Solutions.Compute Verbose: 0 : SshRelayStream [TX: 0 TXA: 0 RX: 0 AQ: 0]: Disonnected.
Google.Solutions.Compute Verbose: 0 : SshRelayStream [TX: 0 TXA: 0 RX: 0 AQ: 0]: Connecting...
Google.Solutions.Compute Verbose: 0 : SshRelayStream [TX: 0 TXA: 0 RX: 0 AQ: 0]: Connecting...
Google.Solutions.Compute Verbose: 0 : SshRelayStream [TX: 0 TXA: 0 RX: 0 AQ: 0]: Connecting...
Google.Solutions.Compute Verbose: 0 : SshRelayStream [TX: 0 TXA: 0 RX: 0 AQ: 0]: Connecting...
Google.Solutions.Compute Verbose: 0 : SshRelayStream [TX: 0 TXA: 0 RX: 0 AQ: 0]: Connecting...
Google.Solutions.Compute Verbose: 0 : SshRelayStream [TX: 0 TXA: 0 RX: 0 AQ: 0]: Connecting...
Google.Solutions.Compute Verbose: 0 : SshRelayStream [TX: 0 TXA: 0 RX: 0 AQ: 0]: Connecting...
Google.Solutions.Compute Verbose: 0 : SshRelayStream [TX: 0 TXA: 0 RX: 0 AQ: 0]: Connecting...
Google.Solutions.Compute Verbose: 0 : SshRelayStream [TX: 0 TXA: 0 RX: 0 AQ: 0]: Connected session &lt;\u0000&gt;
Google.Solutions.Compute Verbose: 0 : SshRelayStream [TX: 0 TXA: 0 RX: 0 AQ: 0]: Connected session &lt;\u0000&gt;
Google.Solutions.Compute Verbose: 0 : SshRelayStream [TX: 0 TXA: 0 RX: 0 AQ: 0]: Connected session &lt;\u0000&gt;
Google.Solutions.Compute Verbose: 0 : SshRelayStream [TX: 0 TXA: 0 RX: 0 AQ: 0]: Connected session &lt;\u0000&gt;
Google.Solutions.Compute Verbose: 0 : SshRelayStream [TX: 0 TXA: 0 RX: 0 AQ: 0]: Connected session &lt;\u0000&gt;
Google.Solutions.Compute Verbose: 0 : SshRelayStream [TX: 0 TXA: 0 RX: 0 AQ: 0]: Connected session &lt;\u0000&gt;
Google.Solutions.Compute Verbose: 0 : SshRelayStream [TX: 0 TXA: 0 RX: 0 AQ: 0]: Connected session &lt;\u0000&gt;
Google.Solutions.Compute Verbose: 0 : SshRelayStream [TX: 0 TXA: 0 RX: 0 AQ: 0]: Connected session &lt;\u0000&gt;
Google.Solutions.Compute Verbose: 0 : SshRelayStream [TX: 0 TXA: 0 RX: 0 AQ: 0]: Received data (2 bytes)
Google.Solutions.Compute Verbose: 0 : SshRelayStream [TX: 0 TXA: 0 RX: 0 AQ: 0]: Received data (2 bytes)
Google.Solutions.Compute Verbose: 0 : SshRelayStream [TX: 0 TXA: 0 RX: 0 AQ: 0]: Received data (2 bytes)
Google.Solutions.Compute Verbose: 0 : SshRelayStream [TX: 0 TXA: 0 RX: 0 AQ: 0]: Received data (2 bytes)
Google.Solutions.Compute Verbose: 0 : SshRelayStream [TX: 0 TXA: 0 RX: 0 AQ: 0]: Received data (2 bytes)
Google.Solutions.Compute Verbose: 0 : SshRelayStream [TX: 0 TXA: 0 RX: 0 AQ: 0]: Received data (2 bytes)
Google.Solutions.Compute Verbose: 0 : SshRelayStream [TX: 0 TXA: 0 RX: 0 AQ: 0]: Received data (2 bytes)
Google.Solutions.Compute Verbose: 0 : SshRelayStream [TX: 0 TXA: 0 RX: 0 AQ: 0]: Received data (2 bytes)
</system-out></testcase><testcase name="ReadAfterForcefulServerCloseCausesAnotherConnectIfNoDataReadBefore(ProtocolError)" assertions="3" time="0.000274" status="Passed" classname="Google.Solutions.Compute.Test.Iap.TestSshRelayStreamReading"><system-out>Google.Solutions.Compute Verbose: 0 : SshRelayStream [TX: 0 TXA: 0 RX: 0 AQ: 0]: Connecting...
Google.Solutions.Compute Verbose: 0 : SshRelayStream [TX: 0 TXA: 0 RX: 0 AQ: 0]: Connecting...
Google.Solutions.Compute Verbose: 0 : SshRelayStream [TX: 0 TXA: 0 RX: 0 AQ: 0]: Connecting...
Google.Solutions.Compute Verbose: 0 : SshRelayStream [TX: 0 TXA: 0 RX: 0 AQ: 0]: Connecting...
Google.Solutions.Compute Verbose: 0 : SshRelayStream [TX: 0 TXA: 0 RX: 0 AQ: 0]: Connecting...
Google.Solutions.Compute Verbose: 0 : SshRelayStream [TX: 0 TXA: 0 RX: 0 AQ: 0]: Connecting...
Google.Solutions.Compute Verbose: 0 : SshRelayStream [TX: 0 TXA: 0 RX: 0 AQ: 0]: Connecting...
Google.Solutions.Compute Verbose: 0 : SshRelayStream [TX: 0 TXA: 0 RX: 0 AQ: 0]: Connecting...
Google.Solutions.Compute Verbose: 0 : SshRelayStream [TX: 0 TXA: 0 RX: 0 AQ: 0]: Connecting...
Google.Solutions.Compute Verbose: 0 : SshRelayStream [TX: 0 TXA: 0 RX: 0 AQ: 0]: Connection closed abnormally: 1002
Google.Solutions.Compute Verbose: 0 : SshRelayStream [TX: 0 TXA: 0 RX: 0 AQ: 0]: Connection closed abnormally: 1002
Google.Solutions.Compute Verbose: 0 : SshRelayStream [TX: 0 TXA: 0 RX: 0 AQ: 0]: Connection closed abnormally: 1002
Google.Solutions.Compute Verbose: 0 : SshRelayStream [TX: 0 TXA: 0 RX: 0 AQ: 0]: Connection closed abnormally: 1002
Google.Solutions.Compute Verbose: 0 : SshRelayStream [TX: 0 TXA: 0 RX: 0 AQ: 0]: Connection closed abnormally: 1002
Google.Solutions.Compute Verbose: 0 : SshRelayStream [TX: 0 TXA: 0 RX: 0 AQ: 0]: Connection closed abnormally: 1002
Google.Solutions.Compute Verbose: 0 : SshRelayStream [TX: 0 TXA: 0 RX: 0 AQ: 0]: Connection closed abnormally: 1002
Google.Solutions.Compute Verbose: 0 : SshRelayStream [TX: 0 TXA: 0 RX: 0 AQ: 0]: Connection closed abnormally: 1002
Google.Solutions.Compute Verbose: 0 : SshRelayStream [TX: 0 TXA: 0 RX: 0 AQ: 0]: Connection closed abnormally: 1002
Google.Solutions.Compute Verbose: 0 : SshRelayStream [TX: 0 TXA: 0 RX: 0 AQ: 0]: Disconnecting, preparing to reconnect
Google.Solutions.Compute Verbose: 0 : SshRelayStream [TX: 0 TXA: 0 RX: 0 AQ: 0]: Disconnecting, preparing to reconnect
Google.Solutions.Compute Verbose: 0 : SshRelayStream [TX: 0 TXA: 0 RX: 0 AQ: 0]: Disconnecting, preparing to reconnect
Google.Solutions.Compute Verbose: 0 : SshRelayStream [TX: 0 TXA: 0 RX: 0 AQ: 0]: Disconnecting, preparing to reconnect
Google.Solutions.Compute Verbose: 0 : SshRelayStream [TX: 0 TXA: 0 RX: 0 AQ: 0]: Disconnecting, preparing to reconnect
Google.Solutions.Compute Verbose: 0 : SshRelayStream [TX: 0 TXA: 0 RX: 0 AQ: 0]: Disconnecting, preparing to reconnect
Google.Solutions.Compute Verbose: 0 : SshRelayStream [TX: 0 TXA: 0 RX: 0 AQ: 0]: Disconnecting, preparing to reconnect
Google.Solutions.Compute Verbose: 0 : SshRelayStream [TX: 0 TXA: 0 RX: 0 AQ: 0]: Disconnecting, preparing to reconnect
Google.Solutions.Compute Verbose: 0 : SshRelayStream [TX: 0 TXA: 0 RX: 0 AQ: 0]: Disconnecting, preparing to reconnect
Google.Solutions.Compute Verbose: 0 : SshRelayStream [TX: 0 TXA: 0 RX: 0 AQ: 0]: Disonnected.
Google.Solutions.Compute Verbose: 0 : SshRelayStream [TX: 0 TXA: 0 RX: 0 AQ: 0]: Disonnected.
Google.Solutions.Compute Verbose: 0 : SshRelayStream [TX: 0 TXA: 0 RX: 0 AQ: 0]: Disonnected.
Google.Solutions.Compute Verbose: 0 : SshRelayStream [TX: 0 TXA: 0 RX: 0 AQ: 0]: Disonnected.
Google.Solutions.Compute Verbose: 0 : SshRelayStream [TX: 0 TXA: 0 RX: 0 AQ: 0]: Disonnected.
Google.Solutions.Compute Verbose: 0 : SshRelayStream [TX: 0 TXA: 0 RX: 0 AQ: 0]: Disonnected.
Google.Solutions.Compute Verbose: 0 : SshRelayStream [TX: 0 TXA: 0 RX: 0 AQ: 0]: Disonnected.
Google.Solutions.Compute Verbose: 0 : SshRelayStream [TX: 0 TXA: 0 RX: 0 AQ: 0]: Disonnected.
Google.Solutions.Compute Verbose: 0 : SshRelayStream [TX: 0 TXA: 0 RX: 0 AQ: 0]: Disonnected.
Google.Solutions.Compute Verbose: 0 : SshRelayStream [TX: 0 TXA: 0 RX: 0 AQ: 0]: Connecting...
Google.Solutions.Compute Verbose: 0 : SshRelayStream [TX: 0 TXA: 0 RX: 0 AQ: 0]: Connecting...
Google.Solutions.Compute Verbose: 0 : SshRelayStream [TX: 0 TXA: 0 RX: 0 AQ: 0]: Connecting...
Google.Solutions.Compute Verbose: 0 : SshRelayStream [TX: 0 TXA: 0 RX: 0 AQ: 0]: Connecting...
Google.Solutions.Compute Verbose: 0 : SshRelayStream [TX: 0 TXA: 0 RX: 0 AQ: 0]: Connecting...
Google.Solutions.Compute Verbose: 0 : SshRelayStream [TX: 0 TXA: 0 RX: 0 AQ: 0]: Connecting...
Google.Solutions.Compute Verbose: 0 : SshRelayStream [TX: 0 TXA: 0 RX: 0 AQ: 0]: Connecting...
Google.Solutions.Compute Verbose: 0 : SshRelayStream [TX: 0 TXA: 0 RX: 0 AQ: 0]: Connecting...
Google.Solutions.Compute Verbose: 0 : SshRelayStream [TX: 0 TXA: 0 RX: 0 AQ: 0]: Connecting...
Google.Solutions.Compute Verbose: 0 : SshRelayStream [TX: 0 TXA: 0 RX: 0 AQ: 0]: Connected session &lt;\u0000&gt;
Google.Solutions.Compute Verbose: 0 : SshRelayStream [TX: 0 TXA: 0 RX: 0 AQ: 0]: Connected session &lt;\u0000&gt;
Google.Solutions.Compute Verbose: 0 : SshRelayStream [TX: 0 TXA: 0 RX: 0 AQ: 0]: Connected session &lt;\u0000&gt;
Google.Solutions.Compute Verbose: 0 : SshRelayStream [TX: 0 TXA: 0 RX: 0 AQ: 0]: Connected session &lt;\u0000&gt;
Google.Solutions.Compute Verbose: 0 : SshRelayStream [TX: 0 TXA: 0 RX: 0 AQ: 0]: Connected session &lt;\u0000&gt;
Google.Solutions.Compute Verbose: 0 : SshRelayStream [TX: 0 TXA: 0 RX: 0 AQ: 0]: Connected session &lt;\u0000&gt;
Google.Solutions.Compute Verbose: 0 : SshRelayStream [TX: 0 TXA: 0 RX: 0 AQ: 0]: Connected session &lt;\u0000&gt;
Google.Solutions.Compute Verbose: 0 : SshRelayStream [TX: 0 TXA: 0 RX: 0 AQ: 0]: Connected session &lt;\u0000&gt;
Google.Solutions.Compute Verbose: 0 : SshRelayStream [TX: 0 TXA: 0 RX: 0 AQ: 0]: Connected session &lt;\u0000&gt;
Google.Solutions.Compute Verbose: 0 : SshRelayStream [TX: 0 TXA: 0 RX: 0 AQ: 0]: Received data (2 bytes)
Google.Solutions.Compute Verbose: 0 : SshRelayStream [TX: 0 TXA: 0 RX: 0 AQ: 0]: Received data (2 bytes)
Google.Solutions.Compute Verbose: 0 : SshRelayStream [TX: 0 TXA: 0 RX: 0 AQ: 0]: Received data (2 bytes)
Google.Solutions.Compute Verbose: 0 : SshRelayStream [TX: 0 TXA: 0 RX: 0 AQ: 0]: Received data (2 bytes)
Google.Solutions.Compute Verbose: 0 : SshRelayStream [TX: 0 TXA: 0 RX: 0 AQ: 0]: Received data (2 bytes)
Google.Solutions.Compute Verbose: 0 : SshRelayStream [TX: 0 TXA: 0 RX: 0 AQ: 0]: Received data (2 bytes)
Google.Solutions.Compute Verbose: 0 : SshRelayStream [TX: 0 TXA: 0 RX: 0 AQ: 0]: Received data (2 bytes)
Google.Solutions.Compute Verbose: 0 : SshRelayStream [TX: 0 TXA: 0 RX: 0 AQ: 0]: Received data (2 bytes)
Google.Solutions.Compute Verbose: 0 : SshRelayStream [TX: 0 TXA: 0 RX: 0 AQ: 0]: Received data (2 bytes)
</system-out></testcase><testcase name="ReadAfterForcefulServerCloseCausesAnotherConnectIfNoDataReadBefore(4005)" assertions="3" time="0.000455" status="Passed" classname="Google.Solutions.Compute.Test.Iap.TestSshRelayStreamReading"><system-out>Google.Solutions.Compute Verbose: 0 : SshRelayStream [TX: 0 TXA: 0 RX: 0 AQ: 0]: Connecting...
Google.Solutions.Compute Verbose: 0 : SshRelayStream [TX: 0 TXA: 0 RX: 0 AQ: 0]: Connecting...
Google.Solutions.Compute Verbose: 0 : SshRelayStream [TX: 0 TXA: 0 RX: 0 AQ: 0]: Connecting...
Google.Solutions.Compute Verbose: 0 : SshRelayStream [TX: 0 TXA: 0 RX: 0 AQ: 0]: Connecting...
Google.Solutions.Compute Verbose: 0 : SshRelayStream [TX: 0 TXA: 0 RX: 0 AQ: 0]: Connecting...
Google.Solutions.Compute Verbose: 0 : SshRelayStream [TX: 0 TXA: 0 RX: 0 AQ: 0]: Connecting...
Google.Solutions.Compute Verbose: 0 : SshRelayStream [TX: 0 TXA: 0 RX: 0 AQ: 0]: Connecting...
Google.Solutions.Compute Verbose: 0 : SshRelayStream [TX: 0 TXA: 0 RX: 0 AQ: 0]: Connecting...
Google.Solutions.Compute Verbose: 0 : SshRelayStream [TX: 0 TXA: 0 RX: 0 AQ: 0]: Connecting...
Google.Solutions.Compute Verbose: 0 : SshRelayStream [TX: 0 TXA: 0 RX: 0 AQ: 0]: Connecting...
Google.Solutions.Compute Verbose: 0 : SshRelayStream [TX: 0 TXA: 0 RX: 0 AQ: 0]: Connection closed abnormally: BAD_ACK
Google.Solutions.Compute Verbose: 0 : SshRelayStream [TX: 0 TXA: 0 RX: 0 AQ: 0]: Connection closed abnormally: BAD_ACK
Google.Solutions.Compute Verbose: 0 : SshRelayStream [TX: 0 TXA: 0 RX: 0 AQ: 0]: Connection closed abnormally: BAD_ACK
Google.Solutions.Compute Verbose: 0 : SshRelayStream [TX: 0 TXA: 0 RX: 0 AQ: 0]: Connection closed abnormally: BAD_ACK
Google.Solutions.Compute Verbose: 0 : SshRelayStream [TX: 0 TXA: 0 RX: 0 AQ: 0]: Connection closed abnormally: BAD_ACK
Google.Solutions.Compute Verbose: 0 : SshRelayStream [TX: 0 TXA: 0 RX: 0 AQ: 0]: Connection closed abnormally: BAD_ACK
Google.Solutions.Compute Verbose: 0 : SshRelayStream [TX: 0 TXA: 0 RX: 0 AQ: 0]: Connection closed abnormally: BAD_ACK
Google.Solutions.Compute Verbose: 0 : SshRelayStream [TX: 0 TXA: 0 RX: 0 AQ: 0]: Connection closed abnormally: BAD_ACK
Google.Solutions.Compute Verbose: 0 : SshRelayStream [TX: 0 TXA: 0 RX: 0 AQ: 0]: Connection closed abnormally: BAD_ACK
Google.Solutions.Compute Verbose: 0 : SshRelayStream [TX: 0 TXA: 0 RX: 0 AQ: 0]: Connection closed abnormally: BAD_ACK
Google.Solutions.Compute Verbose: 0 : SshRelayStream [TX: 0 TXA: 0 RX: 0 AQ: 0]: Disconnecting, preparing to reconnect
Google.Solutions.Compute Verbose: 0 : SshRelayStream [TX: 0 TXA: 0 RX: 0 AQ: 0]: Disconnecting, preparing to reconnect
Google.Solutions.Compute Verbose: 0 : SshRelayStream [TX: 0 TXA: 0 RX: 0 AQ: 0]: Disconnecting, preparing to reconnect
Google.Solutions.Compute Verbose: 0 : SshRelayStream [TX: 0 TXA: 0 RX: 0 AQ: 0]: Disconnecting, preparing to reconnect
Google.Solutions.Compute Verbose: 0 : SshRelayStream [TX: 0 TXA: 0 RX: 0 AQ: 0]: Disconnecting, preparing to reconnect
Google.Solutions.Compute Verbose: 0 : SshRelayStream [TX: 0 TXA: 0 RX: 0 AQ: 0]: Disconnecting, preparing to reconnect
Google.Solutions.Compute Verbose: 0 : SshRelayStream [TX: 0 TXA: 0 RX: 0 AQ: 0]: Disconnecting, preparing to reconnect
Google.Solutions.Compute Verbose: 0 : SshRelayStream [TX: 0 TXA: 0 RX: 0 AQ: 0]: Disconnecting, preparing to reconnect
Google.Solutions.Compute Verbose: 0 : SshRelayStream [TX: 0 TXA: 0 RX: 0 AQ: 0]: Disconnecting, preparing to reconnect
Google.Solutions.Compute Verbose: 0 : SshRelayStream [TX: 0 TXA: 0 RX: 0 AQ: 0]: Disconnecting, preparing to reconnect
Google.Solutions.Compute Verbose: 0 : SshRelayStream [TX: 0 TXA: 0 RX: 0 AQ: 0]: Disonnected.
Google.Solutions.Compute Verbose: 0 : SshRelayStream [TX: 0 TXA: 0 RX: 0 AQ: 0]: Disonnected.
Google.Solutions.Compute Verbose: 0 : SshRelayStream [TX: 0 TXA: 0 RX: 0 AQ: 0]: Disonnected.
Google.Solutions.Compute Verbose: 0 : SshRelayStream [TX: 0 TXA: 0 RX: 0 AQ: 0]: Disonnected.
Google.Solutions.Compute Verbose: 0 : SshRelayStream [TX: 0 TXA: 0 RX: 0 AQ: 0]: Disonnected.
Google.Solutions.Compute Verbose: 0 : SshRelayStream [TX: 0 TXA: 0 RX: 0 AQ: 0]: Disonnected.
Google.Solutions.Compute Verbose: 0 : SshRelayStream [TX: 0 TXA: 0 RX: 0 AQ: 0]: Disonnected.
Google.Solutions.Compute Verbose: 0 : SshRelayStream [TX: 0 TXA: 0 RX: 0 AQ: 0]: Disonnected.
Google.Solutions.Compute Verbose: 0 : SshRelayStream [TX: 0 TXA: 0 RX: 0 AQ: 0]: Disonnected.
Google.Solutions.Compute Verbose: 0 : SshRelayStream [TX: 0 TXA: 0 RX: 0 AQ: 0]: Disonnected.
Google.Solutions.Compute Verbose: 0 : SshRelayStream [TX: 0 TXA: 0 RX: 0 AQ: 0]: Connecting...
Google.Solutions.Compute Verbose: 0 : SshRelayStream [TX: 0 TXA: 0 RX: 0 AQ: 0]: Connecting...
Google.Solutions.Compute Verbose: 0 : SshRelayStream [TX: 0 TXA: 0 RX: 0 AQ: 0]: Connecting...
Google.Solutions.Compute Verbose: 0 : SshRelayStream [TX: 0 TXA: 0 RX: 0 AQ: 0]: Connecting...
Google.Solutions.Compute Verbose: 0 : SshRelayStream [TX: 0 TXA: 0 RX: 0 AQ: 0]: Connecting...
Google.Solutions.Compute Verbose: 0 : SshRelayStream [TX: 0 TXA: 0 RX: 0 AQ: 0]: Connecting...
Google.Solutions.Compute Verbose: 0 : SshRelayStream [TX: 0 TXA: 0 RX: 0 AQ: 0]: Connecting...
Google.Solutions.Compute Verbose: 0 : SshRelayStream [TX: 0 TXA: 0 RX: 0 AQ: 0]: Connecting...
Google.Solutions.Compute Verbose: 0 : SshRelayStream [TX: 0 TXA: 0 RX: 0 AQ: 0]: Connecting...
Google.Solutions.Compute Verbose: 0 : SshRelayStream [TX: 0 TXA: 0 RX: 0 AQ: 0]: Connecting...
Google.Solutions.Compute Verbose: 0 : SshRelayStream [TX: 0 TXA: 0 RX: 0 AQ: 0]: Connected session &lt;\u0000&gt;
Google.Solutions.Compute Verbose: 0 : SshRelayStream [TX: 0 TXA: 0 RX: 0 AQ: 0]: Connected session &lt;\u0000&gt;
Google.Solutions.Compute Verbose: 0 : SshRelayStream [TX: 0 TXA: 0 RX: 0 AQ: 0]: Connected session &lt;\u0000&gt;
Google.Solutions.Compute Verbose: 0 : SshRelayStream [TX: 0 TXA: 0 RX: 0 AQ: 0]: Connected session &lt;\u0000&gt;
Google.Solutions.Compute Verbose: 0 : SshRelayStream [TX: 0 TXA: 0 RX: 0 AQ: 0]: Connected session &lt;\u0000&gt;
Google.Solutions.Compute Verbose: 0 : SshRelayStream [TX: 0 TXA: 0 RX: 0 AQ: 0]: Connected session &lt;\u0000&gt;
Google.Solutions.Compute Verbose: 0 : SshRelayStream [TX: 0 TXA: 0 RX: 0 AQ: 0]: Connected session &lt;\u0000&gt;
Google.Solutions.Compute Verbose: 0 : SshRelayStream [TX: 0 TXA: 0 RX: 0 AQ: 0]: Connected session &lt;\u0000&gt;
Google.Solutions.Compute Verbose: 0 : SshRelayStream [TX: 0 TXA: 0 RX: 0 AQ: 0]: Connected session &lt;\u0000&gt;
Google.Solutions.Compute Verbose: 0 : SshRelayStream [TX: 0 TXA: 0 RX: 0 AQ: 0]: Connected session &lt;\u0000&gt;
Google.Solutions.Compute Verbose: 0 : SshRelayStream [TX: 0 TXA: 0 RX: 0 AQ: 0]: Received data (2 bytes)
Google.Solutions.Compute Verbose: 0 : SshRelayStream [TX: 0 TXA: 0 RX: 0 AQ: 0]: Received data (2 bytes)
Google.Solutions.Compute Verbose: 0 : SshRelayStream [TX: 0 TXA: 0 RX: 0 AQ: 0]: Received data (2 bytes)
Google.Solutions.Compute Verbose: 0 : SshRelayStream [TX: 0 TXA: 0 RX: 0 AQ: 0]: Received data (2 bytes)
Google.Solutions.Compute Verbose: 0 : SshRelayStream [TX: 0 TXA: 0 RX: 0 AQ: 0]: Received data (2 bytes)
Google.Solutions.Compute Verbose: 0 : SshRelayStream [TX: 0 TXA: 0 RX: 0 AQ: 0]: Received data (2 bytes)
Google.Solutions.Compute Verbose: 0 : SshRelayStream [TX: 0 TXA: 0 RX: 0 AQ: 0]: Received data (2 bytes)
Google.Solutions.Compute Verbose: 0 : SshRelayStream [TX: 0 TXA: 0 RX: 0 AQ: 0]: Received data (2 bytes)
Google.Solutions.Compute Verbose: 0 : SshRelayStream [TX: 0 TXA: 0 RX: 0 AQ: 0]: Received data (2 bytes)
Google.Solutions.Compute Verbose: 0 : SshRelayStream [TX: 0 TXA: 0 RX: 0 AQ: 0]: Received data (2 bytes)
</system-out></testcase><testcase name="ReadAfterForcefulServerCloseCausesAnotherConnectIfNoDataReadBefore(4000)" assertions="3" time="0.000292" status="Passed" classname="Google.Solutions.Compute.Test.Iap.TestSshRelayStreamReading"><system-out>Google.Solutions.Compute Verbose: 0 : SshRelayStream [TX: 0 TXA: 0 RX: 0 AQ: 0]: Connecting...
Google.Solutions.Compute Verbose: 0 : SshRelayStream [TX: 0 TXA: 0 RX: 0 AQ: 0]: Connecting...
Google.Solutions.Compute Verbose: 0 : SshRelayStream [TX: 0 TXA: 0 RX: 0 AQ: 0]: Connecting...
Google.Solutions.Compute Verbose: 0 : SshRelayStream [TX: 0 TXA: 0 RX: 0 AQ: 0]: Connecting...
Google.Solutions.Compute Verbose: 0 : SshRelayStream [TX: 0 TXA: 0 RX: 0 AQ: 0]: Connecting...
Google.Solutions.Compute Verbose: 0 : SshRelayStream [TX: 0 TXA: 0 RX: 0 AQ: 0]: Connecting...
Google.Solutions.Compute Verbose: 0 : SshRelayStream [TX: 0 TXA: 0 RX: 0 AQ: 0]: Connecting...
Google.Solutions.Compute Verbose: 0 : SshRelayStream [TX: 0 TXA: 0 RX: 0 AQ: 0]: Connecting...
Google.Solutions.Compute Verbose: 0 : SshRelayStream [TX: 0 TXA: 0 RX: 0 AQ: 0]: Connecting...
Google.Solutions.Compute Verbose: 0 : SshRelayStream [TX: 0 TXA: 0 RX: 0 AQ: 0]: Connecting...
Google.Solutions.Compute Verbose: 0 : SshRelayStream [TX: 0 TXA: 0 RX: 0 AQ: 0]: Connecting...
Google.Solutions.Compute Verbose: 0 : SshRelayStream [TX: 0 TXA: 0 RX: 0 AQ: 0]: Connection closed abnormally: ERROR_UNKNOWN
Google.Solutions.Compute Verbose: 0 : SshRelayStream [TX: 0 TXA: 0 RX: 0 AQ: 0]: Connection closed abnormally: ERROR_UNKNOWN
Google.Solutions.Compute Verbose: 0 : SshRelayStream [TX: 0 TXA: 0 RX: 0 AQ: 0]: Connection closed abnormally: ERROR_UNKNOWN
Google.Solutions.Compute Verbose: 0 : SshRelayStream [TX: 0 TXA: 0 RX: 0 AQ: 0]: Connection closed abnormally: ERROR_UNKNOWN
Google.Solutions.Compute Verbose: 0 : SshRelayStream [TX: 0 TXA: 0 RX: 0 AQ: 0]: Connection closed abnormally: ERROR_UNKNOWN
Google.Solutions.Compute Verbose: 0 : SshRelayStream [TX: 0 TXA: 0 RX: 0 AQ: 0]: Connection closed abnormally: ERROR_UNKNOWN
Google.Solutions.Compute Verbose: 0 : SshRelayStream [TX: 0 TXA: 0 RX: 0 AQ: 0]: Connection closed abnormally: ERROR_UNKNOWN
Google.Solutions.Compute Verbose: 0 : SshRelayStream [TX: 0 TXA: 0 RX: 0 AQ: 0]: Connection closed abnormally: ERROR_UNKNOWN
Google.Solutions.Compute Verbose: 0 : SshRelayStream [TX: 0 TXA: 0 RX: 0 AQ: 0]: Connection closed abnormally: ERROR_UNKNOWN
Google.Solutions.Compute Verbose: 0 : SshRelayStream [TX: 0 TXA: 0 RX: 0 AQ: 0]: Connection closed abnormally: ERROR_UNKNOWN
Google.Solutions.Compute Verbose: 0 : SshRelayStream [TX: 0 TXA: 0 RX: 0 AQ: 0]: Connection closed abnormally: ERROR_UNKNOWN
Google.Solutions.Compute Verbose: 0 : SshRelayStream [TX: 0 TXA: 0 RX: 0 AQ: 0]: Disconnecting, preparing to reconnect
Google.Solutions.Compute Verbose: 0 : SshRelayStream [TX: 0 TXA: 0 RX: 0 AQ: 0]: Disconnecting, preparing to reconnect
Google.Solutions.Compute Verbose: 0 : SshRelayStream [TX: 0 TXA: 0 RX: 0 AQ: 0]: Disconnecting, preparing to reconnect
Google.Solutions.Compute Verbose: 0 : SshRelayStream [TX: 0 TXA: 0 RX: 0 AQ: 0]: Disconnecting, preparing to reconnect
Google.Solutions.Compute Verbose: 0 : SshRelayStream [TX: 0 TXA: 0 RX: 0 AQ: 0]: Disconnecting, preparing to reconnect
Google.Solutions.Compute Verbose: 0 : SshRelayStream [TX: 0 TXA: 0 RX: 0 AQ: 0]: Disconnecting, preparing to reconnect
Google.Solutions.Compute Verbose: 0 : SshRelayStream [TX: 0 TXA: 0 RX: 0 AQ: 0]: Disconnecting, preparing to reconnect
Google.Solutions.Compute Verbose: 0 : SshRelayStream [TX: 0 TXA: 0 RX: 0 AQ: 0]: Disconnecting, preparing to reconnect
Google.Solutions.Compute Verbose: 0 : SshRelayStream [TX: 0 TXA: 0 RX: 0 AQ: 0]: Disconnecting, preparing to reconnect
Google.Solutions.Compute Verbose: 0 : SshRelayStream [TX: 0 TXA: 0 RX: 0 AQ: 0]: Disconnecting, preparing to reconnect
Google.Solutions.Compute Verbose: 0 : SshRelayStream [TX: 0 TXA: 0 RX: 0 AQ: 0]: Disconnecting, preparing to reconnect
Google.Solutions.Compute Verbose: 0 : SshRelayStream [TX: 0 TXA: 0 RX: 0 AQ: 0]: Disonnected.
Google.Solutions.Compute Verbose: 0 : SshRelayStream [TX: 0 TXA: 0 RX: 0 AQ: 0]: Disonnected.
Google.Solutions.Compute Verbose: 0 : SshRelayStream [TX: 0 TXA: 0 RX: 0 AQ: 0]: Disonnected.
Google.Solutions.Compute Verbose: 0 : SshRelayStream [TX: 0 TXA: 0 RX: 0 AQ: 0]: Disonnected.
Google.Solutions.Compute Verbose: 0 : SshRelayStream [TX: 0 TXA: 0 RX: 0 AQ: 0]: Disonnected.
Google.Solutions.Compute Verbose: 0 : SshRelayStream [TX: 0 TXA: 0 RX: 0 AQ: 0]: Disonnected.
Google.Solutions.Compute Verbose: 0 : SshRelayStream [TX: 0 TXA: 0 RX: 0 AQ: 0]: Disonnected.
Google.Solutions.Compute Verbose: 0 : SshRelayStream [TX: 0 TXA: 0 RX: 0 AQ: 0]: Disonnected.
Google.Solutions.Compute Verbose: 0 : SshRelayStream [TX: 0 TXA: 0 RX: 0 AQ: 0]: Disonnected.
Google.Solutions.Compute Verbose: 0 : SshRelayStream [TX: 0 TXA: 0 RX: 0 AQ: 0]: Disonnected.
Google.Solutions.Compute Verbose: 0 : SshRelayStream [TX: 0 TXA: 0 RX: 0 AQ: 0]: Disonnected.
Google.Solutions.Compute Verbose: 0 : SshRelayStream [TX: 0 TXA: 0 RX: 0 AQ: 0]: Connecting...
Google.Solutions.Compute Verbose: 0 : SshRelayStream [TX: 0 TXA: 0 RX: 0 AQ: 0]: Connecting...
Google.Solutions.Compute Verbose: 0 : SshRelayStream [TX: 0 TXA: 0 RX: 0 AQ: 0]: Connecting...
Google.Solutions.Compute Verbose: 0 : SshRelayStream [TX: 0 TXA: 0 RX: 0 AQ: 0]: Connecting...
Google.Solutions.Compute Verbose: 0 : SshRelayStream [TX: 0 TXA: 0 RX: 0 AQ: 0]: Connecting...
Google.Solutions.Compute Verbose: 0 : SshRelayStream [TX: 0 TXA: 0 RX: 0 AQ: 0]: Connecting...
Google.Solutions.Compute Verbose: 0 : SshRelayStream [TX: 0 TXA: 0 RX: 0 AQ: 0]: Connecting...
Google.Solutions.Compute Verbose: 0 : SshRelayStream [TX: 0 TXA: 0 RX: 0 AQ: 0]: Connecting...
Google.Solutions.Compute Verbose: 0 : SshRelayStream [TX: 0 TXA: 0 RX: 0 AQ: 0]: Connecting...
Google.Solutions.Compute Verbose: 0 : SshRelayStream [TX: 0 TXA: 0 RX: 0 AQ: 0]: Connecting...
Google.Solutions.Compute Verbose: 0 : SshRelayStream [TX: 0 TXA: 0 RX: 0 AQ: 0]: Connecting...
Google.Solutions.Compute Verbose: 0 : SshRelayStream [TX: 0 TXA: 0 RX: 0 AQ: 0]: Connected session &lt;\u0000&gt;
Google.Solutions.Compute Verbose: 0 : SshRelayStream [TX: 0 TXA: 0 RX: 0 AQ: 0]: Connected session &lt;\u0000&gt;
Google.Solutions.Compute Verbose: 0 : SshRelayStream [TX: 0 TXA: 0 RX: 0 AQ: 0]: Connected session &lt;\u0000&gt;
Google.Solutions.Compute Verbose: 0 : SshRelayStream [TX: 0 TXA: 0 RX: 0 AQ: 0]: Connected session &lt;\u0000&gt;
Google.Solutions.Compute Verbose: 0 : SshRelayStream [TX: 0 TXA: 0 RX: 0 AQ: 0]: Connected session &lt;\u0000&gt;
Google.Solutions.Compute Verbose: 0 : SshRelayStream [TX: 0 TXA: 0 RX: 0 AQ: 0]: Connected session &lt;\u0000&gt;
Google.Solutions.Compute Verbose: 0 : SshRelayStream [TX: 0 TXA: 0 RX: 0 AQ: 0]: Connected session &lt;\u0000&gt;
Google.Solutions.Compute Verbose: 0 : SshRelayStream [TX: 0 TXA: 0 RX: 0 AQ: 0]: Connected session &lt;\u0000&gt;
Google.Solutions.Compute Verbose: 0 : SshRelayStream [TX: 0 TXA: 0 RX: 0 AQ: 0]: Connected session &lt;\u0000&gt;
Google.Solutions.Compute Verbose: 0 : SshRelayStream [TX: 0 TXA: 0 RX: 0 AQ: 0]: Connected session &lt;\u0000&gt;
Google.Solutions.Compute Verbose: 0 : SshRelayStream [TX: 0 TXA: 0 RX: 0 AQ: 0]: Connected session &lt;\u0000&gt;
Google.Solutions.Compute Verbose: 0 : SshRelayStream [TX: 0 TXA: 0 RX: 0 AQ: 0]: Received data (2 bytes)
Google.Solutions.Compute Verbose: 0 : SshRelayStream [TX: 0 TXA: 0 RX: 0 AQ: 0]: Received data (2 bytes)
Google.Solutions.Compute Verbose: 0 : SshRelayStream [TX: 0 TXA: 0 RX: 0 AQ: 0]: Received data (2 bytes)
Google.Solutions.Compute Verbose: 0 : SshRelayStream [TX: 0 TXA: 0 RX: 0 AQ: 0]: Received data (2 bytes)
Google.Solutions.Compute Verbose: 0 : SshRelayStream [TX: 0 TXA: 0 RX: 0 AQ: 0]: Received data (2 bytes)
Google.Solutions.Compute Verbose: 0 : SshRelayStream [TX: 0 TXA: 0 RX: 0 AQ: 0]: Received data (2 bytes)
Google.Solutions.Compute Verbose: 0 : SshRelayStream [TX: 0 TXA: 0 RX: 0 AQ: 0]: Received data (2 bytes)
Google.Solutions.Compute Verbose: 0 : SshRelayStream [TX: 0 TXA: 0 RX: 0 AQ: 0]: Received data (2 bytes)
Google.Solutions.Compute Verbose: 0 : SshRelayStream [TX: 0 TXA: 0 RX: 0 AQ: 0]: Received data (2 bytes)
Google.Solutions.Compute Verbose: 0 : SshRelayStream [TX: 0 TXA: 0 RX: 0 AQ: 0]: Received data (2 bytes)
Google.Solutions.Compute Verbose: 0 : SshRelayStream [TX: 0 TXA: 0 RX: 0 AQ: 0]: Received data (2 bytes)
</system-out></testcase><testcase name="ReadAfterForcefulServerCloseCausesAnotherConnectIfNoDataReadBefore(4008)" assertions="3" time="0.000328" status="Passed" classname="Google.Solutions.Compute.Test.Iap.TestSshRelayStreamReading"><system-out>Google.Solutions.Compute Verbose: 0 : SshRelayStream [TX: 0 TXA: 0 RX: 0 AQ: 0]: Connecting...
Google.Solutions.Compute Verbose: 0 : SshRelayStream [TX: 0 TXA: 0 RX: 0 AQ: 0]: Connecting...
Google.Solutions.Compute Verbose: 0 : SshRelayStream [TX: 0 TXA: 0 RX: 0 AQ: 0]: Connecting...
Google.Solutions.Compute Verbose: 0 : SshRelayStream [TX: 0 TXA: 0 RX: 0 AQ: 0]: Connecting...
Google.Solutions.Compute Verbose: 0 : SshRelayStream [TX: 0 TXA: 0 RX: 0 AQ: 0]: Connecting...
Google.Solutions.Compute Verbose: 0 : SshRelayStream [TX: 0 TXA: 0 RX: 0 AQ: 0]: Connecting...
Google.Solutions.Compute Verbose: 0 : SshRelayStream [TX: 0 TXA: 0 RX: 0 AQ: 0]: Connecting...
Google.Solutions.Compute Verbose: 0 : SshRelayStream [TX: 0 TXA: 0 RX: 0 AQ: 0]: Connecting...
Google.Solutions.Compute Verbose: 0 : SshRelayStream [TX: 0 TXA: 0 RX: 0 AQ: 0]: Connecting...
Google.Solutions.Compute Verbose: 0 : SshRelayStream [TX: 0 TXA: 0 RX: 0 AQ: 0]: Connecting...
Google.Solutions.Compute Verbose: 0 : SshRelayStream [TX: 0 TXA: 0 RX: 0 AQ: 0]: Connecting...
Google.Solutions.Compute Verbose: 0 : SshRelayStream [TX: 0 TXA: 0 RX: 0 AQ: 0]: Connecting...
Google.Solutions.Compute Verbose: 0 : SshRelayStream [TX: 0 TXA: 0 RX: 0 AQ: 0]: Connection closed abnormally: INVALID_TAG
Google.Solutions.Compute Verbose: 0 : SshRelayStream [TX: 0 TXA: 0 RX: 0 AQ: 0]: Connection closed abnormally: INVALID_TAG
Google.Solutions.Compute Verbose: 0 : SshRelayStream [TX: 0 TXA: 0 RX: 0 AQ: 0]: Connection closed abnormally: INVALID_TAG
Google.Solutions.Compute Verbose: 0 : SshRelayStream [TX: 0 TXA: 0 RX: 0 AQ: 0]: Connection closed abnormally: INVALID_TAG
Google.Solutions.Compute Verbose: 0 : SshRelayStream [TX: 0 TXA: 0 RX: 0 AQ: 0]: Connection closed abnormally: INVALID_TAG
Google.Solutions.Compute Verbose: 0 : SshRelayStream [TX: 0 TXA: 0 RX: 0 AQ: 0]: Connection closed abnormally: INVALID_TAG
Google.Solutions.Compute Verbose: 0 : SshRelayStream [TX: 0 TXA: 0 RX: 0 AQ: 0]: Connection closed abnormally: INVALID_TAG
Google.Solutions.Compute Verbose: 0 : SshRelayStream [TX: 0 TXA: 0 RX: 0 AQ: 0]: Connection closed abnormally: INVALID_TAG
Google.Solutions.Compute Verbose: 0 : SshRelayStream [TX: 0 TXA: 0 RX: 0 AQ: 0]: Connection closed abnormally: INVALID_TAG
Google.Solutions.Compute Verbose: 0 : SshRelayStream [TX: 0 TXA: 0 RX: 0 AQ: 0]: Connection closed abnormally: INVALID_TAG
Google.Solutions.Compute Verbose: 0 : SshRelayStream [TX: 0 TXA: 0 RX: 0 AQ: 0]: Connection closed abnormally: INVALID_TAG
Google.Solutions.Compute Verbose: 0 : SshRelayStream [TX: 0 TXA: 0 RX: 0 AQ: 0]: Connection closed abnormally: INVALID_TAG
Google.Solutions.Compute Verbose: 0 : SshRelayStream [TX: 0 TXA: 0 RX: 0 AQ: 0]: Disconnecting, preparing to reconnect
Google.Solutions.Compute Verbose: 0 : SshRelayStream [TX: 0 TXA: 0 RX: 0 AQ: 0]: Disconnecting, preparing to reconnect
Google.Solutions.Compute Verbose: 0 : SshRelayStream [TX: 0 TXA: 0 RX: 0 AQ: 0]: Disconnecting, preparing to reconnect
Google.Solutions.Compute Verbose: 0 : SshRelayStream [TX: 0 TXA: 0 RX: 0 AQ: 0]: Disconnecting, preparing to reconnect
Google.Solutions.Compute Verbose: 0 : SshRelayStream [TX: 0 TXA: 0 RX: 0 AQ: 0]: Disconnecting, preparing to reconnect
Google.Solutions.Compute Verbose: 0 : SshRelayStream [TX: 0 TXA: 0 RX: 0 AQ: 0]: Disconnecting, preparing to reconnect
Google.Solutions.Compute Verbose: 0 : SshRelayStream [TX: 0 TXA: 0 RX: 0 AQ: 0]: Disconnecting, preparing to reconnect
Google.Solutions.Compute Verbose: 0 : SshRelayStream [TX: 0 TXA: 0 RX: 0 AQ: 0]: Disconnecting, preparing to reconnect
Google.Solutions.Compute Verbose: 0 : SshRelayStream [TX: 0 TXA: 0 RX: 0 AQ: 0]: Disconnecting, preparing to reconnect
Google.Solutions.Compute Verbose: 0 : SshRelayStream [TX: 0 TXA: 0 RX: 0 AQ: 0]: Disconnecting, preparing to reconnect
Google.Solutions.Compute Verbose: 0 : SshRelayStream [TX: 0 TXA: 0 RX: 0 AQ: 0]: Disconnecting, preparing to reconnect
Google.Solutions.Compute Verbose: 0 : SshRelayStream [TX: 0 TXA: 0 RX: 0 AQ: 0]: Disconnecting, preparing to reconnect
Google.Solutions.Compute Verbose: 0 : SshRelayStream [TX: 0 TXA: 0 RX: 0 AQ: 0]: Disonnected.
Google.Solutions.Compute Verbose: 0 : SshRelayStream [TX: 0 TXA: 0 RX: 0 AQ: 0]: Disonnected.
Google.Solutions.Compute Verbose: 0 : SshRelayStream [TX: 0 TXA: 0 RX: 0 AQ: 0]: Disonnected.
Google.Solutions.Compute Verbose: 0 : SshRelayStream [TX: 0 TXA: 0 RX: 0 AQ: 0]: Disonnected.
Google.Solutions.Compute Verbose: 0 : SshRelayStream [TX: 0 TXA: 0 RX: 0 AQ: 0]: Disonnected.
Google.Solutions.Compute Verbose: 0 : SshRelayStream [TX: 0 TXA: 0 RX: 0 AQ: 0]: Disonnected.
Google.Solutions.Compute Verbose: 0 : SshRelayStream [TX: 0 TXA: 0 RX: 0 AQ: 0]: Disonnected.
Google.Solutions.Compute Verbose: 0 : SshRelayStream [TX: 0 TXA: 0 RX: 0 AQ: 0]: Disonnected.
Google.Solutions.Compute Verbose: 0 : SshRelayStream [TX: 0 TXA: 0 RX: 0 AQ: 0]: Disonnected.
Google.Solutions.Compute Verbose: 0 : SshRelayStream [TX: 0 TXA: 0 RX: 0 AQ: 0]: Disonnected.
Google.Solutions.Compute Verbose: 0 : SshRelayStream [TX: 0 TXA: 0 RX: 0 AQ: 0]: Disonnected.
Google.Solutions.Compute Verbose: 0 : SshRelayStream [TX: 0 TXA: 0 RX: 0 AQ: 0]: Disonnected.
Google.Solutions.Compute Verbose: 0 : SshRelayStream [TX: 0 TXA: 0 RX: 0 AQ: 0]: Connecting...
Google.Solutions.Compute Verbose: 0 : SshRelayStream [TX: 0 TXA: 0 RX: 0 AQ: 0]: Connecting...
Google.Solutions.Compute Verbose: 0 : SshRelayStream [TX: 0 TXA: 0 RX: 0 AQ: 0]: Connecting...
Google.Solutions.Compute Verbose: 0 : SshRelayStream [TX: 0 TXA: 0 RX: 0 AQ: 0]: Connecting...
Google.Solutions.Compute Verbose: 0 : SshRelayStream [TX: 0 TXA: 0 RX: 0 AQ: 0]: Connecting...
Google.Solutions.Compute Verbose: 0 : SshRelayStream [TX: 0 TXA: 0 RX: 0 AQ: 0]: Connecting...
Google.Solutions.Compute Verbose: 0 : SshRelayStream [TX: 0 TXA: 0 RX: 0 AQ: 0]: Connecting...
Google.Solutions.Compute Verbose: 0 : SshRelayStream [TX: 0 TXA: 0 RX: 0 AQ: 0]: Connecting...
Google.Solutions.Compute Verbose: 0 : SshRelayStream [TX: 0 TXA: 0 RX: 0 AQ: 0]: Connecting...
Google.Solutions.Compute Verbose: 0 : SshRelayStream [TX: 0 TXA: 0 RX: 0 AQ: 0]: Connecting...
Google.Solutions.Compute Verbose: 0 : SshRelayStream [TX: 0 TXA: 0 RX: 0 AQ: 0]: Connecting...
Google.Solutions.Compute Verbose: 0 : SshRelayStream [TX: 0 TXA: 0 RX: 0 AQ: 0]: Connecting...
Google.Solutions.Compute Verbose: 0 : SshRelayStream [TX: 0 TXA: 0 RX: 0 AQ: 0]: Connected session &lt;\u0000&gt;
Google.Solutions.Compute Verbose: 0 : SshRelayStream [TX: 0 TXA: 0 RX: 0 AQ: 0]: Connected session &lt;\u0000&gt;
Google.Solutions.Compute Verbose: 0 : SshRelayStream [TX: 0 TXA: 0 RX: 0 AQ: 0]: Connected session &lt;\u0000&gt;
Google.Solutions.Compute Verbose: 0 : SshRelayStream [TX: 0 TXA: 0 RX: 0 AQ: 0]: Connected session &lt;\u0000&gt;
Google.Solutions.Compute Verbose: 0 : SshRelayStream [TX: 0 TXA: 0 RX: 0 AQ: 0]: Connected session &lt;\u0000&gt;
Google.Solutions.Compute Verbose: 0 : SshRelayStream [TX: 0 TXA: 0 RX: 0 AQ: 0]: Connected session &lt;\u0000&gt;
Google.Solutions.Compute Verbose: 0 : SshRelayStream [TX: 0 TXA: 0 RX: 0 AQ: 0]: Connected session &lt;\u0000&gt;
Google.Solutions.Compute Verbose: 0 : SshRelayStream [TX: 0 TXA: 0 RX: 0 AQ: 0]: Connected session &lt;\u0000&gt;
Google.Solutions.Compute Verbose: 0 : SshRelayStream [TX: 0 TXA: 0 RX: 0 AQ: 0]: Connected session &lt;\u0000&gt;
Google.Solutions.Compute Verbose: 0 : SshRelayStream [TX: 0 TXA: 0 RX: 0 AQ: 0]: Connected session &lt;\u0000&gt;
Google.Solutions.Compute Verbose: 0 : SshRelayStream [TX: 0 TXA: 0 RX: 0 AQ: 0]: Connected session &lt;\u0000&gt;
Google.Solutions.Compute Verbose: 0 : SshRelayStream [TX: 0 TXA: 0 RX: 0 AQ: 0]: Connected session &lt;\u0000&gt;
Google.Solutions.Compute Verbose: 0 : SshRelayStream [TX: 0 TXA: 0 RX: 0 AQ: 0]: Received data (2 bytes)
Google.Solutions.Compute Verbose: 0 : SshRelayStream [TX: 0 TXA: 0 RX: 0 AQ: 0]: Received data (2 bytes)
Google.Solutions.Compute Verbose: 0 : SshRelayStream [TX: 0 TXA: 0 RX: 0 AQ: 0]: Received data (2 bytes)
Google.Solutions.Compute Verbose: 0 : SshRelayStream [TX: 0 TXA: 0 RX: 0 AQ: 0]: Received data (2 bytes)
Google.Solutions.Compute Verbose: 0 : SshRelayStream [TX: 0 TXA: 0 RX: 0 AQ: 0]: Received data (2 bytes)
Google.Solutions.Compute Verbose: 0 : SshRelayStream [TX: 0 TXA: 0 RX: 0 AQ: 0]: Received data (2 bytes)
Google.Solutions.Compute Verbose: 0 : SshRelayStream [TX: 0 TXA: 0 RX: 0 AQ: 0]: Received data (2 bytes)
Google.Solutions.Compute Verbose: 0 : SshRelayStream [TX: 0 TXA: 0 RX: 0 AQ: 0]: Received data (2 bytes)
Google.Solutions.Compute Verbose: 0 : SshRelayStream [TX: 0 TXA: 0 RX: 0 AQ: 0]: Received data (2 bytes)
Google.Solutions.Compute Verbose: 0 : SshRelayStream [TX: 0 TXA: 0 RX: 0 AQ: 0]: Received data (2 bytes)
Google.Solutions.Compute Verbose: 0 : SshRelayStream [TX: 0 TXA: 0 RX: 0 AQ: 0]: Received data (2 bytes)
Google.Solutions.Compute Verbose: 0 : SshRelayStream [TX: 0 TXA: 0 RX: 0 AQ: 0]: Received data (2 bytes)
</system-out></testcase><testcase name="ReadAfterForcefulServerCloseCausesAnotherConnectIfNoDataReadBefore(4007)" assertions="3" time="0.000320" status="Passed" classname="Google.Solutions.Compute.Test.Iap.TestSshRelayStreamReading"><system-out>Google.Solutions.Compute Verbose: 0 : SshRelayStream [TX: 0 TXA: 0 RX: 0 AQ: 0]: Connecting...
Google.Solutions.Compute Verbose: 0 : SshRelayStream [TX: 0 TXA: 0 RX: 0 AQ: 0]: Connecting...
Google.Solutions.Compute Verbose: 0 : SshRelayStream [TX: 0 TXA: 0 RX: 0 AQ: 0]: Connecting...
Google.Solutions.Compute Verbose: 0 : SshRelayStream [TX: 0 TXA: 0 RX: 0 AQ: 0]: Connecting...
Google.Solutions.Compute Verbose: 0 : SshRelayStream [TX: 0 TXA: 0 RX: 0 AQ: 0]: Connecting...
Google.Solutions.Compute Verbose: 0 : SshRelayStream [TX: 0 TXA: 0 RX: 0 AQ: 0]: Connecting...
Google.Solutions.Compute Verbose: 0 : SshRelayStream [TX: 0 TXA: 0 RX: 0 AQ: 0]: Connecting...
Google.Solutions.Compute Verbose: 0 : SshRelayStream [TX: 0 TXA: 0 RX: 0 AQ: 0]: Connecting...
Google.Solutions.Compute Verbose: 0 : SshRelayStream [TX: 0 TXA: 0 RX: 0 AQ: 0]: Connecting...
Google.Solutions.Compute Verbose: 0 : SshRelayStream [TX: 0 TXA: 0 RX: 0 AQ: 0]: Connecting...
Google.Solutions.Compute Verbose: 0 : SshRelayStream [TX: 0 TXA: 0 RX: 0 AQ: 0]: Connecting...
Google.Solutions.Compute Verbose: 0 : SshRelayStream [TX: 0 TXA: 0 RX: 0 AQ: 0]: Connecting...
Google.Solutions.Compute Verbose: 0 : SshRelayStream [TX: 0 TXA: 0 RX: 0 AQ: 0]: Connecting...
Google.Solutions.Compute Verbose: 0 : SshRelayStream [TX: 0 TXA: 0 RX: 0 AQ: 0]: Connection closed abnormally: INVALID_WEBSOCKET_OPCODE
Google.Solutions.Compute Verbose: 0 : SshRelayStream [TX: 0 TXA: 0 RX: 0 AQ: 0]: Connection closed abnormally: INVALID_WEBSOCKET_OPCODE
Google.Solutions.Compute Verbose: 0 : SshRelayStream [TX: 0 TXA: 0 RX: 0 AQ: 0]: Connection closed abnormally: INVALID_WEBSOCKET_OPCODE
Google.Solutions.Compute Verbose: 0 : SshRelayStream [TX: 0 TXA: 0 RX: 0 AQ: 0]: Connection closed abnormally: INVALID_WEBSOCKET_OPCODE
Google.Solutions.Compute Verbose: 0 : SshRelayStream [TX: 0 TXA: 0 RX: 0 AQ: 0]: Connection closed abnormally: INVALID_WEBSOCKET_OPCODE
Google.Solutions.Compute Verbose: 0 : SshRelayStream [TX: 0 TXA: 0 RX: 0 AQ: 0]: Connection closed abnormally: INVALID_WEBSOCKET_OPCODE
Google.Solutions.Compute Verbose: 0 : SshRelayStream [TX: 0 TXA: 0 RX: 0 AQ: 0]: Connection closed abnormally: INVALID_WEBSOCKET_OPCODE
Google.Solutions.Compute Verbose: 0 : SshRelayStream [TX: 0 TXA: 0 RX: 0 AQ: 0]: Connection closed abnormally: INVALID_WEBSOCKET_OPCODE
Google.Solutions.Compute Verbose: 0 : SshRelayStream [TX: 0 TXA: 0 RX: 0 AQ: 0]: Connection closed abnormally: INVALID_WEBSOCKET_OPCODE
Google.Solutions.Compute Verbose: 0 : SshRelayStream [TX: 0 TXA: 0 RX: 0 AQ: 0]: Connection closed abnormally: INVALID_WEBSOCKET_OPCODE
Google.Solutions.Compute Verbose: 0 : SshRelayStream [TX: 0 TXA: 0 RX: 0 AQ: 0]: Connection closed abnormally: INVALID_WEBSOCKET_OPCODE
Google.Solutions.Compute Verbose: 0 : SshRelayStream [TX: 0 TXA: 0 RX: 0 AQ: 0]: Connection closed abnormally: INVALID_WEBSOCKET_OPCODE
Google.Solutions.Compute Verbose: 0 : SshRelayStream [TX: 0 TXA: 0 RX: 0 AQ: 0]: Connection closed abnormally: INVALID_WEBSOCKET_OPCODE
Google.Solutions.Compute Verbose: 0 : SshRelayStream [TX: 0 TXA: 0 RX: 0 AQ: 0]: Disconnecting, preparing to reconnect
Google.Solutions.Compute Verbose: 0 : SshRelayStream [TX: 0 TXA: 0 RX: 0 AQ: 0]: Disconnecting, preparing to reconnect
Google.Solutions.Compute Verbose: 0 : SshRelayStream [TX: 0 TXA: 0 RX: 0 AQ: 0]: Disconnecting, preparing to reconnect
Google.Solutions.Compute Verbose: 0 : SshRelayStream [TX: 0 TXA: 0 RX: 0 AQ: 0]: Disconnecting, preparing to reconnect
Google.Solutions.Compute Verbose: 0 : SshRelayStream [TX: 0 TXA: 0 RX: 0 AQ: 0]: Disconnecting, preparing to reconnect
Google.Solutions.Compute Verbose: 0 : SshRelayStream [TX: 0 TXA: 0 RX: 0 AQ: 0]: Disconnecting, preparing to reconnect
Google.Solutions.Compute Verbose: 0 : SshRelayStream [TX: 0 TXA: 0 RX: 0 AQ: 0]: Disconnecting, preparing to reconnect
Google.Solutions.Compute Verbose: 0 : SshRelayStream [TX: 0 TXA: 0 RX: 0 AQ: 0]: Disconnecting, preparing to reconnect
Google.Solutions.Compute Verbose: 0 : SshRelayStream [TX: 0 TXA: 0 RX: 0 AQ: 0]: Disconnecting, preparing to reconnect
Google.Solutions.Compute Verbose: 0 : SshRelayStream [TX: 0 TXA: 0 RX: 0 AQ: 0]: Disconnecting, preparing to reconnect
Google.Solutions.Compute Verbose: 0 : SshRelayStream [TX: 0 TXA: 0 RX: 0 AQ: 0]: Disconnecting, preparing to reconnect
Google.Solutions.Compute Verbose: 0 : SshRelayStream [TX: 0 TXA: 0 RX: 0 AQ: 0]: Disconnecting, preparing to reconnect
Google.Solutions.Compute Verbose: 0 : SshRelayStream [TX: 0 TXA: 0 RX: 0 AQ: 0]: Disconnecting, preparing to reconnect
Google.Solutions.Compute Verbose: 0 : SshRelayStream [TX: 0 TXA: 0 RX: 0 AQ: 0]: Disonnected.
Google.Solutions.Compute Verbose: 0 : SshRelayStream [TX: 0 TXA: 0 RX: 0 AQ: 0]: Disonnected.
Google.Solutions.Compute Verbose: 0 : SshRelayStream [TX: 0 TXA: 0 RX: 0 AQ: 0]: Disonnected.
Google.Solutions.Compute Verbose: 0 : SshRelayStream [TX: 0 TXA: 0 RX: 0 AQ: 0]: Disonnected.
Google.Solutions.Compute Verbose: 0 : SshRelayStream [TX: 0 TXA: 0 RX: 0 AQ: 0]: Disonnected.
Google.Solutions.Compute Verbose: 0 : SshRelayStream [TX: 0 TXA: 0 RX: 0 AQ: 0]: Disonnected.
Google.Solutions.Compute Verbose: 0 : SshRelayStream [TX: 0 TXA: 0 RX: 0 AQ: 0]: Disonnected.
Google.Solutions.Compute Verbose: 0 : SshRelayStream [TX: 0 TXA: 0 RX: 0 AQ: 0]: Disonnected.
Google.Solutions.Compute Verbose: 0 : SshRelayStream [TX: 0 TXA: 0 RX: 0 AQ: 0]: Disonnected.
Google.Solutions.Compute Verbose: 0 : SshRelayStream [TX: 0 TXA: 0 RX: 0 AQ: 0]: Disonnected.
Google.Solutions.Compute Verbose: 0 : SshRelayStream [TX: 0 TXA: 0 RX: 0 AQ: 0]: Disonnected.
Google.Solutions.Compute Verbose: 0 : SshRelayStream [TX: 0 TXA: 0 RX: 0 AQ: 0]: Disonnected.
Google.Solutions.Compute Verbose: 0 : SshRelayStream [TX: 0 TXA: 0 RX: 0 AQ: 0]: Disonnected.
Google.Solutions.Compute Verbose: 0 : SshRelayStream [TX: 0 TXA: 0 RX: 0 AQ: 0]: Connecting...
Google.Solutions.Compute Verbose: 0 : SshRelayStream [TX: 0 TXA: 0 RX: 0 AQ: 0]: Connecting...
Google.Solutions.Compute Verbose: 0 : SshRelayStream [TX: 0 TXA: 0 RX: 0 AQ: 0]: Connecting...
Google.Solutions.Compute Verbose: 0 : SshRelayStream [TX: 0 TXA: 0 RX: 0 AQ: 0]: Connecting...
Google.Solutions.Compute Verbose: 0 : SshRelayStream [TX: 0 TXA: 0 RX: 0 AQ: 0]: Connecting...
Google.Solutions.Compute Verbose: 0 : SshRelayStream [TX: 0 TXA: 0 RX: 0 AQ: 0]: Connecting...
Google.Solutions.Compute Verbose: 0 : SshRelayStream [TX: 0 TXA: 0 RX: 0 AQ: 0]: Connecting...
Google.Solutions.Compute Verbose: 0 : SshRelayStream [TX: 0 TXA: 0 RX: 0 AQ: 0]: Connecting...
Google.Solutions.Compute Verbose: 0 : SshRelayStream [TX: 0 TXA: 0 RX: 0 AQ: 0]: Connecting...
Google.Solutions.Compute Verbose: 0 : SshRelayStream [TX: 0 TXA: 0 RX: 0 AQ: 0]: Connecting...
Google.Solutions.Compute Verbose: 0 : SshRelayStream [TX: 0 TXA: 0 RX: 0 AQ: 0]: Connecting...
Google.Solutions.Compute Verbose: 0 : SshRelayStream [TX: 0 TXA: 0 RX: 0 AQ: 0]: Connecting...
Google.Solutions.Compute Verbose: 0 : SshRelayStream [TX: 0 TXA: 0 RX: 0 AQ: 0]: Connecting...
Google.Solutions.Compute Verbose: 0 : SshRelayStream [TX: 0 TXA: 0 RX: 0 AQ: 0]: Connected session &lt;\u0000&gt;
Google.Solutions.Compute Verbose: 0 : SshRelayStream [TX: 0 TXA: 0 RX: 0 AQ: 0]: Connected session &lt;\u0000&gt;
Google.Solutions.Compute Verbose: 0 : SshRelayStream [TX: 0 TXA: 0 RX: 0 AQ: 0]: Connected session &lt;\u0000&gt;
Google.Solutions.Compute Verbose: 0 : SshRelayStream [TX: 0 TXA: 0 RX: 0 AQ: 0]: Connected session &lt;\u0000&gt;
Google.Solutions.Compute Verbose: 0 : SshRelayStream [TX: 0 TXA: 0 RX: 0 AQ: 0]: Connected session &lt;\u0000&gt;
Google.Solutions.Compute Verbose: 0 : SshRelayStream [TX: 0 TXA: 0 RX: 0 AQ: 0]: Connected session &lt;\u0000&gt;
Google.Solutions.Compute Verbose: 0 : SshRelayStream [TX: 0 TXA: 0 RX: 0 AQ: 0]: Connected session &lt;\u0000&gt;
Google.Solutions.Compute Verbose: 0 : SshRelayStream [TX: 0 TXA: 0 RX: 0 AQ: 0]: Connected session &lt;\u0000&gt;
Google.Solutions.Compute Verbose: 0 : SshRelayStream [TX: 0 TXA: 0 RX: 0 AQ: 0]: Connected session &lt;\u0000&gt;
Google.Solutions.Compute Verbose: 0 : SshRelayStream [TX: 0 TXA: 0 RX: 0 AQ: 0]: Connected session &lt;\u0000&gt;
Google.Solutions.Compute Verbose: 0 : SshRelayStream [TX: 0 TXA: 0 RX: 0 AQ: 0]: Connected session &lt;\u0000&gt;
Google.Solutions.Compute Verbose: 0 : SshRelayStream [TX: 0 TXA: 0 RX: 0 AQ: 0]: Connected session &lt;\u0000&gt;
Google.Solutions.Compute Verbose: 0 : SshRelayStream [TX: 0 TXA: 0 RX: 0 AQ: 0]: Connected session &lt;\u0000&gt;
Google.Solutions.Compute Verbose: 0 : SshRelayStream [TX: 0 TXA: 0 RX: 0 AQ: 0]: Received data (2 bytes)
Google.Solutions.Compute Verbose: 0 : SshRelayStream [TX: 0 TXA: 0 RX: 0 AQ: 0]: Received data (2 bytes)
Google.Solutions.Compute Verbose: 0 : SshRelayStream [TX: 0 TXA: 0 RX: 0 AQ: 0]: Received data (2 bytes)
Google.Solutions.Compute Verbose: 0 : SshRelayStream [TX: 0 TXA: 0 RX: 0 AQ: 0]: Received data (2 bytes)
Google.Solutions.Compute Verbose: 0 : SshRelayStream [TX: 0 TXA: 0 RX: 0 AQ: 0]: Received data (2 bytes)
Google.Solutions.Compute Verbose: 0 : SshRelayStream [TX: 0 TXA: 0 RX: 0 AQ: 0]: Received data (2 bytes)
Google.Solutions.Compute Verbose: 0 : SshRelayStream [TX: 0 TXA: 0 RX: 0 AQ: 0]: Received data (2 bytes)
Google.Solutions.Compute Verbose: 0 : SshRelayStream [TX: 0 TXA: 0 RX: 0 AQ: 0]: Received data (2 bytes)
Google.Solutions.Compute Verbose: 0 : SshRelayStream [TX: 0 TXA: 0 RX: 0 AQ: 0]: Received data (2 bytes)
Google.Solutions.Compute Verbose: 0 : SshRelayStream [TX: 0 TXA: 0 RX: 0 AQ: 0]: Received data (2 bytes)
Google.Solutions.Compute Verbose: 0 : SshRelayStream [TX: 0 TXA: 0 RX: 0 AQ: 0]: Received data (2 bytes)
Google.Solutions.Compute Verbose: 0 : SshRelayStream [TX: 0 TXA: 0 RX: 0 AQ: 0]: Received data (2 bytes)
Google.Solutions.Compute Verbose: 0 : SshRelayStream [TX: 0 TXA: 0 RX: 0 AQ: 0]: Received data (2 bytes)
</system-out></testcase><testcase name="ReadAfterForcefulServerCloseCausesAnotherConnectIfNoDataReadBefore(4004)" assertions="3" time="0.000523" status="Passed" classname="Google.Solutions.Compute.Test.Iap.TestSshRelayStreamReading"><system-out>Google.Solutions.Compute Verbose: 0 : SshRelayStream [TX: 0 TXA: 0 RX: 0 AQ: 0]: Connecting...
Google.Solutions.Compute Verbose: 0 : SshRelayStream [TX: 0 TXA: 0 RX: 0 AQ: 0]: Connecting...
Google.Solutions.Compute Verbose: 0 : SshRelayStream [TX: 0 TXA: 0 RX: 0 AQ: 0]: Connecting...
Google.Solutions.Compute Verbose: 0 : SshRelayStream [TX: 0 TXA: 0 RX: 0 AQ: 0]: Connecting...
Google.Solutions.Compute Verbose: 0 : SshRelayStream [TX: 0 TXA: 0 RX: 0 AQ: 0]: Connecting...
Google.Solutions.Compute Verbose: 0 : SshRelayStream [TX: 0 TXA: 0 RX: 0 AQ: 0]: Connecting...
Google.Solutions.Compute Verbose: 0 : SshRelayStream [TX: 0 TXA: 0 RX: 0 AQ: 0]: Connecting...
Google.Solutions.Compute Verbose: 0 : SshRelayStream [TX: 0 TXA: 0 RX: 0 AQ: 0]: Connecting...
Google.Solutions.Compute Verbose: 0 : SshRelayStream [TX: 0 TXA: 0 RX: 0 AQ: 0]: Connecting...
Google.Solutions.Compute Verbose: 0 : SshRelayStream [TX: 0 TXA: 0 RX: 0 AQ: 0]: Connecting...
Google.Solutions.Compute Verbose: 0 : SshRelayStream [TX: 0 TXA: 0 RX: 0 AQ: 0]: Connecting...
Google.Solutions.Compute Verbose: 0 : SshRelayStream [TX: 0 TXA: 0 RX: 0 AQ: 0]: Connecting...
Google.Solutions.Compute Verbose: 0 : SshRelayStream [TX: 0 TXA: 0 RX: 0 AQ: 0]: Connecting...
Google.Solutions.Compute Verbose: 0 : SshRelayStream [TX: 0 TXA: 0 RX: 0 AQ: 0]: Connecting...
Google.Solutions.Compute Verbose: 0 : SshRelayStream [TX: 0 TXA: 0 RX: 0 AQ: 0]: Connection closed abnormally: REAUTHENTICATION_REQUIRED
Google.Solutions.Compute Verbose: 0 : SshRelayStream [TX: 0 TXA: 0 RX: 0 AQ: 0]: Connection closed abnormally: REAUTHENTICATION_REQUIRED
Google.Solutions.Compute Verbose: 0 : SshRelayStream [TX: 0 TXA: 0 RX: 0 AQ: 0]: Connection closed abnormally: REAUTHENTICATION_REQUIRED
Google.Solutions.Compute Verbose: 0 : SshRelayStream [TX: 0 TXA: 0 RX: 0 AQ: 0]: Connection closed abnormally: REAUTHENTICATION_REQUIRED
Google.Solutions.Compute Verbose: 0 : SshRelayStream [TX: 0 TXA: 0 RX: 0 AQ: 0]: Connection closed abnormally: REAUTHENTICATION_REQUIRED
Google.Solutions.Compute Verbose: 0 : SshRelayStream [TX: 0 TXA: 0 RX: 0 AQ: 0]: Connection closed abnormally: REAUTHENTICATION_REQUIRED
Google.Solutions.Compute Verbose: 0 : SshRelayStream [TX: 0 TXA: 0 RX: 0 AQ: 0]: Connection closed abnormally: REAUTHENTICATION_REQUIRED
Google.Solutions.Compute Verbose: 0 : SshRelayStream [TX: 0 TXA: 0 RX: 0 AQ: 0]: Connection closed abnormally: REAUTHENTICATION_REQUIRED
Google.Solutions.Compute Verbose: 0 : SshRelayStream [TX: 0 TXA: 0 RX: 0 AQ: 0]: Connection closed abnormally: REAUTHENTICATION_REQUIRED
Google.Solutions.Compute Verbose: 0 : SshRelayStream [TX: 0 TXA: 0 RX: 0 AQ: 0]: Connection closed abnormally: REAUTHENTICATION_REQUIRED
Google.Solutions.Compute Verbose: 0 : SshRelayStream [TX: 0 TXA: 0 RX: 0 AQ: 0]: Connection closed abnormally: REAUTHENTICATION_REQUIRED
Google.Solutions.Compute Verbose: 0 : SshRelayStream [TX: 0 TXA: 0 RX: 0 AQ: 0]: Connection closed abnormally: REAUTHENTICATION_REQUIRED
Google.Solutions.Compute Verbose: 0 : SshRelayStream [TX: 0 TXA: 0 RX: 0 AQ: 0]: Connection closed abnormally: REAUTHENTICATION_REQUIRED
Google.Solutions.Compute Verbose: 0 : SshRelayStream [TX: 0 TXA: 0 RX: 0 AQ: 0]: Connection closed abnormally: REAUTHENTICATION_REQUIRED
Google.Solutions.Compute Verbose: 0 : SshRelayStream [TX: 0 TXA: 0 RX: 0 AQ: 0]: Disconnecting, preparing to reconnect
Google.Solutions.Compute Verbose: 0 : SshRelayStream [TX: 0 TXA: 0 RX: 0 AQ: 0]: Disconnecting, preparing to reconnect
Google.Solutions.Compute Verbose: 0 : SshRelayStream [TX: 0 TXA: 0 RX: 0 AQ: 0]: Disconnecting, preparing to reconnect
Google.Solutions.Compute Verbose: 0 : SshRelayStream [TX: 0 TXA: 0 RX: 0 AQ: 0]: Disconnecting, preparing to reconnect
Google.Solutions.Compute Verbose: 0 : SshRelayStream [TX: 0 TXA: 0 RX: 0 AQ: 0]: Disconnecting, preparing to reconnect
Google.Solutions.Compute Verbose: 0 : SshRelayStream [TX: 0 TXA: 0 RX: 0 AQ: 0]: Disconnecting, preparing to reconnect
Google.Solutions.Compute Verbose: 0 : SshRelayStream [TX: 0 TXA: 0 RX: 0 AQ: 0]: Disconnecting, preparing to reconnect
Google.Solutions.Compute Verbose: 0 : SshRelayStream [TX: 0 TXA: 0 RX: 0 AQ: 0]: Disconnecting, preparing to reconnect
Google.Solutions.Compute Verbose: 0 : SshRelayStream [TX: 0 TXA: 0 RX: 0 AQ: 0]: Disconnecting, preparing to reconnect
Google.Solutions.Compute Verbose: 0 : SshRelayStream [TX: 0 TXA: 0 RX: 0 AQ: 0]: Disconnecting, preparing to reconnect
Google.Solutions.Compute Verbose: 0 : SshRelayStream [TX: 0 TXA: 0 RX: 0 AQ: 0]: Disconnecting, preparing to reconnect
Google.Solutions.Compute Verbose: 0 : SshRelayStream [TX: 0 TXA: 0 RX: 0 AQ: 0]: Disconnecting, preparing to reconnect
Google.Solutions.Compute Verbose: 0 : SshRelayStream [TX: 0 TXA: 0 RX: 0 AQ: 0]: Disconnecting, preparing to reconnect
Google.Solutions.Compute Verbose: 0 : SshRelayStream [TX: 0 TXA: 0 RX: 0 AQ: 0]: Disconnecting, preparing to reconnect
Google.Solutions.Compute Verbose: 0 : SshRelayStream [TX: 0 TXA: 0 RX: 0 AQ: 0]: Disonnected.
Google.Solutions.Compute Verbose: 0 : SshRelayStream [TX: 0 TXA: 0 RX: 0 AQ: 0]: Disonnected.
Google.Solutions.Compute Verbose: 0 : SshRelayStream [TX: 0 TXA: 0 RX: 0 AQ: 0]: Disonnected.
Google.Solutions.Compute Verbose: 0 : SshRelayStream [TX: 0 TXA: 0 RX: 0 AQ: 0]: Disonnected.
Google.Solutions.Compute Verbose: 0 : SshRelayStream [TX: 0 TXA: 0 RX: 0 AQ: 0]: Disonnected.
Google.Solutions.Compute Verbose: 0 : SshRelayStream [TX: 0 TXA: 0 RX: 0 AQ: 0]: Disonnected.
Google.Solutions.Compute Verbose: 0 : SshRelayStream [TX: 0 TXA: 0 RX: 0 AQ: 0]: Disonnected.
Google.Solutions.Compute Verbose: 0 : SshRelayStream [TX: 0 TXA: 0 RX: 0 AQ: 0]: Disonnected.
Google.Solutions.Compute Verbose: 0 : SshRelayStream [TX: 0 TXA: 0 RX: 0 AQ: 0]: Disonnected.
Google.Solutions.Compute Verbose: 0 : SshRelayStream [TX: 0 TXA: 0 RX: 0 AQ: 0]: Disonnected.
Google.Solutions.Compute Verbose: 0 : SshRelayStream [TX: 0 TXA: 0 RX: 0 AQ: 0]: Disonnected.
Google.Solutions.Compute Verbose: 0 : SshRelayStream [TX: 0 TXA: 0 RX: 0 AQ: 0]: Disonnected.
Google.Solutions.Compute Verbose: 0 : SshRelayStream [TX: 0 TXA: 0 RX: 0 AQ: 0]: Disonnected.
Google.Solutions.Compute Verbose: 0 : SshRelayStream [TX: 0 TXA: 0 RX: 0 AQ: 0]: Disonnected.
Google.Solutions.Compute Verbose: 0 : SshRelayStream [TX: 0 TXA: 0 RX: 0 AQ: 0]: Connecting...
Google.Solutions.Compute Verbose: 0 : SshRelayStream [TX: 0 TXA: 0 RX: 0 AQ: 0]: Connecting...
Google.Solutions.Compute Verbose: 0 : SshRelayStream [TX: 0 TXA: 0 RX: 0 AQ: 0]: Connecting...
Google.Solutions.Compute Verbose: 0 : SshRelayStream [TX: 0 TXA: 0 RX: 0 AQ: 0]: Connecting...
Google.Solutions.Compute Verbose: 0 : SshRelayStream [TX: 0 TXA: 0 RX: 0 AQ: 0]: Connecting...
Google.Solutions.Compute Verbose: 0 : SshRelayStream [TX: 0 TXA: 0 RX: 0 AQ: 0]: Connecting...
Google.Solutions.Compute Verbose: 0 : SshRelayStream [TX: 0 TXA: 0 RX: 0 AQ: 0]: Connecting...
Google.Solutions.Compute Verbose: 0 : SshRelayStream [TX: 0 TXA: 0 RX: 0 AQ: 0]: Connecting...
Google.Solutions.Compute Verbose: 0 : SshRelayStream [TX: 0 TXA: 0 RX: 0 AQ: 0]: Connecting...
Google.Solutions.Compute Verbose: 0 : SshRelayStream [TX: 0 TXA: 0 RX: 0 AQ: 0]: Connecting...
Google.Solutions.Compute Verbose: 0 : SshRelayStream [TX: 0 TXA: 0 RX: 0 AQ: 0]: Connecting...
Google.Solutions.Compute Verbose: 0 : SshRelayStream [TX: 0 TXA: 0 RX: 0 AQ: 0]: Connecting...
Google.Solutions.Compute Verbose: 0 : SshRelayStream [TX: 0 TXA: 0 RX: 0 AQ: 0]: Connecting...
Google.Solutions.Compute Verbose: 0 : SshRelayStream [TX: 0 TXA: 0 RX: 0 AQ: 0]: Connecting...
Google.Solutions.Compute Verbose: 0 : SshRelayStream [TX: 0 TXA: 0 RX: 0 AQ: 0]: Connected session &lt;\u0000&gt;
Google.Solutions.Compute Verbose: 0 : SshRelayStream [TX: 0 TXA: 0 RX: 0 AQ: 0]: Connected session &lt;\u0000&gt;
Google.Solutions.Compute Verbose: 0 : SshRelayStream [TX: 0 TXA: 0 RX: 0 AQ: 0]: Connected session &lt;\u0000&gt;
Google.Solutions.Compute Verbose: 0 : SshRelayStream [TX: 0 TXA: 0 RX: 0 AQ: 0]: Connected session &lt;\u0000&gt;
Google.Solutions.Compute Verbose: 0 : SshRelayStream [TX: 0 TXA: 0 RX: 0 AQ: 0]: Connected session &lt;\u0000&gt;
Google.Solutions.Compute Verbose: 0 : SshRelayStream [TX: 0 TXA: 0 RX: 0 AQ: 0]: Connected session &lt;\u0000&gt;
Google.Solutions.Compute Verbose: 0 : SshRelayStream [TX: 0 TXA: 0 RX: 0 AQ: 0]: Connected session &lt;\u0000&gt;
Google.Solutions.Compute Verbose: 0 : SshRelayStream [TX: 0 TXA: 0 RX: 0 AQ: 0]: Connected session &lt;\u0000&gt;
Google.Solutions.Compute Verbose: 0 : SshRelayStream [TX: 0 TXA: 0 RX: 0 AQ: 0]: Connected session &lt;\u0000&gt;
Google.Solutions.Compute Verbose: 0 : SshRelayStream [TX: 0 TXA: 0 RX: 0 AQ: 0]: Connected session &lt;\u0000&gt;
Google.Solutions.Compute Verbose: 0 : SshRelayStream [TX: 0 TXA: 0 RX: 0 AQ: 0]: Connected session &lt;\u0000&gt;
Google.Solutions.Compute Verbose: 0 : SshRelayStream [TX: 0 TXA: 0 RX: 0 AQ: 0]: Connected session &lt;\u0000&gt;
Google.Solutions.Compute Verbose: 0 : SshRelayStream [TX: 0 TXA: 0 RX: 0 AQ: 0]: Connected session &lt;\u0000&gt;
Google.Solutions.Compute Verbose: 0 : SshRelayStream [TX: 0 TXA: 0 RX: 0 AQ: 0]: Connected session &lt;\u0000&gt;
Google.Solutions.Compute Verbose: 0 : SshRelayStream [TX: 0 TXA: 0 RX: 0 AQ: 0]: Received data (2 bytes)
Google.Solutions.Compute Verbose: 0 : SshRelayStream [TX: 0 TXA: 0 RX: 0 AQ: 0]: Received data (2 bytes)
Google.Solutions.Compute Verbose: 0 : SshRelayStream [TX: 0 TXA: 0 RX: 0 AQ: 0]: Received data (2 bytes)
Google.Solutions.Compute Verbose: 0 : SshRelayStream [TX: 0 TXA: 0 RX: 0 AQ: 0]: Received data (2 bytes)
Google.Solutions.Compute Verbose: 0 : SshRelayStream [TX: 0 TXA: 0 RX: 0 AQ: 0]: Received data (2 bytes)
Google.Solutions.Compute Verbose: 0 : SshRelayStream [TX: 0 TXA: 0 RX: 0 AQ: 0]: Received data (2 bytes)
Google.Solutions.Compute Verbose: 0 : SshRelayStream [TX: 0 TXA: 0 RX: 0 AQ: 0]: Received data (2 bytes)
Google.Solutions.Compute Verbose: 0 : SshRelayStream [TX: 0 TXA: 0 RX: 0 AQ: 0]: Received data (2 bytes)
Google.Solutions.Compute Verbose: 0 : SshRelayStream [TX: 0 TXA: 0 RX: 0 AQ: 0]: Received data (2 bytes)
Google.Solutions.Compute Verbose: 0 : SshRelayStream [TX: 0 TXA: 0 RX: 0 AQ: 0]: Received data (2 bytes)
Google.Solutions.Compute Verbose: 0 : SshRelayStream [TX: 0 TXA: 0 RX: 0 AQ: 0]: Received data (2 bytes)
Google.Solutions.Compute Verbose: 0 : SshRelayStream [TX: 0 TXA: 0 RX: 0 AQ: 0]: Received data (2 bytes)
Google.Solutions.Compute Verbose: 0 : SshRelayStream [TX: 0 TXA: 0 RX: 0 AQ: 0]: Received data (2 bytes)
Google.Solutions.Compute Verbose: 0 : SshRelayStream [TX: 0 TXA: 0 RX: 0 AQ: 0]: Received data (2 bytes)
</system-out></testcase></testsuite><testsuite tests="8" time="0.007983" errors="0" failures="0" skipped="0" timestamp="2019-08-24 09:17:29Z" name="Google.Solutions.Compute.Test.dll.Google.Solutions.Compute.Test.Iap.TestSshRelayStreamReading.ReadAfterForcefulServerCloseCausesReconnectIfDataReadBefore."><testcase name="ReadAfterForcefulServerCloseCausesReconnectIfDataReadBefore(EndpointUnavailable)" assertions="4" time="0.003502" status="Passed" classname="Google.Solutions.Compute.Test.Iap.TestSshRelayStreamReading"><system-out>Google.Solutions.Compute Verbose: 0 : SshRelayStream [TX: 0 TXA: 0 RX: 0 AQ: 0]: Connecting...
Google.Solutions.Compute Verbose: 0 : SshRelayStream [TX: 0 TXA: 0 RX: 0 AQ: 0]: Connecting...
Google.Solutions.Compute Verbose: 0 : SshRelayStream [TX: 0 TXA: 0 RX: 0 AQ: 0]: Connecting...
Google.Solutions.Compute Verbose: 0 : SshRelayStream [TX: 0 TXA: 0 RX: 0 AQ: 0]: Connecting...
Google.Solutions.Compute Verbose: 0 : SshRelayStream [TX: 0 TXA: 0 RX: 0 AQ: 0]: Connecting...
Google.Solutions.Compute Verbose: 0 : SshRelayStream [TX: 0 TXA: 0 RX: 0 AQ: 0]: Connecting...
Google.Solutions.Compute Verbose: 0 : SshRelayStream [TX: 0 TXA: 0 RX: 0 AQ: 0]: Connecting...
Google.Solutions.Compute Verbose: 0 : SshRelayStream [TX: 0 TXA: 0 RX: 0 AQ: 0]: Connecting...
Google.Solutions.Compute Verbose: 0 : SshRelayStream [TX: 0 TXA: 0 RX: 0 AQ: 0]: Connecting...
Google.Solutions.Compute Verbose: 0 : SshRelayStream [TX: 0 TXA: 0 RX: 0 AQ: 0]: Connecting...
Google.Solutions.Compute Verbose: 0 : SshRelayStream [TX: 0 TXA: 0 RX: 0 AQ: 0]: Connecting...
Google.Solutions.Compute Verbose: 0 : SshRelayStream [TX: 0 TXA: 0 RX: 0 AQ: 0]: Connecting...
Google.Solutions.Compute Verbose: 0 : SshRelayStream [TX: 0 TXA: 0 RX: 0 AQ: 0]: Connecting...
Google.Solutions.Compute Verbose: 0 : SshRelayStream [TX: 0 TXA: 0 RX: 0 AQ: 0]: Connecting...
Google.Solutions.Compute Verbose: 0 : SshRelayStream [TX: 0 TXA: 0 RX: 0 AQ: 0]: Connecting...
Google.Solutions.Compute Verbose: 0 : SshRelayStream [TX: 0 TXA: 0 RX: 0 AQ: 0]: Connected session &lt;\u0000&gt;
Google.Solutions.Compute Verbose: 0 : SshRelayStream [TX: 0 TXA: 0 RX: 0 AQ: 0]: Connected session &lt;\u0000&gt;
Google.Solutions.Compute Verbose: 0 : SshRelayStream [TX: 0 TXA: 0 RX: 0 AQ: 0]: Connected session &lt;\u0000&gt;
Google.Solutions.Compute Verbose: 0 : SshRelayStream [TX: 0 TXA: 0 RX: 0 AQ: 0]: Connected session &lt;\u0000&gt;
Google.Solutions.Compute Verbose: 0 : SshRelayStream [TX: 0 TXA: 0 RX: 0 AQ: 0]: Connected session &lt;\u0000&gt;
Google.Solutions.Compute Verbose: 0 : SshRelayStream [TX: 0 TXA: 0 RX: 0 AQ: 0]: Connected session &lt;\u0000&gt;
Google.Solutions.Compute Verbose: 0 : SshRelayStream [TX: 0 TXA: 0 RX: 0 AQ: 0]: Connected session &lt;\u0000&gt;
Google.Solutions.Compute Verbose: 0 : SshRelayStream [TX: 0 TXA: 0 RX: 0 AQ: 0]: Connected session &lt;\u0000&gt;
Google.Solutions.Compute Verbose: 0 : SshRelayStream [TX: 0 TXA: 0 RX: 0 AQ: 0]: Connected session &lt;\u0000&gt;
Google.Solutions.Compute Verbose: 0 : SshRelayStream [TX: 0 TXA: 0 RX: 0 AQ: 0]: Connected session &lt;\u0000&gt;
Google.Solutions.Compute Verbose: 0 : SshRelayStream [TX: 0 TXA: 0 RX: 0 AQ: 0]: Connected session &lt;\u0000&gt;
Google.Solutions.Compute Verbose: 0 : SshRelayStream [TX: 0 TXA: 0 RX: 0 AQ: 0]: Connected session &lt;\u0000&gt;
Google.Solutions.Compute Verbose: 0 : SshRelayStream [TX: 0 TXA: 0 RX: 0 AQ: 0]: Connected session &lt;\u0000&gt;
Google.Solutions.Compute Verbose: 0 : SshRelayStream [TX: 0 TXA: 0 RX: 0 AQ: 0]: Connected session &lt;\u0000&gt;
Google.Solutions.Compute Verbose: 0 : SshRelayStream [TX: 0 TXA: 0 RX: 0 AQ: 0]: Connected session &lt;\u0000&gt;
Google.Solutions.Compute Verbose: 0 : SshRelayStream [TX: 0 TXA: 0 RX: 0 AQ: 0]: Received data (1 bytes)
Google.Solutions.Compute Verbose: 0 : SshRelayStream [TX: 0 TXA: 0 RX: 0 AQ: 0]: Received data (1 bytes)
Google.Solutions.Compute Verbose: 0 : SshRelayStream [TX: 0 TXA: 0 RX: 0 AQ: 0]: Received data (1 bytes)
Google.Solutions.Compute Verbose: 0 : SshRelayStream [TX: 0 TXA: 0 RX: 0 AQ: 0]: Received data (1 bytes)
Google.Solutions.Compute Verbose: 0 : SshRelayStream [TX: 0 TXA: 0 RX: 0 AQ: 0]: Received data (1 bytes)
Google.Solutions.Compute Verbose: 0 : SshRelayStream [TX: 0 TXA: 0 RX: 0 AQ: 0]: Received data (1 bytes)
Google.Solutions.Compute Verbose: 0 : SshRelayStream [TX: 0 TXA: 0 RX: 0 AQ: 0]: Received data (1 bytes)
Google.Solutions.Compute Verbose: 0 : SshRelayStream [TX: 0 TXA: 0 RX: 0 AQ: 0]: Received data (1 bytes)
Google.Solutions.Compute Verbose: 0 : SshRelayStream [TX: 0 TXA: 0 RX: 0 AQ: 0]: Received data (1 bytes)
Google.Solutions.Compute Verbose: 0 : SshRelayStream [TX: 0 TXA: 0 RX: 0 AQ: 0]: Received data (1 bytes)
Google.Solutions.Compute Verbose: 0 : SshRelayStream [TX: 0 TXA: 0 RX: 0 AQ: 0]: Received data (1 bytes)
Google.Solutions.Compute Verbose: 0 : SshRelayStream [TX: 0 TXA: 0 RX: 0 AQ: 0]: Received data (1 bytes)
Google.Solutions.Compute Verbose: 0 : SshRelayStream [TX: 0 TXA: 0 RX: 0 AQ: 0]: Received data (1 bytes)
Google.Solutions.Compute Verbose: 0 : SshRelayStream [TX: 0 TXA: 0 RX: 0 AQ: 0]: Received data (1 bytes)
Google.Solutions.Compute Verbose: 0 : SshRelayStream [TX: 0 TXA: 0 RX: 0 AQ: 0]: Received data (1 bytes)
Google.Solutions.Compute Verbose: 0 : SshRelayStream [TX: 0 TXA: 0 RX: 1 AQ: 0]: Connection closed abnormally: 1001
Google.Solutions.Compute Verbose: 0 : SshRelayStream [TX: 0 TXA: 0 RX: 1 AQ: 0]: Connection closed abnormally: 1001
Google.Solutions.Compute Verbose: 0 : SshRelayStream [TX: 0 TXA: 0 RX: 1 AQ: 0]: Connection closed abnormally: 1001
Google.Solutions.Compute Verbose: 0 : SshRelayStream [TX: 0 TXA: 0 RX: 1 AQ: 0]: Connection closed abnormally: 1001
Google.Solutions.Compute Verbose: 0 : SshRelayStream [TX: 0 TXA: 0 RX: 1 AQ: 0]: Connection closed abnormally: 1001
Google.Solutions.Compute Verbose: 0 : SshRelayStream [TX: 0 TXA: 0 RX: 1 AQ: 0]: Connection closed abnormally: 1001
Google.Solutions.Compute Verbose: 0 : SshRelayStream [TX: 0 TXA: 0 RX: 1 AQ: 0]: Connection closed abnormally: 1001
Google.Solutions.Compute Verbose: 0 : SshRelayStream [TX: 0 TXA: 0 RX: 1 AQ: 0]: Connection closed abnormally: 1001
Google.Solutions.Compute Verbose: 0 : SshRelayStream [TX: 0 TXA: 0 RX: 1 AQ: 0]: Connection closed abnormally: 1001
Google.Solutions.Compute Verbose: 0 : SshRelayStream [TX: 0 TXA: 0 RX: 1 AQ: 0]: Connection closed abnormally: 1001
Google.Solutions.Compute Verbose: 0 : SshRelayStream [TX: 0 TXA: 0 RX: 1 AQ: 0]: Connection closed abnormally: 1001
Google.Solutions.Compute Verbose: 0 : SshRelayStream [TX: 0 TXA: 0 RX: 1 AQ: 0]: Connection closed abnormally: 1001
Google.Solutions.Compute Verbose: 0 : SshRelayStream [TX: 0 TXA: 0 RX: 1 AQ: 0]: Connection closed abnormally: 1001
Google.Solutions.Compute Verbose: 0 : SshRelayStream [TX: 0 TXA: 0 RX: 1 AQ: 0]: Connection closed abnormally: 1001
Google.Solutions.Compute Verbose: 0 : SshRelayStream [TX: 0 TXA: 0 RX: 1 AQ: 0]: Connection closed abnormally: 1001
Google.Solutions.Compute Verbose: 0 : SshRelayStream [TX: 0 TXA: 0 RX: 1 AQ: 0]: Disconnecting, preparing to reconnect
Google.Solutions.Compute Verbose: 0 : SshRelayStream [TX: 0 TXA: 0 RX: 1 AQ: 0]: Disconnecting, preparing to reconnect
Google.Solutions.Compute Verbose: 0 : SshRelayStream [TX: 0 TXA: 0 RX: 1 AQ: 0]: Disconnecting, preparing to reconnect
Google.Solutions.Compute Verbose: 0 : SshRelayStream [TX: 0 TXA: 0 RX: 1 AQ: 0]: Disconnecting, preparing to reconnect
Google.Solutions.Compute Verbose: 0 : SshRelayStream [TX: 0 TXA: 0 RX: 1 AQ: 0]: Disconnecting, preparing to reconnect
Google.Solutions.Compute Verbose: 0 : SshRelayStream [TX: 0 TXA: 0 RX: 1 AQ: 0]: Disconnecting, preparing to reconnect
Google.Solutions.Compute Verbose: 0 : SshRelayStream [TX: 0 TXA: 0 RX: 1 AQ: 0]: Disconnecting, preparing to reconnect
Google.Solutions.Compute Verbose: 0 : SshRelayStream [TX: 0 TXA: 0 RX: 1 AQ: 0]: Disconnecting, preparing to reconnect
Google.Solutions.Compute Verbose: 0 : SshRelayStream [TX: 0 TXA: 0 RX: 1 AQ: 0]: Disconnecting, preparing to reconnect
Google.Solutions.Compute Verbose: 0 : SshRelayStream [TX: 0 TXA: 0 RX: 1 AQ: 0]: Disconnecting, preparing to reconnect
Google.Solutions.Compute Verbose: 0 : SshRelayStream [TX: 0 TXA: 0 RX: 1 AQ: 0]: Disconnecting, preparing to reconnect
Google.Solutions.Compute Verbose: 0 : SshRelayStream [TX: 0 TXA: 0 RX: 1 AQ: 0]: Disconnecting, preparing to reconnect
Google.Solutions.Compute Verbose: 0 : SshRelayStream [TX: 0 TXA: 0 RX: 1 AQ: 0]: Disconnecting, preparing to reconnect
Google.Solutions.Compute Verbose: 0 : SshRelayStream [TX: 0 TXA: 0 RX: 1 AQ: 0]: Disconnecting, preparing to reconnect
Google.Solutions.Compute Verbose: 0 : SshRelayStream [TX: 0 TXA: 0 RX: 1 AQ: 0]: Disconnecting, preparing to reconnect
Google.Solutions.Compute Verbose: 0 : SshRelayStream [TX: 0 TXA: 0 RX: 1 AQ: 0]: Disonnected.
Google.Solutions.Compute Verbose: 0 : SshRelayStream [TX: 0 TXA: 0 RX: 1 AQ: 0]: Disonnected.
Google.Solutions.Compute Verbose: 0 : SshRelayStream [TX: 0 TXA: 0 RX: 1 AQ: 0]: Disonnected.
Google.Solutions.Compute Verbose: 0 : SshRelayStream [TX: 0 TXA: 0 RX: 1 AQ: 0]: Disonnected.
Google.Solutions.Compute Verbose: 0 : SshRelayStream [TX: 0 TXA: 0 RX: 1 AQ: 0]: Disonnected.
Google.Solutions.Compute Verbose: 0 : SshRelayStream [TX: 0 TXA: 0 RX: 1 AQ: 0]: Disonnected.
Google.Solutions.Compute Verbose: 0 : SshRelayStream [TX: 0 TXA: 0 RX: 1 AQ: 0]: Disonnected.
Google.Solutions.Compute Verbose: 0 : SshRelayStream [TX: 0 TXA: 0 RX: 1 AQ: 0]: Disonnected.
Google.Solutions.Compute Verbose: 0 : SshRelayStream [TX: 0 TXA: 0 RX: 1 AQ: 0]: Disonnected.
Google.Solutions.Compute Verbose: 0 : SshRelayStream [TX: 0 TXA: 0 RX: 1 AQ: 0]: Disonnected.
Google.Solutions.Compute Verbose: 0 : SshRelayStream [TX: 0 TXA: 0 RX: 1 AQ: 0]: Disonnected.
Google.Solutions.Compute Verbose: 0 : SshRelayStream [TX: 0 TXA: 0 RX: 1 AQ: 0]: Disonnected.
Google.Solutions.Compute Verbose: 0 : SshRelayStream [TX: 0 TXA: 0 RX: 1 AQ: 0]: Disonnected.
Google.Solutions.Compute Verbose: 0 : SshRelayStream [TX: 0 TXA: 0 RX: 1 AQ: 0]: Disonnected.
Google.Solutions.Compute Verbose: 0 : SshRelayStream [TX: 0 TXA: 0 RX: 1 AQ: 0]: Disonnected.
Google.Solutions.Compute Verbose: 0 : SshRelayStream [TX: 0 TXA: 0 RX: 1 AQ: 0]: Reconnecting...
Google.Solutions.Compute Verbose: 0 : SshRelayStream [TX: 0 TXA: 0 RX: 1 AQ: 0]: Reconnecting...
Google.Solutions.Compute Verbose: 0 : SshRelayStream [TX: 0 TXA: 0 RX: 1 AQ: 0]: Reconnecting...
Google.Solutions.Compute Verbose: 0 : SshRelayStream [TX: 0 TXA: 0 RX: 1 AQ: 0]: Reconnecting...
Google.Solutions.Compute Verbose: 0 : SshRelayStream [TX: 0 TXA: 0 RX: 1 AQ: 0]: Reconnecting...
Google.Solutions.Compute Verbose: 0 : SshRelayStream [TX: 0 TXA: 0 RX: 1 AQ: 0]: Reconnecting...
Google.Solutions.Compute Verbose: 0 : SshRelayStream [TX: 0 TXA: 0 RX: 1 AQ: 0]: Reconnecting...
Google.Solutions.Compute Verbose: 0 : SshRelayStream [TX: 0 TXA: 0 RX: 1 AQ: 0]: Reconnecting...
Google.Solutions.Compute Verbose: 0 : SshRelayStream [TX: 0 TXA: 0 RX: 1 AQ: 0]: Reconnecting...
Google.Solutions.Compute Verbose: 0 : SshRelayStream [TX: 0 TXA: 0 RX: 1 AQ: 0]: Reconnecting...
Google.Solutions.Compute Verbose: 0 : SshRelayStream [TX: 0 TXA: 0 RX: 1 AQ: 0]: Reconnecting...
Google.Solutions.Compute Verbose: 0 : SshRelayStream [TX: 0 TXA: 0 RX: 1 AQ: 0]: Reconnecting...
Google.Solutions.Compute Verbose: 0 : SshRelayStream [TX: 0 TXA: 0 RX: 1 AQ: 0]: Reconnecting...
Google.Solutions.Compute Verbose: 0 : SshRelayStream [TX: 0 TXA: 0 RX: 1 AQ: 0]: Reconnecting...
Google.Solutions.Compute Verbose: 0 : SshRelayStream [TX: 0 TXA: 0 RX: 1 AQ: 0]: Reconnecting...
Google.Solutions.Compute Verbose: 0 : SshRelayStream [TX: 0 TXA: 0 RX: 1 AQ: 0]: Connected session &lt;\u0000&gt;
Google.Solutions.Compute Verbose: 0 : SshRelayStream [TX: 0 TXA: 0 RX: 1 AQ: 0]: Connected session &lt;\u0000&gt;
Google.Solutions.Compute Verbose: 0 : SshRelayStream [TX: 0 TXA: 0 RX: 1 AQ: 0]: Connected session &lt;\u0000&gt;
Google.Solutions.Compute Verbose: 0 : SshRelayStream [TX: 0 TXA: 0 RX: 1 AQ: 0]: Connected session &lt;\u0000&gt;
Google.Solutions.Compute Verbose: 0 : SshRelayStream [TX: 0 TXA: 0 RX: 1 AQ: 0]: Connected session &lt;\u0000&gt;
Google.Solutions.Compute Verbose: 0 : SshRelayStream [TX: 0 TXA: 0 RX: 1 AQ: 0]: Connected session &lt;\u0000&gt;
Google.Solutions.Compute Verbose: 0 : SshRelayStream [TX: 0 TXA: 0 RX: 1 AQ: 0]: Connected session &lt;\u0000&gt;
Google.Solutions.Compute Verbose: 0 : SshRelayStream [TX: 0 TXA: 0 RX: 1 AQ: 0]: Connected session &lt;\u0000&gt;
Google.Solutions.Compute Verbose: 0 : SshRelayStream [TX: 0 TXA: 0 RX: 1 AQ: 0]: Connected session &lt;\u0000&gt;
Google.Solutions.Compute Verbose: 0 : SshRelayStream [TX: 0 TXA: 0 RX: 1 AQ: 0]: Connected session &lt;\u0000&gt;
Google.Solutions.Compute Verbose: 0 : SshRelayStream [TX: 0 TXA: 0 RX: 1 AQ: 0]: Connected session &lt;\u0000&gt;
Google.Solutions.Compute Verbose: 0 : SshRelayStream [TX: 0 TXA: 0 RX: 1 AQ: 0]: Connected session &lt;\u0000&gt;
Google.Solutions.Compute Verbose: 0 : SshRelayStream [TX: 0 TXA: 0 RX: 1 AQ: 0]: Connected session &lt;\u0000&gt;
Google.Solutions.Compute Verbose: 0 : SshRelayStream [TX: 0 TXA: 0 RX: 1 AQ: 0]: Connected session &lt;\u0000&gt;
Google.Solutions.Compute Verbose: 0 : SshRelayStream [TX: 0 TXA: 0 RX: 1 AQ: 0]: Connected session &lt;\u0000&gt;
Google.Solutions.Compute Verbose: 0 : SshRelayStream [TX: 0 TXA: 0 RX: 1 AQ: 0]: Received data (2 bytes)
Google.Solutions.Compute Verbose: 0 : SshRelayStream [TX: 0 TXA: 0 RX: 1 AQ: 0]: Received data (2 bytes)
Google.Solutions.Compute Verbose: 0 : SshRelayStream [TX: 0 TXA: 0 RX: 1 AQ: 0]: Received data (2 bytes)
Google.Solutions.Compute Verbose: 0 : SshRelayStream [TX: 0 TXA: 0 RX: 1 AQ: 0]: Received data (2 bytes)
Google.Solutions.Compute Verbose: 0 : SshRelayStream [TX: 0 TXA: 0 RX: 1 AQ: 0]: Received data (2 bytes)
Google.Solutions.Compute Verbose: 0 : SshRelayStream [TX: 0 TXA: 0 RX: 1 AQ: 0]: Received data (2 bytes)
Google.Solutions.Compute Verbose: 0 : SshRelayStream [TX: 0 TXA: 0 RX: 1 AQ: 0]: Received data (2 bytes)
Google.Solutions.Compute Verbose: 0 : SshRelayStream [TX: 0 TXA: 0 RX: 1 AQ: 0]: Received data (2 bytes)
Google.Solutions.Compute Verbose: 0 : SshRelayStream [TX: 0 TXA: 0 RX: 1 AQ: 0]: Received data (2 bytes)
Google.Solutions.Compute Verbose: 0 : SshRelayStream [TX: 0 TXA: 0 RX: 1 AQ: 0]: Received data (2 bytes)
Google.Solutions.Compute Verbose: 0 : SshRelayStream [TX: 0 TXA: 0 RX: 1 AQ: 0]: Received data (2 bytes)
Google.Solutions.Compute Verbose: 0 : SshRelayStream [TX: 0 TXA: 0 RX: 1 AQ: 0]: Received data (2 bytes)
Google.Solutions.Compute Verbose: 0 : SshRelayStream [TX: 0 TXA: 0 RX: 1 AQ: 0]: Received data (2 bytes)
Google.Solutions.Compute Verbose: 0 : SshRelayStream [TX: 0 TXA: 0 RX: 1 AQ: 0]: Received data (2 bytes)
Google.Solutions.Compute Verbose: 0 : SshRelayStream [TX: 0 TXA: 0 RX: 1 AQ: 0]: Received data (2 bytes)
</system-out></testcase><testcase name="ReadAfterForcefulServerCloseCausesReconnectIfDataReadBefore(InvalidMessageType)" assertions="4" time="0.000644" status="Passed" classname="Google.Solutions.Compute.Test.Iap.TestSshRelayStreamReading"><system-out>Google.Solutions.Compute Verbose: 0 : SshRelayStream [TX: 0 TXA: 0 RX: 0 AQ: 0]: Connecting...
Google.Solutions.Compute Verbose: 0 : SshRelayStream [TX: 0 TXA: 0 RX: 0 AQ: 0]: Connecting...
Google.Solutions.Compute Verbose: 0 : SshRelayStream [TX: 0 TXA: 0 RX: 0 AQ: 0]: Connecting...
Google.Solutions.Compute Verbose: 0 : SshRelayStream [TX: 0 TXA: 0 RX: 0 AQ: 0]: Connecting...
Google.Solutions.Compute Verbose: 0 : SshRelayStream [TX: 0 TXA: 0 RX: 0 AQ: 0]: Connecting...
Google.Solutions.Compute Verbose: 0 : SshRelayStream [TX: 0 TXA: 0 RX: 0 AQ: 0]: Connecting...
Google.Solutions.Compute Verbose: 0 : SshRelayStream [TX: 0 TXA: 0 RX: 0 AQ: 0]: Connecting...
Google.Solutions.Compute Verbose: 0 : SshRelayStream [TX: 0 TXA: 0 RX: 0 AQ: 0]: Connecting...
Google.Solutions.Compute Verbose: 0 : SshRelayStream [TX: 0 TXA: 0 RX: 0 AQ: 0]: Connecting...
Google.Solutions.Compute Verbose: 0 : SshRelayStream [TX: 0 TXA: 0 RX: 0 AQ: 0]: Connecting...
Google.Solutions.Compute Verbose: 0 : SshRelayStream [TX: 0 TXA: 0 RX: 0 AQ: 0]: Connecting...
Google.Solutions.Compute Verbose: 0 : SshRelayStream [TX: 0 TXA: 0 RX: 0 AQ: 0]: Connecting...
Google.Solutions.Compute Verbose: 0 : SshRelayStream [TX: 0 TXA: 0 RX: 0 AQ: 0]: Connecting...
Google.Solutions.Compute Verbose: 0 : SshRelayStream [TX: 0 TXA: 0 RX: 0 AQ: 0]: Connecting...
Google.Solutions.Compute Verbose: 0 : SshRelayStream [TX: 0 TXA: 0 RX: 0 AQ: 0]: Connecting...
Google.Solutions.Compute Verbose: 0 : SshRelayStream [TX: 0 TXA: 0 RX: 0 AQ: 0]: Connecting...
Google.Solutions.Compute Verbose: 0 : SshRelayStream [TX: 0 TXA: 0 RX: 0 AQ: 0]: Connected session &lt;\u0000&gt;
Google.Solutions.Compute Verbose: 0 : SshRelayStream [TX: 0 TXA: 0 RX: 0 AQ: 0]: Connected session &lt;\u0000&gt;
Google.Solutions.Compute Verbose: 0 : SshRelayStream [TX: 0 TXA: 0 RX: 0 AQ: 0]: Connected session &lt;\u0000&gt;
Google.Solutions.Compute Verbose: 0 : SshRelayStream [TX: 0 TXA: 0 RX: 0 AQ: 0]: Connected session &lt;\u0000&gt;
Google.Solutions.Compute Verbose: 0 : SshRelayStream [TX: 0 TXA: 0 RX: 0 AQ: 0]: Connected session &lt;\u0000&gt;
Google.Solutions.Compute Verbose: 0 : SshRelayStream [TX: 0 TXA: 0 RX: 0 AQ: 0]: Connected session &lt;\u0000&gt;
Google.Solutions.Compute Verbose: 0 : SshRelayStream [TX: 0 TXA: 0 RX: 0 AQ: 0]: Connected session &lt;\u0000&gt;
Google.Solutions.Compute Verbose: 0 : SshRelayStream [TX: 0 TXA: 0 RX: 0 AQ: 0]: Connected session &lt;\u0000&gt;
Google.Solutions.Compute Verbose: 0 : SshRelayStream [TX: 0 TXA: 0 RX: 0 AQ: 0]: Connected session &lt;\u0000&gt;
Google.Solutions.Compute Verbose: 0 : SshRelayStream [TX: 0 TXA: 0 RX: 0 AQ: 0]: Connected session &lt;\u0000&gt;
Google.Solutions.Compute Verbose: 0 : SshRelayStream [TX: 0 TXA: 0 RX: 0 AQ: 0]: Connected session &lt;\u0000&gt;
Google.Solutions.Compute Verbose: 0 : SshRelayStream [TX: 0 TXA: 0 RX: 0 AQ: 0]: Connected session &lt;\u0000&gt;
Google.Solutions.Compute Verbose: 0 : SshRelayStream [TX: 0 TXA: 0 RX: 0 AQ: 0]: Connected session &lt;\u0000&gt;
Google.Solutions.Compute Verbose: 0 : SshRelayStream [TX: 0 TXA: 0 RX: 0 AQ: 0]: Connected session &lt;\u0000&gt;
Google.Solutions.Compute Verbose: 0 : SshRelayStream [TX: 0 TXA: 0 RX: 0 AQ: 0]: Connected session &lt;\u0000&gt;
Google.Solutions.Compute Verbose: 0 : SshRelayStream [TX: 0 TXA: 0 RX: 0 AQ: 0]: Connected session &lt;\u0000&gt;
Google.Solutions.Compute Verbose: 0 : SshRelayStream [TX: 0 TXA: 0 RX: 0 AQ: 0]: Received data (1 bytes)
Google.Solutions.Compute Verbose: 0 : SshRelayStream [TX: 0 TXA: 0 RX: 0 AQ: 0]: Received data (1 bytes)
Google.Solutions.Compute Verbose: 0 : SshRelayStream [TX: 0 TXA: 0 RX: 0 AQ: 0]: Received data (1 bytes)
Google.Solutions.Compute Verbose: 0 : SshRelayStream [TX: 0 TXA: 0 RX: 0 AQ: 0]: Received data (1 bytes)
Google.Solutions.Compute Verbose: 0 : SshRelayStream [TX: 0 TXA: 0 RX: 0 AQ: 0]: Received data (1 bytes)
Google.Solutions.Compute Verbose: 0 : SshRelayStream [TX: 0 TXA: 0 RX: 0 AQ: 0]: Received data (1 bytes)
Google.Solutions.Compute Verbose: 0 : SshRelayStream [TX: 0 TXA: 0 RX: 0 AQ: 0]: Received data (1 bytes)
Google.Solutions.Compute Verbose: 0 : SshRelayStream [TX: 0 TXA: 0 RX: 0 AQ: 0]: Received data (1 bytes)
Google.Solutions.Compute Verbose: 0 : SshRelayStream [TX: 0 TXA: 0 RX: 0 AQ: 0]: Received data (1 bytes)
Google.Solutions.Compute Verbose: 0 : SshRelayStream [TX: 0 TXA: 0 RX: 0 AQ: 0]: Received data (1 bytes)
Google.Solutions.Compute Verbose: 0 : SshRelayStream [TX: 0 TXA: 0 RX: 0 AQ: 0]: Received data (1 bytes)
Google.Solutions.Compute Verbose: 0 : SshRelayStream [TX: 0 TXA: 0 RX: 0 AQ: 0]: Received data (1 bytes)
Google.Solutions.Compute Verbose: 0 : SshRelayStream [TX: 0 TXA: 0 RX: 0 AQ: 0]: Received data (1 bytes)
Google.Solutions.Compute Verbose: 0 : SshRelayStream [TX: 0 TXA: 0 RX: 0 AQ: 0]: Received data (1 bytes)
Google.Solutions.Compute Verbose: 0 : SshRelayStream [TX: 0 TXA: 0 RX: 0 AQ: 0]: Received data (1 bytes)
Google.Solutions.Compute Verbose: 0 : SshRelayStream [TX: 0 TXA: 0 RX: 0 AQ: 0]: Received data (1 bytes)
Google.Solutions.Compute Verbose: 0 : SshRelayStream [TX: 0 TXA: 0 RX: 1 AQ: 0]: Connection closed abnormally: 1003
Google.Solutions.Compute Verbose: 0 : SshRelayStream [TX: 0 TXA: 0 RX: 1 AQ: 0]: Connection closed abnormally: 1003
Google.Solutions.Compute Verbose: 0 : SshRelayStream [TX: 0 TXA: 0 RX: 1 AQ: 0]: Connection closed abnormally: 1003
Google.Solutions.Compute Verbose: 0 : SshRelayStream [TX: 0 TXA: 0 RX: 1 AQ: 0]: Connection closed abnormally: 1003
Google.Solutions.Compute Verbose: 0 : SshRelayStream [TX: 0 TXA: 0 RX: 1 AQ: 0]: Connection closed abnormally: 1003
Google.Solutions.Compute Verbose: 0 : SshRelayStream [TX: 0 TXA: 0 RX: 1 AQ: 0]: Connection closed abnormally: 1003
Google.Solutions.Compute Verbose: 0 : SshRelayStream [TX: 0 TXA: 0 RX: 1 AQ: 0]: Connection closed abnormally: 1003
Google.Solutions.Compute Verbose: 0 : SshRelayStream [TX: 0 TXA: 0 RX: 1 AQ: 0]: Connection closed abnormally: 1003
Google.Solutions.Compute Verbose: 0 : SshRelayStream [TX: 0 TXA: 0 RX: 1 AQ: 0]: Connection closed abnormally: 1003
Google.Solutions.Compute Verbose: 0 : SshRelayStream [TX: 0 TXA: 0 RX: 1 AQ: 0]: Connection closed abnormally: 1003
Google.Solutions.Compute Verbose: 0 : SshRelayStream [TX: 0 TXA: 0 RX: 1 AQ: 0]: Connection closed abnormally: 1003
Google.Solutions.Compute Verbose: 0 : SshRelayStream [TX: 0 TXA: 0 RX: 1 AQ: 0]: Connection closed abnormally: 1003
Google.Solutions.Compute Verbose: 0 : SshRelayStream [TX: 0 TXA: 0 RX: 1 AQ: 0]: Connection closed abnormally: 1003
Google.Solutions.Compute Verbose: 0 : SshRelayStream [TX: 0 TXA: 0 RX: 1 AQ: 0]: Connection closed abnormally: 1003
Google.Solutions.Compute Verbose: 0 : SshRelayStream [TX: 0 TXA: 0 RX: 1 AQ: 0]: Connection closed abnormally: 1003
Google.Solutions.Compute Verbose: 0 : SshRelayStream [TX: 0 TXA: 0 RX: 1 AQ: 0]: Connection closed abnormally: 1003
Google.Solutions.Compute Verbose: 0 : SshRelayStream [TX: 0 TXA: 0 RX: 1 AQ: 0]: Disconnecting, preparing to reconnect
Google.Solutions.Compute Verbose: 0 : SshRelayStream [TX: 0 TXA: 0 RX: 1 AQ: 0]: Disconnecting, preparing to reconnect
Google.Solutions.Compute Verbose: 0 : SshRelayStream [TX: 0 TXA: 0 RX: 1 AQ: 0]: Disconnecting, preparing to reconnect
Google.Solutions.Compute Verbose: 0 : SshRelayStream [TX: 0 TXA: 0 RX: 1 AQ: 0]: Disconnecting, preparing to reconnect
Google.Solutions.Compute Verbose: 0 : SshRelayStream [TX: 0 TXA: 0 RX: 1 AQ: 0]: Disconnecting, preparing to reconnect
Google.Solutions.Compute Verbose: 0 : SshRelayStream [TX: 0 TXA: 0 RX: 1 AQ: 0]: Disconnecting, preparing to reconnect
Google.Solutions.Compute Verbose: 0 : SshRelayStream [TX: 0 TXA: 0 RX: 1 AQ: 0]: Disconnecting, preparing to reconnect
Google.Solutions.Compute Verbose: 0 : SshRelayStream [TX: 0 TXA: 0 RX: 1 AQ: 0]: Disconnecting, preparing to reconnect
Google.Solutions.Compute Verbose: 0 : SshRelayStream [TX: 0 TXA: 0 RX: 1 AQ: 0]: Disconnecting, preparing to reconnect
Google.Solutions.Compute Verbose: 0 : SshRelayStream [TX: 0 TXA: 0 RX: 1 AQ: 0]: Disconnecting, preparing to reconnect
Google.Solutions.Compute Verbose: 0 : SshRelayStream [TX: 0 TXA: 0 RX: 1 AQ: 0]: Disconnecting, preparing to reconnect
Google.Solutions.Compute Verbose: 0 : SshRelayStream [TX: 0 TXA: 0 RX: 1 AQ: 0]: Disconnecting, preparing to reconnect
Google.Solutions.Compute Verbose: 0 : SshRelayStream [TX: 0 TXA: 0 RX: 1 AQ: 0]: Disconnecting, preparing to reconnect
Google.Solutions.Compute Verbose: 0 : SshRelayStream [TX: 0 TXA: 0 RX: 1 AQ: 0]: Disconnecting, preparing to reconnect
Google.Solutions.Compute Verbose: 0 : SshRelayStream [TX: 0 TXA: 0 RX: 1 AQ: 0]: Disconnecting, preparing to reconnect
Google.Solutions.Compute Verbose: 0 : SshRelayStream [TX: 0 TXA: 0 RX: 1 AQ: 0]: Disconnecting, preparing to reconnect
Google.Solutions.Compute Verbose: 0 : SshRelayStream [TX: 0 TXA: 0 RX: 1 AQ: 0]: Disonnected.
Google.Solutions.Compute Verbose: 0 : SshRelayStream [TX: 0 TXA: 0 RX: 1 AQ: 0]: Disonnected.
Google.Solutions.Compute Verbose: 0 : SshRelayStream [TX: 0 TXA: 0 RX: 1 AQ: 0]: Disonnected.
Google.Solutions.Compute Verbose: 0 : SshRelayStream [TX: 0 TXA: 0 RX: 1 AQ: 0]: Disonnected.
Google.Solutions.Compute Verbose: 0 : SshRelayStream [TX: 0 TXA: 0 RX: 1 AQ: 0]: Disonnected.
Google.Solutions.Compute Verbose: 0 : SshRelayStream [TX: 0 TXA: 0 RX: 1 AQ: 0]: Disonnected.
Google.Solutions.Compute Verbose: 0 : SshRelayStream [TX: 0 TXA: 0 RX: 1 AQ: 0]: Disonnected.
Google.Solutions.Compute Verbose: 0 : SshRelayStream [TX: 0 TXA: 0 RX: 1 AQ: 0]: Disonnected.
Google.Solutions.Compute Verbose: 0 : SshRelayStream [TX: 0 TXA: 0 RX: 1 AQ: 0]: Disonnected.
Google.Solutions.Compute Verbose: 0 : SshRelayStream [TX: 0 TXA: 0 RX: 1 AQ: 0]: Disonnected.
Google.Solutions.Compute Verbose: 0 : SshRelayStream [TX: 0 TXA: 0 RX: 1 AQ: 0]: Disonnected.
Google.Solutions.Compute Verbose: 0 : SshRelayStream [TX: 0 TXA: 0 RX: 1 AQ: 0]: Disonnected.
Google.Solutions.Compute Verbose: 0 : SshRelayStream [TX: 0 TXA: 0 RX: 1 AQ: 0]: Disonnected.
Google.Solutions.Compute Verbose: 0 : SshRelayStream [TX: 0 TXA: 0 RX: 1 AQ: 0]: Disonnected.
Google.Solutions.Compute Verbose: 0 : SshRelayStream [TX: 0 TXA: 0 RX: 1 AQ: 0]: Disonnected.
Google.Solutions.Compute Verbose: 0 : SshRelayStream [TX: 0 TXA: 0 RX: 1 AQ: 0]: Disonnected.
Google.Solutions.Compute Verbose: 0 : SshRelayStream [TX: 0 TXA: 0 RX: 1 AQ: 0]: Reconnecting...
Google.Solutions.Compute Verbose: 0 : SshRelayStream [TX: 0 TXA: 0 RX: 1 AQ: 0]: Reconnecting...
Google.Solutions.Compute Verbose: 0 : SshRelayStream [TX: 0 TXA: 0 RX: 1 AQ: 0]: Reconnecting...
Google.Solutions.Compute Verbose: 0 : SshRelayStream [TX: 0 TXA: 0 RX: 1 AQ: 0]: Reconnecting...
Google.Solutions.Compute Verbose: 0 : SshRelayStream [TX: 0 TXA: 0 RX: 1 AQ: 0]: Reconnecting...
Google.Solutions.Compute Verbose: 0 : SshRelayStream [TX: 0 TXA: 0 RX: 1 AQ: 0]: Reconnecting...
Google.Solutions.Compute Verbose: 0 : SshRelayStream [TX: 0 TXA: 0 RX: 1 AQ: 0]: Reconnecting...
Google.Solutions.Compute Verbose: 0 : SshRelayStream [TX: 0 TXA: 0 RX: 1 AQ: 0]: Reconnecting...
Google.Solutions.Compute Verbose: 0 : SshRelayStream [TX: 0 TXA: 0 RX: 1 AQ: 0]: Reconnecting...
Google.Solutions.Compute Verbose: 0 : SshRelayStream [TX: 0 TXA: 0 RX: 1 AQ: 0]: Reconnecting...
Google.Solutions.Compute Verbose: 0 : SshRelayStream [TX: 0 TXA: 0 RX: 1 AQ: 0]: Reconnecting...
Google.Solutions.Compute Verbose: 0 : SshRelayStream [TX: 0 TXA: 0 RX: 1 AQ: 0]: Reconnecting...
Google.Solutions.Compute Verbose: 0 : SshRelayStream [TX: 0 TXA: 0 RX: 1 AQ: 0]: Reconnecting...
Google.Solutions.Compute Verbose: 0 : SshRelayStream [TX: 0 TXA: 0 RX: 1 AQ: 0]: Reconnecting...
Google.Solutions.Compute Verbose: 0 : SshRelayStream [TX: 0 TXA: 0 RX: 1 AQ: 0]: Reconnecting...
Google.Solutions.Compute Verbose: 0 : SshRelayStream [TX: 0 TXA: 0 RX: 1 AQ: 0]: Reconnecting...
Google.Solutions.Compute Verbose: 0 : SshRelayStream [TX: 0 TXA: 0 RX: 1 AQ: 0]: Connected session &lt;\u0000&gt;
Google.Solutions.Compute Verbose: 0 : SshRelayStream [TX: 0 TXA: 0 RX: 1 AQ: 0]: Connected session &lt;\u0000&gt;
Google.Solutions.Compute Verbose: 0 : SshRelayStream [TX: 0 TXA: 0 RX: 1 AQ: 0]: Connected session &lt;\u0000&gt;
Google.Solutions.Compute Verbose: 0 : SshRelayStream [TX: 0 TXA: 0 RX: 1 AQ: 0]: Connected session &lt;\u0000&gt;
Google.Solutions.Compute Verbose: 0 : SshRelayStream [TX: 0 TXA: 0 RX: 1 AQ: 0]: Connected session &lt;\u0000&gt;
Google.Solutions.Compute Verbose: 0 : SshRelayStream [TX: 0 TXA: 0 RX: 1 AQ: 0]: Connected session &lt;\u0000&gt;
Google.Solutions.Compute Verbose: 0 : SshRelayStream [TX: 0 TXA: 0 RX: 1 AQ: 0]: Connected session &lt;\u0000&gt;
Google.Solutions.Compute Verbose: 0 : SshRelayStream [TX: 0 TXA: 0 RX: 1 AQ: 0]: Connected session &lt;\u0000&gt;
Google.Solutions.Compute Verbose: 0 : SshRelayStream [TX: 0 TXA: 0 RX: 1 AQ: 0]: Connected session &lt;\u0000&gt;
Google.Solutions.Compute Verbose: 0 : SshRelayStream [TX: 0 TXA: 0 RX: 1 AQ: 0]: Connected session &lt;\u0000&gt;
Google.Solutions.Compute Verbose: 0 : SshRelayStream [TX: 0 TXA: 0 RX: 1 AQ: 0]: Connected session &lt;\u0000&gt;
Google.Solutions.Compute Verbose: 0 : SshRelayStream [TX: 0 TXA: 0 RX: 1 AQ: 0]: Connected session &lt;\u0000&gt;
Google.Solutions.Compute Verbose: 0 : SshRelayStream [TX: 0 TXA: 0 RX: 1 AQ: 0]: Connected session &lt;\u0000&gt;
Google.Solutions.Compute Verbose: 0 : SshRelayStream [TX: 0 TXA: 0 RX: 1 AQ: 0]: Connected session &lt;\u0000&gt;
Google.Solutions.Compute Verbose: 0 : SshRelayStream [TX: 0 TXA: 0 RX: 1 AQ: 0]: Connected session &lt;\u0000&gt;
Google.Solutions.Compute Verbose: 0 : SshRelayStream [TX: 0 TXA: 0 RX: 1 AQ: 0]: Connected session &lt;\u0000&gt;
Google.Solutions.Compute Verbose: 0 : SshRelayStream [TX: 0 TXA: 0 RX: 1 AQ: 0]: Received data (2 bytes)
Google.Solutions.Compute Verbose: 0 : SshRelayStream [TX: 0 TXA: 0 RX: 1 AQ: 0]: Received data (2 bytes)
Google.Solutions.Compute Verbose: 0 : SshRelayStream [TX: 0 TXA: 0 RX: 1 AQ: 0]: Received data (2 bytes)
Google.Solutions.Compute Verbose: 0 : SshRelayStream [TX: 0 TXA: 0 RX: 1 AQ: 0]: Received data (2 bytes)
Google.Solutions.Compute Verbose: 0 : SshRelayStream [TX: 0 TXA: 0 RX: 1 AQ: 0]: Received data (2 bytes)
Google.Solutions.Compute Verbose: 0 : SshRelayStream [TX: 0 TXA: 0 RX: 1 AQ: 0]: Received data (2 bytes)
Google.Solutions.Compute Verbose: 0 : SshRelayStream [TX: 0 TXA: 0 RX: 1 AQ: 0]: Received data (2 bytes)
Google.Solutions.Compute Verbose: 0 : SshRelayStream [TX: 0 TXA: 0 RX: 1 AQ: 0]: Received data (2 bytes)
Google.Solutions.Compute Verbose: 0 : SshRelayStream [TX: 0 TXA: 0 RX: 1 AQ: 0]: Received data (2 bytes)
Google.Solutions.Compute Verbose: 0 : SshRelayStream [TX: 0 TXA: 0 RX: 1 AQ: 0]: Received data (2 bytes)
Google.Solutions.Compute Verbose: 0 : SshRelayStream [TX: 0 TXA: 0 RX: 1 AQ: 0]: Received data (2 bytes)
Google.Solutions.Compute Verbose: 0 : SshRelayStream [TX: 0 TXA: 0 RX: 1 AQ: 0]: Received data (2 bytes)
Google.Solutions.Compute Verbose: 0 : SshRelayStream [TX: 0 TXA: 0 RX: 1 AQ: 0]: Received data (2 bytes)
Google.Solutions.Compute Verbose: 0 : SshRelayStream [TX: 0 TXA: 0 RX: 1 AQ: 0]: Received data (2 bytes)
Google.Solutions.Compute Verbose: 0 : SshRelayStream [TX: 0 TXA: 0 RX: 1 AQ: 0]: Received data (2 bytes)
Google.Solutions.Compute Verbose: 0 : SshRelayStream [TX: 0 TXA: 0 RX: 1 AQ: 0]: Received data (2 bytes)
</system-out></testcase><testcase name="ReadAfterForcefulServerCloseCausesReconnectIfDataReadBefore(ProtocolError)" assertions="4" time="0.000472" status="Passed" classname="Google.Solutions.Compute.Test.Iap.TestSshRelayStreamReading"><system-out>Google.Solutions.Compute Verbose: 0 : SshRelayStream [TX: 0 TXA: 0 RX: 0 AQ: 0]: Connecting...
Google.Solutions.Compute Verbose: 0 : SshRelayStream [TX: 0 TXA: 0 RX: 0 AQ: 0]: Connecting...
Google.Solutions.Compute Verbose: 0 : SshRelayStream [TX: 0 TXA: 0 RX: 0 AQ: 0]: Connecting...
Google.Solutions.Compute Verbose: 0 : SshRelayStream [TX: 0 TXA: 0 RX: 0 AQ: 0]: Connecting...
Google.Solutions.Compute Verbose: 0 : SshRelayStream [TX: 0 TXA: 0 RX: 0 AQ: 0]: Connecting...
Google.Solutions.Compute Verbose: 0 : SshRelayStream [TX: 0 TXA: 0 RX: 0 AQ: 0]: Connecting...
Google.Solutions.Compute Verbose: 0 : SshRelayStream [TX: 0 TXA: 0 RX: 0 AQ: 0]: Connecting...
Google.Solutions.Compute Verbose: 0 : SshRelayStream [TX: 0 TXA: 0 RX: 0 AQ: 0]: Connecting...
Google.Solutions.Compute Verbose: 0 : SshRelayStream [TX: 0 TXA: 0 RX: 0 AQ: 0]: Connecting...
Google.Solutions.Compute Verbose: 0 : SshRelayStream [TX: 0 TXA: 0 RX: 0 AQ: 0]: Connecting...
Google.Solutions.Compute Verbose: 0 : SshRelayStream [TX: 0 TXA: 0 RX: 0 AQ: 0]: Connecting...
Google.Solutions.Compute Verbose: 0 : SshRelayStream [TX: 0 TXA: 0 RX: 0 AQ: 0]: Connecting...
Google.Solutions.Compute Verbose: 0 : SshRelayStream [TX: 0 TXA: 0 RX: 0 AQ: 0]: Connecting...
Google.Solutions.Compute Verbose: 0 : SshRelayStream [TX: 0 TXA: 0 RX: 0 AQ: 0]: Connecting...
Google.Solutions.Compute Verbose: 0 : SshRelayStream [TX: 0 TXA: 0 RX: 0 AQ: 0]: Connecting...
Google.Solutions.Compute Verbose: 0 : SshRelayStream [TX: 0 TXA: 0 RX: 0 AQ: 0]: Connecting...
Google.Solutions.Compute Verbose: 0 : SshRelayStream [TX: 0 TXA: 0 RX: 0 AQ: 0]: Connecting...
Google.Solutions.Compute Verbose: 0 : SshRelayStream [TX: 0 TXA: 0 RX: 0 AQ: 0]: Connected session &lt;\u0000&gt;
Google.Solutions.Compute Verbose: 0 : SshRelayStream [TX: 0 TXA: 0 RX: 0 AQ: 0]: Connected session &lt;\u0000&gt;
Google.Solutions.Compute Verbose: 0 : SshRelayStream [TX: 0 TXA: 0 RX: 0 AQ: 0]: Connected session &lt;\u0000&gt;
Google.Solutions.Compute Verbose: 0 : SshRelayStream [TX: 0 TXA: 0 RX: 0 AQ: 0]: Connected session &lt;\u0000&gt;
Google.Solutions.Compute Verbose: 0 : SshRelayStream [TX: 0 TXA: 0 RX: 0 AQ: 0]: Connected session &lt;\u0000&gt;
Google.Solutions.Compute Verbose: 0 : SshRelayStream [TX: 0 TXA: 0 RX: 0 AQ: 0]: Connected session &lt;\u0000&gt;
Google.Solutions.Compute Verbose: 0 : SshRelayStream [TX: 0 TXA: 0 RX: 0 AQ: 0]: Connected session &lt;\u0000&gt;
Google.Solutions.Compute Verbose: 0 : SshRelayStream [TX: 0 TXA: 0 RX: 0 AQ: 0]: Connected session &lt;\u0000&gt;
Google.Solutions.Compute Verbose: 0 : SshRelayStream [TX: 0 TXA: 0 RX: 0 AQ: 0]: Connected session &lt;\u0000&gt;
Google.Solutions.Compute Verbose: 0 : SshRelayStream [TX: 0 TXA: 0 RX: 0 AQ: 0]: Connected session &lt;\u0000&gt;
Google.Solutions.Compute Verbose: 0 : SshRelayStream [TX: 0 TXA: 0 RX: 0 AQ: 0]: Connected session &lt;\u0000&gt;
Google.Solutions.Compute Verbose: 0 : SshRelayStream [TX: 0 TXA: 0 RX: 0 AQ: 0]: Connected session &lt;\u0000&gt;
Google.Solutions.Compute Verbose: 0 : SshRelayStream [TX: 0 TXA: 0 RX: 0 AQ: 0]: Connected session &lt;\u0000&gt;
Google.Solutions.Compute Verbose: 0 : SshRelayStream [TX: 0 TXA: 0 RX: 0 AQ: 0]: Connected session &lt;\u0000&gt;
Google.Solutions.Compute Verbose: 0 : SshRelayStream [TX: 0 TXA: 0 RX: 0 AQ: 0]: Connected session &lt;\u0000&gt;
Google.Solutions.Compute Verbose: 0 : SshRelayStream [TX: 0 TXA: 0 RX: 0 AQ: 0]: Connected session &lt;\u0000&gt;
Google.Solutions.Compute Verbose: 0 : SshRelayStream [TX: 0 TXA: 0 RX: 0 AQ: 0]: Connected session &lt;\u0000&gt;
Google.Solutions.Compute Verbose: 0 : SshRelayStream [TX: 0 TXA: 0 RX: 0 AQ: 0]: Received data (1 bytes)
Google.Solutions.Compute Verbose: 0 : SshRelayStream [TX: 0 TXA: 0 RX: 0 AQ: 0]: Received data (1 bytes)
Google.Solutions.Compute Verbose: 0 : SshRelayStream [TX: 0 TXA: 0 RX: 0 AQ: 0]: Received data (1 bytes)
Google.Solutions.Compute Verbose: 0 : SshRelayStream [TX: 0 TXA: 0 RX: 0 AQ: 0]: Received data (1 bytes)
Google.Solutions.Compute Verbose: 0 : SshRelayStream [TX: 0 TXA: 0 RX: 0 AQ: 0]: Received data (1 bytes)
Google.Solutions.Compute Verbose: 0 : SshRelayStream [TX: 0 TXA: 0 RX: 0 AQ: 0]: Received data (1 bytes)
Google.Solutions.Compute Verbose: 0 : SshRelayStream [TX: 0 TXA: 0 RX: 0 AQ: 0]: Received data (1 bytes)
Google.Solutions.Compute Verbose: 0 : SshRelayStream [TX: 0 TXA: 0 RX: 0 AQ: 0]: Received data (1 bytes)
Google.Solutions.Compute Verbose: 0 : SshRelayStream [TX: 0 TXA: 0 RX: 0 AQ: 0]: Received data (1 bytes)
Google.Solutions.Compute Verbose: 0 : SshRelayStream [TX: 0 TXA: 0 RX: 0 AQ: 0]: Received data (1 bytes)
Google.Solutions.Compute Verbose: 0 : SshRelayStream [TX: 0 TXA: 0 RX: 0 AQ: 0]: Received data (1 bytes)
Google.Solutions.Compute Verbose: 0 : SshRelayStream [TX: 0 TXA: 0 RX: 0 AQ: 0]: Received data (1 bytes)
Google.Solutions.Compute Verbose: 0 : SshRelayStream [TX: 0 TXA: 0 RX: 0 AQ: 0]: Received data (1 bytes)
Google.Solutions.Compute Verbose: 0 : SshRelayStream [TX: 0 TXA: 0 RX: 0 AQ: 0]: Received data (1 bytes)
Google.Solutions.Compute Verbose: 0 : SshRelayStream [TX: 0 TXA: 0 RX: 0 AQ: 0]: Received data (1 bytes)
Google.Solutions.Compute Verbose: 0 : SshRelayStream [TX: 0 TXA: 0 RX: 0 AQ: 0]: Received data (1 bytes)
Google.Solutions.Compute Verbose: 0 : SshRelayStream [TX: 0 TXA: 0 RX: 0 AQ: 0]: Received data (1 bytes)
Google.Solutions.Compute Verbose: 0 : SshRelayStream [TX: 0 TXA: 0 RX: 1 AQ: 0]: Connection closed abnormally: 1002
Google.Solutions.Compute Verbose: 0 : SshRelayStream [TX: 0 TXA: 0 RX: 1 AQ: 0]: Connection closed abnormally: 1002
Google.Solutions.Compute Verbose: 0 : SshRelayStream [TX: 0 TXA: 0 RX: 1 AQ: 0]: Connection closed abnormally: 1002
Google.Solutions.Compute Verbose: 0 : SshRelayStream [TX: 0 TXA: 0 RX: 1 AQ: 0]: Connection closed abnormally: 1002
Google.Solutions.Compute Verbose: 0 : SshRelayStream [TX: 0 TXA: 0 RX: 1 AQ: 0]: Connection closed abnormally: 1002
Google.Solutions.Compute Verbose: 0 : SshRelayStream [TX: 0 TXA: 0 RX: 1 AQ: 0]: Connection closed abnormally: 1002
Google.Solutions.Compute Verbose: 0 : SshRelayStream [TX: 0 TXA: 0 RX: 1 AQ: 0]: Connection closed abnormally: 1002
Google.Solutions.Compute Verbose: 0 : SshRelayStream [TX: 0 TXA: 0 RX: 1 AQ: 0]: Connection closed abnormally: 1002
Google.Solutions.Compute Verbose: 0 : SshRelayStream [TX: 0 TXA: 0 RX: 1 AQ: 0]: Connection closed abnormally: 1002
Google.Solutions.Compute Verbose: 0 : SshRelayStream [TX: 0 TXA: 0 RX: 1 AQ: 0]: Connection closed abnormally: 1002
Google.Solutions.Compute Verbose: 0 : SshRelayStream [TX: 0 TXA: 0 RX: 1 AQ: 0]: Connection closed abnormally: 1002
Google.Solutions.Compute Verbose: 0 : SshRelayStream [TX: 0 TXA: 0 RX: 1 AQ: 0]: Connection closed abnormally: 1002
Google.Solutions.Compute Verbose: 0 : SshRelayStream [TX: 0 TXA: 0 RX: 1 AQ: 0]: Connection closed abnormally: 1002
Google.Solutions.Compute Verbose: 0 : SshRelayStream [TX: 0 TXA: 0 RX: 1 AQ: 0]: Connection closed abnormally: 1002
Google.Solutions.Compute Verbose: 0 : SshRelayStream [TX: 0 TXA: 0 RX: 1 AQ: 0]: Connection closed abnormally: 1002
Google.Solutions.Compute Verbose: 0 : SshRelayStream [TX: 0 TXA: 0 RX: 1 AQ: 0]: Connection closed abnormally: 1002
Google.Solutions.Compute Verbose: 0 : SshRelayStream [TX: 0 TXA: 0 RX: 1 AQ: 0]: Connection closed abnormally: 1002
Google.Solutions.Compute Verbose: 0 : SshRelayStream [TX: 0 TXA: 0 RX: 1 AQ: 0]: Disconnecting, preparing to reconnect
Google.Solutions.Compute Verbose: 0 : SshRelayStream [TX: 0 TXA: 0 RX: 1 AQ: 0]: Disconnecting, preparing to reconnect
Google.Solutions.Compute Verbose: 0 : SshRelayStream [TX: 0 TXA: 0 RX: 1 AQ: 0]: Disconnecting, preparing to reconnect
Google.Solutions.Compute Verbose: 0 : SshRelayStream [TX: 0 TXA: 0 RX: 1 AQ: 0]: Disconnecting, preparing to reconnect
Google.Solutions.Compute Verbose: 0 : SshRelayStream [TX: 0 TXA: 0 RX: 1 AQ: 0]: Disconnecting, preparing to reconnect
Google.Solutions.Compute Verbose: 0 : SshRelayStream [TX: 0 TXA: 0 RX: 1 AQ: 0]: Disconnecting, preparing to reconnect
Google.Solutions.Compute Verbose: 0 : SshRelayStream [TX: 0 TXA: 0 RX: 1 AQ: 0]: Disconnecting, preparing to reconnect
Google.Solutions.Compute Verbose: 0 : SshRelayStream [TX: 0 TXA: 0 RX: 1 AQ: 0]: Disconnecting, preparing to reconnect
Google.Solutions.Compute Verbose: 0 : SshRelayStream [TX: 0 TXA: 0 RX: 1 AQ: 0]: Disconnecting, preparing to reconnect
Google.Solutions.Compute Verbose: 0 : SshRelayStream [TX: 0 TXA: 0 RX: 1 AQ: 0]: Disconnecting, preparing to reconnect
Google.Solutions.Compute Verbose: 0 : SshRelayStream [TX: 0 TXA: 0 RX: 1 AQ: 0]: Disconnecting, preparing to reconnect
Google.Solutions.Compute Verbose: 0 : SshRelayStream [TX: 0 TXA: 0 RX: 1 AQ: 0]: Disconnecting, preparing to reconnect
Google.Solutions.Compute Verbose: 0 : SshRelayStream [TX: 0 TXA: 0 RX: 1 AQ: 0]: Disconnecting, preparing to reconnect
Google.Solutions.Compute Verbose: 0 : SshRelayStream [TX: 0 TXA: 0 RX: 1 AQ: 0]: Disconnecting, preparing to reconnect
Google.Solutions.Compute Verbose: 0 : SshRelayStream [TX: 0 TXA: 0 RX: 1 AQ: 0]: Disconnecting, preparing to reconnect
Google.Solutions.Compute Verbose: 0 : SshRelayStream [TX: 0 TXA: 0 RX: 1 AQ: 0]: Disconnecting, preparing to reconnect
Google.Solutions.Compute Verbose: 0 : SshRelayStream [TX: 0 TXA: 0 RX: 1 AQ: 0]: Disconnecting, preparing to reconnect
Google.Solutions.Compute Verbose: 0 : SshRelayStream [TX: 0 TXA: 0 RX: 1 AQ: 0]: Disonnected.
Google.Solutions.Compute Verbose: 0 : SshRelayStream [TX: 0 TXA: 0 RX: 1 AQ: 0]: Disonnected.
Google.Solutions.Compute Verbose: 0 : SshRelayStream [TX: 0 TXA: 0 RX: 1 AQ: 0]: Disonnected.
Google.Solutions.Compute Verbose: 0 : SshRelayStream [TX: 0 TXA: 0 RX: 1 AQ: 0]: Disonnected.
Google.Solutions.Compute Verbose: 0 : SshRelayStream [TX: 0 TXA: 0 RX: 1 AQ: 0]: Disonnected.
Google.Solutions.Compute Verbose: 0 : SshRelayStream [TX: 0 TXA: 0 RX: 1 AQ: 0]: Disonnected.
Google.Solutions.Compute Verbose: 0 : SshRelayStream [TX: 0 TXA: 0 RX: 1 AQ: 0]: Disonnected.
Google.Solutions.Compute Verbose: 0 : SshRelayStream [TX: 0 TXA: 0 RX: 1 AQ: 0]: Disonnected.
Google.Solutions.Compute Verbose: 0 : SshRelayStream [TX: 0 TXA: 0 RX: 1 AQ: 0]: Disonnected.
Google.Solutions.Compute Verbose: 0 : SshRelayStream [TX: 0 TXA: 0 RX: 1 AQ: 0]: Disonnected.
Google.Solutions.Compute Verbose: 0 : SshRelayStream [TX: 0 TXA: 0 RX: 1 AQ: 0]: Disonnected.
Google.Solutions.Compute Verbose: 0 : SshRelayStream [TX: 0 TXA: 0 RX: 1 AQ: 0]: Disonnected.
Google.Solutions.Compute Verbose: 0 : SshRelayStream [TX: 0 TXA: 0 RX: 1 AQ: 0]: Disonnected.
Google.Solutions.Compute Verbose: 0 : SshRelayStream [TX: 0 TXA: 0 RX: 1 AQ: 0]: Disonnected.
Google.Solutions.Compute Verbose: 0 : SshRelayStream [TX: 0 TXA: 0 RX: 1 AQ: 0]: Disonnected.
Google.Solutions.Compute Verbose: 0 : SshRelayStream [TX: 0 TXA: 0 RX: 1 AQ: 0]: Disonnected.
Google.Solutions.Compute Verbose: 0 : SshRelayStream [TX: 0 TXA: 0 RX: 1 AQ: 0]: Disonnected.
Google.Solutions.Compute Verbose: 0 : SshRelayStream [TX: 0 TXA: 0 RX: 1 AQ: 0]: Reconnecting...
Google.Solutions.Compute Verbose: 0 : SshRelayStream [TX: 0 TXA: 0 RX: 1 AQ: 0]: Reconnecting...
Google.Solutions.Compute Verbose: 0 : SshRelayStream [TX: 0 TXA: 0 RX: 1 AQ: 0]: Reconnecting...
Google.Solutions.Compute Verbose: 0 : SshRelayStream [TX: 0 TXA: 0 RX: 1 AQ: 0]: Reconnecting...
Google.Solutions.Compute Verbose: 0 : SshRelayStream [TX: 0 TXA: 0 RX: 1 AQ: 0]: Reconnecting...
Google.Solutions.Compute Verbose: 0 : SshRelayStream [TX: 0 TXA: 0 RX: 1 AQ: 0]: Reconnecting...
Google.Solutions.Compute Verbose: 0 : SshRelayStream [TX: 0 TXA: 0 RX: 1 AQ: 0]: Reconnecting...
Google.Solutions.Compute Verbose: 0 : SshRelayStream [TX: 0 TXA: 0 RX: 1 AQ: 0]: Reconnecting...
Google.Solutions.Compute Verbose: 0 : SshRelayStream [TX: 0 TXA: 0 RX: 1 AQ: 0]: Reconnecting...
Google.Solutions.Compute Verbose: 0 : SshRelayStream [TX: 0 TXA: 0 RX: 1 AQ: 0]: Reconnecting...
Google.Solutions.Compute Verbose: 0 : SshRelayStream [TX: 0 TXA: 0 RX: 1 AQ: 0]: Reconnecting...
Google.Solutions.Compute Verbose: 0 : SshRelayStream [TX: 0 TXA: 0 RX: 1 AQ: 0]: Reconnecting...
Google.Solutions.Compute Verbose: 0 : SshRelayStream [TX: 0 TXA: 0 RX: 1 AQ: 0]: Reconnecting...
Google.Solutions.Compute Verbose: 0 : SshRelayStream [TX: 0 TXA: 0 RX: 1 AQ: 0]: Reconnecting...
Google.Solutions.Compute Verbose: 0 : SshRelayStream [TX: 0 TXA: 0 RX: 1 AQ: 0]: Reconnecting...
Google.Solutions.Compute Verbose: 0 : SshRelayStream [TX: 0 TXA: 0 RX: 1 AQ: 0]: Reconnecting...
Google.Solutions.Compute Verbose: 0 : SshRelayStream [TX: 0 TXA: 0 RX: 1 AQ: 0]: Reconnecting...
Google.Solutions.Compute Verbose: 0 : SshRelayStream [TX: 0 TXA: 0 RX: 1 AQ: 0]: Connected session &lt;\u0000&gt;
Google.Solutions.Compute Verbose: 0 : SshRelayStream [TX: 0 TXA: 0 RX: 1 AQ: 0]: Connected session &lt;\u0000&gt;
Google.Solutions.Compute Verbose: 0 : SshRelayStream [TX: 0 TXA: 0 RX: 1 AQ: 0]: Connected session &lt;\u0000&gt;
Google.Solutions.Compute Verbose: 0 : SshRelayStream [TX: 0 TXA: 0 RX: 1 AQ: 0]: Connected session &lt;\u0000&gt;
Google.Solutions.Compute Verbose: 0 : SshRelayStream [TX: 0 TXA: 0 RX: 1 AQ: 0]: Connected session &lt;\u0000&gt;
Google.Solutions.Compute Verbose: 0 : SshRelayStream [TX: 0 TXA: 0 RX: 1 AQ: 0]: Connected session &lt;\u0000&gt;
Google.Solutions.Compute Verbose: 0 : SshRelayStream [TX: 0 TXA: 0 RX: 1 AQ: 0]: Connected session &lt;\u0000&gt;
Google.Solutions.Compute Verbose: 0 : SshRelayStream [TX: 0 TXA: 0 RX: 1 AQ: 0]: Connected session &lt;\u0000&gt;
Google.Solutions.Compute Verbose: 0 : SshRelayStream [TX: 0 TXA: 0 RX: 1 AQ: 0]: Connected session &lt;\u0000&gt;
Google.Solutions.Compute Verbose: 0 : SshRelayStream [TX: 0 TXA: 0 RX: 1 AQ: 0]: Connected session &lt;\u0000&gt;
Google.Solutions.Compute Verbose: 0 : SshRelayStream [TX: 0 TXA: 0 RX: 1 AQ: 0]: Connected session &lt;\u0000&gt;
Google.Solutions.Compute Verbose: 0 : SshRelayStream [TX: 0 TXA: 0 RX: 1 AQ: 0]: Connected session &lt;\u0000&gt;
Google.Solutions.Compute Verbose: 0 : SshRelayStream [TX: 0 TXA: 0 RX: 1 AQ: 0]: Connected session &lt;\u0000&gt;
Google.Solutions.Compute Verbose: 0 : SshRelayStream [TX: 0 TXA: 0 RX: 1 AQ: 0]: Connected session &lt;\u0000&gt;
Google.Solutions.Compute Verbose: 0 : SshRelayStream [TX: 0 TXA: 0 RX: 1 AQ: 0]: Connected session &lt;\u0000&gt;
Google.Solutions.Compute Verbose: 0 : SshRelayStream [TX: 0 TXA: 0 RX: 1 AQ: 0]: Connected session &lt;\u0000&gt;
Google.Solutions.Compute Verbose: 0 : SshRelayStream [TX: 0 TXA: 0 RX: 1 AQ: 0]: Connected session &lt;\u0000&gt;
Google.Solutions.Compute Verbose: 0 : SshRelayStream [TX: 0 TXA: 0 RX: 1 AQ: 0]: Received data (2 bytes)
Google.Solutions.Compute Verbose: 0 : SshRelayStream [TX: 0 TXA: 0 RX: 1 AQ: 0]: Received data (2 bytes)
Google.Solutions.Compute Verbose: 0 : SshRelayStream [TX: 0 TXA: 0 RX: 1 AQ: 0]: Received data (2 bytes)
Google.Solutions.Compute Verbose: 0 : SshRelayStream [TX: 0 TXA: 0 RX: 1 AQ: 0]: Received data (2 bytes)
Google.Solutions.Compute Verbose: 0 : SshRelayStream [TX: 0 TXA: 0 RX: 1 AQ: 0]: Received data (2 bytes)
Google.Solutions.Compute Verbose: 0 : SshRelayStream [TX: 0 TXA: 0 RX: 1 AQ: 0]: Received data (2 bytes)
Google.Solutions.Compute Verbose: 0 : SshRelayStream [TX: 0 TXA: 0 RX: 1 AQ: 0]: Received data (2 bytes)
Google.Solutions.Compute Verbose: 0 : SshRelayStream [TX: 0 TXA: 0 RX: 1 AQ: 0]: Received data (2 bytes)
Google.Solutions.Compute Verbose: 0 : SshRelayStream [TX: 0 TXA: 0 RX: 1 AQ: 0]: Received data (2 bytes)
Google.Solutions.Compute Verbose: 0 : SshRelayStream [TX: 0 TXA: 0 RX: 1 AQ: 0]: Received data (2 bytes)
Google.Solutions.Compute Verbose: 0 : SshRelayStream [TX: 0 TXA: 0 RX: 1 AQ: 0]: Received data (2 bytes)
Google.Solutions.Compute Verbose: 0 : SshRelayStream [TX: 0 TXA: 0 RX: 1 AQ: 0]: Received data (2 bytes)
Google.Solutions.Compute Verbose: 0 : SshRelayStream [TX: 0 TXA: 0 RX: 1 AQ: 0]: Received data (2 bytes)
Google.Solutions.Compute Verbose: 0 : SshRelayStream [TX: 0 TXA: 0 RX: 1 AQ: 0]: Received data (2 bytes)
Google.Solutions.Compute Verbose: 0 : SshRelayStream [TX: 0 TXA: 0 RX: 1 AQ: 0]: Received data (2 bytes)
Google.Solutions.Compute Verbose: 0 : SshRelayStream [TX: 0 TXA: 0 RX: 1 AQ: 0]: Received data (2 bytes)
Google.Solutions.Compute Verbose: 0 : SshRelayStream [TX: 0 TXA: 0 RX: 1 AQ: 0]: Received data (2 bytes)
</system-out></testcase><testcase name="ReadAfterForcefulServerCloseCausesReconnectIfDataReadBefore(4005)" assertions="4" time="0.000474" status="Passed" classname="Google.Solutions.Compute.Test.Iap.TestSshRelayStreamReading"><system-out>Google.Solutions.Compute Verbose: 0 : SshRelayStream [TX: 0 TXA: 0 RX: 0 AQ: 0]: Connecting...
Google.Solutions.Compute Verbose: 0 : SshRelayStream [TX: 0 TXA: 0 RX: 0 AQ: 0]: Connecting...
Google.Solutions.Compute Verbose: 0 : SshRelayStream [TX: 0 TXA: 0 RX: 0 AQ: 0]: Connecting...
Google.Solutions.Compute Verbose: 0 : SshRelayStream [TX: 0 TXA: 0 RX: 0 AQ: 0]: Connecting...
Google.Solutions.Compute Verbose: 0 : SshRelayStream [TX: 0 TXA: 0 RX: 0 AQ: 0]: Connecting...
Google.Solutions.Compute Verbose: 0 : SshRelayStream [TX: 0 TXA: 0 RX: 0 AQ: 0]: Connecting...
Google.Solutions.Compute Verbose: 0 : SshRelayStream [TX: 0 TXA: 0 RX: 0 AQ: 0]: Connecting...
Google.Solutions.Compute Verbose: 0 : SshRelayStream [TX: 0 TXA: 0 RX: 0 AQ: 0]: Connecting...
Google.Solutions.Compute Verbose: 0 : SshRelayStream [TX: 0 TXA: 0 RX: 0 AQ: 0]: Connecting...
Google.Solutions.Compute Verbose: 0 : SshRelayStream [TX: 0 TXA: 0 RX: 0 AQ: 0]: Connecting...
Google.Solutions.Compute Verbose: 0 : SshRelayStream [TX: 0 TXA: 0 RX: 0 AQ: 0]: Connecting...
Google.Solutions.Compute Verbose: 0 : SshRelayStream [TX: 0 TXA: 0 RX: 0 AQ: 0]: Connecting...
Google.Solutions.Compute Verbose: 0 : SshRelayStream [TX: 0 TXA: 0 RX: 0 AQ: 0]: Connecting...
Google.Solutions.Compute Verbose: 0 : SshRelayStream [TX: 0 TXA: 0 RX: 0 AQ: 0]: Connecting...
Google.Solutions.Compute Verbose: 0 : SshRelayStream [TX: 0 TXA: 0 RX: 0 AQ: 0]: Connecting...
Google.Solutions.Compute Verbose: 0 : SshRelayStream [TX: 0 TXA: 0 RX: 0 AQ: 0]: Connecting...
Google.Solutions.Compute Verbose: 0 : SshRelayStream [TX: 0 TXA: 0 RX: 0 AQ: 0]: Connecting...
Google.Solutions.Compute Verbose: 0 : SshRelayStream [TX: 0 TXA: 0 RX: 0 AQ: 0]: Connecting...
Google.Solutions.Compute Verbose: 0 : SshRelayStream [TX: 0 TXA: 0 RX: 0 AQ: 0]: Connected session &lt;\u0000&gt;
Google.Solutions.Compute Verbose: 0 : SshRelayStream [TX: 0 TXA: 0 RX: 0 AQ: 0]: Connected session &lt;\u0000&gt;
Google.Solutions.Compute Verbose: 0 : SshRelayStream [TX: 0 TXA: 0 RX: 0 AQ: 0]: Connected session &lt;\u0000&gt;
Google.Solutions.Compute Verbose: 0 : SshRelayStream [TX: 0 TXA: 0 RX: 0 AQ: 0]: Connected session &lt;\u0000&gt;
Google.Solutions.Compute Verbose: 0 : SshRelayStream [TX: 0 TXA: 0 RX: 0 AQ: 0]: Connected session &lt;\u0000&gt;
Google.Solutions.Compute Verbose: 0 : SshRelayStream [TX: 0 TXA: 0 RX: 0 AQ: 0]: Connected session &lt;\u0000&gt;
Google.Solutions.Compute Verbose: 0 : SshRelayStream [TX: 0 TXA: 0 RX: 0 AQ: 0]: Connected session &lt;\u0000&gt;
Google.Solutions.Compute Verbose: 0 : SshRelayStream [TX: 0 TXA: 0 RX: 0 AQ: 0]: Connected session &lt;\u0000&gt;
Google.Solutions.Compute Verbose: 0 : SshRelayStream [TX: 0 TXA: 0 RX: 0 AQ: 0]: Connected session &lt;\u0000&gt;
Google.Solutions.Compute Verbose: 0 : SshRelayStream [TX: 0 TXA: 0 RX: 0 AQ: 0]: Connected session &lt;\u0000&gt;
Google.Solutions.Compute Verbose: 0 : SshRelayStream [TX: 0 TXA: 0 RX: 0 AQ: 0]: Connected session &lt;\u0000&gt;
Google.Solutions.Compute Verbose: 0 : SshRelayStream [TX: 0 TXA: 0 RX: 0 AQ: 0]: Connected session &lt;\u0000&gt;
Google.Solutions.Compute Verbose: 0 : SshRelayStream [TX: 0 TXA: 0 RX: 0 AQ: 0]: Connected session &lt;\u0000&gt;
Google.Solutions.Compute Verbose: 0 : SshRelayStream [TX: 0 TXA: 0 RX: 0 AQ: 0]: Connected session &lt;\u0000&gt;
Google.Solutions.Compute Verbose: 0 : SshRelayStream [TX: 0 TXA: 0 RX: 0 AQ: 0]: Connected session &lt;\u0000&gt;
Google.Solutions.Compute Verbose: 0 : SshRelayStream [TX: 0 TXA: 0 RX: 0 AQ: 0]: Connected session &lt;\u0000&gt;
Google.Solutions.Compute Verbose: 0 : SshRelayStream [TX: 0 TXA: 0 RX: 0 AQ: 0]: Connected session &lt;\u0000&gt;
Google.Solutions.Compute Verbose: 0 : SshRelayStream [TX: 0 TXA: 0 RX: 0 AQ: 0]: Connected session &lt;\u0000&gt;
Google.Solutions.Compute Verbose: 0 : SshRelayStream [TX: 0 TXA: 0 RX: 0 AQ: 0]: Received data (1 bytes)
Google.Solutions.Compute Verbose: 0 : SshRelayStream [TX: 0 TXA: 0 RX: 0 AQ: 0]: Received data (1 bytes)
Google.Solutions.Compute Verbose: 0 : SshRelayStream [TX: 0 TXA: 0 RX: 0 AQ: 0]: Received data (1 bytes)
Google.Solutions.Compute Verbose: 0 : SshRelayStream [TX: 0 TXA: 0 RX: 0 AQ: 0]: Received data (1 bytes)
Google.Solutions.Compute Verbose: 0 : SshRelayStream [TX: 0 TXA: 0 RX: 0 AQ: 0]: Received data (1 bytes)
Google.Solutions.Compute Verbose: 0 : SshRelayStream [TX: 0 TXA: 0 RX: 0 AQ: 0]: Received data (1 bytes)
Google.Solutions.Compute Verbose: 0 : SshRelayStream [TX: 0 TXA: 0 RX: 0 AQ: 0]: Received data (1 bytes)
Google.Solutions.Compute Verbose: 0 : SshRelayStream [TX: 0 TXA: 0 RX: 0 AQ: 0]: Received data (1 bytes)
Google.Solutions.Compute Verbose: 0 : SshRelayStream [TX: 0 TXA: 0 RX: 0 AQ: 0]: Received data (1 bytes)
Google.Solutions.Compute Verbose: 0 : SshRelayStream [TX: 0 TXA: 0 RX: 0 AQ: 0]: Received data (1 bytes)
Google.Solutions.Compute Verbose: 0 : SshRelayStream [TX: 0 TXA: 0 RX: 0 AQ: 0]: Received data (1 bytes)
Google.Solutions.Compute Verbose: 0 : SshRelayStream [TX: 0 TXA: 0 RX: 0 AQ: 0]: Received data (1 bytes)
Google.Solutions.Compute Verbose: 0 : SshRelayStream [TX: 0 TXA: 0 RX: 0 AQ: 0]: Received data (1 bytes)
Google.Solutions.Compute Verbose: 0 : SshRelayStream [TX: 0 TXA: 0 RX: 0 AQ: 0]: Received data (1 bytes)
Google.Solutions.Compute Verbose: 0 : SshRelayStream [TX: 0 TXA: 0 RX: 0 AQ: 0]: Received data (1 bytes)
Google.Solutions.Compute Verbose: 0 : SshRelayStream [TX: 0 TXA: 0 RX: 0 AQ: 0]: Received data (1 bytes)
Google.Solutions.Compute Verbose: 0 : SshRelayStream [TX: 0 TXA: 0 RX: 0 AQ: 0]: Received data (1 bytes)
Google.Solutions.Compute Verbose: 0 : SshRelayStream [TX: 0 TXA: 0 RX: 0 AQ: 0]: Received data (1 bytes)
Google.Solutions.Compute Verbose: 0 : SshRelayStream [TX: 0 TXA: 0 RX: 1 AQ: 0]: Connection closed abnormally: BAD_ACK
Google.Solutions.Compute Verbose: 0 : SshRelayStream [TX: 0 TXA: 0 RX: 1 AQ: 0]: Connection closed abnormally: BAD_ACK
Google.Solutions.Compute Verbose: 0 : SshRelayStream [TX: 0 TXA: 0 RX: 1 AQ: 0]: Connection closed abnormally: BAD_ACK
Google.Solutions.Compute Verbose: 0 : SshRelayStream [TX: 0 TXA: 0 RX: 1 AQ: 0]: Connection closed abnormally: BAD_ACK
Google.Solutions.Compute Verbose: 0 : SshRelayStream [TX: 0 TXA: 0 RX: 1 AQ: 0]: Connection closed abnormally: BAD_ACK
Google.Solutions.Compute Verbose: 0 : SshRelayStream [TX: 0 TXA: 0 RX: 1 AQ: 0]: Connection closed abnormally: BAD_ACK
Google.Solutions.Compute Verbose: 0 : SshRelayStream [TX: 0 TXA: 0 RX: 1 AQ: 0]: Connection closed abnormally: BAD_ACK
Google.Solutions.Compute Verbose: 0 : SshRelayStream [TX: 0 TXA: 0 RX: 1 AQ: 0]: Connection closed abnormally: BAD_ACK
Google.Solutions.Compute Verbose: 0 : SshRelayStream [TX: 0 TXA: 0 RX: 1 AQ: 0]: Connection closed abnormally: BAD_ACK
Google.Solutions.Compute Verbose: 0 : SshRelayStream [TX: 0 TXA: 0 RX: 1 AQ: 0]: Connection closed abnormally: BAD_ACK
Google.Solutions.Compute Verbose: 0 : SshRelayStream [TX: 0 TXA: 0 RX: 1 AQ: 0]: Connection closed abnormally: BAD_ACK
Google.Solutions.Compute Verbose: 0 : SshRelayStream [TX: 0 TXA: 0 RX: 1 AQ: 0]: Connection closed abnormally: BAD_ACK
Google.Solutions.Compute Verbose: 0 : SshRelayStream [TX: 0 TXA: 0 RX: 1 AQ: 0]: Connection closed abnormally: BAD_ACK
Google.Solutions.Compute Verbose: 0 : SshRelayStream [TX: 0 TXA: 0 RX: 1 AQ: 0]: Connection closed abnormally: BAD_ACK
Google.Solutions.Compute Verbose: 0 : SshRelayStream [TX: 0 TXA: 0 RX: 1 AQ: 0]: Connection closed abnormally: BAD_ACK
Google.Solutions.Compute Verbose: 0 : SshRelayStream [TX: 0 TXA: 0 RX: 1 AQ: 0]: Connection closed abnormally: BAD_ACK
Google.Solutions.Compute Verbose: 0 : SshRelayStream [TX: 0 TXA: 0 RX: 1 AQ: 0]: Connection closed abnormally: BAD_ACK
Google.Solutions.Compute Verbose: 0 : SshRelayStream [TX: 0 TXA: 0 RX: 1 AQ: 0]: Connection closed abnormally: BAD_ACK
Google.Solutions.Compute Verbose: 0 : SshRelayStream [TX: 0 TXA: 0 RX: 1 AQ: 0]: Disconnecting, preparing to reconnect
Google.Solutions.Compute Verbose: 0 : SshRelayStream [TX: 0 TXA: 0 RX: 1 AQ: 0]: Disconnecting, preparing to reconnect
Google.Solutions.Compute Verbose: 0 : SshRelayStream [TX: 0 TXA: 0 RX: 1 AQ: 0]: Disconnecting, preparing to reconnect
Google.Solutions.Compute Verbose: 0 : SshRelayStream [TX: 0 TXA: 0 RX: 1 AQ: 0]: Disconnecting, preparing to reconnect
Google.Solutions.Compute Verbose: 0 : SshRelayStream [TX: 0 TXA: 0 RX: 1 AQ: 0]: Disconnecting, preparing to reconnect
Google.Solutions.Compute Verbose: 0 : SshRelayStream [TX: 0 TXA: 0 RX: 1 AQ: 0]: Disconnecting, preparing to reconnect
Google.Solutions.Compute Verbose: 0 : SshRelayStream [TX: 0 TXA: 0 RX: 1 AQ: 0]: Disconnecting, preparing to reconnect
Google.Solutions.Compute Verbose: 0 : SshRelayStream [TX: 0 TXA: 0 RX: 1 AQ: 0]: Disconnecting, preparing to reconnect
Google.Solutions.Compute Verbose: 0 : SshRelayStream [TX: 0 TXA: 0 RX: 1 AQ: 0]: Disconnecting, preparing to reconnect
Google.Solutions.Compute Verbose: 0 : SshRelayStream [TX: 0 TXA: 0 RX: 1 AQ: 0]: Disconnecting, preparing to reconnect
Google.Solutions.Compute Verbose: 0 : SshRelayStream [TX: 0 TXA: 0 RX: 1 AQ: 0]: Disconnecting, preparing to reconnect
Google.Solutions.Compute Verbose: 0 : SshRelayStream [TX: 0 TXA: 0 RX: 1 AQ: 0]: Disconnecting, preparing to reconnect
Google.Solutions.Compute Verbose: 0 : SshRelayStream [TX: 0 TXA: 0 RX: 1 AQ: 0]: Disconnecting, preparing to reconnect
Google.Solutions.Compute Verbose: 0 : SshRelayStream [TX: 0 TXA: 0 RX: 1 AQ: 0]: Disconnecting, preparing to reconnect
Google.Solutions.Compute Verbose: 0 : SshRelayStream [TX: 0 TXA: 0 RX: 1 AQ: 0]: Disconnecting, preparing to reconnect
Google.Solutions.Compute Verbose: 0 : SshRelayStream [TX: 0 TXA: 0 RX: 1 AQ: 0]: Disconnecting, preparing to reconnect
Google.Solutions.Compute Verbose: 0 : SshRelayStream [TX: 0 TXA: 0 RX: 1 AQ: 0]: Disconnecting, preparing to reconnect
Google.Solutions.Compute Verbose: 0 : SshRelayStream [TX: 0 TXA: 0 RX: 1 AQ: 0]: Disconnecting, preparing to reconnect
Google.Solutions.Compute Verbose: 0 : SshRelayStream [TX: 0 TXA: 0 RX: 1 AQ: 0]: Disonnected.
Google.Solutions.Compute Verbose: 0 : SshRelayStream [TX: 0 TXA: 0 RX: 1 AQ: 0]: Disonnected.
Google.Solutions.Compute Verbose: 0 : SshRelayStream [TX: 0 TXA: 0 RX: 1 AQ: 0]: Disonnected.
Google.Solutions.Compute Verbose: 0 : SshRelayStream [TX: 0 TXA: 0 RX: 1 AQ: 0]: Disonnected.
Google.Solutions.Compute Verbose: 0 : SshRelayStream [TX: 0 TXA: 0 RX: 1 AQ: 0]: Disonnected.
Google.Solutions.Compute Verbose: 0 : SshRelayStream [TX: 0 TXA: 0 RX: 1 AQ: 0]: Disonnected.
Google.Solutions.Compute Verbose: 0 : SshRelayStream [TX: 0 TXA: 0 RX: 1 AQ: 0]: Disonnected.
Google.Solutions.Compute Verbose: 0 : SshRelayStream [TX: 0 TXA: 0 RX: 1 AQ: 0]: Disonnected.
Google.Solutions.Compute Verbose: 0 : SshRelayStream [TX: 0 TXA: 0 RX: 1 AQ: 0]: Disonnected.
Google.Solutions.Compute Verbose: 0 : SshRelayStream [TX: 0 TXA: 0 RX: 1 AQ: 0]: Disonnected.
Google.Solutions.Compute Verbose: 0 : SshRelayStream [TX: 0 TXA: 0 RX: 1 AQ: 0]: Disonnected.
Google.Solutions.Compute Verbose: 0 : SshRelayStream [TX: 0 TXA: 0 RX: 1 AQ: 0]: Disonnected.
Google.Solutions.Compute Verbose: 0 : SshRelayStream [TX: 0 TXA: 0 RX: 1 AQ: 0]: Disonnected.
Google.Solutions.Compute Verbose: 0 : SshRelayStream [TX: 0 TXA: 0 RX: 1 AQ: 0]: Disonnected.
Google.Solutions.Compute Verbose: 0 : SshRelayStream [TX: 0 TXA: 0 RX: 1 AQ: 0]: Disonnected.
Google.Solutions.Compute Verbose: 0 : SshRelayStream [TX: 0 TXA: 0 RX: 1 AQ: 0]: Disonnected.
Google.Solutions.Compute Verbose: 0 : SshRelayStream [TX: 0 TXA: 0 RX: 1 AQ: 0]: Disonnected.
Google.Solutions.Compute Verbose: 0 : SshRelayStream [TX: 0 TXA: 0 RX: 1 AQ: 0]: Disonnected.
Google.Solutions.Compute Verbose: 0 : SshRelayStream [TX: 0 TXA: 0 RX: 1 AQ: 0]: Reconnecting...
Google.Solutions.Compute Verbose: 0 : SshRelayStream [TX: 0 TXA: 0 RX: 1 AQ: 0]: Reconnecting...
Google.Solutions.Compute Verbose: 0 : SshRelayStream [TX: 0 TXA: 0 RX: 1 AQ: 0]: Reconnecting...
Google.Solutions.Compute Verbose: 0 : SshRelayStream [TX: 0 TXA: 0 RX: 1 AQ: 0]: Reconnecting...
Google.Solutions.Compute Verbose: 0 : SshRelayStream [TX: 0 TXA: 0 RX: 1 AQ: 0]: Reconnecting...
Google.Solutions.Compute Verbose: 0 : SshRelayStream [TX: 0 TXA: 0 RX: 1 AQ: 0]: Reconnecting...
Google.Solutions.Compute Verbose: 0 : SshRelayStream [TX: 0 TXA: 0 RX: 1 AQ: 0]: Reconnecting...
Google.Solutions.Compute Verbose: 0 : SshRelayStream [TX: 0 TXA: 0 RX: 1 AQ: 0]: Reconnecting...
Google.Solutions.Compute Verbose: 0 : SshRelayStream [TX: 0 TXA: 0 RX: 1 AQ: 0]: Reconnecting...
Google.Solutions.Compute Verbose: 0 : SshRelayStream [TX: 0 TXA: 0 RX: 1 AQ: 0]: Reconnecting...
Google.Solutions.Compute Verbose: 0 : SshRelayStream [TX: 0 TXA: 0 RX: 1 AQ: 0]: Reconnecting...
Google.Solutions.Compute Verbose: 0 : SshRelayStream [TX: 0 TXA: 0 RX: 1 AQ: 0]: Reconnecting...
Google.Solutions.Compute Verbose: 0 : SshRelayStream [TX: 0 TXA: 0 RX: 1 AQ: 0]: Reconnecting...
Google.Solutions.Compute Verbose: 0 : SshRelayStream [TX: 0 TXA: 0 RX: 1 AQ: 0]: Reconnecting...
Google.Solutions.Compute Verbose: 0 : SshRelayStream [TX: 0 TXA: 0 RX: 1 AQ: 0]: Reconnecting...
Google.Solutions.Compute Verbose: 0 : SshRelayStream [TX: 0 TXA: 0 RX: 1 AQ: 0]: Reconnecting...
Google.Solutions.Compute Verbose: 0 : SshRelayStream [TX: 0 TXA: 0 RX: 1 AQ: 0]: Reconnecting...
Google.Solutions.Compute Verbose: 0 : SshRelayStream [TX: 0 TXA: 0 RX: 1 AQ: 0]: Reconnecting...
Google.Solutions.Compute Verbose: 0 : SshRelayStream [TX: 0 TXA: 0 RX: 1 AQ: 0]: Connected session &lt;\u0000&gt;
Google.Solutions.Compute Verbose: 0 : SshRelayStream [TX: 0 TXA: 0 RX: 1 AQ: 0]: Connected session &lt;\u0000&gt;
Google.Solutions.Compute Verbose: 0 : SshRelayStream [TX: 0 TXA: 0 RX: 1 AQ: 0]: Connected session &lt;\u0000&gt;
Google.Solutions.Compute Verbose: 0 : SshRelayStream [TX: 0 TXA: 0 RX: 1 AQ: 0]: Connected session &lt;\u0000&gt;
Google.Solutions.Compute Verbose: 0 : SshRelayStream [TX: 0 TXA: 0 RX: 1 AQ: 0]: Connected session &lt;\u0000&gt;
Google.Solutions.Compute Verbose: 0 : SshRelayStream [TX: 0 TXA: 0 RX: 1 AQ: 0]: Connected session &lt;\u0000&gt;
Google.Solutions.Compute Verbose: 0 : SshRelayStream [TX: 0 TXA: 0 RX: 1 AQ: 0]: Connected session &lt;\u0000&gt;
Google.Solutions.Compute Verbose: 0 : SshRelayStream [TX: 0 TXA: 0 RX: 1 AQ: 0]: Connected session &lt;\u0000&gt;
Google.Solutions.Compute Verbose: 0 : SshRelayStream [TX: 0 TXA: 0 RX: 1 AQ: 0]: Connected session &lt;\u0000&gt;
Google.Solutions.Compute Verbose: 0 : SshRelayStream [TX: 0 TXA: 0 RX: 1 AQ: 0]: Connected session &lt;\u0000&gt;
Google.Solutions.Compute Verbose: 0 : SshRelayStream [TX: 0 TXA: 0 RX: 1 AQ: 0]: Connected session &lt;\u0000&gt;
Google.Solutions.Compute Verbose: 0 : SshRelayStream [TX: 0 TXA: 0 RX: 1 AQ: 0]: Connected session &lt;\u0000&gt;
Google.Solutions.Compute Verbose: 0 : SshRelayStream [TX: 0 TXA: 0 RX: 1 AQ: 0]: Connected session &lt;\u0000&gt;
Google.Solutions.Compute Verbose: 0 : SshRelayStream [TX: 0 TXA: 0 RX: 1 AQ: 0]: Connected session &lt;\u0000&gt;
Google.Solutions.Compute Verbose: 0 : SshRelayStream [TX: 0 TXA: 0 RX: 1 AQ: 0]: Connected session &lt;\u0000&gt;
Google.Solutions.Compute Verbose: 0 : SshRelayStream [TX: 0 TXA: 0 RX: 1 AQ: 0]: Connected session &lt;\u0000&gt;
Google.Solutions.Compute Verbose: 0 : SshRelayStream [TX: 0 TXA: 0 RX: 1 AQ: 0]: Connected session &lt;\u0000&gt;
Google.Solutions.Compute Verbose: 0 : SshRelayStream [TX: 0 TXA: 0 RX: 1 AQ: 0]: Connected session &lt;\u0000&gt;
Google.Solutions.Compute Verbose: 0 : SshRelayStream [TX: 0 TXA: 0 RX: 1 AQ: 0]: Received data (2 bytes)
Google.Solutions.Compute Verbose: 0 : SshRelayStream [TX: 0 TXA: 0 RX: 1 AQ: 0]: Received data (2 bytes)
Google.Solutions.Compute Verbose: 0 : SshRelayStream [TX: 0 TXA: 0 RX: 1 AQ: 0]: Received data (2 bytes)
Google.Solutions.Compute Verbose: 0 : SshRelayStream [TX: 0 TXA: 0 RX: 1 AQ: 0]: Received data (2 bytes)
Google.Solutions.Compute Verbose: 0 : SshRelayStream [TX: 0 TXA: 0 RX: 1 AQ: 0]: Received data (2 bytes)
Google.Solutions.Compute Verbose: 0 : SshRelayStream [TX: 0 TXA: 0 RX: 1 AQ: 0]: Received data (2 bytes)
Google.Solutions.Compute Verbose: 0 : SshRelayStream [TX: 0 TXA: 0 RX: 1 AQ: 0]: Received data (2 bytes)
Google.Solutions.Compute Verbose: 0 : SshRelayStream [TX: 0 TXA: 0 RX: 1 AQ: 0]: Received data (2 bytes)
Google.Solutions.Compute Verbose: 0 : SshRelayStream [TX: 0 TXA: 0 RX: 1 AQ: 0]: Received data (2 bytes)
Google.Solutions.Compute Verbose: 0 : SshRelayStream [TX: 0 TXA: 0 RX: 1 AQ: 0]: Received data (2 bytes)
Google.Solutions.Compute Verbose: 0 : SshRelayStream [TX: 0 TXA: 0 RX: 1 AQ: 0]: Received data (2 bytes)
Google.Solutions.Compute Verbose: 0 : SshRelayStream [TX: 0 TXA: 0 RX: 1 AQ: 0]: Received data (2 bytes)
Google.Solutions.Compute Verbose: 0 : SshRelayStream [TX: 0 TXA: 0 RX: 1 AQ: 0]: Received data (2 bytes)
Google.Solutions.Compute Verbose: 0 : SshRelayStream [TX: 0 TXA: 0 RX: 1 AQ: 0]: Received data (2 bytes)
Google.Solutions.Compute Verbose: 0 : SshRelayStream [TX: 0 TXA: 0 RX: 1 AQ: 0]: Received data (2 bytes)
Google.Solutions.Compute Verbose: 0 : SshRelayStream [TX: 0 TXA: 0 RX: 1 AQ: 0]: Received data (2 bytes)
Google.Solutions.Compute Verbose: 0 : SshRelayStream [TX: 0 TXA: 0 RX: 1 AQ: 0]: Received data (2 bytes)
Google.Solutions.Compute Verbose: 0 : SshRelayStream [TX: 0 TXA: 0 RX: 1 AQ: 0]: Received data (2 bytes)
</system-out></testcase><testcase name="ReadAfterForcefulServerCloseCausesReconnectIfDataReadBefore(4000)" assertions="4" time="0.000652" status="Passed" classname="Google.Solutions.Compute.Test.Iap.TestSshRelayStreamReading"><system-out>Google.Solutions.Compute Verbose: 0 : SshRelayStream [TX: 0 TXA: 0 RX: 0 AQ: 0]: Connecting...
Google.Solutions.Compute Verbose: 0 : SshRelayStream [TX: 0 TXA: 0 RX: 0 AQ: 0]: Connecting...
Google.Solutions.Compute Verbose: 0 : SshRelayStream [TX: 0 TXA: 0 RX: 0 AQ: 0]: Connecting...
Google.Solutions.Compute Verbose: 0 : SshRelayStream [TX: 0 TXA: 0 RX: 0 AQ: 0]: Connecting...
Google.Solutions.Compute Verbose: 0 : SshRelayStream [TX: 0 TXA: 0 RX: 0 AQ: 0]: Connecting...
Google.Solutions.Compute Verbose: 0 : SshRelayStream [TX: 0 TXA: 0 RX: 0 AQ: 0]: Connecting...
Google.Solutions.Compute Verbose: 0 : SshRelayStream [TX: 0 TXA: 0 RX: 0 AQ: 0]: Connecting...
Google.Solutions.Compute Verbose: 0 : SshRelayStream [TX: 0 TXA: 0 RX: 0 AQ: 0]: Connecting...
Google.Solutions.Compute Verbose: 0 : SshRelayStream [TX: 0 TXA: 0 RX: 0 AQ: 0]: Connecting...
Google.Solutions.Compute Verbose: 0 : SshRelayStream [TX: 0 TXA: 0 RX: 0 AQ: 0]: Connecting...
Google.Solutions.Compute Verbose: 0 : SshRelayStream [TX: 0 TXA: 0 RX: 0 AQ: 0]: Connecting...
Google.Solutions.Compute Verbose: 0 : SshRelayStream [TX: 0 TXA: 0 RX: 0 AQ: 0]: Connecting...
Google.Solutions.Compute Verbose: 0 : SshRelayStream [TX: 0 TXA: 0 RX: 0 AQ: 0]: Connecting...
Google.Solutions.Compute Verbose: 0 : SshRelayStream [TX: 0 TXA: 0 RX: 0 AQ: 0]: Connecting...
Google.Solutions.Compute Verbose: 0 : SshRelayStream [TX: 0 TXA: 0 RX: 0 AQ: 0]: Connecting...
Google.Solutions.Compute Verbose: 0 : SshRelayStream [TX: 0 TXA: 0 RX: 0 AQ: 0]: Connecting...
Google.Solutions.Compute Verbose: 0 : SshRelayStream [TX: 0 TXA: 0 RX: 0 AQ: 0]: Connecting...
Google.Solutions.Compute Verbose: 0 : SshRelayStream [TX: 0 TXA: 0 RX: 0 AQ: 0]: Connecting...
Google.Solutions.Compute Verbose: 0 : SshRelayStream [TX: 0 TXA: 0 RX: 0 AQ: 0]: Connecting...
Google.Solutions.Compute Verbose: 0 : SshRelayStream [TX: 0 TXA: 0 RX: 0 AQ: 0]: Connected session &lt;\u0000&gt;
Google.Solutions.Compute Verbose: 0 : SshRelayStream [TX: 0 TXA: 0 RX: 0 AQ: 0]: Connected session &lt;\u0000&gt;
Google.Solutions.Compute Verbose: 0 : SshRelayStream [TX: 0 TXA: 0 RX: 0 AQ: 0]: Connected session &lt;\u0000&gt;
Google.Solutions.Compute Verbose: 0 : SshRelayStream [TX: 0 TXA: 0 RX: 0 AQ: 0]: Connected session &lt;\u0000&gt;
Google.Solutions.Compute Verbose: 0 : SshRelayStream [TX: 0 TXA: 0 RX: 0 AQ: 0]: Connected session &lt;\u0000&gt;
Google.Solutions.Compute Verbose: 0 : SshRelayStream [TX: 0 TXA: 0 RX: 0 AQ: 0]: Connected session &lt;\u0000&gt;
Google.Solutions.Compute Verbose: 0 : SshRelayStream [TX: 0 TXA: 0 RX: 0 AQ: 0]: Connected session &lt;\u0000&gt;
Google.Solutions.Compute Verbose: 0 : SshRelayStream [TX: 0 TXA: 0 RX: 0 AQ: 0]: Connected session &lt;\u0000&gt;
Google.Solutions.Compute Verbose: 0 : SshRelayStream [TX: 0 TXA: 0 RX: 0 AQ: 0]: Connected session &lt;\u0000&gt;
Google.Solutions.Compute Verbose: 0 : SshRelayStream [TX: 0 TXA: 0 RX: 0 AQ: 0]: Connected session &lt;\u0000&gt;
Google.Solutions.Compute Verbose: 0 : SshRelayStream [TX: 0 TXA: 0 RX: 0 AQ: 0]: Connected session &lt;\u0000&gt;
Google.Solutions.Compute Verbose: 0 : SshRelayStream [TX: 0 TXA: 0 RX: 0 AQ: 0]: Connected session &lt;\u0000&gt;
Google.Solutions.Compute Verbose: 0 : SshRelayStream [TX: 0 TXA: 0 RX: 0 AQ: 0]: Connected session &lt;\u0000&gt;
Google.Solutions.Compute Verbose: 0 : SshRelayStream [TX: 0 TXA: 0 RX: 0 AQ: 0]: Connected session &lt;\u0000&gt;
Google.Solutions.Compute Verbose: 0 : SshRelayStream [TX: 0 TXA: 0 RX: 0 AQ: 0]: Connected session &lt;\u0000&gt;
Google.Solutions.Compute Verbose: 0 : SshRelayStream [TX: 0 TXA: 0 RX: 0 AQ: 0]: Connected session &lt;\u0000&gt;
Google.Solutions.Compute Verbose: 0 : SshRelayStream [TX: 0 TXA: 0 RX: 0 AQ: 0]: Connected session &lt;\u0000&gt;
Google.Solutions.Compute Verbose: 0 : SshRelayStream [TX: 0 TXA: 0 RX: 0 AQ: 0]: Connected session &lt;\u0000&gt;
Google.Solutions.Compute Verbose: 0 : SshRelayStream [TX: 0 TXA: 0 RX: 0 AQ: 0]: Connected session &lt;\u0000&gt;
Google.Solutions.Compute Verbose: 0 : SshRelayStream [TX: 0 TXA: 0 RX: 0 AQ: 0]: Received data (1 bytes)
Google.Solutions.Compute Verbose: 0 : SshRelayStream [TX: 0 TXA: 0 RX: 0 AQ: 0]: Received data (1 bytes)
Google.Solutions.Compute Verbose: 0 : SshRelayStream [TX: 0 TXA: 0 RX: 0 AQ: 0]: Received data (1 bytes)
Google.Solutions.Compute Verbose: 0 : SshRelayStream [TX: 0 TXA: 0 RX: 0 AQ: 0]: Received data (1 bytes)
Google.Solutions.Compute Verbose: 0 : SshRelayStream [TX: 0 TXA: 0 RX: 0 AQ: 0]: Received data (1 bytes)
Google.Solutions.Compute Verbose: 0 : SshRelayStream [TX: 0 TXA: 0 RX: 0 AQ: 0]: Received data (1 bytes)
Google.Solutions.Compute Verbose: 0 : SshRelayStream [TX: 0 TXA: 0 RX: 0 AQ: 0]: Received data (1 bytes)
Google.Solutions.Compute Verbose: 0 : SshRelayStream [TX: 0 TXA: 0 RX: 0 AQ: 0]: Received data (1 bytes)
Google.Solutions.Compute Verbose: 0 : SshRelayStream [TX: 0 TXA: 0 RX: 0 AQ: 0]: Received data (1 bytes)
Google.Solutions.Compute Verbose: 0 : SshRelayStream [TX: 0 TXA: 0 RX: 0 AQ: 0]: Received data (1 bytes)
Google.Solutions.Compute Verbose: 0 : SshRelayStream [TX: 0 TXA: 0 RX: 0 AQ: 0]: Received data (1 bytes)
Google.Solutions.Compute Verbose: 0 : SshRelayStream [TX: 0 TXA: 0 RX: 0 AQ: 0]: Received data (1 bytes)
Google.Solutions.Compute Verbose: 0 : SshRelayStream [TX: 0 TXA: 0 RX: 0 AQ: 0]: Received data (1 bytes)
Google.Solutions.Compute Verbose: 0 : SshRelayStream [TX: 0 TXA: 0 RX: 0 AQ: 0]: Received data (1 bytes)
Google.Solutions.Compute Verbose: 0 : SshRelayStream [TX: 0 TXA: 0 RX: 0 AQ: 0]: Received data (1 bytes)
Google.Solutions.Compute Verbose: 0 : SshRelayStream [TX: 0 TXA: 0 RX: 0 AQ: 0]: Received data (1 bytes)
Google.Solutions.Compute Verbose: 0 : SshRelayStream [TX: 0 TXA: 0 RX: 0 AQ: 0]: Received data (1 bytes)
Google.Solutions.Compute Verbose: 0 : SshRelayStream [TX: 0 TXA: 0 RX: 0 AQ: 0]: Received data (1 bytes)
Google.Solutions.Compute Verbose: 0 : SshRelayStream [TX: 0 TXA: 0 RX: 0 AQ: 0]: Received data (1 bytes)
Google.Solutions.Compute Verbose: 0 : SshRelayStream [TX: 0 TXA: 0 RX: 1 AQ: 0]: Connection closed abnormally: ERROR_UNKNOWN
Google.Solutions.Compute Verbose: 0 : SshRelayStream [TX: 0 TXA: 0 RX: 1 AQ: 0]: Connection closed abnormally: ERROR_UNKNOWN
Google.Solutions.Compute Verbose: 0 : SshRelayStream [TX: 0 TXA: 0 RX: 1 AQ: 0]: Connection closed abnormally: ERROR_UNKNOWN
Google.Solutions.Compute Verbose: 0 : SshRelayStream [TX: 0 TXA: 0 RX: 1 AQ: 0]: Connection closed abnormally: ERROR_UNKNOWN
Google.Solutions.Compute Verbose: 0 : SshRelayStream [TX: 0 TXA: 0 RX: 1 AQ: 0]: Connection closed abnormally: ERROR_UNKNOWN
Google.Solutions.Compute Verbose: 0 : SshRelayStream [TX: 0 TXA: 0 RX: 1 AQ: 0]: Connection closed abnormally: ERROR_UNKNOWN
Google.Solutions.Compute Verbose: 0 : SshRelayStream [TX: 0 TXA: 0 RX: 1 AQ: 0]: Connection closed abnormally: ERROR_UNKNOWN
Google.Solutions.Compute Verbose: 0 : SshRelayStream [TX: 0 TXA: 0 RX: 1 AQ: 0]: Connection closed abnormally: ERROR_UNKNOWN
Google.Solutions.Compute Verbose: 0 : SshRelayStream [TX: 0 TXA: 0 RX: 1 AQ: 0]: Connection closed abnormally: ERROR_UNKNOWN
Google.Solutions.Compute Verbose: 0 : SshRelayStream [TX: 0 TXA: 0 RX: 1 AQ: 0]: Connection closed abnormally: ERROR_UNKNOWN
Google.Solutions.Compute Verbose: 0 : SshRelayStream [TX: 0 TXA: 0 RX: 1 AQ: 0]: Connection closed abnormally: ERROR_UNKNOWN
Google.Solutions.Compute Verbose: 0 : SshRelayStream [TX: 0 TXA: 0 RX: 1 AQ: 0]: Connection closed abnormally: ERROR_UNKNOWN
Google.Solutions.Compute Verbose: 0 : SshRelayStream [TX: 0 TXA: 0 RX: 1 AQ: 0]: Connection closed abnormally: ERROR_UNKNOWN
Google.Solutions.Compute Verbose: 0 : SshRelayStream [TX: 0 TXA: 0 RX: 1 AQ: 0]: Connection closed abnormally: ERROR_UNKNOWN
Google.Solutions.Compute Verbose: 0 : SshRelayStream [TX: 0 TXA: 0 RX: 1 AQ: 0]: Connection closed abnormally: ERROR_UNKNOWN
Google.Solutions.Compute Verbose: 0 : SshRelayStream [TX: 0 TXA: 0 RX: 1 AQ: 0]: Connection closed abnormally: ERROR_UNKNOWN
Google.Solutions.Compute Verbose: 0 : SshRelayStream [TX: 0 TXA: 0 RX: 1 AQ: 0]: Connection closed abnormally: ERROR_UNKNOWN
Google.Solutions.Compute Verbose: 0 : SshRelayStream [TX: 0 TXA: 0 RX: 1 AQ: 0]: Connection closed abnormally: ERROR_UNKNOWN
Google.Solutions.Compute Verbose: 0 : SshRelayStream [TX: 0 TXA: 0 RX: 1 AQ: 0]: Connection closed abnormally: ERROR_UNKNOWN
Google.Solutions.Compute Verbose: 0 : SshRelayStream [TX: 0 TXA: 0 RX: 1 AQ: 0]: Disconnecting, preparing to reconnect
Google.Solutions.Compute Verbose: 0 : SshRelayStream [TX: 0 TXA: 0 RX: 1 AQ: 0]: Disconnecting, preparing to reconnect
Google.Solutions.Compute Verbose: 0 : SshRelayStream [TX: 0 TXA: 0 RX: 1 AQ: 0]: Disconnecting, preparing to reconnect
Google.Solutions.Compute Verbose: 0 : SshRelayStream [TX: 0 TXA: 0 RX: 1 AQ: 0]: Disconnecting, preparing to reconnect
Google.Solutions.Compute Verbose: 0 : SshRelayStream [TX: 0 TXA: 0 RX: 1 AQ: 0]: Disconnecting, preparing to reconnect
Google.Solutions.Compute Verbose: 0 : SshRelayStream [TX: 0 TXA: 0 RX: 1 AQ: 0]: Disconnecting, preparing to reconnect
Google.Solutions.Compute Verbose: 0 : SshRelayStream [TX: 0 TXA: 0 RX: 1 AQ: 0]: Disconnecting, preparing to reconnect
Google.Solutions.Compute Verbose: 0 : SshRelayStream [TX: 0 TXA: 0 RX: 1 AQ: 0]: Disconnecting, preparing to reconnect
Google.Solutions.Compute Verbose: 0 : SshRelayStream [TX: 0 TXA: 0 RX: 1 AQ: 0]: Disconnecting, preparing to reconnect
Google.Solutions.Compute Verbose: 0 : SshRelayStream [TX: 0 TXA: 0 RX: 1 AQ: 0]: Disconnecting, preparing to reconnect
Google.Solutions.Compute Verbose: 0 : SshRelayStream [TX: 0 TXA: 0 RX: 1 AQ: 0]: Disconnecting, preparing to reconnect
Google.Solutions.Compute Verbose: 0 : SshRelayStream [TX: 0 TXA: 0 RX: 1 AQ: 0]: Disconnecting, preparing to reconnect
Google.Solutions.Compute Verbose: 0 : SshRelayStream [TX: 0 TXA: 0 RX: 1 AQ: 0]: Disconnecting, preparing to reconnect
Google.Solutions.Compute Verbose: 0 : SshRelayStream [TX: 0 TXA: 0 RX: 1 AQ: 0]: Disconnecting, preparing to reconnect
Google.Solutions.Compute Verbose: 0 : SshRelayStream [TX: 0 TXA: 0 RX: 1 AQ: 0]: Disconnecting, preparing to reconnect
Google.Solutions.Compute Verbose: 0 : SshRelayStream [TX: 0 TXA: 0 RX: 1 AQ: 0]: Disconnecting, preparing to reconnect
Google.Solutions.Compute Verbose: 0 : SshRelayStream [TX: 0 TXA: 0 RX: 1 AQ: 0]: Disconnecting, preparing to reconnect
Google.Solutions.Compute Verbose: 0 : SshRelayStream [TX: 0 TXA: 0 RX: 1 AQ: 0]: Disconnecting, preparing to reconnect
Google.Solutions.Compute Verbose: 0 : SshRelayStream [TX: 0 TXA: 0 RX: 1 AQ: 0]: Disconnecting, preparing to reconnect
Google.Solutions.Compute Verbose: 0 : SshRelayStream [TX: 0 TXA: 0 RX: 1 AQ: 0]: Disonnected.
Google.Solutions.Compute Verbose: 0 : SshRelayStream [TX: 0 TXA: 0 RX: 1 AQ: 0]: Disonnected.
Google.Solutions.Compute Verbose: 0 : SshRelayStream [TX: 0 TXA: 0 RX: 1 AQ: 0]: Disonnected.
Google.Solutions.Compute Verbose: 0 : SshRelayStream [TX: 0 TXA: 0 RX: 1 AQ: 0]: Disonnected.
Google.Solutions.Compute Verbose: 0 : SshRelayStream [TX: 0 TXA: 0 RX: 1 AQ: 0]: Disonnected.
Google.Solutions.Compute Verbose: 0 : SshRelayStream [TX: 0 TXA: 0 RX: 1 AQ: 0]: Disonnected.
Google.Solutions.Compute Verbose: 0 : SshRelayStream [TX: 0 TXA: 0 RX: 1 AQ: 0]: Disonnected.
Google.Solutions.Compute Verbose: 0 : SshRelayStream [TX: 0 TXA: 0 RX: 1 AQ: 0]: Disonnected.
Google.Solutions.Compute Verbose: 0 : SshRelayStream [TX: 0 TXA: 0 RX: 1 AQ: 0]: Disonnected.
Google.Solutions.Compute Verbose: 0 : SshRelayStream [TX: 0 TXA: 0 RX: 1 AQ: 0]: Disonnected.
Google.Solutions.Compute Verbose: 0 : SshRelayStream [TX: 0 TXA: 0 RX: 1 AQ: 0]: Disonnected.
Google.Solutions.Compute Verbose: 0 : SshRelayStream [TX: 0 TXA: 0 RX: 1 AQ: 0]: Disonnected.
Google.Solutions.Compute Verbose: 0 : SshRelayStream [TX: 0 TXA: 0 RX: 1 AQ: 0]: Disonnected.
Google.Solutions.Compute Verbose: 0 : SshRelayStream [TX: 0 TXA: 0 RX: 1 AQ: 0]: Disonnected.
Google.Solutions.Compute Verbose: 0 : SshRelayStream [TX: 0 TXA: 0 RX: 1 AQ: 0]: Disonnected.
Google.Solutions.Compute Verbose: 0 : SshRelayStream [TX: 0 TXA: 0 RX: 1 AQ: 0]: Disonnected.
Google.Solutions.Compute Verbose: 0 : SshRelayStream [TX: 0 TXA: 0 RX: 1 AQ: 0]: Disonnected.
Google.Solutions.Compute Verbose: 0 : SshRelayStream [TX: 0 TXA: 0 RX: 1 AQ: 0]: Disonnected.
Google.Solutions.Compute Verbose: 0 : SshRelayStream [TX: 0 TXA: 0 RX: 1 AQ: 0]: Disonnected.
Google.Solutions.Compute Verbose: 0 : SshRelayStream [TX: 0 TXA: 0 RX: 1 AQ: 0]: Reconnecting...
Google.Solutions.Compute Verbose: 0 : SshRelayStream [TX: 0 TXA: 0 RX: 1 AQ: 0]: Reconnecting...
Google.Solutions.Compute Verbose: 0 : SshRelayStream [TX: 0 TXA: 0 RX: 1 AQ: 0]: Reconnecting...
Google.Solutions.Compute Verbose: 0 : SshRelayStream [TX: 0 TXA: 0 RX: 1 AQ: 0]: Reconnecting...
Google.Solutions.Compute Verbose: 0 : SshRelayStream [TX: 0 TXA: 0 RX: 1 AQ: 0]: Reconnecting...
Google.Solutions.Compute Verbose: 0 : SshRelayStream [TX: 0 TXA: 0 RX: 1 AQ: 0]: Reconnecting...
Google.Solutions.Compute Verbose: 0 : SshRelayStream [TX: 0 TXA: 0 RX: 1 AQ: 0]: Reconnecting...
Google.Solutions.Compute Verbose: 0 : SshRelayStream [TX: 0 TXA: 0 RX: 1 AQ: 0]: Reconnecting...
Google.Solutions.Compute Verbose: 0 : SshRelayStream [TX: 0 TXA: 0 RX: 1 AQ: 0]: Reconnecting...
Google.Solutions.Compute Verbose: 0 : SshRelayStream [TX: 0 TXA: 0 RX: 1 AQ: 0]: Reconnecting...
Google.Solutions.Compute Verbose: 0 : SshRelayStream [TX: 0 TXA: 0 RX: 1 AQ: 0]: Reconnecting...
Google.Solutions.Compute Verbose: 0 : SshRelayStream [TX: 0 TXA: 0 RX: 1 AQ: 0]: Reconnecting...
Google.Solutions.Compute Verbose: 0 : SshRelayStream [TX: 0 TXA: 0 RX: 1 AQ: 0]: Reconnecting...
Google.Solutions.Compute Verbose: 0 : SshRelayStream [TX: 0 TXA: 0 RX: 1 AQ: 0]: Reconnecting...
Google.Solutions.Compute Verbose: 0 : SshRelayStream [TX: 0 TXA: 0 RX: 1 AQ: 0]: Reconnecting...
Google.Solutions.Compute Verbose: 0 : SshRelayStream [TX: 0 TXA: 0 RX: 1 AQ: 0]: Reconnecting...
Google.Solutions.Compute Verbose: 0 : SshRelayStream [TX: 0 TXA: 0 RX: 1 AQ: 0]: Reconnecting...
Google.Solutions.Compute Verbose: 0 : SshRelayStream [TX: 0 TXA: 0 RX: 1 AQ: 0]: Reconnecting...
Google.Solutions.Compute Verbose: 0 : SshRelayStream [TX: 0 TXA: 0 RX: 1 AQ: 0]: Reconnecting...
Google.Solutions.Compute Verbose: 0 : SshRelayStream [TX: 0 TXA: 0 RX: 1 AQ: 0]: Connected session &lt;\u0000&gt;
Google.Solutions.Compute Verbose: 0 : SshRelayStream [TX: 0 TXA: 0 RX: 1 AQ: 0]: Connected session &lt;\u0000&gt;
Google.Solutions.Compute Verbose: 0 : SshRelayStream [TX: 0 TXA: 0 RX: 1 AQ: 0]: Connected session &lt;\u0000&gt;
Google.Solutions.Compute Verbose: 0 : SshRelayStream [TX: 0 TXA: 0 RX: 1 AQ: 0]: Connected session &lt;\u0000&gt;
Google.Solutions.Compute Verbose: 0 : SshRelayStream [TX: 0 TXA: 0 RX: 1 AQ: 0]: Connected session &lt;\u0000&gt;
Google.Solutions.Compute Verbose: 0 : SshRelayStream [TX: 0 TXA: 0 RX: 1 AQ: 0]: Connected session &lt;\u0000&gt;
Google.Solutions.Compute Verbose: 0 : SshRelayStream [TX: 0 TXA: 0 RX: 1 AQ: 0]: Connected session &lt;\u0000&gt;
Google.Solutions.Compute Verbose: 0 : SshRelayStream [TX: 0 TXA: 0 RX: 1 AQ: 0]: Connected session &lt;\u0000&gt;
Google.Solutions.Compute Verbose: 0 : SshRelayStream [TX: 0 TXA: 0 RX: 1 AQ: 0]: Connected session &lt;\u0000&gt;
Google.Solutions.Compute Verbose: 0 : SshRelayStream [TX: 0 TXA: 0 RX: 1 AQ: 0]: Connected session &lt;\u0000&gt;
Google.Solutions.Compute Verbose: 0 : SshRelayStream [TX: 0 TXA: 0 RX: 1 AQ: 0]: Connected session &lt;\u0000&gt;
Google.Solutions.Compute Verbose: 0 : SshRelayStream [TX: 0 TXA: 0 RX: 1 AQ: 0]: Connected session &lt;\u0000&gt;
Google.Solutions.Compute Verbose: 0 : SshRelayStream [TX: 0 TXA: 0 RX: 1 AQ: 0]: Connected session &lt;\u0000&gt;
Google.Solutions.Compute Verbose: 0 : SshRelayStream [TX: 0 TXA: 0 RX: 1 AQ: 0]: Connected session &lt;\u0000&gt;
Google.Solutions.Compute Verbose: 0 : SshRelayStream [TX: 0 TXA: 0 RX: 1 AQ: 0]: Connected session &lt;\u0000&gt;
Google.Solutions.Compute Verbose: 0 : SshRelayStream [TX: 0 TXA: 0 RX: 1 AQ: 0]: Connected session &lt;\u0000&gt;
Google.Solutions.Compute Verbose: 0 : SshRelayStream [TX: 0 TXA: 0 RX: 1 AQ: 0]: Connected session &lt;\u0000&gt;
Google.Solutions.Compute Verbose: 0 : SshRelayStream [TX: 0 TXA: 0 RX: 1 AQ: 0]: Connected session &lt;\u0000&gt;
Google.Solutions.Compute Verbose: 0 : SshRelayStream [TX: 0 TXA: 0 RX: 1 AQ: 0]: Connected session &lt;\u0000&gt;
Google.Solutions.Compute Verbose: 0 : SshRelayStream [TX: 0 TXA: 0 RX: 1 AQ: 0]: Received data (2 bytes)
Google.Solutions.Compute Verbose: 0 : SshRelayStream [TX: 0 TXA: 0 RX: 1 AQ: 0]: Received data (2 bytes)
Google.Solutions.Compute Verbose: 0 : SshRelayStream [TX: 0 TXA: 0 RX: 1 AQ: 0]: Received data (2 bytes)
Google.Solutions.Compute Verbose: 0 : SshRelayStream [TX: 0 TXA: 0 RX: 1 AQ: 0]: Received data (2 bytes)
Google.Solutions.Compute Verbose: 0 : SshRelayStream [TX: 0 TXA: 0 RX: 1 AQ: 0]: Received data (2 bytes)
Google.Solutions.Compute Verbose: 0 : SshRelayStream [TX: 0 TXA: 0 RX: 1 AQ: 0]: Received data (2 bytes)
Google.Solutions.Compute Verbose: 0 : SshRelayStream [TX: 0 TXA: 0 RX: 1 AQ: 0]: Received data (2 bytes)
Google.Solutions.Compute Verbose: 0 : SshRelayStream [TX: 0 TXA: 0 RX: 1 AQ: 0]: Received data (2 bytes)
Google.Solutions.Compute Verbose: 0 : SshRelayStream [TX: 0 TXA: 0 RX: 1 AQ: 0]: Received data (2 bytes)
Google.Solutions.Compute Verbose: 0 : SshRelayStream [TX: 0 TXA: 0 RX: 1 AQ: 0]: Received data (2 bytes)
Google.Solutions.Compute Verbose: 0 : SshRelayStream [TX: 0 TXA: 0 RX: 1 AQ: 0]: Received data (2 bytes)
Google.Solutions.Compute Verbose: 0 : SshRelayStream [TX: 0 TXA: 0 RX: 1 AQ: 0]: Received data (2 bytes)
Google.Solutions.Compute Verbose: 0 : SshRelayStream [TX: 0 TXA: 0 RX: 1 AQ: 0]: Received data (2 bytes)
Google.Solutions.Compute Verbose: 0 : SshRelayStream [TX: 0 TXA: 0 RX: 1 AQ: 0]: Received data (2 bytes)
Google.Solutions.Compute Verbose: 0 : SshRelayStream [TX: 0 TXA: 0 RX: 1 AQ: 0]: Received data (2 bytes)
Google.Solutions.Compute Verbose: 0 : SshRelayStream [TX: 0 TXA: 0 RX: 1 AQ: 0]: Received data (2 bytes)
Google.Solutions.Compute Verbose: 0 : SshRelayStream [TX: 0 TXA: 0 RX: 1 AQ: 0]: Received data (2 bytes)
Google.Solutions.Compute Verbose: 0 : SshRelayStream [TX: 0 TXA: 0 RX: 1 AQ: 0]: Received data (2 bytes)
Google.Solutions.Compute Verbose: 0 : SshRelayStream [TX: 0 TXA: 0 RX: 1 AQ: 0]: Received data (2 bytes)
</system-out></testcase><testcase name="ReadAfterForcefulServerCloseCausesReconnectIfDataReadBefore(4008)" assertions="4" time="0.000468" status="Passed" classname="Google.Solutions.Compute.Test.Iap.TestSshRelayStreamReading"><system-out>Google.Solutions.Compute Verbose: 0 : SshRelayStream [TX: 0 TXA: 0 RX: 0 AQ: 0]: Connecting...
Google.Solutions.Compute Verbose: 0 : SshRelayStream [TX: 0 TXA: 0 RX: 0 AQ: 0]: Connecting...
Google.Solutions.Compute Verbose: 0 : SshRelayStream [TX: 0 TXA: 0 RX: 0 AQ: 0]: Connecting...
Google.Solutions.Compute Verbose: 0 : SshRelayStream [TX: 0 TXA: 0 RX: 0 AQ: 0]: Connecting...
Google.Solutions.Compute Verbose: 0 : SshRelayStream [TX: 0 TXA: 0 RX: 0 AQ: 0]: Connecting...
Google.Solutions.Compute Verbose: 0 : SshRelayStream [TX: 0 TXA: 0 RX: 0 AQ: 0]: Connecting...
Google.Solutions.Compute Verbose: 0 : SshRelayStream [TX: 0 TXA: 0 RX: 0 AQ: 0]: Connecting...
Google.Solutions.Compute Verbose: 0 : SshRelayStream [TX: 0 TXA: 0 RX: 0 AQ: 0]: Connecting...
Google.Solutions.Compute Verbose: 0 : SshRelayStream [TX: 0 TXA: 0 RX: 0 AQ: 0]: Connecting...
Google.Solutions.Compute Verbose: 0 : SshRelayStream [TX: 0 TXA: 0 RX: 0 AQ: 0]: Connecting...
Google.Solutions.Compute Verbose: 0 : SshRelayStream [TX: 0 TXA: 0 RX: 0 AQ: 0]: Connecting...
Google.Solutions.Compute Verbose: 0 : SshRelayStream [TX: 0 TXA: 0 RX: 0 AQ: 0]: Connecting...
Google.Solutions.Compute Verbose: 0 : SshRelayStream [TX: 0 TXA: 0 RX: 0 AQ: 0]: Connecting...
Google.Solutions.Compute Verbose: 0 : SshRelayStream [TX: 0 TXA: 0 RX: 0 AQ: 0]: Connecting...
Google.Solutions.Compute Verbose: 0 : SshRelayStream [TX: 0 TXA: 0 RX: 0 AQ: 0]: Connecting...
Google.Solutions.Compute Verbose: 0 : SshRelayStream [TX: 0 TXA: 0 RX: 0 AQ: 0]: Connecting...
Google.Solutions.Compute Verbose: 0 : SshRelayStream [TX: 0 TXA: 0 RX: 0 AQ: 0]: Connecting...
Google.Solutions.Compute Verbose: 0 : SshRelayStream [TX: 0 TXA: 0 RX: 0 AQ: 0]: Connecting...
Google.Solutions.Compute Verbose: 0 : SshRelayStream [TX: 0 TXA: 0 RX: 0 AQ: 0]: Connecting...
Google.Solutions.Compute Verbose: 0 : SshRelayStream [TX: 0 TXA: 0 RX: 0 AQ: 0]: Connecting...
Google.Solutions.Compute Verbose: 0 : SshRelayStream [TX: 0 TXA: 0 RX: 0 AQ: 0]: Connected session &lt;\u0000&gt;
Google.Solutions.Compute Verbose: 0 : SshRelayStream [TX: 0 TXA: 0 RX: 0 AQ: 0]: Connected session &lt;\u0000&gt;
Google.Solutions.Compute Verbose: 0 : SshRelayStream [TX: 0 TXA: 0 RX: 0 AQ: 0]: Connected session &lt;\u0000&gt;
Google.Solutions.Compute Verbose: 0 : SshRelayStream [TX: 0 TXA: 0 RX: 0 AQ: 0]: Connected session &lt;\u0000&gt;
Google.Solutions.Compute Verbose: 0 : SshRelayStream [TX: 0 TXA: 0 RX: 0 AQ: 0]: Connected session &lt;\u0000&gt;
Google.Solutions.Compute Verbose: 0 : SshRelayStream [TX: 0 TXA: 0 RX: 0 AQ: 0]: Connected session &lt;\u0000&gt;
Google.Solutions.Compute Verbose: 0 : SshRelayStream [TX: 0 TXA: 0 RX: 0 AQ: 0]: Connected session &lt;\u0000&gt;
Google.Solutions.Compute Verbose: 0 : SshRelayStream [TX: 0 TXA: 0 RX: 0 AQ: 0]: Connected session &lt;\u0000&gt;
Google.Solutions.Compute Verbose: 0 : SshRelayStream [TX: 0 TXA: 0 RX: 0 AQ: 0]: Connected session &lt;\u0000&gt;
Google.Solutions.Compute Verbose: 0 : SshRelayStream [TX: 0 TXA: 0 RX: 0 AQ: 0]: Connected session &lt;\u0000&gt;
Google.Solutions.Compute Verbose: 0 : SshRelayStream [TX: 0 TXA: 0 RX: 0 AQ: 0]: Connected session &lt;\u0000&gt;
Google.Solutions.Compute Verbose: 0 : SshRelayStream [TX: 0 TXA: 0 RX: 0 AQ: 0]: Connected session &lt;\u0000&gt;
Google.Solutions.Compute Verbose: 0 : SshRelayStream [TX: 0 TXA: 0 RX: 0 AQ: 0]: Connected session &lt;\u0000&gt;
Google.Solutions.Compute Verbose: 0 : SshRelayStream [TX: 0 TXA: 0 RX: 0 AQ: 0]: Connected session &lt;\u0000&gt;
Google.Solutions.Compute Verbose: 0 : SshRelayStream [TX: 0 TXA: 0 RX: 0 AQ: 0]: Connected session &lt;\u0000&gt;
Google.Solutions.Compute Verbose: 0 : SshRelayStream [TX: 0 TXA: 0 RX: 0 AQ: 0]: Connected session &lt;\u0000&gt;
Google.Solutions.Compute Verbose: 0 : SshRelayStream [TX: 0 TXA: 0 RX: 0 AQ: 0]: Connected session &lt;\u0000&gt;
Google.Solutions.Compute Verbose: 0 : SshRelayStream [TX: 0 TXA: 0 RX: 0 AQ: 0]: Connected session &lt;\u0000&gt;
Google.Solutions.Compute Verbose: 0 : SshRelayStream [TX: 0 TXA: 0 RX: 0 AQ: 0]: Connected session &lt;\u0000&gt;
Google.Solutions.Compute Verbose: 0 : SshRelayStream [TX: 0 TXA: 0 RX: 0 AQ: 0]: Connected session &lt;\u0000&gt;
Google.Solutions.Compute Verbose: 0 : SshRelayStream [TX: 0 TXA: 0 RX: 0 AQ: 0]: Received data (1 bytes)
Google.Solutions.Compute Verbose: 0 : SshRelayStream [TX: 0 TXA: 0 RX: 0 AQ: 0]: Received data (1 bytes)
Google.Solutions.Compute Verbose: 0 : SshRelayStream [TX: 0 TXA: 0 RX: 0 AQ: 0]: Received data (1 bytes)
Google.Solutions.Compute Verbose: 0 : SshRelayStream [TX: 0 TXA: 0 RX: 0 AQ: 0]: Received data (1 bytes)
Google.Solutions.Compute Verbose: 0 : SshRelayStream [TX: 0 TXA: 0 RX: 0 AQ: 0]: Received data (1 bytes)
Google.Solutions.Compute Verbose: 0 : SshRelayStream [TX: 0 TXA: 0 RX: 0 AQ: 0]: Received data (1 bytes)
Google.Solutions.Compute Verbose: 0 : SshRelayStream [TX: 0 TXA: 0 RX: 0 AQ: 0]: Received data (1 bytes)
Google.Solutions.Compute Verbose: 0 : SshRelayStream [TX: 0 TXA: 0 RX: 0 AQ: 0]: Received data (1 bytes)
Google.Solutions.Compute Verbose: 0 : SshRelayStream [TX: 0 TXA: 0 RX: 0 AQ: 0]: Received data (1 bytes)
Google.Solutions.Compute Verbose: 0 : SshRelayStream [TX: 0 TXA: 0 RX: 0 AQ: 0]: Received data (1 bytes)
Google.Solutions.Compute Verbose: 0 : SshRelayStream [TX: 0 TXA: 0 RX: 0 AQ: 0]: Received data (1 bytes)
Google.Solutions.Compute Verbose: 0 : SshRelayStream [TX: 0 TXA: 0 RX: 0 AQ: 0]: Received data (1 bytes)
Google.Solutions.Compute Verbose: 0 : SshRelayStream [TX: 0 TXA: 0 RX: 0 AQ: 0]: Received data (1 bytes)
Google.Solutions.Compute Verbose: 0 : SshRelayStream [TX: 0 TXA: 0 RX: 0 AQ: 0]: Received data (1 bytes)
Google.Solutions.Compute Verbose: 0 : SshRelayStream [TX: 0 TXA: 0 RX: 0 AQ: 0]: Received data (1 bytes)
Google.Solutions.Compute Verbose: 0 : SshRelayStream [TX: 0 TXA: 0 RX: 0 AQ: 0]: Received data (1 bytes)
Google.Solutions.Compute Verbose: 0 : SshRelayStream [TX: 0 TXA: 0 RX: 0 AQ: 0]: Received data (1 bytes)
Google.Solutions.Compute Verbose: 0 : SshRelayStream [TX: 0 TXA: 0 RX: 0 AQ: 0]: Received data (1 bytes)
Google.Solutions.Compute Verbose: 0 : SshRelayStream [TX: 0 TXA: 0 RX: 0 AQ: 0]: Received data (1 bytes)
Google.Solutions.Compute Verbose: 0 : SshRelayStream [TX: 0 TXA: 0 RX: 0 AQ: 0]: Received data (1 bytes)
Google.Solutions.Compute Verbose: 0 : SshRelayStream [TX: 0 TXA: 0 RX: 1 AQ: 0]: Connection closed abnormally: INVALID_TAG
Google.Solutions.Compute Verbose: 0 : SshRelayStream [TX: 0 TXA: 0 RX: 1 AQ: 0]: Connection closed abnormally: INVALID_TAG
Google.Solutions.Compute Verbose: 0 : SshRelayStream [TX: 0 TXA: 0 RX: 1 AQ: 0]: Connection closed abnormally: INVALID_TAG
Google.Solutions.Compute Verbose: 0 : SshRelayStream [TX: 0 TXA: 0 RX: 1 AQ: 0]: Connection closed abnormally: INVALID_TAG
Google.Solutions.Compute Verbose: 0 : SshRelayStream [TX: 0 TXA: 0 RX: 1 AQ: 0]: Connection closed abnormally: INVALID_TAG
Google.Solutions.Compute Verbose: 0 : SshRelayStream [TX: 0 TXA: 0 RX: 1 AQ: 0]: Connection closed abnormally: INVALID_TAG
Google.Solutions.Compute Verbose: 0 : SshRelayStream [TX: 0 TXA: 0 RX: 1 AQ: 0]: Connection closed abnormally: INVALID_TAG
Google.Solutions.Compute Verbose: 0 : SshRelayStream [TX: 0 TXA: 0 RX: 1 AQ: 0]: Connection closed abnormally: INVALID_TAG
Google.Solutions.Compute Verbose: 0 : SshRelayStream [TX: 0 TXA: 0 RX: 1 AQ: 0]: Connection closed abnormally: INVALID_TAG
Google.Solutions.Compute Verbose: 0 : SshRelayStream [TX: 0 TXA: 0 RX: 1 AQ: 0]: Connection closed abnormally: INVALID_TAG
Google.Solutions.Compute Verbose: 0 : SshRelayStream [TX: 0 TXA: 0 RX: 1 AQ: 0]: Connection closed abnormally: INVALID_TAG
Google.Solutions.Compute Verbose: 0 : SshRelayStream [TX: 0 TXA: 0 RX: 1 AQ: 0]: Connection closed abnormally: INVALID_TAG
Google.Solutions.Compute Verbose: 0 : SshRelayStream [TX: 0 TXA: 0 RX: 1 AQ: 0]: Connection closed abnormally: INVALID_TAG
Google.Solutions.Compute Verbose: 0 : SshRelayStream [TX: 0 TXA: 0 RX: 1 AQ: 0]: Connection closed abnormally: INVALID_TAG
Google.Solutions.Compute Verbose: 0 : SshRelayStream [TX: 0 TXA: 0 RX: 1 AQ: 0]: Connection closed abnormally: INVALID_TAG
Google.Solutions.Compute Verbose: 0 : SshRelayStream [TX: 0 TXA: 0 RX: 1 AQ: 0]: Connection closed abnormally: INVALID_TAG
Google.Solutions.Compute Verbose: 0 : SshRelayStream [TX: 0 TXA: 0 RX: 1 AQ: 0]: Connection closed abnormally: INVALID_TAG
Google.Solutions.Compute Verbose: 0 : SshRelayStream [TX: 0 TXA: 0 RX: 1 AQ: 0]: Connection closed abnormally: INVALID_TAG
Google.Solutions.Compute Verbose: 0 : SshRelayStream [TX: 0 TXA: 0 RX: 1 AQ: 0]: Connection closed abnormally: INVALID_TAG
Google.Solutions.Compute Verbose: 0 : SshRelayStream [TX: 0 TXA: 0 RX: 1 AQ: 0]: Connection closed abnormally: INVALID_TAG
Google.Solutions.Compute Verbose: 0 : SshRelayStream [TX: 0 TXA: 0 RX: 1 AQ: 0]: Disconnecting, preparing to reconnect
Google.Solutions.Compute Verbose: 0 : SshRelayStream [TX: 0 TXA: 0 RX: 1 AQ: 0]: Disconnecting, preparing to reconnect
Google.Solutions.Compute Verbose: 0 : SshRelayStream [TX: 0 TXA: 0 RX: 1 AQ: 0]: Disconnecting, preparing to reconnect
Google.Solutions.Compute Verbose: 0 : SshRelayStream [TX: 0 TXA: 0 RX: 1 AQ: 0]: Disconnecting, preparing to reconnect
Google.Solutions.Compute Verbose: 0 : SshRelayStream [TX: 0 TXA: 0 RX: 1 AQ: 0]: Disconnecting, preparing to reconnect
Google.Solutions.Compute Verbose: 0 : SshRelayStream [TX: 0 TXA: 0 RX: 1 AQ: 0]: Disconnecting, preparing to reconnect
Google.Solutions.Compute Verbose: 0 : SshRelayStream [TX: 0 TXA: 0 RX: 1 AQ: 0]: Disconnecting, preparing to reconnect
Google.Solutions.Compute Verbose: 0 : SshRelayStream [TX: 0 TXA: 0 RX: 1 AQ: 0]: Disconnecting, preparing to reconnect
Google.Solutions.Compute Verbose: 0 : SshRelayStream [TX: 0 TXA: 0 RX: 1 AQ: 0]: Disconnecting, preparing to reconnect
Google.Solutions.Compute Verbose: 0 : SshRelayStream [TX: 0 TXA: 0 RX: 1 AQ: 0]: Disconnecting, preparing to reconnect
Google.Solutions.Compute Verbose: 0 : SshRelayStream [TX: 0 TXA: 0 RX: 1 AQ: 0]: Disconnecting, preparing to reconnect
Google.Solutions.Compute Verbose: 0 : SshRelayStream [TX: 0 TXA: 0 RX: 1 AQ: 0]: Disconnecting, preparing to reconnect
Google.Solutions.Compute Verbose: 0 : SshRelayStream [TX: 0 TXA: 0 RX: 1 AQ: 0]: Disconnecting, preparing to reconnect
Google.Solutions.Compute Verbose: 0 : SshRelayStream [TX: 0 TXA: 0 RX: 1 AQ: 0]: Disconnecting, preparing to reconnect
Google.Solutions.Compute Verbose: 0 : SshRelayStream [TX: 0 TXA: 0 RX: 1 AQ: 0]: Disconnecting, preparing to reconnect
Google.Solutions.Compute Verbose: 0 : SshRelayStream [TX: 0 TXA: 0 RX: 1 AQ: 0]: Disconnecting, preparing to reconnect
Google.Solutions.Compute Verbose: 0 : SshRelayStream [TX: 0 TXA: 0 RX: 1 AQ: 0]: Disconnecting, preparing to reconnect
Google.Solutions.Compute Verbose: 0 : SshRelayStream [TX: 0 TXA: 0 RX: 1 AQ: 0]: Disconnecting, preparing to reconnect
Google.Solutions.Compute Verbose: 0 : SshRelayStream [TX: 0 TXA: 0 RX: 1 AQ: 0]: Disconnecting, preparing to reconnect
Google.Solutions.Compute Verbose: 0 : SshRelayStream [TX: 0 TXA: 0 RX: 1 AQ: 0]: Disconnecting, preparing to reconnect
Google.Solutions.Compute Verbose: 0 : SshRelayStream [TX: 0 TXA: 0 RX: 1 AQ: 0]: Disonnected.
Google.Solutions.Compute Verbose: 0 : SshRelayStream [TX: 0 TXA: 0 RX: 1 AQ: 0]: Disonnected.
Google.Solutions.Compute Verbose: 0 : SshRelayStream [TX: 0 TXA: 0 RX: 1 AQ: 0]: Disonnected.
Google.Solutions.Compute Verbose: 0 : SshRelayStream [TX: 0 TXA: 0 RX: 1 AQ: 0]: Disonnected.
Google.Solutions.Compute Verbose: 0 : SshRelayStream [TX: 0 TXA: 0 RX: 1 AQ: 0]: Disonnected.
Google.Solutions.Compute Verbose: 0 : SshRelayStream [TX: 0 TXA: 0 RX: 1 AQ: 0]: Disonnected.
Google.Solutions.Compute Verbose: 0 : SshRelayStream [TX: 0 TXA: 0 RX: 1 AQ: 0]: Disonnected.
Google.Solutions.Compute Verbose: 0 : SshRelayStream [TX: 0 TXA: 0 RX: 1 AQ: 0]: Disonnected.
Google.Solutions.Compute Verbose: 0 : SshRelayStream [TX: 0 TXA: 0 RX: 1 AQ: 0]: Disonnected.
Google.Solutions.Compute Verbose: 0 : SshRelayStream [TX: 0 TXA: 0 RX: 1 AQ: 0]: Disonnected.
Google.Solutions.Compute Verbose: 0 : SshRelayStream [TX: 0 TXA: 0 RX: 1 AQ: 0]: Disonnected.
Google.Solutions.Compute Verbose: 0 : SshRelayStream [TX: 0 TXA: 0 RX: 1 AQ: 0]: Disonnected.
Google.Solutions.Compute Verbose: 0 : SshRelayStream [TX: 0 TXA: 0 RX: 1 AQ: 0]: Disonnected.
Google.Solutions.Compute Verbose: 0 : SshRelayStream [TX: 0 TXA: 0 RX: 1 AQ: 0]: Disonnected.
Google.Solutions.Compute Verbose: 0 : SshRelayStream [TX: 0 TXA: 0 RX: 1 AQ: 0]: Disonnected.
Google.Solutions.Compute Verbose: 0 : SshRelayStream [TX: 0 TXA: 0 RX: 1 AQ: 0]: Disonnected.
Google.Solutions.Compute Verbose: 0 : SshRelayStream [TX: 0 TXA: 0 RX: 1 AQ: 0]: Disonnected.
Google.Solutions.Compute Verbose: 0 : SshRelayStream [TX: 0 TXA: 0 RX: 1 AQ: 0]: Disonnected.
Google.Solutions.Compute Verbose: 0 : SshRelayStream [TX: 0 TXA: 0 RX: 1 AQ: 0]: Disonnected.
Google.Solutions.Compute Verbose: 0 : SshRelayStream [TX: 0 TXA: 0 RX: 1 AQ: 0]: Disonnected.
Google.Solutions.Compute Verbose: 0 : SshRelayStream [TX: 0 TXA: 0 RX: 1 AQ: 0]: Reconnecting...
Google.Solutions.Compute Verbose: 0 : SshRelayStream [TX: 0 TXA: 0 RX: 1 AQ: 0]: Reconnecting...
Google.Solutions.Compute Verbose: 0 : SshRelayStream [TX: 0 TXA: 0 RX: 1 AQ: 0]: Reconnecting...
Google.Solutions.Compute Verbose: 0 : SshRelayStream [TX: 0 TXA: 0 RX: 1 AQ: 0]: Reconnecting...
Google.Solutions.Compute Verbose: 0 : SshRelayStream [TX: 0 TXA: 0 RX: 1 AQ: 0]: Reconnecting...
Google.Solutions.Compute Verbose: 0 : SshRelayStream [TX: 0 TXA: 0 RX: 1 AQ: 0]: Reconnecting...
Google.Solutions.Compute Verbose: 0 : SshRelayStream [TX: 0 TXA: 0 RX: 1 AQ: 0]: Reconnecting...
Google.Solutions.Compute Verbose: 0 : SshRelayStream [TX: 0 TXA: 0 RX: 1 AQ: 0]: Reconnecting...
Google.Solutions.Compute Verbose: 0 : SshRelayStream [TX: 0 TXA: 0 RX: 1 AQ: 0]: Reconnecting...
Google.Solutions.Compute Verbose: 0 : SshRelayStream [TX: 0 TXA: 0 RX: 1 AQ: 0]: Reconnecting...
Google.Solutions.Compute Verbose: 0 : SshRelayStream [TX: 0 TXA: 0 RX: 1 AQ: 0]: Reconnecting...
Google.Solutions.Compute Verbose: 0 : SshRelayStream [TX: 0 TXA: 0 RX: 1 AQ: 0]: Reconnecting...
Google.Solutions.Compute Verbose: 0 : SshRelayStream [TX: 0 TXA: 0 RX: 1 AQ: 0]: Reconnecting...
Google.Solutions.Compute Verbose: 0 : SshRelayStream [TX: 0 TXA: 0 RX: 1 AQ: 0]: Reconnecting...
Google.Solutions.Compute Verbose: 0 : SshRelayStream [TX: 0 TXA: 0 RX: 1 AQ: 0]: Reconnecting...
Google.Solutions.Compute Verbose: 0 : SshRelayStream [TX: 0 TXA: 0 RX: 1 AQ: 0]: Reconnecting...
Google.Solutions.Compute Verbose: 0 : SshRelayStream [TX: 0 TXA: 0 RX: 1 AQ: 0]: Reconnecting...
Google.Solutions.Compute Verbose: 0 : SshRelayStream [TX: 0 TXA: 0 RX: 1 AQ: 0]: Reconnecting...
Google.Solutions.Compute Verbose: 0 : SshRelayStream [TX: 0 TXA: 0 RX: 1 AQ: 0]: Reconnecting...
Google.Solutions.Compute Verbose: 0 : SshRelayStream [TX: 0 TXA: 0 RX: 1 AQ: 0]: Reconnecting...
Google.Solutions.Compute Verbose: 0 : SshRelayStream [TX: 0 TXA: 0 RX: 1 AQ: 0]: Connected session &lt;\u0000&gt;
Google.Solutions.Compute Verbose: 0 : SshRelayStream [TX: 0 TXA: 0 RX: 1 AQ: 0]: Connected session &lt;\u0000&gt;
Google.Solutions.Compute Verbose: 0 : SshRelayStream [TX: 0 TXA: 0 RX: 1 AQ: 0]: Connected session &lt;\u0000&gt;
Google.Solutions.Compute Verbose: 0 : SshRelayStream [TX: 0 TXA: 0 RX: 1 AQ: 0]: Connected session &lt;\u0000&gt;
Google.Solutions.Compute Verbose: 0 : SshRelayStream [TX: 0 TXA: 0 RX: 1 AQ: 0]: Connected session &lt;\u0000&gt;
Google.Solutions.Compute Verbose: 0 : SshRelayStream [TX: 0 TXA: 0 RX: 1 AQ: 0]: Connected session &lt;\u0000&gt;
Google.Solutions.Compute Verbose: 0 : SshRelayStream [TX: 0 TXA: 0 RX: 1 AQ: 0]: Connected session &lt;\u0000&gt;
Google.Solutions.Compute Verbose: 0 : SshRelayStream [TX: 0 TXA: 0 RX: 1 AQ: 0]: Connected session &lt;\u0000&gt;
Google.Solutions.Compute Verbose: 0 : SshRelayStream [TX: 0 TXA: 0 RX: 1 AQ: 0]: Connected session &lt;\u0000&gt;
Google.Solutions.Compute Verbose: 0 : SshRelayStream [TX: 0 TXA: 0 RX: 1 AQ: 0]: Connected session &lt;\u0000&gt;
Google.Solutions.Compute Verbose: 0 : SshRelayStream [TX: 0 TXA: 0 RX: 1 AQ: 0]: Connected session &lt;\u0000&gt;
Google.Solutions.Compute Verbose: 0 : SshRelayStream [TX: 0 TXA: 0 RX: 1 AQ: 0]: Connected session &lt;\u0000&gt;
Google.Solutions.Compute Verbose: 0 : SshRelayStream [TX: 0 TXA: 0 RX: 1 AQ: 0]: Connected session &lt;\u0000&gt;
Google.Solutions.Compute Verbose: 0 : SshRelayStream [TX: 0 TXA: 0 RX: 1 AQ: 0]: Connected session &lt;\u0000&gt;
Google.Solutions.Compute Verbose: 0 : SshRelayStream [TX: 0 TXA: 0 RX: 1 AQ: 0]: Connected session &lt;\u0000&gt;
Google.Solutions.Compute Verbose: 0 : SshRelayStream [TX: 0 TXA: 0 RX: 1 AQ: 0]: Connected session &lt;\u0000&gt;
Google.Solutions.Compute Verbose: 0 : SshRelayStream [TX: 0 TXA: 0 RX: 1 AQ: 0]: Connected session &lt;\u0000&gt;
Google.Solutions.Compute Verbose: 0 : SshRelayStream [TX: 0 TXA: 0 RX: 1 AQ: 0]: Connected session &lt;\u0000&gt;
Google.Solutions.Compute Verbose: 0 : SshRelayStream [TX: 0 TXA: 0 RX: 1 AQ: 0]: Connected session &lt;\u0000&gt;
Google.Solutions.Compute Verbose: 0 : SshRelayStream [TX: 0 TXA: 0 RX: 1 AQ: 0]: Connected session &lt;\u0000&gt;
Google.Solutions.Compute Verbose: 0 : SshRelayStream [TX: 0 TXA: 0 RX: 1 AQ: 0]: Received data (2 bytes)
Google.Solutions.Compute Verbose: 0 : SshRelayStream [TX: 0 TXA: 0 RX: 1 AQ: 0]: Received data (2 bytes)
Google.Solutions.Compute Verbose: 0 : SshRelayStream [TX: 0 TXA: 0 RX: 1 AQ: 0]: Received data (2 bytes)
Google.Solutions.Compute Verbose: 0 : SshRelayStream [TX: 0 TXA: 0 RX: 1 AQ: 0]: Received data (2 bytes)
Google.Solutions.Compute Verbose: 0 : SshRelayStream [TX: 0 TXA: 0 RX: 1 AQ: 0]: Received data (2 bytes)
Google.Solutions.Compute Verbose: 0 : SshRelayStream [TX: 0 TXA: 0 RX: 1 AQ: 0]: Received data (2 bytes)
Google.Solutions.Compute Verbose: 0 : SshRelayStream [TX: 0 TXA: 0 RX: 1 AQ: 0]: Received data (2 bytes)
Google.Solutions.Compute Verbose: 0 : SshRelayStream [TX: 0 TXA: 0 RX: 1 AQ: 0]: Received data (2 bytes)
Google.Solutions.Compute Verbose: 0 : SshRelayStream [TX: 0 TXA: 0 RX: 1 AQ: 0]: Received data (2 bytes)
Google.Solutions.Compute Verbose: 0 : SshRelayStream [TX: 0 TXA: 0 RX: 1 AQ: 0]: Received data (2 bytes)
Google.Solutions.Compute Verbose: 0 : SshRelayStream [TX: 0 TXA: 0 RX: 1 AQ: 0]: Received data (2 bytes)
Google.Solutions.Compute Verbose: 0 : SshRelayStream [TX: 0 TXA: 0 RX: 1 AQ: 0]: Received data (2 bytes)
Google.Solutions.Compute Verbose: 0 : SshRelayStream [TX: 0 TXA: 0 RX: 1 AQ: 0]: Received data (2 bytes)
Google.Solutions.Compute Verbose: 0 : SshRelayStream [TX: 0 TXA: 0 RX: 1 AQ: 0]: Received data (2 bytes)
Google.Solutions.Compute Verbose: 0 : SshRelayStream [TX: 0 TXA: 0 RX: 1 AQ: 0]: Received data (2 bytes)
Google.Solutions.Compute Verbose: 0 : SshRelayStream [TX: 0 TXA: 0 RX: 1 AQ: 0]: Received data (2 bytes)
Google.Solutions.Compute Verbose: 0 : SshRelayStream [TX: 0 TXA: 0 RX: 1 AQ: 0]: Received data (2 bytes)
Google.Solutions.Compute Verbose: 0 : SshRelayStream [TX: 0 TXA: 0 RX: 1 AQ: 0]: Received data (2 bytes)
Google.Solutions.Compute Verbose: 0 : SshRelayStream [TX: 0 TXA: 0 RX: 1 AQ: 0]: Received data (2 bytes)
Google.Solutions.Compute Verbose: 0 : SshRelayStream [TX: 0 TXA: 0 RX: 1 AQ: 0]: Received data (2 bytes)
</system-out></testcase><testcase name="ReadAfterForcefulServerCloseCausesReconnectIfDataReadBefore(4007)" assertions="4" time="0.000949" status="Passed" classname="Google.Solutions.Compute.Test.Iap.TestSshRelayStreamReading"><system-out>Google.Solutions.Compute Verbose: 0 : SshRelayStream [TX: 0 TXA: 0 RX: 0 AQ: 0]: Connecting...
Google.Solutions.Compute Verbose: 0 : SshRelayStream [TX: 0 TXA: 0 RX: 0 AQ: 0]: Connecting...
Google.Solutions.Compute Verbose: 0 : SshRelayStream [TX: 0 TXA: 0 RX: 0 AQ: 0]: Connecting...
Google.Solutions.Compute Verbose: 0 : SshRelayStream [TX: 0 TXA: 0 RX: 0 AQ: 0]: Connecting...
Google.Solutions.Compute Verbose: 0 : SshRelayStream [TX: 0 TXA: 0 RX: 0 AQ: 0]: Connecting...
Google.Solutions.Compute Verbose: 0 : SshRelayStream [TX: 0 TXA: 0 RX: 0 AQ: 0]: Connecting...
Google.Solutions.Compute Verbose: 0 : SshRelayStream [TX: 0 TXA: 0 RX: 0 AQ: 0]: Connecting...
Google.Solutions.Compute Verbose: 0 : SshRelayStream [TX: 0 TXA: 0 RX: 0 AQ: 0]: Connecting...
Google.Solutions.Compute Verbose: 0 : SshRelayStream [TX: 0 TXA: 0 RX: 0 AQ: 0]: Connecting...
Google.Solutions.Compute Verbose: 0 : SshRelayStream [TX: 0 TXA: 0 RX: 0 AQ: 0]: Connecting...
Google.Solutions.Compute Verbose: 0 : SshRelayStream [TX: 0 TXA: 0 RX: 0 AQ: 0]: Connecting...
Google.Solutions.Compute Verbose: 0 : SshRelayStream [TX: 0 TXA: 0 RX: 0 AQ: 0]: Connecting...
Google.Solutions.Compute Verbose: 0 : SshRelayStream [TX: 0 TXA: 0 RX: 0 AQ: 0]: Connecting...
Google.Solutions.Compute Verbose: 0 : SshRelayStream [TX: 0 TXA: 0 RX: 0 AQ: 0]: Connecting...
Google.Solutions.Compute Verbose: 0 : SshRelayStream [TX: 0 TXA: 0 RX: 0 AQ: 0]: Connecting...
Google.Solutions.Compute Verbose: 0 : SshRelayStream [TX: 0 TXA: 0 RX: 0 AQ: 0]: Connecting...
Google.Solutions.Compute Verbose: 0 : SshRelayStream [TX: 0 TXA: 0 RX: 0 AQ: 0]: Connecting...
Google.Solutions.Compute Verbose: 0 : SshRelayStream [TX: 0 TXA: 0 RX: 0 AQ: 0]: Connecting...
Google.Solutions.Compute Verbose: 0 : SshRelayStream [TX: 0 TXA: 0 RX: 0 AQ: 0]: Connecting...
Google.Solutions.Compute Verbose: 0 : SshRelayStream [TX: 0 TXA: 0 RX: 0 AQ: 0]: Connecting...
Google.Solutions.Compute Verbose: 0 : SshRelayStream [TX: 0 TXA: 0 RX: 0 AQ: 0]: Connecting...
Google.Solutions.Compute Verbose: 0 : SshRelayStream [TX: 0 TXA: 0 RX: 0 AQ: 0]: Connected session &lt;\u0000&gt;
Google.Solutions.Compute Verbose: 0 : SshRelayStream [TX: 0 TXA: 0 RX: 0 AQ: 0]: Connected session &lt;\u0000&gt;
Google.Solutions.Compute Verbose: 0 : SshRelayStream [TX: 0 TXA: 0 RX: 0 AQ: 0]: Connected session &lt;\u0000&gt;
Google.Solutions.Compute Verbose: 0 : SshRelayStream [TX: 0 TXA: 0 RX: 0 AQ: 0]: Connected session &lt;\u0000&gt;
Google.Solutions.Compute Verbose: 0 : SshRelayStream [TX: 0 TXA: 0 RX: 0 AQ: 0]: Connected session &lt;\u0000&gt;
Google.Solutions.Compute Verbose: 0 : SshRelayStream [TX: 0 TXA: 0 RX: 0 AQ: 0]: Connected session &lt;\u0000&gt;
Google.Solutions.Compute Verbose: 0 : SshRelayStream [TX: 0 TXA: 0 RX: 0 AQ: 0]: Connected session &lt;\u0000&gt;
Google.Solutions.Compute Verbose: 0 : SshRelayStream [TX: 0 TXA: 0 RX: 0 AQ: 0]: Connected session &lt;\u0000&gt;
Google.Solutions.Compute Verbose: 0 : SshRelayStream [TX: 0 TXA: 0 RX: 0 AQ: 0]: Connected session &lt;\u0000&gt;
Google.Solutions.Compute Verbose: 0 : SshRelayStream [TX: 0 TXA: 0 RX: 0 AQ: 0]: Connected session &lt;\u0000&gt;
Google.Solutions.Compute Verbose: 0 : SshRelayStream [TX: 0 TXA: 0 RX: 0 AQ: 0]: Connected session &lt;\u0000&gt;
Google.Solutions.Compute Verbose: 0 : SshRelayStream [TX: 0 TXA: 0 RX: 0 AQ: 0]: Connected session &lt;\u0000&gt;
Google.Solutions.Compute Verbose: 0 : SshRelayStream [TX: 0 TXA: 0 RX: 0 AQ: 0]: Connected session &lt;\u0000&gt;
Google.Solutions.Compute Verbose: 0 : SshRelayStream [TX: 0 TXA: 0 RX: 0 AQ: 0]: Connected session &lt;\u0000&gt;
Google.Solutions.Compute Verbose: 0 : SshRelayStream [TX: 0 TXA: 0 RX: 0 AQ: 0]: Connected session &lt;\u0000&gt;
Google.Solutions.Compute Verbose: 0 : SshRelayStream [TX: 0 TXA: 0 RX: 0 AQ: 0]: Connected session &lt;\u0000&gt;
Google.Solutions.Compute Verbose: 0 : SshRelayStream [TX: 0 TXA: 0 RX: 0 AQ: 0]: Connected session &lt;\u0000&gt;
Google.Solutions.Compute Verbose: 0 : SshRelayStream [TX: 0 TXA: 0 RX: 0 AQ: 0]: Connected session &lt;\u0000&gt;
Google.Solutions.Compute Verbose: 0 : SshRelayStream [TX: 0 TXA: 0 RX: 0 AQ: 0]: Connected session &lt;\u0000&gt;
Google.Solutions.Compute Verbose: 0 : SshRelayStream [TX: 0 TXA: 0 RX: 0 AQ: 0]: Connected session &lt;\u0000&gt;
Google.Solutions.Compute Verbose: 0 : SshRelayStream [TX: 0 TXA: 0 RX: 0 AQ: 0]: Connected session &lt;\u0000&gt;
Google.Solutions.Compute Verbose: 0 : SshRelayStream [TX: 0 TXA: 0 RX: 0 AQ: 0]: Received data (1 bytes)
Google.Solutions.Compute Verbose: 0 : SshRelayStream [TX: 0 TXA: 0 RX: 0 AQ: 0]: Received data (1 bytes)
Google.Solutions.Compute Verbose: 0 : SshRelayStream [TX: 0 TXA: 0 RX: 0 AQ: 0]: Received data (1 bytes)
Google.Solutions.Compute Verbose: 0 : SshRelayStream [TX: 0 TXA: 0 RX: 0 AQ: 0]: Received data (1 bytes)
Google.Solutions.Compute Verbose: 0 : SshRelayStream [TX: 0 TXA: 0 RX: 0 AQ: 0]: Received data (1 bytes)
Google.Solutions.Compute Verbose: 0 : SshRelayStream [TX: 0 TXA: 0 RX: 0 AQ: 0]: Received data (1 bytes)
Google.Solutions.Compute Verbose: 0 : SshRelayStream [TX: 0 TXA: 0 RX: 0 AQ: 0]: Received data (1 bytes)
Google.Solutions.Compute Verbose: 0 : SshRelayStream [TX: 0 TXA: 0 RX: 0 AQ: 0]: Received data (1 bytes)
Google.Solutions.Compute Verbose: 0 : SshRelayStream [TX: 0 TXA: 0 RX: 0 AQ: 0]: Received data (1 bytes)
Google.Solutions.Compute Verbose: 0 : SshRelayStream [TX: 0 TXA: 0 RX: 0 AQ: 0]: Received data (1 bytes)
Google.Solutions.Compute Verbose: 0 : SshRelayStream [TX: 0 TXA: 0 RX: 0 AQ: 0]: Received data (1 bytes)
Google.Solutions.Compute Verbose: 0 : SshRelayStream [TX: 0 TXA: 0 RX: 0 AQ: 0]: Received data (1 bytes)
Google.Solutions.Compute Verbose: 0 : SshRelayStream [TX: 0 TXA: 0 RX: 0 AQ: 0]: Received data (1 bytes)
Google.Solutions.Compute Verbose: 0 : SshRelayStream [TX: 0 TXA: 0 RX: 0 AQ: 0]: Received data (1 bytes)
Google.Solutions.Compute Verbose: 0 : SshRelayStream [TX: 0 TXA: 0 RX: 0 AQ: 0]: Received data (1 bytes)
Google.Solutions.Compute Verbose: 0 : SshRelayStream [TX: 0 TXA: 0 RX: 0 AQ: 0]: Received data (1 bytes)
Google.Solutions.Compute Verbose: 0 : SshRelayStream [TX: 0 TXA: 0 RX: 0 AQ: 0]: Received data (1 bytes)
Google.Solutions.Compute Verbose: 0 : SshRelayStream [TX: 0 TXA: 0 RX: 0 AQ: 0]: Received data (1 bytes)
Google.Solutions.Compute Verbose: 0 : SshRelayStream [TX: 0 TXA: 0 RX: 0 AQ: 0]: Received data (1 bytes)
Google.Solutions.Compute Verbose: 0 : SshRelayStream [TX: 0 TXA: 0 RX: 0 AQ: 0]: Received data (1 bytes)
Google.Solutions.Compute Verbose: 0 : SshRelayStream [TX: 0 TXA: 0 RX: 0 AQ: 0]: Received data (1 bytes)
Google.Solutions.Compute Verbose: 0 : SshRelayStream [TX: 0 TXA: 0 RX: 1 AQ: 0]: Connection closed abnormally: INVALID_WEBSOCKET_OPCODE
Google.Solutions.Compute Verbose: 0 : SshRelayStream [TX: 0 TXA: 0 RX: 1 AQ: 0]: Connection closed abnormally: INVALID_WEBSOCKET_OPCODE
Google.Solutions.Compute Verbose: 0 : SshRelayStream [TX: 0 TXA: 0 RX: 1 AQ: 0]: Connection closed abnormally: INVALID_WEBSOCKET_OPCODE
Google.Solutions.Compute Verbose: 0 : SshRelayStream [TX: 0 TXA: 0 RX: 1 AQ: 0]: Connection closed abnormally: INVALID_WEBSOCKET_OPCODE
Google.Solutions.Compute Verbose: 0 : SshRelayStream [TX: 0 TXA: 0 RX: 1 AQ: 0]: Connection closed abnormally: INVALID_WEBSOCKET_OPCODE
Google.Solutions.Compute Verbose: 0 : SshRelayStream [TX: 0 TXA: 0 RX: 1 AQ: 0]: Connection closed abnormally: INVALID_WEBSOCKET_OPCODE
Google.Solutions.Compute Verbose: 0 : SshRelayStream [TX: 0 TXA: 0 RX: 1 AQ: 0]: Connection closed abnormally: INVALID_WEBSOCKET_OPCODE
Google.Solutions.Compute Verbose: 0 : SshRelayStream [TX: 0 TXA: 0 RX: 1 AQ: 0]: Connection closed abnormally: INVALID_WEBSOCKET_OPCODE
Google.Solutions.Compute Verbose: 0 : SshRelayStream [TX: 0 TXA: 0 RX: 1 AQ: 0]: Connection closed abnormally: INVALID_WEBSOCKET_OPCODE
Google.Solutions.Compute Verbose: 0 : SshRelayStream [TX: 0 TXA: 0 RX: 1 AQ: 0]: Connection closed abnormally: INVALID_WEBSOCKET_OPCODE
Google.Solutions.Compute Verbose: 0 : SshRelayStream [TX: 0 TXA: 0 RX: 1 AQ: 0]: Connection closed abnormally: INVALID_WEBSOCKET_OPCODE
Google.Solutions.Compute Verbose: 0 : SshRelayStream [TX: 0 TXA: 0 RX: 1 AQ: 0]: Connection closed abnormally: INVALID_WEBSOCKET_OPCODE
Google.Solutions.Compute Verbose: 0 : SshRelayStream [TX: 0 TXA: 0 RX: 1 AQ: 0]: Connection closed abnormally: INVALID_WEBSOCKET_OPCODE
Google.Solutions.Compute Verbose: 0 : SshRelayStream [TX: 0 TXA: 0 RX: 1 AQ: 0]: Connection closed abnormally: INVALID_WEBSOCKET_OPCODE
Google.Solutions.Compute Verbose: 0 : SshRelayStream [TX: 0 TXA: 0 RX: 1 AQ: 0]: Connection closed abnormally: INVALID_WEBSOCKET_OPCODE
Google.Solutions.Compute Verbose: 0 : SshRelayStream [TX: 0 TXA: 0 RX: 1 AQ: 0]: Connection closed abnormally: INVALID_WEBSOCKET_OPCODE
Google.Solutions.Compute Verbose: 0 : SshRelayStream [TX: 0 TXA: 0 RX: 1 AQ: 0]: Connection closed abnormally: INVALID_WEBSOCKET_OPCODE
Google.Solutions.Compute Verbose: 0 : SshRelayStream [TX: 0 TXA: 0 RX: 1 AQ: 0]: Connection closed abnormally: INVALID_WEBSOCKET_OPCODE
Google.Solutions.Compute Verbose: 0 : SshRelayStream [TX: 0 TXA: 0 RX: 1 AQ: 0]: Connection closed abnormally: INVALID_WEBSOCKET_OPCODE
Google.Solutions.Compute Verbose: 0 : SshRelayStream [TX: 0 TXA: 0 RX: 1 AQ: 0]: Connection closed abnormally: INVALID_WEBSOCKET_OPCODE
Google.Solutions.Compute Verbose: 0 : SshRelayStream [TX: 0 TXA: 0 RX: 1 AQ: 0]: Connection closed abnormally: INVALID_WEBSOCKET_OPCODE
Google.Solutions.Compute Verbose: 0 : SshRelayStream [TX: 0 TXA: 0 RX: 1 AQ: 0]: Disconnecting, preparing to reconnect
Google.Solutions.Compute Verbose: 0 : SshRelayStream [TX: 0 TXA: 0 RX: 1 AQ: 0]: Disconnecting, preparing to reconnect
Google.Solutions.Compute Verbose: 0 : SshRelayStream [TX: 0 TXA: 0 RX: 1 AQ: 0]: Disconnecting, preparing to reconnect
Google.Solutions.Compute Verbose: 0 : SshRelayStream [TX: 0 TXA: 0 RX: 1 AQ: 0]: Disconnecting, preparing to reconnect
Google.Solutions.Compute Verbose: 0 : SshRelayStream [TX: 0 TXA: 0 RX: 1 AQ: 0]: Disconnecting, preparing to reconnect
Google.Solutions.Compute Verbose: 0 : SshRelayStream [TX: 0 TXA: 0 RX: 1 AQ: 0]: Disconnecting, preparing to reconnect
Google.Solutions.Compute Verbose: 0 : SshRelayStream [TX: 0 TXA: 0 RX: 1 AQ: 0]: Disconnecting, preparing to reconnect
Google.Solutions.Compute Verbose: 0 : SshRelayStream [TX: 0 TXA: 0 RX: 1 AQ: 0]: Disconnecting, preparing to reconnect
Google.Solutions.Compute Verbose: 0 : SshRelayStream [TX: 0 TXA: 0 RX: 1 AQ: 0]: Disconnecting, preparing to reconnect
Google.Solutions.Compute Verbose: 0 : SshRelayStream [TX: 0 TXA: 0 RX: 1 AQ: 0]: Disconnecting, preparing to reconnect
Google.Solutions.Compute Verbose: 0 : SshRelayStream [TX: 0 TXA: 0 RX: 1 AQ: 0]: Disconnecting, preparing to reconnect
Google.Solutions.Compute Verbose: 0 : SshRelayStream [TX: 0 TXA: 0 RX: 1 AQ: 0]: Disconnecting, preparing to reconnect
Google.Solutions.Compute Verbose: 0 : SshRelayStream [TX: 0 TXA: 0 RX: 1 AQ: 0]: Disconnecting, preparing to reconnect
Google.Solutions.Compute Verbose: 0 : SshRelayStream [TX: 0 TXA: 0 RX: 1 AQ: 0]: Disconnecting, preparing to reconnect
Google.Solutions.Compute Verbose: 0 : SshRelayStream [TX: 0 TXA: 0 RX: 1 AQ: 0]: Disconnecting, preparing to reconnect
Google.Solutions.Compute Verbose: 0 : SshRelayStream [TX: 0 TXA: 0 RX: 1 AQ: 0]: Disconnecting, preparing to reconnect
Google.Solutions.Compute Verbose: 0 : SshRelayStream [TX: 0 TXA: 0 RX: 1 AQ: 0]: Disconnecting, preparing to reconnect
Google.Solutions.Compute Verbose: 0 : SshRelayStream [TX: 0 TXA: 0 RX: 1 AQ: 0]: Disconnecting, preparing to reconnect
Google.Solutions.Compute Verbose: 0 : SshRelayStream [TX: 0 TXA: 0 RX: 1 AQ: 0]: Disconnecting, preparing to reconnect
Google.Solutions.Compute Verbose: 0 : SshRelayStream [TX: 0 TXA: 0 RX: 1 AQ: 0]: Disconnecting, preparing to reconnect
Google.Solutions.Compute Verbose: 0 : SshRelayStream [TX: 0 TXA: 0 RX: 1 AQ: 0]: Disconnecting, preparing to reconnect
Google.Solutions.Compute Verbose: 0 : SshRelayStream [TX: 0 TXA: 0 RX: 1 AQ: 0]: Disonnected.
Google.Solutions.Compute Verbose: 0 : SshRelayStream [TX: 0 TXA: 0 RX: 1 AQ: 0]: Disonnected.
Google.Solutions.Compute Verbose: 0 : SshRelayStream [TX: 0 TXA: 0 RX: 1 AQ: 0]: Disonnected.
Google.Solutions.Compute Verbose: 0 : SshRelayStream [TX: 0 TXA: 0 RX: 1 AQ: 0]: Disonnected.
Google.Solutions.Compute Verbose: 0 : SshRelayStream [TX: 0 TXA: 0 RX: 1 AQ: 0]: Disonnected.
Google.Solutions.Compute Verbose: 0 : SshRelayStream [TX: 0 TXA: 0 RX: 1 AQ: 0]: Disonnected.
Google.Solutions.Compute Verbose: 0 : SshRelayStream [TX: 0 TXA: 0 RX: 1 AQ: 0]: Disonnected.
Google.Solutions.Compute Verbose: 0 : SshRelayStream [TX: 0 TXA: 0 RX: 1 AQ: 0]: Disonnected.
Google.Solutions.Compute Verbose: 0 : SshRelayStream [TX: 0 TXA: 0 RX: 1 AQ: 0]: Disonnected.
Google.Solutions.Compute Verbose: 0 : SshRelayStream [TX: 0 TXA: 0 RX: 1 AQ: 0]: Disonnected.
Google.Solutions.Compute Verbose: 0 : SshRelayStream [TX: 0 TXA: 0 RX: 1 AQ: 0]: Disonnected.
Google.Solutions.Compute Verbose: 0 : SshRelayStream [TX: 0 TXA: 0 RX: 1 AQ: 0]: Disonnected.
Google.Solutions.Compute Verbose: 0 : SshRelayStream [TX: 0 TXA: 0 RX: 1 AQ: 0]: Disonnected.
Google.Solutions.Compute Verbose: 0 : SshRelayStream [TX: 0 TXA: 0 RX: 1 AQ: 0]: Disonnected.
Google.Solutions.Compute Verbose: 0 : SshRelayStream [TX: 0 TXA: 0 RX: 1 AQ: 0]: Disonnected.
Google.Solutions.Compute Verbose: 0 : SshRelayStream [TX: 0 TXA: 0 RX: 1 AQ: 0]: Disonnected.
Google.Solutions.Compute Verbose: 0 : SshRelayStream [TX: 0 TXA: 0 RX: 1 AQ: 0]: Disonnected.
Google.Solutions.Compute Verbose: 0 : SshRelayStream [TX: 0 TXA: 0 RX: 1 AQ: 0]: Disonnected.
Google.Solutions.Compute Verbose: 0 : SshRelayStream [TX: 0 TXA: 0 RX: 1 AQ: 0]: Disonnected.
Google.Solutions.Compute Verbose: 0 : SshRelayStream [TX: 0 TXA: 0 RX: 1 AQ: 0]: Disonnected.
Google.Solutions.Compute Verbose: 0 : SshRelayStream [TX: 0 TXA: 0 RX: 1 AQ: 0]: Disonnected.
Google.Solutions.Compute Verbose: 0 : SshRelayStream [TX: 0 TXA: 0 RX: 1 AQ: 0]: Reconnecting...
Google.Solutions.Compute Verbose: 0 : SshRelayStream [TX: 0 TXA: 0 RX: 1 AQ: 0]: Reconnecting...
Google.Solutions.Compute Verbose: 0 : SshRelayStream [TX: 0 TXA: 0 RX: 1 AQ: 0]: Reconnecting...
Google.Solutions.Compute Verbose: 0 : SshRelayStream [TX: 0 TXA: 0 RX: 1 AQ: 0]: Reconnecting...
Google.Solutions.Compute Verbose: 0 : SshRelayStream [TX: 0 TXA: 0 RX: 1 AQ: 0]: Reconnecting...
Google.Solutions.Compute Verbose: 0 : SshRelayStream [TX: 0 TXA: 0 RX: 1 AQ: 0]: Reconnecting...
Google.Solutions.Compute Verbose: 0 : SshRelayStream [TX: 0 TXA: 0 RX: 1 AQ: 0]: Reconnecting...
Google.Solutions.Compute Verbose: 0 : SshRelayStream [TX: 0 TXA: 0 RX: 1 AQ: 0]: Reconnecting...
Google.Solutions.Compute Verbose: 0 : SshRelayStream [TX: 0 TXA: 0 RX: 1 AQ: 0]: Reconnecting...
Google.Solutions.Compute Verbose: 0 : SshRelayStream [TX: 0 TXA: 0 RX: 1 AQ: 0]: Reconnecting...
Google.Solutions.Compute Verbose: 0 : SshRelayStream [TX: 0 TXA: 0 RX: 1 AQ: 0]: Reconnecting...
Google.Solutions.Compute Verbose: 0 : SshRelayStream [TX: 0 TXA: 0 RX: 1 AQ: 0]: Reconnecting...
Google.Solutions.Compute Verbose: 0 : SshRelayStream [TX: 0 TXA: 0 RX: 1 AQ: 0]: Reconnecting...
Google.Solutions.Compute Verbose: 0 : SshRelayStream [TX: 0 TXA: 0 RX: 1 AQ: 0]: Reconnecting...
Google.Solutions.Compute Verbose: 0 : SshRelayStream [TX: 0 TXA: 0 RX: 1 AQ: 0]: Reconnecting...
Google.Solutions.Compute Verbose: 0 : SshRelayStream [TX: 0 TXA: 0 RX: 1 AQ: 0]: Reconnecting...
Google.Solutions.Compute Verbose: 0 : SshRelayStream [TX: 0 TXA: 0 RX: 1 AQ: 0]: Reconnecting...
Google.Solutions.Compute Verbose: 0 : SshRelayStream [TX: 0 TXA: 0 RX: 1 AQ: 0]: Reconnecting...
Google.Solutions.Compute Verbose: 0 : SshRelayStream [TX: 0 TXA: 0 RX: 1 AQ: 0]: Reconnecting...
Google.Solutions.Compute Verbose: 0 : SshRelayStream [TX: 0 TXA: 0 RX: 1 AQ: 0]: Reconnecting...
Google.Solutions.Compute Verbose: 0 : SshRelayStream [TX: 0 TXA: 0 RX: 1 AQ: 0]: Reconnecting...
Google.Solutions.Compute Verbose: 0 : SshRelayStream [TX: 0 TXA: 0 RX: 1 AQ: 0]: Connected session &lt;\u0000&gt;
Google.Solutions.Compute Verbose: 0 : SshRelayStream [TX: 0 TXA: 0 RX: 1 AQ: 0]: Connected session &lt;\u0000&gt;
Google.Solutions.Compute Verbose: 0 : SshRelayStream [TX: 0 TXA: 0 RX: 1 AQ: 0]: Connected session &lt;\u0000&gt;
Google.Solutions.Compute Verbose: 0 : SshRelayStream [TX: 0 TXA: 0 RX: 1 AQ: 0]: Connected session &lt;\u0000&gt;
Google.Solutions.Compute Verbose: 0 : SshRelayStream [TX: 0 TXA: 0 RX: 1 AQ: 0]: Connected session &lt;\u0000&gt;
Google.Solutions.Compute Verbose: 0 : SshRelayStream [TX: 0 TXA: 0 RX: 1 AQ: 0]: Connected session &lt;\u0000&gt;
Google.Solutions.Compute Verbose: 0 : SshRelayStream [TX: 0 TXA: 0 RX: 1 AQ: 0]: Connected session &lt;\u0000&gt;
Google.Solutions.Compute Verbose: 0 : SshRelayStream [TX: 0 TXA: 0 RX: 1 AQ: 0]: Connected session &lt;\u0000&gt;
Google.Solutions.Compute Verbose: 0 : SshRelayStream [TX: 0 TXA: 0 RX: 1 AQ: 0]: Connected session &lt;\u0000&gt;
Google.Solutions.Compute Verbose: 0 : SshRelayStream [TX: 0 TXA: 0 RX: 1 AQ: 0]: Connected session &lt;\u0000&gt;
Google.Solutions.Compute Verbose: 0 : SshRelayStream [TX: 0 TXA: 0 RX: 1 AQ: 0]: Connected session &lt;\u0000&gt;
Google.Solutions.Compute Verbose: 0 : SshRelayStream [TX: 0 TXA: 0 RX: 1 AQ: 0]: Connected session &lt;\u0000&gt;
Google.Solutions.Compute Verbose: 0 : SshRelayStream [TX: 0 TXA: 0 RX: 1 AQ: 0]: Connected session &lt;\u0000&gt;
Google.Solutions.Compute Verbose: 0 : SshRelayStream [TX: 0 TXA: 0 RX: 1 AQ: 0]: Connected session &lt;\u0000&gt;
Google.Solutions.Compute Verbose: 0 : SshRelayStream [TX: 0 TXA: 0 RX: 1 AQ: 0]: Connected session &lt;\u0000&gt;
Google.Solutions.Compute Verbose: 0 : SshRelayStream [TX: 0 TXA: 0 RX: 1 AQ: 0]: Connected session &lt;\u0000&gt;
Google.Solutions.Compute Verbose: 0 : SshRelayStream [TX: 0 TXA: 0 RX: 1 AQ: 0]: Connected session &lt;\u0000&gt;
Google.Solutions.Compute Verbose: 0 : SshRelayStream [TX: 0 TXA: 0 RX: 1 AQ: 0]: Connected session &lt;\u0000&gt;
Google.Solutions.Compute Verbose: 0 : SshRelayStream [TX: 0 TXA: 0 RX: 1 AQ: 0]: Connected session &lt;\u0000&gt;
Google.Solutions.Compute Verbose: 0 : SshRelayStream [TX: 0 TXA: 0 RX: 1 AQ: 0]: Connected session &lt;\u0000&gt;
Google.Solutions.Compute Verbose: 0 : SshRelayStream [TX: 0 TXA: 0 RX: 1 AQ: 0]: Connected session &lt;\u0000&gt;
Google.Solutions.Compute Verbose: 0 : SshRelayStream [TX: 0 TXA: 0 RX: 1 AQ: 0]: Received data (2 bytes)
Google.Solutions.Compute Verbose: 0 : SshRelayStream [TX: 0 TXA: 0 RX: 1 AQ: 0]: Received data (2 bytes)
Google.Solutions.Compute Verbose: 0 : SshRelayStream [TX: 0 TXA: 0 RX: 1 AQ: 0]: Received data (2 bytes)
Google.Solutions.Compute Verbose: 0 : SshRelayStream [TX: 0 TXA: 0 RX: 1 AQ: 0]: Received data (2 bytes)
Google.Solutions.Compute Verbose: 0 : SshRelayStream [TX: 0 TXA: 0 RX: 1 AQ: 0]: Received data (2 bytes)
Google.Solutions.Compute Verbose: 0 : SshRelayStream [TX: 0 TXA: 0 RX: 1 AQ: 0]: Received data (2 bytes)
Google.Solutions.Compute Verbose: 0 : SshRelayStream [TX: 0 TXA: 0 RX: 1 AQ: 0]: Received data (2 bytes)
Google.Solutions.Compute Verbose: 0 : SshRelayStream [TX: 0 TXA: 0 RX: 1 AQ: 0]: Received data (2 bytes)
Google.Solutions.Compute Verbose: 0 : SshRelayStream [TX: 0 TXA: 0 RX: 1 AQ: 0]: Received data (2 bytes)
Google.Solutions.Compute Verbose: 0 : SshRelayStream [TX: 0 TXA: 0 RX: 1 AQ: 0]: Received data (2 bytes)
Google.Solutions.Compute Verbose: 0 : SshRelayStream [TX: 0 TXA: 0 RX: 1 AQ: 0]: Received data (2 bytes)
Google.Solutions.Compute Verbose: 0 : SshRelayStream [TX: 0 TXA: 0 RX: 1 AQ: 0]: Received data (2 bytes)
Google.Solutions.Compute Verbose: 0 : SshRelayStream [TX: 0 TXA: 0 RX: 1 AQ: 0]: Received data (2 bytes)
Google.Solutions.Compute Verbose: 0 : SshRelayStream [TX: 0 TXA: 0 RX: 1 AQ: 0]: Received data (2 bytes)
Google.Solutions.Compute Verbose: 0 : SshRelayStream [TX: 0 TXA: 0 RX: 1 AQ: 0]: Received data (2 bytes)
Google.Solutions.Compute Verbose: 0 : SshRelayStream [TX: 0 TXA: 0 RX: 1 AQ: 0]: Received data (2 bytes)
Google.Solutions.Compute Verbose: 0 : SshRelayStream [TX: 0 TXA: 0 RX: 1 AQ: 0]: Received data (2 bytes)
Google.Solutions.Compute Verbose: 0 : SshRelayStream [TX: 0 TXA: 0 RX: 1 AQ: 0]: Received data (2 bytes)
Google.Solutions.Compute Verbose: 0 : SshRelayStream [TX: 0 TXA: 0 RX: 1 AQ: 0]: Received data (2 bytes)
Google.Solutions.Compute Verbose: 0 : SshRelayStream [TX: 0 TXA: 0 RX: 1 AQ: 0]: Received data (2 bytes)
Google.Solutions.Compute Verbose: 0 : SshRelayStream [TX: 0 TXA: 0 RX: 1 AQ: 0]: Received data (2 bytes)
</system-out></testcase><testcase name="ReadAfterForcefulServerCloseCausesReconnectIfDataReadBefore(4004)" assertions="4" time="0.000565" status="Passed" classname="Google.Solutions.Compute.Test.Iap.TestSshRelayStreamReading"><system-out>Google.Solutions.Compute Verbose: 0 : SshRelayStream [TX: 0 TXA: 0 RX: 0 AQ: 0]: Connecting...
Google.Solutions.Compute Verbose: 0 : SshRelayStream [TX: 0 TXA: 0 RX: 0 AQ: 0]: Connecting...
Google.Solutions.Compute Verbose: 0 : SshRelayStream [TX: 0 TXA: 0 RX: 0 AQ: 0]: Connecting...
Google.Solutions.Compute Verbose: 0 : SshRelayStream [TX: 0 TXA: 0 RX: 0 AQ: 0]: Connecting...
Google.Solutions.Compute Verbose: 0 : SshRelayStream [TX: 0 TXA: 0 RX: 0 AQ: 0]: Connecting...
Google.Solutions.Compute Verbose: 0 : SshRelayStream [TX: 0 TXA: 0 RX: 0 AQ: 0]: Connecting...
Google.Solutions.Compute Verbose: 0 : SshRelayStream [TX: 0 TXA: 0 RX: 0 AQ: 0]: Connecting...
Google.Solutions.Compute Verbose: 0 : SshRelayStream [TX: 0 TXA: 0 RX: 0 AQ: 0]: Connecting...
Google.Solutions.Compute Verbose: 0 : SshRelayStream [TX: 0 TXA: 0 RX: 0 AQ: 0]: Connecting...
Google.Solutions.Compute Verbose: 0 : SshRelayStream [TX: 0 TXA: 0 RX: 0 AQ: 0]: Connecting...
Google.Solutions.Compute Verbose: 0 : SshRelayStream [TX: 0 TXA: 0 RX: 0 AQ: 0]: Connecting...
Google.Solutions.Compute Verbose: 0 : SshRelayStream [TX: 0 TXA: 0 RX: 0 AQ: 0]: Connecting...
Google.Solutions.Compute Verbose: 0 : SshRelayStream [TX: 0 TXA: 0 RX: 0 AQ: 0]: Connecting...
Google.Solutions.Compute Verbose: 0 : SshRelayStream [TX: 0 TXA: 0 RX: 0 AQ: 0]: Connecting...
Google.Solutions.Compute Verbose: 0 : SshRelayStream [TX: 0 TXA: 0 RX: 0 AQ: 0]: Connecting...
Google.Solutions.Compute Verbose: 0 : SshRelayStream [TX: 0 TXA: 0 RX: 0 AQ: 0]: Connecting...
Google.Solutions.Compute Verbose: 0 : SshRelayStream [TX: 0 TXA: 0 RX: 0 AQ: 0]: Connecting...
Google.Solutions.Compute Verbose: 0 : SshRelayStream [TX: 0 TXA: 0 RX: 0 AQ: 0]: Connecting...
Google.Solutions.Compute Verbose: 0 : SshRelayStream [TX: 0 TXA: 0 RX: 0 AQ: 0]: Connecting...
Google.Solutions.Compute Verbose: 0 : SshRelayStream [TX: 0 TXA: 0 RX: 0 AQ: 0]: Connecting...
Google.Solutions.Compute Verbose: 0 : SshRelayStream [TX: 0 TXA: 0 RX: 0 AQ: 0]: Connecting...
Google.Solutions.Compute Verbose: 0 : SshRelayStream [TX: 0 TXA: 0 RX: 0 AQ: 0]: Connecting...
Google.Solutions.Compute Verbose: 0 : SshRelayStream [TX: 0 TXA: 0 RX: 0 AQ: 0]: Connected session &lt;\u0000&gt;
Google.Solutions.Compute Verbose: 0 : SshRelayStream [TX: 0 TXA: 0 RX: 0 AQ: 0]: Connected session &lt;\u0000&gt;
Google.Solutions.Compute Verbose: 0 : SshRelayStream [TX: 0 TXA: 0 RX: 0 AQ: 0]: Connected session &lt;\u0000&gt;
Google.Solutions.Compute Verbose: 0 : SshRelayStream [TX: 0 TXA: 0 RX: 0 AQ: 0]: Connected session &lt;\u0000&gt;
Google.Solutions.Compute Verbose: 0 : SshRelayStream [TX: 0 TXA: 0 RX: 0 AQ: 0]: Connected session &lt;\u0000&gt;
Google.Solutions.Compute Verbose: 0 : SshRelayStream [TX: 0 TXA: 0 RX: 0 AQ: 0]: Connected session &lt;\u0000&gt;
Google.Solutions.Compute Verbose: 0 : SshRelayStream [TX: 0 TXA: 0 RX: 0 AQ: 0]: Connected session &lt;\u0000&gt;
Google.Solutions.Compute Verbose: 0 : SshRelayStream [TX: 0 TXA: 0 RX: 0 AQ: 0]: Connected session &lt;\u0000&gt;
Google.Solutions.Compute Verbose: 0 : SshRelayStream [TX: 0 TXA: 0 RX: 0 AQ: 0]: Connected session &lt;\u0000&gt;
Google.Solutions.Compute Verbose: 0 : SshRelayStream [TX: 0 TXA: 0 RX: 0 AQ: 0]: Connected session &lt;\u0000&gt;
Google.Solutions.Compute Verbose: 0 : SshRelayStream [TX: 0 TXA: 0 RX: 0 AQ: 0]: Connected session &lt;\u0000&gt;
Google.Solutions.Compute Verbose: 0 : SshRelayStream [TX: 0 TXA: 0 RX: 0 AQ: 0]: Connected session &lt;\u0000&gt;
Google.Solutions.Compute Verbose: 0 : SshRelayStream [TX: 0 TXA: 0 RX: 0 AQ: 0]: Connected session &lt;\u0000&gt;
Google.Solutions.Compute Verbose: 0 : SshRelayStream [TX: 0 TXA: 0 RX: 0 AQ: 0]: Connected session &lt;\u0000&gt;
Google.Solutions.Compute Verbose: 0 : SshRelayStream [TX: 0 TXA: 0 RX: 0 AQ: 0]: Connected session &lt;\u0000&gt;
Google.Solutions.Compute Verbose: 0 : SshRelayStream [TX: 0 TXA: 0 RX: 0 AQ: 0]: Connected session &lt;\u0000&gt;
Google.Solutions.Compute Verbose: 0 : SshRelayStream [TX: 0 TXA: 0 RX: 0 AQ: 0]: Connected session &lt;\u0000&gt;
Google.Solutions.Compute Verbose: 0 : SshRelayStream [TX: 0 TXA: 0 RX: 0 AQ: 0]: Connected session &lt;\u0000&gt;
Google.Solutions.Compute Verbose: 0 : SshRelayStream [TX: 0 TXA: 0 RX: 0 AQ: 0]: Connected session &lt;\u0000&gt;
Google.Solutions.Compute Verbose: 0 : SshRelayStream [TX: 0 TXA: 0 RX: 0 AQ: 0]: Connected session &lt;\u0000&gt;
Google.Solutions.Compute Verbose: 0 : SshRelayStream [TX: 0 TXA: 0 RX: 0 AQ: 0]: Connected session &lt;\u0000&gt;
Google.Solutions.Compute Verbose: 0 : SshRelayStream [TX: 0 TXA: 0 RX: 0 AQ: 0]: Connected session &lt;\u0000&gt;
Google.Solutions.Compute Verbose: 0 : SshRelayStream [TX: 0 TXA: 0 RX: 0 AQ: 0]: Received data (1 bytes)
Google.Solutions.Compute Verbose: 0 : SshRelayStream [TX: 0 TXA: 0 RX: 0 AQ: 0]: Received data (1 bytes)
Google.Solutions.Compute Verbose: 0 : SshRelayStream [TX: 0 TXA: 0 RX: 0 AQ: 0]: Received data (1 bytes)
Google.Solutions.Compute Verbose: 0 : SshRelayStream [TX: 0 TXA: 0 RX: 0 AQ: 0]: Received data (1 bytes)
Google.Solutions.Compute Verbose: 0 : SshRelayStream [TX: 0 TXA: 0 RX: 0 AQ: 0]: Received data (1 bytes)
Google.Solutions.Compute Verbose: 0 : SshRelayStream [TX: 0 TXA: 0 RX: 0 AQ: 0]: Received data (1 bytes)
Google.Solutions.Compute Verbose: 0 : SshRelayStream [TX: 0 TXA: 0 RX: 0 AQ: 0]: Received data (1 bytes)
Google.Solutions.Compute Verbose: 0 : SshRelayStream [TX: 0 TXA: 0 RX: 0 AQ: 0]: Received data (1 bytes)
Google.Solutions.Compute Verbose: 0 : SshRelayStream [TX: 0 TXA: 0 RX: 0 AQ: 0]: Received data (1 bytes)
Google.Solutions.Compute Verbose: 0 : SshRelayStream [TX: 0 TXA: 0 RX: 0 AQ: 0]: Received data (1 bytes)
Google.Solutions.Compute Verbose: 0 : SshRelayStream [TX: 0 TXA: 0 RX: 0 AQ: 0]: Received data (1 bytes)
Google.Solutions.Compute Verbose: 0 : SshRelayStream [TX: 0 TXA: 0 RX: 0 AQ: 0]: Received data (1 bytes)
Google.Solutions.Compute Verbose: 0 : SshRelayStream [TX: 0 TXA: 0 RX: 0 AQ: 0]: Received data (1 bytes)
Google.Solutions.Compute Verbose: 0 : SshRelayStream [TX: 0 TXA: 0 RX: 0 AQ: 0]: Received data (1 bytes)
Google.Solutions.Compute Verbose: 0 : SshRelayStream [TX: 0 TXA: 0 RX: 0 AQ: 0]: Received data (1 bytes)
Google.Solutions.Compute Verbose: 0 : SshRelayStream [TX: 0 TXA: 0 RX: 0 AQ: 0]: Received data (1 bytes)
Google.Solutions.Compute Verbose: 0 : SshRelayStream [TX: 0 TXA: 0 RX: 0 AQ: 0]: Received data (1 bytes)
Google.Solutions.Compute Verbose: 0 : SshRelayStream [TX: 0 TXA: 0 RX: 0 AQ: 0]: Received data (1 bytes)
Google.Solutions.Compute Verbose: 0 : SshRelayStream [TX: 0 TXA: 0 RX: 0 AQ: 0]: Received data (1 bytes)
Google.Solutions.Compute Verbose: 0 : SshRelayStream [TX: 0 TXA: 0 RX: 0 AQ: 0]: Received data (1 bytes)
Google.Solutions.Compute Verbose: 0 : SshRelayStream [TX: 0 TXA: 0 RX: 0 AQ: 0]: Received data (1 bytes)
Google.Solutions.Compute Verbose: 0 : SshRelayStream [TX: 0 TXA: 0 RX: 0 AQ: 0]: Received data (1 bytes)
Google.Solutions.Compute Verbose: 0 : SshRelayStream [TX: 0 TXA: 0 RX: 1 AQ: 0]: Connection closed abnormally: REAUTHENTICATION_REQUIRED
Google.Solutions.Compute Verbose: 0 : SshRelayStream [TX: 0 TXA: 0 RX: 1 AQ: 0]: Connection closed abnormally: REAUTHENTICATION_REQUIRED
Google.Solutions.Compute Verbose: 0 : SshRelayStream [TX: 0 TXA: 0 RX: 1 AQ: 0]: Connection closed abnormally: REAUTHENTICATION_REQUIRED
Google.Solutions.Compute Verbose: 0 : SshRelayStream [TX: 0 TXA: 0 RX: 1 AQ: 0]: Connection closed abnormally: REAUTHENTICATION_REQUIRED
Google.Solutions.Compute Verbose: 0 : SshRelayStream [TX: 0 TXA: 0 RX: 1 AQ: 0]: Connection closed abnormally: REAUTHENTICATION_REQUIRED
Google.Solutions.Compute Verbose: 0 : SshRelayStream [TX: 0 TXA: 0 RX: 1 AQ: 0]: Connection closed abnormally: REAUTHENTICATION_REQUIRED
Google.Solutions.Compute Verbose: 0 : SshRelayStream [TX: 0 TXA: 0 RX: 1 AQ: 0]: Connection closed abnormally: REAUTHENTICATION_REQUIRED
Google.Solutions.Compute Verbose: 0 : SshRelayStream [TX: 0 TXA: 0 RX: 1 AQ: 0]: Connection closed abnormally: REAUTHENTICATION_REQUIRED
Google.Solutions.Compute Verbose: 0 : SshRelayStream [TX: 0 TXA: 0 RX: 1 AQ: 0]: Connection closed abnormally: REAUTHENTICATION_REQUIRED
Google.Solutions.Compute Verbose: 0 : SshRelayStream [TX: 0 TXA: 0 RX: 1 AQ: 0]: Connection closed abnormally: REAUTHENTICATION_REQUIRED
Google.Solutions.Compute Verbose: 0 : SshRelayStream [TX: 0 TXA: 0 RX: 1 AQ: 0]: Connection closed abnormally: REAUTHENTICATION_REQUIRED
Google.Solutions.Compute Verbose: 0 : SshRelayStream [TX: 0 TXA: 0 RX: 1 AQ: 0]: Connection closed abnormally: REAUTHENTICATION_REQUIRED
Google.Solutions.Compute Verbose: 0 : SshRelayStream [TX: 0 TXA: 0 RX: 1 AQ: 0]: Connection closed abnormally: REAUTHENTICATION_REQUIRED
Google.Solutions.Compute Verbose: 0 : SshRelayStream [TX: 0 TXA: 0 RX: 1 AQ: 0]: Connection closed abnormally: REAUTHENTICATION_REQUIRED
Google.Solutions.Compute Verbose: 0 : SshRelayStream [TX: 0 TXA: 0 RX: 1 AQ: 0]: Connection closed abnormally: REAUTHENTICATION_REQUIRED
Google.Solutions.Compute Verbose: 0 : SshRelayStream [TX: 0 TXA: 0 RX: 1 AQ: 0]: Connection closed abnormally: REAUTHENTICATION_REQUIRED
Google.Solutions.Compute Verbose: 0 : SshRelayStream [TX: 0 TXA: 0 RX: 1 AQ: 0]: Connection closed abnormally: REAUTHENTICATION_REQUIRED
Google.Solutions.Compute Verbose: 0 : SshRelayStream [TX: 0 TXA: 0 RX: 1 AQ: 0]: Connection closed abnormally: REAUTHENTICATION_REQUIRED
Google.Solutions.Compute Verbose: 0 : SshRelayStream [TX: 0 TXA: 0 RX: 1 AQ: 0]: Connection closed abnormally: REAUTHENTICATION_REQUIRED
Google.Solutions.Compute Verbose: 0 : SshRelayStream [TX: 0 TXA: 0 RX: 1 AQ: 0]: Connection closed abnormally: REAUTHENTICATION_REQUIRED
Google.Solutions.Compute Verbose: 0 : SshRelayStream [TX: 0 TXA: 0 RX: 1 AQ: 0]: Connection closed abnormally: REAUTHENTICATION_REQUIRED
Google.Solutions.Compute Verbose: 0 : SshRelayStream [TX: 0 TXA: 0 RX: 1 AQ: 0]: Connection closed abnormally: REAUTHENTICATION_REQUIRED
Google.Solutions.Compute Verbose: 0 : SshRelayStream [TX: 0 TXA: 0 RX: 1 AQ: 0]: Disconnecting, preparing to reconnect
Google.Solutions.Compute Verbose: 0 : SshRelayStream [TX: 0 TXA: 0 RX: 1 AQ: 0]: Disconnecting, preparing to reconnect
Google.Solutions.Compute Verbose: 0 : SshRelayStream [TX: 0 TXA: 0 RX: 1 AQ: 0]: Disconnecting, preparing to reconnect
Google.Solutions.Compute Verbose: 0 : SshRelayStream [TX: 0 TXA: 0 RX: 1 AQ: 0]: Disconnecting, preparing to reconnect
Google.Solutions.Compute Verbose: 0 : SshRelayStream [TX: 0 TXA: 0 RX: 1 AQ: 0]: Disconnecting, preparing to reconnect
Google.Solutions.Compute Verbose: 0 : SshRelayStream [TX: 0 TXA: 0 RX: 1 AQ: 0]: Disconnecting, preparing to reconnect
Google.Solutions.Compute Verbose: 0 : SshRelayStream [TX: 0 TXA: 0 RX: 1 AQ: 0]: Disconnecting, preparing to reconnect
Google.Solutions.Compute Verbose: 0 : SshRelayStream [TX: 0 TXA: 0 RX: 1 AQ: 0]: Disconnecting, preparing to reconnect
Google.Solutions.Compute Verbose: 0 : SshRelayStream [TX: 0 TXA: 0 RX: 1 AQ: 0]: Disconnecting, preparing to reconnect
Google.Solutions.Compute Verbose: 0 : SshRelayStream [TX: 0 TXA: 0 RX: 1 AQ: 0]: Disconnecting, preparing to reconnect
Google.Solutions.Compute Verbose: 0 : SshRelayStream [TX: 0 TXA: 0 RX: 1 AQ: 0]: Disconnecting, preparing to reconnect
Google.Solutions.Compute Verbose: 0 : SshRelayStream [TX: 0 TXA: 0 RX: 1 AQ: 0]: Disconnecting, preparing to reconnect
Google.Solutions.Compute Verbose: 0 : SshRelayStream [TX: 0 TXA: 0 RX: 1 AQ: 0]: Disconnecting, preparing to reconnect
Google.Solutions.Compute Verbose: 0 : SshRelayStream [TX: 0 TXA: 0 RX: 1 AQ: 0]: Disconnecting, preparing to reconnect
Google.Solutions.Compute Verbose: 0 : SshRelayStream [TX: 0 TXA: 0 RX: 1 AQ: 0]: Disconnecting, preparing to reconnect
Google.Solutions.Compute Verbose: 0 : SshRelayStream [TX: 0 TXA: 0 RX: 1 AQ: 0]: Disconnecting, preparing to reconnect
Google.Solutions.Compute Verbose: 0 : SshRelayStream [TX: 0 TXA: 0 RX: 1 AQ: 0]: Disconnecting, preparing to reconnect
Google.Solutions.Compute Verbose: 0 : SshRelayStream [TX: 0 TXA: 0 RX: 1 AQ: 0]: Disconnecting, preparing to reconnect
Google.Solutions.Compute Verbose: 0 : SshRelayStream [TX: 0 TXA: 0 RX: 1 AQ: 0]: Disconnecting, preparing to reconnect
Google.Solutions.Compute Verbose: 0 : SshRelayStream [TX: 0 TXA: 0 RX: 1 AQ: 0]: Disconnecting, preparing to reconnect
Google.Solutions.Compute Verbose: 0 : SshRelayStream [TX: 0 TXA: 0 RX: 1 AQ: 0]: Disconnecting, preparing to reconnect
Google.Solutions.Compute Verbose: 0 : SshRelayStream [TX: 0 TXA: 0 RX: 1 AQ: 0]: Disconnecting, preparing to reconnect
Google.Solutions.Compute Verbose: 0 : SshRelayStream [TX: 0 TXA: 0 RX: 1 AQ: 0]: Disonnected.
Google.Solutions.Compute Verbose: 0 : SshRelayStream [TX: 0 TXA: 0 RX: 1 AQ: 0]: Disonnected.
Google.Solutions.Compute Verbose: 0 : SshRelayStream [TX: 0 TXA: 0 RX: 1 AQ: 0]: Disonnected.
Google.Solutions.Compute Verbose: 0 : SshRelayStream [TX: 0 TXA: 0 RX: 1 AQ: 0]: Disonnected.
Google.Solutions.Compute Verbose: 0 : SshRelayStream [TX: 0 TXA: 0 RX: 1 AQ: 0]: Disonnected.
Google.Solutions.Compute Verbose: 0 : SshRelayStream [TX: 0 TXA: 0 RX: 1 AQ: 0]: Disonnected.
Google.Solutions.Compute Verbose: 0 : SshRelayStream [TX: 0 TXA: 0 RX: 1 AQ: 0]: Disonnected.
Google.Solutions.Compute Verbose: 0 : SshRelayStream [TX: 0 TXA: 0 RX: 1 AQ: 0]: Disonnected.
Google.Solutions.Compute Verbose: 0 : SshRelayStream [TX: 0 TXA: 0 RX: 1 AQ: 0]: Disonnected.
Google.Solutions.Compute Verbose: 0 : SshRelayStream [TX: 0 TXA: 0 RX: 1 AQ: 0]: Disonnected.
Google.Solutions.Compute Verbose: 0 : SshRelayStream [TX: 0 TXA: 0 RX: 1 AQ: 0]: Disonnected.
Google.Solutions.Compute Verbose: 0 : SshRelayStream [TX: 0 TXA: 0 RX: 1 AQ: 0]: Disonnected.
Google.Solutions.Compute Verbose: 0 : SshRelayStream [TX: 0 TXA: 0 RX: 1 AQ: 0]: Disonnected.
Google.Solutions.Compute Verbose: 0 : SshRelayStream [TX: 0 TXA: 0 RX: 1 AQ: 0]: Disonnected.
Google.Solutions.Compute Verbose: 0 : SshRelayStream [TX: 0 TXA: 0 RX: 1 AQ: 0]: Disonnected.
Google.Solutions.Compute Verbose: 0 : SshRelayStream [TX: 0 TXA: 0 RX: 1 AQ: 0]: Disonnected.
Google.Solutions.Compute Verbose: 0 : SshRelayStream [TX: 0 TXA: 0 RX: 1 AQ: 0]: Disonnected.
Google.Solutions.Compute Verbose: 0 : SshRelayStream [TX: 0 TXA: 0 RX: 1 AQ: 0]: Disonnected.
Google.Solutions.Compute Verbose: 0 : SshRelayStream [TX: 0 TXA: 0 RX: 1 AQ: 0]: Disonnected.
Google.Solutions.Compute Verbose: 0 : SshRelayStream [TX: 0 TXA: 0 RX: 1 AQ: 0]: Disonnected.
Google.Solutions.Compute Verbose: 0 : SshRelayStream [TX: 0 TXA: 0 RX: 1 AQ: 0]: Disonnected.
Google.Solutions.Compute Verbose: 0 : SshRelayStream [TX: 0 TXA: 0 RX: 1 AQ: 0]: Disonnected.
Google.Solutions.Compute Verbose: 0 : SshRelayStream [TX: 0 TXA: 0 RX: 1 AQ: 0]: Reconnecting...
Google.Solutions.Compute Verbose: 0 : SshRelayStream [TX: 0 TXA: 0 RX: 1 AQ: 0]: Reconnecting...
Google.Solutions.Compute Verbose: 0 : SshRelayStream [TX: 0 TXA: 0 RX: 1 AQ: 0]: Reconnecting...
Google.Solutions.Compute Verbose: 0 : SshRelayStream [TX: 0 TXA: 0 RX: 1 AQ: 0]: Reconnecting...
Google.Solutions.Compute Verbose: 0 : SshRelayStream [TX: 0 TXA: 0 RX: 1 AQ: 0]: Reconnecting...
Google.Solutions.Compute Verbose: 0 : SshRelayStream [TX: 0 TXA: 0 RX: 1 AQ: 0]: Reconnecting...
Google.Solutions.Compute Verbose: 0 : SshRelayStream [TX: 0 TXA: 0 RX: 1 AQ: 0]: Reconnecting...
Google.Solutions.Compute Verbose: 0 : SshRelayStream [TX: 0 TXA: 0 RX: 1 AQ: 0]: Reconnecting...
Google.Solutions.Compute Verbose: 0 : SshRelayStream [TX: 0 TXA: 0 RX: 1 AQ: 0]: Reconnecting...
Google.Solutions.Compute Verbose: 0 : SshRelayStream [TX: 0 TXA: 0 RX: 1 AQ: 0]: Reconnecting...
Google.Solutions.Compute Verbose: 0 : SshRelayStream [TX: 0 TXA: 0 RX: 1 AQ: 0]: Reconnecting...
Google.Solutions.Compute Verbose: 0 : SshRelayStream [TX: 0 TXA: 0 RX: 1 AQ: 0]: Reconnecting...
Google.Solutions.Compute Verbose: 0 : SshRelayStream [TX: 0 TXA: 0 RX: 1 AQ: 0]: Reconnecting...
Google.Solutions.Compute Verbose: 0 : SshRelayStream [TX: 0 TXA: 0 RX: 1 AQ: 0]: Reconnecting...
Google.Solutions.Compute Verbose: 0 : SshRelayStream [TX: 0 TXA: 0 RX: 1 AQ: 0]: Reconnecting...
Google.Solutions.Compute Verbose: 0 : SshRelayStream [TX: 0 TXA: 0 RX: 1 AQ: 0]: Reconnecting...
Google.Solutions.Compute Verbose: 0 : SshRelayStream [TX: 0 TXA: 0 RX: 1 AQ: 0]: Reconnecting...
Google.Solutions.Compute Verbose: 0 : SshRelayStream [TX: 0 TXA: 0 RX: 1 AQ: 0]: Reconnecting...
Google.Solutions.Compute Verbose: 0 : SshRelayStream [TX: 0 TXA: 0 RX: 1 AQ: 0]: Reconnecting...
Google.Solutions.Compute Verbose: 0 : SshRelayStream [TX: 0 TXA: 0 RX: 1 AQ: 0]: Reconnecting...
Google.Solutions.Compute Verbose: 0 : SshRelayStream [TX: 0 TXA: 0 RX: 1 AQ: 0]: Reconnecting...
Google.Solutions.Compute Verbose: 0 : SshRelayStream [TX: 0 TXA: 0 RX: 1 AQ: 0]: Reconnecting...
Google.Solutions.Compute Verbose: 0 : SshRelayStream [TX: 0 TXA: 0 RX: 1 AQ: 0]: Connected session &lt;\u0000&gt;
Google.Solutions.Compute Verbose: 0 : SshRelayStream [TX: 0 TXA: 0 RX: 1 AQ: 0]: Connected session &lt;\u0000&gt;
Google.Solutions.Compute Verbose: 0 : SshRelayStream [TX: 0 TXA: 0 RX: 1 AQ: 0]: Connected session &lt;\u0000&gt;
Google.Solutions.Compute Verbose: 0 : SshRelayStream [TX: 0 TXA: 0 RX: 1 AQ: 0]: Connected session &lt;\u0000&gt;
Google.Solutions.Compute Verbose: 0 : SshRelayStream [TX: 0 TXA: 0 RX: 1 AQ: 0]: Connected session &lt;\u0000&gt;
Google.Solutions.Compute Verbose: 0 : SshRelayStream [TX: 0 TXA: 0 RX: 1 AQ: 0]: Connected session &lt;\u0000&gt;
Google.Solutions.Compute Verbose: 0 : SshRelayStream [TX: 0 TXA: 0 RX: 1 AQ: 0]: Connected session &lt;\u0000&gt;
Google.Solutions.Compute Verbose: 0 : SshRelayStream [TX: 0 TXA: 0 RX: 1 AQ: 0]: Connected session &lt;\u0000&gt;
Google.Solutions.Compute Verbose: 0 : SshRelayStream [TX: 0 TXA: 0 RX: 1 AQ: 0]: Connected session &lt;\u0000&gt;
Google.Solutions.Compute Verbose: 0 : SshRelayStream [TX: 0 TXA: 0 RX: 1 AQ: 0]: Connected session &lt;\u0000&gt;
Google.Solutions.Compute Verbose: 0 : SshRelayStream [TX: 0 TXA: 0 RX: 1 AQ: 0]: Connected session &lt;\u0000&gt;
Google.Solutions.Compute Verbose: 0 : SshRelayStream [TX: 0 TXA: 0 RX: 1 AQ: 0]: Connected session &lt;\u0000&gt;
Google.Solutions.Compute Verbose: 0 : SshRelayStream [TX: 0 TXA: 0 RX: 1 AQ: 0]: Connected session &lt;\u0000&gt;
Google.Solutions.Compute Verbose: 0 : SshRelayStream [TX: 0 TXA: 0 RX: 1 AQ: 0]: Connected session &lt;\u0000&gt;
Google.Solutions.Compute Verbose: 0 : SshRelayStream [TX: 0 TXA: 0 RX: 1 AQ: 0]: Connected session &lt;\u0000&gt;
Google.Solutions.Compute Verbose: 0 : SshRelayStream [TX: 0 TXA: 0 RX: 1 AQ: 0]: Connected session &lt;\u0000&gt;
Google.Solutions.Compute Verbose: 0 : SshRelayStream [TX: 0 TXA: 0 RX: 1 AQ: 0]: Connected session &lt;\u0000&gt;
Google.Solutions.Compute Verbose: 0 : SshRelayStream [TX: 0 TXA: 0 RX: 1 AQ: 0]: Connected session &lt;\u0000&gt;
Google.Solutions.Compute Verbose: 0 : SshRelayStream [TX: 0 TXA: 0 RX: 1 AQ: 0]: Connected session &lt;\u0000&gt;
Google.Solutions.Compute Verbose: 0 : SshRelayStream [TX: 0 TXA: 0 RX: 1 AQ: 0]: Connected session &lt;\u0000&gt;
Google.Solutions.Compute Verbose: 0 : SshRelayStream [TX: 0 TXA: 0 RX: 1 AQ: 0]: Connected session &lt;\u0000&gt;
Google.Solutions.Compute Verbose: 0 : SshRelayStream [TX: 0 TXA: 0 RX: 1 AQ: 0]: Connected session &lt;\u0000&gt;
Google.Solutions.Compute Verbose: 0 : SshRelayStream [TX: 0 TXA: 0 RX: 1 AQ: 0]: Received data (2 bytes)
Google.Solutions.Compute Verbose: 0 : SshRelayStream [TX: 0 TXA: 0 RX: 1 AQ: 0]: Received data (2 bytes)
Google.Solutions.Compute Verbose: 0 : SshRelayStream [TX: 0 TXA: 0 RX: 1 AQ: 0]: Received data (2 bytes)
Google.Solutions.Compute Verbose: 0 : SshRelayStream [TX: 0 TXA: 0 RX: 1 AQ: 0]: Received data (2 bytes)
Google.Solutions.Compute Verbose: 0 : SshRelayStream [TX: 0 TXA: 0 RX: 1 AQ: 0]: Received data (2 bytes)
Google.Solutions.Compute Verbose: 0 : SshRelayStream [TX: 0 TXA: 0 RX: 1 AQ: 0]: Received data (2 bytes)
Google.Solutions.Compute Verbose: 0 : SshRelayStream [TX: 0 TXA: 0 RX: 1 AQ: 0]: Received data (2 bytes)
Google.Solutions.Compute Verbose: 0 : SshRelayStream [TX: 0 TXA: 0 RX: 1 AQ: 0]: Received data (2 bytes)
Google.Solutions.Compute Verbose: 0 : SshRelayStream [TX: 0 TXA: 0 RX: 1 AQ: 0]: Received data (2 bytes)
Google.Solutions.Compute Verbose: 0 : SshRelayStream [TX: 0 TXA: 0 RX: 1 AQ: 0]: Received data (2 bytes)
Google.Solutions.Compute Verbose: 0 : SshRelayStream [TX: 0 TXA: 0 RX: 1 AQ: 0]: Received data (2 bytes)
Google.Solutions.Compute Verbose: 0 : SshRelayStream [TX: 0 TXA: 0 RX: 1 AQ: 0]: Received data (2 bytes)
Google.Solutions.Compute Verbose: 0 : SshRelayStream [TX: 0 TXA: 0 RX: 1 AQ: 0]: Received data (2 bytes)
Google.Solutions.Compute Verbose: 0 : SshRelayStream [TX: 0 TXA: 0 RX: 1 AQ: 0]: Received data (2 bytes)
Google.Solutions.Compute Verbose: 0 : SshRelayStream [TX: 0 TXA: 0 RX: 1 AQ: 0]: Received data (2 bytes)
Google.Solutions.Compute Verbose: 0 : SshRelayStream [TX: 0 TXA: 0 RX: 1 AQ: 0]: Received data (2 bytes)
Google.Solutions.Compute Verbose: 0 : SshRelayStream [TX: 0 TXA: 0 RX: 1 AQ: 0]: Received data (2 bytes)
Google.Solutions.Compute Verbose: 0 : SshRelayStream [TX: 0 TXA: 0 RX: 1 AQ: 0]: Received data (2 bytes)
Google.Solutions.Compute Verbose: 0 : SshRelayStream [TX: 0 TXA: 0 RX: 1 AQ: 0]: Received data (2 bytes)
Google.Solutions.Compute Verbose: 0 : SshRelayStream [TX: 0 TXA: 0 RX: 1 AQ: 0]: Received data (2 bytes)
Google.Solutions.Compute Verbose: 0 : SshRelayStream [TX: 0 TXA: 0 RX: 1 AQ: 0]: Received data (2 bytes)
Google.Solutions.Compute Verbose: 0 : SshRelayStream [TX: 0 TXA: 0 RX: 1 AQ: 0]: Received data (2 bytes)
</system-out></testcase></testsuite><testsuite tests="8" time="0.011747" errors="0" failures="0" skipped="0" timestamp="2019-08-24 09:17:29Z" name="Google.Solutions.Compute.Test.dll.Google.Solutions.Compute.Test.Iap.TestSshRelayStreamReading.ReadAfterWriteAndForcefulServerCloseCausesReconnect."><testcase name="ReadAfterWriteAndForcefulServerCloseCausesReconnect(EndpointUnavailable)" assertions="6" time="0.002976" status="Passed" classname="Google.Solutions.Compute.Test.Iap.TestSshRelayStreamReading"><system-out>Google.Solutions.Compute Verbose: 0 : SshRelayStream [TX: 0 TXA: 0 RX: 0 AQ: 0]: Connecting...
Google.Solutions.Compute Verbose: 0 : SshRelayStream [TX: 0 TXA: 0 RX: 0 AQ: 0]: Connecting...
Google.Solutions.Compute Verbose: 0 : SshRelayStream [TX: 0 TXA: 0 RX: 0 AQ: 0]: Connecting...
Google.Solutions.Compute Verbose: 0 : SshRelayStream [TX: 0 TXA: 0 RX: 0 AQ: 0]: Connecting...
Google.Solutions.Compute Verbose: 0 : SshRelayStream [TX: 0 TXA: 0 RX: 0 AQ: 0]: Connecting...
Google.Solutions.Compute Verbose: 0 : SshRelayStream [TX: 0 TXA: 0 RX: 0 AQ: 0]: Connecting...
Google.Solutions.Compute Verbose: 0 : SshRelayStream [TX: 0 TXA: 0 RX: 0 AQ: 0]: Connecting...
Google.Solutions.Compute Verbose: 0 : SshRelayStream [TX: 0 TXA: 0 RX: 0 AQ: 0]: Connecting...
Google.Solutions.Compute Verbose: 0 : SshRelayStream [TX: 0 TXA: 0 RX: 0 AQ: 0]: Connecting...
Google.Solutions.Compute Verbose: 0 : SshRelayStream [TX: 0 TXA: 0 RX: 0 AQ: 0]: Connecting...
Google.Solutions.Compute Verbose: 0 : SshRelayStream [TX: 0 TXA: 0 RX: 0 AQ: 0]: Connecting...
Google.Solutions.Compute Verbose: 0 : SshRelayStream [TX: 0 TXA: 0 RX: 0 AQ: 0]: Connecting...
Google.Solutions.Compute Verbose: 0 : SshRelayStream [TX: 0 TXA: 0 RX: 0 AQ: 0]: Connecting...
Google.Solutions.Compute Verbose: 0 : SshRelayStream [TX: 0 TXA: 0 RX: 0 AQ: 0]: Connecting...
Google.Solutions.Compute Verbose: 0 : SshRelayStream [TX: 0 TXA: 0 RX: 0 AQ: 0]: Connecting...
Google.Solutions.Compute Verbose: 0 : SshRelayStream [TX: 0 TXA: 0 RX: 0 AQ: 0]: Connecting...
Google.Solutions.Compute Verbose: 0 : SshRelayStream [TX: 0 TXA: 0 RX: 0 AQ: 0]: Connecting...
Google.Solutions.Compute Verbose: 0 : SshRelayStream [TX: 0 TXA: 0 RX: 0 AQ: 0]: Connecting...
Google.Solutions.Compute Verbose: 0 : SshRelayStream [TX: 0 TXA: 0 RX: 0 AQ: 0]: Connecting...
Google.Solutions.Compute Verbose: 0 : SshRelayStream [TX: 0 TXA: 0 RX: 0 AQ: 0]: Connecting...
Google.Solutions.Compute Verbose: 0 : SshRelayStream [TX: 0 TXA: 0 RX: 0 AQ: 0]: Connecting...
Google.Solutions.Compute Verbose: 0 : SshRelayStream [TX: 0 TXA: 0 RX: 0 AQ: 0]: Connecting...
Google.Solutions.Compute Verbose: 0 : SshRelayStream [TX: 0 TXA: 0 RX: 0 AQ: 0]: Connecting...
Google.Solutions.Compute Verbose: 0 : SshRelayStream [TX: 0 TXA: 0 RX: 0 AQ: 0]: Connecting...
Google.Solutions.Compute Verbose: 0 : SshRelayStream [TX: 0 TXA: 0 RX: 0 AQ: 0]: Sending DATA #0...
Google.Solutions.Compute Verbose: 0 : SshRelayStream [TX: 0 TXA: 0 RX: 0 AQ: 0]: Sending DATA #0...
Google.Solutions.Compute Verbose: 0 : SshRelayStream [TX: 0 TXA: 0 RX: 0 AQ: 0]: Sending DATA #0...
Google.Solutions.Compute Verbose: 0 : SshRelayStream [TX: 0 TXA: 0 RX: 0 AQ: 0]: Sending DATA #0...
Google.Solutions.Compute Verbose: 0 : SshRelayStream [TX: 0 TXA: 0 RX: 0 AQ: 0]: Sending DATA #0...
Google.Solutions.Compute Verbose: 0 : SshRelayStream [TX: 0 TXA: 0 RX: 0 AQ: 0]: Sending DATA #0...
Google.Solutions.Compute Verbose: 0 : SshRelayStream [TX: 0 TXA: 0 RX: 0 AQ: 0]: Sending DATA #0...
Google.Solutions.Compute Verbose: 0 : SshRelayStream [TX: 0 TXA: 0 RX: 0 AQ: 0]: Sending DATA #0...
Google.Solutions.Compute Verbose: 0 : SshRelayStream [TX: 0 TXA: 0 RX: 0 AQ: 0]: Sending DATA #0...
Google.Solutions.Compute Verbose: 0 : SshRelayStream [TX: 0 TXA: 0 RX: 0 AQ: 0]: Sending DATA #0...
Google.Solutions.Compute Verbose: 0 : SshRelayStream [TX: 0 TXA: 0 RX: 0 AQ: 0]: Sending DATA #0...
Google.Solutions.Compute Verbose: 0 : SshRelayStream [TX: 0 TXA: 0 RX: 0 AQ: 0]: Sending DATA #0...
Google.Solutions.Compute Verbose: 0 : SshRelayStream [TX: 0 TXA: 0 RX: 0 AQ: 0]: Sending DATA #0...
Google.Solutions.Compute Verbose: 0 : SshRelayStream [TX: 0 TXA: 0 RX: 0 AQ: 0]: Sending DATA #0...
Google.Solutions.Compute Verbose: 0 : SshRelayStream [TX: 0 TXA: 0 RX: 0 AQ: 0]: Sending DATA #0...
Google.Solutions.Compute Verbose: 0 : SshRelayStream [TX: 0 TXA: 0 RX: 0 AQ: 0]: Sending DATA #0...
Google.Solutions.Compute Verbose: 0 : SshRelayStream [TX: 0 TXA: 0 RX: 0 AQ: 0]: Sending DATA #0...
Google.Solutions.Compute Verbose: 0 : SshRelayStream [TX: 0 TXA: 0 RX: 0 AQ: 0]: Sending DATA #0...
Google.Solutions.Compute Verbose: 0 : SshRelayStream [TX: 0 TXA: 0 RX: 0 AQ: 0]: Sending DATA #0...
Google.Solutions.Compute Verbose: 0 : SshRelayStream [TX: 0 TXA: 0 RX: 0 AQ: 0]: Sending DATA #0...
Google.Solutions.Compute Verbose: 0 : SshRelayStream [TX: 0 TXA: 0 RX: 0 AQ: 0]: Sending DATA #0...
Google.Solutions.Compute Verbose: 0 : SshRelayStream [TX: 0 TXA: 0 RX: 0 AQ: 0]: Sending DATA #0...
Google.Solutions.Compute Verbose: 0 : SshRelayStream [TX: 0 TXA: 0 RX: 0 AQ: 0]: Sending DATA #0...
Google.Solutions.Compute Verbose: 0 : SshRelayStream [TX: 0 TXA: 0 RX: 0 AQ: 0]: Sending DATA #0...
Google.Solutions.Compute Verbose: 0 : SshRelayStream [TX: 3 TXA: 0 RX: 0 AQ: 1]: Connected session &lt;\u0000&gt;
Google.Solutions.Compute Verbose: 0 : SshRelayStream [TX: 3 TXA: 0 RX: 0 AQ: 1]: Connected session &lt;\u0000&gt;
Google.Solutions.Compute Verbose: 0 : SshRelayStream [TX: 3 TXA: 0 RX: 0 AQ: 1]: Connected session &lt;\u0000&gt;
Google.Solutions.Compute Verbose: 0 : SshRelayStream [TX: 3 TXA: 0 RX: 0 AQ: 1]: Connected session &lt;\u0000&gt;
Google.Solutions.Compute Verbose: 0 : SshRelayStream [TX: 3 TXA: 0 RX: 0 AQ: 1]: Connected session &lt;\u0000&gt;
Google.Solutions.Compute Verbose: 0 : SshRelayStream [TX: 3 TXA: 0 RX: 0 AQ: 1]: Connected session &lt;\u0000&gt;
Google.Solutions.Compute Verbose: 0 : SshRelayStream [TX: 3 TXA: 0 RX: 0 AQ: 1]: Connected session &lt;\u0000&gt;
Google.Solutions.Compute Verbose: 0 : SshRelayStream [TX: 3 TXA: 0 RX: 0 AQ: 1]: Connected session &lt;\u0000&gt;
Google.Solutions.Compute Verbose: 0 : SshRelayStream [TX: 3 TXA: 0 RX: 0 AQ: 1]: Connected session &lt;\u0000&gt;
Google.Solutions.Compute Verbose: 0 : SshRelayStream [TX: 3 TXA: 0 RX: 0 AQ: 1]: Connected session &lt;\u0000&gt;
Google.Solutions.Compute Verbose: 0 : SshRelayStream [TX: 3 TXA: 0 RX: 0 AQ: 1]: Connected session &lt;\u0000&gt;
Google.Solutions.Compute Verbose: 0 : SshRelayStream [TX: 3 TXA: 0 RX: 0 AQ: 1]: Connected session &lt;\u0000&gt;
Google.Solutions.Compute Verbose: 0 : SshRelayStream [TX: 3 TXA: 0 RX: 0 AQ: 1]: Connected session &lt;\u0000&gt;
Google.Solutions.Compute Verbose: 0 : SshRelayStream [TX: 3 TXA: 0 RX: 0 AQ: 1]: Connected session &lt;\u0000&gt;
Google.Solutions.Compute Verbose: 0 : SshRelayStream [TX: 3 TXA: 0 RX: 0 AQ: 1]: Connected session &lt;\u0000&gt;
Google.Solutions.Compute Verbose: 0 : SshRelayStream [TX: 3 TXA: 0 RX: 0 AQ: 1]: Connected session &lt;\u0000&gt;
Google.Solutions.Compute Verbose: 0 : SshRelayStream [TX: 3 TXA: 0 RX: 0 AQ: 1]: Connected session &lt;\u0000&gt;
Google.Solutions.Compute Verbose: 0 : SshRelayStream [TX: 3 TXA: 0 RX: 0 AQ: 1]: Connected session &lt;\u0000&gt;
Google.Solutions.Compute Verbose: 0 : SshRelayStream [TX: 3 TXA: 0 RX: 0 AQ: 1]: Connected session &lt;\u0000&gt;
Google.Solutions.Compute Verbose: 0 : SshRelayStream [TX: 3 TXA: 0 RX: 0 AQ: 1]: Connected session &lt;\u0000&gt;
Google.Solutions.Compute Verbose: 0 : SshRelayStream [TX: 3 TXA: 0 RX: 0 AQ: 1]: Connected session &lt;\u0000&gt;
Google.Solutions.Compute Verbose: 0 : SshRelayStream [TX: 3 TXA: 0 RX: 0 AQ: 1]: Connected session &lt;\u0000&gt;
Google.Solutions.Compute Verbose: 0 : SshRelayStream [TX: 3 TXA: 0 RX: 0 AQ: 1]: Connected session &lt;\u0000&gt;
Google.Solutions.Compute Verbose: 0 : SshRelayStream [TX: 3 TXA: 0 RX: 0 AQ: 1]: Connected session &lt;\u0000&gt;
Google.Solutions.Compute Verbose: 0 : SshRelayStream [TX: 3 TXA: 0 RX: 0 AQ: 1]: Received data (1 bytes)
Google.Solutions.Compute Verbose: 0 : SshRelayStream [TX: 3 TXA: 0 RX: 0 AQ: 1]: Received data (1 bytes)
Google.Solutions.Compute Verbose: 0 : SshRelayStream [TX: 3 TXA: 0 RX: 0 AQ: 1]: Received data (1 bytes)
Google.Solutions.Compute Verbose: 0 : SshRelayStream [TX: 3 TXA: 0 RX: 0 AQ: 1]: Received data (1 bytes)
Google.Solutions.Compute Verbose: 0 : SshRelayStream [TX: 3 TXA: 0 RX: 0 AQ: 1]: Received data (1 bytes)
Google.Solutions.Compute Verbose: 0 : SshRelayStream [TX: 3 TXA: 0 RX: 0 AQ: 1]: Received data (1 bytes)
Google.Solutions.Compute Verbose: 0 : SshRelayStream [TX: 3 TXA: 0 RX: 0 AQ: 1]: Received data (1 bytes)
Google.Solutions.Compute Verbose: 0 : SshRelayStream [TX: 3 TXA: 0 RX: 0 AQ: 1]: Received data (1 bytes)
Google.Solutions.Compute Verbose: 0 : SshRelayStream [TX: 3 TXA: 0 RX: 0 AQ: 1]: Received data (1 bytes)
Google.Solutions.Compute Verbose: 0 : SshRelayStream [TX: 3 TXA: 0 RX: 0 AQ: 1]: Received data (1 bytes)
Google.Solutions.Compute Verbose: 0 : SshRelayStream [TX: 3 TXA: 0 RX: 0 AQ: 1]: Received data (1 bytes)
Google.Solutions.Compute Verbose: 0 : SshRelayStream [TX: 3 TXA: 0 RX: 0 AQ: 1]: Received data (1 bytes)
Google.Solutions.Compute Verbose: 0 : SshRelayStream [TX: 3 TXA: 0 RX: 0 AQ: 1]: Received data (1 bytes)
Google.Solutions.Compute Verbose: 0 : SshRelayStream [TX: 3 TXA: 0 RX: 0 AQ: 1]: Received data (1 bytes)
Google.Solutions.Compute Verbose: 0 : SshRelayStream [TX: 3 TXA: 0 RX: 0 AQ: 1]: Received data (1 bytes)
Google.Solutions.Compute Verbose: 0 : SshRelayStream [TX: 3 TXA: 0 RX: 0 AQ: 1]: Received data (1 bytes)
Google.Solutions.Compute Verbose: 0 : SshRelayStream [TX: 3 TXA: 0 RX: 0 AQ: 1]: Received data (1 bytes)
Google.Solutions.Compute Verbose: 0 : SshRelayStream [TX: 3 TXA: 0 RX: 0 AQ: 1]: Received data (1 bytes)
Google.Solutions.Compute Verbose: 0 : SshRelayStream [TX: 3 TXA: 0 RX: 0 AQ: 1]: Received data (1 bytes)
Google.Solutions.Compute Verbose: 0 : SshRelayStream [TX: 3 TXA: 0 RX: 0 AQ: 1]: Received data (1 bytes)
Google.Solutions.Compute Verbose: 0 : SshRelayStream [TX: 3 TXA: 0 RX: 0 AQ: 1]: Received data (1 bytes)
Google.Solutions.Compute Verbose: 0 : SshRelayStream [TX: 3 TXA: 0 RX: 0 AQ: 1]: Received data (1 bytes)
Google.Solutions.Compute Verbose: 0 : SshRelayStream [TX: 3 TXA: 0 RX: 0 AQ: 1]: Received data (1 bytes)
Google.Solutions.Compute Verbose: 0 : SshRelayStream [TX: 3 TXA: 0 RX: 0 AQ: 1]: Received data (1 bytes)
Google.Solutions.Compute Verbose: 0 : SshRelayStream [TX: 3 TXA: 0 RX: 1 AQ: 1]: Connection closed abnormally: 1001
Google.Solutions.Compute Verbose: 0 : SshRelayStream [TX: 3 TXA: 0 RX: 1 AQ: 1]: Connection closed abnormally: 1001
Google.Solutions.Compute Verbose: 0 : SshRelayStream [TX: 3 TXA: 0 RX: 1 AQ: 1]: Connection closed abnormally: 1001
Google.Solutions.Compute Verbose: 0 : SshRelayStream [TX: 3 TXA: 0 RX: 1 AQ: 1]: Connection closed abnormally: 1001
Google.Solutions.Compute Verbose: 0 : SshRelayStream [TX: 3 TXA: 0 RX: 1 AQ: 1]: Connection closed abnormally: 1001
Google.Solutions.Compute Verbose: 0 : SshRelayStream [TX: 3 TXA: 0 RX: 1 AQ: 1]: Connection closed abnormally: 1001
Google.Solutions.Compute Verbose: 0 : SshRelayStream [TX: 3 TXA: 0 RX: 1 AQ: 1]: Connection closed abnormally: 1001
Google.Solutions.Compute Verbose: 0 : SshRelayStream [TX: 3 TXA: 0 RX: 1 AQ: 1]: Connection closed abnormally: 1001
Google.Solutions.Compute Verbose: 0 : SshRelayStream [TX: 3 TXA: 0 RX: 1 AQ: 1]: Connection closed abnormally: 1001
Google.Solutions.Compute Verbose: 0 : SshRelayStream [TX: 3 TXA: 0 RX: 1 AQ: 1]: Connection closed abnormally: 1001
Google.Solutions.Compute Verbose: 0 : SshRelayStream [TX: 3 TXA: 0 RX: 1 AQ: 1]: Connection closed abnormally: 1001
Google.Solutions.Compute Verbose: 0 : SshRelayStream [TX: 3 TXA: 0 RX: 1 AQ: 1]: Connection closed abnormally: 1001
Google.Solutions.Compute Verbose: 0 : SshRelayStream [TX: 3 TXA: 0 RX: 1 AQ: 1]: Connection closed abnormally: 1001
Google.Solutions.Compute Verbose: 0 : SshRelayStream [TX: 3 TXA: 0 RX: 1 AQ: 1]: Connection closed abnormally: 1001
Google.Solutions.Compute Verbose: 0 : SshRelayStream [TX: 3 TXA: 0 RX: 1 AQ: 1]: Connection closed abnormally: 1001
Google.Solutions.Compute Verbose: 0 : SshRelayStream [TX: 3 TXA: 0 RX: 1 AQ: 1]: Connection closed abnormally: 1001
Google.Solutions.Compute Verbose: 0 : SshRelayStream [TX: 3 TXA: 0 RX: 1 AQ: 1]: Connection closed abnormally: 1001
Google.Solutions.Compute Verbose: 0 : SshRelayStream [TX: 3 TXA: 0 RX: 1 AQ: 1]: Connection closed abnormally: 1001
Google.Solutions.Compute Verbose: 0 : SshRelayStream [TX: 3 TXA: 0 RX: 1 AQ: 1]: Connection closed abnormally: 1001
Google.Solutions.Compute Verbose: 0 : SshRelayStream [TX: 3 TXA: 0 RX: 1 AQ: 1]: Connection closed abnormally: 1001
Google.Solutions.Compute Verbose: 0 : SshRelayStream [TX: 3 TXA: 0 RX: 1 AQ: 1]: Connection closed abnormally: 1001
Google.Solutions.Compute Verbose: 0 : SshRelayStream [TX: 3 TXA: 0 RX: 1 AQ: 1]: Connection closed abnormally: 1001
Google.Solutions.Compute Verbose: 0 : SshRelayStream [TX: 3 TXA: 0 RX: 1 AQ: 1]: Connection closed abnormally: 1001
Google.Solutions.Compute Verbose: 0 : SshRelayStream [TX: 3 TXA: 0 RX: 1 AQ: 1]: Connection closed abnormally: 1001
Google.Solutions.Compute Verbose: 0 : SshRelayStream [TX: 3 TXA: 0 RX: 1 AQ: 1]: Disconnecting, preparing to reconnect
Google.Solutions.Compute Verbose: 0 : SshRelayStream [TX: 3 TXA: 0 RX: 1 AQ: 1]: Disconnecting, preparing to reconnect
Google.Solutions.Compute Verbose: 0 : SshRelayStream [TX: 3 TXA: 0 RX: 1 AQ: 1]: Disconnecting, preparing to reconnect
Google.Solutions.Compute Verbose: 0 : SshRelayStream [TX: 3 TXA: 0 RX: 1 AQ: 1]: Disconnecting, preparing to reconnect
Google.Solutions.Compute Verbose: 0 : SshRelayStream [TX: 3 TXA: 0 RX: 1 AQ: 1]: Disconnecting, preparing to reconnect
Google.Solutions.Compute Verbose: 0 : SshRelayStream [TX: 3 TXA: 0 RX: 1 AQ: 1]: Disconnecting, preparing to reconnect
Google.Solutions.Compute Verbose: 0 : SshRelayStream [TX: 3 TXA: 0 RX: 1 AQ: 1]: Disconnecting, preparing to reconnect
Google.Solutions.Compute Verbose: 0 : SshRelayStream [TX: 3 TXA: 0 RX: 1 AQ: 1]: Disconnecting, preparing to reconnect
Google.Solutions.Compute Verbose: 0 : SshRelayStream [TX: 3 TXA: 0 RX: 1 AQ: 1]: Disconnecting, preparing to reconnect
Google.Solutions.Compute Verbose: 0 : SshRelayStream [TX: 3 TXA: 0 RX: 1 AQ: 1]: Disconnecting, preparing to reconnect
Google.Solutions.Compute Verbose: 0 : SshRelayStream [TX: 3 TXA: 0 RX: 1 AQ: 1]: Disconnecting, preparing to reconnect
Google.Solutions.Compute Verbose: 0 : SshRelayStream [TX: 3 TXA: 0 RX: 1 AQ: 1]: Disconnecting, preparing to reconnect
Google.Solutions.Compute Verbose: 0 : SshRelayStream [TX: 3 TXA: 0 RX: 1 AQ: 1]: Disconnecting, preparing to reconnect
Google.Solutions.Compute Verbose: 0 : SshRelayStream [TX: 3 TXA: 0 RX: 1 AQ: 1]: Disconnecting, preparing to reconnect
Google.Solutions.Compute Verbose: 0 : SshRelayStream [TX: 3 TXA: 0 RX: 1 AQ: 1]: Disconnecting, preparing to reconnect
Google.Solutions.Compute Verbose: 0 : SshRelayStream [TX: 3 TXA: 0 RX: 1 AQ: 1]: Disconnecting, preparing to reconnect
Google.Solutions.Compute Verbose: 0 : SshRelayStream [TX: 3 TXA: 0 RX: 1 AQ: 1]: Disconnecting, preparing to reconnect
Google.Solutions.Compute Verbose: 0 : SshRelayStream [TX: 3 TXA: 0 RX: 1 AQ: 1]: Disconnecting, preparing to reconnect
Google.Solutions.Compute Verbose: 0 : SshRelayStream [TX: 3 TXA: 0 RX: 1 AQ: 1]: Disconnecting, preparing to reconnect
Google.Solutions.Compute Verbose: 0 : SshRelayStream [TX: 3 TXA: 0 RX: 1 AQ: 1]: Disconnecting, preparing to reconnect
Google.Solutions.Compute Verbose: 0 : SshRelayStream [TX: 3 TXA: 0 RX: 1 AQ: 1]: Disconnecting, preparing to reconnect
Google.Solutions.Compute Verbose: 0 : SshRelayStream [TX: 3 TXA: 0 RX: 1 AQ: 1]: Disconnecting, preparing to reconnect
Google.Solutions.Compute Verbose: 0 : SshRelayStream [TX: 3 TXA: 0 RX: 1 AQ: 1]: Disconnecting, preparing to reconnect
Google.Solutions.Compute Verbose: 0 : SshRelayStream [TX: 3 TXA: 0 RX: 1 AQ: 1]: Disconnecting, preparing to reconnect
Google.Solutions.Compute Verbose: 0 : SshRelayStream [TX: 3 TXA: 0 RX: 1 AQ: 1]: Disonnected.
Google.Solutions.Compute Verbose: 0 : SshRelayStream [TX: 3 TXA: 0 RX: 1 AQ: 1]: Disonnected.
Google.Solutions.Compute Verbose: 0 : SshRelayStream [TX: 3 TXA: 0 RX: 1 AQ: 1]: Disonnected.
Google.Solutions.Compute Verbose: 0 : SshRelayStream [TX: 3 TXA: 0 RX: 1 AQ: 1]: Disonnected.
Google.Solutions.Compute Verbose: 0 : SshRelayStream [TX: 3 TXA: 0 RX: 1 AQ: 1]: Disonnected.
Google.Solutions.Compute Verbose: 0 : SshRelayStream [TX: 3 TXA: 0 RX: 1 AQ: 1]: Disonnected.
Google.Solutions.Compute Verbose: 0 : SshRelayStream [TX: 3 TXA: 0 RX: 1 AQ: 1]: Disonnected.
Google.Solutions.Compute Verbose: 0 : SshRelayStream [TX: 3 TXA: 0 RX: 1 AQ: 1]: Disonnected.
Google.Solutions.Compute Verbose: 0 : SshRelayStream [TX: 3 TXA: 0 RX: 1 AQ: 1]: Disonnected.
Google.Solutions.Compute Verbose: 0 : SshRelayStream [TX: 3 TXA: 0 RX: 1 AQ: 1]: Disonnected.
Google.Solutions.Compute Verbose: 0 : SshRelayStream [TX: 3 TXA: 0 RX: 1 AQ: 1]: Disonnected.
Google.Solutions.Compute Verbose: 0 : SshRelayStream [TX: 3 TXA: 0 RX: 1 AQ: 1]: Disonnected.
Google.Solutions.Compute Verbose: 0 : SshRelayStream [TX: 3 TXA: 0 RX: 1 AQ: 1]: Disonnected.
Google.Solutions.Compute Verbose: 0 : SshRelayStream [TX: 3 TXA: 0 RX: 1 AQ: 1]: Disonnected.
Google.Solutions.Compute Verbose: 0 : SshRelayStream [TX: 3 TXA: 0 RX: 1 AQ: 1]: Disonnected.
Google.Solutions.Compute Verbose: 0 : SshRelayStream [TX: 3 TXA: 0 RX: 1 AQ: 1]: Disonnected.
Google.Solutions.Compute Verbose: 0 : SshRelayStream [TX: 3 TXA: 0 RX: 1 AQ: 1]: Disonnected.
Google.Solutions.Compute Verbose: 0 : SshRelayStream [TX: 3 TXA: 0 RX: 1 AQ: 1]: Disonnected.
Google.Solutions.Compute Verbose: 0 : SshRelayStream [TX: 3 TXA: 0 RX: 1 AQ: 1]: Disonnected.
Google.Solutions.Compute Verbose: 0 : SshRelayStream [TX: 3 TXA: 0 RX: 1 AQ: 1]: Disonnected.
Google.Solutions.Compute Verbose: 0 : SshRelayStream [TX: 3 TXA: 0 RX: 1 AQ: 1]: Disonnected.
Google.Solutions.Compute Verbose: 0 : SshRelayStream [TX: 3 TXA: 0 RX: 1 AQ: 1]: Disonnected.
Google.Solutions.Compute Verbose: 0 : SshRelayStream [TX: 3 TXA: 0 RX: 1 AQ: 1]: Disonnected.
Google.Solutions.Compute Verbose: 0 : SshRelayStream [TX: 3 TXA: 0 RX: 1 AQ: 1]: Disonnected.
Google.Solutions.Compute Verbose: 0 : SshRelayStream [TX: 3 TXA: 0 RX: 1 AQ: 1]: Reconnecting...
Google.Solutions.Compute Verbose: 0 : SshRelayStream [TX: 3 TXA: 0 RX: 1 AQ: 1]: Reconnecting...
Google.Solutions.Compute Verbose: 0 : SshRelayStream [TX: 3 TXA: 0 RX: 1 AQ: 1]: Reconnecting...
Google.Solutions.Compute Verbose: 0 : SshRelayStream [TX: 3 TXA: 0 RX: 1 AQ: 1]: Reconnecting...
Google.Solutions.Compute Verbose: 0 : SshRelayStream [TX: 3 TXA: 0 RX: 1 AQ: 1]: Reconnecting...
Google.Solutions.Compute Verbose: 0 : SshRelayStream [TX: 3 TXA: 0 RX: 1 AQ: 1]: Reconnecting...
Google.Solutions.Compute Verbose: 0 : SshRelayStream [TX: 3 TXA: 0 RX: 1 AQ: 1]: Reconnecting...
Google.Solutions.Compute Verbose: 0 : SshRelayStream [TX: 3 TXA: 0 RX: 1 AQ: 1]: Reconnecting...
Google.Solutions.Compute Verbose: 0 : SshRelayStream [TX: 3 TXA: 0 RX: 1 AQ: 1]: Reconnecting...
Google.Solutions.Compute Verbose: 0 : SshRelayStream [TX: 3 TXA: 0 RX: 1 AQ: 1]: Reconnecting...
Google.Solutions.Compute Verbose: 0 : SshRelayStream [TX: 3 TXA: 0 RX: 1 AQ: 1]: Reconnecting...
Google.Solutions.Compute Verbose: 0 : SshRelayStream [TX: 3 TXA: 0 RX: 1 AQ: 1]: Reconnecting...
Google.Solutions.Compute Verbose: 0 : SshRelayStream [TX: 3 TXA: 0 RX: 1 AQ: 1]: Reconnecting...
Google.Solutions.Compute Verbose: 0 : SshRelayStream [TX: 3 TXA: 0 RX: 1 AQ: 1]: Reconnecting...
Google.Solutions.Compute Verbose: 0 : SshRelayStream [TX: 3 TXA: 0 RX: 1 AQ: 1]: Reconnecting...
Google.Solutions.Compute Verbose: 0 : SshRelayStream [TX: 3 TXA: 0 RX: 1 AQ: 1]: Reconnecting...
Google.Solutions.Compute Verbose: 0 : SshRelayStream [TX: 3 TXA: 0 RX: 1 AQ: 1]: Reconnecting...
Google.Solutions.Compute Verbose: 0 : SshRelayStream [TX: 3 TXA: 0 RX: 1 AQ: 1]: Reconnecting...
Google.Solutions.Compute Verbose: 0 : SshRelayStream [TX: 3 TXA: 0 RX: 1 AQ: 1]: Reconnecting...
Google.Solutions.Compute Verbose: 0 : SshRelayStream [TX: 3 TXA: 0 RX: 1 AQ: 1]: Reconnecting...
Google.Solutions.Compute Verbose: 0 : SshRelayStream [TX: 3 TXA: 0 RX: 1 AQ: 1]: Reconnecting...
Google.Solutions.Compute Verbose: 0 : SshRelayStream [TX: 3 TXA: 0 RX: 1 AQ: 1]: Reconnecting...
Google.Solutions.Compute Verbose: 0 : SshRelayStream [TX: 3 TXA: 0 RX: 1 AQ: 1]: Reconnecting...
Google.Solutions.Compute Verbose: 0 : SshRelayStream [TX: 3 TXA: 0 RX: 1 AQ: 1]: Reconnecting...
Google.Solutions.Compute Verbose: 0 : SshRelayStream [TX: 3 TXA: 0 RX: 1 AQ: 0]: Resending DATA #0...
Google.Solutions.Compute Verbose: 0 : SshRelayStream [TX: 3 TXA: 0 RX: 1 AQ: 0]: Resending DATA #0...
Google.Solutions.Compute Verbose: 0 : SshRelayStream [TX: 3 TXA: 0 RX: 1 AQ: 0]: Resending DATA #0...
Google.Solutions.Compute Verbose: 0 : SshRelayStream [TX: 3 TXA: 0 RX: 1 AQ: 0]: Resending DATA #0...
Google.Solutions.Compute Verbose: 0 : SshRelayStream [TX: 3 TXA: 0 RX: 1 AQ: 0]: Resending DATA #0...
Google.Solutions.Compute Verbose: 0 : SshRelayStream [TX: 3 TXA: 0 RX: 1 AQ: 0]: Resending DATA #0...
Google.Solutions.Compute Verbose: 0 : SshRelayStream [TX: 3 TXA: 0 RX: 1 AQ: 0]: Resending DATA #0...
Google.Solutions.Compute Verbose: 0 : SshRelayStream [TX: 3 TXA: 0 RX: 1 AQ: 0]: Resending DATA #0...
Google.Solutions.Compute Verbose: 0 : SshRelayStream [TX: 3 TXA: 0 RX: 1 AQ: 0]: Resending DATA #0...
Google.Solutions.Compute Verbose: 0 : SshRelayStream [TX: 3 TXA: 0 RX: 1 AQ: 0]: Resending DATA #0...
Google.Solutions.Compute Verbose: 0 : SshRelayStream [TX: 3 TXA: 0 RX: 1 AQ: 0]: Resending DATA #0...
Google.Solutions.Compute Verbose: 0 : SshRelayStream [TX: 3 TXA: 0 RX: 1 AQ: 0]: Resending DATA #0...
Google.Solutions.Compute Verbose: 0 : SshRelayStream [TX: 3 TXA: 0 RX: 1 AQ: 0]: Resending DATA #0...
Google.Solutions.Compute Verbose: 0 : SshRelayStream [TX: 3 TXA: 0 RX: 1 AQ: 0]: Resending DATA #0...
Google.Solutions.Compute Verbose: 0 : SshRelayStream [TX: 3 TXA: 0 RX: 1 AQ: 0]: Resending DATA #0...
Google.Solutions.Compute Verbose: 0 : SshRelayStream [TX: 3 TXA: 0 RX: 1 AQ: 0]: Resending DATA #0...
Google.Solutions.Compute Verbose: 0 : SshRelayStream [TX: 3 TXA: 0 RX: 1 AQ: 0]: Resending DATA #0...
Google.Solutions.Compute Verbose: 0 : SshRelayStream [TX: 3 TXA: 0 RX: 1 AQ: 0]: Resending DATA #0...
Google.Solutions.Compute Verbose: 0 : SshRelayStream [TX: 3 TXA: 0 RX: 1 AQ: 0]: Resending DATA #0...
Google.Solutions.Compute Verbose: 0 : SshRelayStream [TX: 3 TXA: 0 RX: 1 AQ: 0]: Resending DATA #0...
Google.Solutions.Compute Verbose: 0 : SshRelayStream [TX: 3 TXA: 0 RX: 1 AQ: 0]: Resending DATA #0...
Google.Solutions.Compute Verbose: 0 : SshRelayStream [TX: 3 TXA: 0 RX: 1 AQ: 0]: Resending DATA #0...
Google.Solutions.Compute Verbose: 0 : SshRelayStream [TX: 3 TXA: 0 RX: 1 AQ: 0]: Resending DATA #0...
Google.Solutions.Compute Verbose: 0 : SshRelayStream [TX: 3 TXA: 0 RX: 1 AQ: 0]: Resending DATA #0...
Google.Solutions.Compute Verbose: 0 : SshRelayStream [TX: 3 TXA: 0 RX: 1 AQ: 0]: Reconnected session &lt;\u0000&gt;
Google.Solutions.Compute Verbose: 0 : SshRelayStream [TX: 3 TXA: 0 RX: 1 AQ: 0]: Reconnected session &lt;\u0000&gt;
Google.Solutions.Compute Verbose: 0 : SshRelayStream [TX: 3 TXA: 0 RX: 1 AQ: 0]: Reconnected session &lt;\u0000&gt;
Google.Solutions.Compute Verbose: 0 : SshRelayStream [TX: 3 TXA: 0 RX: 1 AQ: 0]: Reconnected session &lt;\u0000&gt;
Google.Solutions.Compute Verbose: 0 : SshRelayStream [TX: 3 TXA: 0 RX: 1 AQ: 0]: Reconnected session &lt;\u0000&gt;
Google.Solutions.Compute Verbose: 0 : SshRelayStream [TX: 3 TXA: 0 RX: 1 AQ: 0]: Reconnected session &lt;\u0000&gt;
Google.Solutions.Compute Verbose: 0 : SshRelayStream [TX: 3 TXA: 0 RX: 1 AQ: 0]: Reconnected session &lt;\u0000&gt;
Google.Solutions.Compute Verbose: 0 : SshRelayStream [TX: 3 TXA: 0 RX: 1 AQ: 0]: Reconnected session &lt;\u0000&gt;
Google.Solutions.Compute Verbose: 0 : SshRelayStream [TX: 3 TXA: 0 RX: 1 AQ: 0]: Reconnected session &lt;\u0000&gt;
Google.Solutions.Compute Verbose: 0 : SshRelayStream [TX: 3 TXA: 0 RX: 1 AQ: 0]: Reconnected session &lt;\u0000&gt;
Google.Solutions.Compute Verbose: 0 : SshRelayStream [TX: 3 TXA: 0 RX: 1 AQ: 0]: Reconnected session &lt;\u0000&gt;
Google.Solutions.Compute Verbose: 0 : SshRelayStream [TX: 3 TXA: 0 RX: 1 AQ: 0]: Reconnected session &lt;\u0000&gt;
Google.Solutions.Compute Verbose: 0 : SshRelayStream [TX: 3 TXA: 0 RX: 1 AQ: 0]: Reconnected session &lt;\u0000&gt;
Google.Solutions.Compute Verbose: 0 : SshRelayStream [TX: 3 TXA: 0 RX: 1 AQ: 0]: Reconnected session &lt;\u0000&gt;
Google.Solutions.Compute Verbose: 0 : SshRelayStream [TX: 3 TXA: 0 RX: 1 AQ: 0]: Reconnected session &lt;\u0000&gt;
Google.Solutions.Compute Verbose: 0 : SshRelayStream [TX: 3 TXA: 0 RX: 1 AQ: 0]: Reconnected session &lt;\u0000&gt;
Google.Solutions.Compute Verbose: 0 : SshRelayStream [TX: 3 TXA: 0 RX: 1 AQ: 0]: Reconnected session &lt;\u0000&gt;
Google.Solutions.Compute Verbose: 0 : SshRelayStream [TX: 3 TXA: 0 RX: 1 AQ: 0]: Reconnected session &lt;\u0000&gt;
Google.Solutions.Compute Verbose: 0 : SshRelayStream [TX: 3 TXA: 0 RX: 1 AQ: 0]: Reconnected session &lt;\u0000&gt;
Google.Solutions.Compute Verbose: 0 : SshRelayStream [TX: 3 TXA: 0 RX: 1 AQ: 0]: Reconnected session &lt;\u0000&gt;
Google.Solutions.Compute Verbose: 0 : SshRelayStream [TX: 3 TXA: 0 RX: 1 AQ: 0]: Reconnected session &lt;\u0000&gt;
Google.Solutions.Compute Verbose: 0 : SshRelayStream [TX: 3 TXA: 0 RX: 1 AQ: 0]: Reconnected session &lt;\u0000&gt;
Google.Solutions.Compute Verbose: 0 : SshRelayStream [TX: 3 TXA: 0 RX: 1 AQ: 0]: Reconnected session &lt;\u0000&gt;
Google.Solutions.Compute Verbose: 0 : SshRelayStream [TX: 3 TXA: 0 RX: 1 AQ: 0]: Reconnected session &lt;\u0000&gt;
Google.Solutions.Compute Verbose: 0 : SshRelayStream [TX: 3 TXA: 0 RX: 1 AQ: 0]: Received data (1 bytes)
Google.Solutions.Compute Verbose: 0 : SshRelayStream [TX: 3 TXA: 0 RX: 1 AQ: 0]: Received data (1 bytes)
Google.Solutions.Compute Verbose: 0 : SshRelayStream [TX: 3 TXA: 0 RX: 1 AQ: 0]: Received data (1 bytes)
Google.Solutions.Compute Verbose: 0 : SshRelayStream [TX: 3 TXA: 0 RX: 1 AQ: 0]: Received data (1 bytes)
Google.Solutions.Compute Verbose: 0 : SshRelayStream [TX: 3 TXA: 0 RX: 1 AQ: 0]: Received data (1 bytes)
Google.Solutions.Compute Verbose: 0 : SshRelayStream [TX: 3 TXA: 0 RX: 1 AQ: 0]: Received data (1 bytes)
Google.Solutions.Compute Verbose: 0 : SshRelayStream [TX: 3 TXA: 0 RX: 1 AQ: 0]: Received data (1 bytes)
Google.Solutions.Compute Verbose: 0 : SshRelayStream [TX: 3 TXA: 0 RX: 1 AQ: 0]: Received data (1 bytes)
Google.Solutions.Compute Verbose: 0 : SshRelayStream [TX: 3 TXA: 0 RX: 1 AQ: 0]: Received data (1 bytes)
Google.Solutions.Compute Verbose: 0 : SshRelayStream [TX: 3 TXA: 0 RX: 1 AQ: 0]: Received data (1 bytes)
Google.Solutions.Compute Verbose: 0 : SshRelayStream [TX: 3 TXA: 0 RX: 1 AQ: 0]: Received data (1 bytes)
Google.Solutions.Compute Verbose: 0 : SshRelayStream [TX: 3 TXA: 0 RX: 1 AQ: 0]: Received data (1 bytes)
Google.Solutions.Compute Verbose: 0 : SshRelayStream [TX: 3 TXA: 0 RX: 1 AQ: 0]: Received data (1 bytes)
Google.Solutions.Compute Verbose: 0 : SshRelayStream [TX: 3 TXA: 0 RX: 1 AQ: 0]: Received data (1 bytes)
Google.Solutions.Compute Verbose: 0 : SshRelayStream [TX: 3 TXA: 0 RX: 1 AQ: 0]: Received data (1 bytes)
Google.Solutions.Compute Verbose: 0 : SshRelayStream [TX: 3 TXA: 0 RX: 1 AQ: 0]: Received data (1 bytes)
Google.Solutions.Compute Verbose: 0 : SshRelayStream [TX: 3 TXA: 0 RX: 1 AQ: 0]: Received data (1 bytes)
Google.Solutions.Compute Verbose: 0 : SshRelayStream [TX: 3 TXA: 0 RX: 1 AQ: 0]: Received data (1 bytes)
Google.Solutions.Compute Verbose: 0 : SshRelayStream [TX: 3 TXA: 0 RX: 1 AQ: 0]: Received data (1 bytes)
Google.Solutions.Compute Verbose: 0 : SshRelayStream [TX: 3 TXA: 0 RX: 1 AQ: 0]: Received data (1 bytes)
Google.Solutions.Compute Verbose: 0 : SshRelayStream [TX: 3 TXA: 0 RX: 1 AQ: 0]: Received data (1 bytes)
Google.Solutions.Compute Verbose: 0 : SshRelayStream [TX: 3 TXA: 0 RX: 1 AQ: 0]: Received data (1 bytes)
Google.Solutions.Compute Verbose: 0 : SshRelayStream [TX: 3 TXA: 0 RX: 1 AQ: 0]: Received data (1 bytes)
Google.Solutions.Compute Verbose: 0 : SshRelayStream [TX: 3 TXA: 0 RX: 1 AQ: 0]: Received data (1 bytes)
</system-out></testcase><testcase name="ReadAfterWriteAndForcefulServerCloseCausesReconnect(InvalidMessageType)" assertions="6" time="0.003456" status="Passed" classname="Google.Solutions.Compute.Test.Iap.TestSshRelayStreamReading"><system-out>Google.Solutions.Compute Verbose: 0 : SshRelayStream [TX: 0 TXA: 0 RX: 0 AQ: 0]: Connecting...
Google.Solutions.Compute Verbose: 0 : SshRelayStream [TX: 0 TXA: 0 RX: 0 AQ: 0]: Connecting...
Google.Solutions.Compute Verbose: 0 : SshRelayStream [TX: 0 TXA: 0 RX: 0 AQ: 0]: Connecting...
Google.Solutions.Compute Verbose: 0 : SshRelayStream [TX: 0 TXA: 0 RX: 0 AQ: 0]: Connecting...
Google.Solutions.Compute Verbose: 0 : SshRelayStream [TX: 0 TXA: 0 RX: 0 AQ: 0]: Connecting...
Google.Solutions.Compute Verbose: 0 : SshRelayStream [TX: 0 TXA: 0 RX: 0 AQ: 0]: Connecting...
Google.Solutions.Compute Verbose: 0 : SshRelayStream [TX: 0 TXA: 0 RX: 0 AQ: 0]: Connecting...
Google.Solutions.Compute Verbose: 0 : SshRelayStream [TX: 0 TXA: 0 RX: 0 AQ: 0]: Connecting...
Google.Solutions.Compute Verbose: 0 : SshRelayStream [TX: 0 TXA: 0 RX: 0 AQ: 0]: Connecting...
Google.Solutions.Compute Verbose: 0 : SshRelayStream [TX: 0 TXA: 0 RX: 0 AQ: 0]: Connecting...
Google.Solutions.Compute Verbose: 0 : SshRelayStream [TX: 0 TXA: 0 RX: 0 AQ: 0]: Connecting...
Google.Solutions.Compute Verbose: 0 : SshRelayStream [TX: 0 TXA: 0 RX: 0 AQ: 0]: Connecting...
Google.Solutions.Compute Verbose: 0 : SshRelayStream [TX: 0 TXA: 0 RX: 0 AQ: 0]: Connecting...
Google.Solutions.Compute Verbose: 0 : SshRelayStream [TX: 0 TXA: 0 RX: 0 AQ: 0]: Connecting...
Google.Solutions.Compute Verbose: 0 : SshRelayStream [TX: 0 TXA: 0 RX: 0 AQ: 0]: Connecting...
Google.Solutions.Compute Verbose: 0 : SshRelayStream [TX: 0 TXA: 0 RX: 0 AQ: 0]: Connecting...
Google.Solutions.Compute Verbose: 0 : SshRelayStream [TX: 0 TXA: 0 RX: 0 AQ: 0]: Connecting...
Google.Solutions.Compute Verbose: 0 : SshRelayStream [TX: 0 TXA: 0 RX: 0 AQ: 0]: Connecting...
Google.Solutions.Compute Verbose: 0 : SshRelayStream [TX: 0 TXA: 0 RX: 0 AQ: 0]: Connecting...
Google.Solutions.Compute Verbose: 0 : SshRelayStream [TX: 0 TXA: 0 RX: 0 AQ: 0]: Connecting...
Google.Solutions.Compute Verbose: 0 : SshRelayStream [TX: 0 TXA: 0 RX: 0 AQ: 0]: Connecting...
Google.Solutions.Compute Verbose: 0 : SshRelayStream [TX: 0 TXA: 0 RX: 0 AQ: 0]: Connecting...
Google.Solutions.Compute Verbose: 0 : SshRelayStream [TX: 0 TXA: 0 RX: 0 AQ: 0]: Connecting...
Google.Solutions.Compute Verbose: 0 : SshRelayStream [TX: 0 TXA: 0 RX: 0 AQ: 0]: Connecting...
Google.Solutions.Compute Verbose: 0 : SshRelayStream [TX: 0 TXA: 0 RX: 0 AQ: 0]: Connecting...
Google.Solutions.Compute Verbose: 0 : SshRelayStream [TX: 0 TXA: 0 RX: 0 AQ: 0]: Sending DATA #0...
Google.Solutions.Compute Verbose: 0 : SshRelayStream [TX: 0 TXA: 0 RX: 0 AQ: 0]: Sending DATA #0...
Google.Solutions.Compute Verbose: 0 : SshRelayStream [TX: 0 TXA: 0 RX: 0 AQ: 0]: Sending DATA #0...
Google.Solutions.Compute Verbose: 0 : SshRelayStream [TX: 0 TXA: 0 RX: 0 AQ: 0]: Sending DATA #0...
Google.Solutions.Compute Verbose: 0 : SshRelayStream [TX: 0 TXA: 0 RX: 0 AQ: 0]: Sending DATA #0...
Google.Solutions.Compute Verbose: 0 : SshRelayStream [TX: 0 TXA: 0 RX: 0 AQ: 0]: Sending DATA #0...
Google.Solutions.Compute Verbose: 0 : SshRelayStream [TX: 0 TXA: 0 RX: 0 AQ: 0]: Sending DATA #0...
Google.Solutions.Compute Verbose: 0 : SshRelayStream [TX: 0 TXA: 0 RX: 0 AQ: 0]: Sending DATA #0...
Google.Solutions.Compute Verbose: 0 : SshRelayStream [TX: 0 TXA: 0 RX: 0 AQ: 0]: Sending DATA #0...
Google.Solutions.Compute Verbose: 0 : SshRelayStream [TX: 0 TXA: 0 RX: 0 AQ: 0]: Sending DATA #0...
Google.Solutions.Compute Verbose: 0 : SshRelayStream [TX: 0 TXA: 0 RX: 0 AQ: 0]: Sending DATA #0...
Google.Solutions.Compute Verbose: 0 : SshRelayStream [TX: 0 TXA: 0 RX: 0 AQ: 0]: Sending DATA #0...
Google.Solutions.Compute Verbose: 0 : SshRelayStream [TX: 0 TXA: 0 RX: 0 AQ: 0]: Sending DATA #0...
Google.Solutions.Compute Verbose: 0 : SshRelayStream [TX: 0 TXA: 0 RX: 0 AQ: 0]: Sending DATA #0...
Google.Solutions.Compute Verbose: 0 : SshRelayStream [TX: 0 TXA: 0 RX: 0 AQ: 0]: Sending DATA #0...
Google.Solutions.Compute Verbose: 0 : SshRelayStream [TX: 0 TXA: 0 RX: 0 AQ: 0]: Sending DATA #0...
Google.Solutions.Compute Verbose: 0 : SshRelayStream [TX: 0 TXA: 0 RX: 0 AQ: 0]: Sending DATA #0...
Google.Solutions.Compute Verbose: 0 : SshRelayStream [TX: 0 TXA: 0 RX: 0 AQ: 0]: Sending DATA #0...
Google.Solutions.Compute Verbose: 0 : SshRelayStream [TX: 0 TXA: 0 RX: 0 AQ: 0]: Sending DATA #0...
Google.Solutions.Compute Verbose: 0 : SshRelayStream [TX: 0 TXA: 0 RX: 0 AQ: 0]: Sending DATA #0...
Google.Solutions.Compute Verbose: 0 : SshRelayStream [TX: 0 TXA: 0 RX: 0 AQ: 0]: Sending DATA #0...
Google.Solutions.Compute Verbose: 0 : SshRelayStream [TX: 0 TXA: 0 RX: 0 AQ: 0]: Sending DATA #0...
Google.Solutions.Compute Verbose: 0 : SshRelayStream [TX: 0 TXA: 0 RX: 0 AQ: 0]: Sending DATA #0...
Google.Solutions.Compute Verbose: 0 : SshRelayStream [TX: 0 TXA: 0 RX: 0 AQ: 0]: Sending DATA #0...
Google.Solutions.Compute Verbose: 0 : SshRelayStream [TX: 0 TXA: 0 RX: 0 AQ: 0]: Sending DATA #0...
Google.Solutions.Compute Verbose: 0 : SshRelayStream [TX: 3 TXA: 0 RX: 0 AQ: 1]: Connected session &lt;\u0000&gt;
Google.Solutions.Compute Verbose: 0 : SshRelayStream [TX: 3 TXA: 0 RX: 0 AQ: 1]: Connected session &lt;\u0000&gt;
Google.Solutions.Compute Verbose: 0 : SshRelayStream [TX: 3 TXA: 0 RX: 0 AQ: 1]: Connected session &lt;\u0000&gt;
Google.Solutions.Compute Verbose: 0 : SshRelayStream [TX: 3 TXA: 0 RX: 0 AQ: 1]: Connected session &lt;\u0000&gt;
Google.Solutions.Compute Verbose: 0 : SshRelayStream [TX: 3 TXA: 0 RX: 0 AQ: 1]: Connected session &lt;\u0000&gt;
Google.Solutions.Compute Verbose: 0 : SshRelayStream [TX: 3 TXA: 0 RX: 0 AQ: 1]: Connected session &lt;\u0000&gt;
Google.Solutions.Compute Verbose: 0 : SshRelayStream [TX: 3 TXA: 0 RX: 0 AQ: 1]: Connected session &lt;\u0000&gt;
Google.Solutions.Compute Verbose: 0 : SshRelayStream [TX: 3 TXA: 0 RX: 0 AQ: 1]: Connected session &lt;\u0000&gt;
Google.Solutions.Compute Verbose: 0 : SshRelayStream [TX: 3 TXA: 0 RX: 0 AQ: 1]: Connected session &lt;\u0000&gt;
Google.Solutions.Compute Verbose: 0 : SshRelayStream [TX: 3 TXA: 0 RX: 0 AQ: 1]: Connected session &lt;\u0000&gt;
Google.Solutions.Compute Verbose: 0 : SshRelayStream [TX: 3 TXA: 0 RX: 0 AQ: 1]: Connected session &lt;\u0000&gt;
Google.Solutions.Compute Verbose: 0 : SshRelayStream [TX: 3 TXA: 0 RX: 0 AQ: 1]: Connected session &lt;\u0000&gt;
Google.Solutions.Compute Verbose: 0 : SshRelayStream [TX: 3 TXA: 0 RX: 0 AQ: 1]: Connected session &lt;\u0000&gt;
Google.Solutions.Compute Verbose: 0 : SshRelayStream [TX: 3 TXA: 0 RX: 0 AQ: 1]: Connected session &lt;\u0000&gt;
Google.Solutions.Compute Verbose: 0 : SshRelayStream [TX: 3 TXA: 0 RX: 0 AQ: 1]: Connected session &lt;\u0000&gt;
Google.Solutions.Compute Verbose: 0 : SshRelayStream [TX: 3 TXA: 0 RX: 0 AQ: 1]: Connected session &lt;\u0000&gt;
Google.Solutions.Compute Verbose: 0 : SshRelayStream [TX: 3 TXA: 0 RX: 0 AQ: 1]: Connected session &lt;\u0000&gt;
Google.Solutions.Compute Verbose: 0 : SshRelayStream [TX: 3 TXA: 0 RX: 0 AQ: 1]: Connected session &lt;\u0000&gt;
Google.Solutions.Compute Verbose: 0 : SshRelayStream [TX: 3 TXA: 0 RX: 0 AQ: 1]: Connected session &lt;\u0000&gt;
Google.Solutions.Compute Verbose: 0 : SshRelayStream [TX: 3 TXA: 0 RX: 0 AQ: 1]: Connected session &lt;\u0000&gt;
Google.Solutions.Compute Verbose: 0 : SshRelayStream [TX: 3 TXA: 0 RX: 0 AQ: 1]: Connected session &lt;\u0000&gt;
Google.Solutions.Compute Verbose: 0 : SshRelayStream [TX: 3 TXA: 0 RX: 0 AQ: 1]: Connected session &lt;\u0000&gt;
Google.Solutions.Compute Verbose: 0 : SshRelayStream [TX: 3 TXA: 0 RX: 0 AQ: 1]: Connected session &lt;\u0000&gt;
Google.Solutions.Compute Verbose: 0 : SshRelayStream [TX: 3 TXA: 0 RX: 0 AQ: 1]: Connected session &lt;\u0000&gt;
Google.Solutions.Compute Verbose: 0 : SshRelayStream [TX: 3 TXA: 0 RX: 0 AQ: 1]: Connected session &lt;\u0000&gt;
Google.Solutions.Compute Verbose: 0 : SshRelayStream [TX: 3 TXA: 0 RX: 0 AQ: 1]: Received data (1 bytes)
Google.Solutions.Compute Verbose: 0 : SshRelayStream [TX: 3 TXA: 0 RX: 0 AQ: 1]: Received data (1 bytes)
Google.Solutions.Compute Verbose: 0 : SshRelayStream [TX: 3 TXA: 0 RX: 0 AQ: 1]: Received data (1 bytes)
Google.Solutions.Compute Verbose: 0 : SshRelayStream [TX: 3 TXA: 0 RX: 0 AQ: 1]: Received data (1 bytes)
Google.Solutions.Compute Verbose: 0 : SshRelayStream [TX: 3 TXA: 0 RX: 0 AQ: 1]: Received data (1 bytes)
Google.Solutions.Compute Verbose: 0 : SshRelayStream [TX: 3 TXA: 0 RX: 0 AQ: 1]: Received data (1 bytes)
Google.Solutions.Compute Verbose: 0 : SshRelayStream [TX: 3 TXA: 0 RX: 0 AQ: 1]: Received data (1 bytes)
Google.Solutions.Compute Verbose: 0 : SshRelayStream [TX: 3 TXA: 0 RX: 0 AQ: 1]: Received data (1 bytes)
Google.Solutions.Compute Verbose: 0 : SshRelayStream [TX: 3 TXA: 0 RX: 0 AQ: 1]: Received data (1 bytes)
Google.Solutions.Compute Verbose: 0 : SshRelayStream [TX: 3 TXA: 0 RX: 0 AQ: 1]: Received data (1 bytes)
Google.Solutions.Compute Verbose: 0 : SshRelayStream [TX: 3 TXA: 0 RX: 0 AQ: 1]: Received data (1 bytes)
Google.Solutions.Compute Verbose: 0 : SshRelayStream [TX: 3 TXA: 0 RX: 0 AQ: 1]: Received data (1 bytes)
Google.Solutions.Compute Verbose: 0 : SshRelayStream [TX: 3 TXA: 0 RX: 0 AQ: 1]: Received data (1 bytes)
Google.Solutions.Compute Verbose: 0 : SshRelayStream [TX: 3 TXA: 0 RX: 0 AQ: 1]: Received data (1 bytes)
Google.Solutions.Compute Verbose: 0 : SshRelayStream [TX: 3 TXA: 0 RX: 0 AQ: 1]: Received data (1 bytes)
Google.Solutions.Compute Verbose: 0 : SshRelayStream [TX: 3 TXA: 0 RX: 0 AQ: 1]: Received data (1 bytes)
Google.Solutions.Compute Verbose: 0 : SshRelayStream [TX: 3 TXA: 0 RX: 0 AQ: 1]: Received data (1 bytes)
Google.Solutions.Compute Verbose: 0 : SshRelayStream [TX: 3 TXA: 0 RX: 0 AQ: 1]: Received data (1 bytes)
Google.Solutions.Compute Verbose: 0 : SshRelayStream [TX: 3 TXA: 0 RX: 0 AQ: 1]: Received data (1 bytes)
Google.Solutions.Compute Verbose: 0 : SshRelayStream [TX: 3 TXA: 0 RX: 0 AQ: 1]: Received data (1 bytes)
Google.Solutions.Compute Verbose: 0 : SshRelayStream [TX: 3 TXA: 0 RX: 0 AQ: 1]: Received data (1 bytes)
Google.Solutions.Compute Verbose: 0 : SshRelayStream [TX: 3 TXA: 0 RX: 0 AQ: 1]: Received data (1 bytes)
Google.Solutions.Compute Verbose: 0 : SshRelayStream [TX: 3 TXA: 0 RX: 0 AQ: 1]: Received data (1 bytes)
Google.Solutions.Compute Verbose: 0 : SshRelayStream [TX: 3 TXA: 0 RX: 0 AQ: 1]: Received data (1 bytes)
Google.Solutions.Compute Verbose: 0 : SshRelayStream [TX: 3 TXA: 0 RX: 0 AQ: 1]: Received data (1 bytes)
Google.Solutions.Compute Verbose: 0 : SshRelayStream [TX: 3 TXA: 0 RX: 1 AQ: 1]: Connection closed abnormally: 1003
Google.Solutions.Compute Verbose: 0 : SshRelayStream [TX: 3 TXA: 0 RX: 1 AQ: 1]: Connection closed abnormally: 1003
Google.Solutions.Compute Verbose: 0 : SshRelayStream [TX: 3 TXA: 0 RX: 1 AQ: 1]: Connection closed abnormally: 1003
Google.Solutions.Compute Verbose: 0 : SshRelayStream [TX: 3 TXA: 0 RX: 1 AQ: 1]: Connection closed abnormally: 1003
Google.Solutions.Compute Verbose: 0 : SshRelayStream [TX: 3 TXA: 0 RX: 1 AQ: 1]: Connection closed abnormally: 1003
Google.Solutions.Compute Verbose: 0 : SshRelayStream [TX: 3 TXA: 0 RX: 1 AQ: 1]: Connection closed abnormally: 1003
Google.Solutions.Compute Verbose: 0 : SshRelayStream [TX: 3 TXA: 0 RX: 1 AQ: 1]: Connection closed abnormally: 1003
Google.Solutions.Compute Verbose: 0 : SshRelayStream [TX: 3 TXA: 0 RX: 1 AQ: 1]: Connection closed abnormally: 1003
Google.Solutions.Compute Verbose: 0 : SshRelayStream [TX: 3 TXA: 0 RX: 1 AQ: 1]: Connection closed abnormally: 1003
Google.Solutions.Compute Verbose: 0 : SshRelayStream [TX: 3 TXA: 0 RX: 1 AQ: 1]: Connection closed abnormally: 1003
Google.Solutions.Compute Verbose: 0 : SshRelayStream [TX: 3 TXA: 0 RX: 1 AQ: 1]: Connection closed abnormally: 1003
Google.Solutions.Compute Verbose: 0 : SshRelayStream [TX: 3 TXA: 0 RX: 1 AQ: 1]: Connection closed abnormally: 1003
Google.Solutions.Compute Verbose: 0 : SshRelayStream [TX: 3 TXA: 0 RX: 1 AQ: 1]: Connection closed abnormally: 1003
Google.Solutions.Compute Verbose: 0 : SshRelayStream [TX: 3 TXA: 0 RX: 1 AQ: 1]: Connection closed abnormally: 1003
Google.Solutions.Compute Verbose: 0 : SshRelayStream [TX: 3 TXA: 0 RX: 1 AQ: 1]: Connection closed abnormally: 1003
Google.Solutions.Compute Verbose: 0 : SshRelayStream [TX: 3 TXA: 0 RX: 1 AQ: 1]: Connection closed abnormally: 1003
Google.Solutions.Compute Verbose: 0 : SshRelayStream [TX: 3 TXA: 0 RX: 1 AQ: 1]: Connection closed abnormally: 1003
Google.Solutions.Compute Verbose: 0 : SshRelayStream [TX: 3 TXA: 0 RX: 1 AQ: 1]: Connection closed abnormally: 1003
Google.Solutions.Compute Verbose: 0 : SshRelayStream [TX: 3 TXA: 0 RX: 1 AQ: 1]: Connection closed abnormally: 1003
Google.Solutions.Compute Verbose: 0 : SshRelayStream [TX: 3 TXA: 0 RX: 1 AQ: 1]: Connection closed abnormally: 1003
Google.Solutions.Compute Verbose: 0 : SshRelayStream [TX: 3 TXA: 0 RX: 1 AQ: 1]: Connection closed abnormally: 1003
Google.Solutions.Compute Verbose: 0 : SshRelayStream [TX: 3 TXA: 0 RX: 1 AQ: 1]: Connection closed abnormally: 1003
Google.Solutions.Compute Verbose: 0 : SshRelayStream [TX: 3 TXA: 0 RX: 1 AQ: 1]: Connection closed abnormally: 1003
Google.Solutions.Compute Verbose: 0 : SshRelayStream [TX: 3 TXA: 0 RX: 1 AQ: 1]: Connection closed abnormally: 1003
Google.Solutions.Compute Verbose: 0 : SshRelayStream [TX: 3 TXA: 0 RX: 1 AQ: 1]: Connection closed abnormally: 1003
Google.Solutions.Compute Verbose: 0 : SshRelayStream [TX: 3 TXA: 0 RX: 1 AQ: 1]: Disconnecting, preparing to reconnect
Google.Solutions.Compute Verbose: 0 : SshRelayStream [TX: 3 TXA: 0 RX: 1 AQ: 1]: Disconnecting, preparing to reconnect
Google.Solutions.Compute Verbose: 0 : SshRelayStream [TX: 3 TXA: 0 RX: 1 AQ: 1]: Disconnecting, preparing to reconnect
Google.Solutions.Compute Verbose: 0 : SshRelayStream [TX: 3 TXA: 0 RX: 1 AQ: 1]: Disconnecting, preparing to reconnect
Google.Solutions.Compute Verbose: 0 : SshRelayStream [TX: 3 TXA: 0 RX: 1 AQ: 1]: Disconnecting, preparing to reconnect
Google.Solutions.Compute Verbose: 0 : SshRelayStream [TX: 3 TXA: 0 RX: 1 AQ: 1]: Disconnecting, preparing to reconnect
Google.Solutions.Compute Verbose: 0 : SshRelayStream [TX: 3 TXA: 0 RX: 1 AQ: 1]: Disconnecting, preparing to reconnect
Google.Solutions.Compute Verbose: 0 : SshRelayStream [TX: 3 TXA: 0 RX: 1 AQ: 1]: Disconnecting, preparing to reconnect
Google.Solutions.Compute Verbose: 0 : SshRelayStream [TX: 3 TXA: 0 RX: 1 AQ: 1]: Disconnecting, preparing to reconnect
Google.Solutions.Compute Verbose: 0 : SshRelayStream [TX: 3 TXA: 0 RX: 1 AQ: 1]: Disconnecting, preparing to reconnect
Google.Solutions.Compute Verbose: 0 : SshRelayStream [TX: 3 TXA: 0 RX: 1 AQ: 1]: Disconnecting, preparing to reconnect
Google.Solutions.Compute Verbose: 0 : SshRelayStream [TX: 3 TXA: 0 RX: 1 AQ: 1]: Disconnecting, preparing to reconnect
Google.Solutions.Compute Verbose: 0 : SshRelayStream [TX: 3 TXA: 0 RX: 1 AQ: 1]: Disconnecting, preparing to reconnect
Google.Solutions.Compute Verbose: 0 : SshRelayStream [TX: 3 TXA: 0 RX: 1 AQ: 1]: Disconnecting, preparing to reconnect
Google.Solutions.Compute Verbose: 0 : SshRelayStream [TX: 3 TXA: 0 RX: 1 AQ: 1]: Disconnecting, preparing to reconnect
Google.Solutions.Compute Verbose: 0 : SshRelayStream [TX: 3 TXA: 0 RX: 1 AQ: 1]: Disconnecting, preparing to reconnect
Google.Solutions.Compute Verbose: 0 : SshRelayStream [TX: 3 TXA: 0 RX: 1 AQ: 1]: Disconnecting, preparing to reconnect
Google.Solutions.Compute Verbose: 0 : SshRelayStream [TX: 3 TXA: 0 RX: 1 AQ: 1]: Disconnecting, preparing to reconnect
Google.Solutions.Compute Verbose: 0 : SshRelayStream [TX: 3 TXA: 0 RX: 1 AQ: 1]: Disconnecting, preparing to reconnect
Google.Solutions.Compute Verbose: 0 : SshRelayStream [TX: 3 TXA: 0 RX: 1 AQ: 1]: Disconnecting, preparing to reconnect
Google.Solutions.Compute Verbose: 0 : SshRelayStream [TX: 3 TXA: 0 RX: 1 AQ: 1]: Disconnecting, preparing to reconnect
Google.Solutions.Compute Verbose: 0 : SshRelayStream [TX: 3 TXA: 0 RX: 1 AQ: 1]: Disconnecting, preparing to reconnect
Google.Solutions.Compute Verbose: 0 : SshRelayStream [TX: 3 TXA: 0 RX: 1 AQ: 1]: Disconnecting, preparing to reconnect
Google.Solutions.Compute Verbose: 0 : SshRelayStream [TX: 3 TXA: 0 RX: 1 AQ: 1]: Disconnecting, preparing to reconnect
Google.Solutions.Compute Verbose: 0 : SshRelayStream [TX: 3 TXA: 0 RX: 1 AQ: 1]: Disconnecting, preparing to reconnect
Google.Solutions.Compute Verbose: 0 : SshRelayStream [TX: 3 TXA: 0 RX: 1 AQ: 1]: Disonnected.
Google.Solutions.Compute Verbose: 0 : SshRelayStream [TX: 3 TXA: 0 RX: 1 AQ: 1]: Disonnected.
Google.Solutions.Compute Verbose: 0 : SshRelayStream [TX: 3 TXA: 0 RX: 1 AQ: 1]: Disonnected.
Google.Solutions.Compute Verbose: 0 : SshRelayStream [TX: 3 TXA: 0 RX: 1 AQ: 1]: Disonnected.
Google.Solutions.Compute Verbose: 0 : SshRelayStream [TX: 3 TXA: 0 RX: 1 AQ: 1]: Disonnected.
Google.Solutions.Compute Verbose: 0 : SshRelayStream [TX: 3 TXA: 0 RX: 1 AQ: 1]: Disonnected.
Google.Solutions.Compute Verbose: 0 : SshRelayStream [TX: 3 TXA: 0 RX: 1 AQ: 1]: Disonnected.
Google.Solutions.Compute Verbose: 0 : SshRelayStream [TX: 3 TXA: 0 RX: 1 AQ: 1]: Disonnected.
Google.Solutions.Compute Verbose: 0 : SshRelayStream [TX: 3 TXA: 0 RX: 1 AQ: 1]: Disonnected.
Google.Solutions.Compute Verbose: 0 : SshRelayStream [TX: 3 TXA: 0 RX: 1 AQ: 1]: Disonnected.
Google.Solutions.Compute Verbose: 0 : SshRelayStream [TX: 3 TXA: 0 RX: 1 AQ: 1]: Disonnected.
Google.Solutions.Compute Verbose: 0 : SshRelayStream [TX: 3 TXA: 0 RX: 1 AQ: 1]: Disonnected.
Google.Solutions.Compute Verbose: 0 : SshRelayStream [TX: 3 TXA: 0 RX: 1 AQ: 1]: Disonnected.
Google.Solutions.Compute Verbose: 0 : SshRelayStream [TX: 3 TXA: 0 RX: 1 AQ: 1]: Disonnected.
Google.Solutions.Compute Verbose: 0 : SshRelayStream [TX: 3 TXA: 0 RX: 1 AQ: 1]: Disonnected.
Google.Solutions.Compute Verbose: 0 : SshRelayStream [TX: 3 TXA: 0 RX: 1 AQ: 1]: Disonnected.
Google.Solutions.Compute Verbose: 0 : SshRelayStream [TX: 3 TXA: 0 RX: 1 AQ: 1]: Disonnected.
Google.Solutions.Compute Verbose: 0 : SshRelayStream [TX: 3 TXA: 0 RX: 1 AQ: 1]: Disonnected.
Google.Solutions.Compute Verbose: 0 : SshRelayStream [TX: 3 TXA: 0 RX: 1 AQ: 1]: Disonnected.
Google.Solutions.Compute Verbose: 0 : SshRelayStream [TX: 3 TXA: 0 RX: 1 AQ: 1]: Disonnected.
Google.Solutions.Compute Verbose: 0 : SshRelayStream [TX: 3 TXA: 0 RX: 1 AQ: 1]: Disonnected.
Google.Solutions.Compute Verbose: 0 : SshRelayStream [TX: 3 TXA: 0 RX: 1 AQ: 1]: Disonnected.
Google.Solutions.Compute Verbose: 0 : SshRelayStream [TX: 3 TXA: 0 RX: 1 AQ: 1]: Disonnected.
Google.Solutions.Compute Verbose: 0 : SshRelayStream [TX: 3 TXA: 0 RX: 1 AQ: 1]: Disonnected.
Google.Solutions.Compute Verbose: 0 : SshRelayStream [TX: 3 TXA: 0 RX: 1 AQ: 1]: Disonnected.
Google.Solutions.Compute Verbose: 0 : SshRelayStream [TX: 3 TXA: 0 RX: 1 AQ: 1]: Reconnecting...
Google.Solutions.Compute Verbose: 0 : SshRelayStream [TX: 3 TXA: 0 RX: 1 AQ: 1]: Reconnecting...
Google.Solutions.Compute Verbose: 0 : SshRelayStream [TX: 3 TXA: 0 RX: 1 AQ: 1]: Reconnecting...
Google.Solutions.Compute Verbose: 0 : SshRelayStream [TX: 3 TXA: 0 RX: 1 AQ: 1]: Reconnecting...
Google.Solutions.Compute Verbose: 0 : SshRelayStream [TX: 3 TXA: 0 RX: 1 AQ: 1]: Reconnecting...
Google.Solutions.Compute Verbose: 0 : SshRelayStream [TX: 3 TXA: 0 RX: 1 AQ: 1]: Reconnecting...
Google.Solutions.Compute Verbose: 0 : SshRelayStream [TX: 3 TXA: 0 RX: 1 AQ: 1]: Reconnecting...
Google.Solutions.Compute Verbose: 0 : SshRelayStream [TX: 3 TXA: 0 RX: 1 AQ: 1]: Reconnecting...
Google.Solutions.Compute Verbose: 0 : SshRelayStream [TX: 3 TXA: 0 RX: 1 AQ: 1]: Reconnecting...
Google.Solutions.Compute Verbose: 0 : SshRelayStream [TX: 3 TXA: 0 RX: 1 AQ: 1]: Reconnecting...
Google.Solutions.Compute Verbose: 0 : SshRelayStream [TX: 3 TXA: 0 RX: 1 AQ: 1]: Reconnecting...
Google.Solutions.Compute Verbose: 0 : SshRelayStream [TX: 3 TXA: 0 RX: 1 AQ: 1]: Reconnecting...
Google.Solutions.Compute Verbose: 0 : SshRelayStream [TX: 3 TXA: 0 RX: 1 AQ: 1]: Reconnecting...
Google.Solutions.Compute Verbose: 0 : SshRelayStream [TX: 3 TXA: 0 RX: 1 AQ: 1]: Reconnecting...
Google.Solutions.Compute Verbose: 0 : SshRelayStream [TX: 3 TXA: 0 RX: 1 AQ: 1]: Reconnecting...
Google.Solutions.Compute Verbose: 0 : SshRelayStream [TX: 3 TXA: 0 RX: 1 AQ: 1]: Reconnecting...
Google.Solutions.Compute Verbose: 0 : SshRelayStream [TX: 3 TXA: 0 RX: 1 AQ: 1]: Reconnecting...
Google.Solutions.Compute Verbose: 0 : SshRelayStream [TX: 3 TXA: 0 RX: 1 AQ: 1]: Reconnecting...
Google.Solutions.Compute Verbose: 0 : SshRelayStream [TX: 3 TXA: 0 RX: 1 AQ: 1]: Reconnecting...
Google.Solutions.Compute Verbose: 0 : SshRelayStream [TX: 3 TXA: 0 RX: 1 AQ: 1]: Reconnecting...
Google.Solutions.Compute Verbose: 0 : SshRelayStream [TX: 3 TXA: 0 RX: 1 AQ: 1]: Reconnecting...
Google.Solutions.Compute Verbose: 0 : SshRelayStream [TX: 3 TXA: 0 RX: 1 AQ: 1]: Reconnecting...
Google.Solutions.Compute Verbose: 0 : SshRelayStream [TX: 3 TXA: 0 RX: 1 AQ: 1]: Reconnecting...
Google.Solutions.Compute Verbose: 0 : SshRelayStream [TX: 3 TXA: 0 RX: 1 AQ: 1]: Reconnecting...
Google.Solutions.Compute Verbose: 0 : SshRelayStream [TX: 3 TXA: 0 RX: 1 AQ: 1]: Reconnecting...
Google.Solutions.Compute Verbose: 0 : SshRelayStream [TX: 3 TXA: 0 RX: 1 AQ: 0]: Resending DATA #0...
Google.Solutions.Compute Verbose: 0 : SshRelayStream [TX: 3 TXA: 0 RX: 1 AQ: 0]: Resending DATA #0...
Google.Solutions.Compute Verbose: 0 : SshRelayStream [TX: 3 TXA: 0 RX: 1 AQ: 0]: Resending DATA #0...
Google.Solutions.Compute Verbose: 0 : SshRelayStream [TX: 3 TXA: 0 RX: 1 AQ: 0]: Resending DATA #0...
Google.Solutions.Compute Verbose: 0 : SshRelayStream [TX: 3 TXA: 0 RX: 1 AQ: 0]: Resending DATA #0...
Google.Solutions.Compute Verbose: 0 : SshRelayStream [TX: 3 TXA: 0 RX: 1 AQ: 0]: Resending DATA #0...
Google.Solutions.Compute Verbose: 0 : SshRelayStream [TX: 3 TXA: 0 RX: 1 AQ: 0]: Resending DATA #0...
Google.Solutions.Compute Verbose: 0 : SshRelayStream [TX: 3 TXA: 0 RX: 1 AQ: 0]: Resending DATA #0...
Google.Solutions.Compute Verbose: 0 : SshRelayStream [TX: 3 TXA: 0 RX: 1 AQ: 0]: Resending DATA #0...
Google.Solutions.Compute Verbose: 0 : SshRelayStream [TX: 3 TXA: 0 RX: 1 AQ: 0]: Resending DATA #0...
Google.Solutions.Compute Verbose: 0 : SshRelayStream [TX: 3 TXA: 0 RX: 1 AQ: 0]: Resending DATA #0...
Google.Solutions.Compute Verbose: 0 : SshRelayStream [TX: 3 TXA: 0 RX: 1 AQ: 0]: Resending DATA #0...
Google.Solutions.Compute Verbose: 0 : SshRelayStream [TX: 3 TXA: 0 RX: 1 AQ: 0]: Resending DATA #0...
Google.Solutions.Compute Verbose: 0 : SshRelayStream [TX: 3 TXA: 0 RX: 1 AQ: 0]: Resending DATA #0...
Google.Solutions.Compute Verbose: 0 : SshRelayStream [TX: 3 TXA: 0 RX: 1 AQ: 0]: Resending DATA #0...
Google.Solutions.Compute Verbose: 0 : SshRelayStream [TX: 3 TXA: 0 RX: 1 AQ: 0]: Resending DATA #0...
Google.Solutions.Compute Verbose: 0 : SshRelayStream [TX: 3 TXA: 0 RX: 1 AQ: 0]: Resending DATA #0...
Google.Solutions.Compute Verbose: 0 : SshRelayStream [TX: 3 TXA: 0 RX: 1 AQ: 0]: Resending DATA #0...
Google.Solutions.Compute Verbose: 0 : SshRelayStream [TX: 3 TXA: 0 RX: 1 AQ: 0]: Resending DATA #0...
Google.Solutions.Compute Verbose: 0 : SshRelayStream [TX: 3 TXA: 0 RX: 1 AQ: 0]: Resending DATA #0...
Google.Solutions.Compute Verbose: 0 : SshRelayStream [TX: 3 TXA: 0 RX: 1 AQ: 0]: Resending DATA #0...
Google.Solutions.Compute Verbose: 0 : SshRelayStream [TX: 3 TXA: 0 RX: 1 AQ: 0]: Resending DATA #0...
Google.Solutions.Compute Verbose: 0 : SshRelayStream [TX: 3 TXA: 0 RX: 1 AQ: 0]: Resending DATA #0...
Google.Solutions.Compute Verbose: 0 : SshRelayStream [TX: 3 TXA: 0 RX: 1 AQ: 0]: Resending DATA #0...
Google.Solutions.Compute Verbose: 0 : SshRelayStream [TX: 3 TXA: 0 RX: 1 AQ: 0]: Resending DATA #0...
Google.Solutions.Compute Verbose: 0 : SshRelayStream [TX: 3 TXA: 0 RX: 1 AQ: 0]: Reconnected session &lt;\u0000&gt;
Google.Solutions.Compute Verbose: 0 : SshRelayStream [TX: 3 TXA: 0 RX: 1 AQ: 0]: Reconnected session &lt;\u0000&gt;
Google.Solutions.Compute Verbose: 0 : SshRelayStream [TX: 3 TXA: 0 RX: 1 AQ: 0]: Reconnected session &lt;\u0000&gt;
Google.Solutions.Compute Verbose: 0 : SshRelayStream [TX: 3 TXA: 0 RX: 1 AQ: 0]: Reconnected session &lt;\u0000&gt;
Google.Solutions.Compute Verbose: 0 : SshRelayStream [TX: 3 TXA: 0 RX: 1 AQ: 0]: Reconnected session &lt;\u0000&gt;
Google.Solutions.Compute Verbose: 0 : SshRelayStream [TX: 3 TXA: 0 RX: 1 AQ: 0]: Reconnected session &lt;\u0000&gt;
Google.Solutions.Compute Verbose: 0 : SshRelayStream [TX: 3 TXA: 0 RX: 1 AQ: 0]: Reconnected session &lt;\u0000&gt;
Google.Solutions.Compute Verbose: 0 : SshRelayStream [TX: 3 TXA: 0 RX: 1 AQ: 0]: Reconnected session &lt;\u0000&gt;
Google.Solutions.Compute Verbose: 0 : SshRelayStream [TX: 3 TXA: 0 RX: 1 AQ: 0]: Reconnected session &lt;\u0000&gt;
Google.Solutions.Compute Verbose: 0 : SshRelayStream [TX: 3 TXA: 0 RX: 1 AQ: 0]: Reconnected session &lt;\u0000&gt;
Google.Solutions.Compute Verbose: 0 : SshRelayStream [TX: 3 TXA: 0 RX: 1 AQ: 0]: Reconnected session &lt;\u0000&gt;
Google.Solutions.Compute Verbose: 0 : SshRelayStream [TX: 3 TXA: 0 RX: 1 AQ: 0]: Reconnected session &lt;\u0000&gt;
Google.Solutions.Compute Verbose: 0 : SshRelayStream [TX: 3 TXA: 0 RX: 1 AQ: 0]: Reconnected session &lt;\u0000&gt;
Google.Solutions.Compute Verbose: 0 : SshRelayStream [TX: 3 TXA: 0 RX: 1 AQ: 0]: Reconnected session &lt;\u0000&gt;
Google.Solutions.Compute Verbose: 0 : SshRelayStream [TX: 3 TXA: 0 RX: 1 AQ: 0]: Reconnected session &lt;\u0000&gt;
Google.Solutions.Compute Verbose: 0 : SshRelayStream [TX: 3 TXA: 0 RX: 1 AQ: 0]: Reconnected session &lt;\u0000&gt;
Google.Solutions.Compute Verbose: 0 : SshRelayStream [TX: 3 TXA: 0 RX: 1 AQ: 0]: Reconnected session &lt;\u0000&gt;
Google.Solutions.Compute Verbose: 0 : SshRelayStream [TX: 3 TXA: 0 RX: 1 AQ: 0]: Reconnected session &lt;\u0000&gt;
Google.Solutions.Compute Verbose: 0 : SshRelayStream [TX: 3 TXA: 0 RX: 1 AQ: 0]: Reconnected session &lt;\u0000&gt;
Google.Solutions.Compute Verbose: 0 : SshRelayStream [TX: 3 TXA: 0 RX: 1 AQ: 0]: Reconnected session &lt;\u0000&gt;
Google.Solutions.Compute Verbose: 0 : SshRelayStream [TX: 3 TXA: 0 RX: 1 AQ: 0]: Reconnected session &lt;\u0000&gt;
Google.Solutions.Compute Verbose: 0 : SshRelayStream [TX: 3 TXA: 0 RX: 1 AQ: 0]: Reconnected session &lt;\u0000&gt;
Google.Solutions.Compute Verbose: 0 : SshRelayStream [TX: 3 TXA: 0 RX: 1 AQ: 0]: Reconnected session &lt;\u0000&gt;
Google.Solutions.Compute Verbose: 0 : SshRelayStream [TX: 3 TXA: 0 RX: 1 AQ: 0]: Reconnected session &lt;\u0000&gt;
Google.Solutions.Compute Verbose: 0 : SshRelayStream [TX: 3 TXA: 0 RX: 1 AQ: 0]: Reconnected session &lt;\u0000&gt;
Google.Solutions.Compute Verbose: 0 : SshRelayStream [TX: 3 TXA: 0 RX: 1 AQ: 0]: Received data (1 bytes)
Google.Solutions.Compute Verbose: 0 : SshRelayStream [TX: 3 TXA: 0 RX: 1 AQ: 0]: Received data (1 bytes)
Google.Solutions.Compute Verbose: 0 : SshRelayStream [TX: 3 TXA: 0 RX: 1 AQ: 0]: Received data (1 bytes)
Google.Solutions.Compute Verbose: 0 : SshRelayStream [TX: 3 TXA: 0 RX: 1 AQ: 0]: Received data (1 bytes)
Google.Solutions.Compute Verbose: 0 : SshRelayStream [TX: 3 TXA: 0 RX: 1 AQ: 0]: Received data (1 bytes)
Google.Solutions.Compute Verbose: 0 : SshRelayStream [TX: 3 TXA: 0 RX: 1 AQ: 0]: Received data (1 bytes)
Google.Solutions.Compute Verbose: 0 : SshRelayStream [TX: 3 TXA: 0 RX: 1 AQ: 0]: Received data (1 bytes)
Google.Solutions.Compute Verbose: 0 : SshRelayStream [TX: 3 TXA: 0 RX: 1 AQ: 0]: Received data (1 bytes)
Google.Solutions.Compute Verbose: 0 : SshRelayStream [TX: 3 TXA: 0 RX: 1 AQ: 0]: Received data (1 bytes)
Google.Solutions.Compute Verbose: 0 : SshRelayStream [TX: 3 TXA: 0 RX: 1 AQ: 0]: Received data (1 bytes)
Google.Solutions.Compute Verbose: 0 : SshRelayStream [TX: 3 TXA: 0 RX: 1 AQ: 0]: Received data (1 bytes)
Google.Solutions.Compute Verbose: 0 : SshRelayStream [TX: 3 TXA: 0 RX: 1 AQ: 0]: Received data (1 bytes)
Google.Solutions.Compute Verbose: 0 : SshRelayStream [TX: 3 TXA: 0 RX: 1 AQ: 0]: Received data (1 bytes)
Google.Solutions.Compute Verbose: 0 : SshRelayStream [TX: 3 TXA: 0 RX: 1 AQ: 0]: Received data (1 bytes)
Google.Solutions.Compute Verbose: 0 : SshRelayStream [TX: 3 TXA: 0 RX: 1 AQ: 0]: Received data (1 bytes)
Google.Solutions.Compute Verbose: 0 : SshRelayStream [TX: 3 TXA: 0 RX: 1 AQ: 0]: Received data (1 bytes)
Google.Solutions.Compute Verbose: 0 : SshRelayStream [TX: 3 TXA: 0 RX: 1 AQ: 0]: Received data (1 bytes)
Google.Solutions.Compute Verbose: 0 : SshRelayStream [TX: 3 TXA: 0 RX: 1 AQ: 0]: Received data (1 bytes)
Google.Solutions.Compute Verbose: 0 : SshRelayStream [TX: 3 TXA: 0 RX: 1 AQ: 0]: Received data (1 bytes)
Google.Solutions.Compute Verbose: 0 : SshRelayStream [TX: 3 TXA: 0 RX: 1 AQ: 0]: Received data (1 bytes)
Google.Solutions.Compute Verbose: 0 : SshRelayStream [TX: 3 TXA: 0 RX: 1 AQ: 0]: Received data (1 bytes)
Google.Solutions.Compute Verbose: 0 : SshRelayStream [TX: 3 TXA: 0 RX: 1 AQ: 0]: Received data (1 bytes)
Google.Solutions.Compute Verbose: 0 : SshRelayStream [TX: 3 TXA: 0 RX: 1 AQ: 0]: Received data (1 bytes)
Google.Solutions.Compute Verbose: 0 : SshRelayStream [TX: 3 TXA: 0 RX: 1 AQ: 0]: Received data (1 bytes)
Google.Solutions.Compute Verbose: 0 : SshRelayStream [TX: 3 TXA: 0 RX: 1 AQ: 0]: Received data (1 bytes)
</system-out></testcase><testcase name="ReadAfterWriteAndForcefulServerCloseCausesReconnect(ProtocolError)" assertions="6" time="0.000835" status="Passed" classname="Google.Solutions.Compute.Test.Iap.TestSshRelayStreamReading"><system-out>Google.Solutions.Compute Verbose: 0 : SshRelayStream [TX: 0 TXA: 0 RX: 0 AQ: 0]: Connecting...
Google.Solutions.Compute Verbose: 0 : SshRelayStream [TX: 0 TXA: 0 RX: 0 AQ: 0]: Connecting...
Google.Solutions.Compute Verbose: 0 : SshRelayStream [TX: 0 TXA: 0 RX: 0 AQ: 0]: Connecting...
Google.Solutions.Compute Verbose: 0 : SshRelayStream [TX: 0 TXA: 0 RX: 0 AQ: 0]: Connecting...
Google.Solutions.Compute Verbose: 0 : SshRelayStream [TX: 0 TXA: 0 RX: 0 AQ: 0]: Connecting...
Google.Solutions.Compute Verbose: 0 : SshRelayStream [TX: 0 TXA: 0 RX: 0 AQ: 0]: Connecting...
Google.Solutions.Compute Verbose: 0 : SshRelayStream [TX: 0 TXA: 0 RX: 0 AQ: 0]: Connecting...
Google.Solutions.Compute Verbose: 0 : SshRelayStream [TX: 0 TXA: 0 RX: 0 AQ: 0]: Connecting...
Google.Solutions.Compute Verbose: 0 : SshRelayStream [TX: 0 TXA: 0 RX: 0 AQ: 0]: Connecting...
Google.Solutions.Compute Verbose: 0 : SshRelayStream [TX: 0 TXA: 0 RX: 0 AQ: 0]: Connecting...
Google.Solutions.Compute Verbose: 0 : SshRelayStream [TX: 0 TXA: 0 RX: 0 AQ: 0]: Connecting...
Google.Solutions.Compute Verbose: 0 : SshRelayStream [TX: 0 TXA: 0 RX: 0 AQ: 0]: Connecting...
Google.Solutions.Compute Verbose: 0 : SshRelayStream [TX: 0 TXA: 0 RX: 0 AQ: 0]: Connecting...
Google.Solutions.Compute Verbose: 0 : SshRelayStream [TX: 0 TXA: 0 RX: 0 AQ: 0]: Connecting...
Google.Solutions.Compute Verbose: 0 : SshRelayStream [TX: 0 TXA: 0 RX: 0 AQ: 0]: Connecting...
Google.Solutions.Compute Verbose: 0 : SshRelayStream [TX: 0 TXA: 0 RX: 0 AQ: 0]: Connecting...
Google.Solutions.Compute Verbose: 0 : SshRelayStream [TX: 0 TXA: 0 RX: 0 AQ: 0]: Connecting...
Google.Solutions.Compute Verbose: 0 : SshRelayStream [TX: 0 TXA: 0 RX: 0 AQ: 0]: Connecting...
Google.Solutions.Compute Verbose: 0 : SshRelayStream [TX: 0 TXA: 0 RX: 0 AQ: 0]: Connecting...
Google.Solutions.Compute Verbose: 0 : SshRelayStream [TX: 0 TXA: 0 RX: 0 AQ: 0]: Connecting...
Google.Solutions.Compute Verbose: 0 : SshRelayStream [TX: 0 TXA: 0 RX: 0 AQ: 0]: Connecting...
Google.Solutions.Compute Verbose: 0 : SshRelayStream [TX: 0 TXA: 0 RX: 0 AQ: 0]: Connecting...
Google.Solutions.Compute Verbose: 0 : SshRelayStream [TX: 0 TXA: 0 RX: 0 AQ: 0]: Connecting...
Google.Solutions.Compute Verbose: 0 : SshRelayStream [TX: 0 TXA: 0 RX: 0 AQ: 0]: Connecting...
Google.Solutions.Compute Verbose: 0 : SshRelayStream [TX: 0 TXA: 0 RX: 0 AQ: 0]: Connecting...
Google.Solutions.Compute Verbose: 0 : SshRelayStream [TX: 0 TXA: 0 RX: 0 AQ: 0]: Connecting...
Google.Solutions.Compute Verbose: 0 : SshRelayStream [TX: 0 TXA: 0 RX: 0 AQ: 0]: Sending DATA #0...
Google.Solutions.Compute Verbose: 0 : SshRelayStream [TX: 0 TXA: 0 RX: 0 AQ: 0]: Sending DATA #0...
Google.Solutions.Compute Verbose: 0 : SshRelayStream [TX: 0 TXA: 0 RX: 0 AQ: 0]: Sending DATA #0...
Google.Solutions.Compute Verbose: 0 : SshRelayStream [TX: 0 TXA: 0 RX: 0 AQ: 0]: Sending DATA #0...
Google.Solutions.Compute Verbose: 0 : SshRelayStream [TX: 0 TXA: 0 RX: 0 AQ: 0]: Sending DATA #0...
Google.Solutions.Compute Verbose: 0 : SshRelayStream [TX: 0 TXA: 0 RX: 0 AQ: 0]: Sending DATA #0...
Google.Solutions.Compute Verbose: 0 : SshRelayStream [TX: 0 TXA: 0 RX: 0 AQ: 0]: Sending DATA #0...
Google.Solutions.Compute Verbose: 0 : SshRelayStream [TX: 0 TXA: 0 RX: 0 AQ: 0]: Sending DATA #0...
Google.Solutions.Compute Verbose: 0 : SshRelayStream [TX: 0 TXA: 0 RX: 0 AQ: 0]: Sending DATA #0...
Google.Solutions.Compute Verbose: 0 : SshRelayStream [TX: 0 TXA: 0 RX: 0 AQ: 0]: Sending DATA #0...
Google.Solutions.Compute Verbose: 0 : SshRelayStream [TX: 0 TXA: 0 RX: 0 AQ: 0]: Sending DATA #0...
Google.Solutions.Compute Verbose: 0 : SshRelayStream [TX: 0 TXA: 0 RX: 0 AQ: 0]: Sending DATA #0...
Google.Solutions.Compute Verbose: 0 : SshRelayStream [TX: 0 TXA: 0 RX: 0 AQ: 0]: Sending DATA #0...
Google.Solutions.Compute Verbose: 0 : SshRelayStream [TX: 0 TXA: 0 RX: 0 AQ: 0]: Sending DATA #0...
Google.Solutions.Compute Verbose: 0 : SshRelayStream [TX: 0 TXA: 0 RX: 0 AQ: 0]: Sending DATA #0...
Google.Solutions.Compute Verbose: 0 : SshRelayStream [TX: 0 TXA: 0 RX: 0 AQ: 0]: Sending DATA #0...
Google.Solutions.Compute Verbose: 0 : SshRelayStream [TX: 0 TXA: 0 RX: 0 AQ: 0]: Sending DATA #0...
Google.Solutions.Compute Verbose: 0 : SshRelayStream [TX: 0 TXA: 0 RX: 0 AQ: 0]: Sending DATA #0...
Google.Solutions.Compute Verbose: 0 : SshRelayStream [TX: 0 TXA: 0 RX: 0 AQ: 0]: Sending DATA #0...
Google.Solutions.Compute Verbose: 0 : SshRelayStream [TX: 0 TXA: 0 RX: 0 AQ: 0]: Sending DATA #0...
Google.Solutions.Compute Verbose: 0 : SshRelayStream [TX: 0 TXA: 0 RX: 0 AQ: 0]: Sending DATA #0...
Google.Solutions.Compute Verbose: 0 : SshRelayStream [TX: 0 TXA: 0 RX: 0 AQ: 0]: Sending DATA #0...
Google.Solutions.Compute Verbose: 0 : SshRelayStream [TX: 0 TXA: 0 RX: 0 AQ: 0]: Sending DATA #0...
Google.Solutions.Compute Verbose: 0 : SshRelayStream [TX: 0 TXA: 0 RX: 0 AQ: 0]: Sending DATA #0...
Google.Solutions.Compute Verbose: 0 : SshRelayStream [TX: 0 TXA: 0 RX: 0 AQ: 0]: Sending DATA #0...
Google.Solutions.Compute Verbose: 0 : SshRelayStream [TX: 0 TXA: 0 RX: 0 AQ: 0]: Sending DATA #0...
Google.Solutions.Compute Verbose: 0 : SshRelayStream [TX: 3 TXA: 0 RX: 0 AQ: 1]: Connected session &lt;\u0000&gt;
Google.Solutions.Compute Verbose: 0 : SshRelayStream [TX: 3 TXA: 0 RX: 0 AQ: 1]: Connected session &lt;\u0000&gt;
Google.Solutions.Compute Verbose: 0 : SshRelayStream [TX: 3 TXA: 0 RX: 0 AQ: 1]: Connected session &lt;\u0000&gt;
Google.Solutions.Compute Verbose: 0 : SshRelayStream [TX: 3 TXA: 0 RX: 0 AQ: 1]: Connected session &lt;\u0000&gt;
Google.Solutions.Compute Verbose: 0 : SshRelayStream [TX: 3 TXA: 0 RX: 0 AQ: 1]: Connected session &lt;\u0000&gt;
Google.Solutions.Compute Verbose: 0 : SshRelayStream [TX: 3 TXA: 0 RX: 0 AQ: 1]: Connected session &lt;\u0000&gt;
Google.Solutions.Compute Verbose: 0 : SshRelayStream [TX: 3 TXA: 0 RX: 0 AQ: 1]: Connected session &lt;\u0000&gt;
Google.Solutions.Compute Verbose: 0 : SshRelayStream [TX: 3 TXA: 0 RX: 0 AQ: 1]: Connected session &lt;\u0000&gt;
Google.Solutions.Compute Verbose: 0 : SshRelayStream [TX: 3 TXA: 0 RX: 0 AQ: 1]: Connected session &lt;\u0000&gt;
Google.Solutions.Compute Verbose: 0 : SshRelayStream [TX: 3 TXA: 0 RX: 0 AQ: 1]: Connected session &lt;\u0000&gt;
Google.Solutions.Compute Verbose: 0 : SshRelayStream [TX: 3 TXA: 0 RX: 0 AQ: 1]: Connected session &lt;\u0000&gt;
Google.Solutions.Compute Verbose: 0 : SshRelayStream [TX: 3 TXA: 0 RX: 0 AQ: 1]: Connected session &lt;\u0000&gt;
Google.Solutions.Compute Verbose: 0 : SshRelayStream [TX: 3 TXA: 0 RX: 0 AQ: 1]: Connected session &lt;\u0000&gt;
Google.Solutions.Compute Verbose: 0 : SshRelayStream [TX: 3 TXA: 0 RX: 0 AQ: 1]: Connected session &lt;\u0000&gt;
Google.Solutions.Compute Verbose: 0 : SshRelayStream [TX: 3 TXA: 0 RX: 0 AQ: 1]: Connected session &lt;\u0000&gt;
Google.Solutions.Compute Verbose: 0 : SshRelayStream [TX: 3 TXA: 0 RX: 0 AQ: 1]: Connected session &lt;\u0000&gt;
Google.Solutions.Compute Verbose: 0 : SshRelayStream [TX: 3 TXA: 0 RX: 0 AQ: 1]: Connected session &lt;\u0000&gt;
Google.Solutions.Compute Verbose: 0 : SshRelayStream [TX: 3 TXA: 0 RX: 0 AQ: 1]: Connected session &lt;\u0000&gt;
Google.Solutions.Compute Verbose: 0 : SshRelayStream [TX: 3 TXA: 0 RX: 0 AQ: 1]: Connected session &lt;\u0000&gt;
Google.Solutions.Compute Verbose: 0 : SshRelayStream [TX: 3 TXA: 0 RX: 0 AQ: 1]: Connected session &lt;\u0000&gt;
Google.Solutions.Compute Verbose: 0 : SshRelayStream [TX: 3 TXA: 0 RX: 0 AQ: 1]: Connected session &lt;\u0000&gt;
Google.Solutions.Compute Verbose: 0 : SshRelayStream [TX: 3 TXA: 0 RX: 0 AQ: 1]: Connected session &lt;\u0000&gt;
Google.Solutions.Compute Verbose: 0 : SshRelayStream [TX: 3 TXA: 0 RX: 0 AQ: 1]: Connected session &lt;\u0000&gt;
Google.Solutions.Compute Verbose: 0 : SshRelayStream [TX: 3 TXA: 0 RX: 0 AQ: 1]: Connected session &lt;\u0000&gt;
Google.Solutions.Compute Verbose: 0 : SshRelayStream [TX: 3 TXA: 0 RX: 0 AQ: 1]: Connected session &lt;\u0000&gt;
Google.Solutions.Compute Verbose: 0 : SshRelayStream [TX: 3 TXA: 0 RX: 0 AQ: 1]: Connected session &lt;\u0000&gt;
Google.Solutions.Compute Verbose: 0 : SshRelayStream [TX: 3 TXA: 0 RX: 0 AQ: 1]: Received data (1 bytes)
Google.Solutions.Compute Verbose: 0 : SshRelayStream [TX: 3 TXA: 0 RX: 0 AQ: 1]: Received data (1 bytes)
Google.Solutions.Compute Verbose: 0 : SshRelayStream [TX: 3 TXA: 0 RX: 0 AQ: 1]: Received data (1 bytes)
Google.Solutions.Compute Verbose: 0 : SshRelayStream [TX: 3 TXA: 0 RX: 0 AQ: 1]: Received data (1 bytes)
Google.Solutions.Compute Verbose: 0 : SshRelayStream [TX: 3 TXA: 0 RX: 0 AQ: 1]: Received data (1 bytes)
Google.Solutions.Compute Verbose: 0 : SshRelayStream [TX: 3 TXA: 0 RX: 0 AQ: 1]: Received data (1 bytes)
Google.Solutions.Compute Verbose: 0 : SshRelayStream [TX: 3 TXA: 0 RX: 0 AQ: 1]: Received data (1 bytes)
Google.Solutions.Compute Verbose: 0 : SshRelayStream [TX: 3 TXA: 0 RX: 0 AQ: 1]: Received data (1 bytes)
Google.Solutions.Compute Verbose: 0 : SshRelayStream [TX: 3 TXA: 0 RX: 0 AQ: 1]: Received data (1 bytes)
Google.Solutions.Compute Verbose: 0 : SshRelayStream [TX: 3 TXA: 0 RX: 0 AQ: 1]: Received data (1 bytes)
Google.Solutions.Compute Verbose: 0 : SshRelayStream [TX: 3 TXA: 0 RX: 0 AQ: 1]: Received data (1 bytes)
Google.Solutions.Compute Verbose: 0 : SshRelayStream [TX: 3 TXA: 0 RX: 0 AQ: 1]: Received data (1 bytes)
Google.Solutions.Compute Verbose: 0 : SshRelayStream [TX: 3 TXA: 0 RX: 0 AQ: 1]: Received data (1 bytes)
Google.Solutions.Compute Verbose: 0 : SshRelayStream [TX: 3 TXA: 0 RX: 0 AQ: 1]: Received data (1 bytes)
Google.Solutions.Compute Verbose: 0 : SshRelayStream [TX: 3 TXA: 0 RX: 0 AQ: 1]: Received data (1 bytes)
Google.Solutions.Compute Verbose: 0 : SshRelayStream [TX: 3 TXA: 0 RX: 0 AQ: 1]: Received data (1 bytes)
Google.Solutions.Compute Verbose: 0 : SshRelayStream [TX: 3 TXA: 0 RX: 0 AQ: 1]: Received data (1 bytes)
Google.Solutions.Compute Verbose: 0 : SshRelayStream [TX: 3 TXA: 0 RX: 0 AQ: 1]: Received data (1 bytes)
Google.Solutions.Compute Verbose: 0 : SshRelayStream [TX: 3 TXA: 0 RX: 0 AQ: 1]: Received data (1 bytes)
Google.Solutions.Compute Verbose: 0 : SshRelayStream [TX: 3 TXA: 0 RX: 0 AQ: 1]: Received data (1 bytes)
Google.Solutions.Compute Verbose: 0 : SshRelayStream [TX: 3 TXA: 0 RX: 0 AQ: 1]: Received data (1 bytes)
Google.Solutions.Compute Verbose: 0 : SshRelayStream [TX: 3 TXA: 0 RX: 0 AQ: 1]: Received data (1 bytes)
Google.Solutions.Compute Verbose: 0 : SshRelayStream [TX: 3 TXA: 0 RX: 0 AQ: 1]: Received data (1 bytes)
Google.Solutions.Compute Verbose: 0 : SshRelayStream [TX: 3 TXA: 0 RX: 0 AQ: 1]: Received data (1 bytes)
Google.Solutions.Compute Verbose: 0 : SshRelayStream [TX: 3 TXA: 0 RX: 0 AQ: 1]: Received data (1 bytes)
Google.Solutions.Compute Verbose: 0 : SshRelayStream [TX: 3 TXA: 0 RX: 0 AQ: 1]: Received data (1 bytes)
Google.Solutions.Compute Verbose: 0 : SshRelayStream [TX: 3 TXA: 0 RX: 1 AQ: 1]: Connection closed abnormally: 1002
Google.Solutions.Compute Verbose: 0 : SshRelayStream [TX: 3 TXA: 0 RX: 1 AQ: 1]: Connection closed abnormally: 1002
Google.Solutions.Compute Verbose: 0 : SshRelayStream [TX: 3 TXA: 0 RX: 1 AQ: 1]: Connection closed abnormally: 1002
Google.Solutions.Compute Verbose: 0 : SshRelayStream [TX: 3 TXA: 0 RX: 1 AQ: 1]: Connection closed abnormally: 1002
Google.Solutions.Compute Verbose: 0 : SshRelayStream [TX: 3 TXA: 0 RX: 1 AQ: 1]: Connection closed abnormally: 1002
Google.Solutions.Compute Verbose: 0 : SshRelayStream [TX: 3 TXA: 0 RX: 1 AQ: 1]: Connection closed abnormally: 1002
Google.Solutions.Compute Verbose: 0 : SshRelayStream [TX: 3 TXA: 0 RX: 1 AQ: 1]: Connection closed abnormally: 1002
Google.Solutions.Compute Verbose: 0 : SshRelayStream [TX: 3 TXA: 0 RX: 1 AQ: 1]: Connection closed abnormally: 1002
Google.Solutions.Compute Verbose: 0 : SshRelayStream [TX: 3 TXA: 0 RX: 1 AQ: 1]: Connection closed abnormally: 1002
Google.Solutions.Compute Verbose: 0 : SshRelayStream [TX: 3 TXA: 0 RX: 1 AQ: 1]: Connection closed abnormally: 1002
Google.Solutions.Compute Verbose: 0 : SshRelayStream [TX: 3 TXA: 0 RX: 1 AQ: 1]: Connection closed abnormally: 1002
Google.Solutions.Compute Verbose: 0 : SshRelayStream [TX: 3 TXA: 0 RX: 1 AQ: 1]: Connection closed abnormally: 1002
Google.Solutions.Compute Verbose: 0 : SshRelayStream [TX: 3 TXA: 0 RX: 1 AQ: 1]: Connection closed abnormally: 1002
Google.Solutions.Compute Verbose: 0 : SshRelayStream [TX: 3 TXA: 0 RX: 1 AQ: 1]: Connection closed abnormally: 1002
Google.Solutions.Compute Verbose: 0 : SshRelayStream [TX: 3 TXA: 0 RX: 1 AQ: 1]: Connection closed abnormally: 1002
Google.Solutions.Compute Verbose: 0 : SshRelayStream [TX: 3 TXA: 0 RX: 1 AQ: 1]: Connection closed abnormally: 1002
Google.Solutions.Compute Verbose: 0 : SshRelayStream [TX: 3 TXA: 0 RX: 1 AQ: 1]: Connection closed abnormally: 1002
Google.Solutions.Compute Verbose: 0 : SshRelayStream [TX: 3 TXA: 0 RX: 1 AQ: 1]: Connection closed abnormally: 1002
Google.Solutions.Compute Verbose: 0 : SshRelayStream [TX: 3 TXA: 0 RX: 1 AQ: 1]: Connection closed abnormally: 1002
Google.Solutions.Compute Verbose: 0 : SshRelayStream [TX: 3 TXA: 0 RX: 1 AQ: 1]: Connection closed abnormally: 1002
Google.Solutions.Compute Verbose: 0 : SshRelayStream [TX: 3 TXA: 0 RX: 1 AQ: 1]: Connection closed abnormally: 1002
Google.Solutions.Compute Verbose: 0 : SshRelayStream [TX: 3 TXA: 0 RX: 1 AQ: 1]: Connection closed abnormally: 1002
Google.Solutions.Compute Verbose: 0 : SshRelayStream [TX: 3 TXA: 0 RX: 1 AQ: 1]: Connection closed abnormally: 1002
Google.Solutions.Compute Verbose: 0 : SshRelayStream [TX: 3 TXA: 0 RX: 1 AQ: 1]: Connection closed abnormally: 1002
Google.Solutions.Compute Verbose: 0 : SshRelayStream [TX: 3 TXA: 0 RX: 1 AQ: 1]: Connection closed abnormally: 1002
Google.Solutions.Compute Verbose: 0 : SshRelayStream [TX: 3 TXA: 0 RX: 1 AQ: 1]: Connection closed abnormally: 1002
Google.Solutions.Compute Verbose: 0 : SshRelayStream [TX: 3 TXA: 0 RX: 1 AQ: 1]: Disconnecting, preparing to reconnect
Google.Solutions.Compute Verbose: 0 : SshRelayStream [TX: 3 TXA: 0 RX: 1 AQ: 1]: Disconnecting, preparing to reconnect
Google.Solutions.Compute Verbose: 0 : SshRelayStream [TX: 3 TXA: 0 RX: 1 AQ: 1]: Disconnecting, preparing to reconnect
Google.Solutions.Compute Verbose: 0 : SshRelayStream [TX: 3 TXA: 0 RX: 1 AQ: 1]: Disconnecting, preparing to reconnect
Google.Solutions.Compute Verbose: 0 : SshRelayStream [TX: 3 TXA: 0 RX: 1 AQ: 1]: Disconnecting, preparing to reconnect
Google.Solutions.Compute Verbose: 0 : SshRelayStream [TX: 3 TXA: 0 RX: 1 AQ: 1]: Disconnecting, preparing to reconnect
Google.Solutions.Compute Verbose: 0 : SshRelayStream [TX: 3 TXA: 0 RX: 1 AQ: 1]: Disconnecting, preparing to reconnect
Google.Solutions.Compute Verbose: 0 : SshRelayStream [TX: 3 TXA: 0 RX: 1 AQ: 1]: Disconnecting, preparing to reconnect
Google.Solutions.Compute Verbose: 0 : SshRelayStream [TX: 3 TXA: 0 RX: 1 AQ: 1]: Disconnecting, preparing to reconnect
Google.Solutions.Compute Verbose: 0 : SshRelayStream [TX: 3 TXA: 0 RX: 1 AQ: 1]: Disconnecting, preparing to reconnect
Google.Solutions.Compute Verbose: 0 : SshRelayStream [TX: 3 TXA: 0 RX: 1 AQ: 1]: Disconnecting, preparing to reconnect
Google.Solutions.Compute Verbose: 0 : SshRelayStream [TX: 3 TXA: 0 RX: 1 AQ: 1]: Disconnecting, preparing to reconnect
Google.Solutions.Compute Verbose: 0 : SshRelayStream [TX: 3 TXA: 0 RX: 1 AQ: 1]: Disconnecting, preparing to reconnect
Google.Solutions.Compute Verbose: 0 : SshRelayStream [TX: 3 TXA: 0 RX: 1 AQ: 1]: Disconnecting, preparing to reconnect
Google.Solutions.Compute Verbose: 0 : SshRelayStream [TX: 3 TXA: 0 RX: 1 AQ: 1]: Disconnecting, preparing to reconnect
Google.Solutions.Compute Verbose: 0 : SshRelayStream [TX: 3 TXA: 0 RX: 1 AQ: 1]: Disconnecting, preparing to reconnect
Google.Solutions.Compute Verbose: 0 : SshRelayStream [TX: 3 TXA: 0 RX: 1 AQ: 1]: Disconnecting, preparing to reconnect
Google.Solutions.Compute Verbose: 0 : SshRelayStream [TX: 3 TXA: 0 RX: 1 AQ: 1]: Disconnecting, preparing to reconnect
Google.Solutions.Compute Verbose: 0 : SshRelayStream [TX: 3 TXA: 0 RX: 1 AQ: 1]: Disconnecting, preparing to reconnect
Google.Solutions.Compute Verbose: 0 : SshRelayStream [TX: 3 TXA: 0 RX: 1 AQ: 1]: Disconnecting, preparing to reconnect
Google.Solutions.Compute Verbose: 0 : SshRelayStream [TX: 3 TXA: 0 RX: 1 AQ: 1]: Disconnecting, preparing to reconnect
Google.Solutions.Compute Verbose: 0 : SshRelayStream [TX: 3 TXA: 0 RX: 1 AQ: 1]: Disconnecting, preparing to reconnect
Google.Solutions.Compute Verbose: 0 : SshRelayStream [TX: 3 TXA: 0 RX: 1 AQ: 1]: Disconnecting, preparing to reconnect
Google.Solutions.Compute Verbose: 0 : SshRelayStream [TX: 3 TXA: 0 RX: 1 AQ: 1]: Disconnecting, preparing to reconnect
Google.Solutions.Compute Verbose: 0 : SshRelayStream [TX: 3 TXA: 0 RX: 1 AQ: 1]: Disconnecting, preparing to reconnect
Google.Solutions.Compute Verbose: 0 : SshRelayStream [TX: 3 TXA: 0 RX: 1 AQ: 1]: Disconnecting, preparing to reconnect
Google.Solutions.Compute Verbose: 0 : SshRelayStream [TX: 3 TXA: 0 RX: 1 AQ: 1]: Disonnected.
Google.Solutions.Compute Verbose: 0 : SshRelayStream [TX: 3 TXA: 0 RX: 1 AQ: 1]: Disonnected.
Google.Solutions.Compute Verbose: 0 : SshRelayStream [TX: 3 TXA: 0 RX: 1 AQ: 1]: Disonnected.
Google.Solutions.Compute Verbose: 0 : SshRelayStream [TX: 3 TXA: 0 RX: 1 AQ: 1]: Disonnected.
Google.Solutions.Compute Verbose: 0 : SshRelayStream [TX: 3 TXA: 0 RX: 1 AQ: 1]: Disonnected.
Google.Solutions.Compute Verbose: 0 : SshRelayStream [TX: 3 TXA: 0 RX: 1 AQ: 1]: Disonnected.
Google.Solutions.Compute Verbose: 0 : SshRelayStream [TX: 3 TXA: 0 RX: 1 AQ: 1]: Disonnected.
Google.Solutions.Compute Verbose: 0 : SshRelayStream [TX: 3 TXA: 0 RX: 1 AQ: 1]: Disonnected.
Google.Solutions.Compute Verbose: 0 : SshRelayStream [TX: 3 TXA: 0 RX: 1 AQ: 1]: Disonnected.
Google.Solutions.Compute Verbose: 0 : SshRelayStream [TX: 3 TXA: 0 RX: 1 AQ: 1]: Disonnected.
Google.Solutions.Compute Verbose: 0 : SshRelayStream [TX: 3 TXA: 0 RX: 1 AQ: 1]: Disonnected.
Google.Solutions.Compute Verbose: 0 : SshRelayStream [TX: 3 TXA: 0 RX: 1 AQ: 1]: Disonnected.
Google.Solutions.Compute Verbose: 0 : SshRelayStream [TX: 3 TXA: 0 RX: 1 AQ: 1]: Disonnected.
Google.Solutions.Compute Verbose: 0 : SshRelayStream [TX: 3 TXA: 0 RX: 1 AQ: 1]: Disonnected.
Google.Solutions.Compute Verbose: 0 : SshRelayStream [TX: 3 TXA: 0 RX: 1 AQ: 1]: Disonnected.
Google.Solutions.Compute Verbose: 0 : SshRelayStream [TX: 3 TXA: 0 RX: 1 AQ: 1]: Disonnected.
Google.Solutions.Compute Verbose: 0 : SshRelayStream [TX: 3 TXA: 0 RX: 1 AQ: 1]: Disonnected.
Google.Solutions.Compute Verbose: 0 : SshRelayStream [TX: 3 TXA: 0 RX: 1 AQ: 1]: Disonnected.
Google.Solutions.Compute Verbose: 0 : SshRelayStream [TX: 3 TXA: 0 RX: 1 AQ: 1]: Disonnected.
Google.Solutions.Compute Verbose: 0 : SshRelayStream [TX: 3 TXA: 0 RX: 1 AQ: 1]: Disonnected.
Google.Solutions.Compute Verbose: 0 : SshRelayStream [TX: 3 TXA: 0 RX: 1 AQ: 1]: Disonnected.
Google.Solutions.Compute Verbose: 0 : SshRelayStream [TX: 3 TXA: 0 RX: 1 AQ: 1]: Disonnected.
Google.Solutions.Compute Verbose: 0 : SshRelayStream [TX: 3 TXA: 0 RX: 1 AQ: 1]: Disonnected.
Google.Solutions.Compute Verbose: 0 : SshRelayStream [TX: 3 TXA: 0 RX: 1 AQ: 1]: Disonnected.
Google.Solutions.Compute Verbose: 0 : SshRelayStream [TX: 3 TXA: 0 RX: 1 AQ: 1]: Disonnected.
Google.Solutions.Compute Verbose: 0 : SshRelayStream [TX: 3 TXA: 0 RX: 1 AQ: 1]: Disonnected.
Google.Solutions.Compute Verbose: 0 : SshRelayStream [TX: 3 TXA: 0 RX: 1 AQ: 1]: Reconnecting...
Google.Solutions.Compute Verbose: 0 : SshRelayStream [TX: 3 TXA: 0 RX: 1 AQ: 1]: Reconnecting...
Google.Solutions.Compute Verbose: 0 : SshRelayStream [TX: 3 TXA: 0 RX: 1 AQ: 1]: Reconnecting...
Google.Solutions.Compute Verbose: 0 : SshRelayStream [TX: 3 TXA: 0 RX: 1 AQ: 1]: Reconnecting...
Google.Solutions.Compute Verbose: 0 : SshRelayStream [TX: 3 TXA: 0 RX: 1 AQ: 1]: Reconnecting...
Google.Solutions.Compute Verbose: 0 : SshRelayStream [TX: 3 TXA: 0 RX: 1 AQ: 1]: Reconnecting...
Google.Solutions.Compute Verbose: 0 : SshRelayStream [TX: 3 TXA: 0 RX: 1 AQ: 1]: Reconnecting...
Google.Solutions.Compute Verbose: 0 : SshRelayStream [TX: 3 TXA: 0 RX: 1 AQ: 1]: Reconnecting...
Google.Solutions.Compute Verbose: 0 : SshRelayStream [TX: 3 TXA: 0 RX: 1 AQ: 1]: Reconnecting...
Google.Solutions.Compute Verbose: 0 : SshRelayStream [TX: 3 TXA: 0 RX: 1 AQ: 1]: Reconnecting...
Google.Solutions.Compute Verbose: 0 : SshRelayStream [TX: 3 TXA: 0 RX: 1 AQ: 1]: Reconnecting...
Google.Solutions.Compute Verbose: 0 : SshRelayStream [TX: 3 TXA: 0 RX: 1 AQ: 1]: Reconnecting...
Google.Solutions.Compute Verbose: 0 : SshRelayStream [TX: 3 TXA: 0 RX: 1 AQ: 1]: Reconnecting...
Google.Solutions.Compute Verbose: 0 : SshRelayStream [TX: 3 TXA: 0 RX: 1 AQ: 1]: Reconnecting...
Google.Solutions.Compute Verbose: 0 : SshRelayStream [TX: 3 TXA: 0 RX: 1 AQ: 1]: Reconnecting...
Google.Solutions.Compute Verbose: 0 : SshRelayStream [TX: 3 TXA: 0 RX: 1 AQ: 1]: Reconnecting...
Google.Solutions.Compute Verbose: 0 : SshRelayStream [TX: 3 TXA: 0 RX: 1 AQ: 1]: Reconnecting...
Google.Solutions.Compute Verbose: 0 : SshRelayStream [TX: 3 TXA: 0 RX: 1 AQ: 1]: Reconnecting...
Google.Solutions.Compute Verbose: 0 : SshRelayStream [TX: 3 TXA: 0 RX: 1 AQ: 1]: Reconnecting...
Google.Solutions.Compute Verbose: 0 : SshRelayStream [TX: 3 TXA: 0 RX: 1 AQ: 1]: Reconnecting...
Google.Solutions.Compute Verbose: 0 : SshRelayStream [TX: 3 TXA: 0 RX: 1 AQ: 1]: Reconnecting...
Google.Solutions.Compute Verbose: 0 : SshRelayStream [TX: 3 TXA: 0 RX: 1 AQ: 1]: Reconnecting...
Google.Solutions.Compute Verbose: 0 : SshRelayStream [TX: 3 TXA: 0 RX: 1 AQ: 1]: Reconnecting...
Google.Solutions.Compute Verbose: 0 : SshRelayStream [TX: 3 TXA: 0 RX: 1 AQ: 1]: Reconnecting...
Google.Solutions.Compute Verbose: 0 : SshRelayStream [TX: 3 TXA: 0 RX: 1 AQ: 1]: Reconnecting...
Google.Solutions.Compute Verbose: 0 : SshRelayStream [TX: 3 TXA: 0 RX: 1 AQ: 1]: Reconnecting...
Google.Solutions.Compute Verbose: 0 : SshRelayStream [TX: 3 TXA: 0 RX: 1 AQ: 0]: Resending DATA #0...
Google.Solutions.Compute Verbose: 0 : SshRelayStream [TX: 3 TXA: 0 RX: 1 AQ: 0]: Resending DATA #0...
Google.Solutions.Compute Verbose: 0 : SshRelayStream [TX: 3 TXA: 0 RX: 1 AQ: 0]: Resending DATA #0...
Google.Solutions.Compute Verbose: 0 : SshRelayStream [TX: 3 TXA: 0 RX: 1 AQ: 0]: Resending DATA #0...
Google.Solutions.Compute Verbose: 0 : SshRelayStream [TX: 3 TXA: 0 RX: 1 AQ: 0]: Resending DATA #0...
Google.Solutions.Compute Verbose: 0 : SshRelayStream [TX: 3 TXA: 0 RX: 1 AQ: 0]: Resending DATA #0...
Google.Solutions.Compute Verbose: 0 : SshRelayStream [TX: 3 TXA: 0 RX: 1 AQ: 0]: Resending DATA #0...
Google.Solutions.Compute Verbose: 0 : SshRelayStream [TX: 3 TXA: 0 RX: 1 AQ: 0]: Resending DATA #0...
Google.Solutions.Compute Verbose: 0 : SshRelayStream [TX: 3 TXA: 0 RX: 1 AQ: 0]: Resending DATA #0...
Google.Solutions.Compute Verbose: 0 : SshRelayStream [TX: 3 TXA: 0 RX: 1 AQ: 0]: Resending DATA #0...
Google.Solutions.Compute Verbose: 0 : SshRelayStream [TX: 3 TXA: 0 RX: 1 AQ: 0]: Resending DATA #0...
Google.Solutions.Compute Verbose: 0 : SshRelayStream [TX: 3 TXA: 0 RX: 1 AQ: 0]: Resending DATA #0...
Google.Solutions.Compute Verbose: 0 : SshRelayStream [TX: 3 TXA: 0 RX: 1 AQ: 0]: Resending DATA #0...
Google.Solutions.Compute Verbose: 0 : SshRelayStream [TX: 3 TXA: 0 RX: 1 AQ: 0]: Resending DATA #0...
Google.Solutions.Compute Verbose: 0 : SshRelayStream [TX: 3 TXA: 0 RX: 1 AQ: 0]: Resending DATA #0...
Google.Solutions.Compute Verbose: 0 : SshRelayStream [TX: 3 TXA: 0 RX: 1 AQ: 0]: Resending DATA #0...
Google.Solutions.Compute Verbose: 0 : SshRelayStream [TX: 3 TXA: 0 RX: 1 AQ: 0]: Resending DATA #0...
Google.Solutions.Compute Verbose: 0 : SshRelayStream [TX: 3 TXA: 0 RX: 1 AQ: 0]: Resending DATA #0...
Google.Solutions.Compute Verbose: 0 : SshRelayStream [TX: 3 TXA: 0 RX: 1 AQ: 0]: Resending DATA #0...
Google.Solutions.Compute Verbose: 0 : SshRelayStream [TX: 3 TXA: 0 RX: 1 AQ: 0]: Resending DATA #0...
Google.Solutions.Compute Verbose: 0 : SshRelayStream [TX: 3 TXA: 0 RX: 1 AQ: 0]: Resending DATA #0...
Google.Solutions.Compute Verbose: 0 : SshRelayStream [TX: 3 TXA: 0 RX: 1 AQ: 0]: Resending DATA #0...
Google.Solutions.Compute Verbose: 0 : SshRelayStream [TX: 3 TXA: 0 RX: 1 AQ: 0]: Resending DATA #0...
Google.Solutions.Compute Verbose: 0 : SshRelayStream [TX: 3 TXA: 0 RX: 1 AQ: 0]: Resending DATA #0...
Google.Solutions.Compute Verbose: 0 : SshRelayStream [TX: 3 TXA: 0 RX: 1 AQ: 0]: Resending DATA #0...
Google.Solutions.Compute Verbose: 0 : SshRelayStream [TX: 3 TXA: 0 RX: 1 AQ: 0]: Resending DATA #0...
Google.Solutions.Compute Verbose: 0 : SshRelayStream [TX: 3 TXA: 0 RX: 1 AQ: 0]: Reconnected session &lt;\u0000&gt;
Google.Solutions.Compute Verbose: 0 : SshRelayStream [TX: 3 TXA: 0 RX: 1 AQ: 0]: Reconnected session &lt;\u0000&gt;
Google.Solutions.Compute Verbose: 0 : SshRelayStream [TX: 3 TXA: 0 RX: 1 AQ: 0]: Reconnected session &lt;\u0000&gt;
Google.Solutions.Compute Verbose: 0 : SshRelayStream [TX: 3 TXA: 0 RX: 1 AQ: 0]: Reconnected session &lt;\u0000&gt;
Google.Solutions.Compute Verbose: 0 : SshRelayStream [TX: 3 TXA: 0 RX: 1 AQ: 0]: Reconnected session &lt;\u0000&gt;
Google.Solutions.Compute Verbose: 0 : SshRelayStream [TX: 3 TXA: 0 RX: 1 AQ: 0]: Reconnected session &lt;\u0000&gt;
Google.Solutions.Compute Verbose: 0 : SshRelayStream [TX: 3 TXA: 0 RX: 1 AQ: 0]: Reconnected session &lt;\u0000&gt;
Google.Solutions.Compute Verbose: 0 : SshRelayStream [TX: 3 TXA: 0 RX: 1 AQ: 0]: Reconnected session &lt;\u0000&gt;
Google.Solutions.Compute Verbose: 0 : SshRelayStream [TX: 3 TXA: 0 RX: 1 AQ: 0]: Reconnected session &lt;\u0000&gt;
Google.Solutions.Compute Verbose: 0 : SshRelayStream [TX: 3 TXA: 0 RX: 1 AQ: 0]: Reconnected session &lt;\u0000&gt;
Google.Solutions.Compute Verbose: 0 : SshRelayStream [TX: 3 TXA: 0 RX: 1 AQ: 0]: Reconnected session &lt;\u0000&gt;
Google.Solutions.Compute Verbose: 0 : SshRelayStream [TX: 3 TXA: 0 RX: 1 AQ: 0]: Reconnected session &lt;\u0000&gt;
Google.Solutions.Compute Verbose: 0 : SshRelayStream [TX: 3 TXA: 0 RX: 1 AQ: 0]: Reconnected session &lt;\u0000&gt;
Google.Solutions.Compute Verbose: 0 : SshRelayStream [TX: 3 TXA: 0 RX: 1 AQ: 0]: Reconnected session &lt;\u0000&gt;
Google.Solutions.Compute Verbose: 0 : SshRelayStream [TX: 3 TXA: 0 RX: 1 AQ: 0]: Reconnected session &lt;\u0000&gt;
Google.Solutions.Compute Verbose: 0 : SshRelayStream [TX: 3 TXA: 0 RX: 1 AQ: 0]: Reconnected session &lt;\u0000&gt;
Google.Solutions.Compute Verbose: 0 : SshRelayStream [TX: 3 TXA: 0 RX: 1 AQ: 0]: Reconnected session &lt;\u0000&gt;
Google.Solutions.Compute Verbose: 0 : SshRelayStream [TX: 3 TXA: 0 RX: 1 AQ: 0]: Reconnected session &lt;\u0000&gt;
Google.Solutions.Compute Verbose: 0 : SshRelayStream [TX: 3 TXA: 0 RX: 1 AQ: 0]: Reconnected session &lt;\u0000&gt;
Google.Solutions.Compute Verbose: 0 : SshRelayStream [TX: 3 TXA: 0 RX: 1 AQ: 0]: Reconnected session &lt;\u0000&gt;
Google.Solutions.Compute Verbose: 0 : SshRelayStream [TX: 3 TXA: 0 RX: 1 AQ: 0]: Reconnected session &lt;\u0000&gt;
Google.Solutions.Compute Verbose: 0 : SshRelayStream [TX: 3 TXA: 0 RX: 1 AQ: 0]: Reconnected session &lt;\u0000&gt;
Google.Solutions.Compute Verbose: 0 : SshRelayStream [TX: 3 TXA: 0 RX: 1 AQ: 0]: Reconnected session &lt;\u0000&gt;
Google.Solutions.Compute Verbose: 0 : SshRelayStream [TX: 3 TXA: 0 RX: 1 AQ: 0]: Reconnected session &lt;\u0000&gt;
Google.Solutions.Compute Verbose: 0 : SshRelayStream [TX: 3 TXA: 0 RX: 1 AQ: 0]: Reconnected session &lt;\u0000&gt;
Google.Solutions.Compute Verbose: 0 : SshRelayStream [TX: 3 TXA: 0 RX: 1 AQ: 0]: Reconnected session &lt;\u0000&gt;
Google.Solutions.Compute Verbose: 0 : SshRelayStream [TX: 3 TXA: 0 RX: 1 AQ: 0]: Received data (1 bytes)
Google.Solutions.Compute Verbose: 0 : SshRelayStream [TX: 3 TXA: 0 RX: 1 AQ: 0]: Received data (1 bytes)
Google.Solutions.Compute Verbose: 0 : SshRelayStream [TX: 3 TXA: 0 RX: 1 AQ: 0]: Received data (1 bytes)
Google.Solutions.Compute Verbose: 0 : SshRelayStream [TX: 3 TXA: 0 RX: 1 AQ: 0]: Received data (1 bytes)
Google.Solutions.Compute Verbose: 0 : SshRelayStream [TX: 3 TXA: 0 RX: 1 AQ: 0]: Received data (1 bytes)
Google.Solutions.Compute Verbose: 0 : SshRelayStream [TX: 3 TXA: 0 RX: 1 AQ: 0]: Received data (1 bytes)
Google.Solutions.Compute Verbose: 0 : SshRelayStream [TX: 3 TXA: 0 RX: 1 AQ: 0]: Received data (1 bytes)
Google.Solutions.Compute Verbose: 0 : SshRelayStream [TX: 3 TXA: 0 RX: 1 AQ: 0]: Received data (1 bytes)
Google.Solutions.Compute Verbose: 0 : SshRelayStream [TX: 3 TXA: 0 RX: 1 AQ: 0]: Received data (1 bytes)
Google.Solutions.Compute Verbose: 0 : SshRelayStream [TX: 3 TXA: 0 RX: 1 AQ: 0]: Received data (1 bytes)
Google.Solutions.Compute Verbose: 0 : SshRelayStream [TX: 3 TXA: 0 RX: 1 AQ: 0]: Received data (1 bytes)
Google.Solutions.Compute Verbose: 0 : SshRelayStream [TX: 3 TXA: 0 RX: 1 AQ: 0]: Received data (1 bytes)
Google.Solutions.Compute Verbose: 0 : SshRelayStream [TX: 3 TXA: 0 RX: 1 AQ: 0]: Received data (1 bytes)
Google.Solutions.Compute Verbose: 0 : SshRelayStream [TX: 3 TXA: 0 RX: 1 AQ: 0]: Received data (1 bytes)
Google.Solutions.Compute Verbose: 0 : SshRelayStream [TX: 3 TXA: 0 RX: 1 AQ: 0]: Received data (1 bytes)
Google.Solutions.Compute Verbose: 0 : SshRelayStream [TX: 3 TXA: 0 RX: 1 AQ: 0]: Received data (1 bytes)
Google.Solutions.Compute Verbose: 0 : SshRelayStream [TX: 3 TXA: 0 RX: 1 AQ: 0]: Received data (1 bytes)
Google.Solutions.Compute Verbose: 0 : SshRelayStream [TX: 3 TXA: 0 RX: 1 AQ: 0]: Received data (1 bytes)
Google.Solutions.Compute Verbose: 0 : SshRelayStream [TX: 3 TXA: 0 RX: 1 AQ: 0]: Received data (1 bytes)
Google.Solutions.Compute Verbose: 0 : SshRelayStream [TX: 3 TXA: 0 RX: 1 AQ: 0]: Received data (1 bytes)
Google.Solutions.Compute Verbose: 0 : SshRelayStream [TX: 3 TXA: 0 RX: 1 AQ: 0]: Received data (1 bytes)
Google.Solutions.Compute Verbose: 0 : SshRelayStream [TX: 3 TXA: 0 RX: 1 AQ: 0]: Received data (1 bytes)
Google.Solutions.Compute Verbose: 0 : SshRelayStream [TX: 3 TXA: 0 RX: 1 AQ: 0]: Received data (1 bytes)
Google.Solutions.Compute Verbose: 0 : SshRelayStream [TX: 3 TXA: 0 RX: 1 AQ: 0]: Received data (1 bytes)
Google.Solutions.Compute Verbose: 0 : SshRelayStream [TX: 3 TXA: 0 RX: 1 AQ: 0]: Received data (1 bytes)
Google.Solutions.Compute Verbose: 0 : SshRelayStream [TX: 3 TXA: 0 RX: 1 AQ: 0]: Received data (1 bytes)
</system-out></testcase><testcase name="ReadAfterWriteAndForcefulServerCloseCausesReconnect(4005)" assertions="6" time="0.000763" status="Passed" classname="Google.Solutions.Compute.Test.Iap.TestSshRelayStreamReading"><system-out>Google.Solutions.Compute Verbose: 0 : SshRelayStream [TX: 0 TXA: 0 RX: 0 AQ: 0]: Connecting...
Google.Solutions.Compute Verbose: 0 : SshRelayStream [TX: 0 TXA: 0 RX: 0 AQ: 0]: Connecting...
Google.Solutions.Compute Verbose: 0 : SshRelayStream [TX: 0 TXA: 0 RX: 0 AQ: 0]: Connecting...
Google.Solutions.Compute Verbose: 0 : SshRelayStream [TX: 0 TXA: 0 RX: 0 AQ: 0]: Connecting...
Google.Solutions.Compute Verbose: 0 : SshRelayStream [TX: 0 TXA: 0 RX: 0 AQ: 0]: Connecting...
Google.Solutions.Compute Verbose: 0 : SshRelayStream [TX: 0 TXA: 0 RX: 0 AQ: 0]: Connecting...
Google.Solutions.Compute Verbose: 0 : SshRelayStream [TX: 0 TXA: 0 RX: 0 AQ: 0]: Connecting...
Google.Solutions.Compute Verbose: 0 : SshRelayStream [TX: 0 TXA: 0 RX: 0 AQ: 0]: Connecting...
Google.Solutions.Compute Verbose: 0 : SshRelayStream [TX: 0 TXA: 0 RX: 0 AQ: 0]: Connecting...
Google.Solutions.Compute Verbose: 0 : SshRelayStream [TX: 0 TXA: 0 RX: 0 AQ: 0]: Connecting...
Google.Solutions.Compute Verbose: 0 : SshRelayStream [TX: 0 TXA: 0 RX: 0 AQ: 0]: Connecting...
Google.Solutions.Compute Verbose: 0 : SshRelayStream [TX: 0 TXA: 0 RX: 0 AQ: 0]: Connecting...
Google.Solutions.Compute Verbose: 0 : SshRelayStream [TX: 0 TXA: 0 RX: 0 AQ: 0]: Connecting...
Google.Solutions.Compute Verbose: 0 : SshRelayStream [TX: 0 TXA: 0 RX: 0 AQ: 0]: Connecting...
Google.Solutions.Compute Verbose: 0 : SshRelayStream [TX: 0 TXA: 0 RX: 0 AQ: 0]: Connecting...
Google.Solutions.Compute Verbose: 0 : SshRelayStream [TX: 0 TXA: 0 RX: 0 AQ: 0]: Connecting...
Google.Solutions.Compute Verbose: 0 : SshRelayStream [TX: 0 TXA: 0 RX: 0 AQ: 0]: Connecting...
Google.Solutions.Compute Verbose: 0 : SshRelayStream [TX: 0 TXA: 0 RX: 0 AQ: 0]: Connecting...
Google.Solutions.Compute Verbose: 0 : SshRelayStream [TX: 0 TXA: 0 RX: 0 AQ: 0]: Connecting...
Google.Solutions.Compute Verbose: 0 : SshRelayStream [TX: 0 TXA: 0 RX: 0 AQ: 0]: Connecting...
Google.Solutions.Compute Verbose: 0 : SshRelayStream [TX: 0 TXA: 0 RX: 0 AQ: 0]: Connecting...
Google.Solutions.Compute Verbose: 0 : SshRelayStream [TX: 0 TXA: 0 RX: 0 AQ: 0]: Connecting...
Google.Solutions.Compute Verbose: 0 : SshRelayStream [TX: 0 TXA: 0 RX: 0 AQ: 0]: Connecting...
Google.Solutions.Compute Verbose: 0 : SshRelayStream [TX: 0 TXA: 0 RX: 0 AQ: 0]: Connecting...
Google.Solutions.Compute Verbose: 0 : SshRelayStream [TX: 0 TXA: 0 RX: 0 AQ: 0]: Connecting...
Google.Solutions.Compute Verbose: 0 : SshRelayStream [TX: 0 TXA: 0 RX: 0 AQ: 0]: Connecting...
Google.Solutions.Compute Verbose: 0 : SshRelayStream [TX: 0 TXA: 0 RX: 0 AQ: 0]: Connecting...
Google.Solutions.Compute Verbose: 0 : SshRelayStream [TX: 0 TXA: 0 RX: 0 AQ: 0]: Sending DATA #0...
Google.Solutions.Compute Verbose: 0 : SshRelayStream [TX: 0 TXA: 0 RX: 0 AQ: 0]: Sending DATA #0...
Google.Solutions.Compute Verbose: 0 : SshRelayStream [TX: 0 TXA: 0 RX: 0 AQ: 0]: Sending DATA #0...
Google.Solutions.Compute Verbose: 0 : SshRelayStream [TX: 0 TXA: 0 RX: 0 AQ: 0]: Sending DATA #0...
Google.Solutions.Compute Verbose: 0 : SshRelayStream [TX: 0 TXA: 0 RX: 0 AQ: 0]: Sending DATA #0...
Google.Solutions.Compute Verbose: 0 : SshRelayStream [TX: 0 TXA: 0 RX: 0 AQ: 0]: Sending DATA #0...
Google.Solutions.Compute Verbose: 0 : SshRelayStream [TX: 0 TXA: 0 RX: 0 AQ: 0]: Sending DATA #0...
Google.Solutions.Compute Verbose: 0 : SshRelayStream [TX: 0 TXA: 0 RX: 0 AQ: 0]: Sending DATA #0...
Google.Solutions.Compute Verbose: 0 : SshRelayStream [TX: 0 TXA: 0 RX: 0 AQ: 0]: Sending DATA #0...
Google.Solutions.Compute Verbose: 0 : SshRelayStream [TX: 0 TXA: 0 RX: 0 AQ: 0]: Sending DATA #0...
Google.Solutions.Compute Verbose: 0 : SshRelayStream [TX: 0 TXA: 0 RX: 0 AQ: 0]: Sending DATA #0...
Google.Solutions.Compute Verbose: 0 : SshRelayStream [TX: 0 TXA: 0 RX: 0 AQ: 0]: Sending DATA #0...
Google.Solutions.Compute Verbose: 0 : SshRelayStream [TX: 0 TXA: 0 RX: 0 AQ: 0]: Sending DATA #0...
Google.Solutions.Compute Verbose: 0 : SshRelayStream [TX: 0 TXA: 0 RX: 0 AQ: 0]: Sending DATA #0...
Google.Solutions.Compute Verbose: 0 : SshRelayStream [TX: 0 TXA: 0 RX: 0 AQ: 0]: Sending DATA #0...
Google.Solutions.Compute Verbose: 0 : SshRelayStream [TX: 0 TXA: 0 RX: 0 AQ: 0]: Sending DATA #0...
Google.Solutions.Compute Verbose: 0 : SshRelayStream [TX: 0 TXA: 0 RX: 0 AQ: 0]: Sending DATA #0...
Google.Solutions.Compute Verbose: 0 : SshRelayStream [TX: 0 TXA: 0 RX: 0 AQ: 0]: Sending DATA #0...
Google.Solutions.Compute Verbose: 0 : SshRelayStream [TX: 0 TXA: 0 RX: 0 AQ: 0]: Sending DATA #0...
Google.Solutions.Compute Verbose: 0 : SshRelayStream [TX: 0 TXA: 0 RX: 0 AQ: 0]: Sending DATA #0...
Google.Solutions.Compute Verbose: 0 : SshRelayStream [TX: 0 TXA: 0 RX: 0 AQ: 0]: Sending DATA #0...
Google.Solutions.Compute Verbose: 0 : SshRelayStream [TX: 0 TXA: 0 RX: 0 AQ: 0]: Sending DATA #0...
Google.Solutions.Compute Verbose: 0 : SshRelayStream [TX: 0 TXA: 0 RX: 0 AQ: 0]: Sending DATA #0...
Google.Solutions.Compute Verbose: 0 : SshRelayStream [TX: 0 TXA: 0 RX: 0 AQ: 0]: Sending DATA #0...
Google.Solutions.Compute Verbose: 0 : SshRelayStream [TX: 0 TXA: 0 RX: 0 AQ: 0]: Sending DATA #0...
Google.Solutions.Compute Verbose: 0 : SshRelayStream [TX: 0 TXA: 0 RX: 0 AQ: 0]: Sending DATA #0...
Google.Solutions.Compute Verbose: 0 : SshRelayStream [TX: 0 TXA: 0 RX: 0 AQ: 0]: Sending DATA #0...
Google.Solutions.Compute Verbose: 0 : SshRelayStream [TX: 3 TXA: 0 RX: 0 AQ: 1]: Connected session &lt;\u0000&gt;
Google.Solutions.Compute Verbose: 0 : SshRelayStream [TX: 3 TXA: 0 RX: 0 AQ: 1]: Connected session &lt;\u0000&gt;
Google.Solutions.Compute Verbose: 0 : SshRelayStream [TX: 3 TXA: 0 RX: 0 AQ: 1]: Connected session &lt;\u0000&gt;
Google.Solutions.Compute Verbose: 0 : SshRelayStream [TX: 3 TXA: 0 RX: 0 AQ: 1]: Connected session &lt;\u0000&gt;
Google.Solutions.Compute Verbose: 0 : SshRelayStream [TX: 3 TXA: 0 RX: 0 AQ: 1]: Connected session &lt;\u0000&gt;
Google.Solutions.Compute Verbose: 0 : SshRelayStream [TX: 3 TXA: 0 RX: 0 AQ: 1]: Connected session &lt;\u0000&gt;
Google.Solutions.Compute Verbose: 0 : SshRelayStream [TX: 3 TXA: 0 RX: 0 AQ: 1]: Connected session &lt;\u0000&gt;
Google.Solutions.Compute Verbose: 0 : SshRelayStream [TX: 3 TXA: 0 RX: 0 AQ: 1]: Connected session &lt;\u0000&gt;
Google.Solutions.Compute Verbose: 0 : SshRelayStream [TX: 3 TXA: 0 RX: 0 AQ: 1]: Connected session &lt;\u0000&gt;
Google.Solutions.Compute Verbose: 0 : SshRelayStream [TX: 3 TXA: 0 RX: 0 AQ: 1]: Connected session &lt;\u0000&gt;
Google.Solutions.Compute Verbose: 0 : SshRelayStream [TX: 3 TXA: 0 RX: 0 AQ: 1]: Connected session &lt;\u0000&gt;
Google.Solutions.Compute Verbose: 0 : SshRelayStream [TX: 3 TXA: 0 RX: 0 AQ: 1]: Connected session &lt;\u0000&gt;
Google.Solutions.Compute Verbose: 0 : SshRelayStream [TX: 3 TXA: 0 RX: 0 AQ: 1]: Connected session &lt;\u0000&gt;
Google.Solutions.Compute Verbose: 0 : SshRelayStream [TX: 3 TXA: 0 RX: 0 AQ: 1]: Connected session &lt;\u0000&gt;
Google.Solutions.Compute Verbose: 0 : SshRelayStream [TX: 3 TXA: 0 RX: 0 AQ: 1]: Connected session &lt;\u0000&gt;
Google.Solutions.Compute Verbose: 0 : SshRelayStream [TX: 3 TXA: 0 RX: 0 AQ: 1]: Connected session &lt;\u0000&gt;
Google.Solutions.Compute Verbose: 0 : SshRelayStream [TX: 3 TXA: 0 RX: 0 AQ: 1]: Connected session &lt;\u0000&gt;
Google.Solutions.Compute Verbose: 0 : SshRelayStream [TX: 3 TXA: 0 RX: 0 AQ: 1]: Connected session &lt;\u0000&gt;
Google.Solutions.Compute Verbose: 0 : SshRelayStream [TX: 3 TXA: 0 RX: 0 AQ: 1]: Connected session &lt;\u0000&gt;
Google.Solutions.Compute Verbose: 0 : SshRelayStream [TX: 3 TXA: 0 RX: 0 AQ: 1]: Connected session &lt;\u0000&gt;
Google.Solutions.Compute Verbose: 0 : SshRelayStream [TX: 3 TXA: 0 RX: 0 AQ: 1]: Connected session &lt;\u0000&gt;
Google.Solutions.Compute Verbose: 0 : SshRelayStream [TX: 3 TXA: 0 RX: 0 AQ: 1]: Connected session &lt;\u0000&gt;
Google.Solutions.Compute Verbose: 0 : SshRelayStream [TX: 3 TXA: 0 RX: 0 AQ: 1]: Connected session &lt;\u0000&gt;
Google.Solutions.Compute Verbose: 0 : SshRelayStream [TX: 3 TXA: 0 RX: 0 AQ: 1]: Connected session &lt;\u0000&gt;
Google.Solutions.Compute Verbose: 0 : SshRelayStream [TX: 3 TXA: 0 RX: 0 AQ: 1]: Connected session &lt;\u0000&gt;
Google.Solutions.Compute Verbose: 0 : SshRelayStream [TX: 3 TXA: 0 RX: 0 AQ: 1]: Connected session &lt;\u0000&gt;
Google.Solutions.Compute Verbose: 0 : SshRelayStream [TX: 3 TXA: 0 RX: 0 AQ: 1]: Connected session &lt;\u0000&gt;
Google.Solutions.Compute Verbose: 0 : SshRelayStream [TX: 3 TXA: 0 RX: 0 AQ: 1]: Received data (1 bytes)
Google.Solutions.Compute Verbose: 0 : SshRelayStream [TX: 3 TXA: 0 RX: 0 AQ: 1]: Received data (1 bytes)
Google.Solutions.Compute Verbose: 0 : SshRelayStream [TX: 3 TXA: 0 RX: 0 AQ: 1]: Received data (1 bytes)
Google.Solutions.Compute Verbose: 0 : SshRelayStream [TX: 3 TXA: 0 RX: 0 AQ: 1]: Received data (1 bytes)
Google.Solutions.Compute Verbose: 0 : SshRelayStream [TX: 3 TXA: 0 RX: 0 AQ: 1]: Received data (1 bytes)
Google.Solutions.Compute Verbose: 0 : SshRelayStream [TX: 3 TXA: 0 RX: 0 AQ: 1]: Received data (1 bytes)
Google.Solutions.Compute Verbose: 0 : SshRelayStream [TX: 3 TXA: 0 RX: 0 AQ: 1]: Received data (1 bytes)
Google.Solutions.Compute Verbose: 0 : SshRelayStream [TX: 3 TXA: 0 RX: 0 AQ: 1]: Received data (1 bytes)
Google.Solutions.Compute Verbose: 0 : SshRelayStream [TX: 3 TXA: 0 RX: 0 AQ: 1]: Received data (1 bytes)
Google.Solutions.Compute Verbose: 0 : SshRelayStream [TX: 3 TXA: 0 RX: 0 AQ: 1]: Received data (1 bytes)
Google.Solutions.Compute Verbose: 0 : SshRelayStream [TX: 3 TXA: 0 RX: 0 AQ: 1]: Received data (1 bytes)
Google.Solutions.Compute Verbose: 0 : SshRelayStream [TX: 3 TXA: 0 RX: 0 AQ: 1]: Received data (1 bytes)
Google.Solutions.Compute Verbose: 0 : SshRelayStream [TX: 3 TXA: 0 RX: 0 AQ: 1]: Received data (1 bytes)
Google.Solutions.Compute Verbose: 0 : SshRelayStream [TX: 3 TXA: 0 RX: 0 AQ: 1]: Received data (1 bytes)
Google.Solutions.Compute Verbose: 0 : SshRelayStream [TX: 3 TXA: 0 RX: 0 AQ: 1]: Received data (1 bytes)
Google.Solutions.Compute Verbose: 0 : SshRelayStream [TX: 3 TXA: 0 RX: 0 AQ: 1]: Received data (1 bytes)
Google.Solutions.Compute Verbose: 0 : SshRelayStream [TX: 3 TXA: 0 RX: 0 AQ: 1]: Received data (1 bytes)
Google.Solutions.Compute Verbose: 0 : SshRelayStream [TX: 3 TXA: 0 RX: 0 AQ: 1]: Received data (1 bytes)
Google.Solutions.Compute Verbose: 0 : SshRelayStream [TX: 3 TXA: 0 RX: 0 AQ: 1]: Received data (1 bytes)
Google.Solutions.Compute Verbose: 0 : SshRelayStream [TX: 3 TXA: 0 RX: 0 AQ: 1]: Received data (1 bytes)
Google.Solutions.Compute Verbose: 0 : SshRelayStream [TX: 3 TXA: 0 RX: 0 AQ: 1]: Received data (1 bytes)
Google.Solutions.Compute Verbose: 0 : SshRelayStream [TX: 3 TXA: 0 RX: 0 AQ: 1]: Received data (1 bytes)
Google.Solutions.Compute Verbose: 0 : SshRelayStream [TX: 3 TXA: 0 RX: 0 AQ: 1]: Received data (1 bytes)
Google.Solutions.Compute Verbose: 0 : SshRelayStream [TX: 3 TXA: 0 RX: 0 AQ: 1]: Received data (1 bytes)
Google.Solutions.Compute Verbose: 0 : SshRelayStream [TX: 3 TXA: 0 RX: 0 AQ: 1]: Received data (1 bytes)
Google.Solutions.Compute Verbose: 0 : SshRelayStream [TX: 3 TXA: 0 RX: 0 AQ: 1]: Received data (1 bytes)
Google.Solutions.Compute Verbose: 0 : SshRelayStream [TX: 3 TXA: 0 RX: 0 AQ: 1]: Received data (1 bytes)
Google.Solutions.Compute Verbose: 0 : SshRelayStream [TX: 3 TXA: 0 RX: 1 AQ: 1]: Connection closed abnormally: BAD_ACK
Google.Solutions.Compute Verbose: 0 : SshRelayStream [TX: 3 TXA: 0 RX: 1 AQ: 1]: Connection closed abnormally: BAD_ACK
Google.Solutions.Compute Verbose: 0 : SshRelayStream [TX: 3 TXA: 0 RX: 1 AQ: 1]: Connection closed abnormally: BAD_ACK
Google.Solutions.Compute Verbose: 0 : SshRelayStream [TX: 3 TXA: 0 RX: 1 AQ: 1]: Connection closed abnormally: BAD_ACK
Google.Solutions.Compute Verbose: 0 : SshRelayStream [TX: 3 TXA: 0 RX: 1 AQ: 1]: Connection closed abnormally: BAD_ACK
Google.Solutions.Compute Verbose: 0 : SshRelayStream [TX: 3 TXA: 0 RX: 1 AQ: 1]: Connection closed abnormally: BAD_ACK
Google.Solutions.Compute Verbose: 0 : SshRelayStream [TX: 3 TXA: 0 RX: 1 AQ: 1]: Connection closed abnormally: BAD_ACK
Google.Solutions.Compute Verbose: 0 : SshRelayStream [TX: 3 TXA: 0 RX: 1 AQ: 1]: Connection closed abnormally: BAD_ACK
Google.Solutions.Compute Verbose: 0 : SshRelayStream [TX: 3 TXA: 0 RX: 1 AQ: 1]: Connection closed abnormally: BAD_ACK
Google.Solutions.Compute Verbose: 0 : SshRelayStream [TX: 3 TXA: 0 RX: 1 AQ: 1]: Connection closed abnormally: BAD_ACK
Google.Solutions.Compute Verbose: 0 : SshRelayStream [TX: 3 TXA: 0 RX: 1 AQ: 1]: Connection closed abnormally: BAD_ACK
Google.Solutions.Compute Verbose: 0 : SshRelayStream [TX: 3 TXA: 0 RX: 1 AQ: 1]: Connection closed abnormally: BAD_ACK
Google.Solutions.Compute Verbose: 0 : SshRelayStream [TX: 3 TXA: 0 RX: 1 AQ: 1]: Connection closed abnormally: BAD_ACK
Google.Solutions.Compute Verbose: 0 : SshRelayStream [TX: 3 TXA: 0 RX: 1 AQ: 1]: Connection closed abnormally: BAD_ACK
Google.Solutions.Compute Verbose: 0 : SshRelayStream [TX: 3 TXA: 0 RX: 1 AQ: 1]: Connection closed abnormally: BAD_ACK
Google.Solutions.Compute Verbose: 0 : SshRelayStream [TX: 3 TXA: 0 RX: 1 AQ: 1]: Connection closed abnormally: BAD_ACK
Google.Solutions.Compute Verbose: 0 : SshRelayStream [TX: 3 TXA: 0 RX: 1 AQ: 1]: Connection closed abnormally: BAD_ACK
Google.Solutions.Compute Verbose: 0 : SshRelayStream [TX: 3 TXA: 0 RX: 1 AQ: 1]: Connection closed abnormally: BAD_ACK
Google.Solutions.Compute Verbose: 0 : SshRelayStream [TX: 3 TXA: 0 RX: 1 AQ: 1]: Connection closed abnormally: BAD_ACK
Google.Solutions.Compute Verbose: 0 : SshRelayStream [TX: 3 TXA: 0 RX: 1 AQ: 1]: Connection closed abnormally: BAD_ACK
Google.Solutions.Compute Verbose: 0 : SshRelayStream [TX: 3 TXA: 0 RX: 1 AQ: 1]: Connection closed abnormally: BAD_ACK
Google.Solutions.Compute Verbose: 0 : SshRelayStream [TX: 3 TXA: 0 RX: 1 AQ: 1]: Connection closed abnormally: BAD_ACK
Google.Solutions.Compute Verbose: 0 : SshRelayStream [TX: 3 TXA: 0 RX: 1 AQ: 1]: Connection closed abnormally: BAD_ACK
Google.Solutions.Compute Verbose: 0 : SshRelayStream [TX: 3 TXA: 0 RX: 1 AQ: 1]: Connection closed abnormally: BAD_ACK
Google.Solutions.Compute Verbose: 0 : SshRelayStream [TX: 3 TXA: 0 RX: 1 AQ: 1]: Connection closed abnormally: BAD_ACK
Google.Solutions.Compute Verbose: 0 : SshRelayStream [TX: 3 TXA: 0 RX: 1 AQ: 1]: Connection closed abnormally: BAD_ACK
Google.Solutions.Compute Verbose: 0 : SshRelayStream [TX: 3 TXA: 0 RX: 1 AQ: 1]: Connection closed abnormally: BAD_ACK
Google.Solutions.Compute Verbose: 0 : SshRelayStream [TX: 3 TXA: 0 RX: 1 AQ: 1]: Disconnecting, preparing to reconnect
Google.Solutions.Compute Verbose: 0 : SshRelayStream [TX: 3 TXA: 0 RX: 1 AQ: 1]: Disconnecting, preparing to reconnect
Google.Solutions.Compute Verbose: 0 : SshRelayStream [TX: 3 TXA: 0 RX: 1 AQ: 1]: Disconnecting, preparing to reconnect
Google.Solutions.Compute Verbose: 0 : SshRelayStream [TX: 3 TXA: 0 RX: 1 AQ: 1]: Disconnecting, preparing to reconnect
Google.Solutions.Compute Verbose: 0 : SshRelayStream [TX: 3 TXA: 0 RX: 1 AQ: 1]: Disconnecting, preparing to reconnect
Google.Solutions.Compute Verbose: 0 : SshRelayStream [TX: 3 TXA: 0 RX: 1 AQ: 1]: Disconnecting, preparing to reconnect
Google.Solutions.Compute Verbose: 0 : SshRelayStream [TX: 3 TXA: 0 RX: 1 AQ: 1]: Disconnecting, preparing to reconnect
Google.Solutions.Compute Verbose: 0 : SshRelayStream [TX: 3 TXA: 0 RX: 1 AQ: 1]: Disconnecting, preparing to reconnect
Google.Solutions.Compute Verbose: 0 : SshRelayStream [TX: 3 TXA: 0 RX: 1 AQ: 1]: Disconnecting, preparing to reconnect
Google.Solutions.Compute Verbose: 0 : SshRelayStream [TX: 3 TXA: 0 RX: 1 AQ: 1]: Disconnecting, preparing to reconnect
Google.Solutions.Compute Verbose: 0 : SshRelayStream [TX: 3 TXA: 0 RX: 1 AQ: 1]: Disconnecting, preparing to reconnect
Google.Solutions.Compute Verbose: 0 : SshRelayStream [TX: 3 TXA: 0 RX: 1 AQ: 1]: Disconnecting, preparing to reconnect
Google.Solutions.Compute Verbose: 0 : SshRelayStream [TX: 3 TXA: 0 RX: 1 AQ: 1]: Disconnecting, preparing to reconnect
Google.Solutions.Compute Verbose: 0 : SshRelayStream [TX: 3 TXA: 0 RX: 1 AQ: 1]: Disconnecting, preparing to reconnect
Google.Solutions.Compute Verbose: 0 : SshRelayStream [TX: 3 TXA: 0 RX: 1 AQ: 1]: Disconnecting, preparing to reconnect
Google.Solutions.Compute Verbose: 0 : SshRelayStream [TX: 3 TXA: 0 RX: 1 AQ: 1]: Disconnecting, preparing to reconnect
Google.Solutions.Compute Verbose: 0 : SshRelayStream [TX: 3 TXA: 0 RX: 1 AQ: 1]: Disconnecting, preparing to reconnect
Google.Solutions.Compute Verbose: 0 : SshRelayStream [TX: 3 TXA: 0 RX: 1 AQ: 1]: Disconnecting, preparing to reconnect
Google.Solutions.Compute Verbose: 0 : SshRelayStream [TX: 3 TXA: 0 RX: 1 AQ: 1]: Disconnecting, preparing to reconnect
Google.Solutions.Compute Verbose: 0 : SshRelayStream [TX: 3 TXA: 0 RX: 1 AQ: 1]: Disconnecting, preparing to reconnect
Google.Solutions.Compute Verbose: 0 : SshRelayStream [TX: 3 TXA: 0 RX: 1 AQ: 1]: Disconnecting, preparing to reconnect
Google.Solutions.Compute Verbose: 0 : SshRelayStream [TX: 3 TXA: 0 RX: 1 AQ: 1]: Disconnecting, preparing to reconnect
Google.Solutions.Compute Verbose: 0 : SshRelayStream [TX: 3 TXA: 0 RX: 1 AQ: 1]: Disconnecting, preparing to reconnect
Google.Solutions.Compute Verbose: 0 : SshRelayStream [TX: 3 TXA: 0 RX: 1 AQ: 1]: Disconnecting, preparing to reconnect
Google.Solutions.Compute Verbose: 0 : SshRelayStream [TX: 3 TXA: 0 RX: 1 AQ: 1]: Disconnecting, preparing to reconnect
Google.Solutions.Compute Verbose: 0 : SshRelayStream [TX: 3 TXA: 0 RX: 1 AQ: 1]: Disconnecting, preparing to reconnect
Google.Solutions.Compute Verbose: 0 : SshRelayStream [TX: 3 TXA: 0 RX: 1 AQ: 1]: Disconnecting, preparing to reconnect
Google.Solutions.Compute Verbose: 0 : SshRelayStream [TX: 3 TXA: 0 RX: 1 AQ: 1]: Disonnected.
Google.Solutions.Compute Verbose: 0 : SshRelayStream [TX: 3 TXA: 0 RX: 1 AQ: 1]: Disonnected.
Google.Solutions.Compute Verbose: 0 : SshRelayStream [TX: 3 TXA: 0 RX: 1 AQ: 1]: Disonnected.
Google.Solutions.Compute Verbose: 0 : SshRelayStream [TX: 3 TXA: 0 RX: 1 AQ: 1]: Disonnected.
Google.Solutions.Compute Verbose: 0 : SshRelayStream [TX: 3 TXA: 0 RX: 1 AQ: 1]: Disonnected.
Google.Solutions.Compute Verbose: 0 : SshRelayStream [TX: 3 TXA: 0 RX: 1 AQ: 1]: Disonnected.
Google.Solutions.Compute Verbose: 0 : SshRelayStream [TX: 3 TXA: 0 RX: 1 AQ: 1]: Disonnected.
Google.Solutions.Compute Verbose: 0 : SshRelayStream [TX: 3 TXA: 0 RX: 1 AQ: 1]: Disonnected.
Google.Solutions.Compute Verbose: 0 : SshRelayStream [TX: 3 TXA: 0 RX: 1 AQ: 1]: Disonnected.
Google.Solutions.Compute Verbose: 0 : SshRelayStream [TX: 3 TXA: 0 RX: 1 AQ: 1]: Disonnected.
Google.Solutions.Compute Verbose: 0 : SshRelayStream [TX: 3 TXA: 0 RX: 1 AQ: 1]: Disonnected.
Google.Solutions.Compute Verbose: 0 : SshRelayStream [TX: 3 TXA: 0 RX: 1 AQ: 1]: Disonnected.
Google.Solutions.Compute Verbose: 0 : SshRelayStream [TX: 3 TXA: 0 RX: 1 AQ: 1]: Disonnected.
Google.Solutions.Compute Verbose: 0 : SshRelayStream [TX: 3 TXA: 0 RX: 1 AQ: 1]: Disonnected.
Google.Solutions.Compute Verbose: 0 : SshRelayStream [TX: 3 TXA: 0 RX: 1 AQ: 1]: Disonnected.
Google.Solutions.Compute Verbose: 0 : SshRelayStream [TX: 3 TXA: 0 RX: 1 AQ: 1]: Disonnected.
Google.Solutions.Compute Verbose: 0 : SshRelayStream [TX: 3 TXA: 0 RX: 1 AQ: 1]: Disonnected.
Google.Solutions.Compute Verbose: 0 : SshRelayStream [TX: 3 TXA: 0 RX: 1 AQ: 1]: Disonnected.
Google.Solutions.Compute Verbose: 0 : SshRelayStream [TX: 3 TXA: 0 RX: 1 AQ: 1]: Disonnected.
Google.Solutions.Compute Verbose: 0 : SshRelayStream [TX: 3 TXA: 0 RX: 1 AQ: 1]: Disonnected.
Google.Solutions.Compute Verbose: 0 : SshRelayStream [TX: 3 TXA: 0 RX: 1 AQ: 1]: Disonnected.
Google.Solutions.Compute Verbose: 0 : SshRelayStream [TX: 3 TXA: 0 RX: 1 AQ: 1]: Disonnected.
Google.Solutions.Compute Verbose: 0 : SshRelayStream [TX: 3 TXA: 0 RX: 1 AQ: 1]: Disonnected.
Google.Solutions.Compute Verbose: 0 : SshRelayStream [TX: 3 TXA: 0 RX: 1 AQ: 1]: Disonnected.
Google.Solutions.Compute Verbose: 0 : SshRelayStream [TX: 3 TXA: 0 RX: 1 AQ: 1]: Disonnected.
Google.Solutions.Compute Verbose: 0 : SshRelayStream [TX: 3 TXA: 0 RX: 1 AQ: 1]: Disonnected.
Google.Solutions.Compute Verbose: 0 : SshRelayStream [TX: 3 TXA: 0 RX: 1 AQ: 1]: Disonnected.
Google.Solutions.Compute Verbose: 0 : SshRelayStream [TX: 3 TXA: 0 RX: 1 AQ: 1]: Reconnecting...
Google.Solutions.Compute Verbose: 0 : SshRelayStream [TX: 3 TXA: 0 RX: 1 AQ: 1]: Reconnecting...
Google.Solutions.Compute Verbose: 0 : SshRelayStream [TX: 3 TXA: 0 RX: 1 AQ: 1]: Reconnecting...
Google.Solutions.Compute Verbose: 0 : SshRelayStream [TX: 3 TXA: 0 RX: 1 AQ: 1]: Reconnecting...
Google.Solutions.Compute Verbose: 0 : SshRelayStream [TX: 3 TXA: 0 RX: 1 AQ: 1]: Reconnecting...
Google.Solutions.Compute Verbose: 0 : SshRelayStream [TX: 3 TXA: 0 RX: 1 AQ: 1]: Reconnecting...
Google.Solutions.Compute Verbose: 0 : SshRelayStream [TX: 3 TXA: 0 RX: 1 AQ: 1]: Reconnecting...
Google.Solutions.Compute Verbose: 0 : SshRelayStream [TX: 3 TXA: 0 RX: 1 AQ: 1]: Reconnecting...
Google.Solutions.Compute Verbose: 0 : SshRelayStream [TX: 3 TXA: 0 RX: 1 AQ: 1]: Reconnecting...
Google.Solutions.Compute Verbose: 0 : SshRelayStream [TX: 3 TXA: 0 RX: 1 AQ: 1]: Reconnecting...
Google.Solutions.Compute Verbose: 0 : SshRelayStream [TX: 3 TXA: 0 RX: 1 AQ: 1]: Reconnecting...
Google.Solutions.Compute Verbose: 0 : SshRelayStream [TX: 3 TXA: 0 RX: 1 AQ: 1]: Reconnecting...
Google.Solutions.Compute Verbose: 0 : SshRelayStream [TX: 3 TXA: 0 RX: 1 AQ: 1]: Reconnecting...
Google.Solutions.Compute Verbose: 0 : SshRelayStream [TX: 3 TXA: 0 RX: 1 AQ: 1]: Reconnecting...
Google.Solutions.Compute Verbose: 0 : SshRelayStream [TX: 3 TXA: 0 RX: 1 AQ: 1]: Reconnecting...
Google.Solutions.Compute Verbose: 0 : SshRelayStream [TX: 3 TXA: 0 RX: 1 AQ: 1]: Reconnecting...
Google.Solutions.Compute Verbose: 0 : SshRelayStream [TX: 3 TXA: 0 RX: 1 AQ: 1]: Reconnecting...
Google.Solutions.Compute Verbose: 0 : SshRelayStream [TX: 3 TXA: 0 RX: 1 AQ: 1]: Reconnecting...
Google.Solutions.Compute Verbose: 0 : SshRelayStream [TX: 3 TXA: 0 RX: 1 AQ: 1]: Reconnecting...
Google.Solutions.Compute Verbose: 0 : SshRelayStream [TX: 3 TXA: 0 RX: 1 AQ: 1]: Reconnecting...
Google.Solutions.Compute Verbose: 0 : SshRelayStream [TX: 3 TXA: 0 RX: 1 AQ: 1]: Reconnecting...
Google.Solutions.Compute Verbose: 0 : SshRelayStream [TX: 3 TXA: 0 RX: 1 AQ: 1]: Reconnecting...
Google.Solutions.Compute Verbose: 0 : SshRelayStream [TX: 3 TXA: 0 RX: 1 AQ: 1]: Reconnecting...
Google.Solutions.Compute Verbose: 0 : SshRelayStream [TX: 3 TXA: 0 RX: 1 AQ: 1]: Reconnecting...
Google.Solutions.Compute Verbose: 0 : SshRelayStream [TX: 3 TXA: 0 RX: 1 AQ: 1]: Reconnecting...
Google.Solutions.Compute Verbose: 0 : SshRelayStream [TX: 3 TXA: 0 RX: 1 AQ: 1]: Reconnecting...
Google.Solutions.Compute Verbose: 0 : SshRelayStream [TX: 3 TXA: 0 RX: 1 AQ: 1]: Reconnecting...
Google.Solutions.Compute Verbose: 0 : SshRelayStream [TX: 3 TXA: 0 RX: 1 AQ: 0]: Resending DATA #0...
Google.Solutions.Compute Verbose: 0 : SshRelayStream [TX: 3 TXA: 0 RX: 1 AQ: 0]: Resending DATA #0...
Google.Solutions.Compute Verbose: 0 : SshRelayStream [TX: 3 TXA: 0 RX: 1 AQ: 0]: Resending DATA #0...
Google.Solutions.Compute Verbose: 0 : SshRelayStream [TX: 3 TXA: 0 RX: 1 AQ: 0]: Resending DATA #0...
Google.Solutions.Compute Verbose: 0 : SshRelayStream [TX: 3 TXA: 0 RX: 1 AQ: 0]: Resending DATA #0...
Google.Solutions.Compute Verbose: 0 : SshRelayStream [TX: 3 TXA: 0 RX: 1 AQ: 0]: Resending DATA #0...
Google.Solutions.Compute Verbose: 0 : SshRelayStream [TX: 3 TXA: 0 RX: 1 AQ: 0]: Resending DATA #0...
Google.Solutions.Compute Verbose: 0 : SshRelayStream [TX: 3 TXA: 0 RX: 1 AQ: 0]: Resending DATA #0...
Google.Solutions.Compute Verbose: 0 : SshRelayStream [TX: 3 TXA: 0 RX: 1 AQ: 0]: Resending DATA #0...
Google.Solutions.Compute Verbose: 0 : SshRelayStream [TX: 3 TXA: 0 RX: 1 AQ: 0]: Resending DATA #0...
Google.Solutions.Compute Verbose: 0 : SshRelayStream [TX: 3 TXA: 0 RX: 1 AQ: 0]: Resending DATA #0...
Google.Solutions.Compute Verbose: 0 : SshRelayStream [TX: 3 TXA: 0 RX: 1 AQ: 0]: Resending DATA #0...
Google.Solutions.Compute Verbose: 0 : SshRelayStream [TX: 3 TXA: 0 RX: 1 AQ: 0]: Resending DATA #0...
Google.Solutions.Compute Verbose: 0 : SshRelayStream [TX: 3 TXA: 0 RX: 1 AQ: 0]: Resending DATA #0...
Google.Solutions.Compute Verbose: 0 : SshRelayStream [TX: 3 TXA: 0 RX: 1 AQ: 0]: Resending DATA #0...
Google.Solutions.Compute Verbose: 0 : SshRelayStream [TX: 3 TXA: 0 RX: 1 AQ: 0]: Resending DATA #0...
Google.Solutions.Compute Verbose: 0 : SshRelayStream [TX: 3 TXA: 0 RX: 1 AQ: 0]: Resending DATA #0...
Google.Solutions.Compute Verbose: 0 : SshRelayStream [TX: 3 TXA: 0 RX: 1 AQ: 0]: Resending DATA #0...
Google.Solutions.Compute Verbose: 0 : SshRelayStream [TX: 3 TXA: 0 RX: 1 AQ: 0]: Resending DATA #0...
Google.Solutions.Compute Verbose: 0 : SshRelayStream [TX: 3 TXA: 0 RX: 1 AQ: 0]: Resending DATA #0...
Google.Solutions.Compute Verbose: 0 : SshRelayStream [TX: 3 TXA: 0 RX: 1 AQ: 0]: Resending DATA #0...
Google.Solutions.Compute Verbose: 0 : SshRelayStream [TX: 3 TXA: 0 RX: 1 AQ: 0]: Resending DATA #0...
Google.Solutions.Compute Verbose: 0 : SshRelayStream [TX: 3 TXA: 0 RX: 1 AQ: 0]: Resending DATA #0...
Google.Solutions.Compute Verbose: 0 : SshRelayStream [TX: 3 TXA: 0 RX: 1 AQ: 0]: Resending DATA #0...
Google.Solutions.Compute Verbose: 0 : SshRelayStream [TX: 3 TXA: 0 RX: 1 AQ: 0]: Resending DATA #0...
Google.Solutions.Compute Verbose: 0 : SshRelayStream [TX: 3 TXA: 0 RX: 1 AQ: 0]: Resending DATA #0...
Google.Solutions.Compute Verbose: 0 : SshRelayStream [TX: 3 TXA: 0 RX: 1 AQ: 0]: Resending DATA #0...
Google.Solutions.Compute Verbose: 0 : SshRelayStream [TX: 3 TXA: 0 RX: 1 AQ: 0]: Reconnected session &lt;\u0000&gt;
Google.Solutions.Compute Verbose: 0 : SshRelayStream [TX: 3 TXA: 0 RX: 1 AQ: 0]: Reconnected session &lt;\u0000&gt;
Google.Solutions.Compute Verbose: 0 : SshRelayStream [TX: 3 TXA: 0 RX: 1 AQ: 0]: Reconnected session &lt;\u0000&gt;
Google.Solutions.Compute Verbose: 0 : SshRelayStream [TX: 3 TXA: 0 RX: 1 AQ: 0]: Reconnected session &lt;\u0000&gt;
Google.Solutions.Compute Verbose: 0 : SshRelayStream [TX: 3 TXA: 0 RX: 1 AQ: 0]: Reconnected session &lt;\u0000&gt;
Google.Solutions.Compute Verbose: 0 : SshRelayStream [TX: 3 TXA: 0 RX: 1 AQ: 0]: Reconnected session &lt;\u0000&gt;
Google.Solutions.Compute Verbose: 0 : SshRelayStream [TX: 3 TXA: 0 RX: 1 AQ: 0]: Reconnected session &lt;\u0000&gt;
Google.Solutions.Compute Verbose: 0 : SshRelayStream [TX: 3 TXA: 0 RX: 1 AQ: 0]: Reconnected session &lt;\u0000&gt;
Google.Solutions.Compute Verbose: 0 : SshRelayStream [TX: 3 TXA: 0 RX: 1 AQ: 0]: Reconnected session &lt;\u0000&gt;
Google.Solutions.Compute Verbose: 0 : SshRelayStream [TX: 3 TXA: 0 RX: 1 AQ: 0]: Reconnected session &lt;\u0000&gt;
Google.Solutions.Compute Verbose: 0 : SshRelayStream [TX: 3 TXA: 0 RX: 1 AQ: 0]: Reconnected session &lt;\u0000&gt;
Google.Solutions.Compute Verbose: 0 : SshRelayStream [TX: 3 TXA: 0 RX: 1 AQ: 0]: Reconnected session &lt;\u0000&gt;
Google.Solutions.Compute Verbose: 0 : SshRelayStream [TX: 3 TXA: 0 RX: 1 AQ: 0]: Reconnected session &lt;\u0000&gt;
Google.Solutions.Compute Verbose: 0 : SshRelayStream [TX: 3 TXA: 0 RX: 1 AQ: 0]: Reconnected session &lt;\u0000&gt;
Google.Solutions.Compute Verbose: 0 : SshRelayStream [TX: 3 TXA: 0 RX: 1 AQ: 0]: Reconnected session &lt;\u0000&gt;
Google.Solutions.Compute Verbose: 0 : SshRelayStream [TX: 3 TXA: 0 RX: 1 AQ: 0]: Reconnected session &lt;\u0000&gt;
Google.Solutions.Compute Verbose: 0 : SshRelayStream [TX: 3 TXA: 0 RX: 1 AQ: 0]: Reconnected session &lt;\u0000&gt;
Google.Solutions.Compute Verbose: 0 : SshRelayStream [TX: 3 TXA: 0 RX: 1 AQ: 0]: Reconnected session &lt;\u0000&gt;
Google.Solutions.Compute Verbose: 0 : SshRelayStream [TX: 3 TXA: 0 RX: 1 AQ: 0]: Reconnected session &lt;\u0000&gt;
Google.Solutions.Compute Verbose: 0 : SshRelayStream [TX: 3 TXA: 0 RX: 1 AQ: 0]: Reconnected session &lt;\u0000&gt;
Google.Solutions.Compute Verbose: 0 : SshRelayStream [TX: 3 TXA: 0 RX: 1 AQ: 0]: Reconnected session &lt;\u0000&gt;
Google.Solutions.Compute Verbose: 0 : SshRelayStream [TX: 3 TXA: 0 RX: 1 AQ: 0]: Reconnected session &lt;\u0000&gt;
Google.Solutions.Compute Verbose: 0 : SshRelayStream [TX: 3 TXA: 0 RX: 1 AQ: 0]: Reconnected session &lt;\u0000&gt;
Google.Solutions.Compute Verbose: 0 : SshRelayStream [TX: 3 TXA: 0 RX: 1 AQ: 0]: Reconnected session &lt;\u0000&gt;
Google.Solutions.Compute Verbose: 0 : SshRelayStream [TX: 3 TXA: 0 RX: 1 AQ: 0]: Reconnected session &lt;\u0000&gt;
Google.Solutions.Compute Verbose: 0 : SshRelayStream [TX: 3 TXA: 0 RX: 1 AQ: 0]: Reconnected session &lt;\u0000&gt;
Google.Solutions.Compute Verbose: 0 : SshRelayStream [TX: 3 TXA: 0 RX: 1 AQ: 0]: Reconnected session &lt;\u0000&gt;
Google.Solutions.Compute Verbose: 0 : SshRelayStream [TX: 3 TXA: 0 RX: 1 AQ: 0]: Received data (1 bytes)
Google.Solutions.Compute Verbose: 0 : SshRelayStream [TX: 3 TXA: 0 RX: 1 AQ: 0]: Received data (1 bytes)
Google.Solutions.Compute Verbose: 0 : SshRelayStream [TX: 3 TXA: 0 RX: 1 AQ: 0]: Received data (1 bytes)
Google.Solutions.Compute Verbose: 0 : SshRelayStream [TX: 3 TXA: 0 RX: 1 AQ: 0]: Received data (1 bytes)
Google.Solutions.Compute Verbose: 0 : SshRelayStream [TX: 3 TXA: 0 RX: 1 AQ: 0]: Received data (1 bytes)
Google.Solutions.Compute Verbose: 0 : SshRelayStream [TX: 3 TXA: 0 RX: 1 AQ: 0]: Received data (1 bytes)
Google.Solutions.Compute Verbose: 0 : SshRelayStream [TX: 3 TXA: 0 RX: 1 AQ: 0]: Received data (1 bytes)
Google.Solutions.Compute Verbose: 0 : SshRelayStream [TX: 3 TXA: 0 RX: 1 AQ: 0]: Received data (1 bytes)
Google.Solutions.Compute Verbose: 0 : SshRelayStream [TX: 3 TXA: 0 RX: 1 AQ: 0]: Received data (1 bytes)
Google.Solutions.Compute Verbose: 0 : SshRelayStream [TX: 3 TXA: 0 RX: 1 AQ: 0]: Received data (1 bytes)
Google.Solutions.Compute Verbose: 0 : SshRelayStream [TX: 3 TXA: 0 RX: 1 AQ: 0]: Received data (1 bytes)
Google.Solutions.Compute Verbose: 0 : SshRelayStream [TX: 3 TXA: 0 RX: 1 AQ: 0]: Received data (1 bytes)
Google.Solutions.Compute Verbose: 0 : SshRelayStream [TX: 3 TXA: 0 RX: 1 AQ: 0]: Received data (1 bytes)
Google.Solutions.Compute Verbose: 0 : SshRelayStream [TX: 3 TXA: 0 RX: 1 AQ: 0]: Received data (1 bytes)
Google.Solutions.Compute Verbose: 0 : SshRelayStream [TX: 3 TXA: 0 RX: 1 AQ: 0]: Received data (1 bytes)
Google.Solutions.Compute Verbose: 0 : SshRelayStream [TX: 3 TXA: 0 RX: 1 AQ: 0]: Received data (1 bytes)
Google.Solutions.Compute Verbose: 0 : SshRelayStream [TX: 3 TXA: 0 RX: 1 AQ: 0]: Received data (1 bytes)
Google.Solutions.Compute Verbose: 0 : SshRelayStream [TX: 3 TXA: 0 RX: 1 AQ: 0]: Received data (1 bytes)
Google.Solutions.Compute Verbose: 0 : SshRelayStream [TX: 3 TXA: 0 RX: 1 AQ: 0]: Received data (1 bytes)
Google.Solutions.Compute Verbose: 0 : SshRelayStream [TX: 3 TXA: 0 RX: 1 AQ: 0]: Received data (1 bytes)
Google.Solutions.Compute Verbose: 0 : SshRelayStream [TX: 3 TXA: 0 RX: 1 AQ: 0]: Received data (1 bytes)
Google.Solutions.Compute Verbose: 0 : SshRelayStream [TX: 3 TXA: 0 RX: 1 AQ: 0]: Received data (1 bytes)
Google.Solutions.Compute Verbose: 0 : SshRelayStream [TX: 3 TXA: 0 RX: 1 AQ: 0]: Received data (1 bytes)
Google.Solutions.Compute Verbose: 0 : SshRelayStream [TX: 3 TXA: 0 RX: 1 AQ: 0]: Received data (1 bytes)
Google.Solutions.Compute Verbose: 0 : SshRelayStream [TX: 3 TXA: 0 RX: 1 AQ: 0]: Received data (1 bytes)
Google.Solutions.Compute Verbose: 0 : SshRelayStream [TX: 3 TXA: 0 RX: 1 AQ: 0]: Received data (1 bytes)
Google.Solutions.Compute Verbose: 0 : SshRelayStream [TX: 3 TXA: 0 RX: 1 AQ: 0]: Received data (1 bytes)
</system-out></testcase><testcase name="ReadAfterWriteAndForcefulServerCloseCausesReconnect(4000)" assertions="6" time="0.000896" status="Passed" classname="Google.Solutions.Compute.Test.Iap.TestSshRelayStreamReading"><system-out>Google.Solutions.Compute Verbose: 0 : SshRelayStream [TX: 0 TXA: 0 RX: 0 AQ: 0]: Connecting...
Google.Solutions.Compute Verbose: 0 : SshRelayStream [TX: 0 TXA: 0 RX: 0 AQ: 0]: Connecting...
Google.Solutions.Compute Verbose: 0 : SshRelayStream [TX: 0 TXA: 0 RX: 0 AQ: 0]: Connecting...
Google.Solutions.Compute Verbose: 0 : SshRelayStream [TX: 0 TXA: 0 RX: 0 AQ: 0]: Connecting...
Google.Solutions.Compute Verbose: 0 : SshRelayStream [TX: 0 TXA: 0 RX: 0 AQ: 0]: Connecting...
Google.Solutions.Compute Verbose: 0 : SshRelayStream [TX: 0 TXA: 0 RX: 0 AQ: 0]: Connecting...
Google.Solutions.Compute Verbose: 0 : SshRelayStream [TX: 0 TXA: 0 RX: 0 AQ: 0]: Connecting...
Google.Solutions.Compute Verbose: 0 : SshRelayStream [TX: 0 TXA: 0 RX: 0 AQ: 0]: Connecting...
Google.Solutions.Compute Verbose: 0 : SshRelayStream [TX: 0 TXA: 0 RX: 0 AQ: 0]: Connecting...
Google.Solutions.Compute Verbose: 0 : SshRelayStream [TX: 0 TXA: 0 RX: 0 AQ: 0]: Connecting...
Google.Solutions.Compute Verbose: 0 : SshRelayStream [TX: 0 TXA: 0 RX: 0 AQ: 0]: Connecting...
Google.Solutions.Compute Verbose: 0 : SshRelayStream [TX: 0 TXA: 0 RX: 0 AQ: 0]: Connecting...
Google.Solutions.Compute Verbose: 0 : SshRelayStream [TX: 0 TXA: 0 RX: 0 AQ: 0]: Connecting...
Google.Solutions.Compute Verbose: 0 : SshRelayStream [TX: 0 TXA: 0 RX: 0 AQ: 0]: Connecting...
Google.Solutions.Compute Verbose: 0 : SshRelayStream [TX: 0 TXA: 0 RX: 0 AQ: 0]: Connecting...
Google.Solutions.Compute Verbose: 0 : SshRelayStream [TX: 0 TXA: 0 RX: 0 AQ: 0]: Connecting...
Google.Solutions.Compute Verbose: 0 : SshRelayStream [TX: 0 TXA: 0 RX: 0 AQ: 0]: Connecting...
Google.Solutions.Compute Verbose: 0 : SshRelayStream [TX: 0 TXA: 0 RX: 0 AQ: 0]: Connecting...
Google.Solutions.Compute Verbose: 0 : SshRelayStream [TX: 0 TXA: 0 RX: 0 AQ: 0]: Connecting...
Google.Solutions.Compute Verbose: 0 : SshRelayStream [TX: 0 TXA: 0 RX: 0 AQ: 0]: Connecting...
Google.Solutions.Compute Verbose: 0 : SshRelayStream [TX: 0 TXA: 0 RX: 0 AQ: 0]: Connecting...
Google.Solutions.Compute Verbose: 0 : SshRelayStream [TX: 0 TXA: 0 RX: 0 AQ: 0]: Connecting...
Google.Solutions.Compute Verbose: 0 : SshRelayStream [TX: 0 TXA: 0 RX: 0 AQ: 0]: Connecting...
Google.Solutions.Compute Verbose: 0 : SshRelayStream [TX: 0 TXA: 0 RX: 0 AQ: 0]: Connecting...
Google.Solutions.Compute Verbose: 0 : SshRelayStream [TX: 0 TXA: 0 RX: 0 AQ: 0]: Connecting...
Google.Solutions.Compute Verbose: 0 : SshRelayStream [TX: 0 TXA: 0 RX: 0 AQ: 0]: Connecting...
Google.Solutions.Compute Verbose: 0 : SshRelayStream [TX: 0 TXA: 0 RX: 0 AQ: 0]: Connecting...
Google.Solutions.Compute Verbose: 0 : SshRelayStream [TX: 0 TXA: 0 RX: 0 AQ: 0]: Connecting...
Google.Solutions.Compute Verbose: 0 : SshRelayStream [TX: 0 TXA: 0 RX: 0 AQ: 0]: Sending DATA #0...
Google.Solutions.Compute Verbose: 0 : SshRelayStream [TX: 0 TXA: 0 RX: 0 AQ: 0]: Sending DATA #0...
Google.Solutions.Compute Verbose: 0 : SshRelayStream [TX: 0 TXA: 0 RX: 0 AQ: 0]: Sending DATA #0...
Google.Solutions.Compute Verbose: 0 : SshRelayStream [TX: 0 TXA: 0 RX: 0 AQ: 0]: Sending DATA #0...
Google.Solutions.Compute Verbose: 0 : SshRelayStream [TX: 0 TXA: 0 RX: 0 AQ: 0]: Sending DATA #0...
Google.Solutions.Compute Verbose: 0 : SshRelayStream [TX: 0 TXA: 0 RX: 0 AQ: 0]: Sending DATA #0...
Google.Solutions.Compute Verbose: 0 : SshRelayStream [TX: 0 TXA: 0 RX: 0 AQ: 0]: Sending DATA #0...
Google.Solutions.Compute Verbose: 0 : SshRelayStream [TX: 0 TXA: 0 RX: 0 AQ: 0]: Sending DATA #0...
Google.Solutions.Compute Verbose: 0 : SshRelayStream [TX: 0 TXA: 0 RX: 0 AQ: 0]: Sending DATA #0...
Google.Solutions.Compute Verbose: 0 : SshRelayStream [TX: 0 TXA: 0 RX: 0 AQ: 0]: Sending DATA #0...
Google.Solutions.Compute Verbose: 0 : SshRelayStream [TX: 0 TXA: 0 RX: 0 AQ: 0]: Sending DATA #0...
Google.Solutions.Compute Verbose: 0 : SshRelayStream [TX: 0 TXA: 0 RX: 0 AQ: 0]: Sending DATA #0...
Google.Solutions.Compute Verbose: 0 : SshRelayStream [TX: 0 TXA: 0 RX: 0 AQ: 0]: Sending DATA #0...
Google.Solutions.Compute Verbose: 0 : SshRelayStream [TX: 0 TXA: 0 RX: 0 AQ: 0]: Sending DATA #0...
Google.Solutions.Compute Verbose: 0 : SshRelayStream [TX: 0 TXA: 0 RX: 0 AQ: 0]: Sending DATA #0...
Google.Solutions.Compute Verbose: 0 : SshRelayStream [TX: 0 TXA: 0 RX: 0 AQ: 0]: Sending DATA #0...
Google.Solutions.Compute Verbose: 0 : SshRelayStream [TX: 0 TXA: 0 RX: 0 AQ: 0]: Sending DATA #0...
Google.Solutions.Compute Verbose: 0 : SshRelayStream [TX: 0 TXA: 0 RX: 0 AQ: 0]: Sending DATA #0...
Google.Solutions.Compute Verbose: 0 : SshRelayStream [TX: 0 TXA: 0 RX: 0 AQ: 0]: Sending DATA #0...
Google.Solutions.Compute Verbose: 0 : SshRelayStream [TX: 0 TXA: 0 RX: 0 AQ: 0]: Sending DATA #0...
Google.Solutions.Compute Verbose: 0 : SshRelayStream [TX: 0 TXA: 0 RX: 0 AQ: 0]: Sending DATA #0...
Google.Solutions.Compute Verbose: 0 : SshRelayStream [TX: 0 TXA: 0 RX: 0 AQ: 0]: Sending DATA #0...
Google.Solutions.Compute Verbose: 0 : SshRelayStream [TX: 0 TXA: 0 RX: 0 AQ: 0]: Sending DATA #0...
Google.Solutions.Compute Verbose: 0 : SshRelayStream [TX: 0 TXA: 0 RX: 0 AQ: 0]: Sending DATA #0...
Google.Solutions.Compute Verbose: 0 : SshRelayStream [TX: 0 TXA: 0 RX: 0 AQ: 0]: Sending DATA #0...
Google.Solutions.Compute Verbose: 0 : SshRelayStream [TX: 0 TXA: 0 RX: 0 AQ: 0]: Sending DATA #0...
Google.Solutions.Compute Verbose: 0 : SshRelayStream [TX: 0 TXA: 0 RX: 0 AQ: 0]: Sending DATA #0...
Google.Solutions.Compute Verbose: 0 : SshRelayStream [TX: 0 TXA: 0 RX: 0 AQ: 0]: Sending DATA #0...
Google.Solutions.Compute Verbose: 0 : SshRelayStream [TX: 3 TXA: 0 RX: 0 AQ: 1]: Connected session &lt;\u0000&gt;
Google.Solutions.Compute Verbose: 0 : SshRelayStream [TX: 3 TXA: 0 RX: 0 AQ: 1]: Connected session &lt;\u0000&gt;
Google.Solutions.Compute Verbose: 0 : SshRelayStream [TX: 3 TXA: 0 RX: 0 AQ: 1]: Connected session &lt;\u0000&gt;
Google.Solutions.Compute Verbose: 0 : SshRelayStream [TX: 3 TXA: 0 RX: 0 AQ: 1]: Connected session &lt;\u0000&gt;
Google.Solutions.Compute Verbose: 0 : SshRelayStream [TX: 3 TXA: 0 RX: 0 AQ: 1]: Connected session &lt;\u0000&gt;
Google.Solutions.Compute Verbose: 0 : SshRelayStream [TX: 3 TXA: 0 RX: 0 AQ: 1]: Connected session &lt;\u0000&gt;
Google.Solutions.Compute Verbose: 0 : SshRelayStream [TX: 3 TXA: 0 RX: 0 AQ: 1]: Connected session &lt;\u0000&gt;
Google.Solutions.Compute Verbose: 0 : SshRelayStream [TX: 3 TXA: 0 RX: 0 AQ: 1]: Connected session &lt;\u0000&gt;
Google.Solutions.Compute Verbose: 0 : SshRelayStream [TX: 3 TXA: 0 RX: 0 AQ: 1]: Connected session &lt;\u0000&gt;
Google.Solutions.Compute Verbose: 0 : SshRelayStream [TX: 3 TXA: 0 RX: 0 AQ: 1]: Connected session &lt;\u0000&gt;
Google.Solutions.Compute Verbose: 0 : SshRelayStream [TX: 3 TXA: 0 RX: 0 AQ: 1]: Connected session &lt;\u0000&gt;
Google.Solutions.Compute Verbose: 0 : SshRelayStream [TX: 3 TXA: 0 RX: 0 AQ: 1]: Connected session &lt;\u0000&gt;
Google.Solutions.Compute Verbose: 0 : SshRelayStream [TX: 3 TXA: 0 RX: 0 AQ: 1]: Connected session &lt;\u0000&gt;
Google.Solutions.Compute Verbose: 0 : SshRelayStream [TX: 3 TXA: 0 RX: 0 AQ: 1]: Connected session &lt;\u0000&gt;
Google.Solutions.Compute Verbose: 0 : SshRelayStream [TX: 3 TXA: 0 RX: 0 AQ: 1]: Connected session &lt;\u0000&gt;
Google.Solutions.Compute Verbose: 0 : SshRelayStream [TX: 3 TXA: 0 RX: 0 AQ: 1]: Connected session &lt;\u0000&gt;
Google.Solutions.Compute Verbose: 0 : SshRelayStream [TX: 3 TXA: 0 RX: 0 AQ: 1]: Connected session &lt;\u0000&gt;
Google.Solutions.Compute Verbose: 0 : SshRelayStream [TX: 3 TXA: 0 RX: 0 AQ: 1]: Connected session &lt;\u0000&gt;
Google.Solutions.Compute Verbose: 0 : SshRelayStream [TX: 3 TXA: 0 RX: 0 AQ: 1]: Connected session &lt;\u0000&gt;
Google.Solutions.Compute Verbose: 0 : SshRelayStream [TX: 3 TXA: 0 RX: 0 AQ: 1]: Connected session &lt;\u0000&gt;
Google.Solutions.Compute Verbose: 0 : SshRelayStream [TX: 3 TXA: 0 RX: 0 AQ: 1]: Connected session &lt;\u0000&gt;
Google.Solutions.Compute Verbose: 0 : SshRelayStream [TX: 3 TXA: 0 RX: 0 AQ: 1]: Connected session &lt;\u0000&gt;
Google.Solutions.Compute Verbose: 0 : SshRelayStream [TX: 3 TXA: 0 RX: 0 AQ: 1]: Connected session &lt;\u0000&gt;
Google.Solutions.Compute Verbose: 0 : SshRelayStream [TX: 3 TXA: 0 RX: 0 AQ: 1]: Connected session &lt;\u0000&gt;
Google.Solutions.Compute Verbose: 0 : SshRelayStream [TX: 3 TXA: 0 RX: 0 AQ: 1]: Connected session &lt;\u0000&gt;
Google.Solutions.Compute Verbose: 0 : SshRelayStream [TX: 3 TXA: 0 RX: 0 AQ: 1]: Connected session &lt;\u0000&gt;
Google.Solutions.Compute Verbose: 0 : SshRelayStream [TX: 3 TXA: 0 RX: 0 AQ: 1]: Connected session &lt;\u0000&gt;
Google.Solutions.Compute Verbose: 0 : SshRelayStream [TX: 3 TXA: 0 RX: 0 AQ: 1]: Connected session &lt;\u0000&gt;
Google.Solutions.Compute Verbose: 0 : SshRelayStream [TX: 3 TXA: 0 RX: 0 AQ: 1]: Received data (1 bytes)
Google.Solutions.Compute Verbose: 0 : SshRelayStream [TX: 3 TXA: 0 RX: 0 AQ: 1]: Received data (1 bytes)
Google.Solutions.Compute Verbose: 0 : SshRelayStream [TX: 3 TXA: 0 RX: 0 AQ: 1]: Received data (1 bytes)
Google.Solutions.Compute Verbose: 0 : SshRelayStream [TX: 3 TXA: 0 RX: 0 AQ: 1]: Received data (1 bytes)
Google.Solutions.Compute Verbose: 0 : SshRelayStream [TX: 3 TXA: 0 RX: 0 AQ: 1]: Received data (1 bytes)
Google.Solutions.Compute Verbose: 0 : SshRelayStream [TX: 3 TXA: 0 RX: 0 AQ: 1]: Received data (1 bytes)
Google.Solutions.Compute Verbose: 0 : SshRelayStream [TX: 3 TXA: 0 RX: 0 AQ: 1]: Received data (1 bytes)
Google.Solutions.Compute Verbose: 0 : SshRelayStream [TX: 3 TXA: 0 RX: 0 AQ: 1]: Received data (1 bytes)
Google.Solutions.Compute Verbose: 0 : SshRelayStream [TX: 3 TXA: 0 RX: 0 AQ: 1]: Received data (1 bytes)
Google.Solutions.Compute Verbose: 0 : SshRelayStream [TX: 3 TXA: 0 RX: 0 AQ: 1]: Received data (1 bytes)
Google.Solutions.Compute Verbose: 0 : SshRelayStream [TX: 3 TXA: 0 RX: 0 AQ: 1]: Received data (1 bytes)
Google.Solutions.Compute Verbose: 0 : SshRelayStream [TX: 3 TXA: 0 RX: 0 AQ: 1]: Received data (1 bytes)
Google.Solutions.Compute Verbose: 0 : SshRelayStream [TX: 3 TXA: 0 RX: 0 AQ: 1]: Received data (1 bytes)
Google.Solutions.Compute Verbose: 0 : SshRelayStream [TX: 3 TXA: 0 RX: 0 AQ: 1]: Received data (1 bytes)
Google.Solutions.Compute Verbose: 0 : SshRelayStream [TX: 3 TXA: 0 RX: 0 AQ: 1]: Received data (1 bytes)
Google.Solutions.Compute Verbose: 0 : SshRelayStream [TX: 3 TXA: 0 RX: 0 AQ: 1]: Received data (1 bytes)
Google.Solutions.Compute Verbose: 0 : SshRelayStream [TX: 3 TXA: 0 RX: 0 AQ: 1]: Received data (1 bytes)
Google.Solutions.Compute Verbose: 0 : SshRelayStream [TX: 3 TXA: 0 RX: 0 AQ: 1]: Received data (1 bytes)
Google.Solutions.Compute Verbose: 0 : SshRelayStream [TX: 3 TXA: 0 RX: 0 AQ: 1]: Received data (1 bytes)
Google.Solutions.Compute Verbose: 0 : SshRelayStream [TX: 3 TXA: 0 RX: 0 AQ: 1]: Received data (1 bytes)
Google.Solutions.Compute Verbose: 0 : SshRelayStream [TX: 3 TXA: 0 RX: 0 AQ: 1]: Received data (1 bytes)
Google.Solutions.Compute Verbose: 0 : SshRelayStream [TX: 3 TXA: 0 RX: 0 AQ: 1]: Received data (1 bytes)
Google.Solutions.Compute Verbose: 0 : SshRelayStream [TX: 3 TXA: 0 RX: 0 AQ: 1]: Received data (1 bytes)
Google.Solutions.Compute Verbose: 0 : SshRelayStream [TX: 3 TXA: 0 RX: 0 AQ: 1]: Received data (1 bytes)
Google.Solutions.Compute Verbose: 0 : SshRelayStream [TX: 3 TXA: 0 RX: 0 AQ: 1]: Received data (1 bytes)
Google.Solutions.Compute Verbose: 0 : SshRelayStream [TX: 3 TXA: 0 RX: 0 AQ: 1]: Received data (1 bytes)
Google.Solutions.Compute Verbose: 0 : SshRelayStream [TX: 3 TXA: 0 RX: 0 AQ: 1]: Received data (1 bytes)
Google.Solutions.Compute Verbose: 0 : SshRelayStream [TX: 3 TXA: 0 RX: 0 AQ: 1]: Received data (1 bytes)
Google.Solutions.Compute Verbose: 0 : SshRelayStream [TX: 3 TXA: 0 RX: 1 AQ: 1]: Connection closed abnormally: ERROR_UNKNOWN
Google.Solutions.Compute Verbose: 0 : SshRelayStream [TX: 3 TXA: 0 RX: 1 AQ: 1]: Connection closed abnormally: ERROR_UNKNOWN
Google.Solutions.Compute Verbose: 0 : SshRelayStream [TX: 3 TXA: 0 RX: 1 AQ: 1]: Connection closed abnormally: ERROR_UNKNOWN
Google.Solutions.Compute Verbose: 0 : SshRelayStream [TX: 3 TXA: 0 RX: 1 AQ: 1]: Connection closed abnormally: ERROR_UNKNOWN
Google.Solutions.Compute Verbose: 0 : SshRelayStream [TX: 3 TXA: 0 RX: 1 AQ: 1]: Connection closed abnormally: ERROR_UNKNOWN
Google.Solutions.Compute Verbose: 0 : SshRelayStream [TX: 3 TXA: 0 RX: 1 AQ: 1]: Connection closed abnormally: ERROR_UNKNOWN
Google.Solutions.Compute Verbose: 0 : SshRelayStream [TX: 3 TXA: 0 RX: 1 AQ: 1]: Connection closed abnormally: ERROR_UNKNOWN
Google.Solutions.Compute Verbose: 0 : SshRelayStream [TX: 3 TXA: 0 RX: 1 AQ: 1]: Connection closed abnormally: ERROR_UNKNOWN
Google.Solutions.Compute Verbose: 0 : SshRelayStream [TX: 3 TXA: 0 RX: 1 AQ: 1]: Connection closed abnormally: ERROR_UNKNOWN
Google.Solutions.Compute Verbose: 0 : SshRelayStream [TX: 3 TXA: 0 RX: 1 AQ: 1]: Connection closed abnormally: ERROR_UNKNOWN
Google.Solutions.Compute Verbose: 0 : SshRelayStream [TX: 3 TXA: 0 RX: 1 AQ: 1]: Connection closed abnormally: ERROR_UNKNOWN
Google.Solutions.Compute Verbose: 0 : SshRelayStream [TX: 3 TXA: 0 RX: 1 AQ: 1]: Connection closed abnormally: ERROR_UNKNOWN
Google.Solutions.Compute Verbose: 0 : SshRelayStream [TX: 3 TXA: 0 RX: 1 AQ: 1]: Connection closed abnormally: ERROR_UNKNOWN
Google.Solutions.Compute Verbose: 0 : SshRelayStream [TX: 3 TXA: 0 RX: 1 AQ: 1]: Connection closed abnormally: ERROR_UNKNOWN
Google.Solutions.Compute Verbose: 0 : SshRelayStream [TX: 3 TXA: 0 RX: 1 AQ: 1]: Connection closed abnormally: ERROR_UNKNOWN
Google.Solutions.Compute Verbose: 0 : SshRelayStream [TX: 3 TXA: 0 RX: 1 AQ: 1]: Connection closed abnormally: ERROR_UNKNOWN
Google.Solutions.Compute Verbose: 0 : SshRelayStream [TX: 3 TXA: 0 RX: 1 AQ: 1]: Connection closed abnormally: ERROR_UNKNOWN
Google.Solutions.Compute Verbose: 0 : SshRelayStream [TX: 3 TXA: 0 RX: 1 AQ: 1]: Connection closed abnormally: ERROR_UNKNOWN
Google.Solutions.Compute Verbose: 0 : SshRelayStream [TX: 3 TXA: 0 RX: 1 AQ: 1]: Connection closed abnormally: ERROR_UNKNOWN
Google.Solutions.Compute Verbose: 0 : SshRelayStream [TX: 3 TXA: 0 RX: 1 AQ: 1]: Connection closed abnormally: ERROR_UNKNOWN
Google.Solutions.Compute Verbose: 0 : SshRelayStream [TX: 3 TXA: 0 RX: 1 AQ: 1]: Connection closed abnormally: ERROR_UNKNOWN
Google.Solutions.Compute Verbose: 0 : SshRelayStream [TX: 3 TXA: 0 RX: 1 AQ: 1]: Connection closed abnormally: ERROR_UNKNOWN
Google.Solutions.Compute Verbose: 0 : SshRelayStream [TX: 3 TXA: 0 RX: 1 AQ: 1]: Connection closed abnormally: ERROR_UNKNOWN
Google.Solutions.Compute Verbose: 0 : SshRelayStream [TX: 3 TXA: 0 RX: 1 AQ: 1]: Connection closed abnormally: ERROR_UNKNOWN
Google.Solutions.Compute Verbose: 0 : SshRelayStream [TX: 3 TXA: 0 RX: 1 AQ: 1]: Connection closed abnormally: ERROR_UNKNOWN
Google.Solutions.Compute Verbose: 0 : SshRelayStream [TX: 3 TXA: 0 RX: 1 AQ: 1]: Connection closed abnormally: ERROR_UNKNOWN
Google.Solutions.Compute Verbose: 0 : SshRelayStream [TX: 3 TXA: 0 RX: 1 AQ: 1]: Connection closed abnormally: ERROR_UNKNOWN
Google.Solutions.Compute Verbose: 0 : SshRelayStream [TX: 3 TXA: 0 RX: 1 AQ: 1]: Connection closed abnormally: ERROR_UNKNOWN
Google.Solutions.Compute Verbose: 0 : SshRelayStream [TX: 3 TXA: 0 RX: 1 AQ: 1]: Disconnecting, preparing to reconnect
Google.Solutions.Compute Verbose: 0 : SshRelayStream [TX: 3 TXA: 0 RX: 1 AQ: 1]: Disconnecting, preparing to reconnect
Google.Solutions.Compute Verbose: 0 : SshRelayStream [TX: 3 TXA: 0 RX: 1 AQ: 1]: Disconnecting, preparing to reconnect
Google.Solutions.Compute Verbose: 0 : SshRelayStream [TX: 3 TXA: 0 RX: 1 AQ: 1]: Disconnecting, preparing to reconnect
Google.Solutions.Compute Verbose: 0 : SshRelayStream [TX: 3 TXA: 0 RX: 1 AQ: 1]: Disconnecting, preparing to reconnect
Google.Solutions.Compute Verbose: 0 : SshRelayStream [TX: 3 TXA: 0 RX: 1 AQ: 1]: Disconnecting, preparing to reconnect
Google.Solutions.Compute Verbose: 0 : SshRelayStream [TX: 3 TXA: 0 RX: 1 AQ: 1]: Disconnecting, preparing to reconnect
Google.Solutions.Compute Verbose: 0 : SshRelayStream [TX: 3 TXA: 0 RX: 1 AQ: 1]: Disconnecting, preparing to reconnect
Google.Solutions.Compute Verbose: 0 : SshRelayStream [TX: 3 TXA: 0 RX: 1 AQ: 1]: Disconnecting, preparing to reconnect
Google.Solutions.Compute Verbose: 0 : SshRelayStream [TX: 3 TXA: 0 RX: 1 AQ: 1]: Disconnecting, preparing to reconnect
Google.Solutions.Compute Verbose: 0 : SshRelayStream [TX: 3 TXA: 0 RX: 1 AQ: 1]: Disconnecting, preparing to reconnect
Google.Solutions.Compute Verbose: 0 : SshRelayStream [TX: 3 TXA: 0 RX: 1 AQ: 1]: Disconnecting, preparing to reconnect
Google.Solutions.Compute Verbose: 0 : SshRelayStream [TX: 3 TXA: 0 RX: 1 AQ: 1]: Disconnecting, preparing to reconnect
Google.Solutions.Compute Verbose: 0 : SshRelayStream [TX: 3 TXA: 0 RX: 1 AQ: 1]: Disconnecting, preparing to reconnect
Google.Solutions.Compute Verbose: 0 : SshRelayStream [TX: 3 TXA: 0 RX: 1 AQ: 1]: Disconnecting, preparing to reconnect
Google.Solutions.Compute Verbose: 0 : SshRelayStream [TX: 3 TXA: 0 RX: 1 AQ: 1]: Disconnecting, preparing to reconnect
Google.Solutions.Compute Verbose: 0 : SshRelayStream [TX: 3 TXA: 0 RX: 1 AQ: 1]: Disconnecting, preparing to reconnect
Google.Solutions.Compute Verbose: 0 : SshRelayStream [TX: 3 TXA: 0 RX: 1 AQ: 1]: Disconnecting, preparing to reconnect
Google.Solutions.Compute Verbose: 0 : SshRelayStream [TX: 3 TXA: 0 RX: 1 AQ: 1]: Disconnecting, preparing to reconnect
Google.Solutions.Compute Verbose: 0 : SshRelayStream [TX: 3 TXA: 0 RX: 1 AQ: 1]: Disconnecting, preparing to reconnect
Google.Solutions.Compute Verbose: 0 : SshRelayStream [TX: 3 TXA: 0 RX: 1 AQ: 1]: Disconnecting, preparing to reconnect
Google.Solutions.Compute Verbose: 0 : SshRelayStream [TX: 3 TXA: 0 RX: 1 AQ: 1]: Disconnecting, preparing to reconnect
Google.Solutions.Compute Verbose: 0 : SshRelayStream [TX: 3 TXA: 0 RX: 1 AQ: 1]: Disconnecting, preparing to reconnect
Google.Solutions.Compute Verbose: 0 : SshRelayStream [TX: 3 TXA: 0 RX: 1 AQ: 1]: Disconnecting, preparing to reconnect
Google.Solutions.Compute Verbose: 0 : SshRelayStream [TX: 3 TXA: 0 RX: 1 AQ: 1]: Disconnecting, preparing to reconnect
Google.Solutions.Compute Verbose: 0 : SshRelayStream [TX: 3 TXA: 0 RX: 1 AQ: 1]: Disconnecting, preparing to reconnect
Google.Solutions.Compute Verbose: 0 : SshRelayStream [TX: 3 TXA: 0 RX: 1 AQ: 1]: Disconnecting, preparing to reconnect
Google.Solutions.Compute Verbose: 0 : SshRelayStream [TX: 3 TXA: 0 RX: 1 AQ: 1]: Disconnecting, preparing to reconnect
Google.Solutions.Compute Verbose: 0 : SshRelayStream [TX: 3 TXA: 0 RX: 1 AQ: 1]: Disonnected.
Google.Solutions.Compute Verbose: 0 : SshRelayStream [TX: 3 TXA: 0 RX: 1 AQ: 1]: Disonnected.
Google.Solutions.Compute Verbose: 0 : SshRelayStream [TX: 3 TXA: 0 RX: 1 AQ: 1]: Disonnected.
Google.Solutions.Compute Verbose: 0 : SshRelayStream [TX: 3 TXA: 0 RX: 1 AQ: 1]: Disonnected.
Google.Solutions.Compute Verbose: 0 : SshRelayStream [TX: 3 TXA: 0 RX: 1 AQ: 1]: Disonnected.
Google.Solutions.Compute Verbose: 0 : SshRelayStream [TX: 3 TXA: 0 RX: 1 AQ: 1]: Disonnected.
Google.Solutions.Compute Verbose: 0 : SshRelayStream [TX: 3 TXA: 0 RX: 1 AQ: 1]: Disonnected.
Google.Solutions.Compute Verbose: 0 : SshRelayStream [TX: 3 TXA: 0 RX: 1 AQ: 1]: Disonnected.
Google.Solutions.Compute Verbose: 0 : SshRelayStream [TX: 3 TXA: 0 RX: 1 AQ: 1]: Disonnected.
Google.Solutions.Compute Verbose: 0 : SshRelayStream [TX: 3 TXA: 0 RX: 1 AQ: 1]: Disonnected.
Google.Solutions.Compute Verbose: 0 : SshRelayStream [TX: 3 TXA: 0 RX: 1 AQ: 1]: Disonnected.
Google.Solutions.Compute Verbose: 0 : SshRelayStream [TX: 3 TXA: 0 RX: 1 AQ: 1]: Disonnected.
Google.Solutions.Compute Verbose: 0 : SshRelayStream [TX: 3 TXA: 0 RX: 1 AQ: 1]: Disonnected.
Google.Solutions.Compute Verbose: 0 : SshRelayStream [TX: 3 TXA: 0 RX: 1 AQ: 1]: Disonnected.
Google.Solutions.Compute Verbose: 0 : SshRelayStream [TX: 3 TXA: 0 RX: 1 AQ: 1]: Disonnected.
Google.Solutions.Compute Verbose: 0 : SshRelayStream [TX: 3 TXA: 0 RX: 1 AQ: 1]: Disonnected.
Google.Solutions.Compute Verbose: 0 : SshRelayStream [TX: 3 TXA: 0 RX: 1 AQ: 1]: Disonnected.
Google.Solutions.Compute Verbose: 0 : SshRelayStream [TX: 3 TXA: 0 RX: 1 AQ: 1]: Disonnected.
Google.Solutions.Compute Verbose: 0 : SshRelayStream [TX: 3 TXA: 0 RX: 1 AQ: 1]: Disonnected.
Google.Solutions.Compute Verbose: 0 : SshRelayStream [TX: 3 TXA: 0 RX: 1 AQ: 1]: Disonnected.
Google.Solutions.Compute Verbose: 0 : SshRelayStream [TX: 3 TXA: 0 RX: 1 AQ: 1]: Disonnected.
Google.Solutions.Compute Verbose: 0 : SshRelayStream [TX: 3 TXA: 0 RX: 1 AQ: 1]: Disonnected.
Google.Solutions.Compute Verbose: 0 : SshRelayStream [TX: 3 TXA: 0 RX: 1 AQ: 1]: Disonnected.
Google.Solutions.Compute Verbose: 0 : SshRelayStream [TX: 3 TXA: 0 RX: 1 AQ: 1]: Disonnected.
Google.Solutions.Compute Verbose: 0 : SshRelayStream [TX: 3 TXA: 0 RX: 1 AQ: 1]: Disonnected.
Google.Solutions.Compute Verbose: 0 : SshRelayStream [TX: 3 TXA: 0 RX: 1 AQ: 1]: Disonnected.
Google.Solutions.Compute Verbose: 0 : SshRelayStream [TX: 3 TXA: 0 RX: 1 AQ: 1]: Disonnected.
Google.Solutions.Compute Verbose: 0 : SshRelayStream [TX: 3 TXA: 0 RX: 1 AQ: 1]: Disonnected.
Google.Solutions.Compute Verbose: 0 : SshRelayStream [TX: 3 TXA: 0 RX: 1 AQ: 1]: Reconnecting...
Google.Solutions.Compute Verbose: 0 : SshRelayStream [TX: 3 TXA: 0 RX: 1 AQ: 1]: Reconnecting...
Google.Solutions.Compute Verbose: 0 : SshRelayStream [TX: 3 TXA: 0 RX: 1 AQ: 1]: Reconnecting...
Google.Solutions.Compute Verbose: 0 : SshRelayStream [TX: 3 TXA: 0 RX: 1 AQ: 1]: Reconnecting...
Google.Solutions.Compute Verbose: 0 : SshRelayStream [TX: 3 TXA: 0 RX: 1 AQ: 1]: Reconnecting...
Google.Solutions.Compute Verbose: 0 : SshRelayStream [TX: 3 TXA: 0 RX: 1 AQ: 1]: Reconnecting...
Google.Solutions.Compute Verbose: 0 : SshRelayStream [TX: 3 TXA: 0 RX: 1 AQ: 1]: Reconnecting...
Google.Solutions.Compute Verbose: 0 : SshRelayStream [TX: 3 TXA: 0 RX: 1 AQ: 1]: Reconnecting...
Google.Solutions.Compute Verbose: 0 : SshRelayStream [TX: 3 TXA: 0 RX: 1 AQ: 1]: Reconnecting...
Google.Solutions.Compute Verbose: 0 : SshRelayStream [TX: 3 TXA: 0 RX: 1 AQ: 1]: Reconnecting...
Google.Solutions.Compute Verbose: 0 : SshRelayStream [TX: 3 TXA: 0 RX: 1 AQ: 1]: Reconnecting...
Google.Solutions.Compute Verbose: 0 : SshRelayStream [TX: 3 TXA: 0 RX: 1 AQ: 1]: Reconnecting...
Google.Solutions.Compute Verbose: 0 : SshRelayStream [TX: 3 TXA: 0 RX: 1 AQ: 1]: Reconnecting...
Google.Solutions.Compute Verbose: 0 : SshRelayStream [TX: 3 TXA: 0 RX: 1 AQ: 1]: Reconnecting...
Google.Solutions.Compute Verbose: 0 : SshRelayStream [TX: 3 TXA: 0 RX: 1 AQ: 1]: Reconnecting...
Google.Solutions.Compute Verbose: 0 : SshRelayStream [TX: 3 TXA: 0 RX: 1 AQ: 1]: Reconnecting...
Google.Solutions.Compute Verbose: 0 : SshRelayStream [TX: 3 TXA: 0 RX: 1 AQ: 1]: Reconnecting...
Google.Solutions.Compute Verbose: 0 : SshRelayStream [TX: 3 TXA: 0 RX: 1 AQ: 1]: Reconnecting...
Google.Solutions.Compute Verbose: 0 : SshRelayStream [TX: 3 TXA: 0 RX: 1 AQ: 1]: Reconnecting...
Google.Solutions.Compute Verbose: 0 : SshRelayStream [TX: 3 TXA: 0 RX: 1 AQ: 1]: Reconnecting...
Google.Solutions.Compute Verbose: 0 : SshRelayStream [TX: 3 TXA: 0 RX: 1 AQ: 1]: Reconnecting...
Google.Solutions.Compute Verbose: 0 : SshRelayStream [TX: 3 TXA: 0 RX: 1 AQ: 1]: Reconnecting...
Google.Solutions.Compute Verbose: 0 : SshRelayStream [TX: 3 TXA: 0 RX: 1 AQ: 1]: Reconnecting...
Google.Solutions.Compute Verbose: 0 : SshRelayStream [TX: 3 TXA: 0 RX: 1 AQ: 1]: Reconnecting...
Google.Solutions.Compute Verbose: 0 : SshRelayStream [TX: 3 TXA: 0 RX: 1 AQ: 1]: Reconnecting...
Google.Solutions.Compute Verbose: 0 : SshRelayStream [TX: 3 TXA: 0 RX: 1 AQ: 1]: Reconnecting...
Google.Solutions.Compute Verbose: 0 : SshRelayStream [TX: 3 TXA: 0 RX: 1 AQ: 1]: Reconnecting...
Google.Solutions.Compute Verbose: 0 : SshRelayStream [TX: 3 TXA: 0 RX: 1 AQ: 1]: Reconnecting...
Google.Solutions.Compute Verbose: 0 : SshRelayStream [TX: 3 TXA: 0 RX: 1 AQ: 0]: Resending DATA #0...
Google.Solutions.Compute Verbose: 0 : SshRelayStream [TX: 3 TXA: 0 RX: 1 AQ: 0]: Resending DATA #0...
Google.Solutions.Compute Verbose: 0 : SshRelayStream [TX: 3 TXA: 0 RX: 1 AQ: 0]: Resending DATA #0...
Google.Solutions.Compute Verbose: 0 : SshRelayStream [TX: 3 TXA: 0 RX: 1 AQ: 0]: Resending DATA #0...
Google.Solutions.Compute Verbose: 0 : SshRelayStream [TX: 3 TXA: 0 RX: 1 AQ: 0]: Resending DATA #0...
Google.Solutions.Compute Verbose: 0 : SshRelayStream [TX: 3 TXA: 0 RX: 1 AQ: 0]: Resending DATA #0...
Google.Solutions.Compute Verbose: 0 : SshRelayStream [TX: 3 TXA: 0 RX: 1 AQ: 0]: Resending DATA #0...
Google.Solutions.Compute Verbose: 0 : SshRelayStream [TX: 3 TXA: 0 RX: 1 AQ: 0]: Resending DATA #0...
Google.Solutions.Compute Verbose: 0 : SshRelayStream [TX: 3 TXA: 0 RX: 1 AQ: 0]: Resending DATA #0...
Google.Solutions.Compute Verbose: 0 : SshRelayStream [TX: 3 TXA: 0 RX: 1 AQ: 0]: Resending DATA #0...
Google.Solutions.Compute Verbose: 0 : SshRelayStream [TX: 3 TXA: 0 RX: 1 AQ: 0]: Resending DATA #0...
Google.Solutions.Compute Verbose: 0 : SshRelayStream [TX: 3 TXA: 0 RX: 1 AQ: 0]: Resending DATA #0...
Google.Solutions.Compute Verbose: 0 : SshRelayStream [TX: 3 TXA: 0 RX: 1 AQ: 0]: Resending DATA #0...
Google.Solutions.Compute Verbose: 0 : SshRelayStream [TX: 3 TXA: 0 RX: 1 AQ: 0]: Resending DATA #0...
Google.Solutions.Compute Verbose: 0 : SshRelayStream [TX: 3 TXA: 0 RX: 1 AQ: 0]: Resending DATA #0...
Google.Solutions.Compute Verbose: 0 : SshRelayStream [TX: 3 TXA: 0 RX: 1 AQ: 0]: Resending DATA #0...
Google.Solutions.Compute Verbose: 0 : SshRelayStream [TX: 3 TXA: 0 RX: 1 AQ: 0]: Resending DATA #0...
Google.Solutions.Compute Verbose: 0 : SshRelayStream [TX: 3 TXA: 0 RX: 1 AQ: 0]: Resending DATA #0...
Google.Solutions.Compute Verbose: 0 : SshRelayStream [TX: 3 TXA: 0 RX: 1 AQ: 0]: Resending DATA #0...
Google.Solutions.Compute Verbose: 0 : SshRelayStream [TX: 3 TXA: 0 RX: 1 AQ: 0]: Resending DATA #0...
Google.Solutions.Compute Verbose: 0 : SshRelayStream [TX: 3 TXA: 0 RX: 1 AQ: 0]: Resending DATA #0...
Google.Solutions.Compute Verbose: 0 : SshRelayStream [TX: 3 TXA: 0 RX: 1 AQ: 0]: Resending DATA #0...
Google.Solutions.Compute Verbose: 0 : SshRelayStream [TX: 3 TXA: 0 RX: 1 AQ: 0]: Resending DATA #0...
Google.Solutions.Compute Verbose: 0 : SshRelayStream [TX: 3 TXA: 0 RX: 1 AQ: 0]: Resending DATA #0...
Google.Solutions.Compute Verbose: 0 : SshRelayStream [TX: 3 TXA: 0 RX: 1 AQ: 0]: Resending DATA #0...
Google.Solutions.Compute Verbose: 0 : SshRelayStream [TX: 3 TXA: 0 RX: 1 AQ: 0]: Resending DATA #0...
Google.Solutions.Compute Verbose: 0 : SshRelayStream [TX: 3 TXA: 0 RX: 1 AQ: 0]: Resending DATA #0...
Google.Solutions.Compute Verbose: 0 : SshRelayStream [TX: 3 TXA: 0 RX: 1 AQ: 0]: Resending DATA #0...
Google.Solutions.Compute Verbose: 0 : SshRelayStream [TX: 3 TXA: 0 RX: 1 AQ: 0]: Reconnected session &lt;\u0000&gt;
Google.Solutions.Compute Verbose: 0 : SshRelayStream [TX: 3 TXA: 0 RX: 1 AQ: 0]: Reconnected session &lt;\u0000&gt;
Google.Solutions.Compute Verbose: 0 : SshRelayStream [TX: 3 TXA: 0 RX: 1 AQ: 0]: Reconnected session &lt;\u0000&gt;
Google.Solutions.Compute Verbose: 0 : SshRelayStream [TX: 3 TXA: 0 RX: 1 AQ: 0]: Reconnected session &lt;\u0000&gt;
Google.Solutions.Compute Verbose: 0 : SshRelayStream [TX: 3 TXA: 0 RX: 1 AQ: 0]: Reconnected session &lt;\u0000&gt;
Google.Solutions.Compute Verbose: 0 : SshRelayStream [TX: 3 TXA: 0 RX: 1 AQ: 0]: Reconnected session &lt;\u0000&gt;
Google.Solutions.Compute Verbose: 0 : SshRelayStream [TX: 3 TXA: 0 RX: 1 AQ: 0]: Reconnected session &lt;\u0000&gt;
Google.Solutions.Compute Verbose: 0 : SshRelayStream [TX: 3 TXA: 0 RX: 1 AQ: 0]: Reconnected session &lt;\u0000&gt;
Google.Solutions.Compute Verbose: 0 : SshRelayStream [TX: 3 TXA: 0 RX: 1 AQ: 0]: Reconnected session &lt;\u0000&gt;
Google.Solutions.Compute Verbose: 0 : SshRelayStream [TX: 3 TXA: 0 RX: 1 AQ: 0]: Reconnected session &lt;\u0000&gt;
Google.Solutions.Compute Verbose: 0 : SshRelayStream [TX: 3 TXA: 0 RX: 1 AQ: 0]: Reconnected session &lt;\u0000&gt;
Google.Solutions.Compute Verbose: 0 : SshRelayStream [TX: 3 TXA: 0 RX: 1 AQ: 0]: Reconnected session &lt;\u0000&gt;
Google.Solutions.Compute Verbose: 0 : SshRelayStream [TX: 3 TXA: 0 RX: 1 AQ: 0]: Reconnected session &lt;\u0000&gt;
Google.Solutions.Compute Verbose: 0 : SshRelayStream [TX: 3 TXA: 0 RX: 1 AQ: 0]: Reconnected session &lt;\u0000&gt;
Google.Solutions.Compute Verbose: 0 : SshRelayStream [TX: 3 TXA: 0 RX: 1 AQ: 0]: Reconnected session &lt;\u0000&gt;
Google.Solutions.Compute Verbose: 0 : SshRelayStream [TX: 3 TXA: 0 RX: 1 AQ: 0]: Reconnected session &lt;\u0000&gt;
Google.Solutions.Compute Verbose: 0 : SshRelayStream [TX: 3 TXA: 0 RX: 1 AQ: 0]: Reconnected session &lt;\u0000&gt;
Google.Solutions.Compute Verbose: 0 : SshRelayStream [TX: 3 TXA: 0 RX: 1 AQ: 0]: Reconnected session &lt;\u0000&gt;
Google.Solutions.Compute Verbose: 0 : SshRelayStream [TX: 3 TXA: 0 RX: 1 AQ: 0]: Reconnected session &lt;\u0000&gt;
Google.Solutions.Compute Verbose: 0 : SshRelayStream [TX: 3 TXA: 0 RX: 1 AQ: 0]: Reconnected session &lt;\u0000&gt;
Google.Solutions.Compute Verbose: 0 : SshRelayStream [TX: 3 TXA: 0 RX: 1 AQ: 0]: Reconnected session &lt;\u0000&gt;
Google.Solutions.Compute Verbose: 0 : SshRelayStream [TX: 3 TXA: 0 RX: 1 AQ: 0]: Reconnected session &lt;\u0000&gt;
Google.Solutions.Compute Verbose: 0 : SshRelayStream [TX: 3 TXA: 0 RX: 1 AQ: 0]: Reconnected session &lt;\u0000&gt;
Google.Solutions.Compute Verbose: 0 : SshRelayStream [TX: 3 TXA: 0 RX: 1 AQ: 0]: Reconnected session &lt;\u0000&gt;
Google.Solutions.Compute Verbose: 0 : SshRelayStream [TX: 3 TXA: 0 RX: 1 AQ: 0]: Reconnected session &lt;\u0000&gt;
Google.Solutions.Compute Verbose: 0 : SshRelayStream [TX: 3 TXA: 0 RX: 1 AQ: 0]: Reconnected session &lt;\u0000&gt;
Google.Solutions.Compute Verbose: 0 : SshRelayStream [TX: 3 TXA: 0 RX: 1 AQ: 0]: Reconnected session &lt;\u0000&gt;
Google.Solutions.Compute Verbose: 0 : SshRelayStream [TX: 3 TXA: 0 RX: 1 AQ: 0]: Reconnected session &lt;\u0000&gt;
Google.Solutions.Compute Verbose: 0 : SshRelayStream [TX: 3 TXA: 0 RX: 1 AQ: 0]: Received data (1 bytes)
Google.Solutions.Compute Verbose: 0 : SshRelayStream [TX: 3 TXA: 0 RX: 1 AQ: 0]: Received data (1 bytes)
Google.Solutions.Compute Verbose: 0 : SshRelayStream [TX: 3 TXA: 0 RX: 1 AQ: 0]: Received data (1 bytes)
Google.Solutions.Compute Verbose: 0 : SshRelayStream [TX: 3 TXA: 0 RX: 1 AQ: 0]: Received data (1 bytes)
Google.Solutions.Compute Verbose: 0 : SshRelayStream [TX: 3 TXA: 0 RX: 1 AQ: 0]: Received data (1 bytes)
Google.Solutions.Compute Verbose: 0 : SshRelayStream [TX: 3 TXA: 0 RX: 1 AQ: 0]: Received data (1 bytes)
Google.Solutions.Compute Verbose: 0 : SshRelayStream [TX: 3 TXA: 0 RX: 1 AQ: 0]: Received data (1 bytes)
Google.Solutions.Compute Verbose: 0 : SshRelayStream [TX: 3 TXA: 0 RX: 1 AQ: 0]: Received data (1 bytes)
Google.Solutions.Compute Verbose: 0 : SshRelayStream [TX: 3 TXA: 0 RX: 1 AQ: 0]: Received data (1 bytes)
Google.Solutions.Compute Verbose: 0 : SshRelayStream [TX: 3 TXA: 0 RX: 1 AQ: 0]: Received data (1 bytes)
Google.Solutions.Compute Verbose: 0 : SshRelayStream [TX: 3 TXA: 0 RX: 1 AQ: 0]: Received data (1 bytes)
Google.Solutions.Compute Verbose: 0 : SshRelayStream [TX: 3 TXA: 0 RX: 1 AQ: 0]: Received data (1 bytes)
Google.Solutions.Compute Verbose: 0 : SshRelayStream [TX: 3 TXA: 0 RX: 1 AQ: 0]: Received data (1 bytes)
Google.Solutions.Compute Verbose: 0 : SshRelayStream [TX: 3 TXA: 0 RX: 1 AQ: 0]: Received data (1 bytes)
Google.Solutions.Compute Verbose: 0 : SshRelayStream [TX: 3 TXA: 0 RX: 1 AQ: 0]: Received data (1 bytes)
Google.Solutions.Compute Verbose: 0 : SshRelayStream [TX: 3 TXA: 0 RX: 1 AQ: 0]: Received data (1 bytes)
Google.Solutions.Compute Verbose: 0 : SshRelayStream [TX: 3 TXA: 0 RX: 1 AQ: 0]: Received data (1 bytes)
Google.Solutions.Compute Verbose: 0 : SshRelayStream [TX: 3 TXA: 0 RX: 1 AQ: 0]: Received data (1 bytes)
Google.Solutions.Compute Verbose: 0 : SshRelayStream [TX: 3 TXA: 0 RX: 1 AQ: 0]: Received data (1 bytes)
Google.Solutions.Compute Verbose: 0 : SshRelayStream [TX: 3 TXA: 0 RX: 1 AQ: 0]: Received data (1 bytes)
Google.Solutions.Compute Verbose: 0 : SshRelayStream [TX: 3 TXA: 0 RX: 1 AQ: 0]: Received data (1 bytes)
Google.Solutions.Compute Verbose: 0 : SshRelayStream [TX: 3 TXA: 0 RX: 1 AQ: 0]: Received data (1 bytes)
Google.Solutions.Compute Verbose: 0 : SshRelayStream [TX: 3 TXA: 0 RX: 1 AQ: 0]: Received data (1 bytes)
Google.Solutions.Compute Verbose: 0 : SshRelayStream [TX: 3 TXA: 0 RX: 1 AQ: 0]: Received data (1 bytes)
Google.Solutions.Compute Verbose: 0 : SshRelayStream [TX: 3 TXA: 0 RX: 1 AQ: 0]: Received data (1 bytes)
Google.Solutions.Compute Verbose: 0 : SshRelayStream [TX: 3 TXA: 0 RX: 1 AQ: 0]: Received data (1 bytes)
Google.Solutions.Compute Verbose: 0 : SshRelayStream [TX: 3 TXA: 0 RX: 1 AQ: 0]: Received data (1 bytes)
Google.Solutions.Compute Verbose: 0 : SshRelayStream [TX: 3 TXA: 0 RX: 1 AQ: 0]: Received data (1 bytes)
</system-out></testcase><testcase name="ReadAfterWriteAndForcefulServerCloseCausesReconnect(4008)" assertions="6" time="0.000896" status="Passed" classname="Google.Solutions.Compute.Test.Iap.TestSshRelayStreamReading"><system-out>Google.Solutions.Compute Verbose: 0 : SshRelayStream [TX: 0 TXA: 0 RX: 0 AQ: 0]: Connecting...
Google.Solutions.Compute Verbose: 0 : SshRelayStream [TX: 0 TXA: 0 RX: 0 AQ: 0]: Connecting...
Google.Solutions.Compute Verbose: 0 : SshRelayStream [TX: 0 TXA: 0 RX: 0 AQ: 0]: Connecting...
Google.Solutions.Compute Verbose: 0 : SshRelayStream [TX: 0 TXA: 0 RX: 0 AQ: 0]: Connecting...
Google.Solutions.Compute Verbose: 0 : SshRelayStream [TX: 0 TXA: 0 RX: 0 AQ: 0]: Connecting...
Google.Solutions.Compute Verbose: 0 : SshRelayStream [TX: 0 TXA: 0 RX: 0 AQ: 0]: Connecting...
Google.Solutions.Compute Verbose: 0 : SshRelayStream [TX: 0 TXA: 0 RX: 0 AQ: 0]: Connecting...
Google.Solutions.Compute Verbose: 0 : SshRelayStream [TX: 0 TXA: 0 RX: 0 AQ: 0]: Connecting...
Google.Solutions.Compute Verbose: 0 : SshRelayStream [TX: 0 TXA: 0 RX: 0 AQ: 0]: Connecting...
Google.Solutions.Compute Verbose: 0 : SshRelayStream [TX: 0 TXA: 0 RX: 0 AQ: 0]: Connecting...
Google.Solutions.Compute Verbose: 0 : SshRelayStream [TX: 0 TXA: 0 RX: 0 AQ: 0]: Connecting...
Google.Solutions.Compute Verbose: 0 : SshRelayStream [TX: 0 TXA: 0 RX: 0 AQ: 0]: Connecting...
Google.Solutions.Compute Verbose: 0 : SshRelayStream [TX: 0 TXA: 0 RX: 0 AQ: 0]: Connecting...
Google.Solutions.Compute Verbose: 0 : SshRelayStream [TX: 0 TXA: 0 RX: 0 AQ: 0]: Connecting...
Google.Solutions.Compute Verbose: 0 : SshRelayStream [TX: 0 TXA: 0 RX: 0 AQ: 0]: Connecting...
Google.Solutions.Compute Verbose: 0 : SshRelayStream [TX: 0 TXA: 0 RX: 0 AQ: 0]: Connecting...
Google.Solutions.Compute Verbose: 0 : SshRelayStream [TX: 0 TXA: 0 RX: 0 AQ: 0]: Connecting...
Google.Solutions.Compute Verbose: 0 : SshRelayStream [TX: 0 TXA: 0 RX: 0 AQ: 0]: Connecting...
Google.Solutions.Compute Verbose: 0 : SshRelayStream [TX: 0 TXA: 0 RX: 0 AQ: 0]: Connecting...
Google.Solutions.Compute Verbose: 0 : SshRelayStream [TX: 0 TXA: 0 RX: 0 AQ: 0]: Connecting...
Google.Solutions.Compute Verbose: 0 : SshRelayStream [TX: 0 TXA: 0 RX: 0 AQ: 0]: Connecting...
Google.Solutions.Compute Verbose: 0 : SshRelayStream [TX: 0 TXA: 0 RX: 0 AQ: 0]: Connecting...
Google.Solutions.Compute Verbose: 0 : SshRelayStream [TX: 0 TXA: 0 RX: 0 AQ: 0]: Connecting...
Google.Solutions.Compute Verbose: 0 : SshRelayStream [TX: 0 TXA: 0 RX: 0 AQ: 0]: Connecting...
Google.Solutions.Compute Verbose: 0 : SshRelayStream [TX: 0 TXA: 0 RX: 0 AQ: 0]: Connecting...
Google.Solutions.Compute Verbose: 0 : SshRelayStream [TX: 0 TXA: 0 RX: 0 AQ: 0]: Connecting...
Google.Solutions.Compute Verbose: 0 : SshRelayStream [TX: 0 TXA: 0 RX: 0 AQ: 0]: Connecting...
Google.Solutions.Compute Verbose: 0 : SshRelayStream [TX: 0 TXA: 0 RX: 0 AQ: 0]: Connecting...
Google.Solutions.Compute Verbose: 0 : SshRelayStream [TX: 0 TXA: 0 RX: 0 AQ: 0]: Connecting...
Google.Solutions.Compute Verbose: 0 : SshRelayStream [TX: 0 TXA: 0 RX: 0 AQ: 0]: Sending DATA #0...
Google.Solutions.Compute Verbose: 0 : SshRelayStream [TX: 0 TXA: 0 RX: 0 AQ: 0]: Sending DATA #0...
Google.Solutions.Compute Verbose: 0 : SshRelayStream [TX: 0 TXA: 0 RX: 0 AQ: 0]: Sending DATA #0...
Google.Solutions.Compute Verbose: 0 : SshRelayStream [TX: 0 TXA: 0 RX: 0 AQ: 0]: Sending DATA #0...
Google.Solutions.Compute Verbose: 0 : SshRelayStream [TX: 0 TXA: 0 RX: 0 AQ: 0]: Sending DATA #0...
Google.Solutions.Compute Verbose: 0 : SshRelayStream [TX: 0 TXA: 0 RX: 0 AQ: 0]: Sending DATA #0...
Google.Solutions.Compute Verbose: 0 : SshRelayStream [TX: 0 TXA: 0 RX: 0 AQ: 0]: Sending DATA #0...
Google.Solutions.Compute Verbose: 0 : SshRelayStream [TX: 0 TXA: 0 RX: 0 AQ: 0]: Sending DATA #0...
Google.Solutions.Compute Verbose: 0 : SshRelayStream [TX: 0 TXA: 0 RX: 0 AQ: 0]: Sending DATA #0...
Google.Solutions.Compute Verbose: 0 : SshRelayStream [TX: 0 TXA: 0 RX: 0 AQ: 0]: Sending DATA #0...
Google.Solutions.Compute Verbose: 0 : SshRelayStream [TX: 0 TXA: 0 RX: 0 AQ: 0]: Sending DATA #0...
Google.Solutions.Compute Verbose: 0 : SshRelayStream [TX: 0 TXA: 0 RX: 0 AQ: 0]: Sending DATA #0...
Google.Solutions.Compute Verbose: 0 : SshRelayStream [TX: 0 TXA: 0 RX: 0 AQ: 0]: Sending DATA #0...
Google.Solutions.Compute Verbose: 0 : SshRelayStream [TX: 0 TXA: 0 RX: 0 AQ: 0]: Sending DATA #0...
Google.Solutions.Compute Verbose: 0 : SshRelayStream [TX: 0 TXA: 0 RX: 0 AQ: 0]: Sending DATA #0...
Google.Solutions.Compute Verbose: 0 : SshRelayStream [TX: 0 TXA: 0 RX: 0 AQ: 0]: Sending DATA #0...
Google.Solutions.Compute Verbose: 0 : SshRelayStream [TX: 0 TXA: 0 RX: 0 AQ: 0]: Sending DATA #0...
Google.Solutions.Compute Verbose: 0 : SshRelayStream [TX: 0 TXA: 0 RX: 0 AQ: 0]: Sending DATA #0...
Google.Solutions.Compute Verbose: 0 : SshRelayStream [TX: 0 TXA: 0 RX: 0 AQ: 0]: Sending DATA #0...
Google.Solutions.Compute Verbose: 0 : SshRelayStream [TX: 0 TXA: 0 RX: 0 AQ: 0]: Sending DATA #0...
Google.Solutions.Compute Verbose: 0 : SshRelayStream [TX: 0 TXA: 0 RX: 0 AQ: 0]: Sending DATA #0...
Google.Solutions.Compute Verbose: 0 : SshRelayStream [TX: 0 TXA: 0 RX: 0 AQ: 0]: Sending DATA #0...
Google.Solutions.Compute Verbose: 0 : SshRelayStream [TX: 0 TXA: 0 RX: 0 AQ: 0]: Sending DATA #0...
Google.Solutions.Compute Verbose: 0 : SshRelayStream [TX: 0 TXA: 0 RX: 0 AQ: 0]: Sending DATA #0...
Google.Solutions.Compute Verbose: 0 : SshRelayStream [TX: 0 TXA: 0 RX: 0 AQ: 0]: Sending DATA #0...
Google.Solutions.Compute Verbose: 0 : SshRelayStream [TX: 0 TXA: 0 RX: 0 AQ: 0]: Sending DATA #0...
Google.Solutions.Compute Verbose: 0 : SshRelayStream [TX: 0 TXA: 0 RX: 0 AQ: 0]: Sending DATA #0...
Google.Solutions.Compute Verbose: 0 : SshRelayStream [TX: 0 TXA: 0 RX: 0 AQ: 0]: Sending DATA #0...
Google.Solutions.Compute Verbose: 0 : SshRelayStream [TX: 0 TXA: 0 RX: 0 AQ: 0]: Sending DATA #0...
Google.Solutions.Compute Verbose: 0 : SshRelayStream [TX: 3 TXA: 0 RX: 0 AQ: 1]: Connected session &lt;\u0000&gt;
Google.Solutions.Compute Verbose: 0 : SshRelayStream [TX: 3 TXA: 0 RX: 0 AQ: 1]: Connected session &lt;\u0000&gt;
Google.Solutions.Compute Verbose: 0 : SshRelayStream [TX: 3 TXA: 0 RX: 0 AQ: 1]: Connected session &lt;\u0000&gt;
Google.Solutions.Compute Verbose: 0 : SshRelayStream [TX: 3 TXA: 0 RX: 0 AQ: 1]: Connected session &lt;\u0000&gt;
Google.Solutions.Compute Verbose: 0 : SshRelayStream [TX: 3 TXA: 0 RX: 0 AQ: 1]: Connected session &lt;\u0000&gt;
Google.Solutions.Compute Verbose: 0 : SshRelayStream [TX: 3 TXA: 0 RX: 0 AQ: 1]: Connected session &lt;\u0000&gt;
Google.Solutions.Compute Verbose: 0 : SshRelayStream [TX: 3 TXA: 0 RX: 0 AQ: 1]: Connected session &lt;\u0000&gt;
Google.Solutions.Compute Verbose: 0 : SshRelayStream [TX: 3 TXA: 0 RX: 0 AQ: 1]: Connected session &lt;\u0000&gt;
Google.Solutions.Compute Verbose: 0 : SshRelayStream [TX: 3 TXA: 0 RX: 0 AQ: 1]: Connected session &lt;\u0000&gt;
Google.Solutions.Compute Verbose: 0 : SshRelayStream [TX: 3 TXA: 0 RX: 0 AQ: 1]: Connected session &lt;\u0000&gt;
Google.Solutions.Compute Verbose: 0 : SshRelayStream [TX: 3 TXA: 0 RX: 0 AQ: 1]: Connected session &lt;\u0000&gt;
Google.Solutions.Compute Verbose: 0 : SshRelayStream [TX: 3 TXA: 0 RX: 0 AQ: 1]: Connected session &lt;\u0000&gt;
Google.Solutions.Compute Verbose: 0 : SshRelayStream [TX: 3 TXA: 0 RX: 0 AQ: 1]: Connected session &lt;\u0000&gt;
Google.Solutions.Compute Verbose: 0 : SshRelayStream [TX: 3 TXA: 0 RX: 0 AQ: 1]: Connected session &lt;\u0000&gt;
Google.Solutions.Compute Verbose: 0 : SshRelayStream [TX: 3 TXA: 0 RX: 0 AQ: 1]: Connected session &lt;\u0000&gt;
Google.Solutions.Compute Verbose: 0 : SshRelayStream [TX: 3 TXA: 0 RX: 0 AQ: 1]: Connected session &lt;\u0000&gt;
Google.Solutions.Compute Verbose: 0 : SshRelayStream [TX: 3 TXA: 0 RX: 0 AQ: 1]: Connected session &lt;\u0000&gt;
Google.Solutions.Compute Verbose: 0 : SshRelayStream [TX: 3 TXA: 0 RX: 0 AQ: 1]: Connected session &lt;\u0000&gt;
Google.Solutions.Compute Verbose: 0 : SshRelayStream [TX: 3 TXA: 0 RX: 0 AQ: 1]: Connected session &lt;\u0000&gt;
Google.Solutions.Compute Verbose: 0 : SshRelayStream [TX: 3 TXA: 0 RX: 0 AQ: 1]: Connected session &lt;\u0000&gt;
Google.Solutions.Compute Verbose: 0 : SshRelayStream [TX: 3 TXA: 0 RX: 0 AQ: 1]: Connected session &lt;\u0000&gt;
Google.Solutions.Compute Verbose: 0 : SshRelayStream [TX: 3 TXA: 0 RX: 0 AQ: 1]: Connected session &lt;\u0000&gt;
Google.Solutions.Compute Verbose: 0 : SshRelayStream [TX: 3 TXA: 0 RX: 0 AQ: 1]: Connected session &lt;\u0000&gt;
Google.Solutions.Compute Verbose: 0 : SshRelayStream [TX: 3 TXA: 0 RX: 0 AQ: 1]: Connected session &lt;\u0000&gt;
Google.Solutions.Compute Verbose: 0 : SshRelayStream [TX: 3 TXA: 0 RX: 0 AQ: 1]: Connected session &lt;\u0000&gt;
Google.Solutions.Compute Verbose: 0 : SshRelayStream [TX: 3 TXA: 0 RX: 0 AQ: 1]: Connected session &lt;\u0000&gt;
Google.Solutions.Compute Verbose: 0 : SshRelayStream [TX: 3 TXA: 0 RX: 0 AQ: 1]: Connected session &lt;\u0000&gt;
Google.Solutions.Compute Verbose: 0 : SshRelayStream [TX: 3 TXA: 0 RX: 0 AQ: 1]: Connected session &lt;\u0000&gt;
Google.Solutions.Compute Verbose: 0 : SshRelayStream [TX: 3 TXA: 0 RX: 0 AQ: 1]: Connected session &lt;\u0000&gt;
Google.Solutions.Compute Verbose: 0 : SshRelayStream [TX: 3 TXA: 0 RX: 0 AQ: 1]: Received data (1 bytes)
Google.Solutions.Compute Verbose: 0 : SshRelayStream [TX: 3 TXA: 0 RX: 0 AQ: 1]: Received data (1 bytes)
Google.Solutions.Compute Verbose: 0 : SshRelayStream [TX: 3 TXA: 0 RX: 0 AQ: 1]: Received data (1 bytes)
Google.Solutions.Compute Verbose: 0 : SshRelayStream [TX: 3 TXA: 0 RX: 0 AQ: 1]: Received data (1 bytes)
Google.Solutions.Compute Verbose: 0 : SshRelayStream [TX: 3 TXA: 0 RX: 0 AQ: 1]: Received data (1 bytes)
Google.Solutions.Compute Verbose: 0 : SshRelayStream [TX: 3 TXA: 0 RX: 0 AQ: 1]: Received data (1 bytes)
Google.Solutions.Compute Verbose: 0 : SshRelayStream [TX: 3 TXA: 0 RX: 0 AQ: 1]: Received data (1 bytes)
Google.Solutions.Compute Verbose: 0 : SshRelayStream [TX: 3 TXA: 0 RX: 0 AQ: 1]: Received data (1 bytes)
Google.Solutions.Compute Verbose: 0 : SshRelayStream [TX: 3 TXA: 0 RX: 0 AQ: 1]: Received data (1 bytes)
Google.Solutions.Compute Verbose: 0 : SshRelayStream [TX: 3 TXA: 0 RX: 0 AQ: 1]: Received data (1 bytes)
Google.Solutions.Compute Verbose: 0 : SshRelayStream [TX: 3 TXA: 0 RX: 0 AQ: 1]: Received data (1 bytes)
Google.Solutions.Compute Verbose: 0 : SshRelayStream [TX: 3 TXA: 0 RX: 0 AQ: 1]: Received data (1 bytes)
Google.Solutions.Compute Verbose: 0 : SshRelayStream [TX: 3 TXA: 0 RX: 0 AQ: 1]: Received data (1 bytes)
Google.Solutions.Compute Verbose: 0 : SshRelayStream [TX: 3 TXA: 0 RX: 0 AQ: 1]: Received data (1 bytes)
Google.Solutions.Compute Verbose: 0 : SshRelayStream [TX: 3 TXA: 0 RX: 0 AQ: 1]: Received data (1 bytes)
Google.Solutions.Compute Verbose: 0 : SshRelayStream [TX: 3 TXA: 0 RX: 0 AQ: 1]: Received data (1 bytes)
Google.Solutions.Compute Verbose: 0 : SshRelayStream [TX: 3 TXA: 0 RX: 0 AQ: 1]: Received data (1 bytes)
Google.Solutions.Compute Verbose: 0 : SshRelayStream [TX: 3 TXA: 0 RX: 0 AQ: 1]: Received data (1 bytes)
Google.Solutions.Compute Verbose: 0 : SshRelayStream [TX: 3 TXA: 0 RX: 0 AQ: 1]: Received data (1 bytes)
Google.Solutions.Compute Verbose: 0 : SshRelayStream [TX: 3 TXA: 0 RX: 0 AQ: 1]: Received data (1 bytes)
Google.Solutions.Compute Verbose: 0 : SshRelayStream [TX: 3 TXA: 0 RX: 0 AQ: 1]: Received data (1 bytes)
Google.Solutions.Compute Verbose: 0 : SshRelayStream [TX: 3 TXA: 0 RX: 0 AQ: 1]: Received data (1 bytes)
Google.Solutions.Compute Verbose: 0 : SshRelayStream [TX: 3 TXA: 0 RX: 0 AQ: 1]: Received data (1 bytes)
Google.Solutions.Compute Verbose: 0 : SshRelayStream [TX: 3 TXA: 0 RX: 0 AQ: 1]: Received data (1 bytes)
Google.Solutions.Compute Verbose: 0 : SshRelayStream [TX: 3 TXA: 0 RX: 0 AQ: 1]: Received data (1 bytes)
Google.Solutions.Compute Verbose: 0 : SshRelayStream [TX: 3 TXA: 0 RX: 0 AQ: 1]: Received data (1 bytes)
Google.Solutions.Compute Verbose: 0 : SshRelayStream [TX: 3 TXA: 0 RX: 0 AQ: 1]: Received data (1 bytes)
Google.Solutions.Compute Verbose: 0 : SshRelayStream [TX: 3 TXA: 0 RX: 0 AQ: 1]: Received data (1 bytes)
Google.Solutions.Compute Verbose: 0 : SshRelayStream [TX: 3 TXA: 0 RX: 0 AQ: 1]: Received data (1 bytes)
Google.Solutions.Compute Verbose: 0 : SshRelayStream [TX: 3 TXA: 0 RX: 1 AQ: 1]: Connection closed abnormally: INVALID_TAG
Google.Solutions.Compute Verbose: 0 : SshRelayStream [TX: 3 TXA: 0 RX: 1 AQ: 1]: Connection closed abnormally: INVALID_TAG
Google.Solutions.Compute Verbose: 0 : SshRelayStream [TX: 3 TXA: 0 RX: 1 AQ: 1]: Connection closed abnormally: INVALID_TAG
Google.Solutions.Compute Verbose: 0 : SshRelayStream [TX: 3 TXA: 0 RX: 1 AQ: 1]: Connection closed abnormally: INVALID_TAG
Google.Solutions.Compute Verbose: 0 : SshRelayStream [TX: 3 TXA: 0 RX: 1 AQ: 1]: Connection closed abnormally: INVALID_TAG
Google.Solutions.Compute Verbose: 0 : SshRelayStream [TX: 3 TXA: 0 RX: 1 AQ: 1]: Connection closed abnormally: INVALID_TAG
Google.Solutions.Compute Verbose: 0 : SshRelayStream [TX: 3 TXA: 0 RX: 1 AQ: 1]: Connection closed abnormally: INVALID_TAG
Google.Solutions.Compute Verbose: 0 : SshRelayStream [TX: 3 TXA: 0 RX: 1 AQ: 1]: Connection closed abnormally: INVALID_TAG
Google.Solutions.Compute Verbose: 0 : SshRelayStream [TX: 3 TXA: 0 RX: 1 AQ: 1]: Connection closed abnormally: INVALID_TAG
Google.Solutions.Compute Verbose: 0 : SshRelayStream [TX: 3 TXA: 0 RX: 1 AQ: 1]: Connection closed abnormally: INVALID_TAG
Google.Solutions.Compute Verbose: 0 : SshRelayStream [TX: 3 TXA: 0 RX: 1 AQ: 1]: Connection closed abnormally: INVALID_TAG
Google.Solutions.Compute Verbose: 0 : SshRelayStream [TX: 3 TXA: 0 RX: 1 AQ: 1]: Connection closed abnormally: INVALID_TAG
Google.Solutions.Compute Verbose: 0 : SshRelayStream [TX: 3 TXA: 0 RX: 1 AQ: 1]: Connection closed abnormally: INVALID_TAG
Google.Solutions.Compute Verbose: 0 : SshRelayStream [TX: 3 TXA: 0 RX: 1 AQ: 1]: Connection closed abnormally: INVALID_TAG
Google.Solutions.Compute Verbose: 0 : SshRelayStream [TX: 3 TXA: 0 RX: 1 AQ: 1]: Connection closed abnormally: INVALID_TAG
Google.Solutions.Compute Verbose: 0 : SshRelayStream [TX: 3 TXA: 0 RX: 1 AQ: 1]: Connection closed abnormally: INVALID_TAG
Google.Solutions.Compute Verbose: 0 : SshRelayStream [TX: 3 TXA: 0 RX: 1 AQ: 1]: Connection closed abnormally: INVALID_TAG
Google.Solutions.Compute Verbose: 0 : SshRelayStream [TX: 3 TXA: 0 RX: 1 AQ: 1]: Connection closed abnormally: INVALID_TAG
Google.Solutions.Compute Verbose: 0 : SshRelayStream [TX: 3 TXA: 0 RX: 1 AQ: 1]: Connection closed abnormally: INVALID_TAG
Google.Solutions.Compute Verbose: 0 : SshRelayStream [TX: 3 TXA: 0 RX: 1 AQ: 1]: Connection closed abnormally: INVALID_TAG
Google.Solutions.Compute Verbose: 0 : SshRelayStream [TX: 3 TXA: 0 RX: 1 AQ: 1]: Connection closed abnormally: INVALID_TAG
Google.Solutions.Compute Verbose: 0 : SshRelayStream [TX: 3 TXA: 0 RX: 1 AQ: 1]: Connection closed abnormally: INVALID_TAG
Google.Solutions.Compute Verbose: 0 : SshRelayStream [TX: 3 TXA: 0 RX: 1 AQ: 1]: Connection closed abnormally: INVALID_TAG
Google.Solutions.Compute Verbose: 0 : SshRelayStream [TX: 3 TXA: 0 RX: 1 AQ: 1]: Connection closed abnormally: INVALID_TAG
Google.Solutions.Compute Verbose: 0 : SshRelayStream [TX: 3 TXA: 0 RX: 1 AQ: 1]: Connection closed abnormally: INVALID_TAG
Google.Solutions.Compute Verbose: 0 : SshRelayStream [TX: 3 TXA: 0 RX: 1 AQ: 1]: Connection closed abnormally: INVALID_TAG
Google.Solutions.Compute Verbose: 0 : SshRelayStream [TX: 3 TXA: 0 RX: 1 AQ: 1]: Connection closed abnormally: INVALID_TAG
Google.Solutions.Compute Verbose: 0 : SshRelayStream [TX: 3 TXA: 0 RX: 1 AQ: 1]: Connection closed abnormally: INVALID_TAG
Google.Solutions.Compute Verbose: 0 : SshRelayStream [TX: 3 TXA: 0 RX: 1 AQ: 1]: Connection closed abnormally: INVALID_TAG
Google.Solutions.Compute Verbose: 0 : SshRelayStream [TX: 3 TXA: 0 RX: 1 AQ: 1]: Disconnecting, preparing to reconnect
Google.Solutions.Compute Verbose: 0 : SshRelayStream [TX: 3 TXA: 0 RX: 1 AQ: 1]: Disconnecting, preparing to reconnect
Google.Solutions.Compute Verbose: 0 : SshRelayStream [TX: 3 TXA: 0 RX: 1 AQ: 1]: Disconnecting, preparing to reconnect
Google.Solutions.Compute Verbose: 0 : SshRelayStream [TX: 3 TXA: 0 RX: 1 AQ: 1]: Disconnecting, preparing to reconnect
Google.Solutions.Compute Verbose: 0 : SshRelayStream [TX: 3 TXA: 0 RX: 1 AQ: 1]: Disconnecting, preparing to reconnect
Google.Solutions.Compute Verbose: 0 : SshRelayStream [TX: 3 TXA: 0 RX: 1 AQ: 1]: Disconnecting, preparing to reconnect
Google.Solutions.Compute Verbose: 0 : SshRelayStream [TX: 3 TXA: 0 RX: 1 AQ: 1]: Disconnecting, preparing to reconnect
Google.Solutions.Compute Verbose: 0 : SshRelayStream [TX: 3 TXA: 0 RX: 1 AQ: 1]: Disconnecting, preparing to reconnect
Google.Solutions.Compute Verbose: 0 : SshRelayStream [TX: 3 TXA: 0 RX: 1 AQ: 1]: Disconnecting, preparing to reconnect
Google.Solutions.Compute Verbose: 0 : SshRelayStream [TX: 3 TXA: 0 RX: 1 AQ: 1]: Disconnecting, preparing to reconnect
Google.Solutions.Compute Verbose: 0 : SshRelayStream [TX: 3 TXA: 0 RX: 1 AQ: 1]: Disconnecting, preparing to reconnect
Google.Solutions.Compute Verbose: 0 : SshRelayStream [TX: 3 TXA: 0 RX: 1 AQ: 1]: Disconnecting, preparing to reconnect
Google.Solutions.Compute Verbose: 0 : SshRelayStream [TX: 3 TXA: 0 RX: 1 AQ: 1]: Disconnecting, preparing to reconnect
Google.Solutions.Compute Verbose: 0 : SshRelayStream [TX: 3 TXA: 0 RX: 1 AQ: 1]: Disconnecting, preparing to reconnect
Google.Solutions.Compute Verbose: 0 : SshRelayStream [TX: 3 TXA: 0 RX: 1 AQ: 1]: Disconnecting, preparing to reconnect
Google.Solutions.Compute Verbose: 0 : SshRelayStream [TX: 3 TXA: 0 RX: 1 AQ: 1]: Disconnecting, preparing to reconnect
Google.Solutions.Compute Verbose: 0 : SshRelayStream [TX: 3 TXA: 0 RX: 1 AQ: 1]: Disconnecting, preparing to reconnect
Google.Solutions.Compute Verbose: 0 : SshRelayStream [TX: 3 TXA: 0 RX: 1 AQ: 1]: Disconnecting, preparing to reconnect
Google.Solutions.Compute Verbose: 0 : SshRelayStream [TX: 3 TXA: 0 RX: 1 AQ: 1]: Disconnecting, preparing to reconnect
Google.Solutions.Compute Verbose: 0 : SshRelayStream [TX: 3 TXA: 0 RX: 1 AQ: 1]: Disconnecting, preparing to reconnect
Google.Solutions.Compute Verbose: 0 : SshRelayStream [TX: 3 TXA: 0 RX: 1 AQ: 1]: Disconnecting, preparing to reconnect
Google.Solutions.Compute Verbose: 0 : SshRelayStream [TX: 3 TXA: 0 RX: 1 AQ: 1]: Disconnecting, preparing to reconnect
Google.Solutions.Compute Verbose: 0 : SshRelayStream [TX: 3 TXA: 0 RX: 1 AQ: 1]: Disconnecting, preparing to reconnect
Google.Solutions.Compute Verbose: 0 : SshRelayStream [TX: 3 TXA: 0 RX: 1 AQ: 1]: Disconnecting, preparing to reconnect
Google.Solutions.Compute Verbose: 0 : SshRelayStream [TX: 3 TXA: 0 RX: 1 AQ: 1]: Disconnecting, preparing to reconnect
Google.Solutions.Compute Verbose: 0 : SshRelayStream [TX: 3 TXA: 0 RX: 1 AQ: 1]: Disconnecting, preparing to reconnect
Google.Solutions.Compute Verbose: 0 : SshRelayStream [TX: 3 TXA: 0 RX: 1 AQ: 1]: Disconnecting, preparing to reconnect
Google.Solutions.Compute Verbose: 0 : SshRelayStream [TX: 3 TXA: 0 RX: 1 AQ: 1]: Disconnecting, preparing to reconnect
Google.Solutions.Compute Verbose: 0 : SshRelayStream [TX: 3 TXA: 0 RX: 1 AQ: 1]: Disconnecting, preparing to reconnect
Google.Solutions.Compute Verbose: 0 : SshRelayStream [TX: 3 TXA: 0 RX: 1 AQ: 1]: Disonnected.
Google.Solutions.Compute Verbose: 0 : SshRelayStream [TX: 3 TXA: 0 RX: 1 AQ: 1]: Disonnected.
Google.Solutions.Compute Verbose: 0 : SshRelayStream [TX: 3 TXA: 0 RX: 1 AQ: 1]: Disonnected.
Google.Solutions.Compute Verbose: 0 : SshRelayStream [TX: 3 TXA: 0 RX: 1 AQ: 1]: Disonnected.
Google.Solutions.Compute Verbose: 0 : SshRelayStream [TX: 3 TXA: 0 RX: 1 AQ: 1]: Disonnected.
Google.Solutions.Compute Verbose: 0 : SshRelayStream [TX: 3 TXA: 0 RX: 1 AQ: 1]: Disonnected.
Google.Solutions.Compute Verbose: 0 : SshRelayStream [TX: 3 TXA: 0 RX: 1 AQ: 1]: Disonnected.
Google.Solutions.Compute Verbose: 0 : SshRelayStream [TX: 3 TXA: 0 RX: 1 AQ: 1]: Disonnected.
Google.Solutions.Compute Verbose: 0 : SshRelayStream [TX: 3 TXA: 0 RX: 1 AQ: 1]: Disonnected.
Google.Solutions.Compute Verbose: 0 : SshRelayStream [TX: 3 TXA: 0 RX: 1 AQ: 1]: Disonnected.
Google.Solutions.Compute Verbose: 0 : SshRelayStream [TX: 3 TXA: 0 RX: 1 AQ: 1]: Disonnected.
Google.Solutions.Compute Verbose: 0 : SshRelayStream [TX: 3 TXA: 0 RX: 1 AQ: 1]: Disonnected.
Google.Solutions.Compute Verbose: 0 : SshRelayStream [TX: 3 TXA: 0 RX: 1 AQ: 1]: Disonnected.
Google.Solutions.Compute Verbose: 0 : SshRelayStream [TX: 3 TXA: 0 RX: 1 AQ: 1]: Disonnected.
Google.Solutions.Compute Verbose: 0 : SshRelayStream [TX: 3 TXA: 0 RX: 1 AQ: 1]: Disonnected.
Google.Solutions.Compute Verbose: 0 : SshRelayStream [TX: 3 TXA: 0 RX: 1 AQ: 1]: Disonnected.
Google.Solutions.Compute Verbose: 0 : SshRelayStream [TX: 3 TXA: 0 RX: 1 AQ: 1]: Disonnected.
Google.Solutions.Compute Verbose: 0 : SshRelayStream [TX: 3 TXA: 0 RX: 1 AQ: 1]: Disonnected.
Google.Solutions.Compute Verbose: 0 : SshRelayStream [TX: 3 TXA: 0 RX: 1 AQ: 1]: Disonnected.
Google.Solutions.Compute Verbose: 0 : SshRelayStream [TX: 3 TXA: 0 RX: 1 AQ: 1]: Disonnected.
Google.Solutions.Compute Verbose: 0 : SshRelayStream [TX: 3 TXA: 0 RX: 1 AQ: 1]: Disonnected.
Google.Solutions.Compute Verbose: 0 : SshRelayStream [TX: 3 TXA: 0 RX: 1 AQ: 1]: Disonnected.
Google.Solutions.Compute Verbose: 0 : SshRelayStream [TX: 3 TXA: 0 RX: 1 AQ: 1]: Disonnected.
Google.Solutions.Compute Verbose: 0 : SshRelayStream [TX: 3 TXA: 0 RX: 1 AQ: 1]: Disonnected.
Google.Solutions.Compute Verbose: 0 : SshRelayStream [TX: 3 TXA: 0 RX: 1 AQ: 1]: Disonnected.
Google.Solutions.Compute Verbose: 0 : SshRelayStream [TX: 3 TXA: 0 RX: 1 AQ: 1]: Disonnected.
Google.Solutions.Compute Verbose: 0 : SshRelayStream [TX: 3 TXA: 0 RX: 1 AQ: 1]: Disonnected.
Google.Solutions.Compute Verbose: 0 : SshRelayStream [TX: 3 TXA: 0 RX: 1 AQ: 1]: Disonnected.
Google.Solutions.Compute Verbose: 0 : SshRelayStream [TX: 3 TXA: 0 RX: 1 AQ: 1]: Disonnected.
Google.Solutions.Compute Verbose: 0 : SshRelayStream [TX: 3 TXA: 0 RX: 1 AQ: 1]: Reconnecting...
Google.Solutions.Compute Verbose: 0 : SshRelayStream [TX: 3 TXA: 0 RX: 1 AQ: 1]: Reconnecting...
Google.Solutions.Compute Verbose: 0 : SshRelayStream [TX: 3 TXA: 0 RX: 1 AQ: 1]: Reconnecting...
Google.Solutions.Compute Verbose: 0 : SshRelayStream [TX: 3 TXA: 0 RX: 1 AQ: 1]: Reconnecting...
Google.Solutions.Compute Verbose: 0 : SshRelayStream [TX: 3 TXA: 0 RX: 1 AQ: 1]: Reconnecting...
Google.Solutions.Compute Verbose: 0 : SshRelayStream [TX: 3 TXA: 0 RX: 1 AQ: 1]: Reconnecting...
Google.Solutions.Compute Verbose: 0 : SshRelayStream [TX: 3 TXA: 0 RX: 1 AQ: 1]: Reconnecting...
Google.Solutions.Compute Verbose: 0 : SshRelayStream [TX: 3 TXA: 0 RX: 1 AQ: 1]: Reconnecting...
Google.Solutions.Compute Verbose: 0 : SshRelayStream [TX: 3 TXA: 0 RX: 1 AQ: 1]: Reconnecting...
Google.Solutions.Compute Verbose: 0 : SshRelayStream [TX: 3 TXA: 0 RX: 1 AQ: 1]: Reconnecting...
Google.Solutions.Compute Verbose: 0 : SshRelayStream [TX: 3 TXA: 0 RX: 1 AQ: 1]: Reconnecting...
Google.Solutions.Compute Verbose: 0 : SshRelayStream [TX: 3 TXA: 0 RX: 1 AQ: 1]: Reconnecting...
Google.Solutions.Compute Verbose: 0 : SshRelayStream [TX: 3 TXA: 0 RX: 1 AQ: 1]: Reconnecting...
Google.Solutions.Compute Verbose: 0 : SshRelayStream [TX: 3 TXA: 0 RX: 1 AQ: 1]: Reconnecting...
Google.Solutions.Compute Verbose: 0 : SshRelayStream [TX: 3 TXA: 0 RX: 1 AQ: 1]: Reconnecting...
Google.Solutions.Compute Verbose: 0 : SshRelayStream [TX: 3 TXA: 0 RX: 1 AQ: 1]: Reconnecting...
Google.Solutions.Compute Verbose: 0 : SshRelayStream [TX: 3 TXA: 0 RX: 1 AQ: 1]: Reconnecting...
Google.Solutions.Compute Verbose: 0 : SshRelayStream [TX: 3 TXA: 0 RX: 1 AQ: 1]: Reconnecting...
Google.Solutions.Compute Verbose: 0 : SshRelayStream [TX: 3 TXA: 0 RX: 1 AQ: 1]: Reconnecting...
Google.Solutions.Compute Verbose: 0 : SshRelayStream [TX: 3 TXA: 0 RX: 1 AQ: 1]: Reconnecting...
Google.Solutions.Compute Verbose: 0 : SshRelayStream [TX: 3 TXA: 0 RX: 1 AQ: 1]: Reconnecting...
Google.Solutions.Compute Verbose: 0 : SshRelayStream [TX: 3 TXA: 0 RX: 1 AQ: 1]: Reconnecting...
Google.Solutions.Compute Verbose: 0 : SshRelayStream [TX: 3 TXA: 0 RX: 1 AQ: 1]: Reconnecting...
Google.Solutions.Compute Verbose: 0 : SshRelayStream [TX: 3 TXA: 0 RX: 1 AQ: 1]: Reconnecting...
Google.Solutions.Compute Verbose: 0 : SshRelayStream [TX: 3 TXA: 0 RX: 1 AQ: 1]: Reconnecting...
Google.Solutions.Compute Verbose: 0 : SshRelayStream [TX: 3 TXA: 0 RX: 1 AQ: 1]: Reconnecting...
Google.Solutions.Compute Verbose: 0 : SshRelayStream [TX: 3 TXA: 0 RX: 1 AQ: 1]: Reconnecting...
Google.Solutions.Compute Verbose: 0 : SshRelayStream [TX: 3 TXA: 0 RX: 1 AQ: 1]: Reconnecting...
Google.Solutions.Compute Verbose: 0 : SshRelayStream [TX: 3 TXA: 0 RX: 1 AQ: 1]: Reconnecting...
Google.Solutions.Compute Verbose: 0 : SshRelayStream [TX: 3 TXA: 0 RX: 1 AQ: 0]: Resending DATA #0...
Google.Solutions.Compute Verbose: 0 : SshRelayStream [TX: 3 TXA: 0 RX: 1 AQ: 0]: Resending DATA #0...
Google.Solutions.Compute Verbose: 0 : SshRelayStream [TX: 3 TXA: 0 RX: 1 AQ: 0]: Resending DATA #0...
Google.Solutions.Compute Verbose: 0 : SshRelayStream [TX: 3 TXA: 0 RX: 1 AQ: 0]: Resending DATA #0...
Google.Solutions.Compute Verbose: 0 : SshRelayStream [TX: 3 TXA: 0 RX: 1 AQ: 0]: Resending DATA #0...
Google.Solutions.Compute Verbose: 0 : SshRelayStream [TX: 3 TXA: 0 RX: 1 AQ: 0]: Resending DATA #0...
Google.Solutions.Compute Verbose: 0 : SshRelayStream [TX: 3 TXA: 0 RX: 1 AQ: 0]: Resending DATA #0...
Google.Solutions.Compute Verbose: 0 : SshRelayStream [TX: 3 TXA: 0 RX: 1 AQ: 0]: Resending DATA #0...
Google.Solutions.Compute Verbose: 0 : SshRelayStream [TX: 3 TXA: 0 RX: 1 AQ: 0]: Resending DATA #0...
Google.Solutions.Compute Verbose: 0 : SshRelayStream [TX: 3 TXA: 0 RX: 1 AQ: 0]: Resending DATA #0...
Google.Solutions.Compute Verbose: 0 : SshRelayStream [TX: 3 TXA: 0 RX: 1 AQ: 0]: Resending DATA #0...
Google.Solutions.Compute Verbose: 0 : SshRelayStream [TX: 3 TXA: 0 RX: 1 AQ: 0]: Resending DATA #0...
Google.Solutions.Compute Verbose: 0 : SshRelayStream [TX: 3 TXA: 0 RX: 1 AQ: 0]: Resending DATA #0...
Google.Solutions.Compute Verbose: 0 : SshRelayStream [TX: 3 TXA: 0 RX: 1 AQ: 0]: Resending DATA #0...
Google.Solutions.Compute Verbose: 0 : SshRelayStream [TX: 3 TXA: 0 RX: 1 AQ: 0]: Resending DATA #0...
Google.Solutions.Compute Verbose: 0 : SshRelayStream [TX: 3 TXA: 0 RX: 1 AQ: 0]: Resending DATA #0...
Google.Solutions.Compute Verbose: 0 : SshRelayStream [TX: 3 TXA: 0 RX: 1 AQ: 0]: Resending DATA #0...
Google.Solutions.Compute Verbose: 0 : SshRelayStream [TX: 3 TXA: 0 RX: 1 AQ: 0]: Resending DATA #0...
Google.Solutions.Compute Verbose: 0 : SshRelayStream [TX: 3 TXA: 0 RX: 1 AQ: 0]: Resending DATA #0...
Google.Solutions.Compute Verbose: 0 : SshRelayStream [TX: 3 TXA: 0 RX: 1 AQ: 0]: Resending DATA #0...
Google.Solutions.Compute Verbose: 0 : SshRelayStream [TX: 3 TXA: 0 RX: 1 AQ: 0]: Resending DATA #0...
Google.Solutions.Compute Verbose: 0 : SshRelayStream [TX: 3 TXA: 0 RX: 1 AQ: 0]: Resending DATA #0...
Google.Solutions.Compute Verbose: 0 : SshRelayStream [TX: 3 TXA: 0 RX: 1 AQ: 0]: Resending DATA #0...
Google.Solutions.Compute Verbose: 0 : SshRelayStream [TX: 3 TXA: 0 RX: 1 AQ: 0]: Resending DATA #0...
Google.Solutions.Compute Verbose: 0 : SshRelayStream [TX: 3 TXA: 0 RX: 1 AQ: 0]: Resending DATA #0...
Google.Solutions.Compute Verbose: 0 : SshRelayStream [TX: 3 TXA: 0 RX: 1 AQ: 0]: Resending DATA #0...
Google.Solutions.Compute Verbose: 0 : SshRelayStream [TX: 3 TXA: 0 RX: 1 AQ: 0]: Resending DATA #0...
Google.Solutions.Compute Verbose: 0 : SshRelayStream [TX: 3 TXA: 0 RX: 1 AQ: 0]: Resending DATA #0...
Google.Solutions.Compute Verbose: 0 : SshRelayStream [TX: 3 TXA: 0 RX: 1 AQ: 0]: Resending DATA #0...
Google.Solutions.Compute Verbose: 0 : SshRelayStream [TX: 3 TXA: 0 RX: 1 AQ: 0]: Reconnected session &lt;\u0000&gt;
Google.Solutions.Compute Verbose: 0 : SshRelayStream [TX: 3 TXA: 0 RX: 1 AQ: 0]: Reconnected session &lt;\u0000&gt;
Google.Solutions.Compute Verbose: 0 : SshRelayStream [TX: 3 TXA: 0 RX: 1 AQ: 0]: Reconnected session &lt;\u0000&gt;
Google.Solutions.Compute Verbose: 0 : SshRelayStream [TX: 3 TXA: 0 RX: 1 AQ: 0]: Reconnected session &lt;\u0000&gt;
Google.Solutions.Compute Verbose: 0 : SshRelayStream [TX: 3 TXA: 0 RX: 1 AQ: 0]: Reconnected session &lt;\u0000&gt;
Google.Solutions.Compute Verbose: 0 : SshRelayStream [TX: 3 TXA: 0 RX: 1 AQ: 0]: Reconnected session &lt;\u0000&gt;
Google.Solutions.Compute Verbose: 0 : SshRelayStream [TX: 3 TXA: 0 RX: 1 AQ: 0]: Reconnected session &lt;\u0000&gt;
Google.Solutions.Compute Verbose: 0 : SshRelayStream [TX: 3 TXA: 0 RX: 1 AQ: 0]: Reconnected session &lt;\u0000&gt;
Google.Solutions.Compute Verbose: 0 : SshRelayStream [TX: 3 TXA: 0 RX: 1 AQ: 0]: Reconnected session &lt;\u0000&gt;
Google.Solutions.Compute Verbose: 0 : SshRelayStream [TX: 3 TXA: 0 RX: 1 AQ: 0]: Reconnected session &lt;\u0000&gt;
Google.Solutions.Compute Verbose: 0 : SshRelayStream [TX: 3 TXA: 0 RX: 1 AQ: 0]: Reconnected session &lt;\u0000&gt;
Google.Solutions.Compute Verbose: 0 : SshRelayStream [TX: 3 TXA: 0 RX: 1 AQ: 0]: Reconnected session &lt;\u0000&gt;
Google.Solutions.Compute Verbose: 0 : SshRelayStream [TX: 3 TXA: 0 RX: 1 AQ: 0]: Reconnected session &lt;\u0000&gt;
Google.Solutions.Compute Verbose: 0 : SshRelayStream [TX: 3 TXA: 0 RX: 1 AQ: 0]: Reconnected session &lt;\u0000&gt;
Google.Solutions.Compute Verbose: 0 : SshRelayStream [TX: 3 TXA: 0 RX: 1 AQ: 0]: Reconnected session &lt;\u0000&gt;
Google.Solutions.Compute Verbose: 0 : SshRelayStream [TX: 3 TXA: 0 RX: 1 AQ: 0]: Reconnected session &lt;\u0000&gt;
Google.Solutions.Compute Verbose: 0 : SshRelayStream [TX: 3 TXA: 0 RX: 1 AQ: 0]: Reconnected session &lt;\u0000&gt;
Google.Solutions.Compute Verbose: 0 : SshRelayStream [TX: 3 TXA: 0 RX: 1 AQ: 0]: Reconnected session &lt;\u0000&gt;
Google.Solutions.Compute Verbose: 0 : SshRelayStream [TX: 3 TXA: 0 RX: 1 AQ: 0]: Reconnected session &lt;\u0000&gt;
Google.Solutions.Compute Verbose: 0 : SshRelayStream [TX: 3 TXA: 0 RX: 1 AQ: 0]: Reconnected session &lt;\u0000&gt;
Google.Solutions.Compute Verbose: 0 : SshRelayStream [TX: 3 TXA: 0 RX: 1 AQ: 0]: Reconnected session &lt;\u0000&gt;
Google.Solutions.Compute Verbose: 0 : SshRelayStream [TX: 3 TXA: 0 RX: 1 AQ: 0]: Reconnected session &lt;\u0000&gt;
Google.Solutions.Compute Verbose: 0 : SshRelayStream [TX: 3 TXA: 0 RX: 1 AQ: 0]: Reconnected session &lt;\u0000&gt;
Google.Solutions.Compute Verbose: 0 : SshRelayStream [TX: 3 TXA: 0 RX: 1 AQ: 0]: Reconnected session &lt;\u0000&gt;
Google.Solutions.Compute Verbose: 0 : SshRelayStream [TX: 3 TXA: 0 RX: 1 AQ: 0]: Reconnected session &lt;\u0000&gt;
Google.Solutions.Compute Verbose: 0 : SshRelayStream [TX: 3 TXA: 0 RX: 1 AQ: 0]: Reconnected session &lt;\u0000&gt;
Google.Solutions.Compute Verbose: 0 : SshRelayStream [TX: 3 TXA: 0 RX: 1 AQ: 0]: Reconnected session &lt;\u0000&gt;
Google.Solutions.Compute Verbose: 0 : SshRelayStream [TX: 3 TXA: 0 RX: 1 AQ: 0]: Reconnected session &lt;\u0000&gt;
Google.Solutions.Compute Verbose: 0 : SshRelayStream [TX: 3 TXA: 0 RX: 1 AQ: 0]: Reconnected session &lt;\u0000&gt;
Google.Solutions.Compute Verbose: 0 : SshRelayStream [TX: 3 TXA: 0 RX: 1 AQ: 0]: Received data (1 bytes)
Google.Solutions.Compute Verbose: 0 : SshRelayStream [TX: 3 TXA: 0 RX: 1 AQ: 0]: Received data (1 bytes)
Google.Solutions.Compute Verbose: 0 : SshRelayStream [TX: 3 TXA: 0 RX: 1 AQ: 0]: Received data (1 bytes)
Google.Solutions.Compute Verbose: 0 : SshRelayStream [TX: 3 TXA: 0 RX: 1 AQ: 0]: Received data (1 bytes)
Google.Solutions.Compute Verbose: 0 : SshRelayStream [TX: 3 TXA: 0 RX: 1 AQ: 0]: Received data (1 bytes)
Google.Solutions.Compute Verbose: 0 : SshRelayStream [TX: 3 TXA: 0 RX: 1 AQ: 0]: Received data (1 bytes)
Google.Solutions.Compute Verbose: 0 : SshRelayStream [TX: 3 TXA: 0 RX: 1 AQ: 0]: Received data (1 bytes)
Google.Solutions.Compute Verbose: 0 : SshRelayStream [TX: 3 TXA: 0 RX: 1 AQ: 0]: Received data (1 bytes)
Google.Solutions.Compute Verbose: 0 : SshRelayStream [TX: 3 TXA: 0 RX: 1 AQ: 0]: Received data (1 bytes)
Google.Solutions.Compute Verbose: 0 : SshRelayStream [TX: 3 TXA: 0 RX: 1 AQ: 0]: Received data (1 bytes)
Google.Solutions.Compute Verbose: 0 : SshRelayStream [TX: 3 TXA: 0 RX: 1 AQ: 0]: Received data (1 bytes)
Google.Solutions.Compute Verbose: 0 : SshRelayStream [TX: 3 TXA: 0 RX: 1 AQ: 0]: Received data (1 bytes)
Google.Solutions.Compute Verbose: 0 : SshRelayStream [TX: 3 TXA: 0 RX: 1 AQ: 0]: Received data (1 bytes)
Google.Solutions.Compute Verbose: 0 : SshRelayStream [TX: 3 TXA: 0 RX: 1 AQ: 0]: Received data (1 bytes)
Google.Solutions.Compute Verbose: 0 : SshRelayStream [TX: 3 TXA: 0 RX: 1 AQ: 0]: Received data (1 bytes)
Google.Solutions.Compute Verbose: 0 : SshRelayStream [TX: 3 TXA: 0 RX: 1 AQ: 0]: Received data (1 bytes)
Google.Solutions.Compute Verbose: 0 : SshRelayStream [TX: 3 TXA: 0 RX: 1 AQ: 0]: Received data (1 bytes)
Google.Solutions.Compute Verbose: 0 : SshRelayStream [TX: 3 TXA: 0 RX: 1 AQ: 0]: Received data (1 bytes)
Google.Solutions.Compute Verbose: 0 : SshRelayStream [TX: 3 TXA: 0 RX: 1 AQ: 0]: Received data (1 bytes)
Google.Solutions.Compute Verbose: 0 : SshRelayStream [TX: 3 TXA: 0 RX: 1 AQ: 0]: Received data (1 bytes)
Google.Solutions.Compute Verbose: 0 : SshRelayStream [TX: 3 TXA: 0 RX: 1 AQ: 0]: Received data (1 bytes)
Google.Solutions.Compute Verbose: 0 : SshRelayStream [TX: 3 TXA: 0 RX: 1 AQ: 0]: Received data (1 bytes)
Google.Solutions.Compute Verbose: 0 : SshRelayStream [TX: 3 TXA: 0 RX: 1 AQ: 0]: Received data (1 bytes)
Google.Solutions.Compute Verbose: 0 : SshRelayStream [TX: 3 TXA: 0 RX: 1 AQ: 0]: Received data (1 bytes)
Google.Solutions.Compute Verbose: 0 : SshRelayStream [TX: 3 TXA: 0 RX: 1 AQ: 0]: Received data (1 bytes)
Google.Solutions.Compute Verbose: 0 : SshRelayStream [TX: 3 TXA: 0 RX: 1 AQ: 0]: Received data (1 bytes)
Google.Solutions.Compute Verbose: 0 : SshRelayStream [TX: 3 TXA: 0 RX: 1 AQ: 0]: Received data (1 bytes)
Google.Solutions.Compute Verbose: 0 : SshRelayStream [TX: 3 TXA: 0 RX: 1 AQ: 0]: Received data (1 bytes)
Google.Solutions.Compute Verbose: 0 : SshRelayStream [TX: 3 TXA: 0 RX: 1 AQ: 0]: Received data (1 bytes)
</system-out></testcase><testcase name="ReadAfterWriteAndForcefulServerCloseCausesReconnect(4007)" assertions="6" time="0.000811" status="Passed" classname="Google.Solutions.Compute.Test.Iap.TestSshRelayStreamReading"><system-out>Google.Solutions.Compute Verbose: 0 : SshRelayStream [TX: 0 TXA: 0 RX: 0 AQ: 0]: Connecting...
Google.Solutions.Compute Verbose: 0 : SshRelayStream [TX: 0 TXA: 0 RX: 0 AQ: 0]: Connecting...
Google.Solutions.Compute Verbose: 0 : SshRelayStream [TX: 0 TXA: 0 RX: 0 AQ: 0]: Connecting...
Google.Solutions.Compute Verbose: 0 : SshRelayStream [TX: 0 TXA: 0 RX: 0 AQ: 0]: Connecting...
Google.Solutions.Compute Verbose: 0 : SshRelayStream [TX: 0 TXA: 0 RX: 0 AQ: 0]: Connecting...
Google.Solutions.Compute Verbose: 0 : SshRelayStream [TX: 0 TXA: 0 RX: 0 AQ: 0]: Connecting...
Google.Solutions.Compute Verbose: 0 : SshRelayStream [TX: 0 TXA: 0 RX: 0 AQ: 0]: Connecting...
Google.Solutions.Compute Verbose: 0 : SshRelayStream [TX: 0 TXA: 0 RX: 0 AQ: 0]: Connecting...
Google.Solutions.Compute Verbose: 0 : SshRelayStream [TX: 0 TXA: 0 RX: 0 AQ: 0]: Connecting...
Google.Solutions.Compute Verbose: 0 : SshRelayStream [TX: 0 TXA: 0 RX: 0 AQ: 0]: Connecting...
Google.Solutions.Compute Verbose: 0 : SshRelayStream [TX: 0 TXA: 0 RX: 0 AQ: 0]: Connecting...
Google.Solutions.Compute Verbose: 0 : SshRelayStream [TX: 0 TXA: 0 RX: 0 AQ: 0]: Connecting...
Google.Solutions.Compute Verbose: 0 : SshRelayStream [TX: 0 TXA: 0 RX: 0 AQ: 0]: Connecting...
Google.Solutions.Compute Verbose: 0 : SshRelayStream [TX: 0 TXA: 0 RX: 0 AQ: 0]: Connecting...
Google.Solutions.Compute Verbose: 0 : SshRelayStream [TX: 0 TXA: 0 RX: 0 AQ: 0]: Connecting...
Google.Solutions.Compute Verbose: 0 : SshRelayStream [TX: 0 TXA: 0 RX: 0 AQ: 0]: Connecting...
Google.Solutions.Compute Verbose: 0 : SshRelayStream [TX: 0 TXA: 0 RX: 0 AQ: 0]: Connecting...
Google.Solutions.Compute Verbose: 0 : SshRelayStream [TX: 0 TXA: 0 RX: 0 AQ: 0]: Connecting...
Google.Solutions.Compute Verbose: 0 : SshRelayStream [TX: 0 TXA: 0 RX: 0 AQ: 0]: Connecting...
Google.Solutions.Compute Verbose: 0 : SshRelayStream [TX: 0 TXA: 0 RX: 0 AQ: 0]: Connecting...
Google.Solutions.Compute Verbose: 0 : SshRelayStream [TX: 0 TXA: 0 RX: 0 AQ: 0]: Connecting...
Google.Solutions.Compute Verbose: 0 : SshRelayStream [TX: 0 TXA: 0 RX: 0 AQ: 0]: Connecting...
Google.Solutions.Compute Verbose: 0 : SshRelayStream [TX: 0 TXA: 0 RX: 0 AQ: 0]: Connecting...
Google.Solutions.Compute Verbose: 0 : SshRelayStream [TX: 0 TXA: 0 RX: 0 AQ: 0]: Connecting...
Google.Solutions.Compute Verbose: 0 : SshRelayStream [TX: 0 TXA: 0 RX: 0 AQ: 0]: Connecting...
Google.Solutions.Compute Verbose: 0 : SshRelayStream [TX: 0 TXA: 0 RX: 0 AQ: 0]: Connecting...
Google.Solutions.Compute Verbose: 0 : SshRelayStream [TX: 0 TXA: 0 RX: 0 AQ: 0]: Connecting...
Google.Solutions.Compute Verbose: 0 : SshRelayStream [TX: 0 TXA: 0 RX: 0 AQ: 0]: Connecting...
Google.Solutions.Compute Verbose: 0 : SshRelayStream [TX: 0 TXA: 0 RX: 0 AQ: 0]: Connecting...
Google.Solutions.Compute Verbose: 0 : SshRelayStream [TX: 0 TXA: 0 RX: 0 AQ: 0]: Connecting...
Google.Solutions.Compute Verbose: 0 : SshRelayStream [TX: 0 TXA: 0 RX: 0 AQ: 0]: Sending DATA #0...
Google.Solutions.Compute Verbose: 0 : SshRelayStream [TX: 0 TXA: 0 RX: 0 AQ: 0]: Sending DATA #0...
Google.Solutions.Compute Verbose: 0 : SshRelayStream [TX: 0 TXA: 0 RX: 0 AQ: 0]: Sending DATA #0...
Google.Solutions.Compute Verbose: 0 : SshRelayStream [TX: 0 TXA: 0 RX: 0 AQ: 0]: Sending DATA #0...
Google.Solutions.Compute Verbose: 0 : SshRelayStream [TX: 0 TXA: 0 RX: 0 AQ: 0]: Sending DATA #0...
Google.Solutions.Compute Verbose: 0 : SshRelayStream [TX: 0 TXA: 0 RX: 0 AQ: 0]: Sending DATA #0...
Google.Solutions.Compute Verbose: 0 : SshRelayStream [TX: 0 TXA: 0 RX: 0 AQ: 0]: Sending DATA #0...
Google.Solutions.Compute Verbose: 0 : SshRelayStream [TX: 0 TXA: 0 RX: 0 AQ: 0]: Sending DATA #0...
Google.Solutions.Compute Verbose: 0 : SshRelayStream [TX: 0 TXA: 0 RX: 0 AQ: 0]: Sending DATA #0...
Google.Solutions.Compute Verbose: 0 : SshRelayStream [TX: 0 TXA: 0 RX: 0 AQ: 0]: Sending DATA #0...
Google.Solutions.Compute Verbose: 0 : SshRelayStream [TX: 0 TXA: 0 RX: 0 AQ: 0]: Sending DATA #0...
Google.Solutions.Compute Verbose: 0 : SshRelayStream [TX: 0 TXA: 0 RX: 0 AQ: 0]: Sending DATA #0...
Google.Solutions.Compute Verbose: 0 : SshRelayStream [TX: 0 TXA: 0 RX: 0 AQ: 0]: Sending DATA #0...
Google.Solutions.Compute Verbose: 0 : SshRelayStream [TX: 0 TXA: 0 RX: 0 AQ: 0]: Sending DATA #0...
Google.Solutions.Compute Verbose: 0 : SshRelayStream [TX: 0 TXA: 0 RX: 0 AQ: 0]: Sending DATA #0...
Google.Solutions.Compute Verbose: 0 : SshRelayStream [TX: 0 TXA: 0 RX: 0 AQ: 0]: Sending DATA #0...
Google.Solutions.Compute Verbose: 0 : SshRelayStream [TX: 0 TXA: 0 RX: 0 AQ: 0]: Sending DATA #0...
Google.Solutions.Compute Verbose: 0 : SshRelayStream [TX: 0 TXA: 0 RX: 0 AQ: 0]: Sending DATA #0...
Google.Solutions.Compute Verbose: 0 : SshRelayStream [TX: 0 TXA: 0 RX: 0 AQ: 0]: Sending DATA #0...
Google.Solutions.Compute Verbose: 0 : SshRelayStream [TX: 0 TXA: 0 RX: 0 AQ: 0]: Sending DATA #0...
Google.Solutions.Compute Verbose: 0 : SshRelayStream [TX: 0 TXA: 0 RX: 0 AQ: 0]: Sending DATA #0...
Google.Solutions.Compute Verbose: 0 : SshRelayStream [TX: 0 TXA: 0 RX: 0 AQ: 0]: Sending DATA #0...
Google.Solutions.Compute Verbose: 0 : SshRelayStream [TX: 0 TXA: 0 RX: 0 AQ: 0]: Sending DATA #0...
Google.Solutions.Compute Verbose: 0 : SshRelayStream [TX: 0 TXA: 0 RX: 0 AQ: 0]: Sending DATA #0...
Google.Solutions.Compute Verbose: 0 : SshRelayStream [TX: 0 TXA: 0 RX: 0 AQ: 0]: Sending DATA #0...
Google.Solutions.Compute Verbose: 0 : SshRelayStream [TX: 0 TXA: 0 RX: 0 AQ: 0]: Sending DATA #0...
Google.Solutions.Compute Verbose: 0 : SshRelayStream [TX: 0 TXA: 0 RX: 0 AQ: 0]: Sending DATA #0...
Google.Solutions.Compute Verbose: 0 : SshRelayStream [TX: 0 TXA: 0 RX: 0 AQ: 0]: Sending DATA #0...
Google.Solutions.Compute Verbose: 0 : SshRelayStream [TX: 0 TXA: 0 RX: 0 AQ: 0]: Sending DATA #0...
Google.Solutions.Compute Verbose: 0 : SshRelayStream [TX: 0 TXA: 0 RX: 0 AQ: 0]: Sending DATA #0...
Google.Solutions.Compute Verbose: 0 : SshRelayStream [TX: 3 TXA: 0 RX: 0 AQ: 1]: Connected session &lt;\u0000&gt;
Google.Solutions.Compute Verbose: 0 : SshRelayStream [TX: 3 TXA: 0 RX: 0 AQ: 1]: Connected session &lt;\u0000&gt;
Google.Solutions.Compute Verbose: 0 : SshRelayStream [TX: 3 TXA: 0 RX: 0 AQ: 1]: Connected session &lt;\u0000&gt;
Google.Solutions.Compute Verbose: 0 : SshRelayStream [TX: 3 TXA: 0 RX: 0 AQ: 1]: Connected session &lt;\u0000&gt;
Google.Solutions.Compute Verbose: 0 : SshRelayStream [TX: 3 TXA: 0 RX: 0 AQ: 1]: Connected session &lt;\u0000&gt;
Google.Solutions.Compute Verbose: 0 : SshRelayStream [TX: 3 TXA: 0 RX: 0 AQ: 1]: Connected session &lt;\u0000&gt;
Google.Solutions.Compute Verbose: 0 : SshRelayStream [TX: 3 TXA: 0 RX: 0 AQ: 1]: Connected session &lt;\u0000&gt;
Google.Solutions.Compute Verbose: 0 : SshRelayStream [TX: 3 TXA: 0 RX: 0 AQ: 1]: Connected session &lt;\u0000&gt;
Google.Solutions.Compute Verbose: 0 : SshRelayStream [TX: 3 TXA: 0 RX: 0 AQ: 1]: Connected session &lt;\u0000&gt;
Google.Solutions.Compute Verbose: 0 : SshRelayStream [TX: 3 TXA: 0 RX: 0 AQ: 1]: Connected session &lt;\u0000&gt;
Google.Solutions.Compute Verbose: 0 : SshRelayStream [TX: 3 TXA: 0 RX: 0 AQ: 1]: Connected session &lt;\u0000&gt;
Google.Solutions.Compute Verbose: 0 : SshRelayStream [TX: 3 TXA: 0 RX: 0 AQ: 1]: Connected session &lt;\u0000&gt;
Google.Solutions.Compute Verbose: 0 : SshRelayStream [TX: 3 TXA: 0 RX: 0 AQ: 1]: Connected session &lt;\u0000&gt;
Google.Solutions.Compute Verbose: 0 : SshRelayStream [TX: 3 TXA: 0 RX: 0 AQ: 1]: Connected session &lt;\u0000&gt;
Google.Solutions.Compute Verbose: 0 : SshRelayStream [TX: 3 TXA: 0 RX: 0 AQ: 1]: Connected session &lt;\u0000&gt;
Google.Solutions.Compute Verbose: 0 : SshRelayStream [TX: 3 TXA: 0 RX: 0 AQ: 1]: Connected session &lt;\u0000&gt;
Google.Solutions.Compute Verbose: 0 : SshRelayStream [TX: 3 TXA: 0 RX: 0 AQ: 1]: Connected session &lt;\u0000&gt;
Google.Solutions.Compute Verbose: 0 : SshRelayStream [TX: 3 TXA: 0 RX: 0 AQ: 1]: Connected session &lt;\u0000&gt;
Google.Solutions.Compute Verbose: 0 : SshRelayStream [TX: 3 TXA: 0 RX: 0 AQ: 1]: Connected session &lt;\u0000&gt;
Google.Solutions.Compute Verbose: 0 : SshRelayStream [TX: 3 TXA: 0 RX: 0 AQ: 1]: Connected session &lt;\u0000&gt;
Google.Solutions.Compute Verbose: 0 : SshRelayStream [TX: 3 TXA: 0 RX: 0 AQ: 1]: Connected session &lt;\u0000&gt;
Google.Solutions.Compute Verbose: 0 : SshRelayStream [TX: 3 TXA: 0 RX: 0 AQ: 1]: Connected session &lt;\u0000&gt;
Google.Solutions.Compute Verbose: 0 : SshRelayStream [TX: 3 TXA: 0 RX: 0 AQ: 1]: Connected session &lt;\u0000&gt;
Google.Solutions.Compute Verbose: 0 : SshRelayStream [TX: 3 TXA: 0 RX: 0 AQ: 1]: Connected session &lt;\u0000&gt;
Google.Solutions.Compute Verbose: 0 : SshRelayStream [TX: 3 TXA: 0 RX: 0 AQ: 1]: Connected session &lt;\u0000&gt;
Google.Solutions.Compute Verbose: 0 : SshRelayStream [TX: 3 TXA: 0 RX: 0 AQ: 1]: Connected session &lt;\u0000&gt;
Google.Solutions.Compute Verbose: 0 : SshRelayStream [TX: 3 TXA: 0 RX: 0 AQ: 1]: Connected session &lt;\u0000&gt;
Google.Solutions.Compute Verbose: 0 : SshRelayStream [TX: 3 TXA: 0 RX: 0 AQ: 1]: Connected session &lt;\u0000&gt;
Google.Solutions.Compute Verbose: 0 : SshRelayStream [TX: 3 TXA: 0 RX: 0 AQ: 1]: Connected session &lt;\u0000&gt;
Google.Solutions.Compute Verbose: 0 : SshRelayStream [TX: 3 TXA: 0 RX: 0 AQ: 1]: Connected session &lt;\u0000&gt;
Google.Solutions.Compute Verbose: 0 : SshRelayStream [TX: 3 TXA: 0 RX: 0 AQ: 1]: Received data (1 bytes)
Google.Solutions.Compute Verbose: 0 : SshRelayStream [TX: 3 TXA: 0 RX: 0 AQ: 1]: Received data (1 bytes)
Google.Solutions.Compute Verbose: 0 : SshRelayStream [TX: 3 TXA: 0 RX: 0 AQ: 1]: Received data (1 bytes)
Google.Solutions.Compute Verbose: 0 : SshRelayStream [TX: 3 TXA: 0 RX: 0 AQ: 1]: Received data (1 bytes)
Google.Solutions.Compute Verbose: 0 : SshRelayStream [TX: 3 TXA: 0 RX: 0 AQ: 1]: Received data (1 bytes)
Google.Solutions.Compute Verbose: 0 : SshRelayStream [TX: 3 TXA: 0 RX: 0 AQ: 1]: Received data (1 bytes)
Google.Solutions.Compute Verbose: 0 : SshRelayStream [TX: 3 TXA: 0 RX: 0 AQ: 1]: Received data (1 bytes)
Google.Solutions.Compute Verbose: 0 : SshRelayStream [TX: 3 TXA: 0 RX: 0 AQ: 1]: Received data (1 bytes)
Google.Solutions.Compute Verbose: 0 : SshRelayStream [TX: 3 TXA: 0 RX: 0 AQ: 1]: Received data (1 bytes)
Google.Solutions.Compute Verbose: 0 : SshRelayStream [TX: 3 TXA: 0 RX: 0 AQ: 1]: Received data (1 bytes)
Google.Solutions.Compute Verbose: 0 : SshRelayStream [TX: 3 TXA: 0 RX: 0 AQ: 1]: Received data (1 bytes)
Google.Solutions.Compute Verbose: 0 : SshRelayStream [TX: 3 TXA: 0 RX: 0 AQ: 1]: Received data (1 bytes)
Google.Solutions.Compute Verbose: 0 : SshRelayStream [TX: 3 TXA: 0 RX: 0 AQ: 1]: Received data (1 bytes)
Google.Solutions.Compute Verbose: 0 : SshRelayStream [TX: 3 TXA: 0 RX: 0 AQ: 1]: Received data (1 bytes)
Google.Solutions.Compute Verbose: 0 : SshRelayStream [TX: 3 TXA: 0 RX: 0 AQ: 1]: Received data (1 bytes)
Google.Solutions.Compute Verbose: 0 : SshRelayStream [TX: 3 TXA: 0 RX: 0 AQ: 1]: Received data (1 bytes)
Google.Solutions.Compute Verbose: 0 : SshRelayStream [TX: 3 TXA: 0 RX: 0 AQ: 1]: Received data (1 bytes)
Google.Solutions.Compute Verbose: 0 : SshRelayStream [TX: 3 TXA: 0 RX: 0 AQ: 1]: Received data (1 bytes)
Google.Solutions.Compute Verbose: 0 : SshRelayStream [TX: 3 TXA: 0 RX: 0 AQ: 1]: Received data (1 bytes)
Google.Solutions.Compute Verbose: 0 : SshRelayStream [TX: 3 TXA: 0 RX: 0 AQ: 1]: Received data (1 bytes)
Google.Solutions.Compute Verbose: 0 : SshRelayStream [TX: 3 TXA: 0 RX: 0 AQ: 1]: Received data (1 bytes)
Google.Solutions.Compute Verbose: 0 : SshRelayStream [TX: 3 TXA: 0 RX: 0 AQ: 1]: Received data (1 bytes)
Google.Solutions.Compute Verbose: 0 : SshRelayStream [TX: 3 TXA: 0 RX: 0 AQ: 1]: Received data (1 bytes)
Google.Solutions.Compute Verbose: 0 : SshRelayStream [TX: 3 TXA: 0 RX: 0 AQ: 1]: Received data (1 bytes)
Google.Solutions.Compute Verbose: 0 : SshRelayStream [TX: 3 TXA: 0 RX: 0 AQ: 1]: Received data (1 bytes)
Google.Solutions.Compute Verbose: 0 : SshRelayStream [TX: 3 TXA: 0 RX: 0 AQ: 1]: Received data (1 bytes)
Google.Solutions.Compute Verbose: 0 : SshRelayStream [TX: 3 TXA: 0 RX: 0 AQ: 1]: Received data (1 bytes)
Google.Solutions.Compute Verbose: 0 : SshRelayStream [TX: 3 TXA: 0 RX: 0 AQ: 1]: Received data (1 bytes)
Google.Solutions.Compute Verbose: 0 : SshRelayStream [TX: 3 TXA: 0 RX: 0 AQ: 1]: Received data (1 bytes)
Google.Solutions.Compute Verbose: 0 : SshRelayStream [TX: 3 TXA: 0 RX: 0 AQ: 1]: Received data (1 bytes)
Google.Solutions.Compute Verbose: 0 : SshRelayStream [TX: 3 TXA: 0 RX: 1 AQ: 1]: Connection closed abnormally: INVALID_WEBSOCKET_OPCODE
Google.Solutions.Compute Verbose: 0 : SshRelayStream [TX: 3 TXA: 0 RX: 1 AQ: 1]: Connection closed abnormally: INVALID_WEBSOCKET_OPCODE
Google.Solutions.Compute Verbose: 0 : SshRelayStream [TX: 3 TXA: 0 RX: 1 AQ: 1]: Connection closed abnormally: INVALID_WEBSOCKET_OPCODE
Google.Solutions.Compute Verbose: 0 : SshRelayStream [TX: 3 TXA: 0 RX: 1 AQ: 1]: Connection closed abnormally: INVALID_WEBSOCKET_OPCODE
Google.Solutions.Compute Verbose: 0 : SshRelayStream [TX: 3 TXA: 0 RX: 1 AQ: 1]: Connection closed abnormally: INVALID_WEBSOCKET_OPCODE
Google.Solutions.Compute Verbose: 0 : SshRelayStream [TX: 3 TXA: 0 RX: 1 AQ: 1]: Connection closed abnormally: INVALID_WEBSOCKET_OPCODE
Google.Solutions.Compute Verbose: 0 : SshRelayStream [TX: 3 TXA: 0 RX: 1 AQ: 1]: Connection closed abnormally: INVALID_WEBSOCKET_OPCODE
Google.Solutions.Compute Verbose: 0 : SshRelayStream [TX: 3 TXA: 0 RX: 1 AQ: 1]: Connection closed abnormally: INVALID_WEBSOCKET_OPCODE
Google.Solutions.Compute Verbose: 0 : SshRelayStream [TX: 3 TXA: 0 RX: 1 AQ: 1]: Connection closed abnormally: INVALID_WEBSOCKET_OPCODE
Google.Solutions.Compute Verbose: 0 : SshRelayStream [TX: 3 TXA: 0 RX: 1 AQ: 1]: Connection closed abnormally: INVALID_WEBSOCKET_OPCODE
Google.Solutions.Compute Verbose: 0 : SshRelayStream [TX: 3 TXA: 0 RX: 1 AQ: 1]: Connection closed abnormally: INVALID_WEBSOCKET_OPCODE
Google.Solutions.Compute Verbose: 0 : SshRelayStream [TX: 3 TXA: 0 RX: 1 AQ: 1]: Connection closed abnormally: INVALID_WEBSOCKET_OPCODE
Google.Solutions.Compute Verbose: 0 : SshRelayStream [TX: 3 TXA: 0 RX: 1 AQ: 1]: Connection closed abnormally: INVALID_WEBSOCKET_OPCODE
Google.Solutions.Compute Verbose: 0 : SshRelayStream [TX: 3 TXA: 0 RX: 1 AQ: 1]: Connection closed abnormally: INVALID_WEBSOCKET_OPCODE
Google.Solutions.Compute Verbose: 0 : SshRelayStream [TX: 3 TXA: 0 RX: 1 AQ: 1]: Connection closed abnormally: INVALID_WEBSOCKET_OPCODE
Google.Solutions.Compute Verbose: 0 : SshRelayStream [TX: 3 TXA: 0 RX: 1 AQ: 1]: Connection closed abnormally: INVALID_WEBSOCKET_OPCODE
Google.Solutions.Compute Verbose: 0 : SshRelayStream [TX: 3 TXA: 0 RX: 1 AQ: 1]: Connection closed abnormally: INVALID_WEBSOCKET_OPCODE
Google.Solutions.Compute Verbose: 0 : SshRelayStream [TX: 3 TXA: 0 RX: 1 AQ: 1]: Connection closed abnormally: INVALID_WEBSOCKET_OPCODE
Google.Solutions.Compute Verbose: 0 : SshRelayStream [TX: 3 TXA: 0 RX: 1 AQ: 1]: Connection closed abnormally: INVALID_WEBSOCKET_OPCODE
Google.Solutions.Compute Verbose: 0 : SshRelayStream [TX: 3 TXA: 0 RX: 1 AQ: 1]: Connection closed abnormally: INVALID_WEBSOCKET_OPCODE
Google.Solutions.Compute Verbose: 0 : SshRelayStream [TX: 3 TXA: 0 RX: 1 AQ: 1]: Connection closed abnormally: INVALID_WEBSOCKET_OPCODE
Google.Solutions.Compute Verbose: 0 : SshRelayStream [TX: 3 TXA: 0 RX: 1 AQ: 1]: Connection closed abnormally: INVALID_WEBSOCKET_OPCODE
Google.Solutions.Compute Verbose: 0 : SshRelayStream [TX: 3 TXA: 0 RX: 1 AQ: 1]: Connection closed abnormally: INVALID_WEBSOCKET_OPCODE
Google.Solutions.Compute Verbose: 0 : SshRelayStream [TX: 3 TXA: 0 RX: 1 AQ: 1]: Connection closed abnormally: INVALID_WEBSOCKET_OPCODE
Google.Solutions.Compute Verbose: 0 : SshRelayStream [TX: 3 TXA: 0 RX: 1 AQ: 1]: Connection closed abnormally: INVALID_WEBSOCKET_OPCODE
Google.Solutions.Compute Verbose: 0 : SshRelayStream [TX: 3 TXA: 0 RX: 1 AQ: 1]: Connection closed abnormally: INVALID_WEBSOCKET_OPCODE
Google.Solutions.Compute Verbose: 0 : SshRelayStream [TX: 3 TXA: 0 RX: 1 AQ: 1]: Connection closed abnormally: INVALID_WEBSOCKET_OPCODE
Google.Solutions.Compute Verbose: 0 : SshRelayStream [TX: 3 TXA: 0 RX: 1 AQ: 1]: Connection closed abnormally: INVALID_WEBSOCKET_OPCODE
Google.Solutions.Compute Verbose: 0 : SshRelayStream [TX: 3 TXA: 0 RX: 1 AQ: 1]: Connection closed abnormally: INVALID_WEBSOCKET_OPCODE
Google.Solutions.Compute Verbose: 0 : SshRelayStream [TX: 3 TXA: 0 RX: 1 AQ: 1]: Connection closed abnormally: INVALID_WEBSOCKET_OPCODE
Google.Solutions.Compute Verbose: 0 : SshRelayStream [TX: 3 TXA: 0 RX: 1 AQ: 1]: Disconnecting, preparing to reconnect
Google.Solutions.Compute Verbose: 0 : SshRelayStream [TX: 3 TXA: 0 RX: 1 AQ: 1]: Disconnecting, preparing to reconnect
Google.Solutions.Compute Verbose: 0 : SshRelayStream [TX: 3 TXA: 0 RX: 1 AQ: 1]: Disconnecting, preparing to reconnect
Google.Solutions.Compute Verbose: 0 : SshRelayStream [TX: 3 TXA: 0 RX: 1 AQ: 1]: Disconnecting, preparing to reconnect
Google.Solutions.Compute Verbose: 0 : SshRelayStream [TX: 3 TXA: 0 RX: 1 AQ: 1]: Disconnecting, preparing to reconnect
Google.Solutions.Compute Verbose: 0 : SshRelayStream [TX: 3 TXA: 0 RX: 1 AQ: 1]: Disconnecting, preparing to reconnect
Google.Solutions.Compute Verbose: 0 : SshRelayStream [TX: 3 TXA: 0 RX: 1 AQ: 1]: Disconnecting, preparing to reconnect
Google.Solutions.Compute Verbose: 0 : SshRelayStream [TX: 3 TXA: 0 RX: 1 AQ: 1]: Disconnecting, preparing to reconnect
Google.Solutions.Compute Verbose: 0 : SshRelayStream [TX: 3 TXA: 0 RX: 1 AQ: 1]: Disconnecting, preparing to reconnect
Google.Solutions.Compute Verbose: 0 : SshRelayStream [TX: 3 TXA: 0 RX: 1 AQ: 1]: Disconnecting, preparing to reconnect
Google.Solutions.Compute Verbose: 0 : SshRelayStream [TX: 3 TXA: 0 RX: 1 AQ: 1]: Disconnecting, preparing to reconnect
Google.Solutions.Compute Verbose: 0 : SshRelayStream [TX: 3 TXA: 0 RX: 1 AQ: 1]: Disconnecting, preparing to reconnect
Google.Solutions.Compute Verbose: 0 : SshRelayStream [TX: 3 TXA: 0 RX: 1 AQ: 1]: Disconnecting, preparing to reconnect
Google.Solutions.Compute Verbose: 0 : SshRelayStream [TX: 3 TXA: 0 RX: 1 AQ: 1]: Disconnecting, preparing to reconnect
Google.Solutions.Compute Verbose: 0 : SshRelayStream [TX: 3 TXA: 0 RX: 1 AQ: 1]: Disconnecting, preparing to reconnect
Google.Solutions.Compute Verbose: 0 : SshRelayStream [TX: 3 TXA: 0 RX: 1 AQ: 1]: Disconnecting, preparing to reconnect
Google.Solutions.Compute Verbose: 0 : SshRelayStream [TX: 3 TXA: 0 RX: 1 AQ: 1]: Disconnecting, preparing to reconnect
Google.Solutions.Compute Verbose: 0 : SshRelayStream [TX: 3 TXA: 0 RX: 1 AQ: 1]: Disconnecting, preparing to reconnect
Google.Solutions.Compute Verbose: 0 : SshRelayStream [TX: 3 TXA: 0 RX: 1 AQ: 1]: Disconnecting, preparing to reconnect
Google.Solutions.Compute Verbose: 0 : SshRelayStream [TX: 3 TXA: 0 RX: 1 AQ: 1]: Disconnecting, preparing to reconnect
Google.Solutions.Compute Verbose: 0 : SshRelayStream [TX: 3 TXA: 0 RX: 1 AQ: 1]: Disconnecting, preparing to reconnect
Google.Solutions.Compute Verbose: 0 : SshRelayStream [TX: 3 TXA: 0 RX: 1 AQ: 1]: Disconnecting, preparing to reconnect
Google.Solutions.Compute Verbose: 0 : SshRelayStream [TX: 3 TXA: 0 RX: 1 AQ: 1]: Disconnecting, preparing to reconnect
Google.Solutions.Compute Verbose: 0 : SshRelayStream [TX: 3 TXA: 0 RX: 1 AQ: 1]: Disconnecting, preparing to reconnect
Google.Solutions.Compute Verbose: 0 : SshRelayStream [TX: 3 TXA: 0 RX: 1 AQ: 1]: Disconnecting, preparing to reconnect
Google.Solutions.Compute Verbose: 0 : SshRelayStream [TX: 3 TXA: 0 RX: 1 AQ: 1]: Disconnecting, preparing to reconnect
Google.Solutions.Compute Verbose: 0 : SshRelayStream [TX: 3 TXA: 0 RX: 1 AQ: 1]: Disconnecting, preparing to reconnect
Google.Solutions.Compute Verbose: 0 : SshRelayStream [TX: 3 TXA: 0 RX: 1 AQ: 1]: Disconnecting, preparing to reconnect
Google.Solutions.Compute Verbose: 0 : SshRelayStream [TX: 3 TXA: 0 RX: 1 AQ: 1]: Disconnecting, preparing to reconnect
Google.Solutions.Compute Verbose: 0 : SshRelayStream [TX: 3 TXA: 0 RX: 1 AQ: 1]: Disconnecting, preparing to reconnect
Google.Solutions.Compute Verbose: 0 : SshRelayStream [TX: 3 TXA: 0 RX: 1 AQ: 1]: Disonnected.
Google.Solutions.Compute Verbose: 0 : SshRelayStream [TX: 3 TXA: 0 RX: 1 AQ: 1]: Disonnected.
Google.Solutions.Compute Verbose: 0 : SshRelayStream [TX: 3 TXA: 0 RX: 1 AQ: 1]: Disonnected.
Google.Solutions.Compute Verbose: 0 : SshRelayStream [TX: 3 TXA: 0 RX: 1 AQ: 1]: Disonnected.
Google.Solutions.Compute Verbose: 0 : SshRelayStream [TX: 3 TXA: 0 RX: 1 AQ: 1]: Disonnected.
Google.Solutions.Compute Verbose: 0 : SshRelayStream [TX: 3 TXA: 0 RX: 1 AQ: 1]: Disonnected.
Google.Solutions.Compute Verbose: 0 : SshRelayStream [TX: 3 TXA: 0 RX: 1 AQ: 1]: Disonnected.
Google.Solutions.Compute Verbose: 0 : SshRelayStream [TX: 3 TXA: 0 RX: 1 AQ: 1]: Disonnected.
Google.Solutions.Compute Verbose: 0 : SshRelayStream [TX: 3 TXA: 0 RX: 1 AQ: 1]: Disonnected.
Google.Solutions.Compute Verbose: 0 : SshRelayStream [TX: 3 TXA: 0 RX: 1 AQ: 1]: Disonnected.
Google.Solutions.Compute Verbose: 0 : SshRelayStream [TX: 3 TXA: 0 RX: 1 AQ: 1]: Disonnected.
Google.Solutions.Compute Verbose: 0 : SshRelayStream [TX: 3 TXA: 0 RX: 1 AQ: 1]: Disonnected.
Google.Solutions.Compute Verbose: 0 : SshRelayStream [TX: 3 TXA: 0 RX: 1 AQ: 1]: Disonnected.
Google.Solutions.Compute Verbose: 0 : SshRelayStream [TX: 3 TXA: 0 RX: 1 AQ: 1]: Disonnected.
Google.Solutions.Compute Verbose: 0 : SshRelayStream [TX: 3 TXA: 0 RX: 1 AQ: 1]: Disonnected.
Google.Solutions.Compute Verbose: 0 : SshRelayStream [TX: 3 TXA: 0 RX: 1 AQ: 1]: Disonnected.
Google.Solutions.Compute Verbose: 0 : SshRelayStream [TX: 3 TXA: 0 RX: 1 AQ: 1]: Disonnected.
Google.Solutions.Compute Verbose: 0 : SshRelayStream [TX: 3 TXA: 0 RX: 1 AQ: 1]: Disonnected.
Google.Solutions.Compute Verbose: 0 : SshRelayStream [TX: 3 TXA: 0 RX: 1 AQ: 1]: Disonnected.
Google.Solutions.Compute Verbose: 0 : SshRelayStream [TX: 3 TXA: 0 RX: 1 AQ: 1]: Disonnected.
Google.Solutions.Compute Verbose: 0 : SshRelayStream [TX: 3 TXA: 0 RX: 1 AQ: 1]: Disonnected.
Google.Solutions.Compute Verbose: 0 : SshRelayStream [TX: 3 TXA: 0 RX: 1 AQ: 1]: Disonnected.
Google.Solutions.Compute Verbose: 0 : SshRelayStream [TX: 3 TXA: 0 RX: 1 AQ: 1]: Disonnected.
Google.Solutions.Compute Verbose: 0 : SshRelayStream [TX: 3 TXA: 0 RX: 1 AQ: 1]: Disonnected.
Google.Solutions.Compute Verbose: 0 : SshRelayStream [TX: 3 TXA: 0 RX: 1 AQ: 1]: Disonnected.
Google.Solutions.Compute Verbose: 0 : SshRelayStream [TX: 3 TXA: 0 RX: 1 AQ: 1]: Disonnected.
Google.Solutions.Compute Verbose: 0 : SshRelayStream [TX: 3 TXA: 0 RX: 1 AQ: 1]: Disonnected.
Google.Solutions.Compute Verbose: 0 : SshRelayStream [TX: 3 TXA: 0 RX: 1 AQ: 1]: Disonnected.
Google.Solutions.Compute Verbose: 0 : SshRelayStream [TX: 3 TXA: 0 RX: 1 AQ: 1]: Disonnected.
Google.Solutions.Compute Verbose: 0 : SshRelayStream [TX: 3 TXA: 0 RX: 1 AQ: 1]: Disonnected.
Google.Solutions.Compute Verbose: 0 : SshRelayStream [TX: 3 TXA: 0 RX: 1 AQ: 1]: Reconnecting...
Google.Solutions.Compute Verbose: 0 : SshRelayStream [TX: 3 TXA: 0 RX: 1 AQ: 1]: Reconnecting...
Google.Solutions.Compute Verbose: 0 : SshRelayStream [TX: 3 TXA: 0 RX: 1 AQ: 1]: Reconnecting...
Google.Solutions.Compute Verbose: 0 : SshRelayStream [TX: 3 TXA: 0 RX: 1 AQ: 1]: Reconnecting...
Google.Solutions.Compute Verbose: 0 : SshRelayStream [TX: 3 TXA: 0 RX: 1 AQ: 1]: Reconnecting...
Google.Solutions.Compute Verbose: 0 : SshRelayStream [TX: 3 TXA: 0 RX: 1 AQ: 1]: Reconnecting...
Google.Solutions.Compute Verbose: 0 : SshRelayStream [TX: 3 TXA: 0 RX: 1 AQ: 1]: Reconnecting...
Google.Solutions.Compute Verbose: 0 : SshRelayStream [TX: 3 TXA: 0 RX: 1 AQ: 1]: Reconnecting...
Google.Solutions.Compute Verbose: 0 : SshRelayStream [TX: 3 TXA: 0 RX: 1 AQ: 1]: Reconnecting...
Google.Solutions.Compute Verbose: 0 : SshRelayStream [TX: 3 TXA: 0 RX: 1 AQ: 1]: Reconnecting...
Google.Solutions.Compute Verbose: 0 : SshRelayStream [TX: 3 TXA: 0 RX: 1 AQ: 1]: Reconnecting...
Google.Solutions.Compute Verbose: 0 : SshRelayStream [TX: 3 TXA: 0 RX: 1 AQ: 1]: Reconnecting...
Google.Solutions.Compute Verbose: 0 : SshRelayStream [TX: 3 TXA: 0 RX: 1 AQ: 1]: Reconnecting...
Google.Solutions.Compute Verbose: 0 : SshRelayStream [TX: 3 TXA: 0 RX: 1 AQ: 1]: Reconnecting...
Google.Solutions.Compute Verbose: 0 : SshRelayStream [TX: 3 TXA: 0 RX: 1 AQ: 1]: Reconnecting...
Google.Solutions.Compute Verbose: 0 : SshRelayStream [TX: 3 TXA: 0 RX: 1 AQ: 1]: Reconnecting...
Google.Solutions.Compute Verbose: 0 : SshRelayStream [TX: 3 TXA: 0 RX: 1 AQ: 1]: Reconnecting...
Google.Solutions.Compute Verbose: 0 : SshRelayStream [TX: 3 TXA: 0 RX: 1 AQ: 1]: Reconnecting...
Google.Solutions.Compute Verbose: 0 : SshRelayStream [TX: 3 TXA: 0 RX: 1 AQ: 1]: Reconnecting...
Google.Solutions.Compute Verbose: 0 : SshRelayStream [TX: 3 TXA: 0 RX: 1 AQ: 1]: Reconnecting...
Google.Solutions.Compute Verbose: 0 : SshRelayStream [TX: 3 TXA: 0 RX: 1 AQ: 1]: Reconnecting...
Google.Solutions.Compute Verbose: 0 : SshRelayStream [TX: 3 TXA: 0 RX: 1 AQ: 1]: Reconnecting...
Google.Solutions.Compute Verbose: 0 : SshRelayStream [TX: 3 TXA: 0 RX: 1 AQ: 1]: Reconnecting...
Google.Solutions.Compute Verbose: 0 : SshRelayStream [TX: 3 TXA: 0 RX: 1 AQ: 1]: Reconnecting...
Google.Solutions.Compute Verbose: 0 : SshRelayStream [TX: 3 TXA: 0 RX: 1 AQ: 1]: Reconnecting...
Google.Solutions.Compute Verbose: 0 : SshRelayStream [TX: 3 TXA: 0 RX: 1 AQ: 1]: Reconnecting...
Google.Solutions.Compute Verbose: 0 : SshRelayStream [TX: 3 TXA: 0 RX: 1 AQ: 1]: Reconnecting...
Google.Solutions.Compute Verbose: 0 : SshRelayStream [TX: 3 TXA: 0 RX: 1 AQ: 1]: Reconnecting...
Google.Solutions.Compute Verbose: 0 : SshRelayStream [TX: 3 TXA: 0 RX: 1 AQ: 1]: Reconnecting...
Google.Solutions.Compute Verbose: 0 : SshRelayStream [TX: 3 TXA: 0 RX: 1 AQ: 1]: Reconnecting...
Google.Solutions.Compute Verbose: 0 : SshRelayStream [TX: 3 TXA: 0 RX: 1 AQ: 0]: Resending DATA #0...
Google.Solutions.Compute Verbose: 0 : SshRelayStream [TX: 3 TXA: 0 RX: 1 AQ: 0]: Resending DATA #0...
Google.Solutions.Compute Verbose: 0 : SshRelayStream [TX: 3 TXA: 0 RX: 1 AQ: 0]: Resending DATA #0...
Google.Solutions.Compute Verbose: 0 : SshRelayStream [TX: 3 TXA: 0 RX: 1 AQ: 0]: Resending DATA #0...
Google.Solutions.Compute Verbose: 0 : SshRelayStream [TX: 3 TXA: 0 RX: 1 AQ: 0]: Resending DATA #0...
Google.Solutions.Compute Verbose: 0 : SshRelayStream [TX: 3 TXA: 0 RX: 1 AQ: 0]: Resending DATA #0...
Google.Solutions.Compute Verbose: 0 : SshRelayStream [TX: 3 TXA: 0 RX: 1 AQ: 0]: Resending DATA #0...
Google.Solutions.Compute Verbose: 0 : SshRelayStream [TX: 3 TXA: 0 RX: 1 AQ: 0]: Resending DATA #0...
Google.Solutions.Compute Verbose: 0 : SshRelayStream [TX: 3 TXA: 0 RX: 1 AQ: 0]: Resending DATA #0...
Google.Solutions.Compute Verbose: 0 : SshRelayStream [TX: 3 TXA: 0 RX: 1 AQ: 0]: Resending DATA #0...
Google.Solutions.Compute Verbose: 0 : SshRelayStream [TX: 3 TXA: 0 RX: 1 AQ: 0]: Resending DATA #0...
Google.Solutions.Compute Verbose: 0 : SshRelayStream [TX: 3 TXA: 0 RX: 1 AQ: 0]: Resending DATA #0...
Google.Solutions.Compute Verbose: 0 : SshRelayStream [TX: 3 TXA: 0 RX: 1 AQ: 0]: Resending DATA #0...
Google.Solutions.Compute Verbose: 0 : SshRelayStream [TX: 3 TXA: 0 RX: 1 AQ: 0]: Resending DATA #0...
Google.Solutions.Compute Verbose: 0 : SshRelayStream [TX: 3 TXA: 0 RX: 1 AQ: 0]: Resending DATA #0...
Google.Solutions.Compute Verbose: 0 : SshRelayStream [TX: 3 TXA: 0 RX: 1 AQ: 0]: Resending DATA #0...
Google.Solutions.Compute Verbose: 0 : SshRelayStream [TX: 3 TXA: 0 RX: 1 AQ: 0]: Resending DATA #0...
Google.Solutions.Compute Verbose: 0 : SshRelayStream [TX: 3 TXA: 0 RX: 1 AQ: 0]: Resending DATA #0...
Google.Solutions.Compute Verbose: 0 : SshRelayStream [TX: 3 TXA: 0 RX: 1 AQ: 0]: Resending DATA #0...
Google.Solutions.Compute Verbose: 0 : SshRelayStream [TX: 3 TXA: 0 RX: 1 AQ: 0]: Resending DATA #0...
Google.Solutions.Compute Verbose: 0 : SshRelayStream [TX: 3 TXA: 0 RX: 1 AQ: 0]: Resending DATA #0...
Google.Solutions.Compute Verbose: 0 : SshRelayStream [TX: 3 TXA: 0 RX: 1 AQ: 0]: Resending DATA #0...
Google.Solutions.Compute Verbose: 0 : SshRelayStream [TX: 3 TXA: 0 RX: 1 AQ: 0]: Resending DATA #0...
Google.Solutions.Compute Verbose: 0 : SshRelayStream [TX: 3 TXA: 0 RX: 1 AQ: 0]: Resending DATA #0...
Google.Solutions.Compute Verbose: 0 : SshRelayStream [TX: 3 TXA: 0 RX: 1 AQ: 0]: Resending DATA #0...
Google.Solutions.Compute Verbose: 0 : SshRelayStream [TX: 3 TXA: 0 RX: 1 AQ: 0]: Resending DATA #0...
Google.Solutions.Compute Verbose: 0 : SshRelayStream [TX: 3 TXA: 0 RX: 1 AQ: 0]: Resending DATA #0...
Google.Solutions.Compute Verbose: 0 : SshRelayStream [TX: 3 TXA: 0 RX: 1 AQ: 0]: Resending DATA #0...
Google.Solutions.Compute Verbose: 0 : SshRelayStream [TX: 3 TXA: 0 RX: 1 AQ: 0]: Resending DATA #0...
Google.Solutions.Compute Verbose: 0 : SshRelayStream [TX: 3 TXA: 0 RX: 1 AQ: 0]: Resending DATA #0...
Google.Solutions.Compute Verbose: 0 : SshRelayStream [TX: 3 TXA: 0 RX: 1 AQ: 0]: Reconnected session &lt;\u0000&gt;
Google.Solutions.Compute Verbose: 0 : SshRelayStream [TX: 3 TXA: 0 RX: 1 AQ: 0]: Reconnected session &lt;\u0000&gt;
Google.Solutions.Compute Verbose: 0 : SshRelayStream [TX: 3 TXA: 0 RX: 1 AQ: 0]: Reconnected session &lt;\u0000&gt;
Google.Solutions.Compute Verbose: 0 : SshRelayStream [TX: 3 TXA: 0 RX: 1 AQ: 0]: Reconnected session &lt;\u0000&gt;
Google.Solutions.Compute Verbose: 0 : SshRelayStream [TX: 3 TXA: 0 RX: 1 AQ: 0]: Reconnected session &lt;\u0000&gt;
Google.Solutions.Compute Verbose: 0 : SshRelayStream [TX: 3 TXA: 0 RX: 1 AQ: 0]: Reconnected session &lt;\u0000&gt;
Google.Solutions.Compute Verbose: 0 : SshRelayStream [TX: 3 TXA: 0 RX: 1 AQ: 0]: Reconnected session &lt;\u0000&gt;
Google.Solutions.Compute Verbose: 0 : SshRelayStream [TX: 3 TXA: 0 RX: 1 AQ: 0]: Reconnected session &lt;\u0000&gt;
Google.Solutions.Compute Verbose: 0 : SshRelayStream [TX: 3 TXA: 0 RX: 1 AQ: 0]: Reconnected session &lt;\u0000&gt;
Google.Solutions.Compute Verbose: 0 : SshRelayStream [TX: 3 TXA: 0 RX: 1 AQ: 0]: Reconnected session &lt;\u0000&gt;
Google.Solutions.Compute Verbose: 0 : SshRelayStream [TX: 3 TXA: 0 RX: 1 AQ: 0]: Reconnected session &lt;\u0000&gt;
Google.Solutions.Compute Verbose: 0 : SshRelayStream [TX: 3 TXA: 0 RX: 1 AQ: 0]: Reconnected session &lt;\u0000&gt;
Google.Solutions.Compute Verbose: 0 : SshRelayStream [TX: 3 TXA: 0 RX: 1 AQ: 0]: Reconnected session &lt;\u0000&gt;
Google.Solutions.Compute Verbose: 0 : SshRelayStream [TX: 3 TXA: 0 RX: 1 AQ: 0]: Reconnected session &lt;\u0000&gt;
Google.Solutions.Compute Verbose: 0 : SshRelayStream [TX: 3 TXA: 0 RX: 1 AQ: 0]: Reconnected session &lt;\u0000&gt;
Google.Solutions.Compute Verbose: 0 : SshRelayStream [TX: 3 TXA: 0 RX: 1 AQ: 0]: Reconnected session &lt;\u0000&gt;
Google.Solutions.Compute Verbose: 0 : SshRelayStream [TX: 3 TXA: 0 RX: 1 AQ: 0]: Reconnected session &lt;\u0000&gt;
Google.Solutions.Compute Verbose: 0 : SshRelayStream [TX: 3 TXA: 0 RX: 1 AQ: 0]: Reconnected session &lt;\u0000&gt;
Google.Solutions.Compute Verbose: 0 : SshRelayStream [TX: 3 TXA: 0 RX: 1 AQ: 0]: Reconnected session &lt;\u0000&gt;
Google.Solutions.Compute Verbose: 0 : SshRelayStream [TX: 3 TXA: 0 RX: 1 AQ: 0]: Reconnected session &lt;\u0000&gt;
Google.Solutions.Compute Verbose: 0 : SshRelayStream [TX: 3 TXA: 0 RX: 1 AQ: 0]: Reconnected session &lt;\u0000&gt;
Google.Solutions.Compute Verbose: 0 : SshRelayStream [TX: 3 TXA: 0 RX: 1 AQ: 0]: Reconnected session &lt;\u0000&gt;
Google.Solutions.Compute Verbose: 0 : SshRelayStream [TX: 3 TXA: 0 RX: 1 AQ: 0]: Reconnected session &lt;\u0000&gt;
Google.Solutions.Compute Verbose: 0 : SshRelayStream [TX: 3 TXA: 0 RX: 1 AQ: 0]: Reconnected session &lt;\u0000&gt;
Google.Solutions.Compute Verbose: 0 : SshRelayStream [TX: 3 TXA: 0 RX: 1 AQ: 0]: Reconnected session &lt;\u0000&gt;
Google.Solutions.Compute Verbose: 0 : SshRelayStream [TX: 3 TXA: 0 RX: 1 AQ: 0]: Reconnected session &lt;\u0000&gt;
Google.Solutions.Compute Verbose: 0 : SshRelayStream [TX: 3 TXA: 0 RX: 1 AQ: 0]: Reconnected session &lt;\u0000&gt;
Google.Solutions.Compute Verbose: 0 : SshRelayStream [TX: 3 TXA: 0 RX: 1 AQ: 0]: Reconnected session &lt;\u0000&gt;
Google.Solutions.Compute Verbose: 0 : SshRelayStream [TX: 3 TXA: 0 RX: 1 AQ: 0]: Reconnected session &lt;\u0000&gt;
Google.Solutions.Compute Verbose: 0 : SshRelayStream [TX: 3 TXA: 0 RX: 1 AQ: 0]: Reconnected session &lt;\u0000&gt;
Google.Solutions.Compute Verbose: 0 : SshRelayStream [TX: 3 TXA: 0 RX: 1 AQ: 0]: Received data (1 bytes)
Google.Solutions.Compute Verbose: 0 : SshRelayStream [TX: 3 TXA: 0 RX: 1 AQ: 0]: Received data (1 bytes)
Google.Solutions.Compute Verbose: 0 : SshRelayStream [TX: 3 TXA: 0 RX: 1 AQ: 0]: Received data (1 bytes)
Google.Solutions.Compute Verbose: 0 : SshRelayStream [TX: 3 TXA: 0 RX: 1 AQ: 0]: Received data (1 bytes)
Google.Solutions.Compute Verbose: 0 : SshRelayStream [TX: 3 TXA: 0 RX: 1 AQ: 0]: Received data (1 bytes)
Google.Solutions.Compute Verbose: 0 : SshRelayStream [TX: 3 TXA: 0 RX: 1 AQ: 0]: Received data (1 bytes)
Google.Solutions.Compute Verbose: 0 : SshRelayStream [TX: 3 TXA: 0 RX: 1 AQ: 0]: Received data (1 bytes)
Google.Solutions.Compute Verbose: 0 : SshRelayStream [TX: 3 TXA: 0 RX: 1 AQ: 0]: Received data (1 bytes)
Google.Solutions.Compute Verbose: 0 : SshRelayStream [TX: 3 TXA: 0 RX: 1 AQ: 0]: Received data (1 bytes)
Google.Solutions.Compute Verbose: 0 : SshRelayStream [TX: 3 TXA: 0 RX: 1 AQ: 0]: Received data (1 bytes)
Google.Solutions.Compute Verbose: 0 : SshRelayStream [TX: 3 TXA: 0 RX: 1 AQ: 0]: Received data (1 bytes)
Google.Solutions.Compute Verbose: 0 : SshRelayStream [TX: 3 TXA: 0 RX: 1 AQ: 0]: Received data (1 bytes)
Google.Solutions.Compute Verbose: 0 : SshRelayStream [TX: 3 TXA: 0 RX: 1 AQ: 0]: Received data (1 bytes)
Google.Solutions.Compute Verbose: 0 : SshRelayStream [TX: 3 TXA: 0 RX: 1 AQ: 0]: Received data (1 bytes)
Google.Solutions.Compute Verbose: 0 : SshRelayStream [TX: 3 TXA: 0 RX: 1 AQ: 0]: Received data (1 bytes)
Google.Solutions.Compute Verbose: 0 : SshRelayStream [TX: 3 TXA: 0 RX: 1 AQ: 0]: Received data (1 bytes)
Google.Solutions.Compute Verbose: 0 : SshRelayStream [TX: 3 TXA: 0 RX: 1 AQ: 0]: Received data (1 bytes)
Google.Solutions.Compute Verbose: 0 : SshRelayStream [TX: 3 TXA: 0 RX: 1 AQ: 0]: Received data (1 bytes)
Google.Solutions.Compute Verbose: 0 : SshRelayStream [TX: 3 TXA: 0 RX: 1 AQ: 0]: Received data (1 bytes)
Google.Solutions.Compute Verbose: 0 : SshRelayStream [TX: 3 TXA: 0 RX: 1 AQ: 0]: Received data (1 bytes)
Google.Solutions.Compute Verbose: 0 : SshRelayStream [TX: 3 TXA: 0 RX: 1 AQ: 0]: Received data (1 bytes)
Google.Solutions.Compute Verbose: 0 : SshRelayStream [TX: 3 TXA: 0 RX: 1 AQ: 0]: Received data (1 bytes)
Google.Solutions.Compute Verbose: 0 : SshRelayStream [TX: 3 TXA: 0 RX: 1 AQ: 0]: Received data (1 bytes)
Google.Solutions.Compute Verbose: 0 : SshRelayStream [TX: 3 TXA: 0 RX: 1 AQ: 0]: Received data (1 bytes)
Google.Solutions.Compute Verbose: 0 : SshRelayStream [TX: 3 TXA: 0 RX: 1 AQ: 0]: Received data (1 bytes)
Google.Solutions.Compute Verbose: 0 : SshRelayStream [TX: 3 TXA: 0 RX: 1 AQ: 0]: Received data (1 bytes)
Google.Solutions.Compute Verbose: 0 : SshRelayStream [TX: 3 TXA: 0 RX: 1 AQ: 0]: Received data (1 bytes)
Google.Solutions.Compute Verbose: 0 : SshRelayStream [TX: 3 TXA: 0 RX: 1 AQ: 0]: Received data (1 bytes)
Google.Solutions.Compute Verbose: 0 : SshRelayStream [TX: 3 TXA: 0 RX: 1 AQ: 0]: Received data (1 bytes)
Google.Solutions.Compute Verbose: 0 : SshRelayStream [TX: 3 TXA: 0 RX: 1 AQ: 0]: Received data (1 bytes)
</system-out></testcase><testcase name="ReadAfterWriteAndForcefulServerCloseCausesReconnect(4004)" assertions="6" time="0.000955" status="Passed" classname="Google.Solutions.Compute.Test.Iap.TestSshRelayStreamReading"><system-out>Google.Solutions.Compute Verbose: 0 : SshRelayStream [TX: 0 TXA: 0 RX: 0 AQ: 0]: Connecting...
Google.Solutions.Compute Verbose: 0 : SshRelayStream [TX: 0 TXA: 0 RX: 0 AQ: 0]: Connecting...
Google.Solutions.Compute Verbose: 0 : SshRelayStream [TX: 0 TXA: 0 RX: 0 AQ: 0]: Connecting...
Google.Solutions.Compute Verbose: 0 : SshRelayStream [TX: 0 TXA: 0 RX: 0 AQ: 0]: Connecting...
Google.Solutions.Compute Verbose: 0 : SshRelayStream [TX: 0 TXA: 0 RX: 0 AQ: 0]: Connecting...
Google.Solutions.Compute Verbose: 0 : SshRelayStream [TX: 0 TXA: 0 RX: 0 AQ: 0]: Connecting...
Google.Solutions.Compute Verbose: 0 : SshRelayStream [TX: 0 TXA: 0 RX: 0 AQ: 0]: Connecting...
Google.Solutions.Compute Verbose: 0 : SshRelayStream [TX: 0 TXA: 0 RX: 0 AQ: 0]: Connecting...
Google.Solutions.Compute Verbose: 0 : SshRelayStream [TX: 0 TXA: 0 RX: 0 AQ: 0]: Connecting...
Google.Solutions.Compute Verbose: 0 : SshRelayStream [TX: 0 TXA: 0 RX: 0 AQ: 0]: Connecting...
Google.Solutions.Compute Verbose: 0 : SshRelayStream [TX: 0 TXA: 0 RX: 0 AQ: 0]: Connecting...
Google.Solutions.Compute Verbose: 0 : SshRelayStream [TX: 0 TXA: 0 RX: 0 AQ: 0]: Connecting...
Google.Solutions.Compute Verbose: 0 : SshRelayStream [TX: 0 TXA: 0 RX: 0 AQ: 0]: Connecting...
Google.Solutions.Compute Verbose: 0 : SshRelayStream [TX: 0 TXA: 0 RX: 0 AQ: 0]: Connecting...
Google.Solutions.Compute Verbose: 0 : SshRelayStream [TX: 0 TXA: 0 RX: 0 AQ: 0]: Connecting...
Google.Solutions.Compute Verbose: 0 : SshRelayStream [TX: 0 TXA: 0 RX: 0 AQ: 0]: Connecting...
Google.Solutions.Compute Verbose: 0 : SshRelayStream [TX: 0 TXA: 0 RX: 0 AQ: 0]: Connecting...
Google.Solutions.Compute Verbose: 0 : SshRelayStream [TX: 0 TXA: 0 RX: 0 AQ: 0]: Connecting...
Google.Solutions.Compute Verbose: 0 : SshRelayStream [TX: 0 TXA: 0 RX: 0 AQ: 0]: Connecting...
Google.Solutions.Compute Verbose: 0 : SshRelayStream [TX: 0 TXA: 0 RX: 0 AQ: 0]: Connecting...
Google.Solutions.Compute Verbose: 0 : SshRelayStream [TX: 0 TXA: 0 RX: 0 AQ: 0]: Connecting...
Google.Solutions.Compute Verbose: 0 : SshRelayStream [TX: 0 TXA: 0 RX: 0 AQ: 0]: Connecting...
Google.Solutions.Compute Verbose: 0 : SshRelayStream [TX: 0 TXA: 0 RX: 0 AQ: 0]: Connecting...
Google.Solutions.Compute Verbose: 0 : SshRelayStream [TX: 0 TXA: 0 RX: 0 AQ: 0]: Connecting...
Google.Solutions.Compute Verbose: 0 : SshRelayStream [TX: 0 TXA: 0 RX: 0 AQ: 0]: Connecting...
Google.Solutions.Compute Verbose: 0 : SshRelayStream [TX: 0 TXA: 0 RX: 0 AQ: 0]: Connecting...
Google.Solutions.Compute Verbose: 0 : SshRelayStream [TX: 0 TXA: 0 RX: 0 AQ: 0]: Connecting...
Google.Solutions.Compute Verbose: 0 : SshRelayStream [TX: 0 TXA: 0 RX: 0 AQ: 0]: Connecting...
Google.Solutions.Compute Verbose: 0 : SshRelayStream [TX: 0 TXA: 0 RX: 0 AQ: 0]: Connecting...
Google.Solutions.Compute Verbose: 0 : SshRelayStream [TX: 0 TXA: 0 RX: 0 AQ: 0]: Connecting...
Google.Solutions.Compute Verbose: 0 : SshRelayStream [TX: 0 TXA: 0 RX: 0 AQ: 0]: Connecting...
Google.Solutions.Compute Verbose: 0 : SshRelayStream [TX: 0 TXA: 0 RX: 0 AQ: 0]: Sending DATA #0...
Google.Solutions.Compute Verbose: 0 : SshRelayStream [TX: 0 TXA: 0 RX: 0 AQ: 0]: Sending DATA #0...
Google.Solutions.Compute Verbose: 0 : SshRelayStream [TX: 0 TXA: 0 RX: 0 AQ: 0]: Sending DATA #0...
Google.Solutions.Compute Verbose: 0 : SshRelayStream [TX: 0 TXA: 0 RX: 0 AQ: 0]: Sending DATA #0...
Google.Solutions.Compute Verbose: 0 : SshRelayStream [TX: 0 TXA: 0 RX: 0 AQ: 0]: Sending DATA #0...
Google.Solutions.Compute Verbose: 0 : SshRelayStream [TX: 0 TXA: 0 RX: 0 AQ: 0]: Sending DATA #0...
Google.Solutions.Compute Verbose: 0 : SshRelayStream [TX: 0 TXA: 0 RX: 0 AQ: 0]: Sending DATA #0...
Google.Solutions.Compute Verbose: 0 : SshRelayStream [TX: 0 TXA: 0 RX: 0 AQ: 0]: Sending DATA #0...
Google.Solutions.Compute Verbose: 0 : SshRelayStream [TX: 0 TXA: 0 RX: 0 AQ: 0]: Sending DATA #0...
Google.Solutions.Compute Verbose: 0 : SshRelayStream [TX: 0 TXA: 0 RX: 0 AQ: 0]: Sending DATA #0...
Google.Solutions.Compute Verbose: 0 : SshRelayStream [TX: 0 TXA: 0 RX: 0 AQ: 0]: Sending DATA #0...
Google.Solutions.Compute Verbose: 0 : SshRelayStream [TX: 0 TXA: 0 RX: 0 AQ: 0]: Sending DATA #0...
Google.Solutions.Compute Verbose: 0 : SshRelayStream [TX: 0 TXA: 0 RX: 0 AQ: 0]: Sending DATA #0...
Google.Solutions.Compute Verbose: 0 : SshRelayStream [TX: 0 TXA: 0 RX: 0 AQ: 0]: Sending DATA #0...
Google.Solutions.Compute Verbose: 0 : SshRelayStream [TX: 0 TXA: 0 RX: 0 AQ: 0]: Sending DATA #0...
Google.Solutions.Compute Verbose: 0 : SshRelayStream [TX: 0 TXA: 0 RX: 0 AQ: 0]: Sending DATA #0...
Google.Solutions.Compute Verbose: 0 : SshRelayStream [TX: 0 TXA: 0 RX: 0 AQ: 0]: Sending DATA #0...
Google.Solutions.Compute Verbose: 0 : SshRelayStream [TX: 0 TXA: 0 RX: 0 AQ: 0]: Sending DATA #0...
Google.Solutions.Compute Verbose: 0 : SshRelayStream [TX: 0 TXA: 0 RX: 0 AQ: 0]: Sending DATA #0...
Google.Solutions.Compute Verbose: 0 : SshRelayStream [TX: 0 TXA: 0 RX: 0 AQ: 0]: Sending DATA #0...
Google.Solutions.Compute Verbose: 0 : SshRelayStream [TX: 0 TXA: 0 RX: 0 AQ: 0]: Sending DATA #0...
Google.Solutions.Compute Verbose: 0 : SshRelayStream [TX: 0 TXA: 0 RX: 0 AQ: 0]: Sending DATA #0...
Google.Solutions.Compute Verbose: 0 : SshRelayStream [TX: 0 TXA: 0 RX: 0 AQ: 0]: Sending DATA #0...
Google.Solutions.Compute Verbose: 0 : SshRelayStream [TX: 0 TXA: 0 RX: 0 AQ: 0]: Sending DATA #0...
Google.Solutions.Compute Verbose: 0 : SshRelayStream [TX: 0 TXA: 0 RX: 0 AQ: 0]: Sending DATA #0...
Google.Solutions.Compute Verbose: 0 : SshRelayStream [TX: 0 TXA: 0 RX: 0 AQ: 0]: Sending DATA #0...
Google.Solutions.Compute Verbose: 0 : SshRelayStream [TX: 0 TXA: 0 RX: 0 AQ: 0]: Sending DATA #0...
Google.Solutions.Compute Verbose: 0 : SshRelayStream [TX: 0 TXA: 0 RX: 0 AQ: 0]: Sending DATA #0...
Google.Solutions.Compute Verbose: 0 : SshRelayStream [TX: 0 TXA: 0 RX: 0 AQ: 0]: Sending DATA #0...
Google.Solutions.Compute Verbose: 0 : SshRelayStream [TX: 0 TXA: 0 RX: 0 AQ: 0]: Sending DATA #0...
Google.Solutions.Compute Verbose: 0 : SshRelayStream [TX: 0 TXA: 0 RX: 0 AQ: 0]: Sending DATA #0...
Google.Solutions.Compute Verbose: 0 : SshRelayStream [TX: 3 TXA: 0 RX: 0 AQ: 1]: Connected session &lt;\u0000&gt;
Google.Solutions.Compute Verbose: 0 : SshRelayStream [TX: 3 TXA: 0 RX: 0 AQ: 1]: Connected session &lt;\u0000&gt;
Google.Solutions.Compute Verbose: 0 : SshRelayStream [TX: 3 TXA: 0 RX: 0 AQ: 1]: Connected session &lt;\u0000&gt;
Google.Solutions.Compute Verbose: 0 : SshRelayStream [TX: 3 TXA: 0 RX: 0 AQ: 1]: Connected session &lt;\u0000&gt;
Google.Solutions.Compute Verbose: 0 : SshRelayStream [TX: 3 TXA: 0 RX: 0 AQ: 1]: Connected session &lt;\u0000&gt;
Google.Solutions.Compute Verbose: 0 : SshRelayStream [TX: 3 TXA: 0 RX: 0 AQ: 1]: Connected session &lt;\u0000&gt;
Google.Solutions.Compute Verbose: 0 : SshRelayStream [TX: 3 TXA: 0 RX: 0 AQ: 1]: Connected session &lt;\u0000&gt;
Google.Solutions.Compute Verbose: 0 : SshRelayStream [TX: 3 TXA: 0 RX: 0 AQ: 1]: Connected session &lt;\u0000&gt;
Google.Solutions.Compute Verbose: 0 : SshRelayStream [TX: 3 TXA: 0 RX: 0 AQ: 1]: Connected session &lt;\u0000&gt;
Google.Solutions.Compute Verbose: 0 : SshRelayStream [TX: 3 TXA: 0 RX: 0 AQ: 1]: Connected session &lt;\u0000&gt;
Google.Solutions.Compute Verbose: 0 : SshRelayStream [TX: 3 TXA: 0 RX: 0 AQ: 1]: Connected session &lt;\u0000&gt;
Google.Solutions.Compute Verbose: 0 : SshRelayStream [TX: 3 TXA: 0 RX: 0 AQ: 1]: Connected session &lt;\u0000&gt;
Google.Solutions.Compute Verbose: 0 : SshRelayStream [TX: 3 TXA: 0 RX: 0 AQ: 1]: Connected session &lt;\u0000&gt;
Google.Solutions.Compute Verbose: 0 : SshRelayStream [TX: 3 TXA: 0 RX: 0 AQ: 1]: Connected session &lt;\u0000&gt;
Google.Solutions.Compute Verbose: 0 : SshRelayStream [TX: 3 TXA: 0 RX: 0 AQ: 1]: Connected session &lt;\u0000&gt;
Google.Solutions.Compute Verbose: 0 : SshRelayStream [TX: 3 TXA: 0 RX: 0 AQ: 1]: Connected session &lt;\u0000&gt;
Google.Solutions.Compute Verbose: 0 : SshRelayStream [TX: 3 TXA: 0 RX: 0 AQ: 1]: Connected session &lt;\u0000&gt;
Google.Solutions.Compute Verbose: 0 : SshRelayStream [TX: 3 TXA: 0 RX: 0 AQ: 1]: Connected session &lt;\u0000&gt;
Google.Solutions.Compute Verbose: 0 : SshRelayStream [TX: 3 TXA: 0 RX: 0 AQ: 1]: Connected session &lt;\u0000&gt;
Google.Solutions.Compute Verbose: 0 : SshRelayStream [TX: 3 TXA: 0 RX: 0 AQ: 1]: Connected session &lt;\u0000&gt;
Google.Solutions.Compute Verbose: 0 : SshRelayStream [TX: 3 TXA: 0 RX: 0 AQ: 1]: Connected session &lt;\u0000&gt;
Google.Solutions.Compute Verbose: 0 : SshRelayStream [TX: 3 TXA: 0 RX: 0 AQ: 1]: Connected session &lt;\u0000&gt;
Google.Solutions.Compute Verbose: 0 : SshRelayStream [TX: 3 TXA: 0 RX: 0 AQ: 1]: Connected session &lt;\u0000&gt;
Google.Solutions.Compute Verbose: 0 : SshRelayStream [TX: 3 TXA: 0 RX: 0 AQ: 1]: Connected session &lt;\u0000&gt;
Google.Solutions.Compute Verbose: 0 : SshRelayStream [TX: 3 TXA: 0 RX: 0 AQ: 1]: Connected session &lt;\u0000&gt;
Google.Solutions.Compute Verbose: 0 : SshRelayStream [TX: 3 TXA: 0 RX: 0 AQ: 1]: Connected session &lt;\u0000&gt;
Google.Solutions.Compute Verbose: 0 : SshRelayStream [TX: 3 TXA: 0 RX: 0 AQ: 1]: Connected session &lt;\u0000&gt;
Google.Solutions.Compute Verbose: 0 : SshRelayStream [TX: 3 TXA: 0 RX: 0 AQ: 1]: Connected session &lt;\u0000&gt;
Google.Solutions.Compute Verbose: 0 : SshRelayStream [TX: 3 TXA: 0 RX: 0 AQ: 1]: Connected session &lt;\u0000&gt;
Google.Solutions.Compute Verbose: 0 : SshRelayStream [TX: 3 TXA: 0 RX: 0 AQ: 1]: Connected session &lt;\u0000&gt;
Google.Solutions.Compute Verbose: 0 : SshRelayStream [TX: 3 TXA: 0 RX: 0 AQ: 1]: Connected session &lt;\u0000&gt;
Google.Solutions.Compute Verbose: 0 : SshRelayStream [TX: 3 TXA: 0 RX: 0 AQ: 1]: Received data (1 bytes)
Google.Solutions.Compute Verbose: 0 : SshRelayStream [TX: 3 TXA: 0 RX: 0 AQ: 1]: Received data (1 bytes)
Google.Solutions.Compute Verbose: 0 : SshRelayStream [TX: 3 TXA: 0 RX: 0 AQ: 1]: Received data (1 bytes)
Google.Solutions.Compute Verbose: 0 : SshRelayStream [TX: 3 TXA: 0 RX: 0 AQ: 1]: Received data (1 bytes)
Google.Solutions.Compute Verbose: 0 : SshRelayStream [TX: 3 TXA: 0 RX: 0 AQ: 1]: Received data (1 bytes)
Google.Solutions.Compute Verbose: 0 : SshRelayStream [TX: 3 TXA: 0 RX: 0 AQ: 1]: Received data (1 bytes)
Google.Solutions.Compute Verbose: 0 : SshRelayStream [TX: 3 TXA: 0 RX: 0 AQ: 1]: Received data (1 bytes)
Google.Solutions.Compute Verbose: 0 : SshRelayStream [TX: 3 TXA: 0 RX: 0 AQ: 1]: Received data (1 bytes)
Google.Solutions.Compute Verbose: 0 : SshRelayStream [TX: 3 TXA: 0 RX: 0 AQ: 1]: Received data (1 bytes)
Google.Solutions.Compute Verbose: 0 : SshRelayStream [TX: 3 TXA: 0 RX: 0 AQ: 1]: Received data (1 bytes)
Google.Solutions.Compute Verbose: 0 : SshRelayStream [TX: 3 TXA: 0 RX: 0 AQ: 1]: Received data (1 bytes)
Google.Solutions.Compute Verbose: 0 : SshRelayStream [TX: 3 TXA: 0 RX: 0 AQ: 1]: Received data (1 bytes)
Google.Solutions.Compute Verbose: 0 : SshRelayStream [TX: 3 TXA: 0 RX: 0 AQ: 1]: Received data (1 bytes)
Google.Solutions.Compute Verbose: 0 : SshRelayStream [TX: 3 TXA: 0 RX: 0 AQ: 1]: Received data (1 bytes)
Google.Solutions.Compute Verbose: 0 : SshRelayStream [TX: 3 TXA: 0 RX: 0 AQ: 1]: Received data (1 bytes)
Google.Solutions.Compute Verbose: 0 : SshRelayStream [TX: 3 TXA: 0 RX: 0 AQ: 1]: Received data (1 bytes)
Google.Solutions.Compute Verbose: 0 : SshRelayStream [TX: 3 TXA: 0 RX: 0 AQ: 1]: Received data (1 bytes)
Google.Solutions.Compute Verbose: 0 : SshRelayStream [TX: 3 TXA: 0 RX: 0 AQ: 1]: Received data (1 bytes)
Google.Solutions.Compute Verbose: 0 : SshRelayStream [TX: 3 TXA: 0 RX: 0 AQ: 1]: Received data (1 bytes)
Google.Solutions.Compute Verbose: 0 : SshRelayStream [TX: 3 TXA: 0 RX: 0 AQ: 1]: Received data (1 bytes)
Google.Solutions.Compute Verbose: 0 : SshRelayStream [TX: 3 TXA: 0 RX: 0 AQ: 1]: Received data (1 bytes)
Google.Solutions.Compute Verbose: 0 : SshRelayStream [TX: 3 TXA: 0 RX: 0 AQ: 1]: Received data (1 bytes)
Google.Solutions.Compute Verbose: 0 : SshRelayStream [TX: 3 TXA: 0 RX: 0 AQ: 1]: Received data (1 bytes)
Google.Solutions.Compute Verbose: 0 : SshRelayStream [TX: 3 TXA: 0 RX: 0 AQ: 1]: Received data (1 bytes)
Google.Solutions.Compute Verbose: 0 : SshRelayStream [TX: 3 TXA: 0 RX: 0 AQ: 1]: Received data (1 bytes)
Google.Solutions.Compute Verbose: 0 : SshRelayStream [TX: 3 TXA: 0 RX: 0 AQ: 1]: Received data (1 bytes)
Google.Solutions.Compute Verbose: 0 : SshRelayStream [TX: 3 TXA: 0 RX: 0 AQ: 1]: Received data (1 bytes)
Google.Solutions.Compute Verbose: 0 : SshRelayStream [TX: 3 TXA: 0 RX: 0 AQ: 1]: Received data (1 bytes)
Google.Solutions.Compute Verbose: 0 : SshRelayStream [TX: 3 TXA: 0 RX: 0 AQ: 1]: Received data (1 bytes)
Google.Solutions.Compute Verbose: 0 : SshRelayStream [TX: 3 TXA: 0 RX: 0 AQ: 1]: Received data (1 bytes)
Google.Solutions.Compute Verbose: 0 : SshRelayStream [TX: 3 TXA: 0 RX: 0 AQ: 1]: Received data (1 bytes)
Google.Solutions.Compute Verbose: 0 : SshRelayStream [TX: 3 TXA: 0 RX: 1 AQ: 1]: Connection closed abnormally: REAUTHENTICATION_REQUIRED
Google.Solutions.Compute Verbose: 0 : SshRelayStream [TX: 3 TXA: 0 RX: 1 AQ: 1]: Connection closed abnormally: REAUTHENTICATION_REQUIRED
Google.Solutions.Compute Verbose: 0 : SshRelayStream [TX: 3 TXA: 0 RX: 1 AQ: 1]: Connection closed abnormally: REAUTHENTICATION_REQUIRED
Google.Solutions.Compute Verbose: 0 : SshRelayStream [TX: 3 TXA: 0 RX: 1 AQ: 1]: Connection closed abnormally: REAUTHENTICATION_REQUIRED
Google.Solutions.Compute Verbose: 0 : SshRelayStream [TX: 3 TXA: 0 RX: 1 AQ: 1]: Connection closed abnormally: REAUTHENTICATION_REQUIRED
Google.Solutions.Compute Verbose: 0 : SshRelayStream [TX: 3 TXA: 0 RX: 1 AQ: 1]: Connection closed abnormally: REAUTHENTICATION_REQUIRED
Google.Solutions.Compute Verbose: 0 : SshRelayStream [TX: 3 TXA: 0 RX: 1 AQ: 1]: Connection closed abnormally: REAUTHENTICATION_REQUIRED
Google.Solutions.Compute Verbose: 0 : SshRelayStream [TX: 3 TXA: 0 RX: 1 AQ: 1]: Connection closed abnormally: REAUTHENTICATION_REQUIRED
Google.Solutions.Compute Verbose: 0 : SshRelayStream [TX: 3 TXA: 0 RX: 1 AQ: 1]: Connection closed abnormally: REAUTHENTICATION_REQUIRED
Google.Solutions.Compute Verbose: 0 : SshRelayStream [TX: 3 TXA: 0 RX: 1 AQ: 1]: Connection closed abnormally: REAUTHENTICATION_REQUIRED
Google.Solutions.Compute Verbose: 0 : SshRelayStream [TX: 3 TXA: 0 RX: 1 AQ: 1]: Connection closed abnormally: REAUTHENTICATION_REQUIRED
Google.Solutions.Compute Verbose: 0 : SshRelayStream [TX: 3 TXA: 0 RX: 1 AQ: 1]: Connection closed abnormally: REAUTHENTICATION_REQUIRED
Google.Solutions.Compute Verbose: 0 : SshRelayStream [TX: 3 TXA: 0 RX: 1 AQ: 1]: Connection closed abnormally: REAUTHENTICATION_REQUIRED
Google.Solutions.Compute Verbose: 0 : SshRelayStream [TX: 3 TXA: 0 RX: 1 AQ: 1]: Connection closed abnormally: REAUTHENTICATION_REQUIRED
Google.Solutions.Compute Verbose: 0 : SshRelayStream [TX: 3 TXA: 0 RX: 1 AQ: 1]: Connection closed abnormally: REAUTHENTICATION_REQUIRED
Google.Solutions.Compute Verbose: 0 : SshRelayStream [TX: 3 TXA: 0 RX: 1 AQ: 1]: Connection closed abnormally: REAUTHENTICATION_REQUIRED
Google.Solutions.Compute Verbose: 0 : SshRelayStream [TX: 3 TXA: 0 RX: 1 AQ: 1]: Connection closed abnormally: REAUTHENTICATION_REQUIRED
Google.Solutions.Compute Verbose: 0 : SshRelayStream [TX: 3 TXA: 0 RX: 1 AQ: 1]: Connection closed abnormally: REAUTHENTICATION_REQUIRED
Google.Solutions.Compute Verbose: 0 : SshRelayStream [TX: 3 TXA: 0 RX: 1 AQ: 1]: Connection closed abnormally: REAUTHENTICATION_REQUIRED
Google.Solutions.Compute Verbose: 0 : SshRelayStream [TX: 3 TXA: 0 RX: 1 AQ: 1]: Connection closed abnormally: REAUTHENTICATION_REQUIRED
Google.Solutions.Compute Verbose: 0 : SshRelayStream [TX: 3 TXA: 0 RX: 1 AQ: 1]: Connection closed abnormally: REAUTHENTICATION_REQUIRED
Google.Solutions.Compute Verbose: 0 : SshRelayStream [TX: 3 TXA: 0 RX: 1 AQ: 1]: Connection closed abnormally: REAUTHENTICATION_REQUIRED
Google.Solutions.Compute Verbose: 0 : SshRelayStream [TX: 3 TXA: 0 RX: 1 AQ: 1]: Connection closed abnormally: REAUTHENTICATION_REQUIRED
Google.Solutions.Compute Verbose: 0 : SshRelayStream [TX: 3 TXA: 0 RX: 1 AQ: 1]: Connection closed abnormally: REAUTHENTICATION_REQUIRED
Google.Solutions.Compute Verbose: 0 : SshRelayStream [TX: 3 TXA: 0 RX: 1 AQ: 1]: Connection closed abnormally: REAUTHENTICATION_REQUIRED
Google.Solutions.Compute Verbose: 0 : SshRelayStream [TX: 3 TXA: 0 RX: 1 AQ: 1]: Connection closed abnormally: REAUTHENTICATION_REQUIRED
Google.Solutions.Compute Verbose: 0 : SshRelayStream [TX: 3 TXA: 0 RX: 1 AQ: 1]: Connection closed abnormally: REAUTHENTICATION_REQUIRED
Google.Solutions.Compute Verbose: 0 : SshRelayStream [TX: 3 TXA: 0 RX: 1 AQ: 1]: Connection closed abnormally: REAUTHENTICATION_REQUIRED
Google.Solutions.Compute Verbose: 0 : SshRelayStream [TX: 3 TXA: 0 RX: 1 AQ: 1]: Connection closed abnormally: REAUTHENTICATION_REQUIRED
Google.Solutions.Compute Verbose: 0 : SshRelayStream [TX: 3 TXA: 0 RX: 1 AQ: 1]: Connection closed abnormally: REAUTHENTICATION_REQUIRED
Google.Solutions.Compute Verbose: 0 : SshRelayStream [TX: 3 TXA: 0 RX: 1 AQ: 1]: Connection closed abnormally: REAUTHENTICATION_REQUIRED
Google.Solutions.Compute Verbose: 0 : SshRelayStream [TX: 3 TXA: 0 RX: 1 AQ: 1]: Disconnecting, preparing to reconnect
Google.Solutions.Compute Verbose: 0 : SshRelayStream [TX: 3 TXA: 0 RX: 1 AQ: 1]: Disconnecting, preparing to reconnect
Google.Solutions.Compute Verbose: 0 : SshRelayStream [TX: 3 TXA: 0 RX: 1 AQ: 1]: Disconnecting, preparing to reconnect
Google.Solutions.Compute Verbose: 0 : SshRelayStream [TX: 3 TXA: 0 RX: 1 AQ: 1]: Disconnecting, preparing to reconnect
Google.Solutions.Compute Verbose: 0 : SshRelayStream [TX: 3 TXA: 0 RX: 1 AQ: 1]: Disconnecting, preparing to reconnect
Google.Solutions.Compute Verbose: 0 : SshRelayStream [TX: 3 TXA: 0 RX: 1 AQ: 1]: Disconnecting, preparing to reconnect
Google.Solutions.Compute Verbose: 0 : SshRelayStream [TX: 3 TXA: 0 RX: 1 AQ: 1]: Disconnecting, preparing to reconnect
Google.Solutions.Compute Verbose: 0 : SshRelayStream [TX: 3 TXA: 0 RX: 1 AQ: 1]: Disconnecting, preparing to reconnect
Google.Solutions.Compute Verbose: 0 : SshRelayStream [TX: 3 TXA: 0 RX: 1 AQ: 1]: Disconnecting, preparing to reconnect
Google.Solutions.Compute Verbose: 0 : SshRelayStream [TX: 3 TXA: 0 RX: 1 AQ: 1]: Disconnecting, preparing to reconnect
Google.Solutions.Compute Verbose: 0 : SshRelayStream [TX: 3 TXA: 0 RX: 1 AQ: 1]: Disconnecting, preparing to reconnect
Google.Solutions.Compute Verbose: 0 : SshRelayStream [TX: 3 TXA: 0 RX: 1 AQ: 1]: Disconnecting, preparing to reconnect
Google.Solutions.Compute Verbose: 0 : SshRelayStream [TX: 3 TXA: 0 RX: 1 AQ: 1]: Disconnecting, preparing to reconnect
Google.Solutions.Compute Verbose: 0 : SshRelayStream [TX: 3 TXA: 0 RX: 1 AQ: 1]: Disconnecting, preparing to reconnect
Google.Solutions.Compute Verbose: 0 : SshRelayStream [TX: 3 TXA: 0 RX: 1 AQ: 1]: Disconnecting, preparing to reconnect
Google.Solutions.Compute Verbose: 0 : SshRelayStream [TX: 3 TXA: 0 RX: 1 AQ: 1]: Disconnecting, preparing to reconnect
Google.Solutions.Compute Verbose: 0 : SshRelayStream [TX: 3 TXA: 0 RX: 1 AQ: 1]: Disconnecting, preparing to reconnect
Google.Solutions.Compute Verbose: 0 : SshRelayStream [TX: 3 TXA: 0 RX: 1 AQ: 1]: Disconnecting, preparing to reconnect
Google.Solutions.Compute Verbose: 0 : SshRelayStream [TX: 3 TXA: 0 RX: 1 AQ: 1]: Disconnecting, preparing to reconnect
Google.Solutions.Compute Verbose: 0 : SshRelayStream [TX: 3 TXA: 0 RX: 1 AQ: 1]: Disconnecting, preparing to reconnect
Google.Solutions.Compute Verbose: 0 : SshRelayStream [TX: 3 TXA: 0 RX: 1 AQ: 1]: Disconnecting, preparing to reconnect
Google.Solutions.Compute Verbose: 0 : SshRelayStream [TX: 3 TXA: 0 RX: 1 AQ: 1]: Disconnecting, preparing to reconnect
Google.Solutions.Compute Verbose: 0 : SshRelayStream [TX: 3 TXA: 0 RX: 1 AQ: 1]: Disconnecting, preparing to reconnect
Google.Solutions.Compute Verbose: 0 : SshRelayStream [TX: 3 TXA: 0 RX: 1 AQ: 1]: Disconnecting, preparing to reconnect
Google.Solutions.Compute Verbose: 0 : SshRelayStream [TX: 3 TXA: 0 RX: 1 AQ: 1]: Disconnecting, preparing to reconnect
Google.Solutions.Compute Verbose: 0 : SshRelayStream [TX: 3 TXA: 0 RX: 1 AQ: 1]: Disconnecting, preparing to reconnect
Google.Solutions.Compute Verbose: 0 : SshRelayStream [TX: 3 TXA: 0 RX: 1 AQ: 1]: Disconnecting, preparing to reconnect
Google.Solutions.Compute Verbose: 0 : SshRelayStream [TX: 3 TXA: 0 RX: 1 AQ: 1]: Disconnecting, preparing to reconnect
Google.Solutions.Compute Verbose: 0 : SshRelayStream [TX: 3 TXA: 0 RX: 1 AQ: 1]: Disconnecting, preparing to reconnect
Google.Solutions.Compute Verbose: 0 : SshRelayStream [TX: 3 TXA: 0 RX: 1 AQ: 1]: Disconnecting, preparing to reconnect
Google.Solutions.Compute Verbose: 0 : SshRelayStream [TX: 3 TXA: 0 RX: 1 AQ: 1]: Disconnecting, preparing to reconnect
Google.Solutions.Compute Verbose: 0 : SshRelayStream [TX: 3 TXA: 0 RX: 1 AQ: 1]: Disonnected.
Google.Solutions.Compute Verbose: 0 : SshRelayStream [TX: 3 TXA: 0 RX: 1 AQ: 1]: Disonnected.
Google.Solutions.Compute Verbose: 0 : SshRelayStream [TX: 3 TXA: 0 RX: 1 AQ: 1]: Disonnected.
Google.Solutions.Compute Verbose: 0 : SshRelayStream [TX: 3 TXA: 0 RX: 1 AQ: 1]: Disonnected.
Google.Solutions.Compute Verbose: 0 : SshRelayStream [TX: 3 TXA: 0 RX: 1 AQ: 1]: Disonnected.
Google.Solutions.Compute Verbose: 0 : SshRelayStream [TX: 3 TXA: 0 RX: 1 AQ: 1]: Disonnected.
Google.Solutions.Compute Verbose: 0 : SshRelayStream [TX: 3 TXA: 0 RX: 1 AQ: 1]: Disonnected.
Google.Solutions.Compute Verbose: 0 : SshRelayStream [TX: 3 TXA: 0 RX: 1 AQ: 1]: Disonnected.
Google.Solutions.Compute Verbose: 0 : SshRelayStream [TX: 3 TXA: 0 RX: 1 AQ: 1]: Disonnected.
Google.Solutions.Compute Verbose: 0 : SshRelayStream [TX: 3 TXA: 0 RX: 1 AQ: 1]: Disonnected.
Google.Solutions.Compute Verbose: 0 : SshRelayStream [TX: 3 TXA: 0 RX: 1 AQ: 1]: Disonnected.
Google.Solutions.Compute Verbose: 0 : SshRelayStream [TX: 3 TXA: 0 RX: 1 AQ: 1]: Disonnected.
Google.Solutions.Compute Verbose: 0 : SshRelayStream [TX: 3 TXA: 0 RX: 1 AQ: 1]: Disonnected.
Google.Solutions.Compute Verbose: 0 : SshRelayStream [TX: 3 TXA: 0 RX: 1 AQ: 1]: Disonnected.
Google.Solutions.Compute Verbose: 0 : SshRelayStream [TX: 3 TXA: 0 RX: 1 AQ: 1]: Disonnected.
Google.Solutions.Compute Verbose: 0 : SshRelayStream [TX: 3 TXA: 0 RX: 1 AQ: 1]: Disonnected.
Google.Solutions.Compute Verbose: 0 : SshRelayStream [TX: 3 TXA: 0 RX: 1 AQ: 1]: Disonnected.
Google.Solutions.Compute Verbose: 0 : SshRelayStream [TX: 3 TXA: 0 RX: 1 AQ: 1]: Disonnected.
Google.Solutions.Compute Verbose: 0 : SshRelayStream [TX: 3 TXA: 0 RX: 1 AQ: 1]: Disonnected.
Google.Solutions.Compute Verbose: 0 : SshRelayStream [TX: 3 TXA: 0 RX: 1 AQ: 1]: Disonnected.
Google.Solutions.Compute Verbose: 0 : SshRelayStream [TX: 3 TXA: 0 RX: 1 AQ: 1]: Disonnected.
Google.Solutions.Compute Verbose: 0 : SshRelayStream [TX: 3 TXA: 0 RX: 1 AQ: 1]: Disonnected.
Google.Solutions.Compute Verbose: 0 : SshRelayStream [TX: 3 TXA: 0 RX: 1 AQ: 1]: Disonnected.
Google.Solutions.Compute Verbose: 0 : SshRelayStream [TX: 3 TXA: 0 RX: 1 AQ: 1]: Disonnected.
Google.Solutions.Compute Verbose: 0 : SshRelayStream [TX: 3 TXA: 0 RX: 1 AQ: 1]: Disonnected.
Google.Solutions.Compute Verbose: 0 : SshRelayStream [TX: 3 TXA: 0 RX: 1 AQ: 1]: Disonnected.
Google.Solutions.Compute Verbose: 0 : SshRelayStream [TX: 3 TXA: 0 RX: 1 AQ: 1]: Disonnected.
Google.Solutions.Compute Verbose: 0 : SshRelayStream [TX: 3 TXA: 0 RX: 1 AQ: 1]: Disonnected.
Google.Solutions.Compute Verbose: 0 : SshRelayStream [TX: 3 TXA: 0 RX: 1 AQ: 1]: Disonnected.
Google.Solutions.Compute Verbose: 0 : SshRelayStream [TX: 3 TXA: 0 RX: 1 AQ: 1]: Disonnected.
Google.Solutions.Compute Verbose: 0 : SshRelayStream [TX: 3 TXA: 0 RX: 1 AQ: 1]: Disonnected.
Google.Solutions.Compute Verbose: 0 : SshRelayStream [TX: 3 TXA: 0 RX: 1 AQ: 1]: Reconnecting...
Google.Solutions.Compute Verbose: 0 : SshRelayStream [TX: 3 TXA: 0 RX: 1 AQ: 1]: Reconnecting...
Google.Solutions.Compute Verbose: 0 : SshRelayStream [TX: 3 TXA: 0 RX: 1 AQ: 1]: Reconnecting...
Google.Solutions.Compute Verbose: 0 : SshRelayStream [TX: 3 TXA: 0 RX: 1 AQ: 1]: Reconnecting...
Google.Solutions.Compute Verbose: 0 : SshRelayStream [TX: 3 TXA: 0 RX: 1 AQ: 1]: Reconnecting...
Google.Solutions.Compute Verbose: 0 : SshRelayStream [TX: 3 TXA: 0 RX: 1 AQ: 1]: Reconnecting...
Google.Solutions.Compute Verbose: 0 : SshRelayStream [TX: 3 TXA: 0 RX: 1 AQ: 1]: Reconnecting...
Google.Solutions.Compute Verbose: 0 : SshRelayStream [TX: 3 TXA: 0 RX: 1 AQ: 1]: Reconnecting...
Google.Solutions.Compute Verbose: 0 : SshRelayStream [TX: 3 TXA: 0 RX: 1 AQ: 1]: Reconnecting...
Google.Solutions.Compute Verbose: 0 : SshRelayStream [TX: 3 TXA: 0 RX: 1 AQ: 1]: Reconnecting...
Google.Solutions.Compute Verbose: 0 : SshRelayStream [TX: 3 TXA: 0 RX: 1 AQ: 1]: Reconnecting...
Google.Solutions.Compute Verbose: 0 : SshRelayStream [TX: 3 TXA: 0 RX: 1 AQ: 1]: Reconnecting...
Google.Solutions.Compute Verbose: 0 : SshRelayStream [TX: 3 TXA: 0 RX: 1 AQ: 1]: Reconnecting...
Google.Solutions.Compute Verbose: 0 : SshRelayStream [TX: 3 TXA: 0 RX: 1 AQ: 1]: Reconnecting...
Google.Solutions.Compute Verbose: 0 : SshRelayStream [TX: 3 TXA: 0 RX: 1 AQ: 1]: Reconnecting...
Google.Solutions.Compute Verbose: 0 : SshRelayStream [TX: 3 TXA: 0 RX: 1 AQ: 1]: Reconnecting...
Google.Solutions.Compute Verbose: 0 : SshRelayStream [TX: 3 TXA: 0 RX: 1 AQ: 1]: Reconnecting...
Google.Solutions.Compute Verbose: 0 : SshRelayStream [TX: 3 TXA: 0 RX: 1 AQ: 1]: Reconnecting...
Google.Solutions.Compute Verbose: 0 : SshRelayStream [TX: 3 TXA: 0 RX: 1 AQ: 1]: Reconnecting...
Google.Solutions.Compute Verbose: 0 : SshRelayStream [TX: 3 TXA: 0 RX: 1 AQ: 1]: Reconnecting...
Google.Solutions.Compute Verbose: 0 : SshRelayStream [TX: 3 TXA: 0 RX: 1 AQ: 1]: Reconnecting...
Google.Solutions.Compute Verbose: 0 : SshRelayStream [TX: 3 TXA: 0 RX: 1 AQ: 1]: Reconnecting...
Google.Solutions.Compute Verbose: 0 : SshRelayStream [TX: 3 TXA: 0 RX: 1 AQ: 1]: Reconnecting...
Google.Solutions.Compute Verbose: 0 : SshRelayStream [TX: 3 TXA: 0 RX: 1 AQ: 1]: Reconnecting...
Google.Solutions.Compute Verbose: 0 : SshRelayStream [TX: 3 TXA: 0 RX: 1 AQ: 1]: Reconnecting...
Google.Solutions.Compute Verbose: 0 : SshRelayStream [TX: 3 TXA: 0 RX: 1 AQ: 1]: Reconnecting...
Google.Solutions.Compute Verbose: 0 : SshRelayStream [TX: 3 TXA: 0 RX: 1 AQ: 1]: Reconnecting...
Google.Solutions.Compute Verbose: 0 : SshRelayStream [TX: 3 TXA: 0 RX: 1 AQ: 1]: Reconnecting...
Google.Solutions.Compute Verbose: 0 : SshRelayStream [TX: 3 TXA: 0 RX: 1 AQ: 1]: Reconnecting...
Google.Solutions.Compute Verbose: 0 : SshRelayStream [TX: 3 TXA: 0 RX: 1 AQ: 1]: Reconnecting...
Google.Solutions.Compute Verbose: 0 : SshRelayStream [TX: 3 TXA: 0 RX: 1 AQ: 1]: Reconnecting...
Google.Solutions.Compute Verbose: 0 : SshRelayStream [TX: 3 TXA: 0 RX: 1 AQ: 0]: Resending DATA #0...
Google.Solutions.Compute Verbose: 0 : SshRelayStream [TX: 3 TXA: 0 RX: 1 AQ: 0]: Resending DATA #0...
Google.Solutions.Compute Verbose: 0 : SshRelayStream [TX: 3 TXA: 0 RX: 1 AQ: 0]: Resending DATA #0...
Google.Solutions.Compute Verbose: 0 : SshRelayStream [TX: 3 TXA: 0 RX: 1 AQ: 0]: Resending DATA #0...
Google.Solutions.Compute Verbose: 0 : SshRelayStream [TX: 3 TXA: 0 RX: 1 AQ: 0]: Resending DATA #0...
Google.Solutions.Compute Verbose: 0 : SshRelayStream [TX: 3 TXA: 0 RX: 1 AQ: 0]: Resending DATA #0...
Google.Solutions.Compute Verbose: 0 : SshRelayStream [TX: 3 TXA: 0 RX: 1 AQ: 0]: Resending DATA #0...
Google.Solutions.Compute Verbose: 0 : SshRelayStream [TX: 3 TXA: 0 RX: 1 AQ: 0]: Resending DATA #0...
Google.Solutions.Compute Verbose: 0 : SshRelayStream [TX: 3 TXA: 0 RX: 1 AQ: 0]: Resending DATA #0...
Google.Solutions.Compute Verbose: 0 : SshRelayStream [TX: 3 TXA: 0 RX: 1 AQ: 0]: Resending DATA #0...
Google.Solutions.Compute Verbose: 0 : SshRelayStream [TX: 3 TXA: 0 RX: 1 AQ: 0]: Resending DATA #0...
Google.Solutions.Compute Verbose: 0 : SshRelayStream [TX: 3 TXA: 0 RX: 1 AQ: 0]: Resending DATA #0...
Google.Solutions.Compute Verbose: 0 : SshRelayStream [TX: 3 TXA: 0 RX: 1 AQ: 0]: Resending DATA #0...
Google.Solutions.Compute Verbose: 0 : SshRelayStream [TX: 3 TXA: 0 RX: 1 AQ: 0]: Resending DATA #0...
Google.Solutions.Compute Verbose: 0 : SshRelayStream [TX: 3 TXA: 0 RX: 1 AQ: 0]: Resending DATA #0...
Google.Solutions.Compute Verbose: 0 : SshRelayStream [TX: 3 TXA: 0 RX: 1 AQ: 0]: Resending DATA #0...
Google.Solutions.Compute Verbose: 0 : SshRelayStream [TX: 3 TXA: 0 RX: 1 AQ: 0]: Resending DATA #0...
Google.Solutions.Compute Verbose: 0 : SshRelayStream [TX: 3 TXA: 0 RX: 1 AQ: 0]: Resending DATA #0...
Google.Solutions.Compute Verbose: 0 : SshRelayStream [TX: 3 TXA: 0 RX: 1 AQ: 0]: Resending DATA #0...
Google.Solutions.Compute Verbose: 0 : SshRelayStream [TX: 3 TXA: 0 RX: 1 AQ: 0]: Resending DATA #0...
Google.Solutions.Compute Verbose: 0 : SshRelayStream [TX: 3 TXA: 0 RX: 1 AQ: 0]: Resending DATA #0...
Google.Solutions.Compute Verbose: 0 : SshRelayStream [TX: 3 TXA: 0 RX: 1 AQ: 0]: Resending DATA #0...
Google.Solutions.Compute Verbose: 0 : SshRelayStream [TX: 3 TXA: 0 RX: 1 AQ: 0]: Resending DATA #0...
Google.Solutions.Compute Verbose: 0 : SshRelayStream [TX: 3 TXA: 0 RX: 1 AQ: 0]: Resending DATA #0...
Google.Solutions.Compute Verbose: 0 : SshRelayStream [TX: 3 TXA: 0 RX: 1 AQ: 0]: Resending DATA #0...
Google.Solutions.Compute Verbose: 0 : SshRelayStream [TX: 3 TXA: 0 RX: 1 AQ: 0]: Resending DATA #0...
Google.Solutions.Compute Verbose: 0 : SshRelayStream [TX: 3 TXA: 0 RX: 1 AQ: 0]: Resending DATA #0...
Google.Solutions.Compute Verbose: 0 : SshRelayStream [TX: 3 TXA: 0 RX: 1 AQ: 0]: Resending DATA #0...
Google.Solutions.Compute Verbose: 0 : SshRelayStream [TX: 3 TXA: 0 RX: 1 AQ: 0]: Resending DATA #0...
Google.Solutions.Compute Verbose: 0 : SshRelayStream [TX: 3 TXA: 0 RX: 1 AQ: 0]: Resending DATA #0...
Google.Solutions.Compute Verbose: 0 : SshRelayStream [TX: 3 TXA: 0 RX: 1 AQ: 0]: Resending DATA #0...
Google.Solutions.Compute Verbose: 0 : SshRelayStream [TX: 3 TXA: 0 RX: 1 AQ: 0]: Reconnected session &lt;\u0000&gt;
Google.Solutions.Compute Verbose: 0 : SshRelayStream [TX: 3 TXA: 0 RX: 1 AQ: 0]: Reconnected session &lt;\u0000&gt;
Google.Solutions.Compute Verbose: 0 : SshRelayStream [TX: 3 TXA: 0 RX: 1 AQ: 0]: Reconnected session &lt;\u0000&gt;
Google.Solutions.Compute Verbose: 0 : SshRelayStream [TX: 3 TXA: 0 RX: 1 AQ: 0]: Reconnected session &lt;\u0000&gt;
Google.Solutions.Compute Verbose: 0 : SshRelayStream [TX: 3 TXA: 0 RX: 1 AQ: 0]: Reconnected session &lt;\u0000&gt;
Google.Solutions.Compute Verbose: 0 : SshRelayStream [TX: 3 TXA: 0 RX: 1 AQ: 0]: Reconnected session &lt;\u0000&gt;
Google.Solutions.Compute Verbose: 0 : SshRelayStream [TX: 3 TXA: 0 RX: 1 AQ: 0]: Reconnected session &lt;\u0000&gt;
Google.Solutions.Compute Verbose: 0 : SshRelayStream [TX: 3 TXA: 0 RX: 1 AQ: 0]: Reconnected session &lt;\u0000&gt;
Google.Solutions.Compute Verbose: 0 : SshRelayStream [TX: 3 TXA: 0 RX: 1 AQ: 0]: Reconnected session &lt;\u0000&gt;
Google.Solutions.Compute Verbose: 0 : SshRelayStream [TX: 3 TXA: 0 RX: 1 AQ: 0]: Reconnected session &lt;\u0000&gt;
Google.Solutions.Compute Verbose: 0 : SshRelayStream [TX: 3 TXA: 0 RX: 1 AQ: 0]: Reconnected session &lt;\u0000&gt;
Google.Solutions.Compute Verbose: 0 : SshRelayStream [TX: 3 TXA: 0 RX: 1 AQ: 0]: Reconnected session &lt;\u0000&gt;
Google.Solutions.Compute Verbose: 0 : SshRelayStream [TX: 3 TXA: 0 RX: 1 AQ: 0]: Reconnected session &lt;\u0000&gt;
Google.Solutions.Compute Verbose: 0 : SshRelayStream [TX: 3 TXA: 0 RX: 1 AQ: 0]: Reconnected session &lt;\u0000&gt;
Google.Solutions.Compute Verbose: 0 : SshRelayStream [TX: 3 TXA: 0 RX: 1 AQ: 0]: Reconnected session &lt;\u0000&gt;
Google.Solutions.Compute Verbose: 0 : SshRelayStream [TX: 3 TXA: 0 RX: 1 AQ: 0]: Reconnected session &lt;\u0000&gt;
Google.Solutions.Compute Verbose: 0 : SshRelayStream [TX: 3 TXA: 0 RX: 1 AQ: 0]: Reconnected session &lt;\u0000&gt;
Google.Solutions.Compute Verbose: 0 : SshRelayStream [TX: 3 TXA: 0 RX: 1 AQ: 0]: Reconnected session &lt;\u0000&gt;
Google.Solutions.Compute Verbose: 0 : SshRelayStream [TX: 3 TXA: 0 RX: 1 AQ: 0]: Reconnected session &lt;\u0000&gt;
Google.Solutions.Compute Verbose: 0 : SshRelayStream [TX: 3 TXA: 0 RX: 1 AQ: 0]: Reconnected session &lt;\u0000&gt;
Google.Solutions.Compute Verbose: 0 : SshRelayStream [TX: 3 TXA: 0 RX: 1 AQ: 0]: Reconnected session &lt;\u0000&gt;
Google.Solutions.Compute Verbose: 0 : SshRelayStream [TX: 3 TXA: 0 RX: 1 AQ: 0]: Reconnected session &lt;\u0000&gt;
Google.Solutions.Compute Verbose: 0 : SshRelayStream [TX: 3 TXA: 0 RX: 1 AQ: 0]: Reconnected session &lt;\u0000&gt;
Google.Solutions.Compute Verbose: 0 : SshRelayStream [TX: 3 TXA: 0 RX: 1 AQ: 0]: Reconnected session &lt;\u0000&gt;
Google.Solutions.Compute Verbose: 0 : SshRelayStream [TX: 3 TXA: 0 RX: 1 AQ: 0]: Reconnected session &lt;\u0000&gt;
Google.Solutions.Compute Verbose: 0 : SshRelayStream [TX: 3 TXA: 0 RX: 1 AQ: 0]: Reconnected session &lt;\u0000&gt;
Google.Solutions.Compute Verbose: 0 : SshRelayStream [TX: 3 TXA: 0 RX: 1 AQ: 0]: Reconnected session &lt;\u0000&gt;
Google.Solutions.Compute Verbose: 0 : SshRelayStream [TX: 3 TXA: 0 RX: 1 AQ: 0]: Reconnected session &lt;\u0000&gt;
Google.Solutions.Compute Verbose: 0 : SshRelayStream [TX: 3 TXA: 0 RX: 1 AQ: 0]: Reconnected session &lt;\u0000&gt;
Google.Solutions.Compute Verbose: 0 : SshRelayStream [TX: 3 TXA: 0 RX: 1 AQ: 0]: Reconnected session &lt;\u0000&gt;
Google.Solutions.Compute Verbose: 0 : SshRelayStream [TX: 3 TXA: 0 RX: 1 AQ: 0]: Reconnected session &lt;\u0000&gt;
Google.Solutions.Compute Verbose: 0 : SshRelayStream [TX: 3 TXA: 0 RX: 1 AQ: 0]: Received data (1 bytes)
Google.Solutions.Compute Verbose: 0 : SshRelayStream [TX: 3 TXA: 0 RX: 1 AQ: 0]: Received data (1 bytes)
Google.Solutions.Compute Verbose: 0 : SshRelayStream [TX: 3 TXA: 0 RX: 1 AQ: 0]: Received data (1 bytes)
Google.Solutions.Compute Verbose: 0 : SshRelayStream [TX: 3 TXA: 0 RX: 1 AQ: 0]: Received data (1 bytes)
Google.Solutions.Compute Verbose: 0 : SshRelayStream [TX: 3 TXA: 0 RX: 1 AQ: 0]: Received data (1 bytes)
Google.Solutions.Compute Verbose: 0 : SshRelayStream [TX: 3 TXA: 0 RX: 1 AQ: 0]: Received data (1 bytes)
Google.Solutions.Compute Verbose: 0 : SshRelayStream [TX: 3 TXA: 0 RX: 1 AQ: 0]: Received data (1 bytes)
Google.Solutions.Compute Verbose: 0 : SshRelayStream [TX: 3 TXA: 0 RX: 1 AQ: 0]: Received data (1 bytes)
Google.Solutions.Compute Verbose: 0 : SshRelayStream [TX: 3 TXA: 0 RX: 1 AQ: 0]: Received data (1 bytes)
Google.Solutions.Compute Verbose: 0 : SshRelayStream [TX: 3 TXA: 0 RX: 1 AQ: 0]: Received data (1 bytes)
Google.Solutions.Compute Verbose: 0 : SshRelayStream [TX: 3 TXA: 0 RX: 1 AQ: 0]: Received data (1 bytes)
Google.Solutions.Compute Verbose: 0 : SshRelayStream [TX: 3 TXA: 0 RX: 1 AQ: 0]: Received data (1 bytes)
Google.Solutions.Compute Verbose: 0 : SshRelayStream [TX: 3 TXA: 0 RX: 1 AQ: 0]: Received data (1 bytes)
Google.Solutions.Compute Verbose: 0 : SshRelayStream [TX: 3 TXA: 0 RX: 1 AQ: 0]: Received data (1 bytes)
Google.Solutions.Compute Verbose: 0 : SshRelayStream [TX: 3 TXA: 0 RX: 1 AQ: 0]: Received data (1 bytes)
Google.Solutions.Compute Verbose: 0 : SshRelayStream [TX: 3 TXA: 0 RX: 1 AQ: 0]: Received data (1 bytes)
Google.Solutions.Compute Verbose: 0 : SshRelayStream [TX: 3 TXA: 0 RX: 1 AQ: 0]: Received data (1 bytes)
Google.Solutions.Compute Verbose: 0 : SshRelayStream [TX: 3 TXA: 0 RX: 1 AQ: 0]: Received data (1 bytes)
Google.Solutions.Compute Verbose: 0 : SshRelayStream [TX: 3 TXA: 0 RX: 1 AQ: 0]: Received data (1 bytes)
Google.Solutions.Compute Verbose: 0 : SshRelayStream [TX: 3 TXA: 0 RX: 1 AQ: 0]: Received data (1 bytes)
Google.Solutions.Compute Verbose: 0 : SshRelayStream [TX: 3 TXA: 0 RX: 1 AQ: 0]: Received data (1 bytes)
Google.Solutions.Compute Verbose: 0 : SshRelayStream [TX: 3 TXA: 0 RX: 1 AQ: 0]: Received data (1 bytes)
Google.Solutions.Compute Verbose: 0 : SshRelayStream [TX: 3 TXA: 0 RX: 1 AQ: 0]: Received data (1 bytes)
Google.Solutions.Compute Verbose: 0 : SshRelayStream [TX: 3 TXA: 0 RX: 1 AQ: 0]: Received data (1 bytes)
Google.Solutions.Compute Verbose: 0 : SshRelayStream [TX: 3 TXA: 0 RX: 1 AQ: 0]: Received data (1 bytes)
Google.Solutions.Compute Verbose: 0 : SshRelayStream [TX: 3 TXA: 0 RX: 1 AQ: 0]: Received data (1 bytes)
Google.Solutions.Compute Verbose: 0 : SshRelayStream [TX: 3 TXA: 0 RX: 1 AQ: 0]: Received data (1 bytes)
Google.Solutions.Compute Verbose: 0 : SshRelayStream [TX: 3 TXA: 0 RX: 1 AQ: 0]: Received data (1 bytes)
Google.Solutions.Compute Verbose: 0 : SshRelayStream [TX: 3 TXA: 0 RX: 1 AQ: 0]: Received data (1 bytes)
Google.Solutions.Compute Verbose: 0 : SshRelayStream [TX: 3 TXA: 0 RX: 1 AQ: 0]: Received data (1 bytes)
Google.Solutions.Compute Verbose: 0 : SshRelayStream [TX: 3 TXA: 0 RX: 1 AQ: 0]: Received data (1 bytes)
</system-out></testcase></testsuite><testsuite tests="2" time="0.004525" errors="0" failures="0" skipped="0" timestamp="2019-08-24 09:17:29Z" name="Google.Solutions.Compute.Test.dll.Google.Solutions.Compute.Test.Iap.TestSshRelayStreamReading.ReadFailedReconnectCausesException."><testcase name="ReadFailedReconnectCausesException(4001)" assertions="2" time="0.002420" status="Passed" classname="Google.Solutions.Compute.Test.Iap.TestSshRelayStreamReading"><system-out>Google.Solutions.Compute Verbose: 0 : SshRelayStream [TX: 0 TXA: 0 RX: 0 AQ: 0]: Connecting...
Google.Solutions.Compute Verbose: 0 : SshRelayStream [TX: 0 TXA: 0 RX: 0 AQ: 0]: Connecting...
Google.Solutions.Compute Verbose: 0 : SshRelayStream [TX: 0 TXA: 0 RX: 0 AQ: 0]: Connecting...
Google.Solutions.Compute Verbose: 0 : SshRelayStream [TX: 0 TXA: 0 RX: 0 AQ: 0]: Connecting...
Google.Solutions.Compute Verbose: 0 : SshRelayStream [TX: 0 TXA: 0 RX: 0 AQ: 0]: Connecting...
Google.Solutions.Compute Verbose: 0 : SshRelayStream [TX: 0 TXA: 0 RX: 0 AQ: 0]: Connecting...
Google.Solutions.Compute Verbose: 0 : SshRelayStream [TX: 0 TXA: 0 RX: 0 AQ: 0]: Connecting...
Google.Solutions.Compute Verbose: 0 : SshRelayStream [TX: 0 TXA: 0 RX: 0 AQ: 0]: Connecting...
Google.Solutions.Compute Verbose: 0 : SshRelayStream [TX: 0 TXA: 0 RX: 0 AQ: 0]: Connecting...
Google.Solutions.Compute Verbose: 0 : SshRelayStream [TX: 0 TXA: 0 RX: 0 AQ: 0]: Connecting...
Google.Solutions.Compute Verbose: 0 : SshRelayStream [TX: 0 TXA: 0 RX: 0 AQ: 0]: Connecting...
Google.Solutions.Compute Verbose: 0 : SshRelayStream [TX: 0 TXA: 0 RX: 0 AQ: 0]: Connecting...
Google.Solutions.Compute Verbose: 0 : SshRelayStream [TX: 0 TXA: 0 RX: 0 AQ: 0]: Connecting...
Google.Solutions.Compute Verbose: 0 : SshRelayStream [TX: 0 TXA: 0 RX: 0 AQ: 0]: Connecting...
Google.Solutions.Compute Verbose: 0 : SshRelayStream [TX: 0 TXA: 0 RX: 0 AQ: 0]: Connecting...
Google.Solutions.Compute Verbose: 0 : SshRelayStream [TX: 0 TXA: 0 RX: 0 AQ: 0]: Connecting...
Google.Solutions.Compute Verbose: 0 : SshRelayStream [TX: 0 TXA: 0 RX: 0 AQ: 0]: Connecting...
Google.Solutions.Compute Verbose: 0 : SshRelayStream [TX: 0 TXA: 0 RX: 0 AQ: 0]: Connecting...
Google.Solutions.Compute Verbose: 0 : SshRelayStream [TX: 0 TXA: 0 RX: 0 AQ: 0]: Connecting...
Google.Solutions.Compute Verbose: 0 : SshRelayStream [TX: 0 TXA: 0 RX: 0 AQ: 0]: Connecting...
Google.Solutions.Compute Verbose: 0 : SshRelayStream [TX: 0 TXA: 0 RX: 0 AQ: 0]: Connecting...
Google.Solutions.Compute Verbose: 0 : SshRelayStream [TX: 0 TXA: 0 RX: 0 AQ: 0]: Connecting...
Google.Solutions.Compute Verbose: 0 : SshRelayStream [TX: 0 TXA: 0 RX: 0 AQ: 0]: Connecting...
Google.Solutions.Compute Verbose: 0 : SshRelayStream [TX: 0 TXA: 0 RX: 0 AQ: 0]: Connecting...
Google.Solutions.Compute Verbose: 0 : SshRelayStream [TX: 0 TXA: 0 RX: 0 AQ: 0]: Connecting...
Google.Solutions.Compute Verbose: 0 : SshRelayStream [TX: 0 TXA: 0 RX: 0 AQ: 0]: Connecting...
Google.Solutions.Compute Verbose: 0 : SshRelayStream [TX: 0 TXA: 0 RX: 0 AQ: 0]: Connecting...
Google.Solutions.Compute Verbose: 0 : SshRelayStream [TX: 0 TXA: 0 RX: 0 AQ: 0]: Connecting...
Google.Solutions.Compute Verbose: 0 : SshRelayStream [TX: 0 TXA: 0 RX: 0 AQ: 0]: Connecting...
Google.Solutions.Compute Verbose: 0 : SshRelayStream [TX: 0 TXA: 0 RX: 0 AQ: 0]: Connecting...
Google.Solutions.Compute Verbose: 0 : SshRelayStream [TX: 0 TXA: 0 RX: 0 AQ: 0]: Connecting...
Google.Solutions.Compute Verbose: 0 : SshRelayStream [TX: 0 TXA: 0 RX: 0 AQ: 0]: Connecting...
Google.Solutions.Compute Verbose: 0 : SshRelayStream [TX: 0 TXA: 0 RX: 0 AQ: 0]: Connected session &lt;\u0000&gt;
Google.Solutions.Compute Verbose: 0 : SshRelayStream [TX: 0 TXA: 0 RX: 0 AQ: 0]: Connected session &lt;\u0000&gt;
Google.Solutions.Compute Verbose: 0 : SshRelayStream [TX: 0 TXA: 0 RX: 0 AQ: 0]: Connected session &lt;\u0000&gt;
Google.Solutions.Compute Verbose: 0 : SshRelayStream [TX: 0 TXA: 0 RX: 0 AQ: 0]: Connected session &lt;\u0000&gt;
Google.Solutions.Compute Verbose: 0 : SshRelayStream [TX: 0 TXA: 0 RX: 0 AQ: 0]: Connected session &lt;\u0000&gt;
Google.Solutions.Compute Verbose: 0 : SshRelayStream [TX: 0 TXA: 0 RX: 0 AQ: 0]: Connected session &lt;\u0000&gt;
Google.Solutions.Compute Verbose: 0 : SshRelayStream [TX: 0 TXA: 0 RX: 0 AQ: 0]: Connected session &lt;\u0000&gt;
Google.Solutions.Compute Verbose: 0 : SshRelayStream [TX: 0 TXA: 0 RX: 0 AQ: 0]: Connected session &lt;\u0000&gt;
Google.Solutions.Compute Verbose: 0 : SshRelayStream [TX: 0 TXA: 0 RX: 0 AQ: 0]: Connected session &lt;\u0000&gt;
Google.Solutions.Compute Verbose: 0 : SshRelayStream [TX: 0 TXA: 0 RX: 0 AQ: 0]: Connected session &lt;\u0000&gt;
Google.Solutions.Compute Verbose: 0 : SshRelayStream [TX: 0 TXA: 0 RX: 0 AQ: 0]: Connected session &lt;\u0000&gt;
Google.Solutions.Compute Verbose: 0 : SshRelayStream [TX: 0 TXA: 0 RX: 0 AQ: 0]: Connected session &lt;\u0000&gt;
Google.Solutions.Compute Verbose: 0 : SshRelayStream [TX: 0 TXA: 0 RX: 0 AQ: 0]: Connected session &lt;\u0000&gt;
Google.Solutions.Compute Verbose: 0 : SshRelayStream [TX: 0 TXA: 0 RX: 0 AQ: 0]: Connected session &lt;\u0000&gt;
Google.Solutions.Compute Verbose: 0 : SshRelayStream [TX: 0 TXA: 0 RX: 0 AQ: 0]: Connected session &lt;\u0000&gt;
Google.Solutions.Compute Verbose: 0 : SshRelayStream [TX: 0 TXA: 0 RX: 0 AQ: 0]: Connected session &lt;\u0000&gt;
Google.Solutions.Compute Verbose: 0 : SshRelayStream [TX: 0 TXA: 0 RX: 0 AQ: 0]: Connected session &lt;\u0000&gt;
Google.Solutions.Compute Verbose: 0 : SshRelayStream [TX: 0 TXA: 0 RX: 0 AQ: 0]: Connected session &lt;\u0000&gt;
Google.Solutions.Compute Verbose: 0 : SshRelayStream [TX: 0 TXA: 0 RX: 0 AQ: 0]: Connected session &lt;\u0000&gt;
Google.Solutions.Compute Verbose: 0 : SshRelayStream [TX: 0 TXA: 0 RX: 0 AQ: 0]: Connected session &lt;\u0000&gt;
Google.Solutions.Compute Verbose: 0 : SshRelayStream [TX: 0 TXA: 0 RX: 0 AQ: 0]: Connected session &lt;\u0000&gt;
Google.Solutions.Compute Verbose: 0 : SshRelayStream [TX: 0 TXA: 0 RX: 0 AQ: 0]: Connected session &lt;\u0000&gt;
Google.Solutions.Compute Verbose: 0 : SshRelayStream [TX: 0 TXA: 0 RX: 0 AQ: 0]: Connected session &lt;\u0000&gt;
Google.Solutions.Compute Verbose: 0 : SshRelayStream [TX: 0 TXA: 0 RX: 0 AQ: 0]: Connected session &lt;\u0000&gt;
Google.Solutions.Compute Verbose: 0 : SshRelayStream [TX: 0 TXA: 0 RX: 0 AQ: 0]: Connected session &lt;\u0000&gt;
Google.Solutions.Compute Verbose: 0 : SshRelayStream [TX: 0 TXA: 0 RX: 0 AQ: 0]: Connected session &lt;\u0000&gt;
Google.Solutions.Compute Verbose: 0 : SshRelayStream [TX: 0 TXA: 0 RX: 0 AQ: 0]: Connected session &lt;\u0000&gt;
Google.Solutions.Compute Verbose: 0 : SshRelayStream [TX: 0 TXA: 0 RX: 0 AQ: 0]: Connected session &lt;\u0000&gt;
Google.Solutions.Compute Verbose: 0 : SshRelayStream [TX: 0 TXA: 0 RX: 0 AQ: 0]: Connected session &lt;\u0000&gt;
Google.Solutions.Compute Verbose: 0 : SshRelayStream [TX: 0 TXA: 0 RX: 0 AQ: 0]: Connected session &lt;\u0000&gt;
Google.Solutions.Compute Verbose: 0 : SshRelayStream [TX: 0 TXA: 0 RX: 0 AQ: 0]: Connected session &lt;\u0000&gt;
Google.Solutions.Compute Verbose: 0 : SshRelayStream [TX: 0 TXA: 0 RX: 0 AQ: 0]: Connected session &lt;\u0000&gt;
Google.Solutions.Compute Verbose: 0 : SshRelayStream [TX: 0 TXA: 0 RX: 0 AQ: 0]: Received data (1 bytes)
Google.Solutions.Compute Verbose: 0 : SshRelayStream [TX: 0 TXA: 0 RX: 0 AQ: 0]: Received data (1 bytes)
Google.Solutions.Compute Verbose: 0 : SshRelayStream [TX: 0 TXA: 0 RX: 0 AQ: 0]: Received data (1 bytes)
Google.Solutions.Compute Verbose: 0 : SshRelayStream [TX: 0 TXA: 0 RX: 0 AQ: 0]: Received data (1 bytes)
Google.Solutions.Compute Verbose: 0 : SshRelayStream [TX: 0 TXA: 0 RX: 0 AQ: 0]: Received data (1 bytes)
Google.Solutions.Compute Verbose: 0 : SshRelayStream [TX: 0 TXA: 0 RX: 0 AQ: 0]: Received data (1 bytes)
Google.Solutions.Compute Verbose: 0 : SshRelayStream [TX: 0 TXA: 0 RX: 0 AQ: 0]: Received data (1 bytes)
Google.Solutions.Compute Verbose: 0 : SshRelayStream [TX: 0 TXA: 0 RX: 0 AQ: 0]: Received data (1 bytes)
Google.Solutions.Compute Verbose: 0 : SshRelayStream [TX: 0 TXA: 0 RX: 0 AQ: 0]: Received data (1 bytes)
Google.Solutions.Compute Verbose: 0 : SshRelayStream [TX: 0 TXA: 0 RX: 0 AQ: 0]: Received data (1 bytes)
Google.Solutions.Compute Verbose: 0 : SshRelayStream [TX: 0 TXA: 0 RX: 0 AQ: 0]: Received data (1 bytes)
Google.Solutions.Compute Verbose: 0 : SshRelayStream [TX: 0 TXA: 0 RX: 0 AQ: 0]: Received data (1 bytes)
Google.Solutions.Compute Verbose: 0 : SshRelayStream [TX: 0 TXA: 0 RX: 0 AQ: 0]: Received data (1 bytes)
Google.Solutions.Compute Verbose: 0 : SshRelayStream [TX: 0 TXA: 0 RX: 0 AQ: 0]: Received data (1 bytes)
Google.Solutions.Compute Verbose: 0 : SshRelayStream [TX: 0 TXA: 0 RX: 0 AQ: 0]: Received data (1 bytes)
Google.Solutions.Compute Verbose: 0 : SshRelayStream [TX: 0 TXA: 0 RX: 0 AQ: 0]: Received data (1 bytes)
Google.Solutions.Compute Verbose: 0 : SshRelayStream [TX: 0 TXA: 0 RX: 0 AQ: 0]: Received data (1 bytes)
Google.Solutions.Compute Verbose: 0 : SshRelayStream [TX: 0 TXA: 0 RX: 0 AQ: 0]: Received data (1 bytes)
Google.Solutions.Compute Verbose: 0 : SshRelayStream [TX: 0 TXA: 0 RX: 0 AQ: 0]: Received data (1 bytes)
Google.Solutions.Compute Verbose: 0 : SshRelayStream [TX: 0 TXA: 0 RX: 0 AQ: 0]: Received data (1 bytes)
Google.Solutions.Compute Verbose: 0 : SshRelayStream [TX: 0 TXA: 0 RX: 0 AQ: 0]: Received data (1 bytes)
Google.Solutions.Compute Verbose: 0 : SshRelayStream [TX: 0 TXA: 0 RX: 0 AQ: 0]: Received data (1 bytes)
Google.Solutions.Compute Verbose: 0 : SshRelayStream [TX: 0 TXA: 0 RX: 0 AQ: 0]: Received data (1 bytes)
Google.Solutions.Compute Verbose: 0 : SshRelayStream [TX: 0 TXA: 0 RX: 0 AQ: 0]: Received data (1 bytes)
Google.Solutions.Compute Verbose: 0 : SshRelayStream [TX: 0 TXA: 0 RX: 0 AQ: 0]: Received data (1 bytes)
Google.Solutions.Compute Verbose: 0 : SshRelayStream [TX: 0 TXA: 0 RX: 0 AQ: 0]: Received data (1 bytes)
Google.Solutions.Compute Verbose: 0 : SshRelayStream [TX: 0 TXA: 0 RX: 0 AQ: 0]: Received data (1 bytes)
Google.Solutions.Compute Verbose: 0 : SshRelayStream [TX: 0 TXA: 0 RX: 0 AQ: 0]: Received data (1 bytes)
Google.Solutions.Compute Verbose: 0 : SshRelayStream [TX: 0 TXA: 0 RX: 0 AQ: 0]: Received data (1 bytes)
Google.Solutions.Compute Verbose: 0 : SshRelayStream [TX: 0 TXA: 0 RX: 0 AQ: 0]: Received data (1 bytes)
Google.Solutions.Compute Verbose: 0 : SshRelayStream [TX: 0 TXA: 0 RX: 0 AQ: 0]: Received data (1 bytes)
Google.Solutions.Compute Verbose: 0 : SshRelayStream [TX: 0 TXA: 0 RX: 0 AQ: 0]: Received data (1 bytes)
Google.Solutions.Compute Verbose: 0 : SshRelayStream [TX: 0 TXA: 0 RX: 1 AQ: 0]: Connection closed abnormally: 1002
Google.Solutions.Compute Verbose: 0 : SshRelayStream [TX: 0 TXA: 0 RX: 1 AQ: 0]: Connection closed abnormally: 1002
Google.Solutions.Compute Verbose: 0 : SshRelayStream [TX: 0 TXA: 0 RX: 1 AQ: 0]: Connection closed abnormally: 1002
Google.Solutions.Compute Verbose: 0 : SshRelayStream [TX: 0 TXA: 0 RX: 1 AQ: 0]: Connection closed abnormally: 1002
Google.Solutions.Compute Verbose: 0 : SshRelayStream [TX: 0 TXA: 0 RX: 1 AQ: 0]: Connection closed abnormally: 1002
Google.Solutions.Compute Verbose: 0 : SshRelayStream [TX: 0 TXA: 0 RX: 1 AQ: 0]: Connection closed abnormally: 1002
Google.Solutions.Compute Verbose: 0 : SshRelayStream [TX: 0 TXA: 0 RX: 1 AQ: 0]: Connection closed abnormally: 1002
Google.Solutions.Compute Verbose: 0 : SshRelayStream [TX: 0 TXA: 0 RX: 1 AQ: 0]: Connection closed abnormally: 1002
Google.Solutions.Compute Verbose: 0 : SshRelayStream [TX: 0 TXA: 0 RX: 1 AQ: 0]: Connection closed abnormally: 1002
Google.Solutions.Compute Verbose: 0 : SshRelayStream [TX: 0 TXA: 0 RX: 1 AQ: 0]: Connection closed abnormally: 1002
Google.Solutions.Compute Verbose: 0 : SshRelayStream [TX: 0 TXA: 0 RX: 1 AQ: 0]: Connection closed abnormally: 1002
Google.Solutions.Compute Verbose: 0 : SshRelayStream [TX: 0 TXA: 0 RX: 1 AQ: 0]: Connection closed abnormally: 1002
Google.Solutions.Compute Verbose: 0 : SshRelayStream [TX: 0 TXA: 0 RX: 1 AQ: 0]: Connection closed abnormally: 1002
Google.Solutions.Compute Verbose: 0 : SshRelayStream [TX: 0 TXA: 0 RX: 1 AQ: 0]: Connection closed abnormally: 1002
Google.Solutions.Compute Verbose: 0 : SshRelayStream [TX: 0 TXA: 0 RX: 1 AQ: 0]: Connection closed abnormally: 1002
Google.Solutions.Compute Verbose: 0 : SshRelayStream [TX: 0 TXA: 0 RX: 1 AQ: 0]: Connection closed abnormally: 1002
Google.Solutions.Compute Verbose: 0 : SshRelayStream [TX: 0 TXA: 0 RX: 1 AQ: 0]: Connection closed abnormally: 1002
Google.Solutions.Compute Verbose: 0 : SshRelayStream [TX: 0 TXA: 0 RX: 1 AQ: 0]: Connection closed abnormally: 1002
Google.Solutions.Compute Verbose: 0 : SshRelayStream [TX: 0 TXA: 0 RX: 1 AQ: 0]: Connection closed abnormally: 1002
Google.Solutions.Compute Verbose: 0 : SshRelayStream [TX: 0 TXA: 0 RX: 1 AQ: 0]: Connection closed abnormally: 1002
Google.Solutions.Compute Verbose: 0 : SshRelayStream [TX: 0 TXA: 0 RX: 1 AQ: 0]: Connection closed abnormally: 1002
Google.Solutions.Compute Verbose: 0 : SshRelayStream [TX: 0 TXA: 0 RX: 1 AQ: 0]: Connection closed abnormally: 1002
Google.Solutions.Compute Verbose: 0 : SshRelayStream [TX: 0 TXA: 0 RX: 1 AQ: 0]: Connection closed abnormally: 1002
Google.Solutions.Compute Verbose: 0 : SshRelayStream [TX: 0 TXA: 0 RX: 1 AQ: 0]: Connection closed abnormally: 1002
Google.Solutions.Compute Verbose: 0 : SshRelayStream [TX: 0 TXA: 0 RX: 1 AQ: 0]: Connection closed abnormally: 1002
Google.Solutions.Compute Verbose: 0 : SshRelayStream [TX: 0 TXA: 0 RX: 1 AQ: 0]: Connection closed abnormally: 1002
Google.Solutions.Compute Verbose: 0 : SshRelayStream [TX: 0 TXA: 0 RX: 1 AQ: 0]: Connection closed abnormally: 1002
Google.Solutions.Compute Verbose: 0 : SshRelayStream [TX: 0 TXA: 0 RX: 1 AQ: 0]: Connection closed abnormally: 1002
Google.Solutions.Compute Verbose: 0 : SshRelayStream [TX: 0 TXA: 0 RX: 1 AQ: 0]: Connection closed abnormally: 1002
Google.Solutions.Compute Verbose: 0 : SshRelayStream [TX: 0 TXA: 0 RX: 1 AQ: 0]: Connection closed abnormally: 1002
Google.Solutions.Compute Verbose: 0 : SshRelayStream [TX: 0 TXA: 0 RX: 1 AQ: 0]: Connection closed abnormally: 1002
Google.Solutions.Compute Verbose: 0 : SshRelayStream [TX: 0 TXA: 0 RX: 1 AQ: 0]: Connection closed abnormally: 1002
Google.Solutions.Compute Verbose: 0 : SshRelayStream [TX: 0 TXA: 0 RX: 1 AQ: 0]: Disconnecting, preparing to reconnect
Google.Solutions.Compute Verbose: 0 : SshRelayStream [TX: 0 TXA: 0 RX: 1 AQ: 0]: Disconnecting, preparing to reconnect
Google.Solutions.Compute Verbose: 0 : SshRelayStream [TX: 0 TXA: 0 RX: 1 AQ: 0]: Disconnecting, preparing to reconnect
Google.Solutions.Compute Verbose: 0 : SshRelayStream [TX: 0 TXA: 0 RX: 1 AQ: 0]: Disconnecting, preparing to reconnect
Google.Solutions.Compute Verbose: 0 : SshRelayStream [TX: 0 TXA: 0 RX: 1 AQ: 0]: Disconnecting, preparing to reconnect
Google.Solutions.Compute Verbose: 0 : SshRelayStream [TX: 0 TXA: 0 RX: 1 AQ: 0]: Disconnecting, preparing to reconnect
Google.Solutions.Compute Verbose: 0 : SshRelayStream [TX: 0 TXA: 0 RX: 1 AQ: 0]: Disconnecting, preparing to reconnect
Google.Solutions.Compute Verbose: 0 : SshRelayStream [TX: 0 TXA: 0 RX: 1 AQ: 0]: Disconnecting, preparing to reconnect
Google.Solutions.Compute Verbose: 0 : SshRelayStream [TX: 0 TXA: 0 RX: 1 AQ: 0]: Disconnecting, preparing to reconnect
Google.Solutions.Compute Verbose: 0 : SshRelayStream [TX: 0 TXA: 0 RX: 1 AQ: 0]: Disconnecting, preparing to reconnect
Google.Solutions.Compute Verbose: 0 : SshRelayStream [TX: 0 TXA: 0 RX: 1 AQ: 0]: Disconnecting, preparing to reconnect
Google.Solutions.Compute Verbose: 0 : SshRelayStream [TX: 0 TXA: 0 RX: 1 AQ: 0]: Disconnecting, preparing to reconnect
Google.Solutions.Compute Verbose: 0 : SshRelayStream [TX: 0 TXA: 0 RX: 1 AQ: 0]: Disconnecting, preparing to reconnect
Google.Solutions.Compute Verbose: 0 : SshRelayStream [TX: 0 TXA: 0 RX: 1 AQ: 0]: Disconnecting, preparing to reconnect
Google.Solutions.Compute Verbose: 0 : SshRelayStream [TX: 0 TXA: 0 RX: 1 AQ: 0]: Disconnecting, preparing to reconnect
Google.Solutions.Compute Verbose: 0 : SshRelayStream [TX: 0 TXA: 0 RX: 1 AQ: 0]: Disconnecting, preparing to reconnect
Google.Solutions.Compute Verbose: 0 : SshRelayStream [TX: 0 TXA: 0 RX: 1 AQ: 0]: Disconnecting, preparing to reconnect
Google.Solutions.Compute Verbose: 0 : SshRelayStream [TX: 0 TXA: 0 RX: 1 AQ: 0]: Disconnecting, preparing to reconnect
Google.Solutions.Compute Verbose: 0 : SshRelayStream [TX: 0 TXA: 0 RX: 1 AQ: 0]: Disconnecting, preparing to reconnect
Google.Solutions.Compute Verbose: 0 : SshRelayStream [TX: 0 TXA: 0 RX: 1 AQ: 0]: Disconnecting, preparing to reconnect
Google.Solutions.Compute Verbose: 0 : SshRelayStream [TX: 0 TXA: 0 RX: 1 AQ: 0]: Disconnecting, preparing to reconnect
Google.Solutions.Compute Verbose: 0 : SshRelayStream [TX: 0 TXA: 0 RX: 1 AQ: 0]: Disconnecting, preparing to reconnect
Google.Solutions.Compute Verbose: 0 : SshRelayStream [TX: 0 TXA: 0 RX: 1 AQ: 0]: Disconnecting, preparing to reconnect
Google.Solutions.Compute Verbose: 0 : SshRelayStream [TX: 0 TXA: 0 RX: 1 AQ: 0]: Disconnecting, preparing to reconnect
Google.Solutions.Compute Verbose: 0 : SshRelayStream [TX: 0 TXA: 0 RX: 1 AQ: 0]: Disconnecting, preparing to reconnect
Google.Solutions.Compute Verbose: 0 : SshRelayStream [TX: 0 TXA: 0 RX: 1 AQ: 0]: Disconnecting, preparing to reconnect
Google.Solutions.Compute Verbose: 0 : SshRelayStream [TX: 0 TXA: 0 RX: 1 AQ: 0]: Disconnecting, preparing to reconnect
Google.Solutions.Compute Verbose: 0 : SshRelayStream [TX: 0 TXA: 0 RX: 1 AQ: 0]: Disconnecting, preparing to reconnect
Google.Solutions.Compute Verbose: 0 : SshRelayStream [TX: 0 TXA: 0 RX: 1 AQ: 0]: Disconnecting, preparing to reconnect
Google.Solutions.Compute Verbose: 0 : SshRelayStream [TX: 0 TXA: 0 RX: 1 AQ: 0]: Disconnecting, preparing to reconnect
Google.Solutions.Compute Verbose: 0 : SshRelayStream [TX: 0 TXA: 0 RX: 1 AQ: 0]: Disconnecting, preparing to reconnect
Google.Solutions.Compute Verbose: 0 : SshRelayStream [TX: 0 TXA: 0 RX: 1 AQ: 0]: Disconnecting, preparing to reconnect
Google.Solutions.Compute Verbose: 0 : SshRelayStream [TX: 0 TXA: 0 RX: 1 AQ: 0]: Disonnected.
Google.Solutions.Compute Verbose: 0 : SshRelayStream [TX: 0 TXA: 0 RX: 1 AQ: 0]: Disonnected.
Google.Solutions.Compute Verbose: 0 : SshRelayStream [TX: 0 TXA: 0 RX: 1 AQ: 0]: Disonnected.
Google.Solutions.Compute Verbose: 0 : SshRelayStream [TX: 0 TXA: 0 RX: 1 AQ: 0]: Disonnected.
Google.Solutions.Compute Verbose: 0 : SshRelayStream [TX: 0 TXA: 0 RX: 1 AQ: 0]: Disonnected.
Google.Solutions.Compute Verbose: 0 : SshRelayStream [TX: 0 TXA: 0 RX: 1 AQ: 0]: Disonnected.
Google.Solutions.Compute Verbose: 0 : SshRelayStream [TX: 0 TXA: 0 RX: 1 AQ: 0]: Disonnected.
Google.Solutions.Compute Verbose: 0 : SshRelayStream [TX: 0 TXA: 0 RX: 1 AQ: 0]: Disonnected.
Google.Solutions.Compute Verbose: 0 : SshRelayStream [TX: 0 TXA: 0 RX: 1 AQ: 0]: Disonnected.
Google.Solutions.Compute Verbose: 0 : SshRelayStream [TX: 0 TXA: 0 RX: 1 AQ: 0]: Disonnected.
Google.Solutions.Compute Verbose: 0 : SshRelayStream [TX: 0 TXA: 0 RX: 1 AQ: 0]: Disonnected.
Google.Solutions.Compute Verbose: 0 : SshRelayStream [TX: 0 TXA: 0 RX: 1 AQ: 0]: Disonnected.
Google.Solutions.Compute Verbose: 0 : SshRelayStream [TX: 0 TXA: 0 RX: 1 AQ: 0]: Disonnected.
Google.Solutions.Compute Verbose: 0 : SshRelayStream [TX: 0 TXA: 0 RX: 1 AQ: 0]: Disonnected.
Google.Solutions.Compute Verbose: 0 : SshRelayStream [TX: 0 TXA: 0 RX: 1 AQ: 0]: Disonnected.
Google.Solutions.Compute Verbose: 0 : SshRelayStream [TX: 0 TXA: 0 RX: 1 AQ: 0]: Disonnected.
Google.Solutions.Compute Verbose: 0 : SshRelayStream [TX: 0 TXA: 0 RX: 1 AQ: 0]: Disonnected.
Google.Solutions.Compute Verbose: 0 : SshRelayStream [TX: 0 TXA: 0 RX: 1 AQ: 0]: Disonnected.
Google.Solutions.Compute Verbose: 0 : SshRelayStream [TX: 0 TXA: 0 RX: 1 AQ: 0]: Disonnected.
Google.Solutions.Compute Verbose: 0 : SshRelayStream [TX: 0 TXA: 0 RX: 1 AQ: 0]: Disonnected.
Google.Solutions.Compute Verbose: 0 : SshRelayStream [TX: 0 TXA: 0 RX: 1 AQ: 0]: Disonnected.
Google.Solutions.Compute Verbose: 0 : SshRelayStream [TX: 0 TXA: 0 RX: 1 AQ: 0]: Disonnected.
Google.Solutions.Compute Verbose: 0 : SshRelayStream [TX: 0 TXA: 0 RX: 1 AQ: 0]: Disonnected.
Google.Solutions.Compute Verbose: 0 : SshRelayStream [TX: 0 TXA: 0 RX: 1 AQ: 0]: Disonnected.
Google.Solutions.Compute Verbose: 0 : SshRelayStream [TX: 0 TXA: 0 RX: 1 AQ: 0]: Disonnected.
Google.Solutions.Compute Verbose: 0 : SshRelayStream [TX: 0 TXA: 0 RX: 1 AQ: 0]: Disonnected.
Google.Solutions.Compute Verbose: 0 : SshRelayStream [TX: 0 TXA: 0 RX: 1 AQ: 0]: Disonnected.
Google.Solutions.Compute Verbose: 0 : SshRelayStream [TX: 0 TXA: 0 RX: 1 AQ: 0]: Disonnected.
Google.Solutions.Compute Verbose: 0 : SshRelayStream [TX: 0 TXA: 0 RX: 1 AQ: 0]: Disonnected.
Google.Solutions.Compute Verbose: 0 : SshRelayStream [TX: 0 TXA: 0 RX: 1 AQ: 0]: Disonnected.
Google.Solutions.Compute Verbose: 0 : SshRelayStream [TX: 0 TXA: 0 RX: 1 AQ: 0]: Disonnected.
Google.Solutions.Compute Verbose: 0 : SshRelayStream [TX: 0 TXA: 0 RX: 1 AQ: 0]: Disonnected.
Google.Solutions.Compute Verbose: 0 : SshRelayStream [TX: 0 TXA: 0 RX: 1 AQ: 0]: Reconnecting...
Google.Solutions.Compute Verbose: 0 : SshRelayStream [TX: 0 TXA: 0 RX: 1 AQ: 0]: Reconnecting...
Google.Solutions.Compute Verbose: 0 : SshRelayStream [TX: 0 TXA: 0 RX: 1 AQ: 0]: Reconnecting...
Google.Solutions.Compute Verbose: 0 : SshRelayStream [TX: 0 TXA: 0 RX: 1 AQ: 0]: Reconnecting...
Google.Solutions.Compute Verbose: 0 : SshRelayStream [TX: 0 TXA: 0 RX: 1 AQ: 0]: Reconnecting...
Google.Solutions.Compute Verbose: 0 : SshRelayStream [TX: 0 TXA: 0 RX: 1 AQ: 0]: Reconnecting...
Google.Solutions.Compute Verbose: 0 : SshRelayStream [TX: 0 TXA: 0 RX: 1 AQ: 0]: Reconnecting...
Google.Solutions.Compute Verbose: 0 : SshRelayStream [TX: 0 TXA: 0 RX: 1 AQ: 0]: Reconnecting...
Google.Solutions.Compute Verbose: 0 : SshRelayStream [TX: 0 TXA: 0 RX: 1 AQ: 0]: Reconnecting...
Google.Solutions.Compute Verbose: 0 : SshRelayStream [TX: 0 TXA: 0 RX: 1 AQ: 0]: Reconnecting...
Google.Solutions.Compute Verbose: 0 : SshRelayStream [TX: 0 TXA: 0 RX: 1 AQ: 0]: Reconnecting...
Google.Solutions.Compute Verbose: 0 : SshRelayStream [TX: 0 TXA: 0 RX: 1 AQ: 0]: Reconnecting...
Google.Solutions.Compute Verbose: 0 : SshRelayStream [TX: 0 TXA: 0 RX: 1 AQ: 0]: Reconnecting...
Google.Solutions.Compute Verbose: 0 : SshRelayStream [TX: 0 TXA: 0 RX: 1 AQ: 0]: Reconnecting...
Google.Solutions.Compute Verbose: 0 : SshRelayStream [TX: 0 TXA: 0 RX: 1 AQ: 0]: Reconnecting...
Google.Solutions.Compute Verbose: 0 : SshRelayStream [TX: 0 TXA: 0 RX: 1 AQ: 0]: Reconnecting...
Google.Solutions.Compute Verbose: 0 : SshRelayStream [TX: 0 TXA: 0 RX: 1 AQ: 0]: Reconnecting...
Google.Solutions.Compute Verbose: 0 : SshRelayStream [TX: 0 TXA: 0 RX: 1 AQ: 0]: Reconnecting...
Google.Solutions.Compute Verbose: 0 : SshRelayStream [TX: 0 TXA: 0 RX: 1 AQ: 0]: Reconnecting...
Google.Solutions.Compute Verbose: 0 : SshRelayStream [TX: 0 TXA: 0 RX: 1 AQ: 0]: Reconnecting...
Google.Solutions.Compute Verbose: 0 : SshRelayStream [TX: 0 TXA: 0 RX: 1 AQ: 0]: Reconnecting...
Google.Solutions.Compute Verbose: 0 : SshRelayStream [TX: 0 TXA: 0 RX: 1 AQ: 0]: Reconnecting...
Google.Solutions.Compute Verbose: 0 : SshRelayStream [TX: 0 TXA: 0 RX: 1 AQ: 0]: Reconnecting...
Google.Solutions.Compute Verbose: 0 : SshRelayStream [TX: 0 TXA: 0 RX: 1 AQ: 0]: Reconnecting...
Google.Solutions.Compute Verbose: 0 : SshRelayStream [TX: 0 TXA: 0 RX: 1 AQ: 0]: Reconnecting...
Google.Solutions.Compute Verbose: 0 : SshRelayStream [TX: 0 TXA: 0 RX: 1 AQ: 0]: Reconnecting...
Google.Solutions.Compute Verbose: 0 : SshRelayStream [TX: 0 TXA: 0 RX: 1 AQ: 0]: Reconnecting...
Google.Solutions.Compute Verbose: 0 : SshRelayStream [TX: 0 TXA: 0 RX: 1 AQ: 0]: Reconnecting...
Google.Solutions.Compute Verbose: 0 : SshRelayStream [TX: 0 TXA: 0 RX: 1 AQ: 0]: Reconnecting...
Google.Solutions.Compute Verbose: 0 : SshRelayStream [TX: 0 TXA: 0 RX: 1 AQ: 0]: Reconnecting...
Google.Solutions.Compute Verbose: 0 : SshRelayStream [TX: 0 TXA: 0 RX: 1 AQ: 0]: Reconnecting...
Google.Solutions.Compute Verbose: 0 : SshRelayStream [TX: 0 TXA: 0 RX: 1 AQ: 0]: Reconnecting...
Google.Solutions.Compute Verbose: 0 : SshRelayStream [TX: 0 TXA: 0 RX: 1 AQ: 0]: Sid unknown or in use
Google.Solutions.Compute Verbose: 0 : SshRelayStream [TX: 0 TXA: 0 RX: 1 AQ: 0]: Sid unknown or in use
Google.Solutions.Compute Verbose: 0 : SshRelayStream [TX: 0 TXA: 0 RX: 1 AQ: 0]: Sid unknown or in use
Google.Solutions.Compute Verbose: 0 : SshRelayStream [TX: 0 TXA: 0 RX: 1 AQ: 0]: Sid unknown or in use
Google.Solutions.Compute Verbose: 0 : SshRelayStream [TX: 0 TXA: 0 RX: 1 AQ: 0]: Sid unknown or in use
Google.Solutions.Compute Verbose: 0 : SshRelayStream [TX: 0 TXA: 0 RX: 1 AQ: 0]: Sid unknown or in use
Google.Solutions.Compute Verbose: 0 : SshRelayStream [TX: 0 TXA: 0 RX: 1 AQ: 0]: Sid unknown or in use
Google.Solutions.Compute Verbose: 0 : SshRelayStream [TX: 0 TXA: 0 RX: 1 AQ: 0]: Sid unknown or in use
Google.Solutions.Compute Verbose: 0 : SshRelayStream [TX: 0 TXA: 0 RX: 1 AQ: 0]: Sid unknown or in use
Google.Solutions.Compute Verbose: 0 : SshRelayStream [TX: 0 TXA: 0 RX: 1 AQ: 0]: Sid unknown or in use
Google.Solutions.Compute Verbose: 0 : SshRelayStream [TX: 0 TXA: 0 RX: 1 AQ: 0]: Sid unknown or in use
Google.Solutions.Compute Verbose: 0 : SshRelayStream [TX: 0 TXA: 0 RX: 1 AQ: 0]: Sid unknown or in use
Google.Solutions.Compute Verbose: 0 : SshRelayStream [TX: 0 TXA: 0 RX: 1 AQ: 0]: Sid unknown or in use
Google.Solutions.Compute Verbose: 0 : SshRelayStream [TX: 0 TXA: 0 RX: 1 AQ: 0]: Sid unknown or in use
Google.Solutions.Compute Verbose: 0 : SshRelayStream [TX: 0 TXA: 0 RX: 1 AQ: 0]: Sid unknown or in use
Google.Solutions.Compute Verbose: 0 : SshRelayStream [TX: 0 TXA: 0 RX: 1 AQ: 0]: Sid unknown or in use
Google.Solutions.Compute Verbose: 0 : SshRelayStream [TX: 0 TXA: 0 RX: 1 AQ: 0]: Sid unknown or in use
Google.Solutions.Compute Verbose: 0 : SshRelayStream [TX: 0 TXA: 0 RX: 1 AQ: 0]: Sid unknown or in use
Google.Solutions.Compute Verbose: 0 : SshRelayStream [TX: 0 TXA: 0 RX: 1 AQ: 0]: Sid unknown or in use
Google.Solutions.Compute Verbose: 0 : SshRelayStream [TX: 0 TXA: 0 RX: 1 AQ: 0]: Sid unknown or in use
Google.Solutions.Compute Verbose: 0 : SshRelayStream [TX: 0 TXA: 0 RX: 1 AQ: 0]: Sid unknown or in use
Google.Solutions.Compute Verbose: 0 : SshRelayStream [TX: 0 TXA: 0 RX: 1 AQ: 0]: Sid unknown or in use
Google.Solutions.Compute Verbose: 0 : SshRelayStream [TX: 0 TXA: 0 RX: 1 AQ: 0]: Sid unknown or in use
Google.Solutions.Compute Verbose: 0 : SshRelayStream [TX: 0 TXA: 0 RX: 1 AQ: 0]: Sid unknown or in use
Google.Solutions.Compute Verbose: 0 : SshRelayStream [TX: 0 TXA: 0 RX: 1 AQ: 0]: Sid unknown or in use
Google.Solutions.Compute Verbose: 0 : SshRelayStream [TX: 0 TXA: 0 RX: 1 AQ: 0]: Sid unknown or in use
Google.Solutions.Compute Verbose: 0 : SshRelayStream [TX: 0 TXA: 0 RX: 1 AQ: 0]: Sid unknown or in use
Google.Solutions.Compute Verbose: 0 : SshRelayStream [TX: 0 TXA: 0 RX: 1 AQ: 0]: Sid unknown or in use
Google.Solutions.Compute Verbose: 0 : SshRelayStream [TX: 0 TXA: 0 RX: 1 AQ: 0]: Sid unknown or in use
Google.Solutions.Compute Verbose: 0 : SshRelayStream [TX: 0 TXA: 0 RX: 1 AQ: 0]: Sid unknown or in use
Google.Solutions.Compute Verbose: 0 : SshRelayStream [TX: 0 TXA: 0 RX: 1 AQ: 0]: Sid unknown or in use
Google.Solutions.Compute Verbose: 0 : SshRelayStream [TX: 0 TXA: 0 RX: 1 AQ: 0]: Sid unknown or in use
</system-out></testcase><testcase name="ReadFailedReconnectCausesException(4002)" assertions="2" time="0.002033" status="Passed" classname="Google.Solutions.Compute.Test.Iap.TestSshRelayStreamReading"><system-out>Google.Solutions.Compute Verbose: 0 : SshRelayStream [TX: 0 TXA: 0 RX: 0 AQ: 0]: Connecting...
Google.Solutions.Compute Verbose: 0 : SshRelayStream [TX: 0 TXA: 0 RX: 0 AQ: 0]: Connecting...
Google.Solutions.Compute Verbose: 0 : SshRelayStream [TX: 0 TXA: 0 RX: 0 AQ: 0]: Connecting...
Google.Solutions.Compute Verbose: 0 : SshRelayStream [TX: 0 TXA: 0 RX: 0 AQ: 0]: Connecting...
Google.Solutions.Compute Verbose: 0 : SshRelayStream [TX: 0 TXA: 0 RX: 0 AQ: 0]: Connecting...
Google.Solutions.Compute Verbose: 0 : SshRelayStream [TX: 0 TXA: 0 RX: 0 AQ: 0]: Connecting...
Google.Solutions.Compute Verbose: 0 : SshRelayStream [TX: 0 TXA: 0 RX: 0 AQ: 0]: Connecting...
Google.Solutions.Compute Verbose: 0 : SshRelayStream [TX: 0 TXA: 0 RX: 0 AQ: 0]: Connecting...
Google.Solutions.Compute Verbose: 0 : SshRelayStream [TX: 0 TXA: 0 RX: 0 AQ: 0]: Connecting...
Google.Solutions.Compute Verbose: 0 : SshRelayStream [TX: 0 TXA: 0 RX: 0 AQ: 0]: Connecting...
Google.Solutions.Compute Verbose: 0 : SshRelayStream [TX: 0 TXA: 0 RX: 0 AQ: 0]: Connecting...
Google.Solutions.Compute Verbose: 0 : SshRelayStream [TX: 0 TXA: 0 RX: 0 AQ: 0]: Connecting...
Google.Solutions.Compute Verbose: 0 : SshRelayStream [TX: 0 TXA: 0 RX: 0 AQ: 0]: Connecting...
Google.Solutions.Compute Verbose: 0 : SshRelayStream [TX: 0 TXA: 0 RX: 0 AQ: 0]: Connecting...
Google.Solutions.Compute Verbose: 0 : SshRelayStream [TX: 0 TXA: 0 RX: 0 AQ: 0]: Connecting...
Google.Solutions.Compute Verbose: 0 : SshRelayStream [TX: 0 TXA: 0 RX: 0 AQ: 0]: Connecting...
Google.Solutions.Compute Verbose: 0 : SshRelayStream [TX: 0 TXA: 0 RX: 0 AQ: 0]: Connecting...
Google.Solutions.Compute Verbose: 0 : SshRelayStream [TX: 0 TXA: 0 RX: 0 AQ: 0]: Connecting...
Google.Solutions.Compute Verbose: 0 : SshRelayStream [TX: 0 TXA: 0 RX: 0 AQ: 0]: Connecting...
Google.Solutions.Compute Verbose: 0 : SshRelayStream [TX: 0 TXA: 0 RX: 0 AQ: 0]: Connecting...
Google.Solutions.Compute Verbose: 0 : SshRelayStream [TX: 0 TXA: 0 RX: 0 AQ: 0]: Connecting...
Google.Solutions.Compute Verbose: 0 : SshRelayStream [TX: 0 TXA: 0 RX: 0 AQ: 0]: Connecting...
Google.Solutions.Compute Verbose: 0 : SshRelayStream [TX: 0 TXA: 0 RX: 0 AQ: 0]: Connecting...
Google.Solutions.Compute Verbose: 0 : SshRelayStream [TX: 0 TXA: 0 RX: 0 AQ: 0]: Connecting...
Google.Solutions.Compute Verbose: 0 : SshRelayStream [TX: 0 TXA: 0 RX: 0 AQ: 0]: Connecting...
Google.Solutions.Compute Verbose: 0 : SshRelayStream [TX: 0 TXA: 0 RX: 0 AQ: 0]: Connecting...
Google.Solutions.Compute Verbose: 0 : SshRelayStream [TX: 0 TXA: 0 RX: 0 AQ: 0]: Connecting...
Google.Solutions.Compute Verbose: 0 : SshRelayStream [TX: 0 TXA: 0 RX: 0 AQ: 0]: Connecting...
Google.Solutions.Compute Verbose: 0 : SshRelayStream [TX: 0 TXA: 0 RX: 0 AQ: 0]: Connecting...
Google.Solutions.Compute Verbose: 0 : SshRelayStream [TX: 0 TXA: 0 RX: 0 AQ: 0]: Connecting...
Google.Solutions.Compute Verbose: 0 : SshRelayStream [TX: 0 TXA: 0 RX: 0 AQ: 0]: Connecting...
Google.Solutions.Compute Verbose: 0 : SshRelayStream [TX: 0 TXA: 0 RX: 0 AQ: 0]: Connecting...
Google.Solutions.Compute Verbose: 0 : SshRelayStream [TX: 0 TXA: 0 RX: 0 AQ: 0]: Connecting...
Google.Solutions.Compute Verbose: 0 : SshRelayStream [TX: 0 TXA: 0 RX: 0 AQ: 0]: Connected session &lt;\u0000&gt;
Google.Solutions.Compute Verbose: 0 : SshRelayStream [TX: 0 TXA: 0 RX: 0 AQ: 0]: Connected session &lt;\u0000&gt;
Google.Solutions.Compute Verbose: 0 : SshRelayStream [TX: 0 TXA: 0 RX: 0 AQ: 0]: Connected session &lt;\u0000&gt;
Google.Solutions.Compute Verbose: 0 : SshRelayStream [TX: 0 TXA: 0 RX: 0 AQ: 0]: Connected session &lt;\u0000&gt;
Google.Solutions.Compute Verbose: 0 : SshRelayStream [TX: 0 TXA: 0 RX: 0 AQ: 0]: Connected session &lt;\u0000&gt;
Google.Solutions.Compute Verbose: 0 : SshRelayStream [TX: 0 TXA: 0 RX: 0 AQ: 0]: Connected session &lt;\u0000&gt;
Google.Solutions.Compute Verbose: 0 : SshRelayStream [TX: 0 TXA: 0 RX: 0 AQ: 0]: Connected session &lt;\u0000&gt;
Google.Solutions.Compute Verbose: 0 : SshRelayStream [TX: 0 TXA: 0 RX: 0 AQ: 0]: Connected session &lt;\u0000&gt;
Google.Solutions.Compute Verbose: 0 : SshRelayStream [TX: 0 TXA: 0 RX: 0 AQ: 0]: Connected session &lt;\u0000&gt;
Google.Solutions.Compute Verbose: 0 : SshRelayStream [TX: 0 TXA: 0 RX: 0 AQ: 0]: Connected session &lt;\u0000&gt;
Google.Solutions.Compute Verbose: 0 : SshRelayStream [TX: 0 TXA: 0 RX: 0 AQ: 0]: Connected session &lt;\u0000&gt;
Google.Solutions.Compute Verbose: 0 : SshRelayStream [TX: 0 TXA: 0 RX: 0 AQ: 0]: Connected session &lt;\u0000&gt;
Google.Solutions.Compute Verbose: 0 : SshRelayStream [TX: 0 TXA: 0 RX: 0 AQ: 0]: Connected session &lt;\u0000&gt;
Google.Solutions.Compute Verbose: 0 : SshRelayStream [TX: 0 TXA: 0 RX: 0 AQ: 0]: Connected session &lt;\u0000&gt;
Google.Solutions.Compute Verbose: 0 : SshRelayStream [TX: 0 TXA: 0 RX: 0 AQ: 0]: Connected session &lt;\u0000&gt;
Google.Solutions.Compute Verbose: 0 : SshRelayStream [TX: 0 TXA: 0 RX: 0 AQ: 0]: Connected session &lt;\u0000&gt;
Google.Solutions.Compute Verbose: 0 : SshRelayStream [TX: 0 TXA: 0 RX: 0 AQ: 0]: Connected session &lt;\u0000&gt;
Google.Solutions.Compute Verbose: 0 : SshRelayStream [TX: 0 TXA: 0 RX: 0 AQ: 0]: Connected session &lt;\u0000&gt;
Google.Solutions.Compute Verbose: 0 : SshRelayStream [TX: 0 TXA: 0 RX: 0 AQ: 0]: Connected session &lt;\u0000&gt;
Google.Solutions.Compute Verbose: 0 : SshRelayStream [TX: 0 TXA: 0 RX: 0 AQ: 0]: Connected session &lt;\u0000&gt;
Google.Solutions.Compute Verbose: 0 : SshRelayStream [TX: 0 TXA: 0 RX: 0 AQ: 0]: Connected session &lt;\u0000&gt;
Google.Solutions.Compute Verbose: 0 : SshRelayStream [TX: 0 TXA: 0 RX: 0 AQ: 0]: Connected session &lt;\u0000&gt;
Google.Solutions.Compute Verbose: 0 : SshRelayStream [TX: 0 TXA: 0 RX: 0 AQ: 0]: Connected session &lt;\u0000&gt;
Google.Solutions.Compute Verbose: 0 : SshRelayStream [TX: 0 TXA: 0 RX: 0 AQ: 0]: Connected session &lt;\u0000&gt;
Google.Solutions.Compute Verbose: 0 : SshRelayStream [TX: 0 TXA: 0 RX: 0 AQ: 0]: Connected session &lt;\u0000&gt;
Google.Solutions.Compute Verbose: 0 : SshRelayStream [TX: 0 TXA: 0 RX: 0 AQ: 0]: Connected session &lt;\u0000&gt;
Google.Solutions.Compute Verbose: 0 : SshRelayStream [TX: 0 TXA: 0 RX: 0 AQ: 0]: Connected session &lt;\u0000&gt;
Google.Solutions.Compute Verbose: 0 : SshRelayStream [TX: 0 TXA: 0 RX: 0 AQ: 0]: Connected session &lt;\u0000&gt;
Google.Solutions.Compute Verbose: 0 : SshRelayStream [TX: 0 TXA: 0 RX: 0 AQ: 0]: Connected session &lt;\u0000&gt;
Google.Solutions.Compute Verbose: 0 : SshRelayStream [TX: 0 TXA: 0 RX: 0 AQ: 0]: Connected session &lt;\u0000&gt;
Google.Solutions.Compute Verbose: 0 : SshRelayStream [TX: 0 TXA: 0 RX: 0 AQ: 0]: Connected session &lt;\u0000&gt;
Google.Solutions.Compute Verbose: 0 : SshRelayStream [TX: 0 TXA: 0 RX: 0 AQ: 0]: Connected session &lt;\u0000&gt;
Google.Solutions.Compute Verbose: 0 : SshRelayStream [TX: 0 TXA: 0 RX: 0 AQ: 0]: Connected session &lt;\u0000&gt;
Google.Solutions.Compute Verbose: 0 : SshRelayStream [TX: 0 TXA: 0 RX: 0 AQ: 0]: Received data (1 bytes)
Google.Solutions.Compute Verbose: 0 : SshRelayStream [TX: 0 TXA: 0 RX: 0 AQ: 0]: Received data (1 bytes)
Google.Solutions.Compute Verbose: 0 : SshRelayStream [TX: 0 TXA: 0 RX: 0 AQ: 0]: Received data (1 bytes)
Google.Solutions.Compute Verbose: 0 : SshRelayStream [TX: 0 TXA: 0 RX: 0 AQ: 0]: Received data (1 bytes)
Google.Solutions.Compute Verbose: 0 : SshRelayStream [TX: 0 TXA: 0 RX: 0 AQ: 0]: Received data (1 bytes)
Google.Solutions.Compute Verbose: 0 : SshRelayStream [TX: 0 TXA: 0 RX: 0 AQ: 0]: Received data (1 bytes)
Google.Solutions.Compute Verbose: 0 : SshRelayStream [TX: 0 TXA: 0 RX: 0 AQ: 0]: Received data (1 bytes)
Google.Solutions.Compute Verbose: 0 : SshRelayStream [TX: 0 TXA: 0 RX: 0 AQ: 0]: Received data (1 bytes)
Google.Solutions.Compute Verbose: 0 : SshRelayStream [TX: 0 TXA: 0 RX: 0 AQ: 0]: Received data (1 bytes)
Google.Solutions.Compute Verbose: 0 : SshRelayStream [TX: 0 TXA: 0 RX: 0 AQ: 0]: Received data (1 bytes)
Google.Solutions.Compute Verbose: 0 : SshRelayStream [TX: 0 TXA: 0 RX: 0 AQ: 0]: Received data (1 bytes)
Google.Solutions.Compute Verbose: 0 : SshRelayStream [TX: 0 TXA: 0 RX: 0 AQ: 0]: Received data (1 bytes)
Google.Solutions.Compute Verbose: 0 : SshRelayStream [TX: 0 TXA: 0 RX: 0 AQ: 0]: Received data (1 bytes)
Google.Solutions.Compute Verbose: 0 : SshRelayStream [TX: 0 TXA: 0 RX: 0 AQ: 0]: Received data (1 bytes)
Google.Solutions.Compute Verbose: 0 : SshRelayStream [TX: 0 TXA: 0 RX: 0 AQ: 0]: Received data (1 bytes)
Google.Solutions.Compute Verbose: 0 : SshRelayStream [TX: 0 TXA: 0 RX: 0 AQ: 0]: Received data (1 bytes)
Google.Solutions.Compute Verbose: 0 : SshRelayStream [TX: 0 TXA: 0 RX: 0 AQ: 0]: Received data (1 bytes)
Google.Solutions.Compute Verbose: 0 : SshRelayStream [TX: 0 TXA: 0 RX: 0 AQ: 0]: Received data (1 bytes)
Google.Solutions.Compute Verbose: 0 : SshRelayStream [TX: 0 TXA: 0 RX: 0 AQ: 0]: Received data (1 bytes)
Google.Solutions.Compute Verbose: 0 : SshRelayStream [TX: 0 TXA: 0 RX: 0 AQ: 0]: Received data (1 bytes)
Google.Solutions.Compute Verbose: 0 : SshRelayStream [TX: 0 TXA: 0 RX: 0 AQ: 0]: Received data (1 bytes)
Google.Solutions.Compute Verbose: 0 : SshRelayStream [TX: 0 TXA: 0 RX: 0 AQ: 0]: Received data (1 bytes)
Google.Solutions.Compute Verbose: 0 : SshRelayStream [TX: 0 TXA: 0 RX: 0 AQ: 0]: Received data (1 bytes)
Google.Solutions.Compute Verbose: 0 : SshRelayStream [TX: 0 TXA: 0 RX: 0 AQ: 0]: Received data (1 bytes)
Google.Solutions.Compute Verbose: 0 : SshRelayStream [TX: 0 TXA: 0 RX: 0 AQ: 0]: Received data (1 bytes)
Google.Solutions.Compute Verbose: 0 : SshRelayStream [TX: 0 TXA: 0 RX: 0 AQ: 0]: Received data (1 bytes)
Google.Solutions.Compute Verbose: 0 : SshRelayStream [TX: 0 TXA: 0 RX: 0 AQ: 0]: Received data (1 bytes)
Google.Solutions.Compute Verbose: 0 : SshRelayStream [TX: 0 TXA: 0 RX: 0 AQ: 0]: Received data (1 bytes)
Google.Solutions.Compute Verbose: 0 : SshRelayStream [TX: 0 TXA: 0 RX: 0 AQ: 0]: Received data (1 bytes)
Google.Solutions.Compute Verbose: 0 : SshRelayStream [TX: 0 TXA: 0 RX: 0 AQ: 0]: Received data (1 bytes)
Google.Solutions.Compute Verbose: 0 : SshRelayStream [TX: 0 TXA: 0 RX: 0 AQ: 0]: Received data (1 bytes)
Google.Solutions.Compute Verbose: 0 : SshRelayStream [TX: 0 TXA: 0 RX: 0 AQ: 0]: Received data (1 bytes)
Google.Solutions.Compute Verbose: 0 : SshRelayStream [TX: 0 TXA: 0 RX: 0 AQ: 0]: Received data (1 bytes)
Google.Solutions.Compute Verbose: 0 : SshRelayStream [TX: 0 TXA: 0 RX: 1 AQ: 0]: Connection closed abnormally: 1002
Google.Solutions.Compute Verbose: 0 : SshRelayStream [TX: 0 TXA: 0 RX: 1 AQ: 0]: Connection closed abnormally: 1002
Google.Solutions.Compute Verbose: 0 : SshRelayStream [TX: 0 TXA: 0 RX: 1 AQ: 0]: Connection closed abnormally: 1002
Google.Solutions.Compute Verbose: 0 : SshRelayStream [TX: 0 TXA: 0 RX: 1 AQ: 0]: Connection closed abnormally: 1002
Google.Solutions.Compute Verbose: 0 : SshRelayStream [TX: 0 TXA: 0 RX: 1 AQ: 0]: Connection closed abnormally: 1002
Google.Solutions.Compute Verbose: 0 : SshRelayStream [TX: 0 TXA: 0 RX: 1 AQ: 0]: Connection closed abnormally: 1002
Google.Solutions.Compute Verbose: 0 : SshRelayStream [TX: 0 TXA: 0 RX: 1 AQ: 0]: Connection closed abnormally: 1002
Google.Solutions.Compute Verbose: 0 : SshRelayStream [TX: 0 TXA: 0 RX: 1 AQ: 0]: Connection closed abnormally: 1002
Google.Solutions.Compute Verbose: 0 : SshRelayStream [TX: 0 TXA: 0 RX: 1 AQ: 0]: Connection closed abnormally: 1002
Google.Solutions.Compute Verbose: 0 : SshRelayStream [TX: 0 TXA: 0 RX: 1 AQ: 0]: Connection closed abnormally: 1002
Google.Solutions.Compute Verbose: 0 : SshRelayStream [TX: 0 TXA: 0 RX: 1 AQ: 0]: Connection closed abnormally: 1002
Google.Solutions.Compute Verbose: 0 : SshRelayStream [TX: 0 TXA: 0 RX: 1 AQ: 0]: Connection closed abnormally: 1002
Google.Solutions.Compute Verbose: 0 : SshRelayStream [TX: 0 TXA: 0 RX: 1 AQ: 0]: Connection closed abnormally: 1002
Google.Solutions.Compute Verbose: 0 : SshRelayStream [TX: 0 TXA: 0 RX: 1 AQ: 0]: Connection closed abnormally: 1002
Google.Solutions.Compute Verbose: 0 : SshRelayStream [TX: 0 TXA: 0 RX: 1 AQ: 0]: Connection closed abnormally: 1002
Google.Solutions.Compute Verbose: 0 : SshRelayStream [TX: 0 TXA: 0 RX: 1 AQ: 0]: Connection closed abnormally: 1002
Google.Solutions.Compute Verbose: 0 : SshRelayStream [TX: 0 TXA: 0 RX: 1 AQ: 0]: Connection closed abnormally: 1002
Google.Solutions.Compute Verbose: 0 : SshRelayStream [TX: 0 TXA: 0 RX: 1 AQ: 0]: Connection closed abnormally: 1002
Google.Solutions.Compute Verbose: 0 : SshRelayStream [TX: 0 TXA: 0 RX: 1 AQ: 0]: Connection closed abnormally: 1002
Google.Solutions.Compute Verbose: 0 : SshRelayStream [TX: 0 TXA: 0 RX: 1 AQ: 0]: Connection closed abnormally: 1002
Google.Solutions.Compute Verbose: 0 : SshRelayStream [TX: 0 TXA: 0 RX: 1 AQ: 0]: Connection closed abnormally: 1002
Google.Solutions.Compute Verbose: 0 : SshRelayStream [TX: 0 TXA: 0 RX: 1 AQ: 0]: Connection closed abnormally: 1002
Google.Solutions.Compute Verbose: 0 : SshRelayStream [TX: 0 TXA: 0 RX: 1 AQ: 0]: Connection closed abnormally: 1002
Google.Solutions.Compute Verbose: 0 : SshRelayStream [TX: 0 TXA: 0 RX: 1 AQ: 0]: Connection closed abnormally: 1002
Google.Solutions.Compute Verbose: 0 : SshRelayStream [TX: 0 TXA: 0 RX: 1 AQ: 0]: Connection closed abnormally: 1002
Google.Solutions.Compute Verbose: 0 : SshRelayStream [TX: 0 TXA: 0 RX: 1 AQ: 0]: Connection closed abnormally: 1002
Google.Solutions.Compute Verbose: 0 : SshRelayStream [TX: 0 TXA: 0 RX: 1 AQ: 0]: Connection closed abnormally: 1002
Google.Solutions.Compute Verbose: 0 : SshRelayStream [TX: 0 TXA: 0 RX: 1 AQ: 0]: Connection closed abnormally: 1002
Google.Solutions.Compute Verbose: 0 : SshRelayStream [TX: 0 TXA: 0 RX: 1 AQ: 0]: Connection closed abnormally: 1002
Google.Solutions.Compute Verbose: 0 : SshRelayStream [TX: 0 TXA: 0 RX: 1 AQ: 0]: Connection closed abnormally: 1002
Google.Solutions.Compute Verbose: 0 : SshRelayStream [TX: 0 TXA: 0 RX: 1 AQ: 0]: Connection closed abnormally: 1002
Google.Solutions.Compute Verbose: 0 : SshRelayStream [TX: 0 TXA: 0 RX: 1 AQ: 0]: Connection closed abnormally: 1002
Google.Solutions.Compute Verbose: 0 : SshRelayStream [TX: 0 TXA: 0 RX: 1 AQ: 0]: Connection closed abnormally: 1002
Google.Solutions.Compute Verbose: 0 : SshRelayStream [TX: 0 TXA: 0 RX: 1 AQ: 0]: Disconnecting, preparing to reconnect
Google.Solutions.Compute Verbose: 0 : SshRelayStream [TX: 0 TXA: 0 RX: 1 AQ: 0]: Disconnecting, preparing to reconnect
Google.Solutions.Compute Verbose: 0 : SshRelayStream [TX: 0 TXA: 0 RX: 1 AQ: 0]: Disconnecting, preparing to reconnect
Google.Solutions.Compute Verbose: 0 : SshRelayStream [TX: 0 TXA: 0 RX: 1 AQ: 0]: Disconnecting, preparing to reconnect
Google.Solutions.Compute Verbose: 0 : SshRelayStream [TX: 0 TXA: 0 RX: 1 AQ: 0]: Disconnecting, preparing to reconnect
Google.Solutions.Compute Verbose: 0 : SshRelayStream [TX: 0 TXA: 0 RX: 1 AQ: 0]: Disconnecting, preparing to reconnect
Google.Solutions.Compute Verbose: 0 : SshRelayStream [TX: 0 TXA: 0 RX: 1 AQ: 0]: Disconnecting, preparing to reconnect
Google.Solutions.Compute Verbose: 0 : SshRelayStream [TX: 0 TXA: 0 RX: 1 AQ: 0]: Disconnecting, preparing to reconnect
Google.Solutions.Compute Verbose: 0 : SshRelayStream [TX: 0 TXA: 0 RX: 1 AQ: 0]: Disconnecting, preparing to reconnect
Google.Solutions.Compute Verbose: 0 : SshRelayStream [TX: 0 TXA: 0 RX: 1 AQ: 0]: Disconnecting, preparing to reconnect
Google.Solutions.Compute Verbose: 0 : SshRelayStream [TX: 0 TXA: 0 RX: 1 AQ: 0]: Disconnecting, preparing to reconnect
Google.Solutions.Compute Verbose: 0 : SshRelayStream [TX: 0 TXA: 0 RX: 1 AQ: 0]: Disconnecting, preparing to reconnect
Google.Solutions.Compute Verbose: 0 : SshRelayStream [TX: 0 TXA: 0 RX: 1 AQ: 0]: Disconnecting, preparing to reconnect
Google.Solutions.Compute Verbose: 0 : SshRelayStream [TX: 0 TXA: 0 RX: 1 AQ: 0]: Disconnecting, preparing to reconnect
Google.Solutions.Compute Verbose: 0 : SshRelayStream [TX: 0 TXA: 0 RX: 1 AQ: 0]: Disconnecting, preparing to reconnect
Google.Solutions.Compute Verbose: 0 : SshRelayStream [TX: 0 TXA: 0 RX: 1 AQ: 0]: Disconnecting, preparing to reconnect
Google.Solutions.Compute Verbose: 0 : SshRelayStream [TX: 0 TXA: 0 RX: 1 AQ: 0]: Disconnecting, preparing to reconnect
Google.Solutions.Compute Verbose: 0 : SshRelayStream [TX: 0 TXA: 0 RX: 1 AQ: 0]: Disconnecting, preparing to reconnect
Google.Solutions.Compute Verbose: 0 : SshRelayStream [TX: 0 TXA: 0 RX: 1 AQ: 0]: Disconnecting, preparing to reconnect
Google.Solutions.Compute Verbose: 0 : SshRelayStream [TX: 0 TXA: 0 RX: 1 AQ: 0]: Disconnecting, preparing to reconnect
Google.Solutions.Compute Verbose: 0 : SshRelayStream [TX: 0 TXA: 0 RX: 1 AQ: 0]: Disconnecting, preparing to reconnect
Google.Solutions.Compute Verbose: 0 : SshRelayStream [TX: 0 TXA: 0 RX: 1 AQ: 0]: Disconnecting, preparing to reconnect
Google.Solutions.Compute Verbose: 0 : SshRelayStream [TX: 0 TXA: 0 RX: 1 AQ: 0]: Disconnecting, preparing to reconnect
Google.Solutions.Compute Verbose: 0 : SshRelayStream [TX: 0 TXA: 0 RX: 1 AQ: 0]: Disconnecting, preparing to reconnect
Google.Solutions.Compute Verbose: 0 : SshRelayStream [TX: 0 TXA: 0 RX: 1 AQ: 0]: Disconnecting, preparing to reconnect
Google.Solutions.Compute Verbose: 0 : SshRelayStream [TX: 0 TXA: 0 RX: 1 AQ: 0]: Disconnecting, preparing to reconnect
Google.Solutions.Compute Verbose: 0 : SshRelayStream [TX: 0 TXA: 0 RX: 1 AQ: 0]: Disconnecting, preparing to reconnect
Google.Solutions.Compute Verbose: 0 : SshRelayStream [TX: 0 TXA: 0 RX: 1 AQ: 0]: Disconnecting, preparing to reconnect
Google.Solutions.Compute Verbose: 0 : SshRelayStream [TX: 0 TXA: 0 RX: 1 AQ: 0]: Disconnecting, preparing to reconnect
Google.Solutions.Compute Verbose: 0 : SshRelayStream [TX: 0 TXA: 0 RX: 1 AQ: 0]: Disconnecting, preparing to reconnect
Google.Solutions.Compute Verbose: 0 : SshRelayStream [TX: 0 TXA: 0 RX: 1 AQ: 0]: Disconnecting, preparing to reconnect
Google.Solutions.Compute Verbose: 0 : SshRelayStream [TX: 0 TXA: 0 RX: 1 AQ: 0]: Disconnecting, preparing to reconnect
Google.Solutions.Compute Verbose: 0 : SshRelayStream [TX: 0 TXA: 0 RX: 1 AQ: 0]: Disconnecting, preparing to reconnect
Google.Solutions.Compute Verbose: 0 : SshRelayStream [TX: 0 TXA: 0 RX: 1 AQ: 0]: Disonnected.
Google.Solutions.Compute Verbose: 0 : SshRelayStream [TX: 0 TXA: 0 RX: 1 AQ: 0]: Disonnected.
Google.Solutions.Compute Verbose: 0 : SshRelayStream [TX: 0 TXA: 0 RX: 1 AQ: 0]: Disonnected.
Google.Solutions.Compute Verbose: 0 : SshRelayStream [TX: 0 TXA: 0 RX: 1 AQ: 0]: Disonnected.
Google.Solutions.Compute Verbose: 0 : SshRelayStream [TX: 0 TXA: 0 RX: 1 AQ: 0]: Disonnected.
Google.Solutions.Compute Verbose: 0 : SshRelayStream [TX: 0 TXA: 0 RX: 1 AQ: 0]: Disonnected.
Google.Solutions.Compute Verbose: 0 : SshRelayStream [TX: 0 TXA: 0 RX: 1 AQ: 0]: Disonnected.
Google.Solutions.Compute Verbose: 0 : SshRelayStream [TX: 0 TXA: 0 RX: 1 AQ: 0]: Disonnected.
Google.Solutions.Compute Verbose: 0 : SshRelayStream [TX: 0 TXA: 0 RX: 1 AQ: 0]: Disonnected.
Google.Solutions.Compute Verbose: 0 : SshRelayStream [TX: 0 TXA: 0 RX: 1 AQ: 0]: Disonnected.
Google.Solutions.Compute Verbose: 0 : SshRelayStream [TX: 0 TXA: 0 RX: 1 AQ: 0]: Disonnected.
Google.Solutions.Compute Verbose: 0 : SshRelayStream [TX: 0 TXA: 0 RX: 1 AQ: 0]: Disonnected.
Google.Solutions.Compute Verbose: 0 : SshRelayStream [TX: 0 TXA: 0 RX: 1 AQ: 0]: Disonnected.
Google.Solutions.Compute Verbose: 0 : SshRelayStream [TX: 0 TXA: 0 RX: 1 AQ: 0]: Disonnected.
Google.Solutions.Compute Verbose: 0 : SshRelayStream [TX: 0 TXA: 0 RX: 1 AQ: 0]: Disonnected.
Google.Solutions.Compute Verbose: 0 : SshRelayStream [TX: 0 TXA: 0 RX: 1 AQ: 0]: Disonnected.
Google.Solutions.Compute Verbose: 0 : SshRelayStream [TX: 0 TXA: 0 RX: 1 AQ: 0]: Disonnected.
Google.Solutions.Compute Verbose: 0 : SshRelayStream [TX: 0 TXA: 0 RX: 1 AQ: 0]: Disonnected.
Google.Solutions.Compute Verbose: 0 : SshRelayStream [TX: 0 TXA: 0 RX: 1 AQ: 0]: Disonnected.
Google.Solutions.Compute Verbose: 0 : SshRelayStream [TX: 0 TXA: 0 RX: 1 AQ: 0]: Disonnected.
Google.Solutions.Compute Verbose: 0 : SshRelayStream [TX: 0 TXA: 0 RX: 1 AQ: 0]: Disonnected.
Google.Solutions.Compute Verbose: 0 : SshRelayStream [TX: 0 TXA: 0 RX: 1 AQ: 0]: Disonnected.
Google.Solutions.Compute Verbose: 0 : SshRelayStream [TX: 0 TXA: 0 RX: 1 AQ: 0]: Disonnected.
Google.Solutions.Compute Verbose: 0 : SshRelayStream [TX: 0 TXA: 0 RX: 1 AQ: 0]: Disonnected.
Google.Solutions.Compute Verbose: 0 : SshRelayStream [TX: 0 TXA: 0 RX: 1 AQ: 0]: Disonnected.
Google.Solutions.Compute Verbose: 0 : SshRelayStream [TX: 0 TXA: 0 RX: 1 AQ: 0]: Disonnected.
Google.Solutions.Compute Verbose: 0 : SshRelayStream [TX: 0 TXA: 0 RX: 1 AQ: 0]: Disonnected.
Google.Solutions.Compute Verbose: 0 : SshRelayStream [TX: 0 TXA: 0 RX: 1 AQ: 0]: Disonnected.
Google.Solutions.Compute Verbose: 0 : SshRelayStream [TX: 0 TXA: 0 RX: 1 AQ: 0]: Disonnected.
Google.Solutions.Compute Verbose: 0 : SshRelayStream [TX: 0 TXA: 0 RX: 1 AQ: 0]: Disonnected.
Google.Solutions.Compute Verbose: 0 : SshRelayStream [TX: 0 TXA: 0 RX: 1 AQ: 0]: Disonnected.
Google.Solutions.Compute Verbose: 0 : SshRelayStream [TX: 0 TXA: 0 RX: 1 AQ: 0]: Disonnected.
Google.Solutions.Compute Verbose: 0 : SshRelayStream [TX: 0 TXA: 0 RX: 1 AQ: 0]: Disonnected.
Google.Solutions.Compute Verbose: 0 : SshRelayStream [TX: 0 TXA: 0 RX: 1 AQ: 0]: Reconnecting...
Google.Solutions.Compute Verbose: 0 : SshRelayStream [TX: 0 TXA: 0 RX: 1 AQ: 0]: Reconnecting...
Google.Solutions.Compute Verbose: 0 : SshRelayStream [TX: 0 TXA: 0 RX: 1 AQ: 0]: Reconnecting...
Google.Solutions.Compute Verbose: 0 : SshRelayStream [TX: 0 TXA: 0 RX: 1 AQ: 0]: Reconnecting...
Google.Solutions.Compute Verbose: 0 : SshRelayStream [TX: 0 TXA: 0 RX: 1 AQ: 0]: Reconnecting...
Google.Solutions.Compute Verbose: 0 : SshRelayStream [TX: 0 TXA: 0 RX: 1 AQ: 0]: Reconnecting...
Google.Solutions.Compute Verbose: 0 : SshRelayStream [TX: 0 TXA: 0 RX: 1 AQ: 0]: Reconnecting...
Google.Solutions.Compute Verbose: 0 : SshRelayStream [TX: 0 TXA: 0 RX: 1 AQ: 0]: Reconnecting...
Google.Solutions.Compute Verbose: 0 : SshRelayStream [TX: 0 TXA: 0 RX: 1 AQ: 0]: Reconnecting...
Google.Solutions.Compute Verbose: 0 : SshRelayStream [TX: 0 TXA: 0 RX: 1 AQ: 0]: Reconnecting...
Google.Solutions.Compute Verbose: 0 : SshRelayStream [TX: 0 TXA: 0 RX: 1 AQ: 0]: Reconnecting...
Google.Solutions.Compute Verbose: 0 : SshRelayStream [TX: 0 TXA: 0 RX: 1 AQ: 0]: Reconnecting...
Google.Solutions.Compute Verbose: 0 : SshRelayStream [TX: 0 TXA: 0 RX: 1 AQ: 0]: Reconnecting...
Google.Solutions.Compute Verbose: 0 : SshRelayStream [TX: 0 TXA: 0 RX: 1 AQ: 0]: Reconnecting...
Google.Solutions.Compute Verbose: 0 : SshRelayStream [TX: 0 TXA: 0 RX: 1 AQ: 0]: Reconnecting...
Google.Solutions.Compute Verbose: 0 : SshRelayStream [TX: 0 TXA: 0 RX: 1 AQ: 0]: Reconnecting...
Google.Solutions.Compute Verbose: 0 : SshRelayStream [TX: 0 TXA: 0 RX: 1 AQ: 0]: Reconnecting...
Google.Solutions.Compute Verbose: 0 : SshRelayStream [TX: 0 TXA: 0 RX: 1 AQ: 0]: Reconnecting...
Google.Solutions.Compute Verbose: 0 : SshRelayStream [TX: 0 TXA: 0 RX: 1 AQ: 0]: Reconnecting...
Google.Solutions.Compute Verbose: 0 : SshRelayStream [TX: 0 TXA: 0 RX: 1 AQ: 0]: Reconnecting...
Google.Solutions.Compute Verbose: 0 : SshRelayStream [TX: 0 TXA: 0 RX: 1 AQ: 0]: Reconnecting...
Google.Solutions.Compute Verbose: 0 : SshRelayStream [TX: 0 TXA: 0 RX: 1 AQ: 0]: Reconnecting...
Google.Solutions.Compute Verbose: 0 : SshRelayStream [TX: 0 TXA: 0 RX: 1 AQ: 0]: Reconnecting...
Google.Solutions.Compute Verbose: 0 : SshRelayStream [TX: 0 TXA: 0 RX: 1 AQ: 0]: Reconnecting...
Google.Solutions.Compute Verbose: 0 : SshRelayStream [TX: 0 TXA: 0 RX: 1 AQ: 0]: Reconnecting...
Google.Solutions.Compute Verbose: 0 : SshRelayStream [TX: 0 TXA: 0 RX: 1 AQ: 0]: Reconnecting...
Google.Solutions.Compute Verbose: 0 : SshRelayStream [TX: 0 TXA: 0 RX: 1 AQ: 0]: Reconnecting...
Google.Solutions.Compute Verbose: 0 : SshRelayStream [TX: 0 TXA: 0 RX: 1 AQ: 0]: Reconnecting...
Google.Solutions.Compute Verbose: 0 : SshRelayStream [TX: 0 TXA: 0 RX: 1 AQ: 0]: Reconnecting...
Google.Solutions.Compute Verbose: 0 : SshRelayStream [TX: 0 TXA: 0 RX: 1 AQ: 0]: Reconnecting...
Google.Solutions.Compute Verbose: 0 : SshRelayStream [TX: 0 TXA: 0 RX: 1 AQ: 0]: Reconnecting...
Google.Solutions.Compute Verbose: 0 : SshRelayStream [TX: 0 TXA: 0 RX: 1 AQ: 0]: Reconnecting...
Google.Solutions.Compute Verbose: 0 : SshRelayStream [TX: 0 TXA: 0 RX: 1 AQ: 0]: Reconnecting...
Google.Solutions.Compute Verbose: 0 : SshRelayStream [TX: 0 TXA: 0 RX: 1 AQ: 0]: Sid unknown or in use
Google.Solutions.Compute Verbose: 0 : SshRelayStream [TX: 0 TXA: 0 RX: 1 AQ: 0]: Sid unknown or in use
Google.Solutions.Compute Verbose: 0 : SshRelayStream [TX: 0 TXA: 0 RX: 1 AQ: 0]: Sid unknown or in use
Google.Solutions.Compute Verbose: 0 : SshRelayStream [TX: 0 TXA: 0 RX: 1 AQ: 0]: Sid unknown or in use
Google.Solutions.Compute Verbose: 0 : SshRelayStream [TX: 0 TXA: 0 RX: 1 AQ: 0]: Sid unknown or in use
Google.Solutions.Compute Verbose: 0 : SshRelayStream [TX: 0 TXA: 0 RX: 1 AQ: 0]: Sid unknown or in use
Google.Solutions.Compute Verbose: 0 : SshRelayStream [TX: 0 TXA: 0 RX: 1 AQ: 0]: Sid unknown or in use
Google.Solutions.Compute Verbose: 0 : SshRelayStream [TX: 0 TXA: 0 RX: 1 AQ: 0]: Sid unknown or in use
Google.Solutions.Compute Verbose: 0 : SshRelayStream [TX: 0 TXA: 0 RX: 1 AQ: 0]: Sid unknown or in use
Google.Solutions.Compute Verbose: 0 : SshRelayStream [TX: 0 TXA: 0 RX: 1 AQ: 0]: Sid unknown or in use
Google.Solutions.Compute Verbose: 0 : SshRelayStream [TX: 0 TXA: 0 RX: 1 AQ: 0]: Sid unknown or in use
Google.Solutions.Compute Verbose: 0 : SshRelayStream [TX: 0 TXA: 0 RX: 1 AQ: 0]: Sid unknown or in use
Google.Solutions.Compute Verbose: 0 : SshRelayStream [TX: 0 TXA: 0 RX: 1 AQ: 0]: Sid unknown or in use
Google.Solutions.Compute Verbose: 0 : SshRelayStream [TX: 0 TXA: 0 RX: 1 AQ: 0]: Sid unknown or in use
Google.Solutions.Compute Verbose: 0 : SshRelayStream [TX: 0 TXA: 0 RX: 1 AQ: 0]: Sid unknown or in use
Google.Solutions.Compute Verbose: 0 : SshRelayStream [TX: 0 TXA: 0 RX: 1 AQ: 0]: Sid unknown or in use
Google.Solutions.Compute Verbose: 0 : SshRelayStream [TX: 0 TXA: 0 RX: 1 AQ: 0]: Sid unknown or in use
Google.Solutions.Compute Verbose: 0 : SshRelayStream [TX: 0 TXA: 0 RX: 1 AQ: 0]: Sid unknown or in use
Google.Solutions.Compute Verbose: 0 : SshRelayStream [TX: 0 TXA: 0 RX: 1 AQ: 0]: Sid unknown or in use
Google.Solutions.Compute Verbose: 0 : SshRelayStream [TX: 0 TXA: 0 RX: 1 AQ: 0]: Sid unknown or in use
Google.Solutions.Compute Verbose: 0 : SshRelayStream [TX: 0 TXA: 0 RX: 1 AQ: 0]: Sid unknown or in use
Google.Solutions.Compute Verbose: 0 : SshRelayStream [TX: 0 TXA: 0 RX: 1 AQ: 0]: Sid unknown or in use
Google.Solutions.Compute Verbose: 0 : SshRelayStream [TX: 0 TXA: 0 RX: 1 AQ: 0]: Sid unknown or in use
Google.Solutions.Compute Verbose: 0 : SshRelayStream [TX: 0 TXA: 0 RX: 1 AQ: 0]: Sid unknown or in use
Google.Solutions.Compute Verbose: 0 : SshRelayStream [TX: 0 TXA: 0 RX: 1 AQ: 0]: Sid unknown or in use
Google.Solutions.Compute Verbose: 0 : SshRelayStream [TX: 0 TXA: 0 RX: 1 AQ: 0]: Sid unknown or in use
Google.Solutions.Compute Verbose: 0 : SshRelayStream [TX: 0 TXA: 0 RX: 1 AQ: 0]: Sid unknown or in use
Google.Solutions.Compute Verbose: 0 : SshRelayStream [TX: 0 TXA: 0 RX: 1 AQ: 0]: Sid unknown or in use
Google.Solutions.Compute Verbose: 0 : SshRelayStream [TX: 0 TXA: 0 RX: 1 AQ: 0]: Sid unknown or in use
Google.Solutions.Compute Verbose: 0 : SshRelayStream [TX: 0 TXA: 0 RX: 1 AQ: 0]: Sid unknown or in use
Google.Solutions.Compute Verbose: 0 : SshRelayStream [TX: 0 TXA: 0 RX: 1 AQ: 0]: Sid unknown or in use
Google.Solutions.Compute Verbose: 0 : SshRelayStream [TX: 0 TXA: 0 RX: 1 AQ: 0]: Sid unknown or in use
Google.Solutions.Compute Verbose: 0 : SshRelayStream [TX: 0 TXA: 0 RX: 1 AQ: 0]: Sid unknown or in use
</system-out></testcase></testsuite><testsuite tests="5" time="0.002575" errors="0" failures="0" skipped="0" timestamp="2019-08-24 09:17:29Z" name="Google.Solutions.Compute.Test.dll.Google.Solutions.Compute.Test.Iap.TestSshRelayStreamReading.UnrecognizedMessageTagCausesException."><testcase name="UnrecognizedMessageTagCausesException(byte.MinValue)" assertions="2" time="0.000868" status="Passed" classname="Google.Solutions.Compute.Test.Iap.TestSshRelayStreamReading"><system-out>Google.Solutions.Compute Verbose: 0 : SshRelayStream [TX: 0 TXA: 0 RX: 0 AQ: 0]: Connecting...
Google.Solutions.Compute Verbose: 0 : SshRelayStream [TX: 0 TXA: 0 RX: 0 AQ: 0]: Connecting...
Google.Solutions.Compute Verbose: 0 : SshRelayStream [TX: 0 TXA: 0 RX: 0 AQ: 0]: Connecting...
Google.Solutions.Compute Verbose: 0 : SshRelayStream [TX: 0 TXA: 0 RX: 0 AQ: 0]: Connecting...
Google.Solutions.Compute Verbose: 0 : SshRelayStream [TX: 0 TXA: 0 RX: 0 AQ: 0]: Connecting...
Google.Solutions.Compute Verbose: 0 : SshRelayStream [TX: 0 TXA: 0 RX: 0 AQ: 0]: Connecting...
Google.Solutions.Compute Verbose: 0 : SshRelayStream [TX: 0 TXA: 0 RX: 0 AQ: 0]: Connecting...
Google.Solutions.Compute Verbose: 0 : SshRelayStream [TX: 0 TXA: 0 RX: 0 AQ: 0]: Connecting...
Google.Solutions.Compute Verbose: 0 : SshRelayStream [TX: 0 TXA: 0 RX: 0 AQ: 0]: Connecting...
Google.Solutions.Compute Verbose: 0 : SshRelayStream [TX: 0 TXA: 0 RX: 0 AQ: 0]: Connecting...
Google.Solutions.Compute Verbose: 0 : SshRelayStream [TX: 0 TXA: 0 RX: 0 AQ: 0]: Connecting...
Google.Solutions.Compute Verbose: 0 : SshRelayStream [TX: 0 TXA: 0 RX: 0 AQ: 0]: Connecting...
Google.Solutions.Compute Verbose: 0 : SshRelayStream [TX: 0 TXA: 0 RX: 0 AQ: 0]: Connecting...
Google.Solutions.Compute Verbose: 0 : SshRelayStream [TX: 0 TXA: 0 RX: 0 AQ: 0]: Connecting...
Google.Solutions.Compute Verbose: 0 : SshRelayStream [TX: 0 TXA: 0 RX: 0 AQ: 0]: Connecting...
Google.Solutions.Compute Verbose: 0 : SshRelayStream [TX: 0 TXA: 0 RX: 0 AQ: 0]: Connecting...
Google.Solutions.Compute Verbose: 0 : SshRelayStream [TX: 0 TXA: 0 RX: 0 AQ: 0]: Connecting...
Google.Solutions.Compute Verbose: 0 : SshRelayStream [TX: 0 TXA: 0 RX: 0 AQ: 0]: Connecting...
Google.Solutions.Compute Verbose: 0 : SshRelayStream [TX: 0 TXA: 0 RX: 0 AQ: 0]: Connecting...
Google.Solutions.Compute Verbose: 0 : SshRelayStream [TX: 0 TXA: 0 RX: 0 AQ: 0]: Connecting...
Google.Solutions.Compute Verbose: 0 : SshRelayStream [TX: 0 TXA: 0 RX: 0 AQ: 0]: Connecting...
Google.Solutions.Compute Verbose: 0 : SshRelayStream [TX: 0 TXA: 0 RX: 0 AQ: 0]: Connecting...
Google.Solutions.Compute Verbose: 0 : SshRelayStream [TX: 0 TXA: 0 RX: 0 AQ: 0]: Connecting...
Google.Solutions.Compute Verbose: 0 : SshRelayStream [TX: 0 TXA: 0 RX: 0 AQ: 0]: Connecting...
Google.Solutions.Compute Verbose: 0 : SshRelayStream [TX: 0 TXA: 0 RX: 0 AQ: 0]: Connecting...
Google.Solutions.Compute Verbose: 0 : SshRelayStream [TX: 0 TXA: 0 RX: 0 AQ: 0]: Connecting...
Google.Solutions.Compute Verbose: 0 : SshRelayStream [TX: 0 TXA: 0 RX: 0 AQ: 0]: Connecting...
Google.Solutions.Compute Verbose: 0 : SshRelayStream [TX: 0 TXA: 0 RX: 0 AQ: 0]: Connecting...
Google.Solutions.Compute Verbose: 0 : SshRelayStream [TX: 0 TXA: 0 RX: 0 AQ: 0]: Connecting...
Google.Solutions.Compute Verbose: 0 : SshRelayStream [TX: 0 TXA: 0 RX: 0 AQ: 0]: Connecting...
Google.Solutions.Compute Verbose: 0 : SshRelayStream [TX: 0 TXA: 0 RX: 0 AQ: 0]: Connecting...
Google.Solutions.Compute Verbose: 0 : SshRelayStream [TX: 0 TXA: 0 RX: 0 AQ: 0]: Connecting...
Google.Solutions.Compute Verbose: 0 : SshRelayStream [TX: 0 TXA: 0 RX: 0 AQ: 0]: Connecting...
Google.Solutions.Compute Verbose: 0 : SshRelayStream [TX: 0 TXA: 0 RX: 0 AQ: 0]: Connecting...
Google.Solutions.Compute Verbose: 0 : SshRelayStream [TX: 0 TXA: 0 RX: 0 AQ: 0]: Connecting...
Google.Solutions.Compute Verbose: 0 : SshRelayStream [TX: 0 TXA: 0 RX: 0 AQ: 0]: Connecting...
</system-out></testcase><testcase name="UnrecognizedMessageTagCausesException(3)" assertions="2" time="0.000982" status="Passed" classname="Google.Solutions.Compute.Test.Iap.TestSshRelayStreamReading"><system-out>Google.Solutions.Compute Verbose: 0 : SshRelayStream [TX: 0 TXA: 0 RX: 0 AQ: 0]: Connecting...
Google.Solutions.Compute Verbose: 0 : SshRelayStream [TX: 0 TXA: 0 RX: 0 AQ: 0]: Connecting...
Google.Solutions.Compute Verbose: 0 : SshRelayStream [TX: 0 TXA: 0 RX: 0 AQ: 0]: Connecting...
Google.Solutions.Compute Verbose: 0 : SshRelayStream [TX: 0 TXA: 0 RX: 0 AQ: 0]: Connecting...
Google.Solutions.Compute Verbose: 0 : SshRelayStream [TX: 0 TXA: 0 RX: 0 AQ: 0]: Connecting...
Google.Solutions.Compute Verbose: 0 : SshRelayStream [TX: 0 TXA: 0 RX: 0 AQ: 0]: Connecting...
Google.Solutions.Compute Verbose: 0 : SshRelayStream [TX: 0 TXA: 0 RX: 0 AQ: 0]: Connecting...
Google.Solutions.Compute Verbose: 0 : SshRelayStream [TX: 0 TXA: 0 RX: 0 AQ: 0]: Connecting...
Google.Solutions.Compute Verbose: 0 : SshRelayStream [TX: 0 TXA: 0 RX: 0 AQ: 0]: Connecting...
Google.Solutions.Compute Verbose: 0 : SshRelayStream [TX: 0 TXA: 0 RX: 0 AQ: 0]: Connecting...
Google.Solutions.Compute Verbose: 0 : SshRelayStream [TX: 0 TXA: 0 RX: 0 AQ: 0]: Connecting...
Google.Solutions.Compute Verbose: 0 : SshRelayStream [TX: 0 TXA: 0 RX: 0 AQ: 0]: Connecting...
Google.Solutions.Compute Verbose: 0 : SshRelayStream [TX: 0 TXA: 0 RX: 0 AQ: 0]: Connecting...
Google.Solutions.Compute Verbose: 0 : SshRelayStream [TX: 0 TXA: 0 RX: 0 AQ: 0]: Connecting...
Google.Solutions.Compute Verbose: 0 : SshRelayStream [TX: 0 TXA: 0 RX: 0 AQ: 0]: Connecting...
Google.Solutions.Compute Verbose: 0 : SshRelayStream [TX: 0 TXA: 0 RX: 0 AQ: 0]: Connecting...
Google.Solutions.Compute Verbose: 0 : SshRelayStream [TX: 0 TXA: 0 RX: 0 AQ: 0]: Connecting...
Google.Solutions.Compute Verbose: 0 : SshRelayStream [TX: 0 TXA: 0 RX: 0 AQ: 0]: Connecting...
Google.Solutions.Compute Verbose: 0 : SshRelayStream [TX: 0 TXA: 0 RX: 0 AQ: 0]: Connecting...
Google.Solutions.Compute Verbose: 0 : SshRelayStream [TX: 0 TXA: 0 RX: 0 AQ: 0]: Connecting...
Google.Solutions.Compute Verbose: 0 : SshRelayStream [TX: 0 TXA: 0 RX: 0 AQ: 0]: Connecting...
Google.Solutions.Compute Verbose: 0 : SshRelayStream [TX: 0 TXA: 0 RX: 0 AQ: 0]: Connecting...
Google.Solutions.Compute Verbose: 0 : SshRelayStream [TX: 0 TXA: 0 RX: 0 AQ: 0]: Connecting...
Google.Solutions.Compute Verbose: 0 : SshRelayStream [TX: 0 TXA: 0 RX: 0 AQ: 0]: Connecting...
Google.Solutions.Compute Verbose: 0 : SshRelayStream [TX: 0 TXA: 0 RX: 0 AQ: 0]: Connecting...
Google.Solutions.Compute Verbose: 0 : SshRelayStream [TX: 0 TXA: 0 RX: 0 AQ: 0]: Connecting...
Google.Solutions.Compute Verbose: 0 : SshRelayStream [TX: 0 TXA: 0 RX: 0 AQ: 0]: Connecting...
Google.Solutions.Compute Verbose: 0 : SshRelayStream [TX: 0 TXA: 0 RX: 0 AQ: 0]: Connecting...
Google.Solutions.Compute Verbose: 0 : SshRelayStream [TX: 0 TXA: 0 RX: 0 AQ: 0]: Connecting...
Google.Solutions.Compute Verbose: 0 : SshRelayStream [TX: 0 TXA: 0 RX: 0 AQ: 0]: Connecting...
Google.Solutions.Compute Verbose: 0 : SshRelayStream [TX: 0 TXA: 0 RX: 0 AQ: 0]: Connecting...
Google.Solutions.Compute Verbose: 0 : SshRelayStream [TX: 0 TXA: 0 RX: 0 AQ: 0]: Connecting...
Google.Solutions.Compute Verbose: 0 : SshRelayStream [TX: 0 TXA: 0 RX: 0 AQ: 0]: Connecting...
Google.Solutions.Compute Verbose: 0 : SshRelayStream [TX: 0 TXA: 0 RX: 0 AQ: 0]: Connecting...
Google.Solutions.Compute Verbose: 0 : SshRelayStream [TX: 0 TXA: 0 RX: 0 AQ: 0]: Connecting...
Google.Solutions.Compute Verbose: 0 : SshRelayStream [TX: 0 TXA: 0 RX: 0 AQ: 0]: Connecting...
Google.Solutions.Compute Verbose: 0 : SshRelayStream [TX: 0 TXA: 0 RX: 0 AQ: 0]: Connecting...
</system-out></testcase><testcase name="UnrecognizedMessageTagCausesException(5)" assertions="2" time="0.000240" status="Passed" classname="Google.Solutions.Compute.Test.Iap.TestSshRelayStreamReading"><system-out>Google.Solutions.Compute Verbose: 0 : SshRelayStream [TX: 0 TXA: 0 RX: 0 AQ: 0]: Connecting...
Google.Solutions.Compute Verbose: 0 : SshRelayStream [TX: 0 TXA: 0 RX: 0 AQ: 0]: Connecting...
Google.Solutions.Compute Verbose: 0 : SshRelayStream [TX: 0 TXA: 0 RX: 0 AQ: 0]: Connecting...
Google.Solutions.Compute Verbose: 0 : SshRelayStream [TX: 0 TXA: 0 RX: 0 AQ: 0]: Connecting...
Google.Solutions.Compute Verbose: 0 : SshRelayStream [TX: 0 TXA: 0 RX: 0 AQ: 0]: Connecting...
Google.Solutions.Compute Verbose: 0 : SshRelayStream [TX: 0 TXA: 0 RX: 0 AQ: 0]: Connecting...
Google.Solutions.Compute Verbose: 0 : SshRelayStream [TX: 0 TXA: 0 RX: 0 AQ: 0]: Connecting...
Google.Solutions.Compute Verbose: 0 : SshRelayStream [TX: 0 TXA: 0 RX: 0 AQ: 0]: Connecting...
Google.Solutions.Compute Verbose: 0 : SshRelayStream [TX: 0 TXA: 0 RX: 0 AQ: 0]: Connecting...
Google.Solutions.Compute Verbose: 0 : SshRelayStream [TX: 0 TXA: 0 RX: 0 AQ: 0]: Connecting...
Google.Solutions.Compute Verbose: 0 : SshRelayStream [TX: 0 TXA: 0 RX: 0 AQ: 0]: Connecting...
Google.Solutions.Compute Verbose: 0 : SshRelayStream [TX: 0 TXA: 0 RX: 0 AQ: 0]: Connecting...
Google.Solutions.Compute Verbose: 0 : SshRelayStream [TX: 0 TXA: 0 RX: 0 AQ: 0]: Connecting...
Google.Solutions.Compute Verbose: 0 : SshRelayStream [TX: 0 TXA: 0 RX: 0 AQ: 0]: Connecting...
Google.Solutions.Compute Verbose: 0 : SshRelayStream [TX: 0 TXA: 0 RX: 0 AQ: 0]: Connecting...
Google.Solutions.Compute Verbose: 0 : SshRelayStream [TX: 0 TXA: 0 RX: 0 AQ: 0]: Connecting...
Google.Solutions.Compute Verbose: 0 : SshRelayStream [TX: 0 TXA: 0 RX: 0 AQ: 0]: Connecting...
Google.Solutions.Compute Verbose: 0 : SshRelayStream [TX: 0 TXA: 0 RX: 0 AQ: 0]: Connecting...
Google.Solutions.Compute Verbose: 0 : SshRelayStream [TX: 0 TXA: 0 RX: 0 AQ: 0]: Connecting...
Google.Solutions.Compute Verbose: 0 : SshRelayStream [TX: 0 TXA: 0 RX: 0 AQ: 0]: Connecting...
Google.Solutions.Compute Verbose: 0 : SshRelayStream [TX: 0 TXA: 0 RX: 0 AQ: 0]: Connecting...
Google.Solutions.Compute Verbose: 0 : SshRelayStream [TX: 0 TXA: 0 RX: 0 AQ: 0]: Connecting...
Google.Solutions.Compute Verbose: 0 : SshRelayStream [TX: 0 TXA: 0 RX: 0 AQ: 0]: Connecting...
Google.Solutions.Compute Verbose: 0 : SshRelayStream [TX: 0 TXA: 0 RX: 0 AQ: 0]: Connecting...
Google.Solutions.Compute Verbose: 0 : SshRelayStream [TX: 0 TXA: 0 RX: 0 AQ: 0]: Connecting...
Google.Solutions.Compute Verbose: 0 : SshRelayStream [TX: 0 TXA: 0 RX: 0 AQ: 0]: Connecting...
Google.Solutions.Compute Verbose: 0 : SshRelayStream [TX: 0 TXA: 0 RX: 0 AQ: 0]: Connecting...
Google.Solutions.Compute Verbose: 0 : SshRelayStream [TX: 0 TXA: 0 RX: 0 AQ: 0]: Connecting...
Google.Solutions.Compute Verbose: 0 : SshRelayStream [TX: 0 TXA: 0 RX: 0 AQ: 0]: Connecting...
Google.Solutions.Compute Verbose: 0 : SshRelayStream [TX: 0 TXA: 0 RX: 0 AQ: 0]: Connecting...
Google.Solutions.Compute Verbose: 0 : SshRelayStream [TX: 0 TXA: 0 RX: 0 AQ: 0]: Connecting...
Google.Solutions.Compute Verbose: 0 : SshRelayStream [TX: 0 TXA: 0 RX: 0 AQ: 0]: Connecting...
Google.Solutions.Compute Verbose: 0 : SshRelayStream [TX: 0 TXA: 0 RX: 0 AQ: 0]: Connecting...
Google.Solutions.Compute Verbose: 0 : SshRelayStream [TX: 0 TXA: 0 RX: 0 AQ: 0]: Connecting...
Google.Solutions.Compute Verbose: 0 : SshRelayStream [TX: 0 TXA: 0 RX: 0 AQ: 0]: Connecting...
Google.Solutions.Compute Verbose: 0 : SshRelayStream [TX: 0 TXA: 0 RX: 0 AQ: 0]: Connecting...
Google.Solutions.Compute Verbose: 0 : SshRelayStream [TX: 0 TXA: 0 RX: 0 AQ: 0]: Connecting...
Google.Solutions.Compute Verbose: 0 : SshRelayStream [TX: 0 TXA: 0 RX: 0 AQ: 0]: Connecting...
</system-out></testcase><testcase name="UnrecognizedMessageTagCausesException(6)" assertions="2" time="0.000210" status="Passed" classname="Google.Solutions.Compute.Test.Iap.TestSshRelayStreamReading"><system-out>Google.Solutions.Compute Verbose: 0 : SshRelayStream [TX: 0 TXA: 0 RX: 0 AQ: 0]: Connecting...
Google.Solutions.Compute Verbose: 0 : SshRelayStream [TX: 0 TXA: 0 RX: 0 AQ: 0]: Connecting...
Google.Solutions.Compute Verbose: 0 : SshRelayStream [TX: 0 TXA: 0 RX: 0 AQ: 0]: Connecting...
Google.Solutions.Compute Verbose: 0 : SshRelayStream [TX: 0 TXA: 0 RX: 0 AQ: 0]: Connecting...
Google.Solutions.Compute Verbose: 0 : SshRelayStream [TX: 0 TXA: 0 RX: 0 AQ: 0]: Connecting...
Google.Solutions.Compute Verbose: 0 : SshRelayStream [TX: 0 TXA: 0 RX: 0 AQ: 0]: Connecting...
Google.Solutions.Compute Verbose: 0 : SshRelayStream [TX: 0 TXA: 0 RX: 0 AQ: 0]: Connecting...
Google.Solutions.Compute Verbose: 0 : SshRelayStream [TX: 0 TXA: 0 RX: 0 AQ: 0]: Connecting...
Google.Solutions.Compute Verbose: 0 : SshRelayStream [TX: 0 TXA: 0 RX: 0 AQ: 0]: Connecting...
Google.Solutions.Compute Verbose: 0 : SshRelayStream [TX: 0 TXA: 0 RX: 0 AQ: 0]: Connecting...
Google.Solutions.Compute Verbose: 0 : SshRelayStream [TX: 0 TXA: 0 RX: 0 AQ: 0]: Connecting...
Google.Solutions.Compute Verbose: 0 : SshRelayStream [TX: 0 TXA: 0 RX: 0 AQ: 0]: Connecting...
Google.Solutions.Compute Verbose: 0 : SshRelayStream [TX: 0 TXA: 0 RX: 0 AQ: 0]: Connecting...
Google.Solutions.Compute Verbose: 0 : SshRelayStream [TX: 0 TXA: 0 RX: 0 AQ: 0]: Connecting...
Google.Solutions.Compute Verbose: 0 : SshRelayStream [TX: 0 TXA: 0 RX: 0 AQ: 0]: Connecting...
Google.Solutions.Compute Verbose: 0 : SshRelayStream [TX: 0 TXA: 0 RX: 0 AQ: 0]: Connecting...
Google.Solutions.Compute Verbose: 0 : SshRelayStream [TX: 0 TXA: 0 RX: 0 AQ: 0]: Connecting...
Google.Solutions.Compute Verbose: 0 : SshRelayStream [TX: 0 TXA: 0 RX: 0 AQ: 0]: Connecting...
Google.Solutions.Compute Verbose: 0 : SshRelayStream [TX: 0 TXA: 0 RX: 0 AQ: 0]: Connecting...
Google.Solutions.Compute Verbose: 0 : SshRelayStream [TX: 0 TXA: 0 RX: 0 AQ: 0]: Connecting...
Google.Solutions.Compute Verbose: 0 : SshRelayStream [TX: 0 TXA: 0 RX: 0 AQ: 0]: Connecting...
Google.Solutions.Compute Verbose: 0 : SshRelayStream [TX: 0 TXA: 0 RX: 0 AQ: 0]: Connecting...
Google.Solutions.Compute Verbose: 0 : SshRelayStream [TX: 0 TXA: 0 RX: 0 AQ: 0]: Connecting...
Google.Solutions.Compute Verbose: 0 : SshRelayStream [TX: 0 TXA: 0 RX: 0 AQ: 0]: Connecting...
Google.Solutions.Compute Verbose: 0 : SshRelayStream [TX: 0 TXA: 0 RX: 0 AQ: 0]: Connecting...
Google.Solutions.Compute Verbose: 0 : SshRelayStream [TX: 0 TXA: 0 RX: 0 AQ: 0]: Connecting...
Google.Solutions.Compute Verbose: 0 : SshRelayStream [TX: 0 TXA: 0 RX: 0 AQ: 0]: Connecting...
Google.Solutions.Compute Verbose: 0 : SshRelayStream [TX: 0 TXA: 0 RX: 0 AQ: 0]: Connecting...
Google.Solutions.Compute Verbose: 0 : SshRelayStream [TX: 0 TXA: 0 RX: 0 AQ: 0]: Connecting...
Google.Solutions.Compute Verbose: 0 : SshRelayStream [TX: 0 TXA: 0 RX: 0 AQ: 0]: Connecting...
Google.Solutions.Compute Verbose: 0 : SshRelayStream [TX: 0 TXA: 0 RX: 0 AQ: 0]: Connecting...
Google.Solutions.Compute Verbose: 0 : SshRelayStream [TX: 0 TXA: 0 RX: 0 AQ: 0]: Connecting...
Google.Solutions.Compute Verbose: 0 : SshRelayStream [TX: 0 TXA: 0 RX: 0 AQ: 0]: Connecting...
Google.Solutions.Compute Verbose: 0 : SshRelayStream [TX: 0 TXA: 0 RX: 0 AQ: 0]: Connecting...
Google.Solutions.Compute Verbose: 0 : SshRelayStream [TX: 0 TXA: 0 RX: 0 AQ: 0]: Connecting...
Google.Solutions.Compute Verbose: 0 : SshRelayStream [TX: 0 TXA: 0 RX: 0 AQ: 0]: Connecting...
Google.Solutions.Compute Verbose: 0 : SshRelayStream [TX: 0 TXA: 0 RX: 0 AQ: 0]: Connecting...
Google.Solutions.Compute Verbose: 0 : SshRelayStream [TX: 0 TXA: 0 RX: 0 AQ: 0]: Connecting...
Google.Solutions.Compute Verbose: 0 : SshRelayStream [TX: 0 TXA: 0 RX: 0 AQ: 0]: Connecting...
</system-out></testcase><testcase name="UnrecognizedMessageTagCausesException(8)" assertions="2" time="0.000201" status="Passed" classname="Google.Solutions.Compute.Test.Iap.TestSshRelayStreamReading"><system-out>Google.Solutions.Compute Verbose: 0 : SshRelayStream [TX: 0 TXA: 0 RX: 0 AQ: 0]: Connecting...
Google.Solutions.Compute Verbose: 0 : SshRelayStream [TX: 0 TXA: 0 RX: 0 AQ: 0]: Connecting...
Google.Solutions.Compute Verbose: 0 : SshRelayStream [TX: 0 TXA: 0 RX: 0 AQ: 0]: Connecting...
Google.Solutions.Compute Verbose: 0 : SshRelayStream [TX: 0 TXA: 0 RX: 0 AQ: 0]: Connecting...
Google.Solutions.Compute Verbose: 0 : SshRelayStream [TX: 0 TXA: 0 RX: 0 AQ: 0]: Connecting...
Google.Solutions.Compute Verbose: 0 : SshRelayStream [TX: 0 TXA: 0 RX: 0 AQ: 0]: Connecting...
Google.Solutions.Compute Verbose: 0 : SshRelayStream [TX: 0 TXA: 0 RX: 0 AQ: 0]: Connecting...
Google.Solutions.Compute Verbose: 0 : SshRelayStream [TX: 0 TXA: 0 RX: 0 AQ: 0]: Connecting...
Google.Solutions.Compute Verbose: 0 : SshRelayStream [TX: 0 TXA: 0 RX: 0 AQ: 0]: Connecting...
Google.Solutions.Compute Verbose: 0 : SshRelayStream [TX: 0 TXA: 0 RX: 0 AQ: 0]: Connecting...
Google.Solutions.Compute Verbose: 0 : SshRelayStream [TX: 0 TXA: 0 RX: 0 AQ: 0]: Connecting...
Google.Solutions.Compute Verbose: 0 : SshRelayStream [TX: 0 TXA: 0 RX: 0 AQ: 0]: Connecting...
Google.Solutions.Compute Verbose: 0 : SshRelayStream [TX: 0 TXA: 0 RX: 0 AQ: 0]: Connecting...
Google.Solutions.Compute Verbose: 0 : SshRelayStream [TX: 0 TXA: 0 RX: 0 AQ: 0]: Connecting...
Google.Solutions.Compute Verbose: 0 : SshRelayStream [TX: 0 TXA: 0 RX: 0 AQ: 0]: Connecting...
Google.Solutions.Compute Verbose: 0 : SshRelayStream [TX: 0 TXA: 0 RX: 0 AQ: 0]: Connecting...
Google.Solutions.Compute Verbose: 0 : SshRelayStream [TX: 0 TXA: 0 RX: 0 AQ: 0]: Connecting...
Google.Solutions.Compute Verbose: 0 : SshRelayStream [TX: 0 TXA: 0 RX: 0 AQ: 0]: Connecting...
Google.Solutions.Compute Verbose: 0 : SshRelayStream [TX: 0 TXA: 0 RX: 0 AQ: 0]: Connecting...
Google.Solutions.Compute Verbose: 0 : SshRelayStream [TX: 0 TXA: 0 RX: 0 AQ: 0]: Connecting...
Google.Solutions.Compute Verbose: 0 : SshRelayStream [TX: 0 TXA: 0 RX: 0 AQ: 0]: Connecting...
Google.Solutions.Compute Verbose: 0 : SshRelayStream [TX: 0 TXA: 0 RX: 0 AQ: 0]: Connecting...
Google.Solutions.Compute Verbose: 0 : SshRelayStream [TX: 0 TXA: 0 RX: 0 AQ: 0]: Connecting...
Google.Solutions.Compute Verbose: 0 : SshRelayStream [TX: 0 TXA: 0 RX: 0 AQ: 0]: Connecting...
Google.Solutions.Compute Verbose: 0 : SshRelayStream [TX: 0 TXA: 0 RX: 0 AQ: 0]: Connecting...
Google.Solutions.Compute Verbose: 0 : SshRelayStream [TX: 0 TXA: 0 RX: 0 AQ: 0]: Connecting...
Google.Solutions.Compute Verbose: 0 : SshRelayStream [TX: 0 TXA: 0 RX: 0 AQ: 0]: Connecting...
Google.Solutions.Compute Verbose: 0 : SshRelayStream [TX: 0 TXA: 0 RX: 0 AQ: 0]: Connecting...
Google.Solutions.Compute Verbose: 0 : SshRelayStream [TX: 0 TXA: 0 RX: 0 AQ: 0]: Connecting...
Google.Solutions.Compute Verbose: 0 : SshRelayStream [TX: 0 TXA: 0 RX: 0 AQ: 0]: Connecting...
Google.Solutions.Compute Verbose: 0 : SshRelayStream [TX: 0 TXA: 0 RX: 0 AQ: 0]: Connecting...
Google.Solutions.Compute Verbose: 0 : SshRelayStream [TX: 0 TXA: 0 RX: 0 AQ: 0]: Connecting...
Google.Solutions.Compute Verbose: 0 : SshRelayStream [TX: 0 TXA: 0 RX: 0 AQ: 0]: Connecting...
Google.Solutions.Compute Verbose: 0 : SshRelayStream [TX: 0 TXA: 0 RX: 0 AQ: 0]: Connecting...
Google.Solutions.Compute Verbose: 0 : SshRelayStream [TX: 0 TXA: 0 RX: 0 AQ: 0]: Connecting...
Google.Solutions.Compute Verbose: 0 : SshRelayStream [TX: 0 TXA: 0 RX: 0 AQ: 0]: Connecting...
Google.Solutions.Compute Verbose: 0 : SshRelayStream [TX: 0 TXA: 0 RX: 0 AQ: 0]: Connecting...
Google.Solutions.Compute Verbose: 0 : SshRelayStream [TX: 0 TXA: 0 RX: 0 AQ: 0]: Connecting...
Google.Solutions.Compute Verbose: 0 : SshRelayStream [TX: 0 TXA: 0 RX: 0 AQ: 0]: Connecting...
Google.Solutions.Compute Verbose: 0 : SshRelayStream [TX: 0 TXA: 0 RX: 0 AQ: 0]: Connecting...
</system-out></testcase></testsuite><testsuite tests="27" time="0.058412" errors="0" failures="0" skipped="0" timestamp="2019-08-24 09:17:29Z" name="Google.Solutions.Compute.Test.dll.Google.Solutions.Compute.Test.Iap.TestSshRelayStreamWriting."><testcase name="AckSentBeforeSubsequentWrite" assertions="8" time="0.012243" status="Passed" classname="Google.Solutions.Compute.Test.Iap.TestSshRelayStreamWriting"><system-out>Google.Solutions.Compute Verbose: 0 : SshRelayStream [TX: 0 TXA: 0 RX: 0 AQ: 0]: Connecting...
Google.Solutions.Compute Verbose: 0 : SshRelayStream [TX: 0 TXA: 0 RX: 0 AQ: 0]: Connecting...
Google.Solutions.Compute Verbose: 0 : SshRelayStream [TX: 0 TXA: 0 RX: 0 AQ: 0]: Connecting...
Google.Solutions.Compute Verbose: 0 : SshRelayStream [TX: 0 TXA: 0 RX: 0 AQ: 0]: Connecting...
Google.Solutions.Compute Verbose: 0 : SshRelayStream [TX: 0 TXA: 0 RX: 0 AQ: 0]: Connecting...
Google.Solutions.Compute Verbose: 0 : SshRelayStream [TX: 0 TXA: 0 RX: 0 AQ: 0]: Connecting...
Google.Solutions.Compute Verbose: 0 : SshRelayStream [TX: 0 TXA: 0 RX: 0 AQ: 0]: Connecting...
Google.Solutions.Compute Verbose: 0 : SshRelayStream [TX: 0 TXA: 0 RX: 0 AQ: 0]: Connecting...
Google.Solutions.Compute Verbose: 0 : SshRelayStream [TX: 0 TXA: 0 RX: 0 AQ: 0]: Connecting...
Google.Solutions.Compute Verbose: 0 : SshRelayStream [TX: 0 TXA: 0 RX: 0 AQ: 0]: Connecting...
Google.Solutions.Compute Verbose: 0 : SshRelayStream [TX: 0 TXA: 0 RX: 0 AQ: 0]: Connecting...
Google.Solutions.Compute Verbose: 0 : SshRelayStream [TX: 0 TXA: 0 RX: 0 AQ: 0]: Connecting...
Google.Solutions.Compute Verbose: 0 : SshRelayStream [TX: 0 TXA: 0 RX: 0 AQ: 0]: Connecting...
Google.Solutions.Compute Verbose: 0 : SshRelayStream [TX: 0 TXA: 0 RX: 0 AQ: 0]: Connecting...
Google.Solutions.Compute Verbose: 0 : SshRelayStream [TX: 0 TXA: 0 RX: 0 AQ: 0]: Connecting...
Google.Solutions.Compute Verbose: 0 : SshRelayStream [TX: 0 TXA: 0 RX: 0 AQ: 0]: Connecting...
Google.Solutions.Compute Verbose: 0 : SshRelayStream [TX: 0 TXA: 0 RX: 0 AQ: 0]: Connecting...
Google.Solutions.Compute Verbose: 0 : SshRelayStream [TX: 0 TXA: 0 RX: 0 AQ: 0]: Connecting...
Google.Solutions.Compute Verbose: 0 : SshRelayStream [TX: 0 TXA: 0 RX: 0 AQ: 0]: Connecting...
Google.Solutions.Compute Verbose: 0 : SshRelayStream [TX: 0 TXA: 0 RX: 0 AQ: 0]: Connecting...
Google.Solutions.Compute Verbose: 0 : SshRelayStream [TX: 0 TXA: 0 RX: 0 AQ: 0]: Connecting...
Google.Solutions.Compute Verbose: 0 : SshRelayStream [TX: 0 TXA: 0 RX: 0 AQ: 0]: Connecting...
Google.Solutions.Compute Verbose: 0 : SshRelayStream [TX: 0 TXA: 0 RX: 0 AQ: 0]: Connecting...
Google.Solutions.Compute Verbose: 0 : SshRelayStream [TX: 0 TXA: 0 RX: 0 AQ: 0]: Connecting...
Google.Solutions.Compute Verbose: 0 : SshRelayStream [TX: 0 TXA: 0 RX: 0 AQ: 0]: Connecting...
Google.Solutions.Compute Verbose: 0 : SshRelayStream [TX: 0 TXA: 0 RX: 0 AQ: 0]: Connecting...
Google.Solutions.Compute Verbose: 0 : SshRelayStream [TX: 0 TXA: 0 RX: 0 AQ: 0]: Connecting...
Google.Solutions.Compute Verbose: 0 : SshRelayStream [TX: 0 TXA: 0 RX: 0 AQ: 0]: Connecting...
Google.Solutions.Compute Verbose: 0 : SshRelayStream [TX: 0 TXA: 0 RX: 0 AQ: 0]: Connecting...
Google.Solutions.Compute Verbose: 0 : SshRelayStream [TX: 0 TXA: 0 RX: 0 AQ: 0]: Connecting...
Google.Solutions.Compute Verbose: 0 : SshRelayStream [TX: 0 TXA: 0 RX: 0 AQ: 0]: Connecting...
Google.Solutions.Compute Verbose: 0 : SshRelayStream [TX: 0 TXA: 0 RX: 0 AQ: 0]: Connecting...
Google.Solutions.Compute Verbose: 0 : SshRelayStream [TX: 0 TXA: 0 RX: 0 AQ: 0]: Connecting...
Google.Solutions.Compute Verbose: 0 : SshRelayStream [TX: 0 TXA: 0 RX: 0 AQ: 0]: Connecting...
Google.Solutions.Compute Verbose: 0 : SshRelayStream [TX: 0 TXA: 0 RX: 0 AQ: 0]: Connecting...
Google.Solutions.Compute Verbose: 0 : SshRelayStream [TX: 0 TXA: 0 RX: 0 AQ: 0]: Connecting...
Google.Solutions.Compute Verbose: 0 : SshRelayStream [TX: 0 TXA: 0 RX: 0 AQ: 0]: Connecting...
Google.Solutions.Compute Verbose: 0 : SshRelayStream [TX: 0 TXA: 0 RX: 0 AQ: 0]: Connecting...
Google.Solutions.Compute Verbose: 0 : SshRelayStream [TX: 0 TXA: 0 RX: 0 AQ: 0]: Connecting...
Google.Solutions.Compute Verbose: 0 : SshRelayStream [TX: 0 TXA: 0 RX: 0 AQ: 0]: Connecting...
Google.Solutions.Compute Verbose: 0 : SshRelayStream [TX: 0 TXA: 0 RX: 0 AQ: 0]: Connecting...
Google.Solutions.Compute Verbose: 0 : SshRelayStream [TX: 0 TXA: 0 RX: 0 AQ: 0]: Connecting...
Google.Solutions.Compute Verbose: 0 : SshRelayStream [TX: 0 TXA: 0 RX: 0 AQ: 0]: Sending DATA #0...
Google.Solutions.Compute Verbose: 0 : SshRelayStream [TX: 0 TXA: 0 RX: 0 AQ: 0]: Sending DATA #0...
Google.Solutions.Compute Verbose: 0 : SshRelayStream [TX: 0 TXA: 0 RX: 0 AQ: 0]: Sending DATA #0...
Google.Solutions.Compute Verbose: 0 : SshRelayStream [TX: 0 TXA: 0 RX: 0 AQ: 0]: Sending DATA #0...
Google.Solutions.Compute Verbose: 0 : SshRelayStream [TX: 0 TXA: 0 RX: 0 AQ: 0]: Sending DATA #0...
Google.Solutions.Compute Verbose: 0 : SshRelayStream [TX: 0 TXA: 0 RX: 0 AQ: 0]: Sending DATA #0...
Google.Solutions.Compute Verbose: 0 : SshRelayStream [TX: 0 TXA: 0 RX: 0 AQ: 0]: Sending DATA #0...
Google.Solutions.Compute Verbose: 0 : SshRelayStream [TX: 0 TXA: 0 RX: 0 AQ: 0]: Sending DATA #0...
Google.Solutions.Compute Verbose: 0 : SshRelayStream [TX: 0 TXA: 0 RX: 0 AQ: 0]: Sending DATA #0...
Google.Solutions.Compute Verbose: 0 : SshRelayStream [TX: 0 TXA: 0 RX: 0 AQ: 0]: Sending DATA #0...
Google.Solutions.Compute Verbose: 0 : SshRelayStream [TX: 0 TXA: 0 RX: 0 AQ: 0]: Sending DATA #0...
Google.Solutions.Compute Verbose: 0 : SshRelayStream [TX: 0 TXA: 0 RX: 0 AQ: 0]: Sending DATA #0...
Google.Solutions.Compute Verbose: 0 : SshRelayStream [TX: 0 TXA: 0 RX: 0 AQ: 0]: Sending DATA #0...
Google.Solutions.Compute Verbose: 0 : SshRelayStream [TX: 0 TXA: 0 RX: 0 AQ: 0]: Sending DATA #0...
Google.Solutions.Compute Verbose: 0 : SshRelayStream [TX: 0 TXA: 0 RX: 0 AQ: 0]: Sending DATA #0...
Google.Solutions.Compute Verbose: 0 : SshRelayStream [TX: 0 TXA: 0 RX: 0 AQ: 0]: Sending DATA #0...
Google.Solutions.Compute Verbose: 0 : SshRelayStream [TX: 0 TXA: 0 RX: 0 AQ: 0]: Sending DATA #0...
Google.Solutions.Compute Verbose: 0 : SshRelayStream [TX: 0 TXA: 0 RX: 0 AQ: 0]: Sending DATA #0...
Google.Solutions.Compute Verbose: 0 : SshRelayStream [TX: 0 TXA: 0 RX: 0 AQ: 0]: Sending DATA #0...
Google.Solutions.Compute Verbose: 0 : SshRelayStream [TX: 0 TXA: 0 RX: 0 AQ: 0]: Sending DATA #0...
Google.Solutions.Compute Verbose: 0 : SshRelayStream [TX: 0 TXA: 0 RX: 0 AQ: 0]: Sending DATA #0...
Google.Solutions.Compute Verbose: 0 : SshRelayStream [TX: 0 TXA: 0 RX: 0 AQ: 0]: Sending DATA #0...
Google.Solutions.Compute Verbose: 0 : SshRelayStream [TX: 0 TXA: 0 RX: 0 AQ: 0]: Sending DATA #0...
Google.Solutions.Compute Verbose: 0 : SshRelayStream [TX: 0 TXA: 0 RX: 0 AQ: 0]: Sending DATA #0...
Google.Solutions.Compute Verbose: 0 : SshRelayStream [TX: 0 TXA: 0 RX: 0 AQ: 0]: Sending DATA #0...
Google.Solutions.Compute Verbose: 0 : SshRelayStream [TX: 0 TXA: 0 RX: 0 AQ: 0]: Sending DATA #0...
Google.Solutions.Compute Verbose: 0 : SshRelayStream [TX: 0 TXA: 0 RX: 0 AQ: 0]: Sending DATA #0...
Google.Solutions.Compute Verbose: 0 : SshRelayStream [TX: 0 TXA: 0 RX: 0 AQ: 0]: Sending DATA #0...
Google.Solutions.Compute Verbose: 0 : SshRelayStream [TX: 0 TXA: 0 RX: 0 AQ: 0]: Sending DATA #0...
Google.Solutions.Compute Verbose: 0 : SshRelayStream [TX: 0 TXA: 0 RX: 0 AQ: 0]: Sending DATA #0...
Google.Solutions.Compute Verbose: 0 : SshRelayStream [TX: 0 TXA: 0 RX: 0 AQ: 0]: Sending DATA #0...
Google.Solutions.Compute Verbose: 0 : SshRelayStream [TX: 0 TXA: 0 RX: 0 AQ: 0]: Sending DATA #0...
Google.Solutions.Compute Verbose: 0 : SshRelayStream [TX: 0 TXA: 0 RX: 0 AQ: 0]: Sending DATA #0...
Google.Solutions.Compute Verbose: 0 : SshRelayStream [TX: 0 TXA: 0 RX: 0 AQ: 0]: Sending DATA #0...
Google.Solutions.Compute Verbose: 0 : SshRelayStream [TX: 0 TXA: 0 RX: 0 AQ: 0]: Sending DATA #0...
Google.Solutions.Compute Verbose: 0 : SshRelayStream [TX: 0 TXA: 0 RX: 0 AQ: 0]: Sending DATA #0...
Google.Solutions.Compute Verbose: 0 : SshRelayStream [TX: 0 TXA: 0 RX: 0 AQ: 0]: Sending DATA #0...
Google.Solutions.Compute Verbose: 0 : SshRelayStream [TX: 0 TXA: 0 RX: 0 AQ: 0]: Sending DATA #0...
Google.Solutions.Compute Verbose: 0 : SshRelayStream [TX: 0 TXA: 0 RX: 0 AQ: 0]: Sending DATA #0...
Google.Solutions.Compute Verbose: 0 : SshRelayStream [TX: 0 TXA: 0 RX: 0 AQ: 0]: Sending DATA #0...
Google.Solutions.Compute Verbose: 0 : SshRelayStream [TX: 0 TXA: 0 RX: 0 AQ: 0]: Sending DATA #0...
Google.Solutions.Compute Verbose: 0 : SshRelayStream [TX: 0 TXA: 0 RX: 0 AQ: 0]: Sending DATA #0...
Google.Solutions.Compute Verbose: 0 : SshRelayStream [TX: 1 TXA: 0 RX: 0 AQ: 1]: Connected session &lt;\u0000&gt;
Google.Solutions.Compute Verbose: 0 : SshRelayStream [TX: 1 TXA: 0 RX: 0 AQ: 1]: Connected session &lt;\u0000&gt;
Google.Solutions.Compute Verbose: 0 : SshRelayStream [TX: 1 TXA: 0 RX: 0 AQ: 1]: Connected session &lt;\u0000&gt;
Google.Solutions.Compute Verbose: 0 : SshRelayStream [TX: 1 TXA: 0 RX: 0 AQ: 1]: Connected session &lt;\u0000&gt;
Google.Solutions.Compute Verbose: 0 : SshRelayStream [TX: 1 TXA: 0 RX: 0 AQ: 1]: Connected session &lt;\u0000&gt;
Google.Solutions.Compute Verbose: 0 : SshRelayStream [TX: 1 TXA: 0 RX: 0 AQ: 1]: Connected session &lt;\u0000&gt;
Google.Solutions.Compute Verbose: 0 : SshRelayStream [TX: 1 TXA: 0 RX: 0 AQ: 1]: Connected session &lt;\u0000&gt;
Google.Solutions.Compute Verbose: 0 : SshRelayStream [TX: 1 TXA: 0 RX: 0 AQ: 1]: Connected session &lt;\u0000&gt;
Google.Solutions.Compute Verbose: 0 : SshRelayStream [TX: 1 TXA: 0 RX: 0 AQ: 1]: Connected session &lt;\u0000&gt;
Google.Solutions.Compute Verbose: 0 : SshRelayStream [TX: 1 TXA: 0 RX: 0 AQ: 1]: Connected session &lt;\u0000&gt;
Google.Solutions.Compute Verbose: 0 : SshRelayStream [TX: 1 TXA: 0 RX: 0 AQ: 1]: Connected session &lt;\u0000&gt;
Google.Solutions.Compute Verbose: 0 : SshRelayStream [TX: 1 TXA: 0 RX: 0 AQ: 1]: Connected session &lt;\u0000&gt;
Google.Solutions.Compute Verbose: 0 : SshRelayStream [TX: 1 TXA: 0 RX: 0 AQ: 1]: Connected session &lt;\u0000&gt;
Google.Solutions.Compute Verbose: 0 : SshRelayStream [TX: 1 TXA: 0 RX: 0 AQ: 1]: Connected session &lt;\u0000&gt;
Google.Solutions.Compute Verbose: 0 : SshRelayStream [TX: 1 TXA: 0 RX: 0 AQ: 1]: Connected session &lt;\u0000&gt;
Google.Solutions.Compute Verbose: 0 : SshRelayStream [TX: 1 TXA: 0 RX: 0 AQ: 1]: Connected session &lt;\u0000&gt;
Google.Solutions.Compute Verbose: 0 : SshRelayStream [TX: 1 TXA: 0 RX: 0 AQ: 1]: Connected session &lt;\u0000&gt;
Google.Solutions.Compute Verbose: 0 : SshRelayStream [TX: 1 TXA: 0 RX: 0 AQ: 1]: Connected session &lt;\u0000&gt;
Google.Solutions.Compute Verbose: 0 : SshRelayStream [TX: 1 TXA: 0 RX: 0 AQ: 1]: Connected session &lt;\u0000&gt;
Google.Solutions.Compute Verbose: 0 : SshRelayStream [TX: 1 TXA: 0 RX: 0 AQ: 1]: Connected session &lt;\u0000&gt;
Google.Solutions.Compute Verbose: 0 : SshRelayStream [TX: 1 TXA: 0 RX: 0 AQ: 1]: Connected session &lt;\u0000&gt;
Google.Solutions.Compute Verbose: 0 : SshRelayStream [TX: 1 TXA: 0 RX: 0 AQ: 1]: Connected session &lt;\u0000&gt;
Google.Solutions.Compute Verbose: 0 : SshRelayStream [TX: 1 TXA: 0 RX: 0 AQ: 1]: Connected session &lt;\u0000&gt;
Google.Solutions.Compute Verbose: 0 : SshRelayStream [TX: 1 TXA: 0 RX: 0 AQ: 1]: Connected session &lt;\u0000&gt;
Google.Solutions.Compute Verbose: 0 : SshRelayStream [TX: 1 TXA: 0 RX: 0 AQ: 1]: Connected session &lt;\u0000&gt;
Google.Solutions.Compute Verbose: 0 : SshRelayStream [TX: 1 TXA: 0 RX: 0 AQ: 1]: Connected session &lt;\u0000&gt;
Google.Solutions.Compute Verbose: 0 : SshRelayStream [TX: 1 TXA: 0 RX: 0 AQ: 1]: Connected session &lt;\u0000&gt;
Google.Solutions.Compute Verbose: 0 : SshRelayStream [TX: 1 TXA: 0 RX: 0 AQ: 1]: Connected session &lt;\u0000&gt;
Google.Solutions.Compute Verbose: 0 : SshRelayStream [TX: 1 TXA: 0 RX: 0 AQ: 1]: Connected session &lt;\u0000&gt;
Google.Solutions.Compute Verbose: 0 : SshRelayStream [TX: 1 TXA: 0 RX: 0 AQ: 1]: Connected session &lt;\u0000&gt;
Google.Solutions.Compute Verbose: 0 : SshRelayStream [TX: 1 TXA: 0 RX: 0 AQ: 1]: Connected session &lt;\u0000&gt;
Google.Solutions.Compute Verbose: 0 : SshRelayStream [TX: 1 TXA: 0 RX: 0 AQ: 1]: Connected session &lt;\u0000&gt;
Google.Solutions.Compute Verbose: 0 : SshRelayStream [TX: 1 TXA: 0 RX: 0 AQ: 1]: Connected session &lt;\u0000&gt;
Google.Solutions.Compute Verbose: 0 : SshRelayStream [TX: 1 TXA: 0 RX: 0 AQ: 1]: Connected session &lt;\u0000&gt;
Google.Solutions.Compute Verbose: 0 : SshRelayStream [TX: 1 TXA: 0 RX: 0 AQ: 1]: Connected session &lt;\u0000&gt;
Google.Solutions.Compute Verbose: 0 : SshRelayStream [TX: 1 TXA: 0 RX: 0 AQ: 1]: Connected session &lt;\u0000&gt;
Google.Solutions.Compute Verbose: 0 : SshRelayStream [TX: 1 TXA: 0 RX: 0 AQ: 1]: Connected session &lt;\u0000&gt;
Google.Solutions.Compute Verbose: 0 : SshRelayStream [TX: 1 TXA: 0 RX: 0 AQ: 1]: Connected session &lt;\u0000&gt;
Google.Solutions.Compute Verbose: 0 : SshRelayStream [TX: 1 TXA: 0 RX: 0 AQ: 1]: Connected session &lt;\u0000&gt;
Google.Solutions.Compute Verbose: 0 : SshRelayStream [TX: 1 TXA: 0 RX: 0 AQ: 1]: Connected session &lt;\u0000&gt;
Google.Solutions.Compute Verbose: 0 : SshRelayStream [TX: 1 TXA: 0 RX: 0 AQ: 1]: Connected session &lt;\u0000&gt;
Google.Solutions.Compute Verbose: 0 : SshRelayStream [TX: 1 TXA: 0 RX: 0 AQ: 1]: Connected session &lt;\u0000&gt;
Google.Solutions.Compute Verbose: 0 : SshRelayStream [TX: 1 TXA: 0 RX: 0 AQ: 1]: Received data (1 bytes)
Google.Solutions.Compute Verbose: 0 : SshRelayStream [TX: 1 TXA: 0 RX: 0 AQ: 1]: Received data (1 bytes)
Google.Solutions.Compute Verbose: 0 : SshRelayStream [TX: 1 TXA: 0 RX: 0 AQ: 1]: Received data (1 bytes)
Google.Solutions.Compute Verbose: 0 : SshRelayStream [TX: 1 TXA: 0 RX: 0 AQ: 1]: Received data (1 bytes)
Google.Solutions.Compute Verbose: 0 : SshRelayStream [TX: 1 TXA: 0 RX: 0 AQ: 1]: Received data (1 bytes)
Google.Solutions.Compute Verbose: 0 : SshRelayStream [TX: 1 TXA: 0 RX: 0 AQ: 1]: Received data (1 bytes)
Google.Solutions.Compute Verbose: 0 : SshRelayStream [TX: 1 TXA: 0 RX: 0 AQ: 1]: Received data (1 bytes)
Google.Solutions.Compute Verbose: 0 : SshRelayStream [TX: 1 TXA: 0 RX: 0 AQ: 1]: Received data (1 bytes)
Google.Solutions.Compute Verbose: 0 : SshRelayStream [TX: 1 TXA: 0 RX: 0 AQ: 1]: Received data (1 bytes)
Google.Solutions.Compute Verbose: 0 : SshRelayStream [TX: 1 TXA: 0 RX: 0 AQ: 1]: Received data (1 bytes)
Google.Solutions.Compute Verbose: 0 : SshRelayStream [TX: 1 TXA: 0 RX: 0 AQ: 1]: Received data (1 bytes)
Google.Solutions.Compute Verbose: 0 : SshRelayStream [TX: 1 TXA: 0 RX: 0 AQ: 1]: Received data (1 bytes)
Google.Solutions.Compute Verbose: 0 : SshRelayStream [TX: 1 TXA: 0 RX: 0 AQ: 1]: Received data (1 bytes)
Google.Solutions.Compute Verbose: 0 : SshRelayStream [TX: 1 TXA: 0 RX: 0 AQ: 1]: Received data (1 bytes)
Google.Solutions.Compute Verbose: 0 : SshRelayStream [TX: 1 TXA: 0 RX: 0 AQ: 1]: Received data (1 bytes)
Google.Solutions.Compute Verbose: 0 : SshRelayStream [TX: 1 TXA: 0 RX: 0 AQ: 1]: Received data (1 bytes)
Google.Solutions.Compute Verbose: 0 : SshRelayStream [TX: 1 TXA: 0 RX: 0 AQ: 1]: Received data (1 bytes)
Google.Solutions.Compute Verbose: 0 : SshRelayStream [TX: 1 TXA: 0 RX: 0 AQ: 1]: Received data (1 bytes)
Google.Solutions.Compute Verbose: 0 : SshRelayStream [TX: 1 TXA: 0 RX: 0 AQ: 1]: Received data (1 bytes)
Google.Solutions.Compute Verbose: 0 : SshRelayStream [TX: 1 TXA: 0 RX: 0 AQ: 1]: Received data (1 bytes)
Google.Solutions.Compute Verbose: 0 : SshRelayStream [TX: 1 TXA: 0 RX: 0 AQ: 1]: Received data (1 bytes)
Google.Solutions.Compute Verbose: 0 : SshRelayStream [TX: 1 TXA: 0 RX: 0 AQ: 1]: Received data (1 bytes)
Google.Solutions.Compute Verbose: 0 : SshRelayStream [TX: 1 TXA: 0 RX: 0 AQ: 1]: Received data (1 bytes)
Google.Solutions.Compute Verbose: 0 : SshRelayStream [TX: 1 TXA: 0 RX: 0 AQ: 1]: Received data (1 bytes)
Google.Solutions.Compute Verbose: 0 : SshRelayStream [TX: 1 TXA: 0 RX: 0 AQ: 1]: Received data (1 bytes)
Google.Solutions.Compute Verbose: 0 : SshRelayStream [TX: 1 TXA: 0 RX: 0 AQ: 1]: Received data (1 bytes)
Google.Solutions.Compute Verbose: 0 : SshRelayStream [TX: 1 TXA: 0 RX: 0 AQ: 1]: Received data (1 bytes)
Google.Solutions.Compute Verbose: 0 : SshRelayStream [TX: 1 TXA: 0 RX: 0 AQ: 1]: Received data (1 bytes)
Google.Solutions.Compute Verbose: 0 : SshRelayStream [TX: 1 TXA: 0 RX: 0 AQ: 1]: Received data (1 bytes)
Google.Solutions.Compute Verbose: 0 : SshRelayStream [TX: 1 TXA: 0 RX: 0 AQ: 1]: Received data (1 bytes)
Google.Solutions.Compute Verbose: 0 : SshRelayStream [TX: 1 TXA: 0 RX: 0 AQ: 1]: Received data (1 bytes)
Google.Solutions.Compute Verbose: 0 : SshRelayStream [TX: 1 TXA: 0 RX: 0 AQ: 1]: Received data (1 bytes)
Google.Solutions.Compute Verbose: 0 : SshRelayStream [TX: 1 TXA: 0 RX: 0 AQ: 1]: Received data (1 bytes)
Google.Solutions.Compute Verbose: 0 : SshRelayStream [TX: 1 TXA: 0 RX: 0 AQ: 1]: Received data (1 bytes)
Google.Solutions.Compute Verbose: 0 : SshRelayStream [TX: 1 TXA: 0 RX: 0 AQ: 1]: Received data (1 bytes)
Google.Solutions.Compute Verbose: 0 : SshRelayStream [TX: 1 TXA: 0 RX: 0 AQ: 1]: Received data (1 bytes)
Google.Solutions.Compute Verbose: 0 : SshRelayStream [TX: 1 TXA: 0 RX: 0 AQ: 1]: Received data (1 bytes)
Google.Solutions.Compute Verbose: 0 : SshRelayStream [TX: 1 TXA: 0 RX: 0 AQ: 1]: Received data (1 bytes)
Google.Solutions.Compute Verbose: 0 : SshRelayStream [TX: 1 TXA: 0 RX: 0 AQ: 1]: Received data (1 bytes)
Google.Solutions.Compute Verbose: 0 : SshRelayStream [TX: 1 TXA: 0 RX: 0 AQ: 1]: Received data (1 bytes)
Google.Solutions.Compute Verbose: 0 : SshRelayStream [TX: 1 TXA: 0 RX: 0 AQ: 1]: Received data (1 bytes)
Google.Solutions.Compute Verbose: 0 : SshRelayStream [TX: 1 TXA: 0 RX: 0 AQ: 1]: Received data (1 bytes)
Google.Solutions.Compute Verbose: 0 : SshRelayStream [TX: 1 TXA: 0 RX: 1 AQ: 1]: Sending ACK #1...
Google.Solutions.Compute Verbose: 0 : SshRelayStream [TX: 1 TXA: 0 RX: 1 AQ: 1]: Sending ACK #1...
Google.Solutions.Compute Verbose: 0 : SshRelayStream [TX: 1 TXA: 0 RX: 1 AQ: 1]: Sending ACK #1...
Google.Solutions.Compute Verbose: 0 : SshRelayStream [TX: 1 TXA: 0 RX: 1 AQ: 1]: Sending ACK #1...
Google.Solutions.Compute Verbose: 0 : SshRelayStream [TX: 1 TXA: 0 RX: 1 AQ: 1]: Sending ACK #1...
Google.Solutions.Compute Verbose: 0 : SshRelayStream [TX: 1 TXA: 0 RX: 1 AQ: 1]: Sending ACK #1...
Google.Solutions.Compute Verbose: 0 : SshRelayStream [TX: 1 TXA: 0 RX: 1 AQ: 1]: Sending ACK #1...
Google.Solutions.Compute Verbose: 0 : SshRelayStream [TX: 1 TXA: 0 RX: 1 AQ: 1]: Sending ACK #1...
Google.Solutions.Compute Verbose: 0 : SshRelayStream [TX: 1 TXA: 0 RX: 1 AQ: 1]: Sending ACK #1...
Google.Solutions.Compute Verbose: 0 : SshRelayStream [TX: 1 TXA: 0 RX: 1 AQ: 1]: Sending ACK #1...
Google.Solutions.Compute Verbose: 0 : SshRelayStream [TX: 1 TXA: 0 RX: 1 AQ: 1]: Sending ACK #1...
Google.Solutions.Compute Verbose: 0 : SshRelayStream [TX: 1 TXA: 0 RX: 1 AQ: 1]: Sending ACK #1...
Google.Solutions.Compute Verbose: 0 : SshRelayStream [TX: 1 TXA: 0 RX: 1 AQ: 1]: Sending ACK #1...
Google.Solutions.Compute Verbose: 0 : SshRelayStream [TX: 1 TXA: 0 RX: 1 AQ: 1]: Sending ACK #1...
Google.Solutions.Compute Verbose: 0 : SshRelayStream [TX: 1 TXA: 0 RX: 1 AQ: 1]: Sending ACK #1...
Google.Solutions.Compute Verbose: 0 : SshRelayStream [TX: 1 TXA: 0 RX: 1 AQ: 1]: Sending ACK #1...
Google.Solutions.Compute Verbose: 0 : SshRelayStream [TX: 1 TXA: 0 RX: 1 AQ: 1]: Sending ACK #1...
Google.Solutions.Compute Verbose: 0 : SshRelayStream [TX: 1 TXA: 0 RX: 1 AQ: 1]: Sending ACK #1...
Google.Solutions.Compute Verbose: 0 : SshRelayStream [TX: 1 TXA: 0 RX: 1 AQ: 1]: Sending ACK #1...
Google.Solutions.Compute Verbose: 0 : SshRelayStream [TX: 1 TXA: 0 RX: 1 AQ: 1]: Sending ACK #1...
Google.Solutions.Compute Verbose: 0 : SshRelayStream [TX: 1 TXA: 0 RX: 1 AQ: 1]: Sending ACK #1...
Google.Solutions.Compute Verbose: 0 : SshRelayStream [TX: 1 TXA: 0 RX: 1 AQ: 1]: Sending ACK #1...
Google.Solutions.Compute Verbose: 0 : SshRelayStream [TX: 1 TXA: 0 RX: 1 AQ: 1]: Sending ACK #1...
Google.Solutions.Compute Verbose: 0 : SshRelayStream [TX: 1 TXA: 0 RX: 1 AQ: 1]: Sending ACK #1...
Google.Solutions.Compute Verbose: 0 : SshRelayStream [TX: 1 TXA: 0 RX: 1 AQ: 1]: Sending ACK #1...
Google.Solutions.Compute Verbose: 0 : SshRelayStream [TX: 1 TXA: 0 RX: 1 AQ: 1]: Sending ACK #1...
Google.Solutions.Compute Verbose: 0 : SshRelayStream [TX: 1 TXA: 0 RX: 1 AQ: 1]: Sending ACK #1...
Google.Solutions.Compute Verbose: 0 : SshRelayStream [TX: 1 TXA: 0 RX: 1 AQ: 1]: Sending ACK #1...
Google.Solutions.Compute Verbose: 0 : SshRelayStream [TX: 1 TXA: 0 RX: 1 AQ: 1]: Sending ACK #1...
Google.Solutions.Compute Verbose: 0 : SshRelayStream [TX: 1 TXA: 0 RX: 1 AQ: 1]: Sending ACK #1...
Google.Solutions.Compute Verbose: 0 : SshRelayStream [TX: 1 TXA: 0 RX: 1 AQ: 1]: Sending ACK #1...
Google.Solutions.Compute Verbose: 0 : SshRelayStream [TX: 1 TXA: 0 RX: 1 AQ: 1]: Sending ACK #1...
Google.Solutions.Compute Verbose: 0 : SshRelayStream [TX: 1 TXA: 0 RX: 1 AQ: 1]: Sending ACK #1...
Google.Solutions.Compute Verbose: 0 : SshRelayStream [TX: 1 TXA: 0 RX: 1 AQ: 1]: Sending ACK #1...
Google.Solutions.Compute Verbose: 0 : SshRelayStream [TX: 1 TXA: 0 RX: 1 AQ: 1]: Sending ACK #1...
Google.Solutions.Compute Verbose: 0 : SshRelayStream [TX: 1 TXA: 0 RX: 1 AQ: 1]: Sending ACK #1...
Google.Solutions.Compute Verbose: 0 : SshRelayStream [TX: 1 TXA: 0 RX: 1 AQ: 1]: Sending ACK #1...
Google.Solutions.Compute Verbose: 0 : SshRelayStream [TX: 1 TXA: 0 RX: 1 AQ: 1]: Sending ACK #1...
Google.Solutions.Compute Verbose: 0 : SshRelayStream [TX: 1 TXA: 0 RX: 1 AQ: 1]: Sending ACK #1...
Google.Solutions.Compute Verbose: 0 : SshRelayStream [TX: 1 TXA: 0 RX: 1 AQ: 1]: Sending ACK #1...
Google.Solutions.Compute Verbose: 0 : SshRelayStream [TX: 1 TXA: 0 RX: 1 AQ: 1]: Sending ACK #1...
Google.Solutions.Compute Verbose: 0 : SshRelayStream [TX: 1 TXA: 0 RX: 1 AQ: 1]: Sending ACK #1...
Google.Solutions.Compute Verbose: 0 : SshRelayStream [TX: 1 TXA: 0 RX: 1 AQ: 1]: Sending DATA #1...
Google.Solutions.Compute Verbose: 0 : SshRelayStream [TX: 1 TXA: 0 RX: 1 AQ: 1]: Sending DATA #1...
Google.Solutions.Compute Verbose: 0 : SshRelayStream [TX: 1 TXA: 0 RX: 1 AQ: 1]: Sending DATA #1...
Google.Solutions.Compute Verbose: 0 : SshRelayStream [TX: 1 TXA: 0 RX: 1 AQ: 1]: Sending DATA #1...
Google.Solutions.Compute Verbose: 0 : SshRelayStream [TX: 1 TXA: 0 RX: 1 AQ: 1]: Sending DATA #1...
Google.Solutions.Compute Verbose: 0 : SshRelayStream [TX: 1 TXA: 0 RX: 1 AQ: 1]: Sending DATA #1...
Google.Solutions.Compute Verbose: 0 : SshRelayStream [TX: 1 TXA: 0 RX: 1 AQ: 1]: Sending DATA #1...
Google.Solutions.Compute Verbose: 0 : SshRelayStream [TX: 1 TXA: 0 RX: 1 AQ: 1]: Sending DATA #1...
Google.Solutions.Compute Verbose: 0 : SshRelayStream [TX: 1 TXA: 0 RX: 1 AQ: 1]: Sending DATA #1...
Google.Solutions.Compute Verbose: 0 : SshRelayStream [TX: 1 TXA: 0 RX: 1 AQ: 1]: Sending DATA #1...
Google.Solutions.Compute Verbose: 0 : SshRelayStream [TX: 1 TXA: 0 RX: 1 AQ: 1]: Sending DATA #1...
Google.Solutions.Compute Verbose: 0 : SshRelayStream [TX: 1 TXA: 0 RX: 1 AQ: 1]: Sending DATA #1...
Google.Solutions.Compute Verbose: 0 : SshRelayStream [TX: 1 TXA: 0 RX: 1 AQ: 1]: Sending DATA #1...
Google.Solutions.Compute Verbose: 0 : SshRelayStream [TX: 1 TXA: 0 RX: 1 AQ: 1]: Sending DATA #1...
Google.Solutions.Compute Verbose: 0 : SshRelayStream [TX: 1 TXA: 0 RX: 1 AQ: 1]: Sending DATA #1...
Google.Solutions.Compute Verbose: 0 : SshRelayStream [TX: 1 TXA: 0 RX: 1 AQ: 1]: Sending DATA #1...
Google.Solutions.Compute Verbose: 0 : SshRelayStream [TX: 1 TXA: 0 RX: 1 AQ: 1]: Sending DATA #1...
Google.Solutions.Compute Verbose: 0 : SshRelayStream [TX: 1 TXA: 0 RX: 1 AQ: 1]: Sending DATA #1...
Google.Solutions.Compute Verbose: 0 : SshRelayStream [TX: 1 TXA: 0 RX: 1 AQ: 1]: Sending DATA #1...
Google.Solutions.Compute Verbose: 0 : SshRelayStream [TX: 1 TXA: 0 RX: 1 AQ: 1]: Sending DATA #1...
Google.Solutions.Compute Verbose: 0 : SshRelayStream [TX: 1 TXA: 0 RX: 1 AQ: 1]: Sending DATA #1...
Google.Solutions.Compute Verbose: 0 : SshRelayStream [TX: 1 TXA: 0 RX: 1 AQ: 1]: Sending DATA #1...
Google.Solutions.Compute Verbose: 0 : SshRelayStream [TX: 1 TXA: 0 RX: 1 AQ: 1]: Sending DATA #1...
Google.Solutions.Compute Verbose: 0 : SshRelayStream [TX: 1 TXA: 0 RX: 1 AQ: 1]: Sending DATA #1...
Google.Solutions.Compute Verbose: 0 : SshRelayStream [TX: 1 TXA: 0 RX: 1 AQ: 1]: Sending DATA #1...
Google.Solutions.Compute Verbose: 0 : SshRelayStream [TX: 1 TXA: 0 RX: 1 AQ: 1]: Sending DATA #1...
Google.Solutions.Compute Verbose: 0 : SshRelayStream [TX: 1 TXA: 0 RX: 1 AQ: 1]: Sending DATA #1...
Google.Solutions.Compute Verbose: 0 : SshRelayStream [TX: 1 TXA: 0 RX: 1 AQ: 1]: Sending DATA #1...
Google.Solutions.Compute Verbose: 0 : SshRelayStream [TX: 1 TXA: 0 RX: 1 AQ: 1]: Sending DATA #1...
Google.Solutions.Compute Verbose: 0 : SshRelayStream [TX: 1 TXA: 0 RX: 1 AQ: 1]: Sending DATA #1...
Google.Solutions.Compute Verbose: 0 : SshRelayStream [TX: 1 TXA: 0 RX: 1 AQ: 1]: Sending DATA #1...
Google.Solutions.Compute Verbose: 0 : SshRelayStream [TX: 1 TXA: 0 RX: 1 AQ: 1]: Sending DATA #1...
Google.Solutions.Compute Verbose: 0 : SshRelayStream [TX: 1 TXA: 0 RX: 1 AQ: 1]: Sending DATA #1...
Google.Solutions.Compute Verbose: 0 : SshRelayStream [TX: 1 TXA: 0 RX: 1 AQ: 1]: Sending DATA #1...
Google.Solutions.Compute Verbose: 0 : SshRelayStream [TX: 1 TXA: 0 RX: 1 AQ: 1]: Sending DATA #1...
Google.Solutions.Compute Verbose: 0 : SshRelayStream [TX: 1 TXA: 0 RX: 1 AQ: 1]: Sending DATA #1...
Google.Solutions.Compute Verbose: 0 : SshRelayStream [TX: 1 TXA: 0 RX: 1 AQ: 1]: Sending DATA #1...
Google.Solutions.Compute Verbose: 0 : SshRelayStream [TX: 1 TXA: 0 RX: 1 AQ: 1]: Sending DATA #1...
Google.Solutions.Compute Verbose: 0 : SshRelayStream [TX: 1 TXA: 0 RX: 1 AQ: 1]: Sending DATA #1...
Google.Solutions.Compute Verbose: 0 : SshRelayStream [TX: 1 TXA: 0 RX: 1 AQ: 1]: Sending DATA #1...
Google.Solutions.Compute Verbose: 0 : SshRelayStream [TX: 1 TXA: 0 RX: 1 AQ: 1]: Sending DATA #1...
Google.Solutions.Compute Verbose: 0 : SshRelayStream [TX: 1 TXA: 0 RX: 1 AQ: 1]: Sending DATA #1...
</system-out></testcase><testcase name="ConnectionOpenedByFirstWrite" assertions="2" time="0.000959" status="Passed" classname="Google.Solutions.Compute.Test.Iap.TestSshRelayStreamWriting"><system-out>Google.Solutions.Compute Verbose: 0 : SshRelayStream [TX: 0 TXA: 0 RX: 0 AQ: 0]: Connecting...
Google.Solutions.Compute Verbose: 0 : SshRelayStream [TX: 0 TXA: 0 RX: 0 AQ: 0]: Connecting...
Google.Solutions.Compute Verbose: 0 : SshRelayStream [TX: 0 TXA: 0 RX: 0 AQ: 0]: Connecting...
Google.Solutions.Compute Verbose: 0 : SshRelayStream [TX: 0 TXA: 0 RX: 0 AQ: 0]: Connecting...
Google.Solutions.Compute Verbose: 0 : SshRelayStream [TX: 0 TXA: 0 RX: 0 AQ: 0]: Connecting...
Google.Solutions.Compute Verbose: 0 : SshRelayStream [TX: 0 TXA: 0 RX: 0 AQ: 0]: Connecting...
Google.Solutions.Compute Verbose: 0 : SshRelayStream [TX: 0 TXA: 0 RX: 0 AQ: 0]: Connecting...
Google.Solutions.Compute Verbose: 0 : SshRelayStream [TX: 0 TXA: 0 RX: 0 AQ: 0]: Connecting...
Google.Solutions.Compute Verbose: 0 : SshRelayStream [TX: 0 TXA: 0 RX: 0 AQ: 0]: Connecting...
Google.Solutions.Compute Verbose: 0 : SshRelayStream [TX: 0 TXA: 0 RX: 0 AQ: 0]: Connecting...
Google.Solutions.Compute Verbose: 0 : SshRelayStream [TX: 0 TXA: 0 RX: 0 AQ: 0]: Connecting...
Google.Solutions.Compute Verbose: 0 : SshRelayStream [TX: 0 TXA: 0 RX: 0 AQ: 0]: Connecting...
Google.Solutions.Compute Verbose: 0 : SshRelayStream [TX: 0 TXA: 0 RX: 0 AQ: 0]: Connecting...
Google.Solutions.Compute Verbose: 0 : SshRelayStream [TX: 0 TXA: 0 RX: 0 AQ: 0]: Connecting...
Google.Solutions.Compute Verbose: 0 : SshRelayStream [TX: 0 TXA: 0 RX: 0 AQ: 0]: Connecting...
Google.Solutions.Compute Verbose: 0 : SshRelayStream [TX: 0 TXA: 0 RX: 0 AQ: 0]: Connecting...
Google.Solutions.Compute Verbose: 0 : SshRelayStream [TX: 0 TXA: 0 RX: 0 AQ: 0]: Connecting...
Google.Solutions.Compute Verbose: 0 : SshRelayStream [TX: 0 TXA: 0 RX: 0 AQ: 0]: Connecting...
Google.Solutions.Compute Verbose: 0 : SshRelayStream [TX: 0 TXA: 0 RX: 0 AQ: 0]: Connecting...
Google.Solutions.Compute Verbose: 0 : SshRelayStream [TX: 0 TXA: 0 RX: 0 AQ: 0]: Connecting...
Google.Solutions.Compute Verbose: 0 : SshRelayStream [TX: 0 TXA: 0 RX: 0 AQ: 0]: Connecting...
Google.Solutions.Compute Verbose: 0 : SshRelayStream [TX: 0 TXA: 0 RX: 0 AQ: 0]: Connecting...
Google.Solutions.Compute Verbose: 0 : SshRelayStream [TX: 0 TXA: 0 RX: 0 AQ: 0]: Connecting...
Google.Solutions.Compute Verbose: 0 : SshRelayStream [TX: 0 TXA: 0 RX: 0 AQ: 0]: Connecting...
Google.Solutions.Compute Verbose: 0 : SshRelayStream [TX: 0 TXA: 0 RX: 0 AQ: 0]: Connecting...
Google.Solutions.Compute Verbose: 0 : SshRelayStream [TX: 0 TXA: 0 RX: 0 AQ: 0]: Connecting...
Google.Solutions.Compute Verbose: 0 : SshRelayStream [TX: 0 TXA: 0 RX: 0 AQ: 0]: Connecting...
Google.Solutions.Compute Verbose: 0 : SshRelayStream [TX: 0 TXA: 0 RX: 0 AQ: 0]: Connecting...
Google.Solutions.Compute Verbose: 0 : SshRelayStream [TX: 0 TXA: 0 RX: 0 AQ: 0]: Connecting...
Google.Solutions.Compute Verbose: 0 : SshRelayStream [TX: 0 TXA: 0 RX: 0 AQ: 0]: Connecting...
Google.Solutions.Compute Verbose: 0 : SshRelayStream [TX: 0 TXA: 0 RX: 0 AQ: 0]: Connecting...
Google.Solutions.Compute Verbose: 0 : SshRelayStream [TX: 0 TXA: 0 RX: 0 AQ: 0]: Connecting...
Google.Solutions.Compute Verbose: 0 : SshRelayStream [TX: 0 TXA: 0 RX: 0 AQ: 0]: Connecting...
Google.Solutions.Compute Verbose: 0 : SshRelayStream [TX: 0 TXA: 0 RX: 0 AQ: 0]: Connecting...
Google.Solutions.Compute Verbose: 0 : SshRelayStream [TX: 0 TXA: 0 RX: 0 AQ: 0]: Connecting...
Google.Solutions.Compute Verbose: 0 : SshRelayStream [TX: 0 TXA: 0 RX: 0 AQ: 0]: Connecting...
Google.Solutions.Compute Verbose: 0 : SshRelayStream [TX: 0 TXA: 0 RX: 0 AQ: 0]: Connecting...
Google.Solutions.Compute Verbose: 0 : SshRelayStream [TX: 0 TXA: 0 RX: 0 AQ: 0]: Connecting...
Google.Solutions.Compute Verbose: 0 : SshRelayStream [TX: 0 TXA: 0 RX: 0 AQ: 0]: Connecting...
Google.Solutions.Compute Verbose: 0 : SshRelayStream [TX: 0 TXA: 0 RX: 0 AQ: 0]: Connecting...
Google.Solutions.Compute Verbose: 0 : SshRelayStream [TX: 0 TXA: 0 RX: 0 AQ: 0]: Connecting...
Google.Solutions.Compute Verbose: 0 : SshRelayStream [TX: 0 TXA: 0 RX: 0 AQ: 0]: Connecting...
Google.Solutions.Compute Verbose: 0 : SshRelayStream [TX: 0 TXA: 0 RX: 0 AQ: 0]: Connecting...
Google.Solutions.Compute Verbose: 0 : SshRelayStream [TX: 0 TXA: 0 RX: 0 AQ: 0]: Sending DATA #0...
Google.Solutions.Compute Verbose: 0 : SshRelayStream [TX: 0 TXA: 0 RX: 0 AQ: 0]: Sending DATA #0...
Google.Solutions.Compute Verbose: 0 : SshRelayStream [TX: 0 TXA: 0 RX: 0 AQ: 0]: Sending DATA #0...
Google.Solutions.Compute Verbose: 0 : SshRelayStream [TX: 0 TXA: 0 RX: 0 AQ: 0]: Sending DATA #0...
Google.Solutions.Compute Verbose: 0 : SshRelayStream [TX: 0 TXA: 0 RX: 0 AQ: 0]: Sending DATA #0...
Google.Solutions.Compute Verbose: 0 : SshRelayStream [TX: 0 TXA: 0 RX: 0 AQ: 0]: Sending DATA #0...
Google.Solutions.Compute Verbose: 0 : SshRelayStream [TX: 0 TXA: 0 RX: 0 AQ: 0]: Sending DATA #0...
Google.Solutions.Compute Verbose: 0 : SshRelayStream [TX: 0 TXA: 0 RX: 0 AQ: 0]: Sending DATA #0...
Google.Solutions.Compute Verbose: 0 : SshRelayStream [TX: 0 TXA: 0 RX: 0 AQ: 0]: Sending DATA #0...
Google.Solutions.Compute Verbose: 0 : SshRelayStream [TX: 0 TXA: 0 RX: 0 AQ: 0]: Sending DATA #0...
Google.Solutions.Compute Verbose: 0 : SshRelayStream [TX: 0 TXA: 0 RX: 0 AQ: 0]: Sending DATA #0...
Google.Solutions.Compute Verbose: 0 : SshRelayStream [TX: 0 TXA: 0 RX: 0 AQ: 0]: Sending DATA #0...
Google.Solutions.Compute Verbose: 0 : SshRelayStream [TX: 0 TXA: 0 RX: 0 AQ: 0]: Sending DATA #0...
Google.Solutions.Compute Verbose: 0 : SshRelayStream [TX: 0 TXA: 0 RX: 0 AQ: 0]: Sending DATA #0...
Google.Solutions.Compute Verbose: 0 : SshRelayStream [TX: 0 TXA: 0 RX: 0 AQ: 0]: Sending DATA #0...
Google.Solutions.Compute Verbose: 0 : SshRelayStream [TX: 0 TXA: 0 RX: 0 AQ: 0]: Sending DATA #0...
Google.Solutions.Compute Verbose: 0 : SshRelayStream [TX: 0 TXA: 0 RX: 0 AQ: 0]: Sending DATA #0...
Google.Solutions.Compute Verbose: 0 : SshRelayStream [TX: 0 TXA: 0 RX: 0 AQ: 0]: Sending DATA #0...
Google.Solutions.Compute Verbose: 0 : SshRelayStream [TX: 0 TXA: 0 RX: 0 AQ: 0]: Sending DATA #0...
Google.Solutions.Compute Verbose: 0 : SshRelayStream [TX: 0 TXA: 0 RX: 0 AQ: 0]: Sending DATA #0...
Google.Solutions.Compute Verbose: 0 : SshRelayStream [TX: 0 TXA: 0 RX: 0 AQ: 0]: Sending DATA #0...
Google.Solutions.Compute Verbose: 0 : SshRelayStream [TX: 0 TXA: 0 RX: 0 AQ: 0]: Sending DATA #0...
Google.Solutions.Compute Verbose: 0 : SshRelayStream [TX: 0 TXA: 0 RX: 0 AQ: 0]: Sending DATA #0...
Google.Solutions.Compute Verbose: 0 : SshRelayStream [TX: 0 TXA: 0 RX: 0 AQ: 0]: Sending DATA #0...
Google.Solutions.Compute Verbose: 0 : SshRelayStream [TX: 0 TXA: 0 RX: 0 AQ: 0]: Sending DATA #0...
Google.Solutions.Compute Verbose: 0 : SshRelayStream [TX: 0 TXA: 0 RX: 0 AQ: 0]: Sending DATA #0...
Google.Solutions.Compute Verbose: 0 : SshRelayStream [TX: 0 TXA: 0 RX: 0 AQ: 0]: Sending DATA #0...
Google.Solutions.Compute Verbose: 0 : SshRelayStream [TX: 0 TXA: 0 RX: 0 AQ: 0]: Sending DATA #0...
Google.Solutions.Compute Verbose: 0 : SshRelayStream [TX: 0 TXA: 0 RX: 0 AQ: 0]: Sending DATA #0...
Google.Solutions.Compute Verbose: 0 : SshRelayStream [TX: 0 TXA: 0 RX: 0 AQ: 0]: Sending DATA #0...
Google.Solutions.Compute Verbose: 0 : SshRelayStream [TX: 0 TXA: 0 RX: 0 AQ: 0]: Sending DATA #0...
Google.Solutions.Compute Verbose: 0 : SshRelayStream [TX: 0 TXA: 0 RX: 0 AQ: 0]: Sending DATA #0...
Google.Solutions.Compute Verbose: 0 : SshRelayStream [TX: 0 TXA: 0 RX: 0 AQ: 0]: Sending DATA #0...
Google.Solutions.Compute Verbose: 0 : SshRelayStream [TX: 0 TXA: 0 RX: 0 AQ: 0]: Sending DATA #0...
Google.Solutions.Compute Verbose: 0 : SshRelayStream [TX: 0 TXA: 0 RX: 0 AQ: 0]: Sending DATA #0...
Google.Solutions.Compute Verbose: 0 : SshRelayStream [TX: 0 TXA: 0 RX: 0 AQ: 0]: Sending DATA #0...
Google.Solutions.Compute Verbose: 0 : SshRelayStream [TX: 0 TXA: 0 RX: 0 AQ: 0]: Sending DATA #0...
Google.Solutions.Compute Verbose: 0 : SshRelayStream [TX: 0 TXA: 0 RX: 0 AQ: 0]: Sending DATA #0...
Google.Solutions.Compute Verbose: 0 : SshRelayStream [TX: 0 TXA: 0 RX: 0 AQ: 0]: Sending DATA #0...
Google.Solutions.Compute Verbose: 0 : SshRelayStream [TX: 0 TXA: 0 RX: 0 AQ: 0]: Sending DATA #0...
Google.Solutions.Compute Verbose: 0 : SshRelayStream [TX: 0 TXA: 0 RX: 0 AQ: 0]: Sending DATA #0...
Google.Solutions.Compute Verbose: 0 : SshRelayStream [TX: 0 TXA: 0 RX: 0 AQ: 0]: Sending DATA #0...
Google.Solutions.Compute Verbose: 0 : SshRelayStream [TX: 0 TXA: 0 RX: 0 AQ: 0]: Sending DATA #0...
</system-out></testcase><testcase name="NoAckSentOnSubsequentWriteIfNoDataReceived" assertions="4" time="0.001604" status="Passed" classname="Google.Solutions.Compute.Test.Iap.TestSshRelayStreamWriting"><system-out>Google.Solutions.Compute Verbose: 0 : SshRelayStream [TX: 0 TXA: 0 RX: 0 AQ: 0]: Connecting...
Google.Solutions.Compute Verbose: 0 : SshRelayStream [TX: 0 TXA: 0 RX: 0 AQ: 0]: Connecting...
Google.Solutions.Compute Verbose: 0 : SshRelayStream [TX: 0 TXA: 0 RX: 0 AQ: 0]: Connecting...
Google.Solutions.Compute Verbose: 0 : SshRelayStream [TX: 0 TXA: 0 RX: 0 AQ: 0]: Connecting...
Google.Solutions.Compute Verbose: 0 : SshRelayStream [TX: 0 TXA: 0 RX: 0 AQ: 0]: Connecting...
Google.Solutions.Compute Verbose: 0 : SshRelayStream [TX: 0 TXA: 0 RX: 0 AQ: 0]: Connecting...
Google.Solutions.Compute Verbose: 0 : SshRelayStream [TX: 0 TXA: 0 RX: 0 AQ: 0]: Connecting...
Google.Solutions.Compute Verbose: 0 : SshRelayStream [TX: 0 TXA: 0 RX: 0 AQ: 0]: Connecting...
Google.Solutions.Compute Verbose: 0 : SshRelayStream [TX: 0 TXA: 0 RX: 0 AQ: 0]: Connecting...
Google.Solutions.Compute Verbose: 0 : SshRelayStream [TX: 0 TXA: 0 RX: 0 AQ: 0]: Connecting...
Google.Solutions.Compute Verbose: 0 : SshRelayStream [TX: 0 TXA: 0 RX: 0 AQ: 0]: Connecting...
Google.Solutions.Compute Verbose: 0 : SshRelayStream [TX: 0 TXA: 0 RX: 0 AQ: 0]: Connecting...
Google.Solutions.Compute Verbose: 0 : SshRelayStream [TX: 0 TXA: 0 RX: 0 AQ: 0]: Connecting...
Google.Solutions.Compute Verbose: 0 : SshRelayStream [TX: 0 TXA: 0 RX: 0 AQ: 0]: Connecting...
Google.Solutions.Compute Verbose: 0 : SshRelayStream [TX: 0 TXA: 0 RX: 0 AQ: 0]: Connecting...
Google.Solutions.Compute Verbose: 0 : SshRelayStream [TX: 0 TXA: 0 RX: 0 AQ: 0]: Connecting...
Google.Solutions.Compute Verbose: 0 : SshRelayStream [TX: 0 TXA: 0 RX: 0 AQ: 0]: Connecting...
Google.Solutions.Compute Verbose: 0 : SshRelayStream [TX: 0 TXA: 0 RX: 0 AQ: 0]: Connecting...
Google.Solutions.Compute Verbose: 0 : SshRelayStream [TX: 0 TXA: 0 RX: 0 AQ: 0]: Connecting...
Google.Solutions.Compute Verbose: 0 : SshRelayStream [TX: 0 TXA: 0 RX: 0 AQ: 0]: Connecting...
Google.Solutions.Compute Verbose: 0 : SshRelayStream [TX: 0 TXA: 0 RX: 0 AQ: 0]: Connecting...
Google.Solutions.Compute Verbose: 0 : SshRelayStream [TX: 0 TXA: 0 RX: 0 AQ: 0]: Connecting...
Google.Solutions.Compute Verbose: 0 : SshRelayStream [TX: 0 TXA: 0 RX: 0 AQ: 0]: Connecting...
Google.Solutions.Compute Verbose: 0 : SshRelayStream [TX: 0 TXA: 0 RX: 0 AQ: 0]: Connecting...
Google.Solutions.Compute Verbose: 0 : SshRelayStream [TX: 0 TXA: 0 RX: 0 AQ: 0]: Connecting...
Google.Solutions.Compute Verbose: 0 : SshRelayStream [TX: 0 TXA: 0 RX: 0 AQ: 0]: Connecting...
Google.Solutions.Compute Verbose: 0 : SshRelayStream [TX: 0 TXA: 0 RX: 0 AQ: 0]: Connecting...
Google.Solutions.Compute Verbose: 0 : SshRelayStream [TX: 0 TXA: 0 RX: 0 AQ: 0]: Connecting...
Google.Solutions.Compute Verbose: 0 : SshRelayStream [TX: 0 TXA: 0 RX: 0 AQ: 0]: Connecting...
Google.Solutions.Compute Verbose: 0 : SshRelayStream [TX: 0 TXA: 0 RX: 0 AQ: 0]: Connecting...
Google.Solutions.Compute Verbose: 0 : SshRelayStream [TX: 0 TXA: 0 RX: 0 AQ: 0]: Connecting...
Google.Solutions.Compute Verbose: 0 : SshRelayStream [TX: 0 TXA: 0 RX: 0 AQ: 0]: Connecting...
Google.Solutions.Compute Verbose: 0 : SshRelayStream [TX: 0 TXA: 0 RX: 0 AQ: 0]: Connecting...
Google.Solutions.Compute Verbose: 0 : SshRelayStream [TX: 0 TXA: 0 RX: 0 AQ: 0]: Connecting...
Google.Solutions.Compute Verbose: 0 : SshRelayStream [TX: 0 TXA: 0 RX: 0 AQ: 0]: Connecting...
Google.Solutions.Compute Verbose: 0 : SshRelayStream [TX: 0 TXA: 0 RX: 0 AQ: 0]: Connecting...
Google.Solutions.Compute Verbose: 0 : SshRelayStream [TX: 0 TXA: 0 RX: 0 AQ: 0]: Connecting...
Google.Solutions.Compute Verbose: 0 : SshRelayStream [TX: 0 TXA: 0 RX: 0 AQ: 0]: Connecting...
Google.Solutions.Compute Verbose: 0 : SshRelayStream [TX: 0 TXA: 0 RX: 0 AQ: 0]: Connecting...
Google.Solutions.Compute Verbose: 0 : SshRelayStream [TX: 0 TXA: 0 RX: 0 AQ: 0]: Connecting...
Google.Solutions.Compute Verbose: 0 : SshRelayStream [TX: 0 TXA: 0 RX: 0 AQ: 0]: Connecting...
Google.Solutions.Compute Verbose: 0 : SshRelayStream [TX: 0 TXA: 0 RX: 0 AQ: 0]: Connecting...
Google.Solutions.Compute Verbose: 0 : SshRelayStream [TX: 0 TXA: 0 RX: 0 AQ: 0]: Connecting...
Google.Solutions.Compute Verbose: 0 : SshRelayStream [TX: 0 TXA: 0 RX: 0 AQ: 0]: Connecting...
Google.Solutions.Compute Verbose: 0 : SshRelayStream [TX: 0 TXA: 0 RX: 0 AQ: 0]: Sending DATA #0...
Google.Solutions.Compute Verbose: 0 : SshRelayStream [TX: 0 TXA: 0 RX: 0 AQ: 0]: Sending DATA #0...
Google.Solutions.Compute Verbose: 0 : SshRelayStream [TX: 0 TXA: 0 RX: 0 AQ: 0]: Sending DATA #0...
Google.Solutions.Compute Verbose: 0 : SshRelayStream [TX: 0 TXA: 0 RX: 0 AQ: 0]: Sending DATA #0...
Google.Solutions.Compute Verbose: 0 : SshRelayStream [TX: 0 TXA: 0 RX: 0 AQ: 0]: Sending DATA #0...
Google.Solutions.Compute Verbose: 0 : SshRelayStream [TX: 0 TXA: 0 RX: 0 AQ: 0]: Sending DATA #0...
Google.Solutions.Compute Verbose: 0 : SshRelayStream [TX: 0 TXA: 0 RX: 0 AQ: 0]: Sending DATA #0...
Google.Solutions.Compute Verbose: 0 : SshRelayStream [TX: 0 TXA: 0 RX: 0 AQ: 0]: Sending DATA #0...
Google.Solutions.Compute Verbose: 0 : SshRelayStream [TX: 0 TXA: 0 RX: 0 AQ: 0]: Sending DATA #0...
Google.Solutions.Compute Verbose: 0 : SshRelayStream [TX: 0 TXA: 0 RX: 0 AQ: 0]: Sending DATA #0...
Google.Solutions.Compute Verbose: 0 : SshRelayStream [TX: 0 TXA: 0 RX: 0 AQ: 0]: Sending DATA #0...
Google.Solutions.Compute Verbose: 0 : SshRelayStream [TX: 0 TXA: 0 RX: 0 AQ: 0]: Sending DATA #0...
Google.Solutions.Compute Verbose: 0 : SshRelayStream [TX: 0 TXA: 0 RX: 0 AQ: 0]: Sending DATA #0...
Google.Solutions.Compute Verbose: 0 : SshRelayStream [TX: 0 TXA: 0 RX: 0 AQ: 0]: Sending DATA #0...
Google.Solutions.Compute Verbose: 0 : SshRelayStream [TX: 0 TXA: 0 RX: 0 AQ: 0]: Sending DATA #0...
Google.Solutions.Compute Verbose: 0 : SshRelayStream [TX: 0 TXA: 0 RX: 0 AQ: 0]: Sending DATA #0...
Google.Solutions.Compute Verbose: 0 : SshRelayStream [TX: 0 TXA: 0 RX: 0 AQ: 0]: Sending DATA #0...
Google.Solutions.Compute Verbose: 0 : SshRelayStream [TX: 0 TXA: 0 RX: 0 AQ: 0]: Sending DATA #0...
Google.Solutions.Compute Verbose: 0 : SshRelayStream [TX: 0 TXA: 0 RX: 0 AQ: 0]: Sending DATA #0...
Google.Solutions.Compute Verbose: 0 : SshRelayStream [TX: 0 TXA: 0 RX: 0 AQ: 0]: Sending DATA #0...
Google.Solutions.Compute Verbose: 0 : SshRelayStream [TX: 0 TXA: 0 RX: 0 AQ: 0]: Sending DATA #0...
Google.Solutions.Compute Verbose: 0 : SshRelayStream [TX: 0 TXA: 0 RX: 0 AQ: 0]: Sending DATA #0...
Google.Solutions.Compute Verbose: 0 : SshRelayStream [TX: 0 TXA: 0 RX: 0 AQ: 0]: Sending DATA #0...
Google.Solutions.Compute Verbose: 0 : SshRelayStream [TX: 0 TXA: 0 RX: 0 AQ: 0]: Sending DATA #0...
Google.Solutions.Compute Verbose: 0 : SshRelayStream [TX: 0 TXA: 0 RX: 0 AQ: 0]: Sending DATA #0...
Google.Solutions.Compute Verbose: 0 : SshRelayStream [TX: 0 TXA: 0 RX: 0 AQ: 0]: Sending DATA #0...
Google.Solutions.Compute Verbose: 0 : SshRelayStream [TX: 0 TXA: 0 RX: 0 AQ: 0]: Sending DATA #0...
Google.Solutions.Compute Verbose: 0 : SshRelayStream [TX: 0 TXA: 0 RX: 0 AQ: 0]: Sending DATA #0...
Google.Solutions.Compute Verbose: 0 : SshRelayStream [TX: 0 TXA: 0 RX: 0 AQ: 0]: Sending DATA #0...
Google.Solutions.Compute Verbose: 0 : SshRelayStream [TX: 0 TXA: 0 RX: 0 AQ: 0]: Sending DATA #0...
Google.Solutions.Compute Verbose: 0 : SshRelayStream [TX: 0 TXA: 0 RX: 0 AQ: 0]: Sending DATA #0...
Google.Solutions.Compute Verbose: 0 : SshRelayStream [TX: 0 TXA: 0 RX: 0 AQ: 0]: Sending DATA #0...
Google.Solutions.Compute Verbose: 0 : SshRelayStream [TX: 0 TXA: 0 RX: 0 AQ: 0]: Sending DATA #0...
Google.Solutions.Compute Verbose: 0 : SshRelayStream [TX: 0 TXA: 0 RX: 0 AQ: 0]: Sending DATA #0...
Google.Solutions.Compute Verbose: 0 : SshRelayStream [TX: 0 TXA: 0 RX: 0 AQ: 0]: Sending DATA #0...
Google.Solutions.Compute Verbose: 0 : SshRelayStream [TX: 0 TXA: 0 RX: 0 AQ: 0]: Sending DATA #0...
Google.Solutions.Compute Verbose: 0 : SshRelayStream [TX: 0 TXA: 0 RX: 0 AQ: 0]: Sending DATA #0...
Google.Solutions.Compute Verbose: 0 : SshRelayStream [TX: 0 TXA: 0 RX: 0 AQ: 0]: Sending DATA #0...
Google.Solutions.Compute Verbose: 0 : SshRelayStream [TX: 0 TXA: 0 RX: 0 AQ: 0]: Sending DATA #0...
Google.Solutions.Compute Verbose: 0 : SshRelayStream [TX: 0 TXA: 0 RX: 0 AQ: 0]: Sending DATA #0...
Google.Solutions.Compute Verbose: 0 : SshRelayStream [TX: 0 TXA: 0 RX: 0 AQ: 0]: Sending DATA #0...
Google.Solutions.Compute Verbose: 0 : SshRelayStream [TX: 0 TXA: 0 RX: 0 AQ: 0]: Sending DATA #0...
Google.Solutions.Compute Verbose: 0 : SshRelayStream [TX: 0 TXA: 0 RX: 0 AQ: 0]: Sending DATA #0...
Google.Solutions.Compute Verbose: 0 : SshRelayStream [TX: 0 TXA: 0 RX: 0 AQ: 0]: Sending DATA #0...
Google.Solutions.Compute Verbose: 0 : SshRelayStream [TX: 1 TXA: 0 RX: 0 AQ: 1]: Sending DATA #1...
Google.Solutions.Compute Verbose: 0 : SshRelayStream [TX: 1 TXA: 0 RX: 0 AQ: 1]: Sending DATA #1...
Google.Solutions.Compute Verbose: 0 : SshRelayStream [TX: 1 TXA: 0 RX: 0 AQ: 1]: Sending DATA #1...
Google.Solutions.Compute Verbose: 0 : SshRelayStream [TX: 1 TXA: 0 RX: 0 AQ: 1]: Sending DATA #1...
Google.Solutions.Compute Verbose: 0 : SshRelayStream [TX: 1 TXA: 0 RX: 0 AQ: 1]: Sending DATA #1...
Google.Solutions.Compute Verbose: 0 : SshRelayStream [TX: 1 TXA: 0 RX: 0 AQ: 1]: Sending DATA #1...
Google.Solutions.Compute Verbose: 0 : SshRelayStream [TX: 1 TXA: 0 RX: 0 AQ: 1]: Sending DATA #1...
Google.Solutions.Compute Verbose: 0 : SshRelayStream [TX: 1 TXA: 0 RX: 0 AQ: 1]: Sending DATA #1...
Google.Solutions.Compute Verbose: 0 : SshRelayStream [TX: 1 TXA: 0 RX: 0 AQ: 1]: Sending DATA #1...
Google.Solutions.Compute Verbose: 0 : SshRelayStream [TX: 1 TXA: 0 RX: 0 AQ: 1]: Sending DATA #1...
Google.Solutions.Compute Verbose: 0 : SshRelayStream [TX: 1 TXA: 0 RX: 0 AQ: 1]: Sending DATA #1...
Google.Solutions.Compute Verbose: 0 : SshRelayStream [TX: 1 TXA: 0 RX: 0 AQ: 1]: Sending DATA #1...
Google.Solutions.Compute Verbose: 0 : SshRelayStream [TX: 1 TXA: 0 RX: 0 AQ: 1]: Sending DATA #1...
Google.Solutions.Compute Verbose: 0 : SshRelayStream [TX: 1 TXA: 0 RX: 0 AQ: 1]: Sending DATA #1...
Google.Solutions.Compute Verbose: 0 : SshRelayStream [TX: 1 TXA: 0 RX: 0 AQ: 1]: Sending DATA #1...
Google.Solutions.Compute Verbose: 0 : SshRelayStream [TX: 1 TXA: 0 RX: 0 AQ: 1]: Sending DATA #1...
Google.Solutions.Compute Verbose: 0 : SshRelayStream [TX: 1 TXA: 0 RX: 0 AQ: 1]: Sending DATA #1...
Google.Solutions.Compute Verbose: 0 : SshRelayStream [TX: 1 TXA: 0 RX: 0 AQ: 1]: Sending DATA #1...
Google.Solutions.Compute Verbose: 0 : SshRelayStream [TX: 1 TXA: 0 RX: 0 AQ: 1]: Sending DATA #1...
Google.Solutions.Compute Verbose: 0 : SshRelayStream [TX: 1 TXA: 0 RX: 0 AQ: 1]: Sending DATA #1...
Google.Solutions.Compute Verbose: 0 : SshRelayStream [TX: 1 TXA: 0 RX: 0 AQ: 1]: Sending DATA #1...
Google.Solutions.Compute Verbose: 0 : SshRelayStream [TX: 1 TXA: 0 RX: 0 AQ: 1]: Sending DATA #1...
Google.Solutions.Compute Verbose: 0 : SshRelayStream [TX: 1 TXA: 0 RX: 0 AQ: 1]: Sending DATA #1...
Google.Solutions.Compute Verbose: 0 : SshRelayStream [TX: 1 TXA: 0 RX: 0 AQ: 1]: Sending DATA #1...
Google.Solutions.Compute Verbose: 0 : SshRelayStream [TX: 1 TXA: 0 RX: 0 AQ: 1]: Sending DATA #1...
Google.Solutions.Compute Verbose: 0 : SshRelayStream [TX: 1 TXA: 0 RX: 0 AQ: 1]: Sending DATA #1...
Google.Solutions.Compute Verbose: 0 : SshRelayStream [TX: 1 TXA: 0 RX: 0 AQ: 1]: Sending DATA #1...
Google.Solutions.Compute Verbose: 0 : SshRelayStream [TX: 1 TXA: 0 RX: 0 AQ: 1]: Sending DATA #1...
Google.Solutions.Compute Verbose: 0 : SshRelayStream [TX: 1 TXA: 0 RX: 0 AQ: 1]: Sending DATA #1...
Google.Solutions.Compute Verbose: 0 : SshRelayStream [TX: 1 TXA: 0 RX: 0 AQ: 1]: Sending DATA #1...
Google.Solutions.Compute Verbose: 0 : SshRelayStream [TX: 1 TXA: 0 RX: 0 AQ: 1]: Sending DATA #1...
Google.Solutions.Compute Verbose: 0 : SshRelayStream [TX: 1 TXA: 0 RX: 0 AQ: 1]: Sending DATA #1...
Google.Solutions.Compute Verbose: 0 : SshRelayStream [TX: 1 TXA: 0 RX: 0 AQ: 1]: Sending DATA #1...
Google.Solutions.Compute Verbose: 0 : SshRelayStream [TX: 1 TXA: 0 RX: 0 AQ: 1]: Sending DATA #1...
Google.Solutions.Compute Verbose: 0 : SshRelayStream [TX: 1 TXA: 0 RX: 0 AQ: 1]: Sending DATA #1...
Google.Solutions.Compute Verbose: 0 : SshRelayStream [TX: 1 TXA: 0 RX: 0 AQ: 1]: Sending DATA #1...
Google.Solutions.Compute Verbose: 0 : SshRelayStream [TX: 1 TXA: 0 RX: 0 AQ: 1]: Sending DATA #1...
Google.Solutions.Compute Verbose: 0 : SshRelayStream [TX: 1 TXA: 0 RX: 0 AQ: 1]: Sending DATA #1...
Google.Solutions.Compute Verbose: 0 : SshRelayStream [TX: 1 TXA: 0 RX: 0 AQ: 1]: Sending DATA #1...
Google.Solutions.Compute Verbose: 0 : SshRelayStream [TX: 1 TXA: 0 RX: 0 AQ: 1]: Sending DATA #1...
Google.Solutions.Compute Verbose: 0 : SshRelayStream [TX: 1 TXA: 0 RX: 0 AQ: 1]: Sending DATA #1...
Google.Solutions.Compute Verbose: 0 : SshRelayStream [TX: 1 TXA: 0 RX: 0 AQ: 1]: Sending DATA #1...
Google.Solutions.Compute Verbose: 0 : SshRelayStream [TX: 1 TXA: 0 RX: 0 AQ: 1]: Sending DATA #1...
Google.Solutions.Compute Verbose: 0 : SshRelayStream [TX: 1 TXA: 0 RX: 0 AQ: 1]: Sending DATA #1...
</system-out></testcase><testcase name="NotAuthorizedCausesException" assertions="1" time="0.002460" status="Passed" classname="Google.Solutions.Compute.Test.Iap.TestSshRelayStreamWriting"><system-out>Google.Solutions.Compute Verbose: 0 : SshRelayStream [TX: 0 TXA: 0 RX: 0 AQ: 0]: Connecting...
Google.Solutions.Compute Verbose: 0 : SshRelayStream [TX: 0 TXA: 0 RX: 0 AQ: 0]: Connecting...
Google.Solutions.Compute Verbose: 0 : SshRelayStream [TX: 0 TXA: 0 RX: 0 AQ: 0]: Connecting...
Google.Solutions.Compute Verbose: 0 : SshRelayStream [TX: 0 TXA: 0 RX: 0 AQ: 0]: Connecting...
Google.Solutions.Compute Verbose: 0 : SshRelayStream [TX: 0 TXA: 0 RX: 0 AQ: 0]: Connecting...
Google.Solutions.Compute Verbose: 0 : SshRelayStream [TX: 0 TXA: 0 RX: 0 AQ: 0]: Connecting...
Google.Solutions.Compute Verbose: 0 : SshRelayStream [TX: 0 TXA: 0 RX: 0 AQ: 0]: Connecting...
Google.Solutions.Compute Verbose: 0 : SshRelayStream [TX: 0 TXA: 0 RX: 0 AQ: 0]: Connecting...
Google.Solutions.Compute Verbose: 0 : SshRelayStream [TX: 0 TXA: 0 RX: 0 AQ: 0]: Connecting...
Google.Solutions.Compute Verbose: 0 : SshRelayStream [TX: 0 TXA: 0 RX: 0 AQ: 0]: Connecting...
Google.Solutions.Compute Verbose: 0 : SshRelayStream [TX: 0 TXA: 0 RX: 0 AQ: 0]: Connecting...
Google.Solutions.Compute Verbose: 0 : SshRelayStream [TX: 0 TXA: 0 RX: 0 AQ: 0]: Connecting...
Google.Solutions.Compute Verbose: 0 : SshRelayStream [TX: 0 TXA: 0 RX: 0 AQ: 0]: Connecting...
Google.Solutions.Compute Verbose: 0 : SshRelayStream [TX: 0 TXA: 0 RX: 0 AQ: 0]: Connecting...
Google.Solutions.Compute Verbose: 0 : SshRelayStream [TX: 0 TXA: 0 RX: 0 AQ: 0]: Connecting...
Google.Solutions.Compute Verbose: 0 : SshRelayStream [TX: 0 TXA: 0 RX: 0 AQ: 0]: Connecting...
Google.Solutions.Compute Verbose: 0 : SshRelayStream [TX: 0 TXA: 0 RX: 0 AQ: 0]: Connecting...
Google.Solutions.Compute Verbose: 0 : SshRelayStream [TX: 0 TXA: 0 RX: 0 AQ: 0]: Connecting...
Google.Solutions.Compute Verbose: 0 : SshRelayStream [TX: 0 TXA: 0 RX: 0 AQ: 0]: Connecting...
Google.Solutions.Compute Verbose: 0 : SshRelayStream [TX: 0 TXA: 0 RX: 0 AQ: 0]: Connecting...
Google.Solutions.Compute Verbose: 0 : SshRelayStream [TX: 0 TXA: 0 RX: 0 AQ: 0]: Connecting...
Google.Solutions.Compute Verbose: 0 : SshRelayStream [TX: 0 TXA: 0 RX: 0 AQ: 0]: Connecting...
Google.Solutions.Compute Verbose: 0 : SshRelayStream [TX: 0 TXA: 0 RX: 0 AQ: 0]: Connecting...
Google.Solutions.Compute Verbose: 0 : SshRelayStream [TX: 0 TXA: 0 RX: 0 AQ: 0]: Connecting...
Google.Solutions.Compute Verbose: 0 : SshRelayStream [TX: 0 TXA: 0 RX: 0 AQ: 0]: Connecting...
Google.Solutions.Compute Verbose: 0 : SshRelayStream [TX: 0 TXA: 0 RX: 0 AQ: 0]: Connecting...
Google.Solutions.Compute Verbose: 0 : SshRelayStream [TX: 0 TXA: 0 RX: 0 AQ: 0]: Connecting...
Google.Solutions.Compute Verbose: 0 : SshRelayStream [TX: 0 TXA: 0 RX: 0 AQ: 0]: Connecting...
Google.Solutions.Compute Verbose: 0 : SshRelayStream [TX: 0 TXA: 0 RX: 0 AQ: 0]: Connecting...
Google.Solutions.Compute Verbose: 0 : SshRelayStream [TX: 0 TXA: 0 RX: 0 AQ: 0]: Connecting...
Google.Solutions.Compute Verbose: 0 : SshRelayStream [TX: 0 TXA: 0 RX: 0 AQ: 0]: Connecting...
Google.Solutions.Compute Verbose: 0 : SshRelayStream [TX: 0 TXA: 0 RX: 0 AQ: 0]: Connecting...
Google.Solutions.Compute Verbose: 0 : SshRelayStream [TX: 0 TXA: 0 RX: 0 AQ: 0]: Connecting...
Google.Solutions.Compute Verbose: 0 : SshRelayStream [TX: 0 TXA: 0 RX: 0 AQ: 0]: Connecting...
Google.Solutions.Compute Verbose: 0 : SshRelayStream [TX: 0 TXA: 0 RX: 0 AQ: 0]: Connecting...
Google.Solutions.Compute Verbose: 0 : SshRelayStream [TX: 0 TXA: 0 RX: 0 AQ: 0]: Connecting...
Google.Solutions.Compute Verbose: 0 : SshRelayStream [TX: 0 TXA: 0 RX: 0 AQ: 0]: Connecting...
Google.Solutions.Compute Verbose: 0 : SshRelayStream [TX: 0 TXA: 0 RX: 0 AQ: 0]: Connecting...
Google.Solutions.Compute Verbose: 0 : SshRelayStream [TX: 0 TXA: 0 RX: 0 AQ: 0]: Connecting...
Google.Solutions.Compute Verbose: 0 : SshRelayStream [TX: 0 TXA: 0 RX: 0 AQ: 0]: Connecting...
Google.Solutions.Compute Verbose: 0 : SshRelayStream [TX: 0 TXA: 0 RX: 0 AQ: 0]: Connecting...
Google.Solutions.Compute Verbose: 0 : SshRelayStream [TX: 0 TXA: 0 RX: 0 AQ: 0]: Connecting...
Google.Solutions.Compute Verbose: 0 : SshRelayStream [TX: 0 TXA: 0 RX: 0 AQ: 0]: Connecting...
Google.Solutions.Compute Verbose: 0 : SshRelayStream [TX: 0 TXA: 0 RX: 0 AQ: 0]: Connecting...
Google.Solutions.Compute Verbose: 0 : SshRelayStream [TX: 0 TXA: 0 RX: 0 AQ: 0]: Connecting...
Google.Solutions.Compute Verbose: 0 : SshRelayStream [TX: 0 TXA: 0 RX: 0 AQ: 0]: Sending DATA #0...
Google.Solutions.Compute Verbose: 0 : SshRelayStream [TX: 0 TXA: 0 RX: 0 AQ: 0]: Sending DATA #0...
Google.Solutions.Compute Verbose: 0 : SshRelayStream [TX: 0 TXA: 0 RX: 0 AQ: 0]: Sending DATA #0...
Google.Solutions.Compute Verbose: 0 : SshRelayStream [TX: 0 TXA: 0 RX: 0 AQ: 0]: Sending DATA #0...
Google.Solutions.Compute Verbose: 0 : SshRelayStream [TX: 0 TXA: 0 RX: 0 AQ: 0]: Sending DATA #0...
Google.Solutions.Compute Verbose: 0 : SshRelayStream [TX: 0 TXA: 0 RX: 0 AQ: 0]: Sending DATA #0...
Google.Solutions.Compute Verbose: 0 : SshRelayStream [TX: 0 TXA: 0 RX: 0 AQ: 0]: Sending DATA #0...
Google.Solutions.Compute Verbose: 0 : SshRelayStream [TX: 0 TXA: 0 RX: 0 AQ: 0]: Sending DATA #0...
Google.Solutions.Compute Verbose: 0 : SshRelayStream [TX: 0 TXA: 0 RX: 0 AQ: 0]: Sending DATA #0...
Google.Solutions.Compute Verbose: 0 : SshRelayStream [TX: 0 TXA: 0 RX: 0 AQ: 0]: Sending DATA #0...
Google.Solutions.Compute Verbose: 0 : SshRelayStream [TX: 0 TXA: 0 RX: 0 AQ: 0]: Sending DATA #0...
Google.Solutions.Compute Verbose: 0 : SshRelayStream [TX: 0 TXA: 0 RX: 0 AQ: 0]: Sending DATA #0...
Google.Solutions.Compute Verbose: 0 : SshRelayStream [TX: 0 TXA: 0 RX: 0 AQ: 0]: Sending DATA #0...
Google.Solutions.Compute Verbose: 0 : SshRelayStream [TX: 0 TXA: 0 RX: 0 AQ: 0]: Sending DATA #0...
Google.Solutions.Compute Verbose: 0 : SshRelayStream [TX: 0 TXA: 0 RX: 0 AQ: 0]: Sending DATA #0...
Google.Solutions.Compute Verbose: 0 : SshRelayStream [TX: 0 TXA: 0 RX: 0 AQ: 0]: Sending DATA #0...
Google.Solutions.Compute Verbose: 0 : SshRelayStream [TX: 0 TXA: 0 RX: 0 AQ: 0]: Sending DATA #0...
Google.Solutions.Compute Verbose: 0 : SshRelayStream [TX: 0 TXA: 0 RX: 0 AQ: 0]: Sending DATA #0...
Google.Solutions.Compute Verbose: 0 : SshRelayStream [TX: 0 TXA: 0 RX: 0 AQ: 0]: Sending DATA #0...
Google.Solutions.Compute Verbose: 0 : SshRelayStream [TX: 0 TXA: 0 RX: 0 AQ: 0]: Sending DATA #0...
Google.Solutions.Compute Verbose: 0 : SshRelayStream [TX: 0 TXA: 0 RX: 0 AQ: 0]: Sending DATA #0...
Google.Solutions.Compute Verbose: 0 : SshRelayStream [TX: 0 TXA: 0 RX: 0 AQ: 0]: Sending DATA #0...
Google.Solutions.Compute Verbose: 0 : SshRelayStream [TX: 0 TXA: 0 RX: 0 AQ: 0]: Sending DATA #0...
Google.Solutions.Compute Verbose: 0 : SshRelayStream [TX: 0 TXA: 0 RX: 0 AQ: 0]: Sending DATA #0...
Google.Solutions.Compute Verbose: 0 : SshRelayStream [TX: 0 TXA: 0 RX: 0 AQ: 0]: Sending DATA #0...
Google.Solutions.Compute Verbose: 0 : SshRelayStream [TX: 0 TXA: 0 RX: 0 AQ: 0]: Sending DATA #0...
Google.Solutions.Compute Verbose: 0 : SshRelayStream [TX: 0 TXA: 0 RX: 0 AQ: 0]: Sending DATA #0...
Google.Solutions.Compute Verbose: 0 : SshRelayStream [TX: 0 TXA: 0 RX: 0 AQ: 0]: Sending DATA #0...
Google.Solutions.Compute Verbose: 0 : SshRelayStream [TX: 0 TXA: 0 RX: 0 AQ: 0]: Sending DATA #0...
Google.Solutions.Compute Verbose: 0 : SshRelayStream [TX: 0 TXA: 0 RX: 0 AQ: 0]: Sending DATA #0...
Google.Solutions.Compute Verbose: 0 : SshRelayStream [TX: 0 TXA: 0 RX: 0 AQ: 0]: Sending DATA #0...
Google.Solutions.Compute Verbose: 0 : SshRelayStream [TX: 0 TXA: 0 RX: 0 AQ: 0]: Sending DATA #0...
Google.Solutions.Compute Verbose: 0 : SshRelayStream [TX: 0 TXA: 0 RX: 0 AQ: 0]: Sending DATA #0...
Google.Solutions.Compute Verbose: 0 : SshRelayStream [TX: 0 TXA: 0 RX: 0 AQ: 0]: Sending DATA #0...
Google.Solutions.Compute Verbose: 0 : SshRelayStream [TX: 0 TXA: 0 RX: 0 AQ: 0]: Sending DATA #0...
Google.Solutions.Compute Verbose: 0 : SshRelayStream [TX: 0 TXA: 0 RX: 0 AQ: 0]: Sending DATA #0...
Google.Solutions.Compute Verbose: 0 : SshRelayStream [TX: 0 TXA: 0 RX: 0 AQ: 0]: Sending DATA #0...
Google.Solutions.Compute Verbose: 0 : SshRelayStream [TX: 0 TXA: 0 RX: 0 AQ: 0]: Sending DATA #0...
Google.Solutions.Compute Verbose: 0 : SshRelayStream [TX: 0 TXA: 0 RX: 0 AQ: 0]: Sending DATA #0...
Google.Solutions.Compute Verbose: 0 : SshRelayStream [TX: 0 TXA: 0 RX: 0 AQ: 0]: Sending DATA #0...
Google.Solutions.Compute Verbose: 0 : SshRelayStream [TX: 0 TXA: 0 RX: 0 AQ: 0]: Sending DATA #0...
Google.Solutions.Compute Verbose: 0 : SshRelayStream [TX: 0 TXA: 0 RX: 0 AQ: 0]: Sending DATA #0...
Google.Solutions.Compute Verbose: 0 : SshRelayStream [TX: 0 TXA: 0 RX: 0 AQ: 0]: Sending DATA #0...
Google.Solutions.Compute Verbose: 0 : SshRelayStream [TX: 0 TXA: 0 RX: 0 AQ: 0]: Sending DATA #0...
Google.Solutions.Compute Verbose: 0 : SshRelayStream [TX: 0 TXA: 0 RX: 0 AQ: 0]: Sending DATA #0...
Google.Solutions.Compute Verbose: 0 : SshRelayStream [TX: 0 TXA: 0 RX: 0 AQ: 0]: NOT_AUTHORIZED
Google.Solutions.Compute Verbose: 0 : SshRelayStream [TX: 0 TXA: 0 RX: 0 AQ: 0]: NOT_AUTHORIZED
Google.Solutions.Compute Verbose: 0 : SshRelayStream [TX: 0 TXA: 0 RX: 0 AQ: 0]: NOT_AUTHORIZED
Google.Solutions.Compute Verbose: 0 : SshRelayStream [TX: 0 TXA: 0 RX: 0 AQ: 0]: NOT_AUTHORIZED
Google.Solutions.Compute Verbose: 0 : SshRelayStream [TX: 0 TXA: 0 RX: 0 AQ: 0]: NOT_AUTHORIZED
Google.Solutions.Compute Verbose: 0 : SshRelayStream [TX: 0 TXA: 0 RX: 0 AQ: 0]: NOT_AUTHORIZED
Google.Solutions.Compute Verbose: 0 : SshRelayStream [TX: 0 TXA: 0 RX: 0 AQ: 0]: NOT_AUTHORIZED
Google.Solutions.Compute Verbose: 0 : SshRelayStream [TX: 0 TXA: 0 RX: 0 AQ: 0]: NOT_AUTHORIZED
Google.Solutions.Compute Verbose: 0 : SshRelayStream [TX: 0 TXA: 0 RX: 0 AQ: 0]: NOT_AUTHORIZED
Google.Solutions.Compute Verbose: 0 : SshRelayStream [TX: 0 TXA: 0 RX: 0 AQ: 0]: NOT_AUTHORIZED
Google.Solutions.Compute Verbose: 0 : SshRelayStream [TX: 0 TXA: 0 RX: 0 AQ: 0]: NOT_AUTHORIZED
Google.Solutions.Compute Verbose: 0 : SshRelayStream [TX: 0 TXA: 0 RX: 0 AQ: 0]: NOT_AUTHORIZED
Google.Solutions.Compute Verbose: 0 : SshRelayStream [TX: 0 TXA: 0 RX: 0 AQ: 0]: NOT_AUTHORIZED
Google.Solutions.Compute Verbose: 0 : SshRelayStream [TX: 0 TXA: 0 RX: 0 AQ: 0]: NOT_AUTHORIZED
Google.Solutions.Compute Verbose: 0 : SshRelayStream [TX: 0 TXA: 0 RX: 0 AQ: 0]: NOT_AUTHORIZED
Google.Solutions.Compute Verbose: 0 : SshRelayStream [TX: 0 TXA: 0 RX: 0 AQ: 0]: NOT_AUTHORIZED
Google.Solutions.Compute Verbose: 0 : SshRelayStream [TX: 0 TXA: 0 RX: 0 AQ: 0]: NOT_AUTHORIZED
Google.Solutions.Compute Verbose: 0 : SshRelayStream [TX: 0 TXA: 0 RX: 0 AQ: 0]: NOT_AUTHORIZED
Google.Solutions.Compute Verbose: 0 : SshRelayStream [TX: 0 TXA: 0 RX: 0 AQ: 0]: NOT_AUTHORIZED
Google.Solutions.Compute Verbose: 0 : SshRelayStream [TX: 0 TXA: 0 RX: 0 AQ: 0]: NOT_AUTHORIZED
Google.Solutions.Compute Verbose: 0 : SshRelayStream [TX: 0 TXA: 0 RX: 0 AQ: 0]: NOT_AUTHORIZED
Google.Solutions.Compute Verbose: 0 : SshRelayStream [TX: 0 TXA: 0 RX: 0 AQ: 0]: NOT_AUTHORIZED
Google.Solutions.Compute Verbose: 0 : SshRelayStream [TX: 0 TXA: 0 RX: 0 AQ: 0]: NOT_AUTHORIZED
Google.Solutions.Compute Verbose: 0 : SshRelayStream [TX: 0 TXA: 0 RX: 0 AQ: 0]: NOT_AUTHORIZED
Google.Solutions.Compute Verbose: 0 : SshRelayStream [TX: 0 TXA: 0 RX: 0 AQ: 0]: NOT_AUTHORIZED
Google.Solutions.Compute Verbose: 0 : SshRelayStream [TX: 0 TXA: 0 RX: 0 AQ: 0]: NOT_AUTHORIZED
Google.Solutions.Compute Verbose: 0 : SshRelayStream [TX: 0 TXA: 0 RX: 0 AQ: 0]: NOT_AUTHORIZED
Google.Solutions.Compute Verbose: 0 : SshRelayStream [TX: 0 TXA: 0 RX: 0 AQ: 0]: NOT_AUTHORIZED
Google.Solutions.Compute Verbose: 0 : SshRelayStream [TX: 0 TXA: 0 RX: 0 AQ: 0]: NOT_AUTHORIZED
Google.Solutions.Compute Verbose: 0 : SshRelayStream [TX: 0 TXA: 0 RX: 0 AQ: 0]: NOT_AUTHORIZED
Google.Solutions.Compute Verbose: 0 : SshRelayStream [TX: 0 TXA: 0 RX: 0 AQ: 0]: NOT_AUTHORIZED
Google.Solutions.Compute Verbose: 0 : SshRelayStream [TX: 0 TXA: 0 RX: 0 AQ: 0]: NOT_AUTHORIZED
Google.Solutions.Compute Verbose: 0 : SshRelayStream [TX: 0 TXA: 0 RX: 0 AQ: 0]: NOT_AUTHORIZED
Google.Solutions.Compute Verbose: 0 : SshRelayStream [TX: 0 TXA: 0 RX: 0 AQ: 0]: NOT_AUTHORIZED
Google.Solutions.Compute Verbose: 0 : SshRelayStream [TX: 0 TXA: 0 RX: 0 AQ: 0]: NOT_AUTHORIZED
Google.Solutions.Compute Verbose: 0 : SshRelayStream [TX: 0 TXA: 0 RX: 0 AQ: 0]: NOT_AUTHORIZED
Google.Solutions.Compute Verbose: 0 : SshRelayStream [TX: 0 TXA: 0 RX: 0 AQ: 0]: NOT_AUTHORIZED
Google.Solutions.Compute Verbose: 0 : SshRelayStream [TX: 0 TXA: 0 RX: 0 AQ: 0]: NOT_AUTHORIZED
Google.Solutions.Compute Verbose: 0 : SshRelayStream [TX: 0 TXA: 0 RX: 0 AQ: 0]: NOT_AUTHORIZED
Google.Solutions.Compute Verbose: 0 : SshRelayStream [TX: 0 TXA: 0 RX: 0 AQ: 0]: NOT_AUTHORIZED
Google.Solutions.Compute Verbose: 0 : SshRelayStream [TX: 0 TXA: 0 RX: 0 AQ: 0]: NOT_AUTHORIZED
Google.Solutions.Compute Verbose: 0 : SshRelayStream [TX: 0 TXA: 0 RX: 0 AQ: 0]: NOT_AUTHORIZED
Google.Solutions.Compute Verbose: 0 : SshRelayStream [TX: 0 TXA: 0 RX: 0 AQ: 0]: NOT_AUTHORIZED
Google.Solutions.Compute Verbose: 0 : SshRelayStream [TX: 0 TXA: 0 RX: 0 AQ: 0]: NOT_AUTHORIZED
Google.Solutions.Compute Verbose: 0 : SshRelayStream [TX: 0 TXA: 0 RX: 0 AQ: 0]: NOT_AUTHORIZED
</system-out></testcase><testcase name="WriteAfterClientCloseCausesException" assertions="2" time="0.001925" status="Passed" classname="Google.Solutions.Compute.Test.Iap.TestSshRelayStreamWriting"><system-out>Google.Solutions.Compute Verbose: 0 : SshRelayStream [TX: 0 TXA: 0 RX: 0 AQ: 0]: Connecting...
Google.Solutions.Compute Verbose: 0 : SshRelayStream [TX: 0 TXA: 0 RX: 0 AQ: 0]: Connecting...
Google.Solutions.Compute Verbose: 0 : SshRelayStream [TX: 0 TXA: 0 RX: 0 AQ: 0]: Connecting...
Google.Solutions.Compute Verbose: 0 : SshRelayStream [TX: 0 TXA: 0 RX: 0 AQ: 0]: Connecting...
Google.Solutions.Compute Verbose: 0 : SshRelayStream [TX: 0 TXA: 0 RX: 0 AQ: 0]: Connecting...
Google.Solutions.Compute Verbose: 0 : SshRelayStream [TX: 0 TXA: 0 RX: 0 AQ: 0]: Connecting...
Google.Solutions.Compute Verbose: 0 : SshRelayStream [TX: 0 TXA: 0 RX: 0 AQ: 0]: Connecting...
Google.Solutions.Compute Verbose: 0 : SshRelayStream [TX: 0 TXA: 0 RX: 0 AQ: 0]: Connecting...
Google.Solutions.Compute Verbose: 0 : SshRelayStream [TX: 0 TXA: 0 RX: 0 AQ: 0]: Connecting...
Google.Solutions.Compute Verbose: 0 : SshRelayStream [TX: 0 TXA: 0 RX: 0 AQ: 0]: Connecting...
Google.Solutions.Compute Verbose: 0 : SshRelayStream [TX: 0 TXA: 0 RX: 0 AQ: 0]: Connecting...
Google.Solutions.Compute Verbose: 0 : SshRelayStream [TX: 0 TXA: 0 RX: 0 AQ: 0]: Connecting...
Google.Solutions.Compute Verbose: 0 : SshRelayStream [TX: 0 TXA: 0 RX: 0 AQ: 0]: Connecting...
Google.Solutions.Compute Verbose: 0 : SshRelayStream [TX: 0 TXA: 0 RX: 0 AQ: 0]: Connecting...
Google.Solutions.Compute Verbose: 0 : SshRelayStream [TX: 0 TXA: 0 RX: 0 AQ: 0]: Connecting...
Google.Solutions.Compute Verbose: 0 : SshRelayStream [TX: 0 TXA: 0 RX: 0 AQ: 0]: Connecting...
Google.Solutions.Compute Verbose: 0 : SshRelayStream [TX: 0 TXA: 0 RX: 0 AQ: 0]: Connecting...
Google.Solutions.Compute Verbose: 0 : SshRelayStream [TX: 0 TXA: 0 RX: 0 AQ: 0]: Connecting...
Google.Solutions.Compute Verbose: 0 : SshRelayStream [TX: 0 TXA: 0 RX: 0 AQ: 0]: Connecting...
Google.Solutions.Compute Verbose: 0 : SshRelayStream [TX: 0 TXA: 0 RX: 0 AQ: 0]: Connecting...
Google.Solutions.Compute Verbose: 0 : SshRelayStream [TX: 0 TXA: 0 RX: 0 AQ: 0]: Connecting...
Google.Solutions.Compute Verbose: 0 : SshRelayStream [TX: 0 TXA: 0 RX: 0 AQ: 0]: Connecting...
Google.Solutions.Compute Verbose: 0 : SshRelayStream [TX: 0 TXA: 0 RX: 0 AQ: 0]: Connecting...
Google.Solutions.Compute Verbose: 0 : SshRelayStream [TX: 0 TXA: 0 RX: 0 AQ: 0]: Connecting...
Google.Solutions.Compute Verbose: 0 : SshRelayStream [TX: 0 TXA: 0 RX: 0 AQ: 0]: Connecting...
Google.Solutions.Compute Verbose: 0 : SshRelayStream [TX: 0 TXA: 0 RX: 0 AQ: 0]: Connecting...
Google.Solutions.Compute Verbose: 0 : SshRelayStream [TX: 0 TXA: 0 RX: 0 AQ: 0]: Connecting...
Google.Solutions.Compute Verbose: 0 : SshRelayStream [TX: 0 TXA: 0 RX: 0 AQ: 0]: Connecting...
Google.Solutions.Compute Verbose: 0 : SshRelayStream [TX: 0 TXA: 0 RX: 0 AQ: 0]: Connecting...
Google.Solutions.Compute Verbose: 0 : SshRelayStream [TX: 0 TXA: 0 RX: 0 AQ: 0]: Connecting...
Google.Solutions.Compute Verbose: 0 : SshRelayStream [TX: 0 TXA: 0 RX: 0 AQ: 0]: Connecting...
Google.Solutions.Compute Verbose: 0 : SshRelayStream [TX: 0 TXA: 0 RX: 0 AQ: 0]: Connecting...
Google.Solutions.Compute Verbose: 0 : SshRelayStream [TX: 0 TXA: 0 RX: 0 AQ: 0]: Connecting...
Google.Solutions.Compute Verbose: 0 : SshRelayStream [TX: 0 TXA: 0 RX: 0 AQ: 0]: Connecting...
Google.Solutions.Compute Verbose: 0 : SshRelayStream [TX: 0 TXA: 0 RX: 0 AQ: 0]: Connecting...
Google.Solutions.Compute Verbose: 0 : SshRelayStream [TX: 0 TXA: 0 RX: 0 AQ: 0]: Connecting...
Google.Solutions.Compute Verbose: 0 : SshRelayStream [TX: 0 TXA: 0 RX: 0 AQ: 0]: Connecting...
Google.Solutions.Compute Verbose: 0 : SshRelayStream [TX: 0 TXA: 0 RX: 0 AQ: 0]: Connecting...
Google.Solutions.Compute Verbose: 0 : SshRelayStream [TX: 0 TXA: 0 RX: 0 AQ: 0]: Connecting...
Google.Solutions.Compute Verbose: 0 : SshRelayStream [TX: 0 TXA: 0 RX: 0 AQ: 0]: Connecting...
Google.Solutions.Compute Verbose: 0 : SshRelayStream [TX: 0 TXA: 0 RX: 0 AQ: 0]: Connecting...
Google.Solutions.Compute Verbose: 0 : SshRelayStream [TX: 0 TXA: 0 RX: 0 AQ: 0]: Connecting...
Google.Solutions.Compute Verbose: 0 : SshRelayStream [TX: 0 TXA: 0 RX: 0 AQ: 0]: Connecting...
Google.Solutions.Compute Verbose: 0 : SshRelayStream [TX: 0 TXA: 0 RX: 0 AQ: 0]: Connecting...
Google.Solutions.Compute Verbose: 0 : SshRelayStream [TX: 0 TXA: 0 RX: 0 AQ: 0]: Connecting...
Google.Solutions.Compute Verbose: 0 : SshRelayStream [TX: 0 TXA: 0 RX: 0 AQ: 0]: Connecting...
Google.Solutions.Compute Verbose: 0 : SshRelayStream [TX: 0 TXA: 0 RX: 0 AQ: 0]: Sending DATA #0...
Google.Solutions.Compute Verbose: 0 : SshRelayStream [TX: 0 TXA: 0 RX: 0 AQ: 0]: Sending DATA #0...
Google.Solutions.Compute Verbose: 0 : SshRelayStream [TX: 0 TXA: 0 RX: 0 AQ: 0]: Sending DATA #0...
Google.Solutions.Compute Verbose: 0 : SshRelayStream [TX: 0 TXA: 0 RX: 0 AQ: 0]: Sending DATA #0...
Google.Solutions.Compute Verbose: 0 : SshRelayStream [TX: 0 TXA: 0 RX: 0 AQ: 0]: Sending DATA #0...
Google.Solutions.Compute Verbose: 0 : SshRelayStream [TX: 0 TXA: 0 RX: 0 AQ: 0]: Sending DATA #0...
Google.Solutions.Compute Verbose: 0 : SshRelayStream [TX: 0 TXA: 0 RX: 0 AQ: 0]: Sending DATA #0...
Google.Solutions.Compute Verbose: 0 : SshRelayStream [TX: 0 TXA: 0 RX: 0 AQ: 0]: Sending DATA #0...
Google.Solutions.Compute Verbose: 0 : SshRelayStream [TX: 0 TXA: 0 RX: 0 AQ: 0]: Sending DATA #0...
Google.Solutions.Compute Verbose: 0 : SshRelayStream [TX: 0 TXA: 0 RX: 0 AQ: 0]: Sending DATA #0...
Google.Solutions.Compute Verbose: 0 : SshRelayStream [TX: 0 TXA: 0 RX: 0 AQ: 0]: Sending DATA #0...
Google.Solutions.Compute Verbose: 0 : SshRelayStream [TX: 0 TXA: 0 RX: 0 AQ: 0]: Sending DATA #0...
Google.Solutions.Compute Verbose: 0 : SshRelayStream [TX: 0 TXA: 0 RX: 0 AQ: 0]: Sending DATA #0...
Google.Solutions.Compute Verbose: 0 : SshRelayStream [TX: 0 TXA: 0 RX: 0 AQ: 0]: Sending DATA #0...
Google.Solutions.Compute Verbose: 0 : SshRelayStream [TX: 0 TXA: 0 RX: 0 AQ: 0]: Sending DATA #0...
Google.Solutions.Compute Verbose: 0 : SshRelayStream [TX: 0 TXA: 0 RX: 0 AQ: 0]: Sending DATA #0...
Google.Solutions.Compute Verbose: 0 : SshRelayStream [TX: 0 TXA: 0 RX: 0 AQ: 0]: Sending DATA #0...
Google.Solutions.Compute Verbose: 0 : SshRelayStream [TX: 0 TXA: 0 RX: 0 AQ: 0]: Sending DATA #0...
Google.Solutions.Compute Verbose: 0 : SshRelayStream [TX: 0 TXA: 0 RX: 0 AQ: 0]: Sending DATA #0...
Google.Solutions.Compute Verbose: 0 : SshRelayStream [TX: 0 TXA: 0 RX: 0 AQ: 0]: Sending DATA #0...
Google.Solutions.Compute Verbose: 0 : SshRelayStream [TX: 0 TXA: 0 RX: 0 AQ: 0]: Sending DATA #0...
Google.Solutions.Compute Verbose: 0 : SshRelayStream [TX: 0 TXA: 0 RX: 0 AQ: 0]: Sending DATA #0...
Google.Solutions.Compute Verbose: 0 : SshRelayStream [TX: 0 TXA: 0 RX: 0 AQ: 0]: Sending DATA #0...
Google.Solutions.Compute Verbose: 0 : SshRelayStream [TX: 0 TXA: 0 RX: 0 AQ: 0]: Sending DATA #0...
Google.Solutions.Compute Verbose: 0 : SshRelayStream [TX: 0 TXA: 0 RX: 0 AQ: 0]: Sending DATA #0...
Google.Solutions.Compute Verbose: 0 : SshRelayStream [TX: 0 TXA: 0 RX: 0 AQ: 0]: Sending DATA #0...
Google.Solutions.Compute Verbose: 0 : SshRelayStream [TX: 0 TXA: 0 RX: 0 AQ: 0]: Sending DATA #0...
Google.Solutions.Compute Verbose: 0 : SshRelayStream [TX: 0 TXA: 0 RX: 0 AQ: 0]: Sending DATA #0...
Google.Solutions.Compute Verbose: 0 : SshRelayStream [TX: 0 TXA: 0 RX: 0 AQ: 0]: Sending DATA #0...
Google.Solutions.Compute Verbose: 0 : SshRelayStream [TX: 0 TXA: 0 RX: 0 AQ: 0]: Sending DATA #0...
Google.Solutions.Compute Verbose: 0 : SshRelayStream [TX: 0 TXA: 0 RX: 0 AQ: 0]: Sending DATA #0...
Google.Solutions.Compute Verbose: 0 : SshRelayStream [TX: 0 TXA: 0 RX: 0 AQ: 0]: Sending DATA #0...
Google.Solutions.Compute Verbose: 0 : SshRelayStream [TX: 0 TXA: 0 RX: 0 AQ: 0]: Sending DATA #0...
Google.Solutions.Compute Verbose: 0 : SshRelayStream [TX: 0 TXA: 0 RX: 0 AQ: 0]: Sending DATA #0...
Google.Solutions.Compute Verbose: 0 : SshRelayStream [TX: 0 TXA: 0 RX: 0 AQ: 0]: Sending DATA #0...
Google.Solutions.Compute Verbose: 0 : SshRelayStream [TX: 0 TXA: 0 RX: 0 AQ: 0]: Sending DATA #0...
Google.Solutions.Compute Verbose: 0 : SshRelayStream [TX: 0 TXA: 0 RX: 0 AQ: 0]: Sending DATA #0...
Google.Solutions.Compute Verbose: 0 : SshRelayStream [TX: 0 TXA: 0 RX: 0 AQ: 0]: Sending DATA #0...
Google.Solutions.Compute Verbose: 0 : SshRelayStream [TX: 0 TXA: 0 RX: 0 AQ: 0]: Sending DATA #0...
Google.Solutions.Compute Verbose: 0 : SshRelayStream [TX: 0 TXA: 0 RX: 0 AQ: 0]: Sending DATA #0...
Google.Solutions.Compute Verbose: 0 : SshRelayStream [TX: 0 TXA: 0 RX: 0 AQ: 0]: Sending DATA #0...
Google.Solutions.Compute Verbose: 0 : SshRelayStream [TX: 0 TXA: 0 RX: 0 AQ: 0]: Sending DATA #0...
Google.Solutions.Compute Verbose: 0 : SshRelayStream [TX: 0 TXA: 0 RX: 0 AQ: 0]: Sending DATA #0...
Google.Solutions.Compute Verbose: 0 : SshRelayStream [TX: 0 TXA: 0 RX: 0 AQ: 0]: Sending DATA #0...
Google.Solutions.Compute Verbose: 0 : SshRelayStream [TX: 0 TXA: 0 RX: 0 AQ: 0]: Sending DATA #0...
Google.Solutions.Compute Verbose: 0 : SshRelayStream [TX: 0 TXA: 0 RX: 0 AQ: 0]: Sending DATA #0...
Google.Solutions.Compute Verbose: 0 : SshRelayStream [TX: 1 TXA: 0 RX: 0 AQ: 1]: Disonnected.
Google.Solutions.Compute Verbose: 0 : SshRelayStream [TX: 1 TXA: 0 RX: 0 AQ: 1]: Disonnected.
Google.Solutions.Compute Verbose: 0 : SshRelayStream [TX: 1 TXA: 0 RX: 0 AQ: 1]: Disonnected.
Google.Solutions.Compute Verbose: 0 : SshRelayStream [TX: 1 TXA: 0 RX: 0 AQ: 1]: Disonnected.
Google.Solutions.Compute Verbose: 0 : SshRelayStream [TX: 1 TXA: 0 RX: 0 AQ: 1]: Disonnected.
Google.Solutions.Compute Verbose: 0 : SshRelayStream [TX: 1 TXA: 0 RX: 0 AQ: 1]: Disonnected.
Google.Solutions.Compute Verbose: 0 : SshRelayStream [TX: 1 TXA: 0 RX: 0 AQ: 1]: Disonnected.
Google.Solutions.Compute Verbose: 0 : SshRelayStream [TX: 1 TXA: 0 RX: 0 AQ: 1]: Disonnected.
Google.Solutions.Compute Verbose: 0 : SshRelayStream [TX: 1 TXA: 0 RX: 0 AQ: 1]: Disonnected.
Google.Solutions.Compute Verbose: 0 : SshRelayStream [TX: 1 TXA: 0 RX: 0 AQ: 1]: Disonnected.
Google.Solutions.Compute Verbose: 0 : SshRelayStream [TX: 1 TXA: 0 RX: 0 AQ: 1]: Disonnected.
Google.Solutions.Compute Verbose: 0 : SshRelayStream [TX: 1 TXA: 0 RX: 0 AQ: 1]: Disonnected.
Google.Solutions.Compute Verbose: 0 : SshRelayStream [TX: 1 TXA: 0 RX: 0 AQ: 1]: Disonnected.
Google.Solutions.Compute Verbose: 0 : SshRelayStream [TX: 1 TXA: 0 RX: 0 AQ: 1]: Disonnected.
Google.Solutions.Compute Verbose: 0 : SshRelayStream [TX: 1 TXA: 0 RX: 0 AQ: 1]: Disonnected.
Google.Solutions.Compute Verbose: 0 : SshRelayStream [TX: 1 TXA: 0 RX: 0 AQ: 1]: Disonnected.
Google.Solutions.Compute Verbose: 0 : SshRelayStream [TX: 1 TXA: 0 RX: 0 AQ: 1]: Disonnected.
Google.Solutions.Compute Verbose: 0 : SshRelayStream [TX: 1 TXA: 0 RX: 0 AQ: 1]: Disonnected.
Google.Solutions.Compute Verbose: 0 : SshRelayStream [TX: 1 TXA: 0 RX: 0 AQ: 1]: Disonnected.
Google.Solutions.Compute Verbose: 0 : SshRelayStream [TX: 1 TXA: 0 RX: 0 AQ: 1]: Disonnected.
Google.Solutions.Compute Verbose: 0 : SshRelayStream [TX: 1 TXA: 0 RX: 0 AQ: 1]: Disonnected.
Google.Solutions.Compute Verbose: 0 : SshRelayStream [TX: 1 TXA: 0 RX: 0 AQ: 1]: Disonnected.
Google.Solutions.Compute Verbose: 0 : SshRelayStream [TX: 1 TXA: 0 RX: 0 AQ: 1]: Disonnected.
Google.Solutions.Compute Verbose: 0 : SshRelayStream [TX: 1 TXA: 0 RX: 0 AQ: 1]: Disonnected.
Google.Solutions.Compute Verbose: 0 : SshRelayStream [TX: 1 TXA: 0 RX: 0 AQ: 1]: Disonnected.
Google.Solutions.Compute Verbose: 0 : SshRelayStream [TX: 1 TXA: 0 RX: 0 AQ: 1]: Disonnected.
Google.Solutions.Compute Verbose: 0 : SshRelayStream [TX: 1 TXA: 0 RX: 0 AQ: 1]: Disonnected.
Google.Solutions.Compute Verbose: 0 : SshRelayStream [TX: 1 TXA: 0 RX: 0 AQ: 1]: Disonnected.
Google.Solutions.Compute Verbose: 0 : SshRelayStream [TX: 1 TXA: 0 RX: 0 AQ: 1]: Disonnected.
Google.Solutions.Compute Verbose: 0 : SshRelayStream [TX: 1 TXA: 0 RX: 0 AQ: 1]: Disonnected.
Google.Solutions.Compute Verbose: 0 : SshRelayStream [TX: 1 TXA: 0 RX: 0 AQ: 1]: Disonnected.
Google.Solutions.Compute Verbose: 0 : SshRelayStream [TX: 1 TXA: 0 RX: 0 AQ: 1]: Disonnected.
Google.Solutions.Compute Verbose: 0 : SshRelayStream [TX: 1 TXA: 0 RX: 0 AQ: 1]: Disonnected.
Google.Solutions.Compute Verbose: 0 : SshRelayStream [TX: 1 TXA: 0 RX: 0 AQ: 1]: Disonnected.
Google.Solutions.Compute Verbose: 0 : SshRelayStream [TX: 1 TXA: 0 RX: 0 AQ: 1]: Disonnected.
Google.Solutions.Compute Verbose: 0 : SshRelayStream [TX: 1 TXA: 0 RX: 0 AQ: 1]: Disonnected.
Google.Solutions.Compute Verbose: 0 : SshRelayStream [TX: 1 TXA: 0 RX: 0 AQ: 1]: Disonnected.
Google.Solutions.Compute Verbose: 0 : SshRelayStream [TX: 1 TXA: 0 RX: 0 AQ: 1]: Disonnected.
Google.Solutions.Compute Verbose: 0 : SshRelayStream [TX: 1 TXA: 0 RX: 0 AQ: 1]: Disonnected.
Google.Solutions.Compute Verbose: 0 : SshRelayStream [TX: 1 TXA: 0 RX: 0 AQ: 1]: Disonnected.
Google.Solutions.Compute Verbose: 0 : SshRelayStream [TX: 1 TXA: 0 RX: 0 AQ: 1]: Disonnected.
Google.Solutions.Compute Verbose: 0 : SshRelayStream [TX: 1 TXA: 0 RX: 0 AQ: 1]: Disonnected.
Google.Solutions.Compute Verbose: 0 : SshRelayStream [TX: 1 TXA: 0 RX: 0 AQ: 1]: Disonnected.
Google.Solutions.Compute Verbose: 0 : SshRelayStream [TX: 1 TXA: 0 RX: 0 AQ: 1]: Disonnected.
Google.Solutions.Compute Verbose: 0 : SshRelayStream [TX: 1 TXA: 0 RX: 0 AQ: 1]: Disonnected.
Google.Solutions.Compute Verbose: 0 : SshRelayStream [TX: 1 TXA: 0 RX: 0 AQ: 1]: Disonnected.
</system-out></testcase><testcase name="WriteAfterDestinationWriteFailCausesException" assertions="2" time="0.001775" status="Passed" classname="Google.Solutions.Compute.Test.Iap.TestSshRelayStreamWriting"><system-out>Google.Solutions.Compute Verbose: 0 : SshRelayStream [TX: 0 TXA: 0 RX: 0 AQ: 0]: Connecting...
Google.Solutions.Compute Verbose: 0 : SshRelayStream [TX: 0 TXA: 0 RX: 0 AQ: 0]: Connecting...
Google.Solutions.Compute Verbose: 0 : SshRelayStream [TX: 0 TXA: 0 RX: 0 AQ: 0]: Connecting...
Google.Solutions.Compute Verbose: 0 : SshRelayStream [TX: 0 TXA: 0 RX: 0 AQ: 0]: Connecting...
Google.Solutions.Compute Verbose: 0 : SshRelayStream [TX: 0 TXA: 0 RX: 0 AQ: 0]: Connecting...
Google.Solutions.Compute Verbose: 0 : SshRelayStream [TX: 0 TXA: 0 RX: 0 AQ: 0]: Connecting...
Google.Solutions.Compute Verbose: 0 : SshRelayStream [TX: 0 TXA: 0 RX: 0 AQ: 0]: Connecting...
Google.Solutions.Compute Verbose: 0 : SshRelayStream [TX: 0 TXA: 0 RX: 0 AQ: 0]: Connecting...
Google.Solutions.Compute Verbose: 0 : SshRelayStream [TX: 0 TXA: 0 RX: 0 AQ: 0]: Connecting...
Google.Solutions.Compute Verbose: 0 : SshRelayStream [TX: 0 TXA: 0 RX: 0 AQ: 0]: Connecting...
Google.Solutions.Compute Verbose: 0 : SshRelayStream [TX: 0 TXA: 0 RX: 0 AQ: 0]: Connecting...
Google.Solutions.Compute Verbose: 0 : SshRelayStream [TX: 0 TXA: 0 RX: 0 AQ: 0]: Connecting...
Google.Solutions.Compute Verbose: 0 : SshRelayStream [TX: 0 TXA: 0 RX: 0 AQ: 0]: Connecting...
Google.Solutions.Compute Verbose: 0 : SshRelayStream [TX: 0 TXA: 0 RX: 0 AQ: 0]: Connecting...
Google.Solutions.Compute Verbose: 0 : SshRelayStream [TX: 0 TXA: 0 RX: 0 AQ: 0]: Connecting...
Google.Solutions.Compute Verbose: 0 : SshRelayStream [TX: 0 TXA: 0 RX: 0 AQ: 0]: Connecting...
Google.Solutions.Compute Verbose: 0 : SshRelayStream [TX: 0 TXA: 0 RX: 0 AQ: 0]: Connecting...
Google.Solutions.Compute Verbose: 0 : SshRelayStream [TX: 0 TXA: 0 RX: 0 AQ: 0]: Connecting...
Google.Solutions.Compute Verbose: 0 : SshRelayStream [TX: 0 TXA: 0 RX: 0 AQ: 0]: Connecting...
Google.Solutions.Compute Verbose: 0 : SshRelayStream [TX: 0 TXA: 0 RX: 0 AQ: 0]: Connecting...
Google.Solutions.Compute Verbose: 0 : SshRelayStream [TX: 0 TXA: 0 RX: 0 AQ: 0]: Connecting...
Google.Solutions.Compute Verbose: 0 : SshRelayStream [TX: 0 TXA: 0 RX: 0 AQ: 0]: Connecting...
Google.Solutions.Compute Verbose: 0 : SshRelayStream [TX: 0 TXA: 0 RX: 0 AQ: 0]: Connecting...
Google.Solutions.Compute Verbose: 0 : SshRelayStream [TX: 0 TXA: 0 RX: 0 AQ: 0]: Connecting...
Google.Solutions.Compute Verbose: 0 : SshRelayStream [TX: 0 TXA: 0 RX: 0 AQ: 0]: Connecting...
Google.Solutions.Compute Verbose: 0 : SshRelayStream [TX: 0 TXA: 0 RX: 0 AQ: 0]: Connecting...
Google.Solutions.Compute Verbose: 0 : SshRelayStream [TX: 0 TXA: 0 RX: 0 AQ: 0]: Connecting...
Google.Solutions.Compute Verbose: 0 : SshRelayStream [TX: 0 TXA: 0 RX: 0 AQ: 0]: Connecting...
Google.Solutions.Compute Verbose: 0 : SshRelayStream [TX: 0 TXA: 0 RX: 0 AQ: 0]: Connecting...
Google.Solutions.Compute Verbose: 0 : SshRelayStream [TX: 0 TXA: 0 RX: 0 AQ: 0]: Connecting...
Google.Solutions.Compute Verbose: 0 : SshRelayStream [TX: 0 TXA: 0 RX: 0 AQ: 0]: Connecting...
Google.Solutions.Compute Verbose: 0 : SshRelayStream [TX: 0 TXA: 0 RX: 0 AQ: 0]: Connecting...
Google.Solutions.Compute Verbose: 0 : SshRelayStream [TX: 0 TXA: 0 RX: 0 AQ: 0]: Connecting...
Google.Solutions.Compute Verbose: 0 : SshRelayStream [TX: 0 TXA: 0 RX: 0 AQ: 0]: Connecting...
Google.Solutions.Compute Verbose: 0 : SshRelayStream [TX: 0 TXA: 0 RX: 0 AQ: 0]: Connecting...
Google.Solutions.Compute Verbose: 0 : SshRelayStream [TX: 0 TXA: 0 RX: 0 AQ: 0]: Connecting...
Google.Solutions.Compute Verbose: 0 : SshRelayStream [TX: 0 TXA: 0 RX: 0 AQ: 0]: Connecting...
Google.Solutions.Compute Verbose: 0 : SshRelayStream [TX: 0 TXA: 0 RX: 0 AQ: 0]: Connecting...
Google.Solutions.Compute Verbose: 0 : SshRelayStream [TX: 0 TXA: 0 RX: 0 AQ: 0]: Connecting...
Google.Solutions.Compute Verbose: 0 : SshRelayStream [TX: 0 TXA: 0 RX: 0 AQ: 0]: Connecting...
Google.Solutions.Compute Verbose: 0 : SshRelayStream [TX: 0 TXA: 0 RX: 0 AQ: 0]: Connecting...
Google.Solutions.Compute Verbose: 0 : SshRelayStream [TX: 0 TXA: 0 RX: 0 AQ: 0]: Connecting...
Google.Solutions.Compute Verbose: 0 : SshRelayStream [TX: 0 TXA: 0 RX: 0 AQ: 0]: Connecting...
Google.Solutions.Compute Verbose: 0 : SshRelayStream [TX: 0 TXA: 0 RX: 0 AQ: 0]: Connecting...
Google.Solutions.Compute Verbose: 0 : SshRelayStream [TX: 0 TXA: 0 RX: 0 AQ: 0]: Connecting...
Google.Solutions.Compute Verbose: 0 : SshRelayStream [TX: 0 TXA: 0 RX: 0 AQ: 0]: Connecting...
Google.Solutions.Compute Verbose: 0 : SshRelayStream [TX: 0 TXA: 0 RX: 0 AQ: 0]: Connecting...
Google.Solutions.Compute Verbose: 0 : SshRelayStream [TX: 0 TXA: 0 RX: 0 AQ: 0]: Sending DATA #0...
Google.Solutions.Compute Verbose: 0 : SshRelayStream [TX: 0 TXA: 0 RX: 0 AQ: 0]: Sending DATA #0...
Google.Solutions.Compute Verbose: 0 : SshRelayStream [TX: 0 TXA: 0 RX: 0 AQ: 0]: Sending DATA #0...
Google.Solutions.Compute Verbose: 0 : SshRelayStream [TX: 0 TXA: 0 RX: 0 AQ: 0]: Sending DATA #0...
Google.Solutions.Compute Verbose: 0 : SshRelayStream [TX: 0 TXA: 0 RX: 0 AQ: 0]: Sending DATA #0...
Google.Solutions.Compute Verbose: 0 : SshRelayStream [TX: 0 TXA: 0 RX: 0 AQ: 0]: Sending DATA #0...
Google.Solutions.Compute Verbose: 0 : SshRelayStream [TX: 0 TXA: 0 RX: 0 AQ: 0]: Sending DATA #0...
Google.Solutions.Compute Verbose: 0 : SshRelayStream [TX: 0 TXA: 0 RX: 0 AQ: 0]: Sending DATA #0...
Google.Solutions.Compute Verbose: 0 : SshRelayStream [TX: 0 TXA: 0 RX: 0 AQ: 0]: Sending DATA #0...
Google.Solutions.Compute Verbose: 0 : SshRelayStream [TX: 0 TXA: 0 RX: 0 AQ: 0]: Sending DATA #0...
Google.Solutions.Compute Verbose: 0 : SshRelayStream [TX: 0 TXA: 0 RX: 0 AQ: 0]: Sending DATA #0...
Google.Solutions.Compute Verbose: 0 : SshRelayStream [TX: 0 TXA: 0 RX: 0 AQ: 0]: Sending DATA #0...
Google.Solutions.Compute Verbose: 0 : SshRelayStream [TX: 0 TXA: 0 RX: 0 AQ: 0]: Sending DATA #0...
Google.Solutions.Compute Verbose: 0 : SshRelayStream [TX: 0 TXA: 0 RX: 0 AQ: 0]: Sending DATA #0...
Google.Solutions.Compute Verbose: 0 : SshRelayStream [TX: 0 TXA: 0 RX: 0 AQ: 0]: Sending DATA #0...
Google.Solutions.Compute Verbose: 0 : SshRelayStream [TX: 0 TXA: 0 RX: 0 AQ: 0]: Sending DATA #0...
Google.Solutions.Compute Verbose: 0 : SshRelayStream [TX: 0 TXA: 0 RX: 0 AQ: 0]: Sending DATA #0...
Google.Solutions.Compute Verbose: 0 : SshRelayStream [TX: 0 TXA: 0 RX: 0 AQ: 0]: Sending DATA #0...
Google.Solutions.Compute Verbose: 0 : SshRelayStream [TX: 0 TXA: 0 RX: 0 AQ: 0]: Sending DATA #0...
Google.Solutions.Compute Verbose: 0 : SshRelayStream [TX: 0 TXA: 0 RX: 0 AQ: 0]: Sending DATA #0...
Google.Solutions.Compute Verbose: 0 : SshRelayStream [TX: 0 TXA: 0 RX: 0 AQ: 0]: Sending DATA #0...
Google.Solutions.Compute Verbose: 0 : SshRelayStream [TX: 0 TXA: 0 RX: 0 AQ: 0]: Sending DATA #0...
Google.Solutions.Compute Verbose: 0 : SshRelayStream [TX: 0 TXA: 0 RX: 0 AQ: 0]: Sending DATA #0...
Google.Solutions.Compute Verbose: 0 : SshRelayStream [TX: 0 TXA: 0 RX: 0 AQ: 0]: Sending DATA #0...
Google.Solutions.Compute Verbose: 0 : SshRelayStream [TX: 0 TXA: 0 RX: 0 AQ: 0]: Sending DATA #0...
Google.Solutions.Compute Verbose: 0 : SshRelayStream [TX: 0 TXA: 0 RX: 0 AQ: 0]: Sending DATA #0...
Google.Solutions.Compute Verbose: 0 : SshRelayStream [TX: 0 TXA: 0 RX: 0 AQ: 0]: Sending DATA #0...
Google.Solutions.Compute Verbose: 0 : SshRelayStream [TX: 0 TXA: 0 RX: 0 AQ: 0]: Sending DATA #0...
Google.Solutions.Compute Verbose: 0 : SshRelayStream [TX: 0 TXA: 0 RX: 0 AQ: 0]: Sending DATA #0...
Google.Solutions.Compute Verbose: 0 : SshRelayStream [TX: 0 TXA: 0 RX: 0 AQ: 0]: Sending DATA #0...
Google.Solutions.Compute Verbose: 0 : SshRelayStream [TX: 0 TXA: 0 RX: 0 AQ: 0]: Sending DATA #0...
Google.Solutions.Compute Verbose: 0 : SshRelayStream [TX: 0 TXA: 0 RX: 0 AQ: 0]: Sending DATA #0...
Google.Solutions.Compute Verbose: 0 : SshRelayStream [TX: 0 TXA: 0 RX: 0 AQ: 0]: Sending DATA #0...
Google.Solutions.Compute Verbose: 0 : SshRelayStream [TX: 0 TXA: 0 RX: 0 AQ: 0]: Sending DATA #0...
Google.Solutions.Compute Verbose: 0 : SshRelayStream [TX: 0 TXA: 0 RX: 0 AQ: 0]: Sending DATA #0...
Google.Solutions.Compute Verbose: 0 : SshRelayStream [TX: 0 TXA: 0 RX: 0 AQ: 0]: Sending DATA #0...
Google.Solutions.Compute Verbose: 0 : SshRelayStream [TX: 0 TXA: 0 RX: 0 AQ: 0]: Sending DATA #0...
Google.Solutions.Compute Verbose: 0 : SshRelayStream [TX: 0 TXA: 0 RX: 0 AQ: 0]: Sending DATA #0...
Google.Solutions.Compute Verbose: 0 : SshRelayStream [TX: 0 TXA: 0 RX: 0 AQ: 0]: Sending DATA #0...
Google.Solutions.Compute Verbose: 0 : SshRelayStream [TX: 0 TXA: 0 RX: 0 AQ: 0]: Sending DATA #0...
Google.Solutions.Compute Verbose: 0 : SshRelayStream [TX: 0 TXA: 0 RX: 0 AQ: 0]: Sending DATA #0...
Google.Solutions.Compute Verbose: 0 : SshRelayStream [TX: 0 TXA: 0 RX: 0 AQ: 0]: Sending DATA #0...
Google.Solutions.Compute Verbose: 0 : SshRelayStream [TX: 0 TXA: 0 RX: 0 AQ: 0]: Sending DATA #0...
Google.Solutions.Compute Verbose: 0 : SshRelayStream [TX: 0 TXA: 0 RX: 0 AQ: 0]: Sending DATA #0...
Google.Solutions.Compute Verbose: 0 : SshRelayStream [TX: 0 TXA: 0 RX: 0 AQ: 0]: Sending DATA #0...
Google.Solutions.Compute Verbose: 0 : SshRelayStream [TX: 0 TXA: 0 RX: 0 AQ: 0]: Sending DATA #0...
Google.Solutions.Compute Verbose: 0 : SshRelayStream [TX: 0 TXA: 0 RX: 0 AQ: 0]: Sending DATA #0...
Google.Solutions.Compute Verbose: 0 : SshRelayStream [TX: 1 TXA: 0 RX: 0 AQ: 1]: Sending DATA #1...
Google.Solutions.Compute Verbose: 0 : SshRelayStream [TX: 1 TXA: 0 RX: 0 AQ: 1]: Sending DATA #1...
Google.Solutions.Compute Verbose: 0 : SshRelayStream [TX: 1 TXA: 0 RX: 0 AQ: 1]: Sending DATA #1...
Google.Solutions.Compute Verbose: 0 : SshRelayStream [TX: 1 TXA: 0 RX: 0 AQ: 1]: Sending DATA #1...
Google.Solutions.Compute Verbose: 0 : SshRelayStream [TX: 1 TXA: 0 RX: 0 AQ: 1]: Sending DATA #1...
Google.Solutions.Compute Verbose: 0 : SshRelayStream [TX: 1 TXA: 0 RX: 0 AQ: 1]: Sending DATA #1...
Google.Solutions.Compute Verbose: 0 : SshRelayStream [TX: 1 TXA: 0 RX: 0 AQ: 1]: Sending DATA #1...
Google.Solutions.Compute Verbose: 0 : SshRelayStream [TX: 1 TXA: 0 RX: 0 AQ: 1]: Sending DATA #1...
Google.Solutions.Compute Verbose: 0 : SshRelayStream [TX: 1 TXA: 0 RX: 0 AQ: 1]: Sending DATA #1...
Google.Solutions.Compute Verbose: 0 : SshRelayStream [TX: 1 TXA: 0 RX: 0 AQ: 1]: Sending DATA #1...
Google.Solutions.Compute Verbose: 0 : SshRelayStream [TX: 1 TXA: 0 RX: 0 AQ: 1]: Sending DATA #1...
Google.Solutions.Compute Verbose: 0 : SshRelayStream [TX: 1 TXA: 0 RX: 0 AQ: 1]: Sending DATA #1...
Google.Solutions.Compute Verbose: 0 : SshRelayStream [TX: 1 TXA: 0 RX: 0 AQ: 1]: Sending DATA #1...
Google.Solutions.Compute Verbose: 0 : SshRelayStream [TX: 1 TXA: 0 RX: 0 AQ: 1]: Sending DATA #1...
Google.Solutions.Compute Verbose: 0 : SshRelayStream [TX: 1 TXA: 0 RX: 0 AQ: 1]: Sending DATA #1...
Google.Solutions.Compute Verbose: 0 : SshRelayStream [TX: 1 TXA: 0 RX: 0 AQ: 1]: Sending DATA #1...
Google.Solutions.Compute Verbose: 0 : SshRelayStream [TX: 1 TXA: 0 RX: 0 AQ: 1]: Sending DATA #1...
Google.Solutions.Compute Verbose: 0 : SshRelayStream [TX: 1 TXA: 0 RX: 0 AQ: 1]: Sending DATA #1...
Google.Solutions.Compute Verbose: 0 : SshRelayStream [TX: 1 TXA: 0 RX: 0 AQ: 1]: Sending DATA #1...
Google.Solutions.Compute Verbose: 0 : SshRelayStream [TX: 1 TXA: 0 RX: 0 AQ: 1]: Sending DATA #1...
Google.Solutions.Compute Verbose: 0 : SshRelayStream [TX: 1 TXA: 0 RX: 0 AQ: 1]: Sending DATA #1...
Google.Solutions.Compute Verbose: 0 : SshRelayStream [TX: 1 TXA: 0 RX: 0 AQ: 1]: Sending DATA #1...
Google.Solutions.Compute Verbose: 0 : SshRelayStream [TX: 1 TXA: 0 RX: 0 AQ: 1]: Sending DATA #1...
Google.Solutions.Compute Verbose: 0 : SshRelayStream [TX: 1 TXA: 0 RX: 0 AQ: 1]: Sending DATA #1...
Google.Solutions.Compute Verbose: 0 : SshRelayStream [TX: 1 TXA: 0 RX: 0 AQ: 1]: Sending DATA #1...
Google.Solutions.Compute Verbose: 0 : SshRelayStream [TX: 1 TXA: 0 RX: 0 AQ: 1]: Sending DATA #1...
Google.Solutions.Compute Verbose: 0 : SshRelayStream [TX: 1 TXA: 0 RX: 0 AQ: 1]: Sending DATA #1...
Google.Solutions.Compute Verbose: 0 : SshRelayStream [TX: 1 TXA: 0 RX: 0 AQ: 1]: Sending DATA #1...
Google.Solutions.Compute Verbose: 0 : SshRelayStream [TX: 1 TXA: 0 RX: 0 AQ: 1]: Sending DATA #1...
Google.Solutions.Compute Verbose: 0 : SshRelayStream [TX: 1 TXA: 0 RX: 0 AQ: 1]: Sending DATA #1...
Google.Solutions.Compute Verbose: 0 : SshRelayStream [TX: 1 TXA: 0 RX: 0 AQ: 1]: Sending DATA #1...
Google.Solutions.Compute Verbose: 0 : SshRelayStream [TX: 1 TXA: 0 RX: 0 AQ: 1]: Sending DATA #1...
Google.Solutions.Compute Verbose: 0 : SshRelayStream [TX: 1 TXA: 0 RX: 0 AQ: 1]: Sending DATA #1...
Google.Solutions.Compute Verbose: 0 : SshRelayStream [TX: 1 TXA: 0 RX: 0 AQ: 1]: Sending DATA #1...
Google.Solutions.Compute Verbose: 0 : SshRelayStream [TX: 1 TXA: 0 RX: 0 AQ: 1]: Sending DATA #1...
Google.Solutions.Compute Verbose: 0 : SshRelayStream [TX: 1 TXA: 0 RX: 0 AQ: 1]: Sending DATA #1...
Google.Solutions.Compute Verbose: 0 : SshRelayStream [TX: 1 TXA: 0 RX: 0 AQ: 1]: Sending DATA #1...
Google.Solutions.Compute Verbose: 0 : SshRelayStream [TX: 1 TXA: 0 RX: 0 AQ: 1]: Sending DATA #1...
Google.Solutions.Compute Verbose: 0 : SshRelayStream [TX: 1 TXA: 0 RX: 0 AQ: 1]: Sending DATA #1...
Google.Solutions.Compute Verbose: 0 : SshRelayStream [TX: 1 TXA: 0 RX: 0 AQ: 1]: Sending DATA #1...
Google.Solutions.Compute Verbose: 0 : SshRelayStream [TX: 1 TXA: 0 RX: 0 AQ: 1]: Sending DATA #1...
Google.Solutions.Compute Verbose: 0 : SshRelayStream [TX: 1 TXA: 0 RX: 0 AQ: 1]: Sending DATA #1...
Google.Solutions.Compute Verbose: 0 : SshRelayStream [TX: 1 TXA: 0 RX: 0 AQ: 1]: Sending DATA #1...
Google.Solutions.Compute Verbose: 0 : SshRelayStream [TX: 1 TXA: 0 RX: 0 AQ: 1]: Sending DATA #1...
Google.Solutions.Compute Verbose: 0 : SshRelayStream [TX: 1 TXA: 0 RX: 0 AQ: 1]: Sending DATA #1...
Google.Solutions.Compute Verbose: 0 : SshRelayStream [TX: 1 TXA: 0 RX: 0 AQ: 1]: Sending DATA #1...
Google.Solutions.Compute Verbose: 0 : SshRelayStream [TX: 1 TXA: 0 RX: 0 AQ: 1]: Sending DATA #1...
</system-out></testcase><testcase name="WriteAfterServerCloseCausesException" assertions="2" time="0.001999" status="Passed" classname="Google.Solutions.Compute.Test.Iap.TestSshRelayStreamWriting"><system-out>Google.Solutions.Compute Verbose: 0 : SshRelayStream [TX: 0 TXA: 0 RX: 0 AQ: 0]: Connecting...
Google.Solutions.Compute Verbose: 0 : SshRelayStream [TX: 0 TXA: 0 RX: 0 AQ: 0]: Connecting...
Google.Solutions.Compute Verbose: 0 : SshRelayStream [TX: 0 TXA: 0 RX: 0 AQ: 0]: Connecting...
Google.Solutions.Compute Verbose: 0 : SshRelayStream [TX: 0 TXA: 0 RX: 0 AQ: 0]: Connecting...
Google.Solutions.Compute Verbose: 0 : SshRelayStream [TX: 0 TXA: 0 RX: 0 AQ: 0]: Connecting...
Google.Solutions.Compute Verbose: 0 : SshRelayStream [TX: 0 TXA: 0 RX: 0 AQ: 0]: Connecting...
Google.Solutions.Compute Verbose: 0 : SshRelayStream [TX: 0 TXA: 0 RX: 0 AQ: 0]: Connecting...
Google.Solutions.Compute Verbose: 0 : SshRelayStream [TX: 0 TXA: 0 RX: 0 AQ: 0]: Connecting...
Google.Solutions.Compute Verbose: 0 : SshRelayStream [TX: 0 TXA: 0 RX: 0 AQ: 0]: Connecting...
Google.Solutions.Compute Verbose: 0 : SshRelayStream [TX: 0 TXA: 0 RX: 0 AQ: 0]: Connecting...
Google.Solutions.Compute Verbose: 0 : SshRelayStream [TX: 0 TXA: 0 RX: 0 AQ: 0]: Connecting...
Google.Solutions.Compute Verbose: 0 : SshRelayStream [TX: 0 TXA: 0 RX: 0 AQ: 0]: Connecting...
Google.Solutions.Compute Verbose: 0 : SshRelayStream [TX: 0 TXA: 0 RX: 0 AQ: 0]: Connecting...
Google.Solutions.Compute Verbose: 0 : SshRelayStream [TX: 0 TXA: 0 RX: 0 AQ: 0]: Connecting...
Google.Solutions.Compute Verbose: 0 : SshRelayStream [TX: 0 TXA: 0 RX: 0 AQ: 0]: Connecting...
Google.Solutions.Compute Verbose: 0 : SshRelayStream [TX: 0 TXA: 0 RX: 0 AQ: 0]: Connecting...
Google.Solutions.Compute Verbose: 0 : SshRelayStream [TX: 0 TXA: 0 RX: 0 AQ: 0]: Connecting...
Google.Solutions.Compute Verbose: 0 : SshRelayStream [TX: 0 TXA: 0 RX: 0 AQ: 0]: Connecting...
Google.Solutions.Compute Verbose: 0 : SshRelayStream [TX: 0 TXA: 0 RX: 0 AQ: 0]: Connecting...
Google.Solutions.Compute Verbose: 0 : SshRelayStream [TX: 0 TXA: 0 RX: 0 AQ: 0]: Connecting...
Google.Solutions.Compute Verbose: 0 : SshRelayStream [TX: 0 TXA: 0 RX: 0 AQ: 0]: Connecting...
Google.Solutions.Compute Verbose: 0 : SshRelayStream [TX: 0 TXA: 0 RX: 0 AQ: 0]: Connecting...
Google.Solutions.Compute Verbose: 0 : SshRelayStream [TX: 0 TXA: 0 RX: 0 AQ: 0]: Connecting...
Google.Solutions.Compute Verbose: 0 : SshRelayStream [TX: 0 TXA: 0 RX: 0 AQ: 0]: Connecting...
Google.Solutions.Compute Verbose: 0 : SshRelayStream [TX: 0 TXA: 0 RX: 0 AQ: 0]: Connecting...
Google.Solutions.Compute Verbose: 0 : SshRelayStream [TX: 0 TXA: 0 RX: 0 AQ: 0]: Connecting...
Google.Solutions.Compute Verbose: 0 : SshRelayStream [TX: 0 TXA: 0 RX: 0 AQ: 0]: Connecting...
Google.Solutions.Compute Verbose: 0 : SshRelayStream [TX: 0 TXA: 0 RX: 0 AQ: 0]: Connecting...
Google.Solutions.Compute Verbose: 0 : SshRelayStream [TX: 0 TXA: 0 RX: 0 AQ: 0]: Connecting...
Google.Solutions.Compute Verbose: 0 : SshRelayStream [TX: 0 TXA: 0 RX: 0 AQ: 0]: Connecting...
Google.Solutions.Compute Verbose: 0 : SshRelayStream [TX: 0 TXA: 0 RX: 0 AQ: 0]: Connecting...
Google.Solutions.Compute Verbose: 0 : SshRelayStream [TX: 0 TXA: 0 RX: 0 AQ: 0]: Connecting...
Google.Solutions.Compute Verbose: 0 : SshRelayStream [TX: 0 TXA: 0 RX: 0 AQ: 0]: Connecting...
Google.Solutions.Compute Verbose: 0 : SshRelayStream [TX: 0 TXA: 0 RX: 0 AQ: 0]: Connecting...
Google.Solutions.Compute Verbose: 0 : SshRelayStream [TX: 0 TXA: 0 RX: 0 AQ: 0]: Connecting...
Google.Solutions.Compute Verbose: 0 : SshRelayStream [TX: 0 TXA: 0 RX: 0 AQ: 0]: Connecting...
Google.Solutions.Compute Verbose: 0 : SshRelayStream [TX: 0 TXA: 0 RX: 0 AQ: 0]: Connecting...
Google.Solutions.Compute Verbose: 0 : SshRelayStream [TX: 0 TXA: 0 RX: 0 AQ: 0]: Connecting...
Google.Solutions.Compute Verbose: 0 : SshRelayStream [TX: 0 TXA: 0 RX: 0 AQ: 0]: Connecting...
Google.Solutions.Compute Verbose: 0 : SshRelayStream [TX: 0 TXA: 0 RX: 0 AQ: 0]: Connecting...
Google.Solutions.Compute Verbose: 0 : SshRelayStream [TX: 0 TXA: 0 RX: 0 AQ: 0]: Connecting...
Google.Solutions.Compute Verbose: 0 : SshRelayStream [TX: 0 TXA: 0 RX: 0 AQ: 0]: Connecting...
Google.Solutions.Compute Verbose: 0 : SshRelayStream [TX: 0 TXA: 0 RX: 0 AQ: 0]: Connecting...
Google.Solutions.Compute Verbose: 0 : SshRelayStream [TX: 0 TXA: 0 RX: 0 AQ: 0]: Connecting...
Google.Solutions.Compute Verbose: 0 : SshRelayStream [TX: 0 TXA: 0 RX: 0 AQ: 0]: Connecting...
Google.Solutions.Compute Verbose: 0 : SshRelayStream [TX: 0 TXA: 0 RX: 0 AQ: 0]: Connecting...
Google.Solutions.Compute Verbose: 0 : SshRelayStream [TX: 0 TXA: 0 RX: 0 AQ: 0]: Connecting...
Google.Solutions.Compute Verbose: 0 : SshRelayStream [TX: 0 TXA: 0 RX: 0 AQ: 0]: Connecting...
Google.Solutions.Compute Verbose: 0 : SshRelayStream [TX: 0 TXA: 0 RX: 0 AQ: 0]: Connecting...
Google.Solutions.Compute Verbose: 0 : SshRelayStream [TX: 0 TXA: 0 RX: 0 AQ: 0]: Connecting...
Google.Solutions.Compute Verbose: 0 : SshRelayStream [TX: 0 TXA: 0 RX: 0 AQ: 0]: Connecting...
Google.Solutions.Compute Verbose: 0 : SshRelayStream [TX: 0 TXA: 0 RX: 0 AQ: 0]: Connecting...
Google.Solutions.Compute Verbose: 0 : SshRelayStream [TX: 0 TXA: 0 RX: 0 AQ: 0]: Connecting...
Google.Solutions.Compute Verbose: 0 : SshRelayStream [TX: 0 TXA: 0 RX: 0 AQ: 0]: Connecting...
Google.Solutions.Compute Verbose: 0 : SshRelayStream [TX: 0 TXA: 0 RX: 0 AQ: 0]: Connecting...
Google.Solutions.Compute Verbose: 0 : SshRelayStream [TX: 0 TXA: 0 RX: 0 AQ: 0]: Connecting...
Google.Solutions.Compute Verbose: 0 : SshRelayStream [TX: 0 TXA: 0 RX: 0 AQ: 0]: Connecting...
Google.Solutions.Compute Verbose: 0 : SshRelayStream [TX: 0 TXA: 0 RX: 0 AQ: 0]: Connecting...
Google.Solutions.Compute Verbose: 0 : SshRelayStream [TX: 0 TXA: 0 RX: 0 AQ: 0]: Connecting...
Google.Solutions.Compute Verbose: 0 : SshRelayStream [TX: 0 TXA: 0 RX: 0 AQ: 0]: Connecting...
Google.Solutions.Compute Verbose: 0 : SshRelayStream [TX: 0 TXA: 0 RX: 0 AQ: 0]: Connecting...
Google.Solutions.Compute Verbose: 0 : SshRelayStream [TX: 0 TXA: 0 RX: 0 AQ: 0]: Connecting...
Google.Solutions.Compute Verbose: 0 : SshRelayStream [TX: 0 TXA: 0 RX: 0 AQ: 0]: Connecting...
Google.Solutions.Compute Verbose: 0 : SshRelayStream [TX: 0 TXA: 0 RX: 0 AQ: 0]: Connecting...
Google.Solutions.Compute Verbose: 0 : SshRelayStream [TX: 0 TXA: 0 RX: 0 AQ: 0]: Connecting...
Google.Solutions.Compute Verbose: 0 : SshRelayStream [TX: 0 TXA: 0 RX: 0 AQ: 0]: Connecting...
Google.Solutions.Compute Verbose: 0 : SshRelayStream [TX: 0 TXA: 0 RX: 0 AQ: 0]: Connecting...
Google.Solutions.Compute Verbose: 0 : SshRelayStream [TX: 0 TXA: 0 RX: 0 AQ: 0]: Connecting...
Google.Solutions.Compute Verbose: 0 : SshRelayStream [TX: 0 TXA: 0 RX: 0 AQ: 0]: Sending DATA #0...
Google.Solutions.Compute Verbose: 0 : SshRelayStream [TX: 0 TXA: 0 RX: 0 AQ: 0]: Sending DATA #0...
Google.Solutions.Compute Verbose: 0 : SshRelayStream [TX: 0 TXA: 0 RX: 0 AQ: 0]: Sending DATA #0...
Google.Solutions.Compute Verbose: 0 : SshRelayStream [TX: 0 TXA: 0 RX: 0 AQ: 0]: Sending DATA #0...
Google.Solutions.Compute Verbose: 0 : SshRelayStream [TX: 0 TXA: 0 RX: 0 AQ: 0]: Sending DATA #0...
Google.Solutions.Compute Verbose: 0 : SshRelayStream [TX: 0 TXA: 0 RX: 0 AQ: 0]: Sending DATA #0...
Google.Solutions.Compute Verbose: 0 : SshRelayStream [TX: 0 TXA: 0 RX: 0 AQ: 0]: Sending DATA #0...
Google.Solutions.Compute Verbose: 0 : SshRelayStream [TX: 0 TXA: 0 RX: 0 AQ: 0]: Sending DATA #0...
Google.Solutions.Compute Verbose: 0 : SshRelayStream [TX: 0 TXA: 0 RX: 0 AQ: 0]: Sending DATA #0...
Google.Solutions.Compute Verbose: 0 : SshRelayStream [TX: 0 TXA: 0 RX: 0 AQ: 0]: Sending DATA #0...
Google.Solutions.Compute Verbose: 0 : SshRelayStream [TX: 0 TXA: 0 RX: 0 AQ: 0]: Sending DATA #0...
Google.Solutions.Compute Verbose: 0 : SshRelayStream [TX: 0 TXA: 0 RX: 0 AQ: 0]: Sending DATA #0...
Google.Solutions.Compute Verbose: 0 : SshRelayStream [TX: 0 TXA: 0 RX: 0 AQ: 0]: Sending DATA #0...
Google.Solutions.Compute Verbose: 0 : SshRelayStream [TX: 0 TXA: 0 RX: 0 AQ: 0]: Sending DATA #0...
Google.Solutions.Compute Verbose: 0 : SshRelayStream [TX: 0 TXA: 0 RX: 0 AQ: 0]: Sending DATA #0...
Google.Solutions.Compute Verbose: 0 : SshRelayStream [TX: 0 TXA: 0 RX: 0 AQ: 0]: Sending DATA #0...
Google.Solutions.Compute Verbose: 0 : SshRelayStream [TX: 0 TXA: 0 RX: 0 AQ: 0]: Sending DATA #0...
Google.Solutions.Compute Verbose: 0 : SshRelayStream [TX: 0 TXA: 0 RX: 0 AQ: 0]: Sending DATA #0...
Google.Solutions.Compute Verbose: 0 : SshRelayStream [TX: 0 TXA: 0 RX: 0 AQ: 0]: Sending DATA #0...
Google.Solutions.Compute Verbose: 0 : SshRelayStream [TX: 0 TXA: 0 RX: 0 AQ: 0]: Sending DATA #0...
Google.Solutions.Compute Verbose: 0 : SshRelayStream [TX: 0 TXA: 0 RX: 0 AQ: 0]: Sending DATA #0...
Google.Solutions.Compute Verbose: 0 : SshRelayStream [TX: 0 TXA: 0 RX: 0 AQ: 0]: Sending DATA #0...
Google.Solutions.Compute Verbose: 0 : SshRelayStream [TX: 0 TXA: 0 RX: 0 AQ: 0]: Sending DATA #0...
Google.Solutions.Compute Verbose: 0 : SshRelayStream [TX: 0 TXA: 0 RX: 0 AQ: 0]: Sending DATA #0...
Google.Solutions.Compute Verbose: 0 : SshRelayStream [TX: 0 TXA: 0 RX: 0 AQ: 0]: Sending DATA #0...
Google.Solutions.Compute Verbose: 0 : SshRelayStream [TX: 0 TXA: 0 RX: 0 AQ: 0]: Sending DATA #0...
Google.Solutions.Compute Verbose: 0 : SshRelayStream [TX: 0 TXA: 0 RX: 0 AQ: 0]: Sending DATA #0...
Google.Solutions.Compute Verbose: 0 : SshRelayStream [TX: 0 TXA: 0 RX: 0 AQ: 0]: Sending DATA #0...
Google.Solutions.Compute Verbose: 0 : SshRelayStream [TX: 0 TXA: 0 RX: 0 AQ: 0]: Sending DATA #0...
Google.Solutions.Compute Verbose: 0 : SshRelayStream [TX: 0 TXA: 0 RX: 0 AQ: 0]: Sending DATA #0...
Google.Solutions.Compute Verbose: 0 : SshRelayStream [TX: 0 TXA: 0 RX: 0 AQ: 0]: Sending DATA #0...
Google.Solutions.Compute Verbose: 0 : SshRelayStream [TX: 0 TXA: 0 RX: 0 AQ: 0]: Sending DATA #0...
Google.Solutions.Compute Verbose: 0 : SshRelayStream [TX: 0 TXA: 0 RX: 0 AQ: 0]: Sending DATA #0...
Google.Solutions.Compute Verbose: 0 : SshRelayStream [TX: 0 TXA: 0 RX: 0 AQ: 0]: Sending DATA #0...
Google.Solutions.Compute Verbose: 0 : SshRelayStream [TX: 0 TXA: 0 RX: 0 AQ: 0]: Sending DATA #0...
Google.Solutions.Compute Verbose: 0 : SshRelayStream [TX: 0 TXA: 0 RX: 0 AQ: 0]: Sending DATA #0...
Google.Solutions.Compute Verbose: 0 : SshRelayStream [TX: 0 TXA: 0 RX: 0 AQ: 0]: Sending DATA #0...
Google.Solutions.Compute Verbose: 0 : SshRelayStream [TX: 0 TXA: 0 RX: 0 AQ: 0]: Sending DATA #0...
Google.Solutions.Compute Verbose: 0 : SshRelayStream [TX: 0 TXA: 0 RX: 0 AQ: 0]: Sending DATA #0...
Google.Solutions.Compute Verbose: 0 : SshRelayStream [TX: 0 TXA: 0 RX: 0 AQ: 0]: Sending DATA #0...
Google.Solutions.Compute Verbose: 0 : SshRelayStream [TX: 0 TXA: 0 RX: 0 AQ: 0]: Sending DATA #0...
Google.Solutions.Compute Verbose: 0 : SshRelayStream [TX: 0 TXA: 0 RX: 0 AQ: 0]: Sending DATA #0...
Google.Solutions.Compute Verbose: 0 : SshRelayStream [TX: 0 TXA: 0 RX: 0 AQ: 0]: Sending DATA #0...
Google.Solutions.Compute Verbose: 0 : SshRelayStream [TX: 0 TXA: 0 RX: 0 AQ: 0]: Sending DATA #0...
Google.Solutions.Compute Verbose: 0 : SshRelayStream [TX: 0 TXA: 0 RX: 0 AQ: 0]: Sending DATA #0...
Google.Solutions.Compute Verbose: 0 : SshRelayStream [TX: 0 TXA: 0 RX: 0 AQ: 0]: Sending DATA #0...
Google.Solutions.Compute Verbose: 0 : SshRelayStream [TX: 0 TXA: 0 RX: 0 AQ: 0]: Sending DATA #0...
Google.Solutions.Compute Verbose: 0 : SshRelayStream [TX: 0 TXA: 0 RX: 0 AQ: 0]: Sending DATA #0...
Google.Solutions.Compute Verbose: 0 : SshRelayStream [TX: 0 TXA: 0 RX: 0 AQ: 0]: Sending DATA #0...
Google.Solutions.Compute Verbose: 0 : SshRelayStream [TX: 0 TXA: 0 RX: 0 AQ: 0]: Sending DATA #0...
Google.Solutions.Compute Verbose: 0 : SshRelayStream [TX: 0 TXA: 0 RX: 0 AQ: 0]: Sending DATA #0...
Google.Solutions.Compute Verbose: 0 : SshRelayStream [TX: 0 TXA: 0 RX: 0 AQ: 0]: Sending DATA #0...
Google.Solutions.Compute Verbose: 0 : SshRelayStream [TX: 0 TXA: 0 RX: 0 AQ: 0]: Sending DATA #0...
Google.Solutions.Compute Verbose: 0 : SshRelayStream [TX: 0 TXA: 0 RX: 0 AQ: 0]: Sending DATA #0...
Google.Solutions.Compute Verbose: 0 : SshRelayStream [TX: 0 TXA: 0 RX: 0 AQ: 0]: Sending DATA #0...
Google.Solutions.Compute Verbose: 0 : SshRelayStream [TX: 0 TXA: 0 RX: 0 AQ: 0]: Sending DATA #0...
Google.Solutions.Compute Verbose: 0 : SshRelayStream [TX: 0 TXA: 0 RX: 0 AQ: 0]: Sending DATA #0...
Google.Solutions.Compute Verbose: 0 : SshRelayStream [TX: 0 TXA: 0 RX: 0 AQ: 0]: Sending DATA #0...
Google.Solutions.Compute Verbose: 0 : SshRelayStream [TX: 0 TXA: 0 RX: 0 AQ: 0]: Sending DATA #0...
Google.Solutions.Compute Verbose: 0 : SshRelayStream [TX: 0 TXA: 0 RX: 0 AQ: 0]: Sending DATA #0...
Google.Solutions.Compute Verbose: 0 : SshRelayStream [TX: 0 TXA: 0 RX: 0 AQ: 0]: Sending DATA #0...
Google.Solutions.Compute Verbose: 0 : SshRelayStream [TX: 0 TXA: 0 RX: 0 AQ: 0]: Sending DATA #0...
Google.Solutions.Compute Verbose: 0 : SshRelayStream [TX: 0 TXA: 0 RX: 0 AQ: 0]: Sending DATA #0...
Google.Solutions.Compute Verbose: 0 : SshRelayStream [TX: 0 TXA: 0 RX: 0 AQ: 0]: Sending DATA #0...
Google.Solutions.Compute Verbose: 0 : SshRelayStream [TX: 0 TXA: 0 RX: 0 AQ: 0]: Sending DATA #0...
Google.Solutions.Compute Verbose: 0 : SshRelayStream [TX: 0 TXA: 0 RX: 0 AQ: 0]: Sending DATA #0...
Google.Solutions.Compute Verbose: 0 : SshRelayStream [TX: 0 TXA: 0 RX: 0 AQ: 0]: Sending DATA #0...
Google.Solutions.Compute Verbose: 0 : SshRelayStream [TX: 0 TXA: 0 RX: 0 AQ: 0]: Sending DATA #0...
Google.Solutions.Compute Verbose: 0 : SshRelayStream [TX: 1 TXA: 0 RX: 0 AQ: 1]: Sending DATA #1...
Google.Solutions.Compute Verbose: 0 : SshRelayStream [TX: 1 TXA: 0 RX: 0 AQ: 1]: Sending DATA #1...
Google.Solutions.Compute Verbose: 0 : SshRelayStream [TX: 1 TXA: 0 RX: 0 AQ: 1]: Sending DATA #1...
Google.Solutions.Compute Verbose: 0 : SshRelayStream [TX: 1 TXA: 0 RX: 0 AQ: 1]: Sending DATA #1...
Google.Solutions.Compute Verbose: 0 : SshRelayStream [TX: 1 TXA: 0 RX: 0 AQ: 1]: Sending DATA #1...
Google.Solutions.Compute Verbose: 0 : SshRelayStream [TX: 1 TXA: 0 RX: 0 AQ: 1]: Sending DATA #1...
Google.Solutions.Compute Verbose: 0 : SshRelayStream [TX: 1 TXA: 0 RX: 0 AQ: 1]: Sending DATA #1...
Google.Solutions.Compute Verbose: 0 : SshRelayStream [TX: 1 TXA: 0 RX: 0 AQ: 1]: Sending DATA #1...
Google.Solutions.Compute Verbose: 0 : SshRelayStream [TX: 1 TXA: 0 RX: 0 AQ: 1]: Sending DATA #1...
Google.Solutions.Compute Verbose: 0 : SshRelayStream [TX: 1 TXA: 0 RX: 0 AQ: 1]: Sending DATA #1...
Google.Solutions.Compute Verbose: 0 : SshRelayStream [TX: 1 TXA: 0 RX: 0 AQ: 1]: Sending DATA #1...
Google.Solutions.Compute Verbose: 0 : SshRelayStream [TX: 1 TXA: 0 RX: 0 AQ: 1]: Sending DATA #1...
Google.Solutions.Compute Verbose: 0 : SshRelayStream [TX: 1 TXA: 0 RX: 0 AQ: 1]: Sending DATA #1...
Google.Solutions.Compute Verbose: 0 : SshRelayStream [TX: 1 TXA: 0 RX: 0 AQ: 1]: Sending DATA #1...
Google.Solutions.Compute Verbose: 0 : SshRelayStream [TX: 1 TXA: 0 RX: 0 AQ: 1]: Sending DATA #1...
Google.Solutions.Compute Verbose: 0 : SshRelayStream [TX: 1 TXA: 0 RX: 0 AQ: 1]: Sending DATA #1...
Google.Solutions.Compute Verbose: 0 : SshRelayStream [TX: 1 TXA: 0 RX: 0 AQ: 1]: Sending DATA #1...
Google.Solutions.Compute Verbose: 0 : SshRelayStream [TX: 1 TXA: 0 RX: 0 AQ: 1]: Sending DATA #1...
Google.Solutions.Compute Verbose: 0 : SshRelayStream [TX: 1 TXA: 0 RX: 0 AQ: 1]: Sending DATA #1...
Google.Solutions.Compute Verbose: 0 : SshRelayStream [TX: 1 TXA: 0 RX: 0 AQ: 1]: Sending DATA #1...
Google.Solutions.Compute Verbose: 0 : SshRelayStream [TX: 1 TXA: 0 RX: 0 AQ: 1]: Sending DATA #1...
Google.Solutions.Compute Verbose: 0 : SshRelayStream [TX: 1 TXA: 0 RX: 0 AQ: 1]: Sending DATA #1...
Google.Solutions.Compute Verbose: 0 : SshRelayStream [TX: 1 TXA: 0 RX: 0 AQ: 1]: Sending DATA #1...
Google.Solutions.Compute Verbose: 0 : SshRelayStream [TX: 1 TXA: 0 RX: 0 AQ: 1]: Sending DATA #1...
Google.Solutions.Compute Verbose: 0 : SshRelayStream [TX: 1 TXA: 0 RX: 0 AQ: 1]: Sending DATA #1...
Google.Solutions.Compute Verbose: 0 : SshRelayStream [TX: 1 TXA: 0 RX: 0 AQ: 1]: Sending DATA #1...
Google.Solutions.Compute Verbose: 0 : SshRelayStream [TX: 1 TXA: 0 RX: 0 AQ: 1]: Sending DATA #1...
Google.Solutions.Compute Verbose: 0 : SshRelayStream [TX: 1 TXA: 0 RX: 0 AQ: 1]: Sending DATA #1...
Google.Solutions.Compute Verbose: 0 : SshRelayStream [TX: 1 TXA: 0 RX: 0 AQ: 1]: Sending DATA #1...
Google.Solutions.Compute Verbose: 0 : SshRelayStream [TX: 1 TXA: 0 RX: 0 AQ: 1]: Sending DATA #1...
Google.Solutions.Compute Verbose: 0 : SshRelayStream [TX: 1 TXA: 0 RX: 0 AQ: 1]: Sending DATA #1...
Google.Solutions.Compute Verbose: 0 : SshRelayStream [TX: 1 TXA: 0 RX: 0 AQ: 1]: Sending DATA #1...
Google.Solutions.Compute Verbose: 0 : SshRelayStream [TX: 1 TXA: 0 RX: 0 AQ: 1]: Sending DATA #1...
Google.Solutions.Compute Verbose: 0 : SshRelayStream [TX: 1 TXA: 0 RX: 0 AQ: 1]: Sending DATA #1...
Google.Solutions.Compute Verbose: 0 : SshRelayStream [TX: 1 TXA: 0 RX: 0 AQ: 1]: Sending DATA #1...
Google.Solutions.Compute Verbose: 0 : SshRelayStream [TX: 1 TXA: 0 RX: 0 AQ: 1]: Sending DATA #1...
Google.Solutions.Compute Verbose: 0 : SshRelayStream [TX: 1 TXA: 0 RX: 0 AQ: 1]: Sending DATA #1...
Google.Solutions.Compute Verbose: 0 : SshRelayStream [TX: 1 TXA: 0 RX: 0 AQ: 1]: Sending DATA #1...
Google.Solutions.Compute Verbose: 0 : SshRelayStream [TX: 1 TXA: 0 RX: 0 AQ: 1]: Sending DATA #1...
Google.Solutions.Compute Verbose: 0 : SshRelayStream [TX: 1 TXA: 0 RX: 0 AQ: 1]: Sending DATA #1...
Google.Solutions.Compute Verbose: 0 : SshRelayStream [TX: 1 TXA: 0 RX: 0 AQ: 1]: Sending DATA #1...
Google.Solutions.Compute Verbose: 0 : SshRelayStream [TX: 1 TXA: 0 RX: 0 AQ: 1]: Sending DATA #1...
Google.Solutions.Compute Verbose: 0 : SshRelayStream [TX: 1 TXA: 0 RX: 0 AQ: 1]: Sending DATA #1...
Google.Solutions.Compute Verbose: 0 : SshRelayStream [TX: 1 TXA: 0 RX: 0 AQ: 1]: Sending DATA #1...
Google.Solutions.Compute Verbose: 0 : SshRelayStream [TX: 1 TXA: 0 RX: 0 AQ: 1]: Sending DATA #1...
Google.Solutions.Compute Verbose: 0 : SshRelayStream [TX: 1 TXA: 0 RX: 0 AQ: 1]: Sending DATA #1...
Google.Solutions.Compute Verbose: 0 : SshRelayStream [TX: 1 TXA: 0 RX: 0 AQ: 1]: Sending DATA #1...
Google.Solutions.Compute Verbose: 0 : SshRelayStream [TX: 1 TXA: 0 RX: 0 AQ: 1]: Sending DATA #1...
Google.Solutions.Compute Verbose: 0 : SshRelayStream [TX: 1 TXA: 0 RX: 0 AQ: 1]: Sending DATA #1...
Google.Solutions.Compute Verbose: 0 : SshRelayStream [TX: 1 TXA: 0 RX: 0 AQ: 1]: Sending DATA #1...
Google.Solutions.Compute Verbose: 0 : SshRelayStream [TX: 1 TXA: 0 RX: 0 AQ: 1]: Sending DATA #1...
Google.Solutions.Compute Verbose: 0 : SshRelayStream [TX: 1 TXA: 0 RX: 0 AQ: 1]: Sending DATA #1...
Google.Solutions.Compute Verbose: 0 : SshRelayStream [TX: 1 TXA: 0 RX: 0 AQ: 1]: Sending DATA #1...
Google.Solutions.Compute Verbose: 0 : SshRelayStream [TX: 1 TXA: 0 RX: 0 AQ: 1]: Sending DATA #1...
Google.Solutions.Compute Verbose: 0 : SshRelayStream [TX: 1 TXA: 0 RX: 0 AQ: 1]: Sending DATA #1...
Google.Solutions.Compute Verbose: 0 : SshRelayStream [TX: 1 TXA: 0 RX: 0 AQ: 1]: Sending DATA #1...
Google.Solutions.Compute Verbose: 0 : SshRelayStream [TX: 1 TXA: 0 RX: 0 AQ: 1]: Sending DATA #1...
Google.Solutions.Compute Verbose: 0 : SshRelayStream [TX: 1 TXA: 0 RX: 0 AQ: 1]: Sending DATA #1...
Google.Solutions.Compute Verbose: 0 : SshRelayStream [TX: 1 TXA: 0 RX: 0 AQ: 1]: Sending DATA #1...
Google.Solutions.Compute Verbose: 0 : SshRelayStream [TX: 1 TXA: 0 RX: 0 AQ: 1]: Sending DATA #1...
Google.Solutions.Compute Verbose: 0 : SshRelayStream [TX: 1 TXA: 0 RX: 0 AQ: 1]: Sending DATA #1...
Google.Solutions.Compute Verbose: 0 : SshRelayStream [TX: 1 TXA: 0 RX: 0 AQ: 1]: Sending DATA #1...
Google.Solutions.Compute Verbose: 0 : SshRelayStream [TX: 1 TXA: 0 RX: 0 AQ: 1]: Sending DATA #1...
Google.Solutions.Compute Verbose: 0 : SshRelayStream [TX: 1 TXA: 0 RX: 0 AQ: 1]: Sending DATA #1...
Google.Solutions.Compute Verbose: 0 : SshRelayStream [TX: 1 TXA: 0 RX: 0 AQ: 1]: Sending DATA #1...
Google.Solutions.Compute Verbose: 0 : SshRelayStream [TX: 1 TXA: 0 RX: 0 AQ: 1]: Sending DATA #1...
Google.Solutions.Compute Verbose: 0 : SshRelayStream [TX: 1 TXA: 0 RX: 0 AQ: 1]: Sending DATA #1...
Google.Solutions.Compute Verbose: 0 : SshRelayStream [TX: 1 TXA: 0 RX: 0 AQ: 1]: Sending DATA #1...
</system-out></testcase></testsuite><testsuite tests="10" time="0.014425" errors="0" failures="0" skipped="0" timestamp="2019-08-24 09:17:29Z" name="Google.Solutions.Compute.Test.dll.Google.Solutions.Compute.Test.Iap.TestSshRelayStreamWriting.WriteAfterForcefulServerCloseCausesAnotherConnectAndDataBeingResentIfNoDataReadBefore."><testcase name="WriteAfterForcefulServerCloseCausesAnotherConnectAndDataBeingResentIfNoDataReadBefore(EndpointUnavailable)" assertions="9" time="0.002769" status="Passed" classname="Google.Solutions.Compute.Test.Iap.TestSshRelayStreamWriting"><system-out>Google.Solutions.Compute Verbose: 0 : SshRelayStream [TX: 0 TXA: 0 RX: 0 AQ: 0]: Connecting...
Google.Solutions.Compute Verbose: 0 : SshRelayStream [TX: 0 TXA: 0 RX: 0 AQ: 0]: Connecting...
Google.Solutions.Compute Verbose: 0 : SshRelayStream [TX: 0 TXA: 0 RX: 0 AQ: 0]: Connecting...
Google.Solutions.Compute Verbose: 0 : SshRelayStream [TX: 0 TXA: 0 RX: 0 AQ: 0]: Connecting...
Google.Solutions.Compute Verbose: 0 : SshRelayStream [TX: 0 TXA: 0 RX: 0 AQ: 0]: Connecting...
Google.Solutions.Compute Verbose: 0 : SshRelayStream [TX: 0 TXA: 0 RX: 0 AQ: 0]: Connecting...
Google.Solutions.Compute Verbose: 0 : SshRelayStream [TX: 0 TXA: 0 RX: 0 AQ: 0]: Connecting...
Google.Solutions.Compute Verbose: 0 : SshRelayStream [TX: 0 TXA: 0 RX: 0 AQ: 0]: Connecting...
Google.Solutions.Compute Verbose: 0 : SshRelayStream [TX: 0 TXA: 0 RX: 0 AQ: 0]: Connecting...
Google.Solutions.Compute Verbose: 0 : SshRelayStream [TX: 0 TXA: 0 RX: 0 AQ: 0]: Connecting...
Google.Solutions.Compute Verbose: 0 : SshRelayStream [TX: 0 TXA: 0 RX: 0 AQ: 0]: Connecting...
Google.Solutions.Compute Verbose: 0 : SshRelayStream [TX: 0 TXA: 0 RX: 0 AQ: 0]: Connecting...
Google.Solutions.Compute Verbose: 0 : SshRelayStream [TX: 0 TXA: 0 RX: 0 AQ: 0]: Connecting...
Google.Solutions.Compute Verbose: 0 : SshRelayStream [TX: 0 TXA: 0 RX: 0 AQ: 0]: Connecting...
Google.Solutions.Compute Verbose: 0 : SshRelayStream [TX: 0 TXA: 0 RX: 0 AQ: 0]: Connecting...
Google.Solutions.Compute Verbose: 0 : SshRelayStream [TX: 0 TXA: 0 RX: 0 AQ: 0]: Connecting...
Google.Solutions.Compute Verbose: 0 : SshRelayStream [TX: 0 TXA: 0 RX: 0 AQ: 0]: Connecting...
Google.Solutions.Compute Verbose: 0 : SshRelayStream [TX: 0 TXA: 0 RX: 0 AQ: 0]: Connecting...
Google.Solutions.Compute Verbose: 0 : SshRelayStream [TX: 0 TXA: 0 RX: 0 AQ: 0]: Connecting...
Google.Solutions.Compute Verbose: 0 : SshRelayStream [TX: 0 TXA: 0 RX: 0 AQ: 0]: Connecting...
Google.Solutions.Compute Verbose: 0 : SshRelayStream [TX: 0 TXA: 0 RX: 0 AQ: 0]: Connecting...
Google.Solutions.Compute Verbose: 0 : SshRelayStream [TX: 0 TXA: 0 RX: 0 AQ: 0]: Connecting...
Google.Solutions.Compute Verbose: 0 : SshRelayStream [TX: 0 TXA: 0 RX: 0 AQ: 0]: Connecting...
Google.Solutions.Compute Verbose: 0 : SshRelayStream [TX: 0 TXA: 0 RX: 0 AQ: 0]: Connecting...
Google.Solutions.Compute Verbose: 0 : SshRelayStream [TX: 0 TXA: 0 RX: 0 AQ: 0]: Connecting...
Google.Solutions.Compute Verbose: 0 : SshRelayStream [TX: 0 TXA: 0 RX: 0 AQ: 0]: Connecting...
Google.Solutions.Compute Verbose: 0 : SshRelayStream [TX: 0 TXA: 0 RX: 0 AQ: 0]: Connecting...
Google.Solutions.Compute Verbose: 0 : SshRelayStream [TX: 0 TXA: 0 RX: 0 AQ: 0]: Connecting...
Google.Solutions.Compute Verbose: 0 : SshRelayStream [TX: 0 TXA: 0 RX: 0 AQ: 0]: Connecting...
Google.Solutions.Compute Verbose: 0 : SshRelayStream [TX: 0 TXA: 0 RX: 0 AQ: 0]: Connecting...
Google.Solutions.Compute Verbose: 0 : SshRelayStream [TX: 0 TXA: 0 RX: 0 AQ: 0]: Connecting...
Google.Solutions.Compute Verbose: 0 : SshRelayStream [TX: 0 TXA: 0 RX: 0 AQ: 0]: Connecting...
Google.Solutions.Compute Verbose: 0 : SshRelayStream [TX: 0 TXA: 0 RX: 0 AQ: 0]: Connecting...
Google.Solutions.Compute Verbose: 0 : SshRelayStream [TX: 0 TXA: 0 RX: 0 AQ: 0]: Connecting...
Google.Solutions.Compute Verbose: 0 : SshRelayStream [TX: 0 TXA: 0 RX: 0 AQ: 0]: Connecting...
Google.Solutions.Compute Verbose: 0 : SshRelayStream [TX: 0 TXA: 0 RX: 0 AQ: 0]: Connecting...
Google.Solutions.Compute Verbose: 0 : SshRelayStream [TX: 0 TXA: 0 RX: 0 AQ: 0]: Connecting...
Google.Solutions.Compute Verbose: 0 : SshRelayStream [TX: 0 TXA: 0 RX: 0 AQ: 0]: Connecting...
Google.Solutions.Compute Verbose: 0 : SshRelayStream [TX: 0 TXA: 0 RX: 0 AQ: 0]: Connecting...
Google.Solutions.Compute Verbose: 0 : SshRelayStream [TX: 0 TXA: 0 RX: 0 AQ: 0]: Connecting...
Google.Solutions.Compute Verbose: 0 : SshRelayStream [TX: 0 TXA: 0 RX: 0 AQ: 0]: Connecting...
Google.Solutions.Compute Verbose: 0 : SshRelayStream [TX: 0 TXA: 0 RX: 0 AQ: 0]: Connecting...
Google.Solutions.Compute Verbose: 0 : SshRelayStream [TX: 0 TXA: 0 RX: 0 AQ: 0]: Connecting...
Google.Solutions.Compute Verbose: 0 : SshRelayStream [TX: 0 TXA: 0 RX: 0 AQ: 0]: Connecting...
Google.Solutions.Compute Verbose: 0 : SshRelayStream [TX: 0 TXA: 0 RX: 0 AQ: 0]: Connecting...
Google.Solutions.Compute Verbose: 0 : SshRelayStream [TX: 0 TXA: 0 RX: 0 AQ: 0]: Connecting...
Google.Solutions.Compute Verbose: 0 : SshRelayStream [TX: 0 TXA: 0 RX: 0 AQ: 0]: Connecting...
Google.Solutions.Compute Verbose: 0 : SshRelayStream [TX: 0 TXA: 0 RX: 0 AQ: 0]: Connecting...
Google.Solutions.Compute Verbose: 0 : SshRelayStream [TX: 0 TXA: 0 RX: 0 AQ: 0]: Sending DATA #0...
Google.Solutions.Compute Verbose: 0 : SshRelayStream [TX: 0 TXA: 0 RX: 0 AQ: 0]: Sending DATA #0...
Google.Solutions.Compute Verbose: 0 : SshRelayStream [TX: 0 TXA: 0 RX: 0 AQ: 0]: Sending DATA #0...
Google.Solutions.Compute Verbose: 0 : SshRelayStream [TX: 0 TXA: 0 RX: 0 AQ: 0]: Sending DATA #0...
Google.Solutions.Compute Verbose: 0 : SshRelayStream [TX: 0 TXA: 0 RX: 0 AQ: 0]: Sending DATA #0...
Google.Solutions.Compute Verbose: 0 : SshRelayStream [TX: 0 TXA: 0 RX: 0 AQ: 0]: Sending DATA #0...
Google.Solutions.Compute Verbose: 0 : SshRelayStream [TX: 0 TXA: 0 RX: 0 AQ: 0]: Sending DATA #0...
Google.Solutions.Compute Verbose: 0 : SshRelayStream [TX: 0 TXA: 0 RX: 0 AQ: 0]: Sending DATA #0...
Google.Solutions.Compute Verbose: 0 : SshRelayStream [TX: 0 TXA: 0 RX: 0 AQ: 0]: Sending DATA #0...
Google.Solutions.Compute Verbose: 0 : SshRelayStream [TX: 0 TXA: 0 RX: 0 AQ: 0]: Sending DATA #0...
Google.Solutions.Compute Verbose: 0 : SshRelayStream [TX: 0 TXA: 0 RX: 0 AQ: 0]: Sending DATA #0...
Google.Solutions.Compute Verbose: 0 : SshRelayStream [TX: 0 TXA: 0 RX: 0 AQ: 0]: Sending DATA #0...
Google.Solutions.Compute Verbose: 0 : SshRelayStream [TX: 0 TXA: 0 RX: 0 AQ: 0]: Sending DATA #0...
Google.Solutions.Compute Verbose: 0 : SshRelayStream [TX: 0 TXA: 0 RX: 0 AQ: 0]: Sending DATA #0...
Google.Solutions.Compute Verbose: 0 : SshRelayStream [TX: 0 TXA: 0 RX: 0 AQ: 0]: Sending DATA #0...
Google.Solutions.Compute Verbose: 0 : SshRelayStream [TX: 0 TXA: 0 RX: 0 AQ: 0]: Sending DATA #0...
Google.Solutions.Compute Verbose: 0 : SshRelayStream [TX: 0 TXA: 0 RX: 0 AQ: 0]: Sending DATA #0...
Google.Solutions.Compute Verbose: 0 : SshRelayStream [TX: 0 TXA: 0 RX: 0 AQ: 0]: Sending DATA #0...
Google.Solutions.Compute Verbose: 0 : SshRelayStream [TX: 0 TXA: 0 RX: 0 AQ: 0]: Sending DATA #0...
Google.Solutions.Compute Verbose: 0 : SshRelayStream [TX: 0 TXA: 0 RX: 0 AQ: 0]: Sending DATA #0...
Google.Solutions.Compute Verbose: 0 : SshRelayStream [TX: 0 TXA: 0 RX: 0 AQ: 0]: Sending DATA #0...
Google.Solutions.Compute Verbose: 0 : SshRelayStream [TX: 0 TXA: 0 RX: 0 AQ: 0]: Sending DATA #0...
Google.Solutions.Compute Verbose: 0 : SshRelayStream [TX: 0 TXA: 0 RX: 0 AQ: 0]: Sending DATA #0...
Google.Solutions.Compute Verbose: 0 : SshRelayStream [TX: 0 TXA: 0 RX: 0 AQ: 0]: Sending DATA #0...
Google.Solutions.Compute Verbose: 0 : SshRelayStream [TX: 0 TXA: 0 RX: 0 AQ: 0]: Sending DATA #0...
Google.Solutions.Compute Verbose: 0 : SshRelayStream [TX: 0 TXA: 0 RX: 0 AQ: 0]: Sending DATA #0...
Google.Solutions.Compute Verbose: 0 : SshRelayStream [TX: 0 TXA: 0 RX: 0 AQ: 0]: Sending DATA #0...
Google.Solutions.Compute Verbose: 0 : SshRelayStream [TX: 0 TXA: 0 RX: 0 AQ: 0]: Sending DATA #0...
Google.Solutions.Compute Verbose: 0 : SshRelayStream [TX: 0 TXA: 0 RX: 0 AQ: 0]: Sending DATA #0...
Google.Solutions.Compute Verbose: 0 : SshRelayStream [TX: 0 TXA: 0 RX: 0 AQ: 0]: Sending DATA #0...
Google.Solutions.Compute Verbose: 0 : SshRelayStream [TX: 0 TXA: 0 RX: 0 AQ: 0]: Sending DATA #0...
Google.Solutions.Compute Verbose: 0 : SshRelayStream [TX: 0 TXA: 0 RX: 0 AQ: 0]: Sending DATA #0...
Google.Solutions.Compute Verbose: 0 : SshRelayStream [TX: 0 TXA: 0 RX: 0 AQ: 0]: Sending DATA #0...
Google.Solutions.Compute Verbose: 0 : SshRelayStream [TX: 0 TXA: 0 RX: 0 AQ: 0]: Sending DATA #0...
Google.Solutions.Compute Verbose: 0 : SshRelayStream [TX: 0 TXA: 0 RX: 0 AQ: 0]: Sending DATA #0...
Google.Solutions.Compute Verbose: 0 : SshRelayStream [TX: 0 TXA: 0 RX: 0 AQ: 0]: Sending DATA #0...
Google.Solutions.Compute Verbose: 0 : SshRelayStream [TX: 0 TXA: 0 RX: 0 AQ: 0]: Sending DATA #0...
Google.Solutions.Compute Verbose: 0 : SshRelayStream [TX: 0 TXA: 0 RX: 0 AQ: 0]: Sending DATA #0...
Google.Solutions.Compute Verbose: 0 : SshRelayStream [TX: 0 TXA: 0 RX: 0 AQ: 0]: Sending DATA #0...
Google.Solutions.Compute Verbose: 0 : SshRelayStream [TX: 0 TXA: 0 RX: 0 AQ: 0]: Sending DATA #0...
Google.Solutions.Compute Verbose: 0 : SshRelayStream [TX: 0 TXA: 0 RX: 0 AQ: 0]: Sending DATA #0...
Google.Solutions.Compute Verbose: 0 : SshRelayStream [TX: 0 TXA: 0 RX: 0 AQ: 0]: Sending DATA #0...
Google.Solutions.Compute Verbose: 0 : SshRelayStream [TX: 0 TXA: 0 RX: 0 AQ: 0]: Sending DATA #0...
Google.Solutions.Compute Verbose: 0 : SshRelayStream [TX: 0 TXA: 0 RX: 0 AQ: 0]: Sending DATA #0...
Google.Solutions.Compute Verbose: 0 : SshRelayStream [TX: 0 TXA: 0 RX: 0 AQ: 0]: Sending DATA #0...
Google.Solutions.Compute Verbose: 0 : SshRelayStream [TX: 0 TXA: 0 RX: 0 AQ: 0]: Sending DATA #0...
Google.Solutions.Compute Verbose: 0 : SshRelayStream [TX: 0 TXA: 0 RX: 0 AQ: 0]: Sending DATA #0...
Google.Solutions.Compute Verbose: 0 : SshRelayStream [TX: 0 TXA: 0 RX: 0 AQ: 0]: Sending DATA #0...
Google.Solutions.Compute Verbose: 0 : SshRelayStream [TX: 1 TXA: 0 RX: 0 AQ: 1]: Sending DATA #1...
Google.Solutions.Compute Verbose: 0 : SshRelayStream [TX: 1 TXA: 0 RX: 0 AQ: 1]: Sending DATA #1...
Google.Solutions.Compute Verbose: 0 : SshRelayStream [TX: 1 TXA: 0 RX: 0 AQ: 1]: Sending DATA #1...
Google.Solutions.Compute Verbose: 0 : SshRelayStream [TX: 1 TXA: 0 RX: 0 AQ: 1]: Sending DATA #1...
Google.Solutions.Compute Verbose: 0 : SshRelayStream [TX: 1 TXA: 0 RX: 0 AQ: 1]: Sending DATA #1...
Google.Solutions.Compute Verbose: 0 : SshRelayStream [TX: 1 TXA: 0 RX: 0 AQ: 1]: Sending DATA #1...
Google.Solutions.Compute Verbose: 0 : SshRelayStream [TX: 1 TXA: 0 RX: 0 AQ: 1]: Sending DATA #1...
Google.Solutions.Compute Verbose: 0 : SshRelayStream [TX: 1 TXA: 0 RX: 0 AQ: 1]: Sending DATA #1...
Google.Solutions.Compute Verbose: 0 : SshRelayStream [TX: 1 TXA: 0 RX: 0 AQ: 1]: Sending DATA #1...
Google.Solutions.Compute Verbose: 0 : SshRelayStream [TX: 1 TXA: 0 RX: 0 AQ: 1]: Sending DATA #1...
Google.Solutions.Compute Verbose: 0 : SshRelayStream [TX: 1 TXA: 0 RX: 0 AQ: 1]: Sending DATA #1...
Google.Solutions.Compute Verbose: 0 : SshRelayStream [TX: 1 TXA: 0 RX: 0 AQ: 1]: Sending DATA #1...
Google.Solutions.Compute Verbose: 0 : SshRelayStream [TX: 1 TXA: 0 RX: 0 AQ: 1]: Sending DATA #1...
Google.Solutions.Compute Verbose: 0 : SshRelayStream [TX: 1 TXA: 0 RX: 0 AQ: 1]: Sending DATA #1...
Google.Solutions.Compute Verbose: 0 : SshRelayStream [TX: 1 TXA: 0 RX: 0 AQ: 1]: Sending DATA #1...
Google.Solutions.Compute Verbose: 0 : SshRelayStream [TX: 1 TXA: 0 RX: 0 AQ: 1]: Sending DATA #1...
Google.Solutions.Compute Verbose: 0 : SshRelayStream [TX: 1 TXA: 0 RX: 0 AQ: 1]: Sending DATA #1...
Google.Solutions.Compute Verbose: 0 : SshRelayStream [TX: 1 TXA: 0 RX: 0 AQ: 1]: Sending DATA #1...
Google.Solutions.Compute Verbose: 0 : SshRelayStream [TX: 1 TXA: 0 RX: 0 AQ: 1]: Sending DATA #1...
Google.Solutions.Compute Verbose: 0 : SshRelayStream [TX: 1 TXA: 0 RX: 0 AQ: 1]: Sending DATA #1...
Google.Solutions.Compute Verbose: 0 : SshRelayStream [TX: 1 TXA: 0 RX: 0 AQ: 1]: Sending DATA #1...
Google.Solutions.Compute Verbose: 0 : SshRelayStream [TX: 1 TXA: 0 RX: 0 AQ: 1]: Sending DATA #1...
Google.Solutions.Compute Verbose: 0 : SshRelayStream [TX: 1 TXA: 0 RX: 0 AQ: 1]: Sending DATA #1...
Google.Solutions.Compute Verbose: 0 : SshRelayStream [TX: 1 TXA: 0 RX: 0 AQ: 1]: Sending DATA #1...
Google.Solutions.Compute Verbose: 0 : SshRelayStream [TX: 1 TXA: 0 RX: 0 AQ: 1]: Sending DATA #1...
Google.Solutions.Compute Verbose: 0 : SshRelayStream [TX: 1 TXA: 0 RX: 0 AQ: 1]: Sending DATA #1...
Google.Solutions.Compute Verbose: 0 : SshRelayStream [TX: 1 TXA: 0 RX: 0 AQ: 1]: Sending DATA #1...
Google.Solutions.Compute Verbose: 0 : SshRelayStream [TX: 1 TXA: 0 RX: 0 AQ: 1]: Sending DATA #1...
Google.Solutions.Compute Verbose: 0 : SshRelayStream [TX: 1 TXA: 0 RX: 0 AQ: 1]: Sending DATA #1...
Google.Solutions.Compute Verbose: 0 : SshRelayStream [TX: 1 TXA: 0 RX: 0 AQ: 1]: Sending DATA #1...
Google.Solutions.Compute Verbose: 0 : SshRelayStream [TX: 1 TXA: 0 RX: 0 AQ: 1]: Sending DATA #1...
Google.Solutions.Compute Verbose: 0 : SshRelayStream [TX: 1 TXA: 0 RX: 0 AQ: 1]: Sending DATA #1...
Google.Solutions.Compute Verbose: 0 : SshRelayStream [TX: 1 TXA: 0 RX: 0 AQ: 1]: Sending DATA #1...
Google.Solutions.Compute Verbose: 0 : SshRelayStream [TX: 1 TXA: 0 RX: 0 AQ: 1]: Sending DATA #1...
Google.Solutions.Compute Verbose: 0 : SshRelayStream [TX: 1 TXA: 0 RX: 0 AQ: 1]: Sending DATA #1...
Google.Solutions.Compute Verbose: 0 : SshRelayStream [TX: 1 TXA: 0 RX: 0 AQ: 1]: Sending DATA #1...
Google.Solutions.Compute Verbose: 0 : SshRelayStream [TX: 1 TXA: 0 RX: 0 AQ: 1]: Sending DATA #1...
Google.Solutions.Compute Verbose: 0 : SshRelayStream [TX: 1 TXA: 0 RX: 0 AQ: 1]: Sending DATA #1...
Google.Solutions.Compute Verbose: 0 : SshRelayStream [TX: 1 TXA: 0 RX: 0 AQ: 1]: Sending DATA #1...
Google.Solutions.Compute Verbose: 0 : SshRelayStream [TX: 1 TXA: 0 RX: 0 AQ: 1]: Sending DATA #1...
Google.Solutions.Compute Verbose: 0 : SshRelayStream [TX: 1 TXA: 0 RX: 0 AQ: 1]: Sending DATA #1...
Google.Solutions.Compute Verbose: 0 : SshRelayStream [TX: 1 TXA: 0 RX: 0 AQ: 1]: Sending DATA #1...
Google.Solutions.Compute Verbose: 0 : SshRelayStream [TX: 1 TXA: 0 RX: 0 AQ: 1]: Sending DATA #1...
Google.Solutions.Compute Verbose: 0 : SshRelayStream [TX: 1 TXA: 0 RX: 0 AQ: 1]: Sending DATA #1...
Google.Solutions.Compute Verbose: 0 : SshRelayStream [TX: 1 TXA: 0 RX: 0 AQ: 1]: Sending DATA #1...
Google.Solutions.Compute Verbose: 0 : SshRelayStream [TX: 1 TXA: 0 RX: 0 AQ: 1]: Sending DATA #1...
Google.Solutions.Compute Verbose: 0 : SshRelayStream [TX: 1 TXA: 0 RX: 0 AQ: 1]: Sending DATA #1...
Google.Solutions.Compute Verbose: 0 : SshRelayStream [TX: 1 TXA: 0 RX: 0 AQ: 1]: Sending DATA #1...
Google.Solutions.Compute Verbose: 0 : SshRelayStream [TX: 2 TXA: 0 RX: 0 AQ: 2]: Sending DATA #2...
Google.Solutions.Compute Verbose: 0 : SshRelayStream [TX: 2 TXA: 0 RX: 0 AQ: 2]: Sending DATA #2...
Google.Solutions.Compute Verbose: 0 : SshRelayStream [TX: 2 TXA: 0 RX: 0 AQ: 2]: Sending DATA #2...
Google.Solutions.Compute Verbose: 0 : SshRelayStream [TX: 2 TXA: 0 RX: 0 AQ: 2]: Sending DATA #2...
Google.Solutions.Compute Verbose: 0 : SshRelayStream [TX: 2 TXA: 0 RX: 0 AQ: 2]: Sending DATA #2...
Google.Solutions.Compute Verbose: 0 : SshRelayStream [TX: 2 TXA: 0 RX: 0 AQ: 2]: Sending DATA #2...
Google.Solutions.Compute Verbose: 0 : SshRelayStream [TX: 2 TXA: 0 RX: 0 AQ: 2]: Sending DATA #2...
Google.Solutions.Compute Verbose: 0 : SshRelayStream [TX: 2 TXA: 0 RX: 0 AQ: 2]: Sending DATA #2...
Google.Solutions.Compute Verbose: 0 : SshRelayStream [TX: 2 TXA: 0 RX: 0 AQ: 2]: Sending DATA #2...
Google.Solutions.Compute Verbose: 0 : SshRelayStream [TX: 2 TXA: 0 RX: 0 AQ: 2]: Sending DATA #2...
Google.Solutions.Compute Verbose: 0 : SshRelayStream [TX: 2 TXA: 0 RX: 0 AQ: 2]: Sending DATA #2...
Google.Solutions.Compute Verbose: 0 : SshRelayStream [TX: 2 TXA: 0 RX: 0 AQ: 2]: Sending DATA #2...
Google.Solutions.Compute Verbose: 0 : SshRelayStream [TX: 2 TXA: 0 RX: 0 AQ: 2]: Sending DATA #2...
Google.Solutions.Compute Verbose: 0 : SshRelayStream [TX: 2 TXA: 0 RX: 0 AQ: 2]: Sending DATA #2...
Google.Solutions.Compute Verbose: 0 : SshRelayStream [TX: 2 TXA: 0 RX: 0 AQ: 2]: Sending DATA #2...
Google.Solutions.Compute Verbose: 0 : SshRelayStream [TX: 2 TXA: 0 RX: 0 AQ: 2]: Sending DATA #2...
Google.Solutions.Compute Verbose: 0 : SshRelayStream [TX: 2 TXA: 0 RX: 0 AQ: 2]: Sending DATA #2...
Google.Solutions.Compute Verbose: 0 : SshRelayStream [TX: 2 TXA: 0 RX: 0 AQ: 2]: Sending DATA #2...
Google.Solutions.Compute Verbose: 0 : SshRelayStream [TX: 2 TXA: 0 RX: 0 AQ: 2]: Sending DATA #2...
Google.Solutions.Compute Verbose: 0 : SshRelayStream [TX: 2 TXA: 0 RX: 0 AQ: 2]: Sending DATA #2...
Google.Solutions.Compute Verbose: 0 : SshRelayStream [TX: 2 TXA: 0 RX: 0 AQ: 2]: Sending DATA #2...
Google.Solutions.Compute Verbose: 0 : SshRelayStream [TX: 2 TXA: 0 RX: 0 AQ: 2]: Sending DATA #2...
Google.Solutions.Compute Verbose: 0 : SshRelayStream [TX: 2 TXA: 0 RX: 0 AQ: 2]: Sending DATA #2...
Google.Solutions.Compute Verbose: 0 : SshRelayStream [TX: 2 TXA: 0 RX: 0 AQ: 2]: Sending DATA #2...
Google.Solutions.Compute Verbose: 0 : SshRelayStream [TX: 2 TXA: 0 RX: 0 AQ: 2]: Sending DATA #2...
Google.Solutions.Compute Verbose: 0 : SshRelayStream [TX: 2 TXA: 0 RX: 0 AQ: 2]: Sending DATA #2...
Google.Solutions.Compute Verbose: 0 : SshRelayStream [TX: 2 TXA: 0 RX: 0 AQ: 2]: Sending DATA #2...
Google.Solutions.Compute Verbose: 0 : SshRelayStream [TX: 2 TXA: 0 RX: 0 AQ: 2]: Sending DATA #2...
Google.Solutions.Compute Verbose: 0 : SshRelayStream [TX: 2 TXA: 0 RX: 0 AQ: 2]: Sending DATA #2...
Google.Solutions.Compute Verbose: 0 : SshRelayStream [TX: 2 TXA: 0 RX: 0 AQ: 2]: Sending DATA #2...
Google.Solutions.Compute Verbose: 0 : SshRelayStream [TX: 2 TXA: 0 RX: 0 AQ: 2]: Sending DATA #2...
Google.Solutions.Compute Verbose: 0 : SshRelayStream [TX: 2 TXA: 0 RX: 0 AQ: 2]: Sending DATA #2...
Google.Solutions.Compute Verbose: 0 : SshRelayStream [TX: 2 TXA: 0 RX: 0 AQ: 2]: Sending DATA #2...
Google.Solutions.Compute Verbose: 0 : SshRelayStream [TX: 2 TXA: 0 RX: 0 AQ: 2]: Sending DATA #2...
Google.Solutions.Compute Verbose: 0 : SshRelayStream [TX: 2 TXA: 0 RX: 0 AQ: 2]: Sending DATA #2...
Google.Solutions.Compute Verbose: 0 : SshRelayStream [TX: 2 TXA: 0 RX: 0 AQ: 2]: Sending DATA #2...
Google.Solutions.Compute Verbose: 0 : SshRelayStream [TX: 2 TXA: 0 RX: 0 AQ: 2]: Sending DATA #2...
Google.Solutions.Compute Verbose: 0 : SshRelayStream [TX: 2 TXA: 0 RX: 0 AQ: 2]: Sending DATA #2...
Google.Solutions.Compute Verbose: 0 : SshRelayStream [TX: 2 TXA: 0 RX: 0 AQ: 2]: Sending DATA #2...
Google.Solutions.Compute Verbose: 0 : SshRelayStream [TX: 2 TXA: 0 RX: 0 AQ: 2]: Sending DATA #2...
Google.Solutions.Compute Verbose: 0 : SshRelayStream [TX: 2 TXA: 0 RX: 0 AQ: 2]: Sending DATA #2...
Google.Solutions.Compute Verbose: 0 : SshRelayStream [TX: 2 TXA: 0 RX: 0 AQ: 2]: Sending DATA #2...
Google.Solutions.Compute Verbose: 0 : SshRelayStream [TX: 2 TXA: 0 RX: 0 AQ: 2]: Sending DATA #2...
Google.Solutions.Compute Verbose: 0 : SshRelayStream [TX: 2 TXA: 0 RX: 0 AQ: 2]: Sending DATA #2...
Google.Solutions.Compute Verbose: 0 : SshRelayStream [TX: 2 TXA: 0 RX: 0 AQ: 2]: Sending DATA #2...
Google.Solutions.Compute Verbose: 0 : SshRelayStream [TX: 2 TXA: 0 RX: 0 AQ: 2]: Sending DATA #2...
Google.Solutions.Compute Verbose: 0 : SshRelayStream [TX: 2 TXA: 0 RX: 0 AQ: 2]: Sending DATA #2...
Google.Solutions.Compute Verbose: 0 : SshRelayStream [TX: 2 TXA: 0 RX: 0 AQ: 2]: Sending DATA #2...
Google.Solutions.Compute Verbose: 0 : SshRelayStream [TX: 2 TXA: 0 RX: 0 AQ: 2]: Connection closed abnormally: 1001
Google.Solutions.Compute Verbose: 0 : SshRelayStream [TX: 2 TXA: 0 RX: 0 AQ: 2]: Connection closed abnormally: 1001
Google.Solutions.Compute Verbose: 0 : SshRelayStream [TX: 2 TXA: 0 RX: 0 AQ: 2]: Connection closed abnormally: 1001
Google.Solutions.Compute Verbose: 0 : SshRelayStream [TX: 2 TXA: 0 RX: 0 AQ: 2]: Connection closed abnormally: 1001
Google.Solutions.Compute Verbose: 0 : SshRelayStream [TX: 2 TXA: 0 RX: 0 AQ: 2]: Connection closed abnormally: 1001
Google.Solutions.Compute Verbose: 0 : SshRelayStream [TX: 2 TXA: 0 RX: 0 AQ: 2]: Connection closed abnormally: 1001
Google.Solutions.Compute Verbose: 0 : SshRelayStream [TX: 2 TXA: 0 RX: 0 AQ: 2]: Connection closed abnormally: 1001
Google.Solutions.Compute Verbose: 0 : SshRelayStream [TX: 2 TXA: 0 RX: 0 AQ: 2]: Connection closed abnormally: 1001
Google.Solutions.Compute Verbose: 0 : SshRelayStream [TX: 2 TXA: 0 RX: 0 AQ: 2]: Connection closed abnormally: 1001
Google.Solutions.Compute Verbose: 0 : SshRelayStream [TX: 2 TXA: 0 RX: 0 AQ: 2]: Connection closed abnormally: 1001
Google.Solutions.Compute Verbose: 0 : SshRelayStream [TX: 2 TXA: 0 RX: 0 AQ: 2]: Connection closed abnormally: 1001
Google.Solutions.Compute Verbose: 0 : SshRelayStream [TX: 2 TXA: 0 RX: 0 AQ: 2]: Connection closed abnormally: 1001
Google.Solutions.Compute Verbose: 0 : SshRelayStream [TX: 2 TXA: 0 RX: 0 AQ: 2]: Connection closed abnormally: 1001
Google.Solutions.Compute Verbose: 0 : SshRelayStream [TX: 2 TXA: 0 RX: 0 AQ: 2]: Connection closed abnormally: 1001
Google.Solutions.Compute Verbose: 0 : SshRelayStream [TX: 2 TXA: 0 RX: 0 AQ: 2]: Connection closed abnormally: 1001
Google.Solutions.Compute Verbose: 0 : SshRelayStream [TX: 2 TXA: 0 RX: 0 AQ: 2]: Connection closed abnormally: 1001
Google.Solutions.Compute Verbose: 0 : SshRelayStream [TX: 2 TXA: 0 RX: 0 AQ: 2]: Connection closed abnormally: 1001
Google.Solutions.Compute Verbose: 0 : SshRelayStream [TX: 2 TXA: 0 RX: 0 AQ: 2]: Connection closed abnormally: 1001
Google.Solutions.Compute Verbose: 0 : SshRelayStream [TX: 2 TXA: 0 RX: 0 AQ: 2]: Connection closed abnormally: 1001
Google.Solutions.Compute Verbose: 0 : SshRelayStream [TX: 2 TXA: 0 RX: 0 AQ: 2]: Connection closed abnormally: 1001
Google.Solutions.Compute Verbose: 0 : SshRelayStream [TX: 2 TXA: 0 RX: 0 AQ: 2]: Connection closed abnormally: 1001
Google.Solutions.Compute Verbose: 0 : SshRelayStream [TX: 2 TXA: 0 RX: 0 AQ: 2]: Connection closed abnormally: 1001
Google.Solutions.Compute Verbose: 0 : SshRelayStream [TX: 2 TXA: 0 RX: 0 AQ: 2]: Connection closed abnormally: 1001
Google.Solutions.Compute Verbose: 0 : SshRelayStream [TX: 2 TXA: 0 RX: 0 AQ: 2]: Connection closed abnormally: 1001
Google.Solutions.Compute Verbose: 0 : SshRelayStream [TX: 2 TXA: 0 RX: 0 AQ: 2]: Connection closed abnormally: 1001
Google.Solutions.Compute Verbose: 0 : SshRelayStream [TX: 2 TXA: 0 RX: 0 AQ: 2]: Connection closed abnormally: 1001
Google.Solutions.Compute Verbose: 0 : SshRelayStream [TX: 2 TXA: 0 RX: 0 AQ: 2]: Connection closed abnormally: 1001
Google.Solutions.Compute Verbose: 0 : SshRelayStream [TX: 2 TXA: 0 RX: 0 AQ: 2]: Connection closed abnormally: 1001
Google.Solutions.Compute Verbose: 0 : SshRelayStream [TX: 2 TXA: 0 RX: 0 AQ: 2]: Connection closed abnormally: 1001
Google.Solutions.Compute Verbose: 0 : SshRelayStream [TX: 2 TXA: 0 RX: 0 AQ: 2]: Connection closed abnormally: 1001
Google.Solutions.Compute Verbose: 0 : SshRelayStream [TX: 2 TXA: 0 RX: 0 AQ: 2]: Connection closed abnormally: 1001
Google.Solutions.Compute Verbose: 0 : SshRelayStream [TX: 2 TXA: 0 RX: 0 AQ: 2]: Connection closed abnormally: 1001
Google.Solutions.Compute Verbose: 0 : SshRelayStream [TX: 2 TXA: 0 RX: 0 AQ: 2]: Connection closed abnormally: 1001
Google.Solutions.Compute Verbose: 0 : SshRelayStream [TX: 2 TXA: 0 RX: 0 AQ: 2]: Connection closed abnormally: 1001
Google.Solutions.Compute Verbose: 0 : SshRelayStream [TX: 2 TXA: 0 RX: 0 AQ: 2]: Connection closed abnormally: 1001
Google.Solutions.Compute Verbose: 0 : SshRelayStream [TX: 2 TXA: 0 RX: 0 AQ: 2]: Connection closed abnormally: 1001
Google.Solutions.Compute Verbose: 0 : SshRelayStream [TX: 2 TXA: 0 RX: 0 AQ: 2]: Connection closed abnormally: 1001
Google.Solutions.Compute Verbose: 0 : SshRelayStream [TX: 2 TXA: 0 RX: 0 AQ: 2]: Connection closed abnormally: 1001
Google.Solutions.Compute Verbose: 0 : SshRelayStream [TX: 2 TXA: 0 RX: 0 AQ: 2]: Connection closed abnormally: 1001
Google.Solutions.Compute Verbose: 0 : SshRelayStream [TX: 2 TXA: 0 RX: 0 AQ: 2]: Connection closed abnormally: 1001
Google.Solutions.Compute Verbose: 0 : SshRelayStream [TX: 2 TXA: 0 RX: 0 AQ: 2]: Connection closed abnormally: 1001
Google.Solutions.Compute Verbose: 0 : SshRelayStream [TX: 2 TXA: 0 RX: 0 AQ: 2]: Connection closed abnormally: 1001
Google.Solutions.Compute Verbose: 0 : SshRelayStream [TX: 2 TXA: 0 RX: 0 AQ: 2]: Connection closed abnormally: 1001
Google.Solutions.Compute Verbose: 0 : SshRelayStream [TX: 2 TXA: 0 RX: 0 AQ: 2]: Connection closed abnormally: 1001
Google.Solutions.Compute Verbose: 0 : SshRelayStream [TX: 2 TXA: 0 RX: 0 AQ: 2]: Connection closed abnormally: 1001
Google.Solutions.Compute Verbose: 0 : SshRelayStream [TX: 2 TXA: 0 RX: 0 AQ: 2]: Connection closed abnormally: 1001
Google.Solutions.Compute Verbose: 0 : SshRelayStream [TX: 2 TXA: 0 RX: 0 AQ: 2]: Connection closed abnormally: 1001
Google.Solutions.Compute Verbose: 0 : SshRelayStream [TX: 2 TXA: 0 RX: 0 AQ: 2]: Connection closed abnormally: 1001
Google.Solutions.Compute Verbose: 0 : SshRelayStream [TX: 2 TXA: 0 RX: 0 AQ: 2]: Disconnecting, preparing to reconnect
Google.Solutions.Compute Verbose: 0 : SshRelayStream [TX: 2 TXA: 0 RX: 0 AQ: 2]: Disconnecting, preparing to reconnect
Google.Solutions.Compute Verbose: 0 : SshRelayStream [TX: 2 TXA: 0 RX: 0 AQ: 2]: Disconnecting, preparing to reconnect
Google.Solutions.Compute Verbose: 0 : SshRelayStream [TX: 2 TXA: 0 RX: 0 AQ: 2]: Disconnecting, preparing to reconnect
Google.Solutions.Compute Verbose: 0 : SshRelayStream [TX: 2 TXA: 0 RX: 0 AQ: 2]: Disconnecting, preparing to reconnect
Google.Solutions.Compute Verbose: 0 : SshRelayStream [TX: 2 TXA: 0 RX: 0 AQ: 2]: Disconnecting, preparing to reconnect
Google.Solutions.Compute Verbose: 0 : SshRelayStream [TX: 2 TXA: 0 RX: 0 AQ: 2]: Disconnecting, preparing to reconnect
Google.Solutions.Compute Verbose: 0 : SshRelayStream [TX: 2 TXA: 0 RX: 0 AQ: 2]: Disconnecting, preparing to reconnect
Google.Solutions.Compute Verbose: 0 : SshRelayStream [TX: 2 TXA: 0 RX: 0 AQ: 2]: Disconnecting, preparing to reconnect
Google.Solutions.Compute Verbose: 0 : SshRelayStream [TX: 2 TXA: 0 RX: 0 AQ: 2]: Disconnecting, preparing to reconnect
Google.Solutions.Compute Verbose: 0 : SshRelayStream [TX: 2 TXA: 0 RX: 0 AQ: 2]: Disconnecting, preparing to reconnect
Google.Solutions.Compute Verbose: 0 : SshRelayStream [TX: 2 TXA: 0 RX: 0 AQ: 2]: Disconnecting, preparing to reconnect
Google.Solutions.Compute Verbose: 0 : SshRelayStream [TX: 2 TXA: 0 RX: 0 AQ: 2]: Disconnecting, preparing to reconnect
Google.Solutions.Compute Verbose: 0 : SshRelayStream [TX: 2 TXA: 0 RX: 0 AQ: 2]: Disconnecting, preparing to reconnect
Google.Solutions.Compute Verbose: 0 : SshRelayStream [TX: 2 TXA: 0 RX: 0 AQ: 2]: Disconnecting, preparing to reconnect
Google.Solutions.Compute Verbose: 0 : SshRelayStream [TX: 2 TXA: 0 RX: 0 AQ: 2]: Disconnecting, preparing to reconnect
Google.Solutions.Compute Verbose: 0 : SshRelayStream [TX: 2 TXA: 0 RX: 0 AQ: 2]: Disconnecting, preparing to reconnect
Google.Solutions.Compute Verbose: 0 : SshRelayStream [TX: 2 TXA: 0 RX: 0 AQ: 2]: Disconnecting, preparing to reconnect
Google.Solutions.Compute Verbose: 0 : SshRelayStream [TX: 2 TXA: 0 RX: 0 AQ: 2]: Disconnecting, preparing to reconnect
Google.Solutions.Compute Verbose: 0 : SshRelayStream [TX: 2 TXA: 0 RX: 0 AQ: 2]: Disconnecting, preparing to reconnect
Google.Solutions.Compute Verbose: 0 : SshRelayStream [TX: 2 TXA: 0 RX: 0 AQ: 2]: Disconnecting, preparing to reconnect
Google.Solutions.Compute Verbose: 0 : SshRelayStream [TX: 2 TXA: 0 RX: 0 AQ: 2]: Disconnecting, preparing to reconnect
Google.Solutions.Compute Verbose: 0 : SshRelayStream [TX: 2 TXA: 0 RX: 0 AQ: 2]: Disconnecting, preparing to reconnect
Google.Solutions.Compute Verbose: 0 : SshRelayStream [TX: 2 TXA: 0 RX: 0 AQ: 2]: Disconnecting, preparing to reconnect
Google.Solutions.Compute Verbose: 0 : SshRelayStream [TX: 2 TXA: 0 RX: 0 AQ: 2]: Disconnecting, preparing to reconnect
Google.Solutions.Compute Verbose: 0 : SshRelayStream [TX: 2 TXA: 0 RX: 0 AQ: 2]: Disconnecting, preparing to reconnect
Google.Solutions.Compute Verbose: 0 : SshRelayStream [TX: 2 TXA: 0 RX: 0 AQ: 2]: Disconnecting, preparing to reconnect
Google.Solutions.Compute Verbose: 0 : SshRelayStream [TX: 2 TXA: 0 RX: 0 AQ: 2]: Disconnecting, preparing to reconnect
Google.Solutions.Compute Verbose: 0 : SshRelayStream [TX: 2 TXA: 0 RX: 0 AQ: 2]: Disconnecting, preparing to reconnect
Google.Solutions.Compute Verbose: 0 : SshRelayStream [TX: 2 TXA: 0 RX: 0 AQ: 2]: Disconnecting, preparing to reconnect
Google.Solutions.Compute Verbose: 0 : SshRelayStream [TX: 2 TXA: 0 RX: 0 AQ: 2]: Disconnecting, preparing to reconnect
Google.Solutions.Compute Verbose: 0 : SshRelayStream [TX: 2 TXA: 0 RX: 0 AQ: 2]: Disconnecting, preparing to reconnect
Google.Solutions.Compute Verbose: 0 : SshRelayStream [TX: 2 TXA: 0 RX: 0 AQ: 2]: Disconnecting, preparing to reconnect
Google.Solutions.Compute Verbose: 0 : SshRelayStream [TX: 2 TXA: 0 RX: 0 AQ: 2]: Disconnecting, preparing to reconnect
Google.Solutions.Compute Verbose: 0 : SshRelayStream [TX: 2 TXA: 0 RX: 0 AQ: 2]: Disconnecting, preparing to reconnect
Google.Solutions.Compute Verbose: 0 : SshRelayStream [TX: 2 TXA: 0 RX: 0 AQ: 2]: Disconnecting, preparing to reconnect
Google.Solutions.Compute Verbose: 0 : SshRelayStream [TX: 2 TXA: 0 RX: 0 AQ: 2]: Disconnecting, preparing to reconnect
Google.Solutions.Compute Verbose: 0 : SshRelayStream [TX: 2 TXA: 0 RX: 0 AQ: 2]: Disconnecting, preparing to reconnect
Google.Solutions.Compute Verbose: 0 : SshRelayStream [TX: 2 TXA: 0 RX: 0 AQ: 2]: Disconnecting, preparing to reconnect
Google.Solutions.Compute Verbose: 0 : SshRelayStream [TX: 2 TXA: 0 RX: 0 AQ: 2]: Disconnecting, preparing to reconnect
Google.Solutions.Compute Verbose: 0 : SshRelayStream [TX: 2 TXA: 0 RX: 0 AQ: 2]: Disconnecting, preparing to reconnect
Google.Solutions.Compute Verbose: 0 : SshRelayStream [TX: 2 TXA: 0 RX: 0 AQ: 2]: Disconnecting, preparing to reconnect
Google.Solutions.Compute Verbose: 0 : SshRelayStream [TX: 2 TXA: 0 RX: 0 AQ: 2]: Disconnecting, preparing to reconnect
Google.Solutions.Compute Verbose: 0 : SshRelayStream [TX: 2 TXA: 0 RX: 0 AQ: 2]: Disconnecting, preparing to reconnect
Google.Solutions.Compute Verbose: 0 : SshRelayStream [TX: 2 TXA: 0 RX: 0 AQ: 2]: Disconnecting, preparing to reconnect
Google.Solutions.Compute Verbose: 0 : SshRelayStream [TX: 2 TXA: 0 RX: 0 AQ: 2]: Disconnecting, preparing to reconnect
Google.Solutions.Compute Verbose: 0 : SshRelayStream [TX: 2 TXA: 0 RX: 0 AQ: 2]: Disconnecting, preparing to reconnect
Google.Solutions.Compute Verbose: 0 : SshRelayStream [TX: 2 TXA: 0 RX: 0 AQ: 2]: Disconnecting, preparing to reconnect
Google.Solutions.Compute Verbose: 0 : SshRelayStream [TX: 2 TXA: 0 RX: 0 AQ: 2]: Disonnected.
Google.Solutions.Compute Verbose: 0 : SshRelayStream [TX: 2 TXA: 0 RX: 0 AQ: 2]: Disonnected.
Google.Solutions.Compute Verbose: 0 : SshRelayStream [TX: 2 TXA: 0 RX: 0 AQ: 2]: Disonnected.
Google.Solutions.Compute Verbose: 0 : SshRelayStream [TX: 2 TXA: 0 RX: 0 AQ: 2]: Disonnected.
Google.Solutions.Compute Verbose: 0 : SshRelayStream [TX: 2 TXA: 0 RX: 0 AQ: 2]: Disonnected.
Google.Solutions.Compute Verbose: 0 : SshRelayStream [TX: 2 TXA: 0 RX: 0 AQ: 2]: Disonnected.
Google.Solutions.Compute Verbose: 0 : SshRelayStream [TX: 2 TXA: 0 RX: 0 AQ: 2]: Disonnected.
Google.Solutions.Compute Verbose: 0 : SshRelayStream [TX: 2 TXA: 0 RX: 0 AQ: 2]: Disonnected.
Google.Solutions.Compute Verbose: 0 : SshRelayStream [TX: 2 TXA: 0 RX: 0 AQ: 2]: Disonnected.
Google.Solutions.Compute Verbose: 0 : SshRelayStream [TX: 2 TXA: 0 RX: 0 AQ: 2]: Disonnected.
Google.Solutions.Compute Verbose: 0 : SshRelayStream [TX: 2 TXA: 0 RX: 0 AQ: 2]: Disonnected.
Google.Solutions.Compute Verbose: 0 : SshRelayStream [TX: 2 TXA: 0 RX: 0 AQ: 2]: Disonnected.
Google.Solutions.Compute Verbose: 0 : SshRelayStream [TX: 2 TXA: 0 RX: 0 AQ: 2]: Disonnected.
Google.Solutions.Compute Verbose: 0 : SshRelayStream [TX: 2 TXA: 0 RX: 0 AQ: 2]: Disonnected.
Google.Solutions.Compute Verbose: 0 : SshRelayStream [TX: 2 TXA: 0 RX: 0 AQ: 2]: Disonnected.
Google.Solutions.Compute Verbose: 0 : SshRelayStream [TX: 2 TXA: 0 RX: 0 AQ: 2]: Disonnected.
Google.Solutions.Compute Verbose: 0 : SshRelayStream [TX: 2 TXA: 0 RX: 0 AQ: 2]: Disonnected.
Google.Solutions.Compute Verbose: 0 : SshRelayStream [TX: 2 TXA: 0 RX: 0 AQ: 2]: Disonnected.
Google.Solutions.Compute Verbose: 0 : SshRelayStream [TX: 2 TXA: 0 RX: 0 AQ: 2]: Disonnected.
Google.Solutions.Compute Verbose: 0 : SshRelayStream [TX: 2 TXA: 0 RX: 0 AQ: 2]: Disonnected.
Google.Solutions.Compute Verbose: 0 : SshRelayStream [TX: 2 TXA: 0 RX: 0 AQ: 2]: Disonnected.
Google.Solutions.Compute Verbose: 0 : SshRelayStream [TX: 2 TXA: 0 RX: 0 AQ: 2]: Disonnected.
Google.Solutions.Compute Verbose: 0 : SshRelayStream [TX: 2 TXA: 0 RX: 0 AQ: 2]: Disonnected.
Google.Solutions.Compute Verbose: 0 : SshRelayStream [TX: 2 TXA: 0 RX: 0 AQ: 2]: Disonnected.
Google.Solutions.Compute Verbose: 0 : SshRelayStream [TX: 2 TXA: 0 RX: 0 AQ: 2]: Disonnected.
Google.Solutions.Compute Verbose: 0 : SshRelayStream [TX: 2 TXA: 0 RX: 0 AQ: 2]: Disonnected.
Google.Solutions.Compute Verbose: 0 : SshRelayStream [TX: 2 TXA: 0 RX: 0 AQ: 2]: Disonnected.
Google.Solutions.Compute Verbose: 0 : SshRelayStream [TX: 2 TXA: 0 RX: 0 AQ: 2]: Disonnected.
Google.Solutions.Compute Verbose: 0 : SshRelayStream [TX: 2 TXA: 0 RX: 0 AQ: 2]: Disonnected.
Google.Solutions.Compute Verbose: 0 : SshRelayStream [TX: 2 TXA: 0 RX: 0 AQ: 2]: Disonnected.
Google.Solutions.Compute Verbose: 0 : SshRelayStream [TX: 2 TXA: 0 RX: 0 AQ: 2]: Disonnected.
Google.Solutions.Compute Verbose: 0 : SshRelayStream [TX: 2 TXA: 0 RX: 0 AQ: 2]: Disonnected.
Google.Solutions.Compute Verbose: 0 : SshRelayStream [TX: 2 TXA: 0 RX: 0 AQ: 2]: Disonnected.
Google.Solutions.Compute Verbose: 0 : SshRelayStream [TX: 2 TXA: 0 RX: 0 AQ: 2]: Disonnected.
Google.Solutions.Compute Verbose: 0 : SshRelayStream [TX: 2 TXA: 0 RX: 0 AQ: 2]: Disonnected.
Google.Solutions.Compute Verbose: 0 : SshRelayStream [TX: 2 TXA: 0 RX: 0 AQ: 2]: Disonnected.
Google.Solutions.Compute Verbose: 0 : SshRelayStream [TX: 2 TXA: 0 RX: 0 AQ: 2]: Disonnected.
Google.Solutions.Compute Verbose: 0 : SshRelayStream [TX: 2 TXA: 0 RX: 0 AQ: 2]: Disonnected.
Google.Solutions.Compute Verbose: 0 : SshRelayStream [TX: 2 TXA: 0 RX: 0 AQ: 2]: Disonnected.
Google.Solutions.Compute Verbose: 0 : SshRelayStream [TX: 2 TXA: 0 RX: 0 AQ: 2]: Disonnected.
Google.Solutions.Compute Verbose: 0 : SshRelayStream [TX: 2 TXA: 0 RX: 0 AQ: 2]: Disonnected.
Google.Solutions.Compute Verbose: 0 : SshRelayStream [TX: 2 TXA: 0 RX: 0 AQ: 2]: Disonnected.
Google.Solutions.Compute Verbose: 0 : SshRelayStream [TX: 2 TXA: 0 RX: 0 AQ: 2]: Disonnected.
Google.Solutions.Compute Verbose: 0 : SshRelayStream [TX: 2 TXA: 0 RX: 0 AQ: 2]: Disonnected.
Google.Solutions.Compute Verbose: 0 : SshRelayStream [TX: 2 TXA: 0 RX: 0 AQ: 2]: Disonnected.
Google.Solutions.Compute Verbose: 0 : SshRelayStream [TX: 2 TXA: 0 RX: 0 AQ: 2]: Disonnected.
Google.Solutions.Compute Verbose: 0 : SshRelayStream [TX: 2 TXA: 0 RX: 0 AQ: 2]: Disonnected.
Google.Solutions.Compute Verbose: 0 : SshRelayStream [TX: 2 TXA: 0 RX: 0 AQ: 2]: Disonnected.
Google.Solutions.Compute Verbose: 0 : SshRelayStream [TX: 2 TXA: 0 RX: 0 AQ: 2]: Connecting...
Google.Solutions.Compute Verbose: 0 : SshRelayStream [TX: 2 TXA: 0 RX: 0 AQ: 2]: Connecting...
Google.Solutions.Compute Verbose: 0 : SshRelayStream [TX: 2 TXA: 0 RX: 0 AQ: 2]: Connecting...
Google.Solutions.Compute Verbose: 0 : SshRelayStream [TX: 2 TXA: 0 RX: 0 AQ: 2]: Connecting...
Google.Solutions.Compute Verbose: 0 : SshRelayStream [TX: 2 TXA: 0 RX: 0 AQ: 2]: Connecting...
Google.Solutions.Compute Verbose: 0 : SshRelayStream [TX: 2 TXA: 0 RX: 0 AQ: 2]: Connecting...
Google.Solutions.Compute Verbose: 0 : SshRelayStream [TX: 2 TXA: 0 RX: 0 AQ: 2]: Connecting...
Google.Solutions.Compute Verbose: 0 : SshRelayStream [TX: 2 TXA: 0 RX: 0 AQ: 2]: Connecting...
Google.Solutions.Compute Verbose: 0 : SshRelayStream [TX: 2 TXA: 0 RX: 0 AQ: 2]: Connecting...
Google.Solutions.Compute Verbose: 0 : SshRelayStream [TX: 2 TXA: 0 RX: 0 AQ: 2]: Connecting...
Google.Solutions.Compute Verbose: 0 : SshRelayStream [TX: 2 TXA: 0 RX: 0 AQ: 2]: Connecting...
Google.Solutions.Compute Verbose: 0 : SshRelayStream [TX: 2 TXA: 0 RX: 0 AQ: 2]: Connecting...
Google.Solutions.Compute Verbose: 0 : SshRelayStream [TX: 2 TXA: 0 RX: 0 AQ: 2]: Connecting...
Google.Solutions.Compute Verbose: 0 : SshRelayStream [TX: 2 TXA: 0 RX: 0 AQ: 2]: Connecting...
Google.Solutions.Compute Verbose: 0 : SshRelayStream [TX: 2 TXA: 0 RX: 0 AQ: 2]: Connecting...
Google.Solutions.Compute Verbose: 0 : SshRelayStream [TX: 2 TXA: 0 RX: 0 AQ: 2]: Connecting...
Google.Solutions.Compute Verbose: 0 : SshRelayStream [TX: 2 TXA: 0 RX: 0 AQ: 2]: Connecting...
Google.Solutions.Compute Verbose: 0 : SshRelayStream [TX: 2 TXA: 0 RX: 0 AQ: 2]: Connecting...
Google.Solutions.Compute Verbose: 0 : SshRelayStream [TX: 2 TXA: 0 RX: 0 AQ: 2]: Connecting...
Google.Solutions.Compute Verbose: 0 : SshRelayStream [TX: 2 TXA: 0 RX: 0 AQ: 2]: Connecting...
Google.Solutions.Compute Verbose: 0 : SshRelayStream [TX: 2 TXA: 0 RX: 0 AQ: 2]: Connecting...
Google.Solutions.Compute Verbose: 0 : SshRelayStream [TX: 2 TXA: 0 RX: 0 AQ: 2]: Connecting...
Google.Solutions.Compute Verbose: 0 : SshRelayStream [TX: 2 TXA: 0 RX: 0 AQ: 2]: Connecting...
Google.Solutions.Compute Verbose: 0 : SshRelayStream [TX: 2 TXA: 0 RX: 0 AQ: 2]: Connecting...
Google.Solutions.Compute Verbose: 0 : SshRelayStream [TX: 2 TXA: 0 RX: 0 AQ: 2]: Connecting...
Google.Solutions.Compute Verbose: 0 : SshRelayStream [TX: 2 TXA: 0 RX: 0 AQ: 2]: Connecting...
Google.Solutions.Compute Verbose: 0 : SshRelayStream [TX: 2 TXA: 0 RX: 0 AQ: 2]: Connecting...
Google.Solutions.Compute Verbose: 0 : SshRelayStream [TX: 2 TXA: 0 RX: 0 AQ: 2]: Connecting...
Google.Solutions.Compute Verbose: 0 : SshRelayStream [TX: 2 TXA: 0 RX: 0 AQ: 2]: Connecting...
Google.Solutions.Compute Verbose: 0 : SshRelayStream [TX: 2 TXA: 0 RX: 0 AQ: 2]: Connecting...
Google.Solutions.Compute Verbose: 0 : SshRelayStream [TX: 2 TXA: 0 RX: 0 AQ: 2]: Connecting...
Google.Solutions.Compute Verbose: 0 : SshRelayStream [TX: 2 TXA: 0 RX: 0 AQ: 2]: Connecting...
Google.Solutions.Compute Verbose: 0 : SshRelayStream [TX: 2 TXA: 0 RX: 0 AQ: 2]: Connecting...
Google.Solutions.Compute Verbose: 0 : SshRelayStream [TX: 2 TXA: 0 RX: 0 AQ: 2]: Connecting...
Google.Solutions.Compute Verbose: 0 : SshRelayStream [TX: 2 TXA: 0 RX: 0 AQ: 2]: Connecting...
Google.Solutions.Compute Verbose: 0 : SshRelayStream [TX: 2 TXA: 0 RX: 0 AQ: 2]: Connecting...
Google.Solutions.Compute Verbose: 0 : SshRelayStream [TX: 2 TXA: 0 RX: 0 AQ: 2]: Connecting...
Google.Solutions.Compute Verbose: 0 : SshRelayStream [TX: 2 TXA: 0 RX: 0 AQ: 2]: Connecting...
Google.Solutions.Compute Verbose: 0 : SshRelayStream [TX: 2 TXA: 0 RX: 0 AQ: 2]: Connecting...
Google.Solutions.Compute Verbose: 0 : SshRelayStream [TX: 2 TXA: 0 RX: 0 AQ: 2]: Connecting...
Google.Solutions.Compute Verbose: 0 : SshRelayStream [TX: 2 TXA: 0 RX: 0 AQ: 2]: Connecting...
Google.Solutions.Compute Verbose: 0 : SshRelayStream [TX: 2 TXA: 0 RX: 0 AQ: 2]: Connecting...
Google.Solutions.Compute Verbose: 0 : SshRelayStream [TX: 2 TXA: 0 RX: 0 AQ: 2]: Connecting...
Google.Solutions.Compute Verbose: 0 : SshRelayStream [TX: 2 TXA: 0 RX: 0 AQ: 2]: Connecting...
Google.Solutions.Compute Verbose: 0 : SshRelayStream [TX: 2 TXA: 0 RX: 0 AQ: 2]: Connecting...
Google.Solutions.Compute Verbose: 0 : SshRelayStream [TX: 2 TXA: 0 RX: 0 AQ: 2]: Connecting...
Google.Solutions.Compute Verbose: 0 : SshRelayStream [TX: 2 TXA: 0 RX: 0 AQ: 2]: Connecting...
Google.Solutions.Compute Verbose: 0 : SshRelayStream [TX: 2 TXA: 0 RX: 0 AQ: 2]: Connecting...
Google.Solutions.Compute Verbose: 0 : SshRelayStream [TX: 2 TXA: 0 RX: 0 AQ: 1]: Resending DATA #0...
Google.Solutions.Compute Verbose: 0 : SshRelayStream [TX: 2 TXA: 0 RX: 0 AQ: 1]: Resending DATA #0...
Google.Solutions.Compute Verbose: 0 : SshRelayStream [TX: 2 TXA: 0 RX: 0 AQ: 1]: Resending DATA #0...
Google.Solutions.Compute Verbose: 0 : SshRelayStream [TX: 2 TXA: 0 RX: 0 AQ: 1]: Resending DATA #0...
Google.Solutions.Compute Verbose: 0 : SshRelayStream [TX: 2 TXA: 0 RX: 0 AQ: 1]: Resending DATA #0...
Google.Solutions.Compute Verbose: 0 : SshRelayStream [TX: 2 TXA: 0 RX: 0 AQ: 1]: Resending DATA #0...
Google.Solutions.Compute Verbose: 0 : SshRelayStream [TX: 2 TXA: 0 RX: 0 AQ: 1]: Resending DATA #0...
Google.Solutions.Compute Verbose: 0 : SshRelayStream [TX: 2 TXA: 0 RX: 0 AQ: 1]: Resending DATA #0...
Google.Solutions.Compute Verbose: 0 : SshRelayStream [TX: 2 TXA: 0 RX: 0 AQ: 1]: Resending DATA #0...
Google.Solutions.Compute Verbose: 0 : SshRelayStream [TX: 2 TXA: 0 RX: 0 AQ: 1]: Resending DATA #0...
Google.Solutions.Compute Verbose: 0 : SshRelayStream [TX: 2 TXA: 0 RX: 0 AQ: 1]: Resending DATA #0...
Google.Solutions.Compute Verbose: 0 : SshRelayStream [TX: 2 TXA: 0 RX: 0 AQ: 1]: Resending DATA #0...
Google.Solutions.Compute Verbose: 0 : SshRelayStream [TX: 2 TXA: 0 RX: 0 AQ: 1]: Resending DATA #0...
Google.Solutions.Compute Verbose: 0 : SshRelayStream [TX: 2 TXA: 0 RX: 0 AQ: 1]: Resending DATA #0...
Google.Solutions.Compute Verbose: 0 : SshRelayStream [TX: 2 TXA: 0 RX: 0 AQ: 1]: Resending DATA #0...
Google.Solutions.Compute Verbose: 0 : SshRelayStream [TX: 2 TXA: 0 RX: 0 AQ: 1]: Resending DATA #0...
Google.Solutions.Compute Verbose: 0 : SshRelayStream [TX: 2 TXA: 0 RX: 0 AQ: 1]: Resending DATA #0...
Google.Solutions.Compute Verbose: 0 : SshRelayStream [TX: 2 TXA: 0 RX: 0 AQ: 1]: Resending DATA #0...
Google.Solutions.Compute Verbose: 0 : SshRelayStream [TX: 2 TXA: 0 RX: 0 AQ: 1]: Resending DATA #0...
Google.Solutions.Compute Verbose: 0 : SshRelayStream [TX: 2 TXA: 0 RX: 0 AQ: 1]: Resending DATA #0...
Google.Solutions.Compute Verbose: 0 : SshRelayStream [TX: 2 TXA: 0 RX: 0 AQ: 1]: Resending DATA #0...
Google.Solutions.Compute Verbose: 0 : SshRelayStream [TX: 2 TXA: 0 RX: 0 AQ: 1]: Resending DATA #0...
Google.Solutions.Compute Verbose: 0 : SshRelayStream [TX: 2 TXA: 0 RX: 0 AQ: 1]: Resending DATA #0...
Google.Solutions.Compute Verbose: 0 : SshRelayStream [TX: 2 TXA: 0 RX: 0 AQ: 1]: Resending DATA #0...
Google.Solutions.Compute Verbose: 0 : SshRelayStream [TX: 2 TXA: 0 RX: 0 AQ: 1]: Resending DATA #0...
Google.Solutions.Compute Verbose: 0 : SshRelayStream [TX: 2 TXA: 0 RX: 0 AQ: 1]: Resending DATA #0...
Google.Solutions.Compute Verbose: 0 : SshRelayStream [TX: 2 TXA: 0 RX: 0 AQ: 1]: Resending DATA #0...
Google.Solutions.Compute Verbose: 0 : SshRelayStream [TX: 2 TXA: 0 RX: 0 AQ: 1]: Resending DATA #0...
Google.Solutions.Compute Verbose: 0 : SshRelayStream [TX: 2 TXA: 0 RX: 0 AQ: 1]: Resending DATA #0...
Google.Solutions.Compute Verbose: 0 : SshRelayStream [TX: 2 TXA: 0 RX: 0 AQ: 1]: Resending DATA #0...
Google.Solutions.Compute Verbose: 0 : SshRelayStream [TX: 2 TXA: 0 RX: 0 AQ: 1]: Resending DATA #0...
Google.Solutions.Compute Verbose: 0 : SshRelayStream [TX: 2 TXA: 0 RX: 0 AQ: 1]: Resending DATA #0...
Google.Solutions.Compute Verbose: 0 : SshRelayStream [TX: 2 TXA: 0 RX: 0 AQ: 1]: Resending DATA #0...
Google.Solutions.Compute Verbose: 0 : SshRelayStream [TX: 2 TXA: 0 RX: 0 AQ: 1]: Resending DATA #0...
Google.Solutions.Compute Verbose: 0 : SshRelayStream [TX: 2 TXA: 0 RX: 0 AQ: 1]: Resending DATA #0...
Google.Solutions.Compute Verbose: 0 : SshRelayStream [TX: 2 TXA: 0 RX: 0 AQ: 1]: Resending DATA #0...
Google.Solutions.Compute Verbose: 0 : SshRelayStream [TX: 2 TXA: 0 RX: 0 AQ: 1]: Resending DATA #0...
Google.Solutions.Compute Verbose: 0 : SshRelayStream [TX: 2 TXA: 0 RX: 0 AQ: 1]: Resending DATA #0...
Google.Solutions.Compute Verbose: 0 : SshRelayStream [TX: 2 TXA: 0 RX: 0 AQ: 1]: Resending DATA #0...
Google.Solutions.Compute Verbose: 0 : SshRelayStream [TX: 2 TXA: 0 RX: 0 AQ: 1]: Resending DATA #0...
Google.Solutions.Compute Verbose: 0 : SshRelayStream [TX: 2 TXA: 0 RX: 0 AQ: 1]: Resending DATA #0...
Google.Solutions.Compute Verbose: 0 : SshRelayStream [TX: 2 TXA: 0 RX: 0 AQ: 1]: Resending DATA #0...
Google.Solutions.Compute Verbose: 0 : SshRelayStream [TX: 2 TXA: 0 RX: 0 AQ: 1]: Resending DATA #0...
Google.Solutions.Compute Verbose: 0 : SshRelayStream [TX: 2 TXA: 0 RX: 0 AQ: 1]: Resending DATA #0...
Google.Solutions.Compute Verbose: 0 : SshRelayStream [TX: 2 TXA: 0 RX: 0 AQ: 1]: Resending DATA #0...
Google.Solutions.Compute Verbose: 0 : SshRelayStream [TX: 2 TXA: 0 RX: 0 AQ: 1]: Resending DATA #0...
Google.Solutions.Compute Verbose: 0 : SshRelayStream [TX: 2 TXA: 0 RX: 0 AQ: 1]: Resending DATA #0...
Google.Solutions.Compute Verbose: 0 : SshRelayStream [TX: 2 TXA: 0 RX: 0 AQ: 1]: Resending DATA #0...
Google.Solutions.Compute Verbose: 0 : SshRelayStream [TX: 2 TXA: 0 RX: 0 AQ: 0]: Resending DATA #1...
Google.Solutions.Compute Verbose: 0 : SshRelayStream [TX: 2 TXA: 0 RX: 0 AQ: 0]: Resending DATA #1...
Google.Solutions.Compute Verbose: 0 : SshRelayStream [TX: 2 TXA: 0 RX: 0 AQ: 0]: Resending DATA #1...
Google.Solutions.Compute Verbose: 0 : SshRelayStream [TX: 2 TXA: 0 RX: 0 AQ: 0]: Resending DATA #1...
Google.Solutions.Compute Verbose: 0 : SshRelayStream [TX: 2 TXA: 0 RX: 0 AQ: 0]: Resending DATA #1...
Google.Solutions.Compute Verbose: 0 : SshRelayStream [TX: 2 TXA: 0 RX: 0 AQ: 0]: Resending DATA #1...
Google.Solutions.Compute Verbose: 0 : SshRelayStream [TX: 2 TXA: 0 RX: 0 AQ: 0]: Resending DATA #1...
Google.Solutions.Compute Verbose: 0 : SshRelayStream [TX: 2 TXA: 0 RX: 0 AQ: 0]: Resending DATA #1...
Google.Solutions.Compute Verbose: 0 : SshRelayStream [TX: 2 TXA: 0 RX: 0 AQ: 0]: Resending DATA #1...
Google.Solutions.Compute Verbose: 0 : SshRelayStream [TX: 2 TXA: 0 RX: 0 AQ: 0]: Resending DATA #1...
Google.Solutions.Compute Verbose: 0 : SshRelayStream [TX: 2 TXA: 0 RX: 0 AQ: 0]: Resending DATA #1...
Google.Solutions.Compute Verbose: 0 : SshRelayStream [TX: 2 TXA: 0 RX: 0 AQ: 0]: Resending DATA #1...
Google.Solutions.Compute Verbose: 0 : SshRelayStream [TX: 2 TXA: 0 RX: 0 AQ: 0]: Resending DATA #1...
Google.Solutions.Compute Verbose: 0 : SshRelayStream [TX: 2 TXA: 0 RX: 0 AQ: 0]: Resending DATA #1...
Google.Solutions.Compute Verbose: 0 : SshRelayStream [TX: 2 TXA: 0 RX: 0 AQ: 0]: Resending DATA #1...
Google.Solutions.Compute Verbose: 0 : SshRelayStream [TX: 2 TXA: 0 RX: 0 AQ: 0]: Resending DATA #1...
Google.Solutions.Compute Verbose: 0 : SshRelayStream [TX: 2 TXA: 0 RX: 0 AQ: 0]: Resending DATA #1...
Google.Solutions.Compute Verbose: 0 : SshRelayStream [TX: 2 TXA: 0 RX: 0 AQ: 0]: Resending DATA #1...
Google.Solutions.Compute Verbose: 0 : SshRelayStream [TX: 2 TXA: 0 RX: 0 AQ: 0]: Resending DATA #1...
Google.Solutions.Compute Verbose: 0 : SshRelayStream [TX: 2 TXA: 0 RX: 0 AQ: 0]: Resending DATA #1...
Google.Solutions.Compute Verbose: 0 : SshRelayStream [TX: 2 TXA: 0 RX: 0 AQ: 0]: Resending DATA #1...
Google.Solutions.Compute Verbose: 0 : SshRelayStream [TX: 2 TXA: 0 RX: 0 AQ: 0]: Resending DATA #1...
Google.Solutions.Compute Verbose: 0 : SshRelayStream [TX: 2 TXA: 0 RX: 0 AQ: 0]: Resending DATA #1...
Google.Solutions.Compute Verbose: 0 : SshRelayStream [TX: 2 TXA: 0 RX: 0 AQ: 0]: Resending DATA #1...
Google.Solutions.Compute Verbose: 0 : SshRelayStream [TX: 2 TXA: 0 RX: 0 AQ: 0]: Resending DATA #1...
Google.Solutions.Compute Verbose: 0 : SshRelayStream [TX: 2 TXA: 0 RX: 0 AQ: 0]: Resending DATA #1...
Google.Solutions.Compute Verbose: 0 : SshRelayStream [TX: 2 TXA: 0 RX: 0 AQ: 0]: Resending DATA #1...
Google.Solutions.Compute Verbose: 0 : SshRelayStream [TX: 2 TXA: 0 RX: 0 AQ: 0]: Resending DATA #1...
Google.Solutions.Compute Verbose: 0 : SshRelayStream [TX: 2 TXA: 0 RX: 0 AQ: 0]: Resending DATA #1...
Google.Solutions.Compute Verbose: 0 : SshRelayStream [TX: 2 TXA: 0 RX: 0 AQ: 0]: Resending DATA #1...
Google.Solutions.Compute Verbose: 0 : SshRelayStream [TX: 2 TXA: 0 RX: 0 AQ: 0]: Resending DATA #1...
Google.Solutions.Compute Verbose: 0 : SshRelayStream [TX: 2 TXA: 0 RX: 0 AQ: 0]: Resending DATA #1...
Google.Solutions.Compute Verbose: 0 : SshRelayStream [TX: 2 TXA: 0 RX: 0 AQ: 0]: Resending DATA #1...
Google.Solutions.Compute Verbose: 0 : SshRelayStream [TX: 2 TXA: 0 RX: 0 AQ: 0]: Resending DATA #1...
Google.Solutions.Compute Verbose: 0 : SshRelayStream [TX: 2 TXA: 0 RX: 0 AQ: 0]: Resending DATA #1...
Google.Solutions.Compute Verbose: 0 : SshRelayStream [TX: 2 TXA: 0 RX: 0 AQ: 0]: Resending DATA #1...
Google.Solutions.Compute Verbose: 0 : SshRelayStream [TX: 2 TXA: 0 RX: 0 AQ: 0]: Resending DATA #1...
Google.Solutions.Compute Verbose: 0 : SshRelayStream [TX: 2 TXA: 0 RX: 0 AQ: 0]: Resending DATA #1...
Google.Solutions.Compute Verbose: 0 : SshRelayStream [TX: 2 TXA: 0 RX: 0 AQ: 0]: Resending DATA #1...
Google.Solutions.Compute Verbose: 0 : SshRelayStream [TX: 2 TXA: 0 RX: 0 AQ: 0]: Resending DATA #1...
Google.Solutions.Compute Verbose: 0 : SshRelayStream [TX: 2 TXA: 0 RX: 0 AQ: 0]: Resending DATA #1...
Google.Solutions.Compute Verbose: 0 : SshRelayStream [TX: 2 TXA: 0 RX: 0 AQ: 0]: Resending DATA #1...
Google.Solutions.Compute Verbose: 0 : SshRelayStream [TX: 2 TXA: 0 RX: 0 AQ: 0]: Resending DATA #1...
Google.Solutions.Compute Verbose: 0 : SshRelayStream [TX: 2 TXA: 0 RX: 0 AQ: 0]: Resending DATA #1...
Google.Solutions.Compute Verbose: 0 : SshRelayStream [TX: 2 TXA: 0 RX: 0 AQ: 0]: Resending DATA #1...
Google.Solutions.Compute Verbose: 0 : SshRelayStream [TX: 2 TXA: 0 RX: 0 AQ: 0]: Resending DATA #1...
Google.Solutions.Compute Verbose: 0 : SshRelayStream [TX: 2 TXA: 0 RX: 0 AQ: 0]: Resending DATA #1...
Google.Solutions.Compute Verbose: 0 : SshRelayStream [TX: 2 TXA: 0 RX: 0 AQ: 0]: Resending DATA #1...
Google.Solutions.Compute Verbose: 0 : SshRelayStream [TX: 2 TXA: 0 RX: 0 AQ: 0]: Sending DATA #2...
Google.Solutions.Compute Verbose: 0 : SshRelayStream [TX: 2 TXA: 0 RX: 0 AQ: 0]: Sending DATA #2...
Google.Solutions.Compute Verbose: 0 : SshRelayStream [TX: 2 TXA: 0 RX: 0 AQ: 0]: Sending DATA #2...
Google.Solutions.Compute Verbose: 0 : SshRelayStream [TX: 2 TXA: 0 RX: 0 AQ: 0]: Sending DATA #2...
Google.Solutions.Compute Verbose: 0 : SshRelayStream [TX: 2 TXA: 0 RX: 0 AQ: 0]: Sending DATA #2...
Google.Solutions.Compute Verbose: 0 : SshRelayStream [TX: 2 TXA: 0 RX: 0 AQ: 0]: Sending DATA #2...
Google.Solutions.Compute Verbose: 0 : SshRelayStream [TX: 2 TXA: 0 RX: 0 AQ: 0]: Sending DATA #2...
Google.Solutions.Compute Verbose: 0 : SshRelayStream [TX: 2 TXA: 0 RX: 0 AQ: 0]: Sending DATA #2...
Google.Solutions.Compute Verbose: 0 : SshRelayStream [TX: 2 TXA: 0 RX: 0 AQ: 0]: Sending DATA #2...
Google.Solutions.Compute Verbose: 0 : SshRelayStream [TX: 2 TXA: 0 RX: 0 AQ: 0]: Sending DATA #2...
Google.Solutions.Compute Verbose: 0 : SshRelayStream [TX: 2 TXA: 0 RX: 0 AQ: 0]: Sending DATA #2...
Google.Solutions.Compute Verbose: 0 : SshRelayStream [TX: 2 TXA: 0 RX: 0 AQ: 0]: Sending DATA #2...
Google.Solutions.Compute Verbose: 0 : SshRelayStream [TX: 2 TXA: 0 RX: 0 AQ: 0]: Sending DATA #2...
Google.Solutions.Compute Verbose: 0 : SshRelayStream [TX: 2 TXA: 0 RX: 0 AQ: 0]: Sending DATA #2...
Google.Solutions.Compute Verbose: 0 : SshRelayStream [TX: 2 TXA: 0 RX: 0 AQ: 0]: Sending DATA #2...
Google.Solutions.Compute Verbose: 0 : SshRelayStream [TX: 2 TXA: 0 RX: 0 AQ: 0]: Sending DATA #2...
Google.Solutions.Compute Verbose: 0 : SshRelayStream [TX: 2 TXA: 0 RX: 0 AQ: 0]: Sending DATA #2...
Google.Solutions.Compute Verbose: 0 : SshRelayStream [TX: 2 TXA: 0 RX: 0 AQ: 0]: Sending DATA #2...
Google.Solutions.Compute Verbose: 0 : SshRelayStream [TX: 2 TXA: 0 RX: 0 AQ: 0]: Sending DATA #2...
Google.Solutions.Compute Verbose: 0 : SshRelayStream [TX: 2 TXA: 0 RX: 0 AQ: 0]: Sending DATA #2...
Google.Solutions.Compute Verbose: 0 : SshRelayStream [TX: 2 TXA: 0 RX: 0 AQ: 0]: Sending DATA #2...
Google.Solutions.Compute Verbose: 0 : SshRelayStream [TX: 2 TXA: 0 RX: 0 AQ: 0]: Sending DATA #2...
Google.Solutions.Compute Verbose: 0 : SshRelayStream [TX: 2 TXA: 0 RX: 0 AQ: 0]: Sending DATA #2...
Google.Solutions.Compute Verbose: 0 : SshRelayStream [TX: 2 TXA: 0 RX: 0 AQ: 0]: Sending DATA #2...
Google.Solutions.Compute Verbose: 0 : SshRelayStream [TX: 2 TXA: 0 RX: 0 AQ: 0]: Sending DATA #2...
Google.Solutions.Compute Verbose: 0 : SshRelayStream [TX: 2 TXA: 0 RX: 0 AQ: 0]: Sending DATA #2...
Google.Solutions.Compute Verbose: 0 : SshRelayStream [TX: 2 TXA: 0 RX: 0 AQ: 0]: Sending DATA #2...
Google.Solutions.Compute Verbose: 0 : SshRelayStream [TX: 2 TXA: 0 RX: 0 AQ: 0]: Sending DATA #2...
Google.Solutions.Compute Verbose: 0 : SshRelayStream [TX: 2 TXA: 0 RX: 0 AQ: 0]: Sending DATA #2...
Google.Solutions.Compute Verbose: 0 : SshRelayStream [TX: 2 TXA: 0 RX: 0 AQ: 0]: Sending DATA #2...
Google.Solutions.Compute Verbose: 0 : SshRelayStream [TX: 2 TXA: 0 RX: 0 AQ: 0]: Sending DATA #2...
Google.Solutions.Compute Verbose: 0 : SshRelayStream [TX: 2 TXA: 0 RX: 0 AQ: 0]: Sending DATA #2...
Google.Solutions.Compute Verbose: 0 : SshRelayStream [TX: 2 TXA: 0 RX: 0 AQ: 0]: Sending DATA #2...
Google.Solutions.Compute Verbose: 0 : SshRelayStream [TX: 2 TXA: 0 RX: 0 AQ: 0]: Sending DATA #2...
Google.Solutions.Compute Verbose: 0 : SshRelayStream [TX: 2 TXA: 0 RX: 0 AQ: 0]: Sending DATA #2...
Google.Solutions.Compute Verbose: 0 : SshRelayStream [TX: 2 TXA: 0 RX: 0 AQ: 0]: Sending DATA #2...
Google.Solutions.Compute Verbose: 0 : SshRelayStream [TX: 2 TXA: 0 RX: 0 AQ: 0]: Sending DATA #2...
Google.Solutions.Compute Verbose: 0 : SshRelayStream [TX: 2 TXA: 0 RX: 0 AQ: 0]: Sending DATA #2...
Google.Solutions.Compute Verbose: 0 : SshRelayStream [TX: 2 TXA: 0 RX: 0 AQ: 0]: Sending DATA #2...
Google.Solutions.Compute Verbose: 0 : SshRelayStream [TX: 2 TXA: 0 RX: 0 AQ: 0]: Sending DATA #2...
Google.Solutions.Compute Verbose: 0 : SshRelayStream [TX: 2 TXA: 0 RX: 0 AQ: 0]: Sending DATA #2...
Google.Solutions.Compute Verbose: 0 : SshRelayStream [TX: 2 TXA: 0 RX: 0 AQ: 0]: Sending DATA #2...
Google.Solutions.Compute Verbose: 0 : SshRelayStream [TX: 2 TXA: 0 RX: 0 AQ: 0]: Sending DATA #2...
Google.Solutions.Compute Verbose: 0 : SshRelayStream [TX: 2 TXA: 0 RX: 0 AQ: 0]: Sending DATA #2...
Google.Solutions.Compute Verbose: 0 : SshRelayStream [TX: 2 TXA: 0 RX: 0 AQ: 0]: Sending DATA #2...
Google.Solutions.Compute Verbose: 0 : SshRelayStream [TX: 2 TXA: 0 RX: 0 AQ: 0]: Sending DATA #2...
Google.Solutions.Compute Verbose: 0 : SshRelayStream [TX: 2 TXA: 0 RX: 0 AQ: 0]: Sending DATA #2...
Google.Solutions.Compute Verbose: 0 : SshRelayStream [TX: 2 TXA: 0 RX: 0 AQ: 0]: Sending DATA #2...
</system-out></testcase><testcase name="WriteAfterForcefulServerCloseCausesAnotherConnectAndDataBeingResentIfNoDataReadBefore(InvalidMessageType)" assertions="9" time="0.000977" status="Passed" classname="Google.Solutions.Compute.Test.Iap.TestSshRelayStreamWriting"><system-out>Google.Solutions.Compute Verbose: 0 : SshRelayStream [TX: 0 TXA: 0 RX: 0 AQ: 0]: Connecting...
Google.Solutions.Compute Verbose: 0 : SshRelayStream [TX: 0 TXA: 0 RX: 0 AQ: 0]: Connecting...
Google.Solutions.Compute Verbose: 0 : SshRelayStream [TX: 0 TXA: 0 RX: 0 AQ: 0]: Connecting...
Google.Solutions.Compute Verbose: 0 : SshRelayStream [TX: 0 TXA: 0 RX: 0 AQ: 0]: Connecting...
Google.Solutions.Compute Verbose: 0 : SshRelayStream [TX: 0 TXA: 0 RX: 0 AQ: 0]: Connecting...
Google.Solutions.Compute Verbose: 0 : SshRelayStream [TX: 0 TXA: 0 RX: 0 AQ: 0]: Connecting...
Google.Solutions.Compute Verbose: 0 : SshRelayStream [TX: 0 TXA: 0 RX: 0 AQ: 0]: Connecting...
Google.Solutions.Compute Verbose: 0 : SshRelayStream [TX: 0 TXA: 0 RX: 0 AQ: 0]: Connecting...
Google.Solutions.Compute Verbose: 0 : SshRelayStream [TX: 0 TXA: 0 RX: 0 AQ: 0]: Connecting...
Google.Solutions.Compute Verbose: 0 : SshRelayStream [TX: 0 TXA: 0 RX: 0 AQ: 0]: Connecting...
Google.Solutions.Compute Verbose: 0 : SshRelayStream [TX: 0 TXA: 0 RX: 0 AQ: 0]: Connecting...
Google.Solutions.Compute Verbose: 0 : SshRelayStream [TX: 0 TXA: 0 RX: 0 AQ: 0]: Connecting...
Google.Solutions.Compute Verbose: 0 : SshRelayStream [TX: 0 TXA: 0 RX: 0 AQ: 0]: Connecting...
Google.Solutions.Compute Verbose: 0 : SshRelayStream [TX: 0 TXA: 0 RX: 0 AQ: 0]: Connecting...
Google.Solutions.Compute Verbose: 0 : SshRelayStream [TX: 0 TXA: 0 RX: 0 AQ: 0]: Connecting...
Google.Solutions.Compute Verbose: 0 : SshRelayStream [TX: 0 TXA: 0 RX: 0 AQ: 0]: Connecting...
Google.Solutions.Compute Verbose: 0 : SshRelayStream [TX: 0 TXA: 0 RX: 0 AQ: 0]: Connecting...
Google.Solutions.Compute Verbose: 0 : SshRelayStream [TX: 0 TXA: 0 RX: 0 AQ: 0]: Connecting...
Google.Solutions.Compute Verbose: 0 : SshRelayStream [TX: 0 TXA: 0 RX: 0 AQ: 0]: Connecting...
Google.Solutions.Compute Verbose: 0 : SshRelayStream [TX: 0 TXA: 0 RX: 0 AQ: 0]: Connecting...
Google.Solutions.Compute Verbose: 0 : SshRelayStream [TX: 0 TXA: 0 RX: 0 AQ: 0]: Connecting...
Google.Solutions.Compute Verbose: 0 : SshRelayStream [TX: 0 TXA: 0 RX: 0 AQ: 0]: Connecting...
Google.Solutions.Compute Verbose: 0 : SshRelayStream [TX: 0 TXA: 0 RX: 0 AQ: 0]: Connecting...
Google.Solutions.Compute Verbose: 0 : SshRelayStream [TX: 0 TXA: 0 RX: 0 AQ: 0]: Connecting...
Google.Solutions.Compute Verbose: 0 : SshRelayStream [TX: 0 TXA: 0 RX: 0 AQ: 0]: Connecting...
Google.Solutions.Compute Verbose: 0 : SshRelayStream [TX: 0 TXA: 0 RX: 0 AQ: 0]: Connecting...
Google.Solutions.Compute Verbose: 0 : SshRelayStream [TX: 0 TXA: 0 RX: 0 AQ: 0]: Connecting...
Google.Solutions.Compute Verbose: 0 : SshRelayStream [TX: 0 TXA: 0 RX: 0 AQ: 0]: Connecting...
Google.Solutions.Compute Verbose: 0 : SshRelayStream [TX: 0 TXA: 0 RX: 0 AQ: 0]: Connecting...
Google.Solutions.Compute Verbose: 0 : SshRelayStream [TX: 0 TXA: 0 RX: 0 AQ: 0]: Connecting...
Google.Solutions.Compute Verbose: 0 : SshRelayStream [TX: 0 TXA: 0 RX: 0 AQ: 0]: Connecting...
Google.Solutions.Compute Verbose: 0 : SshRelayStream [TX: 0 TXA: 0 RX: 0 AQ: 0]: Connecting...
Google.Solutions.Compute Verbose: 0 : SshRelayStream [TX: 0 TXA: 0 RX: 0 AQ: 0]: Connecting...
Google.Solutions.Compute Verbose: 0 : SshRelayStream [TX: 0 TXA: 0 RX: 0 AQ: 0]: Connecting...
Google.Solutions.Compute Verbose: 0 : SshRelayStream [TX: 0 TXA: 0 RX: 0 AQ: 0]: Connecting...
Google.Solutions.Compute Verbose: 0 : SshRelayStream [TX: 0 TXA: 0 RX: 0 AQ: 0]: Connecting...
Google.Solutions.Compute Verbose: 0 : SshRelayStream [TX: 0 TXA: 0 RX: 0 AQ: 0]: Connecting...
Google.Solutions.Compute Verbose: 0 : SshRelayStream [TX: 0 TXA: 0 RX: 0 AQ: 0]: Connecting...
Google.Solutions.Compute Verbose: 0 : SshRelayStream [TX: 0 TXA: 0 RX: 0 AQ: 0]: Connecting...
Google.Solutions.Compute Verbose: 0 : SshRelayStream [TX: 0 TXA: 0 RX: 0 AQ: 0]: Connecting...
Google.Solutions.Compute Verbose: 0 : SshRelayStream [TX: 0 TXA: 0 RX: 0 AQ: 0]: Connecting...
Google.Solutions.Compute Verbose: 0 : SshRelayStream [TX: 0 TXA: 0 RX: 0 AQ: 0]: Connecting...
Google.Solutions.Compute Verbose: 0 : SshRelayStream [TX: 0 TXA: 0 RX: 0 AQ: 0]: Connecting...
Google.Solutions.Compute Verbose: 0 : SshRelayStream [TX: 0 TXA: 0 RX: 0 AQ: 0]: Connecting...
Google.Solutions.Compute Verbose: 0 : SshRelayStream [TX: 0 TXA: 0 RX: 0 AQ: 0]: Connecting...
Google.Solutions.Compute Verbose: 0 : SshRelayStream [TX: 0 TXA: 0 RX: 0 AQ: 0]: Connecting...
Google.Solutions.Compute Verbose: 0 : SshRelayStream [TX: 0 TXA: 0 RX: 0 AQ: 0]: Connecting...
Google.Solutions.Compute Verbose: 0 : SshRelayStream [TX: 0 TXA: 0 RX: 0 AQ: 0]: Connecting...
Google.Solutions.Compute Verbose: 0 : SshRelayStream [TX: 0 TXA: 0 RX: 0 AQ: 0]: Connecting...
Google.Solutions.Compute Verbose: 0 : SshRelayStream [TX: 0 TXA: 0 RX: 0 AQ: 0]: Sending DATA #0...
Google.Solutions.Compute Verbose: 0 : SshRelayStream [TX: 0 TXA: 0 RX: 0 AQ: 0]: Sending DATA #0...
Google.Solutions.Compute Verbose: 0 : SshRelayStream [TX: 0 TXA: 0 RX: 0 AQ: 0]: Sending DATA #0...
Google.Solutions.Compute Verbose: 0 : SshRelayStream [TX: 0 TXA: 0 RX: 0 AQ: 0]: Sending DATA #0...
Google.Solutions.Compute Verbose: 0 : SshRelayStream [TX: 0 TXA: 0 RX: 0 AQ: 0]: Sending DATA #0...
Google.Solutions.Compute Verbose: 0 : SshRelayStream [TX: 0 TXA: 0 RX: 0 AQ: 0]: Sending DATA #0...
Google.Solutions.Compute Verbose: 0 : SshRelayStream [TX: 0 TXA: 0 RX: 0 AQ: 0]: Sending DATA #0...
Google.Solutions.Compute Verbose: 0 : SshRelayStream [TX: 0 TXA: 0 RX: 0 AQ: 0]: Sending DATA #0...
Google.Solutions.Compute Verbose: 0 : SshRelayStream [TX: 0 TXA: 0 RX: 0 AQ: 0]: Sending DATA #0...
Google.Solutions.Compute Verbose: 0 : SshRelayStream [TX: 0 TXA: 0 RX: 0 AQ: 0]: Sending DATA #0...
Google.Solutions.Compute Verbose: 0 : SshRelayStream [TX: 0 TXA: 0 RX: 0 AQ: 0]: Sending DATA #0...
Google.Solutions.Compute Verbose: 0 : SshRelayStream [TX: 0 TXA: 0 RX: 0 AQ: 0]: Sending DATA #0...
Google.Solutions.Compute Verbose: 0 : SshRelayStream [TX: 0 TXA: 0 RX: 0 AQ: 0]: Sending DATA #0...
Google.Solutions.Compute Verbose: 0 : SshRelayStream [TX: 0 TXA: 0 RX: 0 AQ: 0]: Sending DATA #0...
Google.Solutions.Compute Verbose: 0 : SshRelayStream [TX: 0 TXA: 0 RX: 0 AQ: 0]: Sending DATA #0...
Google.Solutions.Compute Verbose: 0 : SshRelayStream [TX: 0 TXA: 0 RX: 0 AQ: 0]: Sending DATA #0...
Google.Solutions.Compute Verbose: 0 : SshRelayStream [TX: 0 TXA: 0 RX: 0 AQ: 0]: Sending DATA #0...
Google.Solutions.Compute Verbose: 0 : SshRelayStream [TX: 0 TXA: 0 RX: 0 AQ: 0]: Sending DATA #0...
Google.Solutions.Compute Verbose: 0 : SshRelayStream [TX: 0 TXA: 0 RX: 0 AQ: 0]: Sending DATA #0...
Google.Solutions.Compute Verbose: 0 : SshRelayStream [TX: 0 TXA: 0 RX: 0 AQ: 0]: Sending DATA #0...
Google.Solutions.Compute Verbose: 0 : SshRelayStream [TX: 0 TXA: 0 RX: 0 AQ: 0]: Sending DATA #0...
Google.Solutions.Compute Verbose: 0 : SshRelayStream [TX: 0 TXA: 0 RX: 0 AQ: 0]: Sending DATA #0...
Google.Solutions.Compute Verbose: 0 : SshRelayStream [TX: 0 TXA: 0 RX: 0 AQ: 0]: Sending DATA #0...
Google.Solutions.Compute Verbose: 0 : SshRelayStream [TX: 0 TXA: 0 RX: 0 AQ: 0]: Sending DATA #0...
Google.Solutions.Compute Verbose: 0 : SshRelayStream [TX: 0 TXA: 0 RX: 0 AQ: 0]: Sending DATA #0...
Google.Solutions.Compute Verbose: 0 : SshRelayStream [TX: 0 TXA: 0 RX: 0 AQ: 0]: Sending DATA #0...
Google.Solutions.Compute Verbose: 0 : SshRelayStream [TX: 0 TXA: 0 RX: 0 AQ: 0]: Sending DATA #0...
Google.Solutions.Compute Verbose: 0 : SshRelayStream [TX: 0 TXA: 0 RX: 0 AQ: 0]: Sending DATA #0...
Google.Solutions.Compute Verbose: 0 : SshRelayStream [TX: 0 TXA: 0 RX: 0 AQ: 0]: Sending DATA #0...
Google.Solutions.Compute Verbose: 0 : SshRelayStream [TX: 0 TXA: 0 RX: 0 AQ: 0]: Sending DATA #0...
Google.Solutions.Compute Verbose: 0 : SshRelayStream [TX: 0 TXA: 0 RX: 0 AQ: 0]: Sending DATA #0...
Google.Solutions.Compute Verbose: 0 : SshRelayStream [TX: 0 TXA: 0 RX: 0 AQ: 0]: Sending DATA #0...
Google.Solutions.Compute Verbose: 0 : SshRelayStream [TX: 0 TXA: 0 RX: 0 AQ: 0]: Sending DATA #0...
Google.Solutions.Compute Verbose: 0 : SshRelayStream [TX: 0 TXA: 0 RX: 0 AQ: 0]: Sending DATA #0...
Google.Solutions.Compute Verbose: 0 : SshRelayStream [TX: 0 TXA: 0 RX: 0 AQ: 0]: Sending DATA #0...
Google.Solutions.Compute Verbose: 0 : SshRelayStream [TX: 0 TXA: 0 RX: 0 AQ: 0]: Sending DATA #0...
Google.Solutions.Compute Verbose: 0 : SshRelayStream [TX: 0 TXA: 0 RX: 0 AQ: 0]: Sending DATA #0...
Google.Solutions.Compute Verbose: 0 : SshRelayStream [TX: 0 TXA: 0 RX: 0 AQ: 0]: Sending DATA #0...
Google.Solutions.Compute Verbose: 0 : SshRelayStream [TX: 0 TXA: 0 RX: 0 AQ: 0]: Sending DATA #0...
Google.Solutions.Compute Verbose: 0 : SshRelayStream [TX: 0 TXA: 0 RX: 0 AQ: 0]: Sending DATA #0...
Google.Solutions.Compute Verbose: 0 : SshRelayStream [TX: 0 TXA: 0 RX: 0 AQ: 0]: Sending DATA #0...
Google.Solutions.Compute Verbose: 0 : SshRelayStream [TX: 0 TXA: 0 RX: 0 AQ: 0]: Sending DATA #0...
Google.Solutions.Compute Verbose: 0 : SshRelayStream [TX: 0 TXA: 0 RX: 0 AQ: 0]: Sending DATA #0...
Google.Solutions.Compute Verbose: 0 : SshRelayStream [TX: 0 TXA: 0 RX: 0 AQ: 0]: Sending DATA #0...
Google.Solutions.Compute Verbose: 0 : SshRelayStream [TX: 0 TXA: 0 RX: 0 AQ: 0]: Sending DATA #0...
Google.Solutions.Compute Verbose: 0 : SshRelayStream [TX: 0 TXA: 0 RX: 0 AQ: 0]: Sending DATA #0...
Google.Solutions.Compute Verbose: 0 : SshRelayStream [TX: 0 TXA: 0 RX: 0 AQ: 0]: Sending DATA #0...
Google.Solutions.Compute Verbose: 0 : SshRelayStream [TX: 0 TXA: 0 RX: 0 AQ: 0]: Sending DATA #0...
Google.Solutions.Compute Verbose: 0 : SshRelayStream [TX: 0 TXA: 0 RX: 0 AQ: 0]: Sending DATA #0...
Google.Solutions.Compute Verbose: 0 : SshRelayStream [TX: 1 TXA: 0 RX: 0 AQ: 1]: Sending DATA #1...
Google.Solutions.Compute Verbose: 0 : SshRelayStream [TX: 1 TXA: 0 RX: 0 AQ: 1]: Sending DATA #1...
Google.Solutions.Compute Verbose: 0 : SshRelayStream [TX: 1 TXA: 0 RX: 0 AQ: 1]: Sending DATA #1...
Google.Solutions.Compute Verbose: 0 : SshRelayStream [TX: 1 TXA: 0 RX: 0 AQ: 1]: Sending DATA #1...
Google.Solutions.Compute Verbose: 0 : SshRelayStream [TX: 1 TXA: 0 RX: 0 AQ: 1]: Sending DATA #1...
Google.Solutions.Compute Verbose: 0 : SshRelayStream [TX: 1 TXA: 0 RX: 0 AQ: 1]: Sending DATA #1...
Google.Solutions.Compute Verbose: 0 : SshRelayStream [TX: 1 TXA: 0 RX: 0 AQ: 1]: Sending DATA #1...
Google.Solutions.Compute Verbose: 0 : SshRelayStream [TX: 1 TXA: 0 RX: 0 AQ: 1]: Sending DATA #1...
Google.Solutions.Compute Verbose: 0 : SshRelayStream [TX: 1 TXA: 0 RX: 0 AQ: 1]: Sending DATA #1...
Google.Solutions.Compute Verbose: 0 : SshRelayStream [TX: 1 TXA: 0 RX: 0 AQ: 1]: Sending DATA #1...
Google.Solutions.Compute Verbose: 0 : SshRelayStream [TX: 1 TXA: 0 RX: 0 AQ: 1]: Sending DATA #1...
Google.Solutions.Compute Verbose: 0 : SshRelayStream [TX: 1 TXA: 0 RX: 0 AQ: 1]: Sending DATA #1...
Google.Solutions.Compute Verbose: 0 : SshRelayStream [TX: 1 TXA: 0 RX: 0 AQ: 1]: Sending DATA #1...
Google.Solutions.Compute Verbose: 0 : SshRelayStream [TX: 1 TXA: 0 RX: 0 AQ: 1]: Sending DATA #1...
Google.Solutions.Compute Verbose: 0 : SshRelayStream [TX: 1 TXA: 0 RX: 0 AQ: 1]: Sending DATA #1...
Google.Solutions.Compute Verbose: 0 : SshRelayStream [TX: 1 TXA: 0 RX: 0 AQ: 1]: Sending DATA #1...
Google.Solutions.Compute Verbose: 0 : SshRelayStream [TX: 1 TXA: 0 RX: 0 AQ: 1]: Sending DATA #1...
Google.Solutions.Compute Verbose: 0 : SshRelayStream [TX: 1 TXA: 0 RX: 0 AQ: 1]: Sending DATA #1...
Google.Solutions.Compute Verbose: 0 : SshRelayStream [TX: 1 TXA: 0 RX: 0 AQ: 1]: Sending DATA #1...
Google.Solutions.Compute Verbose: 0 : SshRelayStream [TX: 1 TXA: 0 RX: 0 AQ: 1]: Sending DATA #1...
Google.Solutions.Compute Verbose: 0 : SshRelayStream [TX: 1 TXA: 0 RX: 0 AQ: 1]: Sending DATA #1...
Google.Solutions.Compute Verbose: 0 : SshRelayStream [TX: 1 TXA: 0 RX: 0 AQ: 1]: Sending DATA #1...
Google.Solutions.Compute Verbose: 0 : SshRelayStream [TX: 1 TXA: 0 RX: 0 AQ: 1]: Sending DATA #1...
Google.Solutions.Compute Verbose: 0 : SshRelayStream [TX: 1 TXA: 0 RX: 0 AQ: 1]: Sending DATA #1...
Google.Solutions.Compute Verbose: 0 : SshRelayStream [TX: 1 TXA: 0 RX: 0 AQ: 1]: Sending DATA #1...
Google.Solutions.Compute Verbose: 0 : SshRelayStream [TX: 1 TXA: 0 RX: 0 AQ: 1]: Sending DATA #1...
Google.Solutions.Compute Verbose: 0 : SshRelayStream [TX: 1 TXA: 0 RX: 0 AQ: 1]: Sending DATA #1...
Google.Solutions.Compute Verbose: 0 : SshRelayStream [TX: 1 TXA: 0 RX: 0 AQ: 1]: Sending DATA #1...
Google.Solutions.Compute Verbose: 0 : SshRelayStream [TX: 1 TXA: 0 RX: 0 AQ: 1]: Sending DATA #1...
Google.Solutions.Compute Verbose: 0 : SshRelayStream [TX: 1 TXA: 0 RX: 0 AQ: 1]: Sending DATA #1...
Google.Solutions.Compute Verbose: 0 : SshRelayStream [TX: 1 TXA: 0 RX: 0 AQ: 1]: Sending DATA #1...
Google.Solutions.Compute Verbose: 0 : SshRelayStream [TX: 1 TXA: 0 RX: 0 AQ: 1]: Sending DATA #1...
Google.Solutions.Compute Verbose: 0 : SshRelayStream [TX: 1 TXA: 0 RX: 0 AQ: 1]: Sending DATA #1...
Google.Solutions.Compute Verbose: 0 : SshRelayStream [TX: 1 TXA: 0 RX: 0 AQ: 1]: Sending DATA #1...
Google.Solutions.Compute Verbose: 0 : SshRelayStream [TX: 1 TXA: 0 RX: 0 AQ: 1]: Sending DATA #1...
Google.Solutions.Compute Verbose: 0 : SshRelayStream [TX: 1 TXA: 0 RX: 0 AQ: 1]: Sending DATA #1...
Google.Solutions.Compute Verbose: 0 : SshRelayStream [TX: 1 TXA: 0 RX: 0 AQ: 1]: Sending DATA #1...
Google.Solutions.Compute Verbose: 0 : SshRelayStream [TX: 1 TXA: 0 RX: 0 AQ: 1]: Sending DATA #1...
Google.Solutions.Compute Verbose: 0 : SshRelayStream [TX: 1 TXA: 0 RX: 0 AQ: 1]: Sending DATA #1...
Google.Solutions.Compute Verbose: 0 : SshRelayStream [TX: 1 TXA: 0 RX: 0 AQ: 1]: Sending DATA #1...
Google.Solutions.Compute Verbose: 0 : SshRelayStream [TX: 1 TXA: 0 RX: 0 AQ: 1]: Sending DATA #1...
Google.Solutions.Compute Verbose: 0 : SshRelayStream [TX: 1 TXA: 0 RX: 0 AQ: 1]: Sending DATA #1...
Google.Solutions.Compute Verbose: 0 : SshRelayStream [TX: 1 TXA: 0 RX: 0 AQ: 1]: Sending DATA #1...
Google.Solutions.Compute Verbose: 0 : SshRelayStream [TX: 1 TXA: 0 RX: 0 AQ: 1]: Sending DATA #1...
Google.Solutions.Compute Verbose: 0 : SshRelayStream [TX: 1 TXA: 0 RX: 0 AQ: 1]: Sending DATA #1...
Google.Solutions.Compute Verbose: 0 : SshRelayStream [TX: 1 TXA: 0 RX: 0 AQ: 1]: Sending DATA #1...
Google.Solutions.Compute Verbose: 0 : SshRelayStream [TX: 1 TXA: 0 RX: 0 AQ: 1]: Sending DATA #1...
Google.Solutions.Compute Verbose: 0 : SshRelayStream [TX: 1 TXA: 0 RX: 0 AQ: 1]: Sending DATA #1...
Google.Solutions.Compute Verbose: 0 : SshRelayStream [TX: 1 TXA: 0 RX: 0 AQ: 1]: Sending DATA #1...
Google.Solutions.Compute Verbose: 0 : SshRelayStream [TX: 2 TXA: 0 RX: 0 AQ: 2]: Sending DATA #2...
Google.Solutions.Compute Verbose: 0 : SshRelayStream [TX: 2 TXA: 0 RX: 0 AQ: 2]: Sending DATA #2...
Google.Solutions.Compute Verbose: 0 : SshRelayStream [TX: 2 TXA: 0 RX: 0 AQ: 2]: Sending DATA #2...
Google.Solutions.Compute Verbose: 0 : SshRelayStream [TX: 2 TXA: 0 RX: 0 AQ: 2]: Sending DATA #2...
Google.Solutions.Compute Verbose: 0 : SshRelayStream [TX: 2 TXA: 0 RX: 0 AQ: 2]: Sending DATA #2...
Google.Solutions.Compute Verbose: 0 : SshRelayStream [TX: 2 TXA: 0 RX: 0 AQ: 2]: Sending DATA #2...
Google.Solutions.Compute Verbose: 0 : SshRelayStream [TX: 2 TXA: 0 RX: 0 AQ: 2]: Sending DATA #2...
Google.Solutions.Compute Verbose: 0 : SshRelayStream [TX: 2 TXA: 0 RX: 0 AQ: 2]: Sending DATA #2...
Google.Solutions.Compute Verbose: 0 : SshRelayStream [TX: 2 TXA: 0 RX: 0 AQ: 2]: Sending DATA #2...
Google.Solutions.Compute Verbose: 0 : SshRelayStream [TX: 2 TXA: 0 RX: 0 AQ: 2]: Sending DATA #2...
Google.Solutions.Compute Verbose: 0 : SshRelayStream [TX: 2 TXA: 0 RX: 0 AQ: 2]: Sending DATA #2...
Google.Solutions.Compute Verbose: 0 : SshRelayStream [TX: 2 TXA: 0 RX: 0 AQ: 2]: Sending DATA #2...
Google.Solutions.Compute Verbose: 0 : SshRelayStream [TX: 2 TXA: 0 RX: 0 AQ: 2]: Sending DATA #2...
Google.Solutions.Compute Verbose: 0 : SshRelayStream [TX: 2 TXA: 0 RX: 0 AQ: 2]: Sending DATA #2...
Google.Solutions.Compute Verbose: 0 : SshRelayStream [TX: 2 TXA: 0 RX: 0 AQ: 2]: Sending DATA #2...
Google.Solutions.Compute Verbose: 0 : SshRelayStream [TX: 2 TXA: 0 RX: 0 AQ: 2]: Sending DATA #2...
Google.Solutions.Compute Verbose: 0 : SshRelayStream [TX: 2 TXA: 0 RX: 0 AQ: 2]: Sending DATA #2...
Google.Solutions.Compute Verbose: 0 : SshRelayStream [TX: 2 TXA: 0 RX: 0 AQ: 2]: Sending DATA #2...
Google.Solutions.Compute Verbose: 0 : SshRelayStream [TX: 2 TXA: 0 RX: 0 AQ: 2]: Sending DATA #2...
Google.Solutions.Compute Verbose: 0 : SshRelayStream [TX: 2 TXA: 0 RX: 0 AQ: 2]: Sending DATA #2...
Google.Solutions.Compute Verbose: 0 : SshRelayStream [TX: 2 TXA: 0 RX: 0 AQ: 2]: Sending DATA #2...
Google.Solutions.Compute Verbose: 0 : SshRelayStream [TX: 2 TXA: 0 RX: 0 AQ: 2]: Sending DATA #2...
Google.Solutions.Compute Verbose: 0 : SshRelayStream [TX: 2 TXA: 0 RX: 0 AQ: 2]: Sending DATA #2...
Google.Solutions.Compute Verbose: 0 : SshRelayStream [TX: 2 TXA: 0 RX: 0 AQ: 2]: Sending DATA #2...
Google.Solutions.Compute Verbose: 0 : SshRelayStream [TX: 2 TXA: 0 RX: 0 AQ: 2]: Sending DATA #2...
Google.Solutions.Compute Verbose: 0 : SshRelayStream [TX: 2 TXA: 0 RX: 0 AQ: 2]: Sending DATA #2...
Google.Solutions.Compute Verbose: 0 : SshRelayStream [TX: 2 TXA: 0 RX: 0 AQ: 2]: Sending DATA #2...
Google.Solutions.Compute Verbose: 0 : SshRelayStream [TX: 2 TXA: 0 RX: 0 AQ: 2]: Sending DATA #2...
Google.Solutions.Compute Verbose: 0 : SshRelayStream [TX: 2 TXA: 0 RX: 0 AQ: 2]: Sending DATA #2...
Google.Solutions.Compute Verbose: 0 : SshRelayStream [TX: 2 TXA: 0 RX: 0 AQ: 2]: Sending DATA #2...
Google.Solutions.Compute Verbose: 0 : SshRelayStream [TX: 2 TXA: 0 RX: 0 AQ: 2]: Sending DATA #2...
Google.Solutions.Compute Verbose: 0 : SshRelayStream [TX: 2 TXA: 0 RX: 0 AQ: 2]: Sending DATA #2...
Google.Solutions.Compute Verbose: 0 : SshRelayStream [TX: 2 TXA: 0 RX: 0 AQ: 2]: Sending DATA #2...
Google.Solutions.Compute Verbose: 0 : SshRelayStream [TX: 2 TXA: 0 RX: 0 AQ: 2]: Sending DATA #2...
Google.Solutions.Compute Verbose: 0 : SshRelayStream [TX: 2 TXA: 0 RX: 0 AQ: 2]: Sending DATA #2...
Google.Solutions.Compute Verbose: 0 : SshRelayStream [TX: 2 TXA: 0 RX: 0 AQ: 2]: Sending DATA #2...
Google.Solutions.Compute Verbose: 0 : SshRelayStream [TX: 2 TXA: 0 RX: 0 AQ: 2]: Sending DATA #2...
Google.Solutions.Compute Verbose: 0 : SshRelayStream [TX: 2 TXA: 0 RX: 0 AQ: 2]: Sending DATA #2...
Google.Solutions.Compute Verbose: 0 : SshRelayStream [TX: 2 TXA: 0 RX: 0 AQ: 2]: Sending DATA #2...
Google.Solutions.Compute Verbose: 0 : SshRelayStream [TX: 2 TXA: 0 RX: 0 AQ: 2]: Sending DATA #2...
Google.Solutions.Compute Verbose: 0 : SshRelayStream [TX: 2 TXA: 0 RX: 0 AQ: 2]: Sending DATA #2...
Google.Solutions.Compute Verbose: 0 : SshRelayStream [TX: 2 TXA: 0 RX: 0 AQ: 2]: Sending DATA #2...
Google.Solutions.Compute Verbose: 0 : SshRelayStream [TX: 2 TXA: 0 RX: 0 AQ: 2]: Sending DATA #2...
Google.Solutions.Compute Verbose: 0 : SshRelayStream [TX: 2 TXA: 0 RX: 0 AQ: 2]: Sending DATA #2...
Google.Solutions.Compute Verbose: 0 : SshRelayStream [TX: 2 TXA: 0 RX: 0 AQ: 2]: Sending DATA #2...
Google.Solutions.Compute Verbose: 0 : SshRelayStream [TX: 2 TXA: 0 RX: 0 AQ: 2]: Sending DATA #2...
Google.Solutions.Compute Verbose: 0 : SshRelayStream [TX: 2 TXA: 0 RX: 0 AQ: 2]: Sending DATA #2...
Google.Solutions.Compute Verbose: 0 : SshRelayStream [TX: 2 TXA: 0 RX: 0 AQ: 2]: Sending DATA #2...
Google.Solutions.Compute Verbose: 0 : SshRelayStream [TX: 2 TXA: 0 RX: 0 AQ: 2]: Sending DATA #2...
Google.Solutions.Compute Verbose: 0 : SshRelayStream [TX: 2 TXA: 0 RX: 0 AQ: 2]: Connection closed abnormally: 1003
Google.Solutions.Compute Verbose: 0 : SshRelayStream [TX: 2 TXA: 0 RX: 0 AQ: 2]: Connection closed abnormally: 1003
Google.Solutions.Compute Verbose: 0 : SshRelayStream [TX: 2 TXA: 0 RX: 0 AQ: 2]: Connection closed abnormally: 1003
Google.Solutions.Compute Verbose: 0 : SshRelayStream [TX: 2 TXA: 0 RX: 0 AQ: 2]: Connection closed abnormally: 1003
Google.Solutions.Compute Verbose: 0 : SshRelayStream [TX: 2 TXA: 0 RX: 0 AQ: 2]: Connection closed abnormally: 1003
Google.Solutions.Compute Verbose: 0 : SshRelayStream [TX: 2 TXA: 0 RX: 0 AQ: 2]: Connection closed abnormally: 1003
Google.Solutions.Compute Verbose: 0 : SshRelayStream [TX: 2 TXA: 0 RX: 0 AQ: 2]: Connection closed abnormally: 1003
Google.Solutions.Compute Verbose: 0 : SshRelayStream [TX: 2 TXA: 0 RX: 0 AQ: 2]: Connection closed abnormally: 1003
Google.Solutions.Compute Verbose: 0 : SshRelayStream [TX: 2 TXA: 0 RX: 0 AQ: 2]: Connection closed abnormally: 1003
Google.Solutions.Compute Verbose: 0 : SshRelayStream [TX: 2 TXA: 0 RX: 0 AQ: 2]: Connection closed abnormally: 1003
Google.Solutions.Compute Verbose: 0 : SshRelayStream [TX: 2 TXA: 0 RX: 0 AQ: 2]: Connection closed abnormally: 1003
Google.Solutions.Compute Verbose: 0 : SshRelayStream [TX: 2 TXA: 0 RX: 0 AQ: 2]: Connection closed abnormally: 1003
Google.Solutions.Compute Verbose: 0 : SshRelayStream [TX: 2 TXA: 0 RX: 0 AQ: 2]: Connection closed abnormally: 1003
Google.Solutions.Compute Verbose: 0 : SshRelayStream [TX: 2 TXA: 0 RX: 0 AQ: 2]: Connection closed abnormally: 1003
Google.Solutions.Compute Verbose: 0 : SshRelayStream [TX: 2 TXA: 0 RX: 0 AQ: 2]: Connection closed abnormally: 1003
Google.Solutions.Compute Verbose: 0 : SshRelayStream [TX: 2 TXA: 0 RX: 0 AQ: 2]: Connection closed abnormally: 1003
Google.Solutions.Compute Verbose: 0 : SshRelayStream [TX: 2 TXA: 0 RX: 0 AQ: 2]: Connection closed abnormally: 1003
Google.Solutions.Compute Verbose: 0 : SshRelayStream [TX: 2 TXA: 0 RX: 0 AQ: 2]: Connection closed abnormally: 1003
Google.Solutions.Compute Verbose: 0 : SshRelayStream [TX: 2 TXA: 0 RX: 0 AQ: 2]: Connection closed abnormally: 1003
Google.Solutions.Compute Verbose: 0 : SshRelayStream [TX: 2 TXA: 0 RX: 0 AQ: 2]: Connection closed abnormally: 1003
Google.Solutions.Compute Verbose: 0 : SshRelayStream [TX: 2 TXA: 0 RX: 0 AQ: 2]: Connection closed abnormally: 1003
Google.Solutions.Compute Verbose: 0 : SshRelayStream [TX: 2 TXA: 0 RX: 0 AQ: 2]: Connection closed abnormally: 1003
Google.Solutions.Compute Verbose: 0 : SshRelayStream [TX: 2 TXA: 0 RX: 0 AQ: 2]: Connection closed abnormally: 1003
Google.Solutions.Compute Verbose: 0 : SshRelayStream [TX: 2 TXA: 0 RX: 0 AQ: 2]: Connection closed abnormally: 1003
Google.Solutions.Compute Verbose: 0 : SshRelayStream [TX: 2 TXA: 0 RX: 0 AQ: 2]: Connection closed abnormally: 1003
Google.Solutions.Compute Verbose: 0 : SshRelayStream [TX: 2 TXA: 0 RX: 0 AQ: 2]: Connection closed abnormally: 1003
Google.Solutions.Compute Verbose: 0 : SshRelayStream [TX: 2 TXA: 0 RX: 0 AQ: 2]: Connection closed abnormally: 1003
Google.Solutions.Compute Verbose: 0 : SshRelayStream [TX: 2 TXA: 0 RX: 0 AQ: 2]: Connection closed abnormally: 1003
Google.Solutions.Compute Verbose: 0 : SshRelayStream [TX: 2 TXA: 0 RX: 0 AQ: 2]: Connection closed abnormally: 1003
Google.Solutions.Compute Verbose: 0 : SshRelayStream [TX: 2 TXA: 0 RX: 0 AQ: 2]: Connection closed abnormally: 1003
Google.Solutions.Compute Verbose: 0 : SshRelayStream [TX: 2 TXA: 0 RX: 0 AQ: 2]: Connection closed abnormally: 1003
Google.Solutions.Compute Verbose: 0 : SshRelayStream [TX: 2 TXA: 0 RX: 0 AQ: 2]: Connection closed abnormally: 1003
Google.Solutions.Compute Verbose: 0 : SshRelayStream [TX: 2 TXA: 0 RX: 0 AQ: 2]: Connection closed abnormally: 1003
Google.Solutions.Compute Verbose: 0 : SshRelayStream [TX: 2 TXA: 0 RX: 0 AQ: 2]: Connection closed abnormally: 1003
Google.Solutions.Compute Verbose: 0 : SshRelayStream [TX: 2 TXA: 0 RX: 0 AQ: 2]: Connection closed abnormally: 1003
Google.Solutions.Compute Verbose: 0 : SshRelayStream [TX: 2 TXA: 0 RX: 0 AQ: 2]: Connection closed abnormally: 1003
Google.Solutions.Compute Verbose: 0 : SshRelayStream [TX: 2 TXA: 0 RX: 0 AQ: 2]: Connection closed abnormally: 1003
Google.Solutions.Compute Verbose: 0 : SshRelayStream [TX: 2 TXA: 0 RX: 0 AQ: 2]: Connection closed abnormally: 1003
Google.Solutions.Compute Verbose: 0 : SshRelayStream [TX: 2 TXA: 0 RX: 0 AQ: 2]: Connection closed abnormally: 1003
Google.Solutions.Compute Verbose: 0 : SshRelayStream [TX: 2 TXA: 0 RX: 0 AQ: 2]: Connection closed abnormally: 1003
Google.Solutions.Compute Verbose: 0 : SshRelayStream [TX: 2 TXA: 0 RX: 0 AQ: 2]: Connection closed abnormally: 1003
Google.Solutions.Compute Verbose: 0 : SshRelayStream [TX: 2 TXA: 0 RX: 0 AQ: 2]: Connection closed abnormally: 1003
Google.Solutions.Compute Verbose: 0 : SshRelayStream [TX: 2 TXA: 0 RX: 0 AQ: 2]: Connection closed abnormally: 1003
Google.Solutions.Compute Verbose: 0 : SshRelayStream [TX: 2 TXA: 0 RX: 0 AQ: 2]: Connection closed abnormally: 1003
Google.Solutions.Compute Verbose: 0 : SshRelayStream [TX: 2 TXA: 0 RX: 0 AQ: 2]: Connection closed abnormally: 1003
Google.Solutions.Compute Verbose: 0 : SshRelayStream [TX: 2 TXA: 0 RX: 0 AQ: 2]: Connection closed abnormally: 1003
Google.Solutions.Compute Verbose: 0 : SshRelayStream [TX: 2 TXA: 0 RX: 0 AQ: 2]: Connection closed abnormally: 1003
Google.Solutions.Compute Verbose: 0 : SshRelayStream [TX: 2 TXA: 0 RX: 0 AQ: 2]: Connection closed abnormally: 1003
Google.Solutions.Compute Verbose: 0 : SshRelayStream [TX: 2 TXA: 0 RX: 0 AQ: 2]: Connection closed abnormally: 1003
Google.Solutions.Compute Verbose: 0 : SshRelayStream [TX: 2 TXA: 0 RX: 0 AQ: 2]: Disconnecting, preparing to reconnect
Google.Solutions.Compute Verbose: 0 : SshRelayStream [TX: 2 TXA: 0 RX: 0 AQ: 2]: Disconnecting, preparing to reconnect
Google.Solutions.Compute Verbose: 0 : SshRelayStream [TX: 2 TXA: 0 RX: 0 AQ: 2]: Disconnecting, preparing to reconnect
Google.Solutions.Compute Verbose: 0 : SshRelayStream [TX: 2 TXA: 0 RX: 0 AQ: 2]: Disconnecting, preparing to reconnect
Google.Solutions.Compute Verbose: 0 : SshRelayStream [TX: 2 TXA: 0 RX: 0 AQ: 2]: Disconnecting, preparing to reconnect
Google.Solutions.Compute Verbose: 0 : SshRelayStream [TX: 2 TXA: 0 RX: 0 AQ: 2]: Disconnecting, preparing to reconnect
Google.Solutions.Compute Verbose: 0 : SshRelayStream [TX: 2 TXA: 0 RX: 0 AQ: 2]: Disconnecting, preparing to reconnect
Google.Solutions.Compute Verbose: 0 : SshRelayStream [TX: 2 TXA: 0 RX: 0 AQ: 2]: Disconnecting, preparing to reconnect
Google.Solutions.Compute Verbose: 0 : SshRelayStream [TX: 2 TXA: 0 RX: 0 AQ: 2]: Disconnecting, preparing to reconnect
Google.Solutions.Compute Verbose: 0 : SshRelayStream [TX: 2 TXA: 0 RX: 0 AQ: 2]: Disconnecting, preparing to reconnect
Google.Solutions.Compute Verbose: 0 : SshRelayStream [TX: 2 TXA: 0 RX: 0 AQ: 2]: Disconnecting, preparing to reconnect
Google.Solutions.Compute Verbose: 0 : SshRelayStream [TX: 2 TXA: 0 RX: 0 AQ: 2]: Disconnecting, preparing to reconnect
Google.Solutions.Compute Verbose: 0 : SshRelayStream [TX: 2 TXA: 0 RX: 0 AQ: 2]: Disconnecting, preparing to reconnect
Google.Solutions.Compute Verbose: 0 : SshRelayStream [TX: 2 TXA: 0 RX: 0 AQ: 2]: Disconnecting, preparing to reconnect
Google.Solutions.Compute Verbose: 0 : SshRelayStream [TX: 2 TXA: 0 RX: 0 AQ: 2]: Disconnecting, preparing to reconnect
Google.Solutions.Compute Verbose: 0 : SshRelayStream [TX: 2 TXA: 0 RX: 0 AQ: 2]: Disconnecting, preparing to reconnect
Google.Solutions.Compute Verbose: 0 : SshRelayStream [TX: 2 TXA: 0 RX: 0 AQ: 2]: Disconnecting, preparing to reconnect
Google.Solutions.Compute Verbose: 0 : SshRelayStream [TX: 2 TXA: 0 RX: 0 AQ: 2]: Disconnecting, preparing to reconnect
Google.Solutions.Compute Verbose: 0 : SshRelayStream [TX: 2 TXA: 0 RX: 0 AQ: 2]: Disconnecting, preparing to reconnect
Google.Solutions.Compute Verbose: 0 : SshRelayStream [TX: 2 TXA: 0 RX: 0 AQ: 2]: Disconnecting, preparing to reconnect
Google.Solutions.Compute Verbose: 0 : SshRelayStream [TX: 2 TXA: 0 RX: 0 AQ: 2]: Disconnecting, preparing to reconnect
Google.Solutions.Compute Verbose: 0 : SshRelayStream [TX: 2 TXA: 0 RX: 0 AQ: 2]: Disconnecting, preparing to reconnect
Google.Solutions.Compute Verbose: 0 : SshRelayStream [TX: 2 TXA: 0 RX: 0 AQ: 2]: Disconnecting, preparing to reconnect
Google.Solutions.Compute Verbose: 0 : SshRelayStream [TX: 2 TXA: 0 RX: 0 AQ: 2]: Disconnecting, preparing to reconnect
Google.Solutions.Compute Verbose: 0 : SshRelayStream [TX: 2 TXA: 0 RX: 0 AQ: 2]: Disconnecting, preparing to reconnect
Google.Solutions.Compute Verbose: 0 : SshRelayStream [TX: 2 TXA: 0 RX: 0 AQ: 2]: Disconnecting, preparing to reconnect
Google.Solutions.Compute Verbose: 0 : SshRelayStream [TX: 2 TXA: 0 RX: 0 AQ: 2]: Disconnecting, preparing to reconnect
Google.Solutions.Compute Verbose: 0 : SshRelayStream [TX: 2 TXA: 0 RX: 0 AQ: 2]: Disconnecting, preparing to reconnect
Google.Solutions.Compute Verbose: 0 : SshRelayStream [TX: 2 TXA: 0 RX: 0 AQ: 2]: Disconnecting, preparing to reconnect
Google.Solutions.Compute Verbose: 0 : SshRelayStream [TX: 2 TXA: 0 RX: 0 AQ: 2]: Disconnecting, preparing to reconnect
Google.Solutions.Compute Verbose: 0 : SshRelayStream [TX: 2 TXA: 0 RX: 0 AQ: 2]: Disconnecting, preparing to reconnect
Google.Solutions.Compute Verbose: 0 : SshRelayStream [TX: 2 TXA: 0 RX: 0 AQ: 2]: Disconnecting, preparing to reconnect
Google.Solutions.Compute Verbose: 0 : SshRelayStream [TX: 2 TXA: 0 RX: 0 AQ: 2]: Disconnecting, preparing to reconnect
Google.Solutions.Compute Verbose: 0 : SshRelayStream [TX: 2 TXA: 0 RX: 0 AQ: 2]: Disconnecting, preparing to reconnect
Google.Solutions.Compute Verbose: 0 : SshRelayStream [TX: 2 TXA: 0 RX: 0 AQ: 2]: Disconnecting, preparing to reconnect
Google.Solutions.Compute Verbose: 0 : SshRelayStream [TX: 2 TXA: 0 RX: 0 AQ: 2]: Disconnecting, preparing to reconnect
Google.Solutions.Compute Verbose: 0 : SshRelayStream [TX: 2 TXA: 0 RX: 0 AQ: 2]: Disconnecting, preparing to reconnect
Google.Solutions.Compute Verbose: 0 : SshRelayStream [TX: 2 TXA: 0 RX: 0 AQ: 2]: Disconnecting, preparing to reconnect
Google.Solutions.Compute Verbose: 0 : SshRelayStream [TX: 2 TXA: 0 RX: 0 AQ: 2]: Disconnecting, preparing to reconnect
Google.Solutions.Compute Verbose: 0 : SshRelayStream [TX: 2 TXA: 0 RX: 0 AQ: 2]: Disconnecting, preparing to reconnect
Google.Solutions.Compute Verbose: 0 : SshRelayStream [TX: 2 TXA: 0 RX: 0 AQ: 2]: Disconnecting, preparing to reconnect
Google.Solutions.Compute Verbose: 0 : SshRelayStream [TX: 2 TXA: 0 RX: 0 AQ: 2]: Disconnecting, preparing to reconnect
Google.Solutions.Compute Verbose: 0 : SshRelayStream [TX: 2 TXA: 0 RX: 0 AQ: 2]: Disconnecting, preparing to reconnect
Google.Solutions.Compute Verbose: 0 : SshRelayStream [TX: 2 TXA: 0 RX: 0 AQ: 2]: Disconnecting, preparing to reconnect
Google.Solutions.Compute Verbose: 0 : SshRelayStream [TX: 2 TXA: 0 RX: 0 AQ: 2]: Disconnecting, preparing to reconnect
Google.Solutions.Compute Verbose: 0 : SshRelayStream [TX: 2 TXA: 0 RX: 0 AQ: 2]: Disconnecting, preparing to reconnect
Google.Solutions.Compute Verbose: 0 : SshRelayStream [TX: 2 TXA: 0 RX: 0 AQ: 2]: Disconnecting, preparing to reconnect
Google.Solutions.Compute Verbose: 0 : SshRelayStream [TX: 2 TXA: 0 RX: 0 AQ: 2]: Disconnecting, preparing to reconnect
Google.Solutions.Compute Verbose: 0 : SshRelayStream [TX: 2 TXA: 0 RX: 0 AQ: 2]: Disconnecting, preparing to reconnect
Google.Solutions.Compute Verbose: 0 : SshRelayStream [TX: 2 TXA: 0 RX: 0 AQ: 2]: Disonnected.
Google.Solutions.Compute Verbose: 0 : SshRelayStream [TX: 2 TXA: 0 RX: 0 AQ: 2]: Disonnected.
Google.Solutions.Compute Verbose: 0 : SshRelayStream [TX: 2 TXA: 0 RX: 0 AQ: 2]: Disonnected.
Google.Solutions.Compute Verbose: 0 : SshRelayStream [TX: 2 TXA: 0 RX: 0 AQ: 2]: Disonnected.
Google.Solutions.Compute Verbose: 0 : SshRelayStream [TX: 2 TXA: 0 RX: 0 AQ: 2]: Disonnected.
Google.Solutions.Compute Verbose: 0 : SshRelayStream [TX: 2 TXA: 0 RX: 0 AQ: 2]: Disonnected.
Google.Solutions.Compute Verbose: 0 : SshRelayStream [TX: 2 TXA: 0 RX: 0 AQ: 2]: Disonnected.
Google.Solutions.Compute Verbose: 0 : SshRelayStream [TX: 2 TXA: 0 RX: 0 AQ: 2]: Disonnected.
Google.Solutions.Compute Verbose: 0 : SshRelayStream [TX: 2 TXA: 0 RX: 0 AQ: 2]: Disonnected.
Google.Solutions.Compute Verbose: 0 : SshRelayStream [TX: 2 TXA: 0 RX: 0 AQ: 2]: Disonnected.
Google.Solutions.Compute Verbose: 0 : SshRelayStream [TX: 2 TXA: 0 RX: 0 AQ: 2]: Disonnected.
Google.Solutions.Compute Verbose: 0 : SshRelayStream [TX: 2 TXA: 0 RX: 0 AQ: 2]: Disonnected.
Google.Solutions.Compute Verbose: 0 : SshRelayStream [TX: 2 TXA: 0 RX: 0 AQ: 2]: Disonnected.
Google.Solutions.Compute Verbose: 0 : SshRelayStream [TX: 2 TXA: 0 RX: 0 AQ: 2]: Disonnected.
Google.Solutions.Compute Verbose: 0 : SshRelayStream [TX: 2 TXA: 0 RX: 0 AQ: 2]: Disonnected.
Google.Solutions.Compute Verbose: 0 : SshRelayStream [TX: 2 TXA: 0 RX: 0 AQ: 2]: Disonnected.
Google.Solutions.Compute Verbose: 0 : SshRelayStream [TX: 2 TXA: 0 RX: 0 AQ: 2]: Disonnected.
Google.Solutions.Compute Verbose: 0 : SshRelayStream [TX: 2 TXA: 0 RX: 0 AQ: 2]: Disonnected.
Google.Solutions.Compute Verbose: 0 : SshRelayStream [TX: 2 TXA: 0 RX: 0 AQ: 2]: Disonnected.
Google.Solutions.Compute Verbose: 0 : SshRelayStream [TX: 2 TXA: 0 RX: 0 AQ: 2]: Disonnected.
Google.Solutions.Compute Verbose: 0 : SshRelayStream [TX: 2 TXA: 0 RX: 0 AQ: 2]: Disonnected.
Google.Solutions.Compute Verbose: 0 : SshRelayStream [TX: 2 TXA: 0 RX: 0 AQ: 2]: Disonnected.
Google.Solutions.Compute Verbose: 0 : SshRelayStream [TX: 2 TXA: 0 RX: 0 AQ: 2]: Disonnected.
Google.Solutions.Compute Verbose: 0 : SshRelayStream [TX: 2 TXA: 0 RX: 0 AQ: 2]: Disonnected.
Google.Solutions.Compute Verbose: 0 : SshRelayStream [TX: 2 TXA: 0 RX: 0 AQ: 2]: Disonnected.
Google.Solutions.Compute Verbose: 0 : SshRelayStream [TX: 2 TXA: 0 RX: 0 AQ: 2]: Disonnected.
Google.Solutions.Compute Verbose: 0 : SshRelayStream [TX: 2 TXA: 0 RX: 0 AQ: 2]: Disonnected.
Google.Solutions.Compute Verbose: 0 : SshRelayStream [TX: 2 TXA: 0 RX: 0 AQ: 2]: Disonnected.
Google.Solutions.Compute Verbose: 0 : SshRelayStream [TX: 2 TXA: 0 RX: 0 AQ: 2]: Disonnected.
Google.Solutions.Compute Verbose: 0 : SshRelayStream [TX: 2 TXA: 0 RX: 0 AQ: 2]: Disonnected.
Google.Solutions.Compute Verbose: 0 : SshRelayStream [TX: 2 TXA: 0 RX: 0 AQ: 2]: Disonnected.
Google.Solutions.Compute Verbose: 0 : SshRelayStream [TX: 2 TXA: 0 RX: 0 AQ: 2]: Disonnected.
Google.Solutions.Compute Verbose: 0 : SshRelayStream [TX: 2 TXA: 0 RX: 0 AQ: 2]: Disonnected.
Google.Solutions.Compute Verbose: 0 : SshRelayStream [TX: 2 TXA: 0 RX: 0 AQ: 2]: Disonnected.
Google.Solutions.Compute Verbose: 0 : SshRelayStream [TX: 2 TXA: 0 RX: 0 AQ: 2]: Disonnected.
Google.Solutions.Compute Verbose: 0 : SshRelayStream [TX: 2 TXA: 0 RX: 0 AQ: 2]: Disonnected.
Google.Solutions.Compute Verbose: 0 : SshRelayStream [TX: 2 TXA: 0 RX: 0 AQ: 2]: Disonnected.
Google.Solutions.Compute Verbose: 0 : SshRelayStream [TX: 2 TXA: 0 RX: 0 AQ: 2]: Disonnected.
Google.Solutions.Compute Verbose: 0 : SshRelayStream [TX: 2 TXA: 0 RX: 0 AQ: 2]: Disonnected.
Google.Solutions.Compute Verbose: 0 : SshRelayStream [TX: 2 TXA: 0 RX: 0 AQ: 2]: Disonnected.
Google.Solutions.Compute Verbose: 0 : SshRelayStream [TX: 2 TXA: 0 RX: 0 AQ: 2]: Disonnected.
Google.Solutions.Compute Verbose: 0 : SshRelayStream [TX: 2 TXA: 0 RX: 0 AQ: 2]: Disonnected.
Google.Solutions.Compute Verbose: 0 : SshRelayStream [TX: 2 TXA: 0 RX: 0 AQ: 2]: Disonnected.
Google.Solutions.Compute Verbose: 0 : SshRelayStream [TX: 2 TXA: 0 RX: 0 AQ: 2]: Disonnected.
Google.Solutions.Compute Verbose: 0 : SshRelayStream [TX: 2 TXA: 0 RX: 0 AQ: 2]: Disonnected.
Google.Solutions.Compute Verbose: 0 : SshRelayStream [TX: 2 TXA: 0 RX: 0 AQ: 2]: Disonnected.
Google.Solutions.Compute Verbose: 0 : SshRelayStream [TX: 2 TXA: 0 RX: 0 AQ: 2]: Disonnected.
Google.Solutions.Compute Verbose: 0 : SshRelayStream [TX: 2 TXA: 0 RX: 0 AQ: 2]: Disonnected.
Google.Solutions.Compute Verbose: 0 : SshRelayStream [TX: 2 TXA: 0 RX: 0 AQ: 2]: Disonnected.
Google.Solutions.Compute Verbose: 0 : SshRelayStream [TX: 2 TXA: 0 RX: 0 AQ: 2]: Connecting...
Google.Solutions.Compute Verbose: 0 : SshRelayStream [TX: 2 TXA: 0 RX: 0 AQ: 2]: Connecting...
Google.Solutions.Compute Verbose: 0 : SshRelayStream [TX: 2 TXA: 0 RX: 0 AQ: 2]: Connecting...
Google.Solutions.Compute Verbose: 0 : SshRelayStream [TX: 2 TXA: 0 RX: 0 AQ: 2]: Connecting...
Google.Solutions.Compute Verbose: 0 : SshRelayStream [TX: 2 TXA: 0 RX: 0 AQ: 2]: Connecting...
Google.Solutions.Compute Verbose: 0 : SshRelayStream [TX: 2 TXA: 0 RX: 0 AQ: 2]: Connecting...
Google.Solutions.Compute Verbose: 0 : SshRelayStream [TX: 2 TXA: 0 RX: 0 AQ: 2]: Connecting...
Google.Solutions.Compute Verbose: 0 : SshRelayStream [TX: 2 TXA: 0 RX: 0 AQ: 2]: Connecting...
Google.Solutions.Compute Verbose: 0 : SshRelayStream [TX: 2 TXA: 0 RX: 0 AQ: 2]: Connecting...
Google.Solutions.Compute Verbose: 0 : SshRelayStream [TX: 2 TXA: 0 RX: 0 AQ: 2]: Connecting...
Google.Solutions.Compute Verbose: 0 : SshRelayStream [TX: 2 TXA: 0 RX: 0 AQ: 2]: Connecting...
Google.Solutions.Compute Verbose: 0 : SshRelayStream [TX: 2 TXA: 0 RX: 0 AQ: 2]: Connecting...
Google.Solutions.Compute Verbose: 0 : SshRelayStream [TX: 2 TXA: 0 RX: 0 AQ: 2]: Connecting...
Google.Solutions.Compute Verbose: 0 : SshRelayStream [TX: 2 TXA: 0 RX: 0 AQ: 2]: Connecting...
Google.Solutions.Compute Verbose: 0 : SshRelayStream [TX: 2 TXA: 0 RX: 0 AQ: 2]: Connecting...
Google.Solutions.Compute Verbose: 0 : SshRelayStream [TX: 2 TXA: 0 RX: 0 AQ: 2]: Connecting...
Google.Solutions.Compute Verbose: 0 : SshRelayStream [TX: 2 TXA: 0 RX: 0 AQ: 2]: Connecting...
Google.Solutions.Compute Verbose: 0 : SshRelayStream [TX: 2 TXA: 0 RX: 0 AQ: 2]: Connecting...
Google.Solutions.Compute Verbose: 0 : SshRelayStream [TX: 2 TXA: 0 RX: 0 AQ: 2]: Connecting...
Google.Solutions.Compute Verbose: 0 : SshRelayStream [TX: 2 TXA: 0 RX: 0 AQ: 2]: Connecting...
Google.Solutions.Compute Verbose: 0 : SshRelayStream [TX: 2 TXA: 0 RX: 0 AQ: 2]: Connecting...
Google.Solutions.Compute Verbose: 0 : SshRelayStream [TX: 2 TXA: 0 RX: 0 AQ: 2]: Connecting...
Google.Solutions.Compute Verbose: 0 : SshRelayStream [TX: 2 TXA: 0 RX: 0 AQ: 2]: Connecting...
Google.Solutions.Compute Verbose: 0 : SshRelayStream [TX: 2 TXA: 0 RX: 0 AQ: 2]: Connecting...
Google.Solutions.Compute Verbose: 0 : SshRelayStream [TX: 2 TXA: 0 RX: 0 AQ: 2]: Connecting...
Google.Solutions.Compute Verbose: 0 : SshRelayStream [TX: 2 TXA: 0 RX: 0 AQ: 2]: Connecting...
Google.Solutions.Compute Verbose: 0 : SshRelayStream [TX: 2 TXA: 0 RX: 0 AQ: 2]: Connecting...
Google.Solutions.Compute Verbose: 0 : SshRelayStream [TX: 2 TXA: 0 RX: 0 AQ: 2]: Connecting...
Google.Solutions.Compute Verbose: 0 : SshRelayStream [TX: 2 TXA: 0 RX: 0 AQ: 2]: Connecting...
Google.Solutions.Compute Verbose: 0 : SshRelayStream [TX: 2 TXA: 0 RX: 0 AQ: 2]: Connecting...
Google.Solutions.Compute Verbose: 0 : SshRelayStream [TX: 2 TXA: 0 RX: 0 AQ: 2]: Connecting...
Google.Solutions.Compute Verbose: 0 : SshRelayStream [TX: 2 TXA: 0 RX: 0 AQ: 2]: Connecting...
Google.Solutions.Compute Verbose: 0 : SshRelayStream [TX: 2 TXA: 0 RX: 0 AQ: 2]: Connecting...
Google.Solutions.Compute Verbose: 0 : SshRelayStream [TX: 2 TXA: 0 RX: 0 AQ: 2]: Connecting...
Google.Solutions.Compute Verbose: 0 : SshRelayStream [TX: 2 TXA: 0 RX: 0 AQ: 2]: Connecting...
Google.Solutions.Compute Verbose: 0 : SshRelayStream [TX: 2 TXA: 0 RX: 0 AQ: 2]: Connecting...
Google.Solutions.Compute Verbose: 0 : SshRelayStream [TX: 2 TXA: 0 RX: 0 AQ: 2]: Connecting...
Google.Solutions.Compute Verbose: 0 : SshRelayStream [TX: 2 TXA: 0 RX: 0 AQ: 2]: Connecting...
Google.Solutions.Compute Verbose: 0 : SshRelayStream [TX: 2 TXA: 0 RX: 0 AQ: 2]: Connecting...
Google.Solutions.Compute Verbose: 0 : SshRelayStream [TX: 2 TXA: 0 RX: 0 AQ: 2]: Connecting...
Google.Solutions.Compute Verbose: 0 : SshRelayStream [TX: 2 TXA: 0 RX: 0 AQ: 2]: Connecting...
Google.Solutions.Compute Verbose: 0 : SshRelayStream [TX: 2 TXA: 0 RX: 0 AQ: 2]: Connecting...
Google.Solutions.Compute Verbose: 0 : SshRelayStream [TX: 2 TXA: 0 RX: 0 AQ: 2]: Connecting...
Google.Solutions.Compute Verbose: 0 : SshRelayStream [TX: 2 TXA: 0 RX: 0 AQ: 2]: Connecting...
Google.Solutions.Compute Verbose: 0 : SshRelayStream [TX: 2 TXA: 0 RX: 0 AQ: 2]: Connecting...
Google.Solutions.Compute Verbose: 0 : SshRelayStream [TX: 2 TXA: 0 RX: 0 AQ: 2]: Connecting...
Google.Solutions.Compute Verbose: 0 : SshRelayStream [TX: 2 TXA: 0 RX: 0 AQ: 2]: Connecting...
Google.Solutions.Compute Verbose: 0 : SshRelayStream [TX: 2 TXA: 0 RX: 0 AQ: 2]: Connecting...
Google.Solutions.Compute Verbose: 0 : SshRelayStream [TX: 2 TXA: 0 RX: 0 AQ: 2]: Connecting...
Google.Solutions.Compute Verbose: 0 : SshRelayStream [TX: 2 TXA: 0 RX: 0 AQ: 1]: Resending DATA #0...
Google.Solutions.Compute Verbose: 0 : SshRelayStream [TX: 2 TXA: 0 RX: 0 AQ: 1]: Resending DATA #0...
Google.Solutions.Compute Verbose: 0 : SshRelayStream [TX: 2 TXA: 0 RX: 0 AQ: 1]: Resending DATA #0...
Google.Solutions.Compute Verbose: 0 : SshRelayStream [TX: 2 TXA: 0 RX: 0 AQ: 1]: Resending DATA #0...
Google.Solutions.Compute Verbose: 0 : SshRelayStream [TX: 2 TXA: 0 RX: 0 AQ: 1]: Resending DATA #0...
Google.Solutions.Compute Verbose: 0 : SshRelayStream [TX: 2 TXA: 0 RX: 0 AQ: 1]: Resending DATA #0...
Google.Solutions.Compute Verbose: 0 : SshRelayStream [TX: 2 TXA: 0 RX: 0 AQ: 1]: Resending DATA #0...
Google.Solutions.Compute Verbose: 0 : SshRelayStream [TX: 2 TXA: 0 RX: 0 AQ: 1]: Resending DATA #0...
Google.Solutions.Compute Verbose: 0 : SshRelayStream [TX: 2 TXA: 0 RX: 0 AQ: 1]: Resending DATA #0...
Google.Solutions.Compute Verbose: 0 : SshRelayStream [TX: 2 TXA: 0 RX: 0 AQ: 1]: Resending DATA #0...
Google.Solutions.Compute Verbose: 0 : SshRelayStream [TX: 2 TXA: 0 RX: 0 AQ: 1]: Resending DATA #0...
Google.Solutions.Compute Verbose: 0 : SshRelayStream [TX: 2 TXA: 0 RX: 0 AQ: 1]: Resending DATA #0...
Google.Solutions.Compute Verbose: 0 : SshRelayStream [TX: 2 TXA: 0 RX: 0 AQ: 1]: Resending DATA #0...
Google.Solutions.Compute Verbose: 0 : SshRelayStream [TX: 2 TXA: 0 RX: 0 AQ: 1]: Resending DATA #0...
Google.Solutions.Compute Verbose: 0 : SshRelayStream [TX: 2 TXA: 0 RX: 0 AQ: 1]: Resending DATA #0...
Google.Solutions.Compute Verbose: 0 : SshRelayStream [TX: 2 TXA: 0 RX: 0 AQ: 1]: Resending DATA #0...
Google.Solutions.Compute Verbose: 0 : SshRelayStream [TX: 2 TXA: 0 RX: 0 AQ: 1]: Resending DATA #0...
Google.Solutions.Compute Verbose: 0 : SshRelayStream [TX: 2 TXA: 0 RX: 0 AQ: 1]: Resending DATA #0...
Google.Solutions.Compute Verbose: 0 : SshRelayStream [TX: 2 TXA: 0 RX: 0 AQ: 1]: Resending DATA #0...
Google.Solutions.Compute Verbose: 0 : SshRelayStream [TX: 2 TXA: 0 RX: 0 AQ: 1]: Resending DATA #0...
Google.Solutions.Compute Verbose: 0 : SshRelayStream [TX: 2 TXA: 0 RX: 0 AQ: 1]: Resending DATA #0...
Google.Solutions.Compute Verbose: 0 : SshRelayStream [TX: 2 TXA: 0 RX: 0 AQ: 1]: Resending DATA #0...
Google.Solutions.Compute Verbose: 0 : SshRelayStream [TX: 2 TXA: 0 RX: 0 AQ: 1]: Resending DATA #0...
Google.Solutions.Compute Verbose: 0 : SshRelayStream [TX: 2 TXA: 0 RX: 0 AQ: 1]: Resending DATA #0...
Google.Solutions.Compute Verbose: 0 : SshRelayStream [TX: 2 TXA: 0 RX: 0 AQ: 1]: Resending DATA #0...
Google.Solutions.Compute Verbose: 0 : SshRelayStream [TX: 2 TXA: 0 RX: 0 AQ: 1]: Resending DATA #0...
Google.Solutions.Compute Verbose: 0 : SshRelayStream [TX: 2 TXA: 0 RX: 0 AQ: 1]: Resending DATA #0...
Google.Solutions.Compute Verbose: 0 : SshRelayStream [TX: 2 TXA: 0 RX: 0 AQ: 1]: Resending DATA #0...
Google.Solutions.Compute Verbose: 0 : SshRelayStream [TX: 2 TXA: 0 RX: 0 AQ: 1]: Resending DATA #0...
Google.Solutions.Compute Verbose: 0 : SshRelayStream [TX: 2 TXA: 0 RX: 0 AQ: 1]: Resending DATA #0...
Google.Solutions.Compute Verbose: 0 : SshRelayStream [TX: 2 TXA: 0 RX: 0 AQ: 1]: Resending DATA #0...
Google.Solutions.Compute Verbose: 0 : SshRelayStream [TX: 2 TXA: 0 RX: 0 AQ: 1]: Resending DATA #0...
Google.Solutions.Compute Verbose: 0 : SshRelayStream [TX: 2 TXA: 0 RX: 0 AQ: 1]: Resending DATA #0...
Google.Solutions.Compute Verbose: 0 : SshRelayStream [TX: 2 TXA: 0 RX: 0 AQ: 1]: Resending DATA #0...
Google.Solutions.Compute Verbose: 0 : SshRelayStream [TX: 2 TXA: 0 RX: 0 AQ: 1]: Resending DATA #0...
Google.Solutions.Compute Verbose: 0 : SshRelayStream [TX: 2 TXA: 0 RX: 0 AQ: 1]: Resending DATA #0...
Google.Solutions.Compute Verbose: 0 : SshRelayStream [TX: 2 TXA: 0 RX: 0 AQ: 1]: Resending DATA #0...
Google.Solutions.Compute Verbose: 0 : SshRelayStream [TX: 2 TXA: 0 RX: 0 AQ: 1]: Resending DATA #0...
Google.Solutions.Compute Verbose: 0 : SshRelayStream [TX: 2 TXA: 0 RX: 0 AQ: 1]: Resending DATA #0...
Google.Solutions.Compute Verbose: 0 : SshRelayStream [TX: 2 TXA: 0 RX: 0 AQ: 1]: Resending DATA #0...
Google.Solutions.Compute Verbose: 0 : SshRelayStream [TX: 2 TXA: 0 RX: 0 AQ: 1]: Resending DATA #0...
Google.Solutions.Compute Verbose: 0 : SshRelayStream [TX: 2 TXA: 0 RX: 0 AQ: 1]: Resending DATA #0...
Google.Solutions.Compute Verbose: 0 : SshRelayStream [TX: 2 TXA: 0 RX: 0 AQ: 1]: Resending DATA #0...
Google.Solutions.Compute Verbose: 0 : SshRelayStream [TX: 2 TXA: 0 RX: 0 AQ: 1]: Resending DATA #0...
Google.Solutions.Compute Verbose: 0 : SshRelayStream [TX: 2 TXA: 0 RX: 0 AQ: 1]: Resending DATA #0...
Google.Solutions.Compute Verbose: 0 : SshRelayStream [TX: 2 TXA: 0 RX: 0 AQ: 1]: Resending DATA #0...
Google.Solutions.Compute Verbose: 0 : SshRelayStream [TX: 2 TXA: 0 RX: 0 AQ: 1]: Resending DATA #0...
Google.Solutions.Compute Verbose: 0 : SshRelayStream [TX: 2 TXA: 0 RX: 0 AQ: 1]: Resending DATA #0...
Google.Solutions.Compute Verbose: 0 : SshRelayStream [TX: 2 TXA: 0 RX: 0 AQ: 1]: Resending DATA #0...
Google.Solutions.Compute Verbose: 0 : SshRelayStream [TX: 2 TXA: 0 RX: 0 AQ: 0]: Resending DATA #1...
Google.Solutions.Compute Verbose: 0 : SshRelayStream [TX: 2 TXA: 0 RX: 0 AQ: 0]: Resending DATA #1...
Google.Solutions.Compute Verbose: 0 : SshRelayStream [TX: 2 TXA: 0 RX: 0 AQ: 0]: Resending DATA #1...
Google.Solutions.Compute Verbose: 0 : SshRelayStream [TX: 2 TXA: 0 RX: 0 AQ: 0]: Resending DATA #1...
Google.Solutions.Compute Verbose: 0 : SshRelayStream [TX: 2 TXA: 0 RX: 0 AQ: 0]: Resending DATA #1...
Google.Solutions.Compute Verbose: 0 : SshRelayStream [TX: 2 TXA: 0 RX: 0 AQ: 0]: Resending DATA #1...
Google.Solutions.Compute Verbose: 0 : SshRelayStream [TX: 2 TXA: 0 RX: 0 AQ: 0]: Resending DATA #1...
Google.Solutions.Compute Verbose: 0 : SshRelayStream [TX: 2 TXA: 0 RX: 0 AQ: 0]: Resending DATA #1...
Google.Solutions.Compute Verbose: 0 : SshRelayStream [TX: 2 TXA: 0 RX: 0 AQ: 0]: Resending DATA #1...
Google.Solutions.Compute Verbose: 0 : SshRelayStream [TX: 2 TXA: 0 RX: 0 AQ: 0]: Resending DATA #1...
Google.Solutions.Compute Verbose: 0 : SshRelayStream [TX: 2 TXA: 0 RX: 0 AQ: 0]: Resending DATA #1...
Google.Solutions.Compute Verbose: 0 : SshRelayStream [TX: 2 TXA: 0 RX: 0 AQ: 0]: Resending DATA #1...
Google.Solutions.Compute Verbose: 0 : SshRelayStream [TX: 2 TXA: 0 RX: 0 AQ: 0]: Resending DATA #1...
Google.Solutions.Compute Verbose: 0 : SshRelayStream [TX: 2 TXA: 0 RX: 0 AQ: 0]: Resending DATA #1...
Google.Solutions.Compute Verbose: 0 : SshRelayStream [TX: 2 TXA: 0 RX: 0 AQ: 0]: Resending DATA #1...
Google.Solutions.Compute Verbose: 0 : SshRelayStream [TX: 2 TXA: 0 RX: 0 AQ: 0]: Resending DATA #1...
Google.Solutions.Compute Verbose: 0 : SshRelayStream [TX: 2 TXA: 0 RX: 0 AQ: 0]: Resending DATA #1...
Google.Solutions.Compute Verbose: 0 : SshRelayStream [TX: 2 TXA: 0 RX: 0 AQ: 0]: Resending DATA #1...
Google.Solutions.Compute Verbose: 0 : SshRelayStream [TX: 2 TXA: 0 RX: 0 AQ: 0]: Resending DATA #1...
Google.Solutions.Compute Verbose: 0 : SshRelayStream [TX: 2 TXA: 0 RX: 0 AQ: 0]: Resending DATA #1...
Google.Solutions.Compute Verbose: 0 : SshRelayStream [TX: 2 TXA: 0 RX: 0 AQ: 0]: Resending DATA #1...
Google.Solutions.Compute Verbose: 0 : SshRelayStream [TX: 2 TXA: 0 RX: 0 AQ: 0]: Resending DATA #1...
Google.Solutions.Compute Verbose: 0 : SshRelayStream [TX: 2 TXA: 0 RX: 0 AQ: 0]: Resending DATA #1...
Google.Solutions.Compute Verbose: 0 : SshRelayStream [TX: 2 TXA: 0 RX: 0 AQ: 0]: Resending DATA #1...
Google.Solutions.Compute Verbose: 0 : SshRelayStream [TX: 2 TXA: 0 RX: 0 AQ: 0]: Resending DATA #1...
Google.Solutions.Compute Verbose: 0 : SshRelayStream [TX: 2 TXA: 0 RX: 0 AQ: 0]: Resending DATA #1...
Google.Solutions.Compute Verbose: 0 : SshRelayStream [TX: 2 TXA: 0 RX: 0 AQ: 0]: Resending DATA #1...
Google.Solutions.Compute Verbose: 0 : SshRelayStream [TX: 2 TXA: 0 RX: 0 AQ: 0]: Resending DATA #1...
Google.Solutions.Compute Verbose: 0 : SshRelayStream [TX: 2 TXA: 0 RX: 0 AQ: 0]: Resending DATA #1...
Google.Solutions.Compute Verbose: 0 : SshRelayStream [TX: 2 TXA: 0 RX: 0 AQ: 0]: Resending DATA #1...
Google.Solutions.Compute Verbose: 0 : SshRelayStream [TX: 2 TXA: 0 RX: 0 AQ: 0]: Resending DATA #1...
Google.Solutions.Compute Verbose: 0 : SshRelayStream [TX: 2 TXA: 0 RX: 0 AQ: 0]: Resending DATA #1...
Google.Solutions.Compute Verbose: 0 : SshRelayStream [TX: 2 TXA: 0 RX: 0 AQ: 0]: Resending DATA #1...
Google.Solutions.Compute Verbose: 0 : SshRelayStream [TX: 2 TXA: 0 RX: 0 AQ: 0]: Resending DATA #1...
Google.Solutions.Compute Verbose: 0 : SshRelayStream [TX: 2 TXA: 0 RX: 0 AQ: 0]: Resending DATA #1...
Google.Solutions.Compute Verbose: 0 : SshRelayStream [TX: 2 TXA: 0 RX: 0 AQ: 0]: Resending DATA #1...
Google.Solutions.Compute Verbose: 0 : SshRelayStream [TX: 2 TXA: 0 RX: 0 AQ: 0]: Resending DATA #1...
Google.Solutions.Compute Verbose: 0 : SshRelayStream [TX: 2 TXA: 0 RX: 0 AQ: 0]: Resending DATA #1...
Google.Solutions.Compute Verbose: 0 : SshRelayStream [TX: 2 TXA: 0 RX: 0 AQ: 0]: Resending DATA #1...
Google.Solutions.Compute Verbose: 0 : SshRelayStream [TX: 2 TXA: 0 RX: 0 AQ: 0]: Resending DATA #1...
Google.Solutions.Compute Verbose: 0 : SshRelayStream [TX: 2 TXA: 0 RX: 0 AQ: 0]: Resending DATA #1...
Google.Solutions.Compute Verbose: 0 : SshRelayStream [TX: 2 TXA: 0 RX: 0 AQ: 0]: Resending DATA #1...
Google.Solutions.Compute Verbose: 0 : SshRelayStream [TX: 2 TXA: 0 RX: 0 AQ: 0]: Resending DATA #1...
Google.Solutions.Compute Verbose: 0 : SshRelayStream [TX: 2 TXA: 0 RX: 0 AQ: 0]: Resending DATA #1...
Google.Solutions.Compute Verbose: 0 : SshRelayStream [TX: 2 TXA: 0 RX: 0 AQ: 0]: Resending DATA #1...
Google.Solutions.Compute Verbose: 0 : SshRelayStream [TX: 2 TXA: 0 RX: 0 AQ: 0]: Resending DATA #1...
Google.Solutions.Compute Verbose: 0 : SshRelayStream [TX: 2 TXA: 0 RX: 0 AQ: 0]: Resending DATA #1...
Google.Solutions.Compute Verbose: 0 : SshRelayStream [TX: 2 TXA: 0 RX: 0 AQ: 0]: Resending DATA #1...
Google.Solutions.Compute Verbose: 0 : SshRelayStream [TX: 2 TXA: 0 RX: 0 AQ: 0]: Resending DATA #1...
Google.Solutions.Compute Verbose: 0 : SshRelayStream [TX: 2 TXA: 0 RX: 0 AQ: 0]: Sending DATA #2...
Google.Solutions.Compute Verbose: 0 : SshRelayStream [TX: 2 TXA: 0 RX: 0 AQ: 0]: Sending DATA #2...
Google.Solutions.Compute Verbose: 0 : SshRelayStream [TX: 2 TXA: 0 RX: 0 AQ: 0]: Sending DATA #2...
Google.Solutions.Compute Verbose: 0 : SshRelayStream [TX: 2 TXA: 0 RX: 0 AQ: 0]: Sending DATA #2...
Google.Solutions.Compute Verbose: 0 : SshRelayStream [TX: 2 TXA: 0 RX: 0 AQ: 0]: Sending DATA #2...
Google.Solutions.Compute Verbose: 0 : SshRelayStream [TX: 2 TXA: 0 RX: 0 AQ: 0]: Sending DATA #2...
Google.Solutions.Compute Verbose: 0 : SshRelayStream [TX: 2 TXA: 0 RX: 0 AQ: 0]: Sending DATA #2...
Google.Solutions.Compute Verbose: 0 : SshRelayStream [TX: 2 TXA: 0 RX: 0 AQ: 0]: Sending DATA #2...
Google.Solutions.Compute Verbose: 0 : SshRelayStream [TX: 2 TXA: 0 RX: 0 AQ: 0]: Sending DATA #2...
Google.Solutions.Compute Verbose: 0 : SshRelayStream [TX: 2 TXA: 0 RX: 0 AQ: 0]: Sending DATA #2...
Google.Solutions.Compute Verbose: 0 : SshRelayStream [TX: 2 TXA: 0 RX: 0 AQ: 0]: Sending DATA #2...
Google.Solutions.Compute Verbose: 0 : SshRelayStream [TX: 2 TXA: 0 RX: 0 AQ: 0]: Sending DATA #2...
Google.Solutions.Compute Verbose: 0 : SshRelayStream [TX: 2 TXA: 0 RX: 0 AQ: 0]: Sending DATA #2...
Google.Solutions.Compute Verbose: 0 : SshRelayStream [TX: 2 TXA: 0 RX: 0 AQ: 0]: Sending DATA #2...
Google.Solutions.Compute Verbose: 0 : SshRelayStream [TX: 2 TXA: 0 RX: 0 AQ: 0]: Sending DATA #2...
Google.Solutions.Compute Verbose: 0 : SshRelayStream [TX: 2 TXA: 0 RX: 0 AQ: 0]: Sending DATA #2...
Google.Solutions.Compute Verbose: 0 : SshRelayStream [TX: 2 TXA: 0 RX: 0 AQ: 0]: Sending DATA #2...
Google.Solutions.Compute Verbose: 0 : SshRelayStream [TX: 2 TXA: 0 RX: 0 AQ: 0]: Sending DATA #2...
Google.Solutions.Compute Verbose: 0 : SshRelayStream [TX: 2 TXA: 0 RX: 0 AQ: 0]: Sending DATA #2...
Google.Solutions.Compute Verbose: 0 : SshRelayStream [TX: 2 TXA: 0 RX: 0 AQ: 0]: Sending DATA #2...
Google.Solutions.Compute Verbose: 0 : SshRelayStream [TX: 2 TXA: 0 RX: 0 AQ: 0]: Sending DATA #2...
Google.Solutions.Compute Verbose: 0 : SshRelayStream [TX: 2 TXA: 0 RX: 0 AQ: 0]: Sending DATA #2...
Google.Solutions.Compute Verbose: 0 : SshRelayStream [TX: 2 TXA: 0 RX: 0 AQ: 0]: Sending DATA #2...
Google.Solutions.Compute Verbose: 0 : SshRelayStream [TX: 2 TXA: 0 RX: 0 AQ: 0]: Sending DATA #2...
Google.Solutions.Compute Verbose: 0 : SshRelayStream [TX: 2 TXA: 0 RX: 0 AQ: 0]: Sending DATA #2...
Google.Solutions.Compute Verbose: 0 : SshRelayStream [TX: 2 TXA: 0 RX: 0 AQ: 0]: Sending DATA #2...
Google.Solutions.Compute Verbose: 0 : SshRelayStream [TX: 2 TXA: 0 RX: 0 AQ: 0]: Sending DATA #2...
Google.Solutions.Compute Verbose: 0 : SshRelayStream [TX: 2 TXA: 0 RX: 0 AQ: 0]: Sending DATA #2...
Google.Solutions.Compute Verbose: 0 : SshRelayStream [TX: 2 TXA: 0 RX: 0 AQ: 0]: Sending DATA #2...
Google.Solutions.Compute Verbose: 0 : SshRelayStream [TX: 2 TXA: 0 RX: 0 AQ: 0]: Sending DATA #2...
Google.Solutions.Compute Verbose: 0 : SshRelayStream [TX: 2 TXA: 0 RX: 0 AQ: 0]: Sending DATA #2...
Google.Solutions.Compute Verbose: 0 : SshRelayStream [TX: 2 TXA: 0 RX: 0 AQ: 0]: Sending DATA #2...
Google.Solutions.Compute Verbose: 0 : SshRelayStream [TX: 2 TXA: 0 RX: 0 AQ: 0]: Sending DATA #2...
Google.Solutions.Compute Verbose: 0 : SshRelayStream [TX: 2 TXA: 0 RX: 0 AQ: 0]: Sending DATA #2...
Google.Solutions.Compute Verbose: 0 : SshRelayStream [TX: 2 TXA: 0 RX: 0 AQ: 0]: Sending DATA #2...
Google.Solutions.Compute Verbose: 0 : SshRelayStream [TX: 2 TXA: 0 RX: 0 AQ: 0]: Sending DATA #2...
Google.Solutions.Compute Verbose: 0 : SshRelayStream [TX: 2 TXA: 0 RX: 0 AQ: 0]: Sending DATA #2...
Google.Solutions.Compute Verbose: 0 : SshRelayStream [TX: 2 TXA: 0 RX: 0 AQ: 0]: Sending DATA #2...
Google.Solutions.Compute Verbose: 0 : SshRelayStream [TX: 2 TXA: 0 RX: 0 AQ: 0]: Sending DATA #2...
Google.Solutions.Compute Verbose: 0 : SshRelayStream [TX: 2 TXA: 0 RX: 0 AQ: 0]: Sending DATA #2...
Google.Solutions.Compute Verbose: 0 : SshRelayStream [TX: 2 TXA: 0 RX: 0 AQ: 0]: Sending DATA #2...
Google.Solutions.Compute Verbose: 0 : SshRelayStream [TX: 2 TXA: 0 RX: 0 AQ: 0]: Sending DATA #2...
Google.Solutions.Compute Verbose: 0 : SshRelayStream [TX: 2 TXA: 0 RX: 0 AQ: 0]: Sending DATA #2...
Google.Solutions.Compute Verbose: 0 : SshRelayStream [TX: 2 TXA: 0 RX: 0 AQ: 0]: Sending DATA #2...
Google.Solutions.Compute Verbose: 0 : SshRelayStream [TX: 2 TXA: 0 RX: 0 AQ: 0]: Sending DATA #2...
Google.Solutions.Compute Verbose: 0 : SshRelayStream [TX: 2 TXA: 0 RX: 0 AQ: 0]: Sending DATA #2...
Google.Solutions.Compute Verbose: 0 : SshRelayStream [TX: 2 TXA: 0 RX: 0 AQ: 0]: Sending DATA #2...
Google.Solutions.Compute Verbose: 0 : SshRelayStream [TX: 2 TXA: 0 RX: 0 AQ: 0]: Sending DATA #2...
Google.Solutions.Compute Verbose: 0 : SshRelayStream [TX: 2 TXA: 0 RX: 0 AQ: 0]: Sending DATA #2...
</system-out></testcase><testcase name="WriteAfterForcefulServerCloseCausesAnotherConnectAndDataBeingResentIfNoDataReadBefore(ProtocolError)" assertions="9" time="0.001543" status="Passed" classname="Google.Solutions.Compute.Test.Iap.TestSshRelayStreamWriting"><system-out>Google.Solutions.Compute Verbose: 0 : SshRelayStream [TX: 0 TXA: 0 RX: 0 AQ: 0]: Connecting...
Google.Solutions.Compute Verbose: 0 : SshRelayStream [TX: 0 TXA: 0 RX: 0 AQ: 0]: Connecting...
Google.Solutions.Compute Verbose: 0 : SshRelayStream [TX: 0 TXA: 0 RX: 0 AQ: 0]: Connecting...
Google.Solutions.Compute Verbose: 0 : SshRelayStream [TX: 0 TXA: 0 RX: 0 AQ: 0]: Connecting...
Google.Solutions.Compute Verbose: 0 : SshRelayStream [TX: 0 TXA: 0 RX: 0 AQ: 0]: Connecting...
Google.Solutions.Compute Verbose: 0 : SshRelayStream [TX: 0 TXA: 0 RX: 0 AQ: 0]: Connecting...
Google.Solutions.Compute Verbose: 0 : SshRelayStream [TX: 0 TXA: 0 RX: 0 AQ: 0]: Connecting...
Google.Solutions.Compute Verbose: 0 : SshRelayStream [TX: 0 TXA: 0 RX: 0 AQ: 0]: Connecting...
Google.Solutions.Compute Verbose: 0 : SshRelayStream [TX: 0 TXA: 0 RX: 0 AQ: 0]: Connecting...
Google.Solutions.Compute Verbose: 0 : SshRelayStream [TX: 0 TXA: 0 RX: 0 AQ: 0]: Connecting...
Google.Solutions.Compute Verbose: 0 : SshRelayStream [TX: 0 TXA: 0 RX: 0 AQ: 0]: Connecting...
Google.Solutions.Compute Verbose: 0 : SshRelayStream [TX: 0 TXA: 0 RX: 0 AQ: 0]: Connecting...
Google.Solutions.Compute Verbose: 0 : SshRelayStream [TX: 0 TXA: 0 RX: 0 AQ: 0]: Connecting...
Google.Solutions.Compute Verbose: 0 : SshRelayStream [TX: 0 TXA: 0 RX: 0 AQ: 0]: Connecting...
Google.Solutions.Compute Verbose: 0 : SshRelayStream [TX: 0 TXA: 0 RX: 0 AQ: 0]: Connecting...
Google.Solutions.Compute Verbose: 0 : SshRelayStream [TX: 0 TXA: 0 RX: 0 AQ: 0]: Connecting...
Google.Solutions.Compute Verbose: 0 : SshRelayStream [TX: 0 TXA: 0 RX: 0 AQ: 0]: Connecting...
Google.Solutions.Compute Verbose: 0 : SshRelayStream [TX: 0 TXA: 0 RX: 0 AQ: 0]: Connecting...
Google.Solutions.Compute Verbose: 0 : SshRelayStream [TX: 0 TXA: 0 RX: 0 AQ: 0]: Connecting...
Google.Solutions.Compute Verbose: 0 : SshRelayStream [TX: 0 TXA: 0 RX: 0 AQ: 0]: Connecting...
Google.Solutions.Compute Verbose: 0 : SshRelayStream [TX: 0 TXA: 0 RX: 0 AQ: 0]: Connecting...
Google.Solutions.Compute Verbose: 0 : SshRelayStream [TX: 0 TXA: 0 RX: 0 AQ: 0]: Connecting...
Google.Solutions.Compute Verbose: 0 : SshRelayStream [TX: 0 TXA: 0 RX: 0 AQ: 0]: Connecting...
Google.Solutions.Compute Verbose: 0 : SshRelayStream [TX: 0 TXA: 0 RX: 0 AQ: 0]: Connecting...
Google.Solutions.Compute Verbose: 0 : SshRelayStream [TX: 0 TXA: 0 RX: 0 AQ: 0]: Connecting...
Google.Solutions.Compute Verbose: 0 : SshRelayStream [TX: 0 TXA: 0 RX: 0 AQ: 0]: Connecting...
Google.Solutions.Compute Verbose: 0 : SshRelayStream [TX: 0 TXA: 0 RX: 0 AQ: 0]: Connecting...
Google.Solutions.Compute Verbose: 0 : SshRelayStream [TX: 0 TXA: 0 RX: 0 AQ: 0]: Connecting...
Google.Solutions.Compute Verbose: 0 : SshRelayStream [TX: 0 TXA: 0 RX: 0 AQ: 0]: Connecting...
Google.Solutions.Compute Verbose: 0 : SshRelayStream [TX: 0 TXA: 0 RX: 0 AQ: 0]: Connecting...
Google.Solutions.Compute Verbose: 0 : SshRelayStream [TX: 0 TXA: 0 RX: 0 AQ: 0]: Connecting...
Google.Solutions.Compute Verbose: 0 : SshRelayStream [TX: 0 TXA: 0 RX: 0 AQ: 0]: Connecting...
Google.Solutions.Compute Verbose: 0 : SshRelayStream [TX: 0 TXA: 0 RX: 0 AQ: 0]: Connecting...
Google.Solutions.Compute Verbose: 0 : SshRelayStream [TX: 0 TXA: 0 RX: 0 AQ: 0]: Connecting...
Google.Solutions.Compute Verbose: 0 : SshRelayStream [TX: 0 TXA: 0 RX: 0 AQ: 0]: Connecting...
Google.Solutions.Compute Verbose: 0 : SshRelayStream [TX: 0 TXA: 0 RX: 0 AQ: 0]: Connecting...
Google.Solutions.Compute Verbose: 0 : SshRelayStream [TX: 0 TXA: 0 RX: 0 AQ: 0]: Connecting...
Google.Solutions.Compute Verbose: 0 : SshRelayStream [TX: 0 TXA: 0 RX: 0 AQ: 0]: Connecting...
Google.Solutions.Compute Verbose: 0 : SshRelayStream [TX: 0 TXA: 0 RX: 0 AQ: 0]: Connecting...
Google.Solutions.Compute Verbose: 0 : SshRelayStream [TX: 0 TXA: 0 RX: 0 AQ: 0]: Connecting...
Google.Solutions.Compute Verbose: 0 : SshRelayStream [TX: 0 TXA: 0 RX: 0 AQ: 0]: Connecting...
Google.Solutions.Compute Verbose: 0 : SshRelayStream [TX: 0 TXA: 0 RX: 0 AQ: 0]: Connecting...
Google.Solutions.Compute Verbose: 0 : SshRelayStream [TX: 0 TXA: 0 RX: 0 AQ: 0]: Connecting...
Google.Solutions.Compute Verbose: 0 : SshRelayStream [TX: 0 TXA: 0 RX: 0 AQ: 0]: Connecting...
Google.Solutions.Compute Verbose: 0 : SshRelayStream [TX: 0 TXA: 0 RX: 0 AQ: 0]: Connecting...
Google.Solutions.Compute Verbose: 0 : SshRelayStream [TX: 0 TXA: 0 RX: 0 AQ: 0]: Connecting...
Google.Solutions.Compute Verbose: 0 : SshRelayStream [TX: 0 TXA: 0 RX: 0 AQ: 0]: Connecting...
Google.Solutions.Compute Verbose: 0 : SshRelayStream [TX: 0 TXA: 0 RX: 0 AQ: 0]: Connecting...
Google.Solutions.Compute Verbose: 0 : SshRelayStream [TX: 0 TXA: 0 RX: 0 AQ: 0]: Connecting...
Google.Solutions.Compute Verbose: 0 : SshRelayStream [TX: 0 TXA: 0 RX: 0 AQ: 0]: Connecting...
Google.Solutions.Compute Verbose: 0 : SshRelayStream [TX: 0 TXA: 0 RX: 0 AQ: 0]: Sending DATA #0...
Google.Solutions.Compute Verbose: 0 : SshRelayStream [TX: 0 TXA: 0 RX: 0 AQ: 0]: Sending DATA #0...
Google.Solutions.Compute Verbose: 0 : SshRelayStream [TX: 0 TXA: 0 RX: 0 AQ: 0]: Sending DATA #0...
Google.Solutions.Compute Verbose: 0 : SshRelayStream [TX: 0 TXA: 0 RX: 0 AQ: 0]: Sending DATA #0...
Google.Solutions.Compute Verbose: 0 : SshRelayStream [TX: 0 TXA: 0 RX: 0 AQ: 0]: Sending DATA #0...
Google.Solutions.Compute Verbose: 0 : SshRelayStream [TX: 0 TXA: 0 RX: 0 AQ: 0]: Sending DATA #0...
Google.Solutions.Compute Verbose: 0 : SshRelayStream [TX: 0 TXA: 0 RX: 0 AQ: 0]: Sending DATA #0...
Google.Solutions.Compute Verbose: 0 : SshRelayStream [TX: 0 TXA: 0 RX: 0 AQ: 0]: Sending DATA #0...
Google.Solutions.Compute Verbose: 0 : SshRelayStream [TX: 0 TXA: 0 RX: 0 AQ: 0]: Sending DATA #0...
Google.Solutions.Compute Verbose: 0 : SshRelayStream [TX: 0 TXA: 0 RX: 0 AQ: 0]: Sending DATA #0...
Google.Solutions.Compute Verbose: 0 : SshRelayStream [TX: 0 TXA: 0 RX: 0 AQ: 0]: Sending DATA #0...
Google.Solutions.Compute Verbose: 0 : SshRelayStream [TX: 0 TXA: 0 RX: 0 AQ: 0]: Sending DATA #0...
Google.Solutions.Compute Verbose: 0 : SshRelayStream [TX: 0 TXA: 0 RX: 0 AQ: 0]: Sending DATA #0...
Google.Solutions.Compute Verbose: 0 : SshRelayStream [TX: 0 TXA: 0 RX: 0 AQ: 0]: Sending DATA #0...
Google.Solutions.Compute Verbose: 0 : SshRelayStream [TX: 0 TXA: 0 RX: 0 AQ: 0]: Sending DATA #0...
Google.Solutions.Compute Verbose: 0 : SshRelayStream [TX: 0 TXA: 0 RX: 0 AQ: 0]: Sending DATA #0...
Google.Solutions.Compute Verbose: 0 : SshRelayStream [TX: 0 TXA: 0 RX: 0 AQ: 0]: Sending DATA #0...
Google.Solutions.Compute Verbose: 0 : SshRelayStream [TX: 0 TXA: 0 RX: 0 AQ: 0]: Sending DATA #0...
Google.Solutions.Compute Verbose: 0 : SshRelayStream [TX: 0 TXA: 0 RX: 0 AQ: 0]: Sending DATA #0...
Google.Solutions.Compute Verbose: 0 : SshRelayStream [TX: 0 TXA: 0 RX: 0 AQ: 0]: Sending DATA #0...
Google.Solutions.Compute Verbose: 0 : SshRelayStream [TX: 0 TXA: 0 RX: 0 AQ: 0]: Sending DATA #0...
Google.Solutions.Compute Verbose: 0 : SshRelayStream [TX: 0 TXA: 0 RX: 0 AQ: 0]: Sending DATA #0...
Google.Solutions.Compute Verbose: 0 : SshRelayStream [TX: 0 TXA: 0 RX: 0 AQ: 0]: Sending DATA #0...
Google.Solutions.Compute Verbose: 0 : SshRelayStream [TX: 0 TXA: 0 RX: 0 AQ: 0]: Sending DATA #0...
Google.Solutions.Compute Verbose: 0 : SshRelayStream [TX: 0 TXA: 0 RX: 0 AQ: 0]: Sending DATA #0...
Google.Solutions.Compute Verbose: 0 : SshRelayStream [TX: 0 TXA: 0 RX: 0 AQ: 0]: Sending DATA #0...
Google.Solutions.Compute Verbose: 0 : SshRelayStream [TX: 0 TXA: 0 RX: 0 AQ: 0]: Sending DATA #0...
Google.Solutions.Compute Verbose: 0 : SshRelayStream [TX: 0 TXA: 0 RX: 0 AQ: 0]: Sending DATA #0...
Google.Solutions.Compute Verbose: 0 : SshRelayStream [TX: 0 TXA: 0 RX: 0 AQ: 0]: Sending DATA #0...
Google.Solutions.Compute Verbose: 0 : SshRelayStream [TX: 0 TXA: 0 RX: 0 AQ: 0]: Sending DATA #0...
Google.Solutions.Compute Verbose: 0 : SshRelayStream [TX: 0 TXA: 0 RX: 0 AQ: 0]: Sending DATA #0...
Google.Solutions.Compute Verbose: 0 : SshRelayStream [TX: 0 TXA: 0 RX: 0 AQ: 0]: Sending DATA #0...
Google.Solutions.Compute Verbose: 0 : SshRelayStream [TX: 0 TXA: 0 RX: 0 AQ: 0]: Sending DATA #0...
Google.Solutions.Compute Verbose: 0 : SshRelayStream [TX: 0 TXA: 0 RX: 0 AQ: 0]: Sending DATA #0...
Google.Solutions.Compute Verbose: 0 : SshRelayStream [TX: 0 TXA: 0 RX: 0 AQ: 0]: Sending DATA #0...
Google.Solutions.Compute Verbose: 0 : SshRelayStream [TX: 0 TXA: 0 RX: 0 AQ: 0]: Sending DATA #0...
Google.Solutions.Compute Verbose: 0 : SshRelayStream [TX: 0 TXA: 0 RX: 0 AQ: 0]: Sending DATA #0...
Google.Solutions.Compute Verbose: 0 : SshRelayStream [TX: 0 TXA: 0 RX: 0 AQ: 0]: Sending DATA #0...
Google.Solutions.Compute Verbose: 0 : SshRelayStream [TX: 0 TXA: 0 RX: 0 AQ: 0]: Sending DATA #0...
Google.Solutions.Compute Verbose: 0 : SshRelayStream [TX: 0 TXA: 0 RX: 0 AQ: 0]: Sending DATA #0...
Google.Solutions.Compute Verbose: 0 : SshRelayStream [TX: 0 TXA: 0 RX: 0 AQ: 0]: Sending DATA #0...
Google.Solutions.Compute Verbose: 0 : SshRelayStream [TX: 0 TXA: 0 RX: 0 AQ: 0]: Sending DATA #0...
Google.Solutions.Compute Verbose: 0 : SshRelayStream [TX: 0 TXA: 0 RX: 0 AQ: 0]: Sending DATA #0...
Google.Solutions.Compute Verbose: 0 : SshRelayStream [TX: 0 TXA: 0 RX: 0 AQ: 0]: Sending DATA #0...
Google.Solutions.Compute Verbose: 0 : SshRelayStream [TX: 0 TXA: 0 RX: 0 AQ: 0]: Sending DATA #0...
Google.Solutions.Compute Verbose: 0 : SshRelayStream [TX: 0 TXA: 0 RX: 0 AQ: 0]: Sending DATA #0...
Google.Solutions.Compute Verbose: 0 : SshRelayStream [TX: 0 TXA: 0 RX: 0 AQ: 0]: Sending DATA #0...
Google.Solutions.Compute Verbose: 0 : SshRelayStream [TX: 0 TXA: 0 RX: 0 AQ: 0]: Sending DATA #0...
Google.Solutions.Compute Verbose: 0 : SshRelayStream [TX: 0 TXA: 0 RX: 0 AQ: 0]: Sending DATA #0...
Google.Solutions.Compute Verbose: 0 : SshRelayStream [TX: 0 TXA: 0 RX: 0 AQ: 0]: Sending DATA #0...
Google.Solutions.Compute Verbose: 0 : SshRelayStream [TX: 1 TXA: 0 RX: 0 AQ: 1]: Sending DATA #1...
Google.Solutions.Compute Verbose: 0 : SshRelayStream [TX: 1 TXA: 0 RX: 0 AQ: 1]: Sending DATA #1...
Google.Solutions.Compute Verbose: 0 : SshRelayStream [TX: 1 TXA: 0 RX: 0 AQ: 1]: Sending DATA #1...
Google.Solutions.Compute Verbose: 0 : SshRelayStream [TX: 1 TXA: 0 RX: 0 AQ: 1]: Sending DATA #1...
Google.Solutions.Compute Verbose: 0 : SshRelayStream [TX: 1 TXA: 0 RX: 0 AQ: 1]: Sending DATA #1...
Google.Solutions.Compute Verbose: 0 : SshRelayStream [TX: 1 TXA: 0 RX: 0 AQ: 1]: Sending DATA #1...
Google.Solutions.Compute Verbose: 0 : SshRelayStream [TX: 1 TXA: 0 RX: 0 AQ: 1]: Sending DATA #1...
Google.Solutions.Compute Verbose: 0 : SshRelayStream [TX: 1 TXA: 0 RX: 0 AQ: 1]: Sending DATA #1...
Google.Solutions.Compute Verbose: 0 : SshRelayStream [TX: 1 TXA: 0 RX: 0 AQ: 1]: Sending DATA #1...
Google.Solutions.Compute Verbose: 0 : SshRelayStream [TX: 1 TXA: 0 RX: 0 AQ: 1]: Sending DATA #1...
Google.Solutions.Compute Verbose: 0 : SshRelayStream [TX: 1 TXA: 0 RX: 0 AQ: 1]: Sending DATA #1...
Google.Solutions.Compute Verbose: 0 : SshRelayStream [TX: 1 TXA: 0 RX: 0 AQ: 1]: Sending DATA #1...
Google.Solutions.Compute Verbose: 0 : SshRelayStream [TX: 1 TXA: 0 RX: 0 AQ: 1]: Sending DATA #1...
Google.Solutions.Compute Verbose: 0 : SshRelayStream [TX: 1 TXA: 0 RX: 0 AQ: 1]: Sending DATA #1...
Google.Solutions.Compute Verbose: 0 : SshRelayStream [TX: 1 TXA: 0 RX: 0 AQ: 1]: Sending DATA #1...
Google.Solutions.Compute Verbose: 0 : SshRelayStream [TX: 1 TXA: 0 RX: 0 AQ: 1]: Sending DATA #1...
Google.Solutions.Compute Verbose: 0 : SshRelayStream [TX: 1 TXA: 0 RX: 0 AQ: 1]: Sending DATA #1...
Google.Solutions.Compute Verbose: 0 : SshRelayStream [TX: 1 TXA: 0 RX: 0 AQ: 1]: Sending DATA #1...
Google.Solutions.Compute Verbose: 0 : SshRelayStream [TX: 1 TXA: 0 RX: 0 AQ: 1]: Sending DATA #1...
Google.Solutions.Compute Verbose: 0 : SshRelayStream [TX: 1 TXA: 0 RX: 0 AQ: 1]: Sending DATA #1...
Google.Solutions.Compute Verbose: 0 : SshRelayStream [TX: 1 TXA: 0 RX: 0 AQ: 1]: Sending DATA #1...
Google.Solutions.Compute Verbose: 0 : SshRelayStream [TX: 1 TXA: 0 RX: 0 AQ: 1]: Sending DATA #1...
Google.Solutions.Compute Verbose: 0 : SshRelayStream [TX: 1 TXA: 0 RX: 0 AQ: 1]: Sending DATA #1...
Google.Solutions.Compute Verbose: 0 : SshRelayStream [TX: 1 TXA: 0 RX: 0 AQ: 1]: Sending DATA #1...
Google.Solutions.Compute Verbose: 0 : SshRelayStream [TX: 1 TXA: 0 RX: 0 AQ: 1]: Sending DATA #1...
Google.Solutions.Compute Verbose: 0 : SshRelayStream [TX: 1 TXA: 0 RX: 0 AQ: 1]: Sending DATA #1...
Google.Solutions.Compute Verbose: 0 : SshRelayStream [TX: 1 TXA: 0 RX: 0 AQ: 1]: Sending DATA #1...
Google.Solutions.Compute Verbose: 0 : SshRelayStream [TX: 1 TXA: 0 RX: 0 AQ: 1]: Sending DATA #1...
Google.Solutions.Compute Verbose: 0 : SshRelayStream [TX: 1 TXA: 0 RX: 0 AQ: 1]: Sending DATA #1...
Google.Solutions.Compute Verbose: 0 : SshRelayStream [TX: 1 TXA: 0 RX: 0 AQ: 1]: Sending DATA #1...
Google.Solutions.Compute Verbose: 0 : SshRelayStream [TX: 1 TXA: 0 RX: 0 AQ: 1]: Sending DATA #1...
Google.Solutions.Compute Verbose: 0 : SshRelayStream [TX: 1 TXA: 0 RX: 0 AQ: 1]: Sending DATA #1...
Google.Solutions.Compute Verbose: 0 : SshRelayStream [TX: 1 TXA: 0 RX: 0 AQ: 1]: Sending DATA #1...
Google.Solutions.Compute Verbose: 0 : SshRelayStream [TX: 1 TXA: 0 RX: 0 AQ: 1]: Sending DATA #1...
Google.Solutions.Compute Verbose: 0 : SshRelayStream [TX: 1 TXA: 0 RX: 0 AQ: 1]: Sending DATA #1...
Google.Solutions.Compute Verbose: 0 : SshRelayStream [TX: 1 TXA: 0 RX: 0 AQ: 1]: Sending DATA #1...
Google.Solutions.Compute Verbose: 0 : SshRelayStream [TX: 1 TXA: 0 RX: 0 AQ: 1]: Sending DATA #1...
Google.Solutions.Compute Verbose: 0 : SshRelayStream [TX: 1 TXA: 0 RX: 0 AQ: 1]: Sending DATA #1...
Google.Solutions.Compute Verbose: 0 : SshRelayStream [TX: 1 TXA: 0 RX: 0 AQ: 1]: Sending DATA #1...
Google.Solutions.Compute Verbose: 0 : SshRelayStream [TX: 1 TXA: 0 RX: 0 AQ: 1]: Sending DATA #1...
Google.Solutions.Compute Verbose: 0 : SshRelayStream [TX: 1 TXA: 0 RX: 0 AQ: 1]: Sending DATA #1...
Google.Solutions.Compute Verbose: 0 : SshRelayStream [TX: 1 TXA: 0 RX: 0 AQ: 1]: Sending DATA #1...
Google.Solutions.Compute Verbose: 0 : SshRelayStream [TX: 1 TXA: 0 RX: 0 AQ: 1]: Sending DATA #1...
Google.Solutions.Compute Verbose: 0 : SshRelayStream [TX: 1 TXA: 0 RX: 0 AQ: 1]: Sending DATA #1...
Google.Solutions.Compute Verbose: 0 : SshRelayStream [TX: 1 TXA: 0 RX: 0 AQ: 1]: Sending DATA #1...
Google.Solutions.Compute Verbose: 0 : SshRelayStream [TX: 1 TXA: 0 RX: 0 AQ: 1]: Sending DATA #1...
Google.Solutions.Compute Verbose: 0 : SshRelayStream [TX: 1 TXA: 0 RX: 0 AQ: 1]: Sending DATA #1...
Google.Solutions.Compute Verbose: 0 : SshRelayStream [TX: 1 TXA: 0 RX: 0 AQ: 1]: Sending DATA #1...
Google.Solutions.Compute Verbose: 0 : SshRelayStream [TX: 1 TXA: 0 RX: 0 AQ: 1]: Sending DATA #1...
Google.Solutions.Compute Verbose: 0 : SshRelayStream [TX: 1 TXA: 0 RX: 0 AQ: 1]: Sending DATA #1...
Google.Solutions.Compute Verbose: 0 : SshRelayStream [TX: 2 TXA: 0 RX: 0 AQ: 2]: Sending DATA #2...
Google.Solutions.Compute Verbose: 0 : SshRelayStream [TX: 2 TXA: 0 RX: 0 AQ: 2]: Sending DATA #2...
Google.Solutions.Compute Verbose: 0 : SshRelayStream [TX: 2 TXA: 0 RX: 0 AQ: 2]: Sending DATA #2...
Google.Solutions.Compute Verbose: 0 : SshRelayStream [TX: 2 TXA: 0 RX: 0 AQ: 2]: Sending DATA #2...
Google.Solutions.Compute Verbose: 0 : SshRelayStream [TX: 2 TXA: 0 RX: 0 AQ: 2]: Sending DATA #2...
Google.Solutions.Compute Verbose: 0 : SshRelayStream [TX: 2 TXA: 0 RX: 0 AQ: 2]: Sending DATA #2...
Google.Solutions.Compute Verbose: 0 : SshRelayStream [TX: 2 TXA: 0 RX: 0 AQ: 2]: Sending DATA #2...
Google.Solutions.Compute Verbose: 0 : SshRelayStream [TX: 2 TXA: 0 RX: 0 AQ: 2]: Sending DATA #2...
Google.Solutions.Compute Verbose: 0 : SshRelayStream [TX: 2 TXA: 0 RX: 0 AQ: 2]: Sending DATA #2...
Google.Solutions.Compute Verbose: 0 : SshRelayStream [TX: 2 TXA: 0 RX: 0 AQ: 2]: Sending DATA #2...
Google.Solutions.Compute Verbose: 0 : SshRelayStream [TX: 2 TXA: 0 RX: 0 AQ: 2]: Sending DATA #2...
Google.Solutions.Compute Verbose: 0 : SshRelayStream [TX: 2 TXA: 0 RX: 0 AQ: 2]: Sending DATA #2...
Google.Solutions.Compute Verbose: 0 : SshRelayStream [TX: 2 TXA: 0 RX: 0 AQ: 2]: Sending DATA #2...
Google.Solutions.Compute Verbose: 0 : SshRelayStream [TX: 2 TXA: 0 RX: 0 AQ: 2]: Sending DATA #2...
Google.Solutions.Compute Verbose: 0 : SshRelayStream [TX: 2 TXA: 0 RX: 0 AQ: 2]: Sending DATA #2...
Google.Solutions.Compute Verbose: 0 : SshRelayStream [TX: 2 TXA: 0 RX: 0 AQ: 2]: Sending DATA #2...
Google.Solutions.Compute Verbose: 0 : SshRelayStream [TX: 2 TXA: 0 RX: 0 AQ: 2]: Sending DATA #2...
Google.Solutions.Compute Verbose: 0 : SshRelayStream [TX: 2 TXA: 0 RX: 0 AQ: 2]: Sending DATA #2...
Google.Solutions.Compute Verbose: 0 : SshRelayStream [TX: 2 TXA: 0 RX: 0 AQ: 2]: Sending DATA #2...
Google.Solutions.Compute Verbose: 0 : SshRelayStream [TX: 2 TXA: 0 RX: 0 AQ: 2]: Sending DATA #2...
Google.Solutions.Compute Verbose: 0 : SshRelayStream [TX: 2 TXA: 0 RX: 0 AQ: 2]: Sending DATA #2...
Google.Solutions.Compute Verbose: 0 : SshRelayStream [TX: 2 TXA: 0 RX: 0 AQ: 2]: Sending DATA #2...
Google.Solutions.Compute Verbose: 0 : SshRelayStream [TX: 2 TXA: 0 RX: 0 AQ: 2]: Sending DATA #2...
Google.Solutions.Compute Verbose: 0 : SshRelayStream [TX: 2 TXA: 0 RX: 0 AQ: 2]: Sending DATA #2...
Google.Solutions.Compute Verbose: 0 : SshRelayStream [TX: 2 TXA: 0 RX: 0 AQ: 2]: Sending DATA #2...
Google.Solutions.Compute Verbose: 0 : SshRelayStream [TX: 2 TXA: 0 RX: 0 AQ: 2]: Sending DATA #2...
Google.Solutions.Compute Verbose: 0 : SshRelayStream [TX: 2 TXA: 0 RX: 0 AQ: 2]: Sending DATA #2...
Google.Solutions.Compute Verbose: 0 : SshRelayStream [TX: 2 TXA: 0 RX: 0 AQ: 2]: Sending DATA #2...
Google.Solutions.Compute Verbose: 0 : SshRelayStream [TX: 2 TXA: 0 RX: 0 AQ: 2]: Sending DATA #2...
Google.Solutions.Compute Verbose: 0 : SshRelayStream [TX: 2 TXA: 0 RX: 0 AQ: 2]: Sending DATA #2...
Google.Solutions.Compute Verbose: 0 : SshRelayStream [TX: 2 TXA: 0 RX: 0 AQ: 2]: Sending DATA #2...
Google.Solutions.Compute Verbose: 0 : SshRelayStream [TX: 2 TXA: 0 RX: 0 AQ: 2]: Sending DATA #2...
Google.Solutions.Compute Verbose: 0 : SshRelayStream [TX: 2 TXA: 0 RX: 0 AQ: 2]: Sending DATA #2...
Google.Solutions.Compute Verbose: 0 : SshRelayStream [TX: 2 TXA: 0 RX: 0 AQ: 2]: Sending DATA #2...
Google.Solutions.Compute Verbose: 0 : SshRelayStream [TX: 2 TXA: 0 RX: 0 AQ: 2]: Sending DATA #2...
Google.Solutions.Compute Verbose: 0 : SshRelayStream [TX: 2 TXA: 0 RX: 0 AQ: 2]: Sending DATA #2...
Google.Solutions.Compute Verbose: 0 : SshRelayStream [TX: 2 TXA: 0 RX: 0 AQ: 2]: Sending DATA #2...
Google.Solutions.Compute Verbose: 0 : SshRelayStream [TX: 2 TXA: 0 RX: 0 AQ: 2]: Sending DATA #2...
Google.Solutions.Compute Verbose: 0 : SshRelayStream [TX: 2 TXA: 0 RX: 0 AQ: 2]: Sending DATA #2...
Google.Solutions.Compute Verbose: 0 : SshRelayStream [TX: 2 TXA: 0 RX: 0 AQ: 2]: Sending DATA #2...
Google.Solutions.Compute Verbose: 0 : SshRelayStream [TX: 2 TXA: 0 RX: 0 AQ: 2]: Sending DATA #2...
Google.Solutions.Compute Verbose: 0 : SshRelayStream [TX: 2 TXA: 0 RX: 0 AQ: 2]: Sending DATA #2...
Google.Solutions.Compute Verbose: 0 : SshRelayStream [TX: 2 TXA: 0 RX: 0 AQ: 2]: Sending DATA #2...
Google.Solutions.Compute Verbose: 0 : SshRelayStream [TX: 2 TXA: 0 RX: 0 AQ: 2]: Sending DATA #2...
Google.Solutions.Compute Verbose: 0 : SshRelayStream [TX: 2 TXA: 0 RX: 0 AQ: 2]: Sending DATA #2...
Google.Solutions.Compute Verbose: 0 : SshRelayStream [TX: 2 TXA: 0 RX: 0 AQ: 2]: Sending DATA #2...
Google.Solutions.Compute Verbose: 0 : SshRelayStream [TX: 2 TXA: 0 RX: 0 AQ: 2]: Sending DATA #2...
Google.Solutions.Compute Verbose: 0 : SshRelayStream [TX: 2 TXA: 0 RX: 0 AQ: 2]: Sending DATA #2...
Google.Solutions.Compute Verbose: 0 : SshRelayStream [TX: 2 TXA: 0 RX: 0 AQ: 2]: Sending DATA #2...
Google.Solutions.Compute Verbose: 0 : SshRelayStream [TX: 2 TXA: 0 RX: 0 AQ: 2]: Sending DATA #2...
Google.Solutions.Compute Verbose: 0 : SshRelayStream [TX: 2 TXA: 0 RX: 0 AQ: 2]: Connection closed abnormally: 1002
Google.Solutions.Compute Verbose: 0 : SshRelayStream [TX: 2 TXA: 0 RX: 0 AQ: 2]: Connection closed abnormally: 1002
Google.Solutions.Compute Verbose: 0 : SshRelayStream [TX: 2 TXA: 0 RX: 0 AQ: 2]: Connection closed abnormally: 1002
Google.Solutions.Compute Verbose: 0 : SshRelayStream [TX: 2 TXA: 0 RX: 0 AQ: 2]: Connection closed abnormally: 1002
Google.Solutions.Compute Verbose: 0 : SshRelayStream [TX: 2 TXA: 0 RX: 0 AQ: 2]: Connection closed abnormally: 1002
Google.Solutions.Compute Verbose: 0 : SshRelayStream [TX: 2 TXA: 0 RX: 0 AQ: 2]: Connection closed abnormally: 1002
Google.Solutions.Compute Verbose: 0 : SshRelayStream [TX: 2 TXA: 0 RX: 0 AQ: 2]: Connection closed abnormally: 1002
Google.Solutions.Compute Verbose: 0 : SshRelayStream [TX: 2 TXA: 0 RX: 0 AQ: 2]: Connection closed abnormally: 1002
Google.Solutions.Compute Verbose: 0 : SshRelayStream [TX: 2 TXA: 0 RX: 0 AQ: 2]: Connection closed abnormally: 1002
Google.Solutions.Compute Verbose: 0 : SshRelayStream [TX: 2 TXA: 0 RX: 0 AQ: 2]: Connection closed abnormally: 1002
Google.Solutions.Compute Verbose: 0 : SshRelayStream [TX: 2 TXA: 0 RX: 0 AQ: 2]: Connection closed abnormally: 1002
Google.Solutions.Compute Verbose: 0 : SshRelayStream [TX: 2 TXA: 0 RX: 0 AQ: 2]: Connection closed abnormally: 1002
Google.Solutions.Compute Verbose: 0 : SshRelayStream [TX: 2 TXA: 0 RX: 0 AQ: 2]: Connection closed abnormally: 1002
Google.Solutions.Compute Verbose: 0 : SshRelayStream [TX: 2 TXA: 0 RX: 0 AQ: 2]: Connection closed abnormally: 1002
Google.Solutions.Compute Verbose: 0 : SshRelayStream [TX: 2 TXA: 0 RX: 0 AQ: 2]: Connection closed abnormally: 1002
Google.Solutions.Compute Verbose: 0 : SshRelayStream [TX: 2 TXA: 0 RX: 0 AQ: 2]: Connection closed abnormally: 1002
Google.Solutions.Compute Verbose: 0 : SshRelayStream [TX: 2 TXA: 0 RX: 0 AQ: 2]: Connection closed abnormally: 1002
Google.Solutions.Compute Verbose: 0 : SshRelayStream [TX: 2 TXA: 0 RX: 0 AQ: 2]: Connection closed abnormally: 1002
Google.Solutions.Compute Verbose: 0 : SshRelayStream [TX: 2 TXA: 0 RX: 0 AQ: 2]: Connection closed abnormally: 1002
Google.Solutions.Compute Verbose: 0 : SshRelayStream [TX: 2 TXA: 0 RX: 0 AQ: 2]: Connection closed abnormally: 1002
Google.Solutions.Compute Verbose: 0 : SshRelayStream [TX: 2 TXA: 0 RX: 0 AQ: 2]: Connection closed abnormally: 1002
Google.Solutions.Compute Verbose: 0 : SshRelayStream [TX: 2 TXA: 0 RX: 0 AQ: 2]: Connection closed abnormally: 1002
Google.Solutions.Compute Verbose: 0 : SshRelayStream [TX: 2 TXA: 0 RX: 0 AQ: 2]: Connection closed abnormally: 1002
Google.Solutions.Compute Verbose: 0 : SshRelayStream [TX: 2 TXA: 0 RX: 0 AQ: 2]: Connection closed abnormally: 1002
Google.Solutions.Compute Verbose: 0 : SshRelayStream [TX: 2 TXA: 0 RX: 0 AQ: 2]: Connection closed abnormally: 1002
Google.Solutions.Compute Verbose: 0 : SshRelayStream [TX: 2 TXA: 0 RX: 0 AQ: 2]: Connection closed abnormally: 1002
Google.Solutions.Compute Verbose: 0 : SshRelayStream [TX: 2 TXA: 0 RX: 0 AQ: 2]: Connection closed abnormally: 1002
Google.Solutions.Compute Verbose: 0 : SshRelayStream [TX: 2 TXA: 0 RX: 0 AQ: 2]: Connection closed abnormally: 1002
Google.Solutions.Compute Verbose: 0 : SshRelayStream [TX: 2 TXA: 0 RX: 0 AQ: 2]: Connection closed abnormally: 1002
Google.Solutions.Compute Verbose: 0 : SshRelayStream [TX: 2 TXA: 0 RX: 0 AQ: 2]: Connection closed abnormally: 1002
Google.Solutions.Compute Verbose: 0 : SshRelayStream [TX: 2 TXA: 0 RX: 0 AQ: 2]: Connection closed abnormally: 1002
Google.Solutions.Compute Verbose: 0 : SshRelayStream [TX: 2 TXA: 0 RX: 0 AQ: 2]: Connection closed abnormally: 1002
Google.Solutions.Compute Verbose: 0 : SshRelayStream [TX: 2 TXA: 0 RX: 0 AQ: 2]: Connection closed abnormally: 1002
Google.Solutions.Compute Verbose: 0 : SshRelayStream [TX: 2 TXA: 0 RX: 0 AQ: 2]: Connection closed abnormally: 1002
Google.Solutions.Compute Verbose: 0 : SshRelayStream [TX: 2 TXA: 0 RX: 0 AQ: 2]: Connection closed abnormally: 1002
Google.Solutions.Compute Verbose: 0 : SshRelayStream [TX: 2 TXA: 0 RX: 0 AQ: 2]: Connection closed abnormally: 1002
Google.Solutions.Compute Verbose: 0 : SshRelayStream [TX: 2 TXA: 0 RX: 0 AQ: 2]: Connection closed abnormally: 1002
Google.Solutions.Compute Verbose: 0 : SshRelayStream [TX: 2 TXA: 0 RX: 0 AQ: 2]: Connection closed abnormally: 1002
Google.Solutions.Compute Verbose: 0 : SshRelayStream [TX: 2 TXA: 0 RX: 0 AQ: 2]: Connection closed abnormally: 1002
Google.Solutions.Compute Verbose: 0 : SshRelayStream [TX: 2 TXA: 0 RX: 0 AQ: 2]: Connection closed abnormally: 1002
Google.Solutions.Compute Verbose: 0 : SshRelayStream [TX: 2 TXA: 0 RX: 0 AQ: 2]: Connection closed abnormally: 1002
Google.Solutions.Compute Verbose: 0 : SshRelayStream [TX: 2 TXA: 0 RX: 0 AQ: 2]: Connection closed abnormally: 1002
Google.Solutions.Compute Verbose: 0 : SshRelayStream [TX: 2 TXA: 0 RX: 0 AQ: 2]: Connection closed abnormally: 1002
Google.Solutions.Compute Verbose: 0 : SshRelayStream [TX: 2 TXA: 0 RX: 0 AQ: 2]: Connection closed abnormally: 1002
Google.Solutions.Compute Verbose: 0 : SshRelayStream [TX: 2 TXA: 0 RX: 0 AQ: 2]: Connection closed abnormally: 1002
Google.Solutions.Compute Verbose: 0 : SshRelayStream [TX: 2 TXA: 0 RX: 0 AQ: 2]: Connection closed abnormally: 1002
Google.Solutions.Compute Verbose: 0 : SshRelayStream [TX: 2 TXA: 0 RX: 0 AQ: 2]: Connection closed abnormally: 1002
Google.Solutions.Compute Verbose: 0 : SshRelayStream [TX: 2 TXA: 0 RX: 0 AQ: 2]: Connection closed abnormally: 1002
Google.Solutions.Compute Verbose: 0 : SshRelayStream [TX: 2 TXA: 0 RX: 0 AQ: 2]: Connection closed abnormally: 1002
Google.Solutions.Compute Verbose: 0 : SshRelayStream [TX: 2 TXA: 0 RX: 0 AQ: 2]: Connection closed abnormally: 1002
Google.Solutions.Compute Verbose: 0 : SshRelayStream [TX: 2 TXA: 0 RX: 0 AQ: 2]: Disconnecting, preparing to reconnect
Google.Solutions.Compute Verbose: 0 : SshRelayStream [TX: 2 TXA: 0 RX: 0 AQ: 2]: Disconnecting, preparing to reconnect
Google.Solutions.Compute Verbose: 0 : SshRelayStream [TX: 2 TXA: 0 RX: 0 AQ: 2]: Disconnecting, preparing to reconnect
Google.Solutions.Compute Verbose: 0 : SshRelayStream [TX: 2 TXA: 0 RX: 0 AQ: 2]: Disconnecting, preparing to reconnect
Google.Solutions.Compute Verbose: 0 : SshRelayStream [TX: 2 TXA: 0 RX: 0 AQ: 2]: Disconnecting, preparing to reconnect
Google.Solutions.Compute Verbose: 0 : SshRelayStream [TX: 2 TXA: 0 RX: 0 AQ: 2]: Disconnecting, preparing to reconnect
Google.Solutions.Compute Verbose: 0 : SshRelayStream [TX: 2 TXA: 0 RX: 0 AQ: 2]: Disconnecting, preparing to reconnect
Google.Solutions.Compute Verbose: 0 : SshRelayStream [TX: 2 TXA: 0 RX: 0 AQ: 2]: Disconnecting, preparing to reconnect
Google.Solutions.Compute Verbose: 0 : SshRelayStream [TX: 2 TXA: 0 RX: 0 AQ: 2]: Disconnecting, preparing to reconnect
Google.Solutions.Compute Verbose: 0 : SshRelayStream [TX: 2 TXA: 0 RX: 0 AQ: 2]: Disconnecting, preparing to reconnect
Google.Solutions.Compute Verbose: 0 : SshRelayStream [TX: 2 TXA: 0 RX: 0 AQ: 2]: Disconnecting, preparing to reconnect
Google.Solutions.Compute Verbose: 0 : SshRelayStream [TX: 2 TXA: 0 RX: 0 AQ: 2]: Disconnecting, preparing to reconnect
Google.Solutions.Compute Verbose: 0 : SshRelayStream [TX: 2 TXA: 0 RX: 0 AQ: 2]: Disconnecting, preparing to reconnect
Google.Solutions.Compute Verbose: 0 : SshRelayStream [TX: 2 TXA: 0 RX: 0 AQ: 2]: Disconnecting, preparing to reconnect
Google.Solutions.Compute Verbose: 0 : SshRelayStream [TX: 2 TXA: 0 RX: 0 AQ: 2]: Disconnecting, preparing to reconnect
Google.Solutions.Compute Verbose: 0 : SshRelayStream [TX: 2 TXA: 0 RX: 0 AQ: 2]: Disconnecting, preparing to reconnect
Google.Solutions.Compute Verbose: 0 : SshRelayStream [TX: 2 TXA: 0 RX: 0 AQ: 2]: Disconnecting, preparing to reconnect
Google.Solutions.Compute Verbose: 0 : SshRelayStream [TX: 2 TXA: 0 RX: 0 AQ: 2]: Disconnecting, preparing to reconnect
Google.Solutions.Compute Verbose: 0 : SshRelayStream [TX: 2 TXA: 0 RX: 0 AQ: 2]: Disconnecting, preparing to reconnect
Google.Solutions.Compute Verbose: 0 : SshRelayStream [TX: 2 TXA: 0 RX: 0 AQ: 2]: Disconnecting, preparing to reconnect
Google.Solutions.Compute Verbose: 0 : SshRelayStream [TX: 2 TXA: 0 RX: 0 AQ: 2]: Disconnecting, preparing to reconnect
Google.Solutions.Compute Verbose: 0 : SshRelayStream [TX: 2 TXA: 0 RX: 0 AQ: 2]: Disconnecting, preparing to reconnect
Google.Solutions.Compute Verbose: 0 : SshRelayStream [TX: 2 TXA: 0 RX: 0 AQ: 2]: Disconnecting, preparing to reconnect
Google.Solutions.Compute Verbose: 0 : SshRelayStream [TX: 2 TXA: 0 RX: 0 AQ: 2]: Disconnecting, preparing to reconnect
Google.Solutions.Compute Verbose: 0 : SshRelayStream [TX: 2 TXA: 0 RX: 0 AQ: 2]: Disconnecting, preparing to reconnect
Google.Solutions.Compute Verbose: 0 : SshRelayStream [TX: 2 TXA: 0 RX: 0 AQ: 2]: Disconnecting, preparing to reconnect
Google.Solutions.Compute Verbose: 0 : SshRelayStream [TX: 2 TXA: 0 RX: 0 AQ: 2]: Disconnecting, preparing to reconnect
Google.Solutions.Compute Verbose: 0 : SshRelayStream [TX: 2 TXA: 0 RX: 0 AQ: 2]: Disconnecting, preparing to reconnect
Google.Solutions.Compute Verbose: 0 : SshRelayStream [TX: 2 TXA: 0 RX: 0 AQ: 2]: Disconnecting, preparing to reconnect
Google.Solutions.Compute Verbose: 0 : SshRelayStream [TX: 2 TXA: 0 RX: 0 AQ: 2]: Disconnecting, preparing to reconnect
Google.Solutions.Compute Verbose: 0 : SshRelayStream [TX: 2 TXA: 0 RX: 0 AQ: 2]: Disconnecting, preparing to reconnect
Google.Solutions.Compute Verbose: 0 : SshRelayStream [TX: 2 TXA: 0 RX: 0 AQ: 2]: Disconnecting, preparing to reconnect
Google.Solutions.Compute Verbose: 0 : SshRelayStream [TX: 2 TXA: 0 RX: 0 AQ: 2]: Disconnecting, preparing to reconnect
Google.Solutions.Compute Verbose: 0 : SshRelayStream [TX: 2 TXA: 0 RX: 0 AQ: 2]: Disconnecting, preparing to reconnect
Google.Solutions.Compute Verbose: 0 : SshRelayStream [TX: 2 TXA: 0 RX: 0 AQ: 2]: Disconnecting, preparing to reconnect
Google.Solutions.Compute Verbose: 0 : SshRelayStream [TX: 2 TXA: 0 RX: 0 AQ: 2]: Disconnecting, preparing to reconnect
Google.Solutions.Compute Verbose: 0 : SshRelayStream [TX: 2 TXA: 0 RX: 0 AQ: 2]: Disconnecting, preparing to reconnect
Google.Solutions.Compute Verbose: 0 : SshRelayStream [TX: 2 TXA: 0 RX: 0 AQ: 2]: Disconnecting, preparing to reconnect
Google.Solutions.Compute Verbose: 0 : SshRelayStream [TX: 2 TXA: 0 RX: 0 AQ: 2]: Disconnecting, preparing to reconnect
Google.Solutions.Compute Verbose: 0 : SshRelayStream [TX: 2 TXA: 0 RX: 0 AQ: 2]: Disconnecting, preparing to reconnect
Google.Solutions.Compute Verbose: 0 : SshRelayStream [TX: 2 TXA: 0 RX: 0 AQ: 2]: Disconnecting, preparing to reconnect
Google.Solutions.Compute Verbose: 0 : SshRelayStream [TX: 2 TXA: 0 RX: 0 AQ: 2]: Disconnecting, preparing to reconnect
Google.Solutions.Compute Verbose: 0 : SshRelayStream [TX: 2 TXA: 0 RX: 0 AQ: 2]: Disconnecting, preparing to reconnect
Google.Solutions.Compute Verbose: 0 : SshRelayStream [TX: 2 TXA: 0 RX: 0 AQ: 2]: Disconnecting, preparing to reconnect
Google.Solutions.Compute Verbose: 0 : SshRelayStream [TX: 2 TXA: 0 RX: 0 AQ: 2]: Disconnecting, preparing to reconnect
Google.Solutions.Compute Verbose: 0 : SshRelayStream [TX: 2 TXA: 0 RX: 0 AQ: 2]: Disconnecting, preparing to reconnect
Google.Solutions.Compute Verbose: 0 : SshRelayStream [TX: 2 TXA: 0 RX: 0 AQ: 2]: Disconnecting, preparing to reconnect
Google.Solutions.Compute Verbose: 0 : SshRelayStream [TX: 2 TXA: 0 RX: 0 AQ: 2]: Disconnecting, preparing to reconnect
Google.Solutions.Compute Verbose: 0 : SshRelayStream [TX: 2 TXA: 0 RX: 0 AQ: 2]: Disconnecting, preparing to reconnect
Google.Solutions.Compute Verbose: 0 : SshRelayStream [TX: 2 TXA: 0 RX: 0 AQ: 2]: Disconnecting, preparing to reconnect
Google.Solutions.Compute Verbose: 0 : SshRelayStream [TX: 2 TXA: 0 RX: 0 AQ: 2]: Disonnected.
Google.Solutions.Compute Verbose: 0 : SshRelayStream [TX: 2 TXA: 0 RX: 0 AQ: 2]: Disonnected.
Google.Solutions.Compute Verbose: 0 : SshRelayStream [TX: 2 TXA: 0 RX: 0 AQ: 2]: Disonnected.
Google.Solutions.Compute Verbose: 0 : SshRelayStream [TX: 2 TXA: 0 RX: 0 AQ: 2]: Disonnected.
Google.Solutions.Compute Verbose: 0 : SshRelayStream [TX: 2 TXA: 0 RX: 0 AQ: 2]: Disonnected.
Google.Solutions.Compute Verbose: 0 : SshRelayStream [TX: 2 TXA: 0 RX: 0 AQ: 2]: Disonnected.
Google.Solutions.Compute Verbose: 0 : SshRelayStream [TX: 2 TXA: 0 RX: 0 AQ: 2]: Disonnected.
Google.Solutions.Compute Verbose: 0 : SshRelayStream [TX: 2 TXA: 0 RX: 0 AQ: 2]: Disonnected.
Google.Solutions.Compute Verbose: 0 : SshRelayStream [TX: 2 TXA: 0 RX: 0 AQ: 2]: Disonnected.
Google.Solutions.Compute Verbose: 0 : SshRelayStream [TX: 2 TXA: 0 RX: 0 AQ: 2]: Disonnected.
Google.Solutions.Compute Verbose: 0 : SshRelayStream [TX: 2 TXA: 0 RX: 0 AQ: 2]: Disonnected.
Google.Solutions.Compute Verbose: 0 : SshRelayStream [TX: 2 TXA: 0 RX: 0 AQ: 2]: Disonnected.
Google.Solutions.Compute Verbose: 0 : SshRelayStream [TX: 2 TXA: 0 RX: 0 AQ: 2]: Disonnected.
Google.Solutions.Compute Verbose: 0 : SshRelayStream [TX: 2 TXA: 0 RX: 0 AQ: 2]: Disonnected.
Google.Solutions.Compute Verbose: 0 : SshRelayStream [TX: 2 TXA: 0 RX: 0 AQ: 2]: Disonnected.
Google.Solutions.Compute Verbose: 0 : SshRelayStream [TX: 2 TXA: 0 RX: 0 AQ: 2]: Disonnected.
Google.Solutions.Compute Verbose: 0 : SshRelayStream [TX: 2 TXA: 0 RX: 0 AQ: 2]: Disonnected.
Google.Solutions.Compute Verbose: 0 : SshRelayStream [TX: 2 TXA: 0 RX: 0 AQ: 2]: Disonnected.
Google.Solutions.Compute Verbose: 0 : SshRelayStream [TX: 2 TXA: 0 RX: 0 AQ: 2]: Disonnected.
Google.Solutions.Compute Verbose: 0 : SshRelayStream [TX: 2 TXA: 0 RX: 0 AQ: 2]: Disonnected.
Google.Solutions.Compute Verbose: 0 : SshRelayStream [TX: 2 TXA: 0 RX: 0 AQ: 2]: Disonnected.
Google.Solutions.Compute Verbose: 0 : SshRelayStream [TX: 2 TXA: 0 RX: 0 AQ: 2]: Disonnected.
Google.Solutions.Compute Verbose: 0 : SshRelayStream [TX: 2 TXA: 0 RX: 0 AQ: 2]: Disonnected.
Google.Solutions.Compute Verbose: 0 : SshRelayStream [TX: 2 TXA: 0 RX: 0 AQ: 2]: Disonnected.
Google.Solutions.Compute Verbose: 0 : SshRelayStream [TX: 2 TXA: 0 RX: 0 AQ: 2]: Disonnected.
Google.Solutions.Compute Verbose: 0 : SshRelayStream [TX: 2 TXA: 0 RX: 0 AQ: 2]: Disonnected.
Google.Solutions.Compute Verbose: 0 : SshRelayStream [TX: 2 TXA: 0 RX: 0 AQ: 2]: Disonnected.
Google.Solutions.Compute Verbose: 0 : SshRelayStream [TX: 2 TXA: 0 RX: 0 AQ: 2]: Disonnected.
Google.Solutions.Compute Verbose: 0 : SshRelayStream [TX: 2 TXA: 0 RX: 0 AQ: 2]: Disonnected.
Google.Solutions.Compute Verbose: 0 : SshRelayStream [TX: 2 TXA: 0 RX: 0 AQ: 2]: Disonnected.
Google.Solutions.Compute Verbose: 0 : SshRelayStream [TX: 2 TXA: 0 RX: 0 AQ: 2]: Disonnected.
Google.Solutions.Compute Verbose: 0 : SshRelayStream [TX: 2 TXA: 0 RX: 0 AQ: 2]: Disonnected.
Google.Solutions.Compute Verbose: 0 : SshRelayStream [TX: 2 TXA: 0 RX: 0 AQ: 2]: Disonnected.
Google.Solutions.Compute Verbose: 0 : SshRelayStream [TX: 2 TXA: 0 RX: 0 AQ: 2]: Disonnected.
Google.Solutions.Compute Verbose: 0 : SshRelayStream [TX: 2 TXA: 0 RX: 0 AQ: 2]: Disonnected.
Google.Solutions.Compute Verbose: 0 : SshRelayStream [TX: 2 TXA: 0 RX: 0 AQ: 2]: Disonnected.
Google.Solutions.Compute Verbose: 0 : SshRelayStream [TX: 2 TXA: 0 RX: 0 AQ: 2]: Disonnected.
Google.Solutions.Compute Verbose: 0 : SshRelayStream [TX: 2 TXA: 0 RX: 0 AQ: 2]: Disonnected.
Google.Solutions.Compute Verbose: 0 : SshRelayStream [TX: 2 TXA: 0 RX: 0 AQ: 2]: Disonnected.
Google.Solutions.Compute Verbose: 0 : SshRelayStream [TX: 2 TXA: 0 RX: 0 AQ: 2]: Disonnected.
Google.Solutions.Compute Verbose: 0 : SshRelayStream [TX: 2 TXA: 0 RX: 0 AQ: 2]: Disonnected.
Google.Solutions.Compute Verbose: 0 : SshRelayStream [TX: 2 TXA: 0 RX: 0 AQ: 2]: Disonnected.
Google.Solutions.Compute Verbose: 0 : SshRelayStream [TX: 2 TXA: 0 RX: 0 AQ: 2]: Disonnected.
Google.Solutions.Compute Verbose: 0 : SshRelayStream [TX: 2 TXA: 0 RX: 0 AQ: 2]: Disonnected.
Google.Solutions.Compute Verbose: 0 : SshRelayStream [TX: 2 TXA: 0 RX: 0 AQ: 2]: Disonnected.
Google.Solutions.Compute Verbose: 0 : SshRelayStream [TX: 2 TXA: 0 RX: 0 AQ: 2]: Disonnected.
Google.Solutions.Compute Verbose: 0 : SshRelayStream [TX: 2 TXA: 0 RX: 0 AQ: 2]: Disonnected.
Google.Solutions.Compute Verbose: 0 : SshRelayStream [TX: 2 TXA: 0 RX: 0 AQ: 2]: Disonnected.
Google.Solutions.Compute Verbose: 0 : SshRelayStream [TX: 2 TXA: 0 RX: 0 AQ: 2]: Disonnected.
Google.Solutions.Compute Verbose: 0 : SshRelayStream [TX: 2 TXA: 0 RX: 0 AQ: 2]: Disonnected.
Google.Solutions.Compute Verbose: 0 : SshRelayStream [TX: 2 TXA: 0 RX: 0 AQ: 2]: Connecting...
Google.Solutions.Compute Verbose: 0 : SshRelayStream [TX: 2 TXA: 0 RX: 0 AQ: 2]: Connecting...
Google.Solutions.Compute Verbose: 0 : SshRelayStream [TX: 2 TXA: 0 RX: 0 AQ: 2]: Connecting...
Google.Solutions.Compute Verbose: 0 : SshRelayStream [TX: 2 TXA: 0 RX: 0 AQ: 2]: Connecting...
Google.Solutions.Compute Verbose: 0 : SshRelayStream [TX: 2 TXA: 0 RX: 0 AQ: 2]: Connecting...
Google.Solutions.Compute Verbose: 0 : SshRelayStream [TX: 2 TXA: 0 RX: 0 AQ: 2]: Connecting...
Google.Solutions.Compute Verbose: 0 : SshRelayStream [TX: 2 TXA: 0 RX: 0 AQ: 2]: Connecting...
Google.Solutions.Compute Verbose: 0 : SshRelayStream [TX: 2 TXA: 0 RX: 0 AQ: 2]: Connecting...
Google.Solutions.Compute Verbose: 0 : SshRelayStream [TX: 2 TXA: 0 RX: 0 AQ: 2]: Connecting...
Google.Solutions.Compute Verbose: 0 : SshRelayStream [TX: 2 TXA: 0 RX: 0 AQ: 2]: Connecting...
Google.Solutions.Compute Verbose: 0 : SshRelayStream [TX: 2 TXA: 0 RX: 0 AQ: 2]: Connecting...
Google.Solutions.Compute Verbose: 0 : SshRelayStream [TX: 2 TXA: 0 RX: 0 AQ: 2]: Connecting...
Google.Solutions.Compute Verbose: 0 : SshRelayStream [TX: 2 TXA: 0 RX: 0 AQ: 2]: Connecting...
Google.Solutions.Compute Verbose: 0 : SshRelayStream [TX: 2 TXA: 0 RX: 0 AQ: 2]: Connecting...
Google.Solutions.Compute Verbose: 0 : SshRelayStream [TX: 2 TXA: 0 RX: 0 AQ: 2]: Connecting...
Google.Solutions.Compute Verbose: 0 : SshRelayStream [TX: 2 TXA: 0 RX: 0 AQ: 2]: Connecting...
Google.Solutions.Compute Verbose: 0 : SshRelayStream [TX: 2 TXA: 0 RX: 0 AQ: 2]: Connecting...
Google.Solutions.Compute Verbose: 0 : SshRelayStream [TX: 2 TXA: 0 RX: 0 AQ: 2]: Connecting...
Google.Solutions.Compute Verbose: 0 : SshRelayStream [TX: 2 TXA: 0 RX: 0 AQ: 2]: Connecting...
Google.Solutions.Compute Verbose: 0 : SshRelayStream [TX: 2 TXA: 0 RX: 0 AQ: 2]: Connecting...
Google.Solutions.Compute Verbose: 0 : SshRelayStream [TX: 2 TXA: 0 RX: 0 AQ: 2]: Connecting...
Google.Solutions.Compute Verbose: 0 : SshRelayStream [TX: 2 TXA: 0 RX: 0 AQ: 2]: Connecting...
Google.Solutions.Compute Verbose: 0 : SshRelayStream [TX: 2 TXA: 0 RX: 0 AQ: 2]: Connecting...
Google.Solutions.Compute Verbose: 0 : SshRelayStream [TX: 2 TXA: 0 RX: 0 AQ: 2]: Connecting...
Google.Solutions.Compute Verbose: 0 : SshRelayStream [TX: 2 TXA: 0 RX: 0 AQ: 2]: Connecting...
Google.Solutions.Compute Verbose: 0 : SshRelayStream [TX: 2 TXA: 0 RX: 0 AQ: 2]: Connecting...
Google.Solutions.Compute Verbose: 0 : SshRelayStream [TX: 2 TXA: 0 RX: 0 AQ: 2]: Connecting...
Google.Solutions.Compute Verbose: 0 : SshRelayStream [TX: 2 TXA: 0 RX: 0 AQ: 2]: Connecting...
Google.Solutions.Compute Verbose: 0 : SshRelayStream [TX: 2 TXA: 0 RX: 0 AQ: 2]: Connecting...
Google.Solutions.Compute Verbose: 0 : SshRelayStream [TX: 2 TXA: 0 RX: 0 AQ: 2]: Connecting...
Google.Solutions.Compute Verbose: 0 : SshRelayStream [TX: 2 TXA: 0 RX: 0 AQ: 2]: Connecting...
Google.Solutions.Compute Verbose: 0 : SshRelayStream [TX: 2 TXA: 0 RX: 0 AQ: 2]: Connecting...
Google.Solutions.Compute Verbose: 0 : SshRelayStream [TX: 2 TXA: 0 RX: 0 AQ: 2]: Connecting...
Google.Solutions.Compute Verbose: 0 : SshRelayStream [TX: 2 TXA: 0 RX: 0 AQ: 2]: Connecting...
Google.Solutions.Compute Verbose: 0 : SshRelayStream [TX: 2 TXA: 0 RX: 0 AQ: 2]: Connecting...
Google.Solutions.Compute Verbose: 0 : SshRelayStream [TX: 2 TXA: 0 RX: 0 AQ: 2]: Connecting...
Google.Solutions.Compute Verbose: 0 : SshRelayStream [TX: 2 TXA: 0 RX: 0 AQ: 2]: Connecting...
Google.Solutions.Compute Verbose: 0 : SshRelayStream [TX: 2 TXA: 0 RX: 0 AQ: 2]: Connecting...
Google.Solutions.Compute Verbose: 0 : SshRelayStream [TX: 2 TXA: 0 RX: 0 AQ: 2]: Connecting...
Google.Solutions.Compute Verbose: 0 : SshRelayStream [TX: 2 TXA: 0 RX: 0 AQ: 2]: Connecting...
Google.Solutions.Compute Verbose: 0 : SshRelayStream [TX: 2 TXA: 0 RX: 0 AQ: 2]: Connecting...
Google.Solutions.Compute Verbose: 0 : SshRelayStream [TX: 2 TXA: 0 RX: 0 AQ: 2]: Connecting...
Google.Solutions.Compute Verbose: 0 : SshRelayStream [TX: 2 TXA: 0 RX: 0 AQ: 2]: Connecting...
Google.Solutions.Compute Verbose: 0 : SshRelayStream [TX: 2 TXA: 0 RX: 0 AQ: 2]: Connecting...
Google.Solutions.Compute Verbose: 0 : SshRelayStream [TX: 2 TXA: 0 RX: 0 AQ: 2]: Connecting...
Google.Solutions.Compute Verbose: 0 : SshRelayStream [TX: 2 TXA: 0 RX: 0 AQ: 2]: Connecting...
Google.Solutions.Compute Verbose: 0 : SshRelayStream [TX: 2 TXA: 0 RX: 0 AQ: 2]: Connecting...
Google.Solutions.Compute Verbose: 0 : SshRelayStream [TX: 2 TXA: 0 RX: 0 AQ: 2]: Connecting...
Google.Solutions.Compute Verbose: 0 : SshRelayStream [TX: 2 TXA: 0 RX: 0 AQ: 2]: Connecting...
Google.Solutions.Compute Verbose: 0 : SshRelayStream [TX: 2 TXA: 0 RX: 0 AQ: 2]: Connecting...
Google.Solutions.Compute Verbose: 0 : SshRelayStream [TX: 2 TXA: 0 RX: 0 AQ: 1]: Resending DATA #0...
Google.Solutions.Compute Verbose: 0 : SshRelayStream [TX: 2 TXA: 0 RX: 0 AQ: 1]: Resending DATA #0...
Google.Solutions.Compute Verbose: 0 : SshRelayStream [TX: 2 TXA: 0 RX: 0 AQ: 1]: Resending DATA #0...
Google.Solutions.Compute Verbose: 0 : SshRelayStream [TX: 2 TXA: 0 RX: 0 AQ: 1]: Resending DATA #0...
Google.Solutions.Compute Verbose: 0 : SshRelayStream [TX: 2 TXA: 0 RX: 0 AQ: 1]: Resending DATA #0...
Google.Solutions.Compute Verbose: 0 : SshRelayStream [TX: 2 TXA: 0 RX: 0 AQ: 1]: Resending DATA #0...
Google.Solutions.Compute Verbose: 0 : SshRelayStream [TX: 2 TXA: 0 RX: 0 AQ: 1]: Resending DATA #0...
Google.Solutions.Compute Verbose: 0 : SshRelayStream [TX: 2 TXA: 0 RX: 0 AQ: 1]: Resending DATA #0...
Google.Solutions.Compute Verbose: 0 : SshRelayStream [TX: 2 TXA: 0 RX: 0 AQ: 1]: Resending DATA #0...
Google.Solutions.Compute Verbose: 0 : SshRelayStream [TX: 2 TXA: 0 RX: 0 AQ: 1]: Resending DATA #0...
Google.Solutions.Compute Verbose: 0 : SshRelayStream [TX: 2 TXA: 0 RX: 0 AQ: 1]: Resending DATA #0...
Google.Solutions.Compute Verbose: 0 : SshRelayStream [TX: 2 TXA: 0 RX: 0 AQ: 1]: Resending DATA #0...
Google.Solutions.Compute Verbose: 0 : SshRelayStream [TX: 2 TXA: 0 RX: 0 AQ: 1]: Resending DATA #0...
Google.Solutions.Compute Verbose: 0 : SshRelayStream [TX: 2 TXA: 0 RX: 0 AQ: 1]: Resending DATA #0...
Google.Solutions.Compute Verbose: 0 : SshRelayStream [TX: 2 TXA: 0 RX: 0 AQ: 1]: Resending DATA #0...
Google.Solutions.Compute Verbose: 0 : SshRelayStream [TX: 2 TXA: 0 RX: 0 AQ: 1]: Resending DATA #0...
Google.Solutions.Compute Verbose: 0 : SshRelayStream [TX: 2 TXA: 0 RX: 0 AQ: 1]: Resending DATA #0...
Google.Solutions.Compute Verbose: 0 : SshRelayStream [TX: 2 TXA: 0 RX: 0 AQ: 1]: Resending DATA #0...
Google.Solutions.Compute Verbose: 0 : SshRelayStream [TX: 2 TXA: 0 RX: 0 AQ: 1]: Resending DATA #0...
Google.Solutions.Compute Verbose: 0 : SshRelayStream [TX: 2 TXA: 0 RX: 0 AQ: 1]: Resending DATA #0...
Google.Solutions.Compute Verbose: 0 : SshRelayStream [TX: 2 TXA: 0 RX: 0 AQ: 1]: Resending DATA #0...
Google.Solutions.Compute Verbose: 0 : SshRelayStream [TX: 2 TXA: 0 RX: 0 AQ: 1]: Resending DATA #0...
Google.Solutions.Compute Verbose: 0 : SshRelayStream [TX: 2 TXA: 0 RX: 0 AQ: 1]: Resending DATA #0...
Google.Solutions.Compute Verbose: 0 : SshRelayStream [TX: 2 TXA: 0 RX: 0 AQ: 1]: Resending DATA #0...
Google.Solutions.Compute Verbose: 0 : SshRelayStream [TX: 2 TXA: 0 RX: 0 AQ: 1]: Resending DATA #0...
Google.Solutions.Compute Verbose: 0 : SshRelayStream [TX: 2 TXA: 0 RX: 0 AQ: 1]: Resending DATA #0...
Google.Solutions.Compute Verbose: 0 : SshRelayStream [TX: 2 TXA: 0 RX: 0 AQ: 1]: Resending DATA #0...
Google.Solutions.Compute Verbose: 0 : SshRelayStream [TX: 2 TXA: 0 RX: 0 AQ: 1]: Resending DATA #0...
Google.Solutions.Compute Verbose: 0 : SshRelayStream [TX: 2 TXA: 0 RX: 0 AQ: 1]: Resending DATA #0...
Google.Solutions.Compute Verbose: 0 : SshRelayStream [TX: 2 TXA: 0 RX: 0 AQ: 1]: Resending DATA #0...
Google.Solutions.Compute Verbose: 0 : SshRelayStream [TX: 2 TXA: 0 RX: 0 AQ: 1]: Resending DATA #0...
Google.Solutions.Compute Verbose: 0 : SshRelayStream [TX: 2 TXA: 0 RX: 0 AQ: 1]: Resending DATA #0...
Google.Solutions.Compute Verbose: 0 : SshRelayStream [TX: 2 TXA: 0 RX: 0 AQ: 1]: Resending DATA #0...
Google.Solutions.Compute Verbose: 0 : SshRelayStream [TX: 2 TXA: 0 RX: 0 AQ: 1]: Resending DATA #0...
Google.Solutions.Compute Verbose: 0 : SshRelayStream [TX: 2 TXA: 0 RX: 0 AQ: 1]: Resending DATA #0...
Google.Solutions.Compute Verbose: 0 : SshRelayStream [TX: 2 TXA: 0 RX: 0 AQ: 1]: Resending DATA #0...
Google.Solutions.Compute Verbose: 0 : SshRelayStream [TX: 2 TXA: 0 RX: 0 AQ: 1]: Resending DATA #0...
Google.Solutions.Compute Verbose: 0 : SshRelayStream [TX: 2 TXA: 0 RX: 0 AQ: 1]: Resending DATA #0...
Google.Solutions.Compute Verbose: 0 : SshRelayStream [TX: 2 TXA: 0 RX: 0 AQ: 1]: Resending DATA #0...
Google.Solutions.Compute Verbose: 0 : SshRelayStream [TX: 2 TXA: 0 RX: 0 AQ: 1]: Resending DATA #0...
Google.Solutions.Compute Verbose: 0 : SshRelayStream [TX: 2 TXA: 0 RX: 0 AQ: 1]: Resending DATA #0...
Google.Solutions.Compute Verbose: 0 : SshRelayStream [TX: 2 TXA: 0 RX: 0 AQ: 1]: Resending DATA #0...
Google.Solutions.Compute Verbose: 0 : SshRelayStream [TX: 2 TXA: 0 RX: 0 AQ: 1]: Resending DATA #0...
Google.Solutions.Compute Verbose: 0 : SshRelayStream [TX: 2 TXA: 0 RX: 0 AQ: 1]: Resending DATA #0...
Google.Solutions.Compute Verbose: 0 : SshRelayStream [TX: 2 TXA: 0 RX: 0 AQ: 1]: Resending DATA #0...
Google.Solutions.Compute Verbose: 0 : SshRelayStream [TX: 2 TXA: 0 RX: 0 AQ: 1]: Resending DATA #0...
Google.Solutions.Compute Verbose: 0 : SshRelayStream [TX: 2 TXA: 0 RX: 0 AQ: 1]: Resending DATA #0...
Google.Solutions.Compute Verbose: 0 : SshRelayStream [TX: 2 TXA: 0 RX: 0 AQ: 1]: Resending DATA #0...
Google.Solutions.Compute Verbose: 0 : SshRelayStream [TX: 2 TXA: 0 RX: 0 AQ: 1]: Resending DATA #0...
Google.Solutions.Compute Verbose: 0 : SshRelayStream [TX: 2 TXA: 0 RX: 0 AQ: 1]: Resending DATA #0...
Google.Solutions.Compute Verbose: 0 : SshRelayStream [TX: 2 TXA: 0 RX: 0 AQ: 0]: Resending DATA #1...
Google.Solutions.Compute Verbose: 0 : SshRelayStream [TX: 2 TXA: 0 RX: 0 AQ: 0]: Resending DATA #1...
Google.Solutions.Compute Verbose: 0 : SshRelayStream [TX: 2 TXA: 0 RX: 0 AQ: 0]: Resending DATA #1...
Google.Solutions.Compute Verbose: 0 : SshRelayStream [TX: 2 TXA: 0 RX: 0 AQ: 0]: Resending DATA #1...
Google.Solutions.Compute Verbose: 0 : SshRelayStream [TX: 2 TXA: 0 RX: 0 AQ: 0]: Resending DATA #1...
Google.Solutions.Compute Verbose: 0 : SshRelayStream [TX: 2 TXA: 0 RX: 0 AQ: 0]: Resending DATA #1...
Google.Solutions.Compute Verbose: 0 : SshRelayStream [TX: 2 TXA: 0 RX: 0 AQ: 0]: Resending DATA #1...
Google.Solutions.Compute Verbose: 0 : SshRelayStream [TX: 2 TXA: 0 RX: 0 AQ: 0]: Resending DATA #1...
Google.Solutions.Compute Verbose: 0 : SshRelayStream [TX: 2 TXA: 0 RX: 0 AQ: 0]: Resending DATA #1...
Google.Solutions.Compute Verbose: 0 : SshRelayStream [TX: 2 TXA: 0 RX: 0 AQ: 0]: Resending DATA #1...
Google.Solutions.Compute Verbose: 0 : SshRelayStream [TX: 2 TXA: 0 RX: 0 AQ: 0]: Resending DATA #1...
Google.Solutions.Compute Verbose: 0 : SshRelayStream [TX: 2 TXA: 0 RX: 0 AQ: 0]: Resending DATA #1...
Google.Solutions.Compute Verbose: 0 : SshRelayStream [TX: 2 TXA: 0 RX: 0 AQ: 0]: Resending DATA #1...
Google.Solutions.Compute Verbose: 0 : SshRelayStream [TX: 2 TXA: 0 RX: 0 AQ: 0]: Resending DATA #1...
Google.Solutions.Compute Verbose: 0 : SshRelayStream [TX: 2 TXA: 0 RX: 0 AQ: 0]: Resending DATA #1...
Google.Solutions.Compute Verbose: 0 : SshRelayStream [TX: 2 TXA: 0 RX: 0 AQ: 0]: Resending DATA #1...
Google.Solutions.Compute Verbose: 0 : SshRelayStream [TX: 2 TXA: 0 RX: 0 AQ: 0]: Resending DATA #1...
Google.Solutions.Compute Verbose: 0 : SshRelayStream [TX: 2 TXA: 0 RX: 0 AQ: 0]: Resending DATA #1...
Google.Solutions.Compute Verbose: 0 : SshRelayStream [TX: 2 TXA: 0 RX: 0 AQ: 0]: Resending DATA #1...
Google.Solutions.Compute Verbose: 0 : SshRelayStream [TX: 2 TXA: 0 RX: 0 AQ: 0]: Resending DATA #1...
Google.Solutions.Compute Verbose: 0 : SshRelayStream [TX: 2 TXA: 0 RX: 0 AQ: 0]: Resending DATA #1...
Google.Solutions.Compute Verbose: 0 : SshRelayStream [TX: 2 TXA: 0 RX: 0 AQ: 0]: Resending DATA #1...
Google.Solutions.Compute Verbose: 0 : SshRelayStream [TX: 2 TXA: 0 RX: 0 AQ: 0]: Resending DATA #1...
Google.Solutions.Compute Verbose: 0 : SshRelayStream [TX: 2 TXA: 0 RX: 0 AQ: 0]: Resending DATA #1...
Google.Solutions.Compute Verbose: 0 : SshRelayStream [TX: 2 TXA: 0 RX: 0 AQ: 0]: Resending DATA #1...
Google.Solutions.Compute Verbose: 0 : SshRelayStream [TX: 2 TXA: 0 RX: 0 AQ: 0]: Resending DATA #1...
Google.Solutions.Compute Verbose: 0 : SshRelayStream [TX: 2 TXA: 0 RX: 0 AQ: 0]: Resending DATA #1...
Google.Solutions.Compute Verbose: 0 : SshRelayStream [TX: 2 TXA: 0 RX: 0 AQ: 0]: Resending DATA #1...
Google.Solutions.Compute Verbose: 0 : SshRelayStream [TX: 2 TXA: 0 RX: 0 AQ: 0]: Resending DATA #1...
Google.Solutions.Compute Verbose: 0 : SshRelayStream [TX: 2 TXA: 0 RX: 0 AQ: 0]: Resending DATA #1...
Google.Solutions.Compute Verbose: 0 : SshRelayStream [TX: 2 TXA: 0 RX: 0 AQ: 0]: Resending DATA #1...
Google.Solutions.Compute Verbose: 0 : SshRelayStream [TX: 2 TXA: 0 RX: 0 AQ: 0]: Resending DATA #1...
Google.Solutions.Compute Verbose: 0 : SshRelayStream [TX: 2 TXA: 0 RX: 0 AQ: 0]: Resending DATA #1...
Google.Solutions.Compute Verbose: 0 : SshRelayStream [TX: 2 TXA: 0 RX: 0 AQ: 0]: Resending DATA #1...
Google.Solutions.Compute Verbose: 0 : SshRelayStream [TX: 2 TXA: 0 RX: 0 AQ: 0]: Resending DATA #1...
Google.Solutions.Compute Verbose: 0 : SshRelayStream [TX: 2 TXA: 0 RX: 0 AQ: 0]: Resending DATA #1...
Google.Solutions.Compute Verbose: 0 : SshRelayStream [TX: 2 TXA: 0 RX: 0 AQ: 0]: Resending DATA #1...
Google.Solutions.Compute Verbose: 0 : SshRelayStream [TX: 2 TXA: 0 RX: 0 AQ: 0]: Resending DATA #1...
Google.Solutions.Compute Verbose: 0 : SshRelayStream [TX: 2 TXA: 0 RX: 0 AQ: 0]: Resending DATA #1...
Google.Solutions.Compute Verbose: 0 : SshRelayStream [TX: 2 TXA: 0 RX: 0 AQ: 0]: Resending DATA #1...
Google.Solutions.Compute Verbose: 0 : SshRelayStream [TX: 2 TXA: 0 RX: 0 AQ: 0]: Resending DATA #1...
Google.Solutions.Compute Verbose: 0 : SshRelayStream [TX: 2 TXA: 0 RX: 0 AQ: 0]: Resending DATA #1...
Google.Solutions.Compute Verbose: 0 : SshRelayStream [TX: 2 TXA: 0 RX: 0 AQ: 0]: Resending DATA #1...
Google.Solutions.Compute Verbose: 0 : SshRelayStream [TX: 2 TXA: 0 RX: 0 AQ: 0]: Resending DATA #1...
Google.Solutions.Compute Verbose: 0 : SshRelayStream [TX: 2 TXA: 0 RX: 0 AQ: 0]: Resending DATA #1...
Google.Solutions.Compute Verbose: 0 : SshRelayStream [TX: 2 TXA: 0 RX: 0 AQ: 0]: Resending DATA #1...
Google.Solutions.Compute Verbose: 0 : SshRelayStream [TX: 2 TXA: 0 RX: 0 AQ: 0]: Resending DATA #1...
Google.Solutions.Compute Verbose: 0 : SshRelayStream [TX: 2 TXA: 0 RX: 0 AQ: 0]: Resending DATA #1...
Google.Solutions.Compute Verbose: 0 : SshRelayStream [TX: 2 TXA: 0 RX: 0 AQ: 0]: Resending DATA #1...
Google.Solutions.Compute Verbose: 0 : SshRelayStream [TX: 2 TXA: 0 RX: 0 AQ: 0]: Resending DATA #1...
Google.Solutions.Compute Verbose: 0 : SshRelayStream [TX: 2 TXA: 0 RX: 0 AQ: 0]: Sending DATA #2...
Google.Solutions.Compute Verbose: 0 : SshRelayStream [TX: 2 TXA: 0 RX: 0 AQ: 0]: Sending DATA #2...
Google.Solutions.Compute Verbose: 0 : SshRelayStream [TX: 2 TXA: 0 RX: 0 AQ: 0]: Sending DATA #2...
Google.Solutions.Compute Verbose: 0 : SshRelayStream [TX: 2 TXA: 0 RX: 0 AQ: 0]: Sending DATA #2...
Google.Solutions.Compute Verbose: 0 : SshRelayStream [TX: 2 TXA: 0 RX: 0 AQ: 0]: Sending DATA #2...
Google.Solutions.Compute Verbose: 0 : SshRelayStream [TX: 2 TXA: 0 RX: 0 AQ: 0]: Sending DATA #2...
Google.Solutions.Compute Verbose: 0 : SshRelayStream [TX: 2 TXA: 0 RX: 0 AQ: 0]: Sending DATA #2...
Google.Solutions.Compute Verbose: 0 : SshRelayStream [TX: 2 TXA: 0 RX: 0 AQ: 0]: Sending DATA #2...
Google.Solutions.Compute Verbose: 0 : SshRelayStream [TX: 2 TXA: 0 RX: 0 AQ: 0]: Sending DATA #2...
Google.Solutions.Compute Verbose: 0 : SshRelayStream [TX: 2 TXA: 0 RX: 0 AQ: 0]: Sending DATA #2...
Google.Solutions.Compute Verbose: 0 : SshRelayStream [TX: 2 TXA: 0 RX: 0 AQ: 0]: Sending DATA #2...
Google.Solutions.Compute Verbose: 0 : SshRelayStream [TX: 2 TXA: 0 RX: 0 AQ: 0]: Sending DATA #2...
Google.Solutions.Compute Verbose: 0 : SshRelayStream [TX: 2 TXA: 0 RX: 0 AQ: 0]: Sending DATA #2...
Google.Solutions.Compute Verbose: 0 : SshRelayStream [TX: 2 TXA: 0 RX: 0 AQ: 0]: Sending DATA #2...
Google.Solutions.Compute Verbose: 0 : SshRelayStream [TX: 2 TXA: 0 RX: 0 AQ: 0]: Sending DATA #2...
Google.Solutions.Compute Verbose: 0 : SshRelayStream [TX: 2 TXA: 0 RX: 0 AQ: 0]: Sending DATA #2...
Google.Solutions.Compute Verbose: 0 : SshRelayStream [TX: 2 TXA: 0 RX: 0 AQ: 0]: Sending DATA #2...
Google.Solutions.Compute Verbose: 0 : SshRelayStream [TX: 2 TXA: 0 RX: 0 AQ: 0]: Sending DATA #2...
Google.Solutions.Compute Verbose: 0 : SshRelayStream [TX: 2 TXA: 0 RX: 0 AQ: 0]: Sending DATA #2...
Google.Solutions.Compute Verbose: 0 : SshRelayStream [TX: 2 TXA: 0 RX: 0 AQ: 0]: Sending DATA #2...
Google.Solutions.Compute Verbose: 0 : SshRelayStream [TX: 2 TXA: 0 RX: 0 AQ: 0]: Sending DATA #2...
Google.Solutions.Compute Verbose: 0 : SshRelayStream [TX: 2 TXA: 0 RX: 0 AQ: 0]: Sending DATA #2...
Google.Solutions.Compute Verbose: 0 : SshRelayStream [TX: 2 TXA: 0 RX: 0 AQ: 0]: Sending DATA #2...
Google.Solutions.Compute Verbose: 0 : SshRelayStream [TX: 2 TXA: 0 RX: 0 AQ: 0]: Sending DATA #2...
Google.Solutions.Compute Verbose: 0 : SshRelayStream [TX: 2 TXA: 0 RX: 0 AQ: 0]: Sending DATA #2...
Google.Solutions.Compute Verbose: 0 : SshRelayStream [TX: 2 TXA: 0 RX: 0 AQ: 0]: Sending DATA #2...
Google.Solutions.Compute Verbose: 0 : SshRelayStream [TX: 2 TXA: 0 RX: 0 AQ: 0]: Sending DATA #2...
Google.Solutions.Compute Verbose: 0 : SshRelayStream [TX: 2 TXA: 0 RX: 0 AQ: 0]: Sending DATA #2...
Google.Solutions.Compute Verbose: 0 : SshRelayStream [TX: 2 TXA: 0 RX: 0 AQ: 0]: Sending DATA #2...
Google.Solutions.Compute Verbose: 0 : SshRelayStream [TX: 2 TXA: 0 RX: 0 AQ: 0]: Sending DATA #2...
Google.Solutions.Compute Verbose: 0 : SshRelayStream [TX: 2 TXA: 0 RX: 0 AQ: 0]: Sending DATA #2...
Google.Solutions.Compute Verbose: 0 : SshRelayStream [TX: 2 TXA: 0 RX: 0 AQ: 0]: Sending DATA #2...
Google.Solutions.Compute Verbose: 0 : SshRelayStream [TX: 2 TXA: 0 RX: 0 AQ: 0]: Sending DATA #2...
Google.Solutions.Compute Verbose: 0 : SshRelayStream [TX: 2 TXA: 0 RX: 0 AQ: 0]: Sending DATA #2...
Google.Solutions.Compute Verbose: 0 : SshRelayStream [TX: 2 TXA: 0 RX: 0 AQ: 0]: Sending DATA #2...
Google.Solutions.Compute Verbose: 0 : SshRelayStream [TX: 2 TXA: 0 RX: 0 AQ: 0]: Sending DATA #2...
Google.Solutions.Compute Verbose: 0 : SshRelayStream [TX: 2 TXA: 0 RX: 0 AQ: 0]: Sending DATA #2...
Google.Solutions.Compute Verbose: 0 : SshRelayStream [TX: 2 TXA: 0 RX: 0 AQ: 0]: Sending DATA #2...
Google.Solutions.Compute Verbose: 0 : SshRelayStream [TX: 2 TXA: 0 RX: 0 AQ: 0]: Sending DATA #2...
Google.Solutions.Compute Verbose: 0 : SshRelayStream [TX: 2 TXA: 0 RX: 0 AQ: 0]: Sending DATA #2...
Google.Solutions.Compute Verbose: 0 : SshRelayStream [TX: 2 TXA: 0 RX: 0 AQ: 0]: Sending DATA #2...
Google.Solutions.Compute Verbose: 0 : SshRelayStream [TX: 2 TXA: 0 RX: 0 AQ: 0]: Sending DATA #2...
Google.Solutions.Compute Verbose: 0 : SshRelayStream [TX: 2 TXA: 0 RX: 0 AQ: 0]: Sending DATA #2...
Google.Solutions.Compute Verbose: 0 : SshRelayStream [TX: 2 TXA: 0 RX: 0 AQ: 0]: Sending DATA #2...
Google.Solutions.Compute Verbose: 0 : SshRelayStream [TX: 2 TXA: 0 RX: 0 AQ: 0]: Sending DATA #2...
Google.Solutions.Compute Verbose: 0 : SshRelayStream [TX: 2 TXA: 0 RX: 0 AQ: 0]: Sending DATA #2...
Google.Solutions.Compute Verbose: 0 : SshRelayStream [TX: 2 TXA: 0 RX: 0 AQ: 0]: Sending DATA #2...
Google.Solutions.Compute Verbose: 0 : SshRelayStream [TX: 2 TXA: 0 RX: 0 AQ: 0]: Sending DATA #2...
Google.Solutions.Compute Verbose: 0 : SshRelayStream [TX: 2 TXA: 0 RX: 0 AQ: 0]: Sending DATA #2...
Google.Solutions.Compute Verbose: 0 : SshRelayStream [TX: 2 TXA: 0 RX: 0 AQ: 0]: Sending DATA #2...
</system-out></testcase><testcase name="WriteAfterForcefulServerCloseCausesAnotherConnectAndDataBeingResentIfNoDataReadBefore(4005)" assertions="9" time="0.001342" status="Passed" classname="Google.Solutions.Compute.Test.Iap.TestSshRelayStreamWriting"><system-out>Google.Solutions.Compute Verbose: 0 : SshRelayStream [TX: 0 TXA: 0 RX: 0 AQ: 0]: Connecting...
Google.Solutions.Compute Verbose: 0 : SshRelayStream [TX: 0 TXA: 0 RX: 0 AQ: 0]: Connecting...
Google.Solutions.Compute Verbose: 0 : SshRelayStream [TX: 0 TXA: 0 RX: 0 AQ: 0]: Connecting...
Google.Solutions.Compute Verbose: 0 : SshRelayStream [TX: 0 TXA: 0 RX: 0 AQ: 0]: Connecting...
Google.Solutions.Compute Verbose: 0 : SshRelayStream [TX: 0 TXA: 0 RX: 0 AQ: 0]: Connecting...
Google.Solutions.Compute Verbose: 0 : SshRelayStream [TX: 0 TXA: 0 RX: 0 AQ: 0]: Connecting...
Google.Solutions.Compute Verbose: 0 : SshRelayStream [TX: 0 TXA: 0 RX: 0 AQ: 0]: Connecting...
Google.Solutions.Compute Verbose: 0 : SshRelayStream [TX: 0 TXA: 0 RX: 0 AQ: 0]: Connecting...
Google.Solutions.Compute Verbose: 0 : SshRelayStream [TX: 0 TXA: 0 RX: 0 AQ: 0]: Connecting...
Google.Solutions.Compute Verbose: 0 : SshRelayStream [TX: 0 TXA: 0 RX: 0 AQ: 0]: Connecting...
Google.Solutions.Compute Verbose: 0 : SshRelayStream [TX: 0 TXA: 0 RX: 0 AQ: 0]: Connecting...
Google.Solutions.Compute Verbose: 0 : SshRelayStream [TX: 0 TXA: 0 RX: 0 AQ: 0]: Connecting...
Google.Solutions.Compute Verbose: 0 : SshRelayStream [TX: 0 TXA: 0 RX: 0 AQ: 0]: Connecting...
Google.Solutions.Compute Verbose: 0 : SshRelayStream [TX: 0 TXA: 0 RX: 0 AQ: 0]: Connecting...
Google.Solutions.Compute Verbose: 0 : SshRelayStream [TX: 0 TXA: 0 RX: 0 AQ: 0]: Connecting...
Google.Solutions.Compute Verbose: 0 : SshRelayStream [TX: 0 TXA: 0 RX: 0 AQ: 0]: Connecting...
Google.Solutions.Compute Verbose: 0 : SshRelayStream [TX: 0 TXA: 0 RX: 0 AQ: 0]: Connecting...
Google.Solutions.Compute Verbose: 0 : SshRelayStream [TX: 0 TXA: 0 RX: 0 AQ: 0]: Connecting...
Google.Solutions.Compute Verbose: 0 : SshRelayStream [TX: 0 TXA: 0 RX: 0 AQ: 0]: Connecting...
Google.Solutions.Compute Verbose: 0 : SshRelayStream [TX: 0 TXA: 0 RX: 0 AQ: 0]: Connecting...
Google.Solutions.Compute Verbose: 0 : SshRelayStream [TX: 0 TXA: 0 RX: 0 AQ: 0]: Connecting...
Google.Solutions.Compute Verbose: 0 : SshRelayStream [TX: 0 TXA: 0 RX: 0 AQ: 0]: Connecting...
Google.Solutions.Compute Verbose: 0 : SshRelayStream [TX: 0 TXA: 0 RX: 0 AQ: 0]: Connecting...
Google.Solutions.Compute Verbose: 0 : SshRelayStream [TX: 0 TXA: 0 RX: 0 AQ: 0]: Connecting...
Google.Solutions.Compute Verbose: 0 : SshRelayStream [TX: 0 TXA: 0 RX: 0 AQ: 0]: Connecting...
Google.Solutions.Compute Verbose: 0 : SshRelayStream [TX: 0 TXA: 0 RX: 0 AQ: 0]: Connecting...
Google.Solutions.Compute Verbose: 0 : SshRelayStream [TX: 0 TXA: 0 RX: 0 AQ: 0]: Connecting...
Google.Solutions.Compute Verbose: 0 : SshRelayStream [TX: 0 TXA: 0 RX: 0 AQ: 0]: Connecting...
Google.Solutions.Compute Verbose: 0 : SshRelayStream [TX: 0 TXA: 0 RX: 0 AQ: 0]: Connecting...
Google.Solutions.Compute Verbose: 0 : SshRelayStream [TX: 0 TXA: 0 RX: 0 AQ: 0]: Connecting...
Google.Solutions.Compute Verbose: 0 : SshRelayStream [TX: 0 TXA: 0 RX: 0 AQ: 0]: Connecting...
Google.Solutions.Compute Verbose: 0 : SshRelayStream [TX: 0 TXA: 0 RX: 0 AQ: 0]: Connecting...
Google.Solutions.Compute Verbose: 0 : SshRelayStream [TX: 0 TXA: 0 RX: 0 AQ: 0]: Connecting...
Google.Solutions.Compute Verbose: 0 : SshRelayStream [TX: 0 TXA: 0 RX: 0 AQ: 0]: Connecting...
Google.Solutions.Compute Verbose: 0 : SshRelayStream [TX: 0 TXA: 0 RX: 0 AQ: 0]: Connecting...
Google.Solutions.Compute Verbose: 0 : SshRelayStream [TX: 0 TXA: 0 RX: 0 AQ: 0]: Connecting...
Google.Solutions.Compute Verbose: 0 : SshRelayStream [TX: 0 TXA: 0 RX: 0 AQ: 0]: Connecting...
Google.Solutions.Compute Verbose: 0 : SshRelayStream [TX: 0 TXA: 0 RX: 0 AQ: 0]: Connecting...
Google.Solutions.Compute Verbose: 0 : SshRelayStream [TX: 0 TXA: 0 RX: 0 AQ: 0]: Connecting...
Google.Solutions.Compute Verbose: 0 : SshRelayStream [TX: 0 TXA: 0 RX: 0 AQ: 0]: Connecting...
Google.Solutions.Compute Verbose: 0 : SshRelayStream [TX: 0 TXA: 0 RX: 0 AQ: 0]: Connecting...
Google.Solutions.Compute Verbose: 0 : SshRelayStream [TX: 0 TXA: 0 RX: 0 AQ: 0]: Connecting...
Google.Solutions.Compute Verbose: 0 : SshRelayStream [TX: 0 TXA: 0 RX: 0 AQ: 0]: Connecting...
Google.Solutions.Compute Verbose: 0 : SshRelayStream [TX: 0 TXA: 0 RX: 0 AQ: 0]: Connecting...
Google.Solutions.Compute Verbose: 0 : SshRelayStream [TX: 0 TXA: 0 RX: 0 AQ: 0]: Connecting...
Google.Solutions.Compute Verbose: 0 : SshRelayStream [TX: 0 TXA: 0 RX: 0 AQ: 0]: Connecting...
Google.Solutions.Compute Verbose: 0 : SshRelayStream [TX: 0 TXA: 0 RX: 0 AQ: 0]: Connecting...
Google.Solutions.Compute Verbose: 0 : SshRelayStream [TX: 0 TXA: 0 RX: 0 AQ: 0]: Connecting...
Google.Solutions.Compute Verbose: 0 : SshRelayStream [TX: 0 TXA: 0 RX: 0 AQ: 0]: Connecting...
Google.Solutions.Compute Verbose: 0 : SshRelayStream [TX: 0 TXA: 0 RX: 0 AQ: 0]: Connecting...
Google.Solutions.Compute Verbose: 0 : SshRelayStream [TX: 0 TXA: 0 RX: 0 AQ: 0]: Connecting...
Google.Solutions.Compute Verbose: 0 : SshRelayStream [TX: 0 TXA: 0 RX: 0 AQ: 0]: Sending DATA #0...
Google.Solutions.Compute Verbose: 0 : SshRelayStream [TX: 0 TXA: 0 RX: 0 AQ: 0]: Sending DATA #0...
Google.Solutions.Compute Verbose: 0 : SshRelayStream [TX: 0 TXA: 0 RX: 0 AQ: 0]: Sending DATA #0...
Google.Solutions.Compute Verbose: 0 : SshRelayStream [TX: 0 TXA: 0 RX: 0 AQ: 0]: Sending DATA #0...
Google.Solutions.Compute Verbose: 0 : SshRelayStream [TX: 0 TXA: 0 RX: 0 AQ: 0]: Sending DATA #0...
Google.Solutions.Compute Verbose: 0 : SshRelayStream [TX: 0 TXA: 0 RX: 0 AQ: 0]: Sending DATA #0...
Google.Solutions.Compute Verbose: 0 : SshRelayStream [TX: 0 TXA: 0 RX: 0 AQ: 0]: Sending DATA #0...
Google.Solutions.Compute Verbose: 0 : SshRelayStream [TX: 0 TXA: 0 RX: 0 AQ: 0]: Sending DATA #0...
Google.Solutions.Compute Verbose: 0 : SshRelayStream [TX: 0 TXA: 0 RX: 0 AQ: 0]: Sending DATA #0...
Google.Solutions.Compute Verbose: 0 : SshRelayStream [TX: 0 TXA: 0 RX: 0 AQ: 0]: Sending DATA #0...
Google.Solutions.Compute Verbose: 0 : SshRelayStream [TX: 0 TXA: 0 RX: 0 AQ: 0]: Sending DATA #0...
Google.Solutions.Compute Verbose: 0 : SshRelayStream [TX: 0 TXA: 0 RX: 0 AQ: 0]: Sending DATA #0...
Google.Solutions.Compute Verbose: 0 : SshRelayStream [TX: 0 TXA: 0 RX: 0 AQ: 0]: Sending DATA #0...
Google.Solutions.Compute Verbose: 0 : SshRelayStream [TX: 0 TXA: 0 RX: 0 AQ: 0]: Sending DATA #0...
Google.Solutions.Compute Verbose: 0 : SshRelayStream [TX: 0 TXA: 0 RX: 0 AQ: 0]: Sending DATA #0...
Google.Solutions.Compute Verbose: 0 : SshRelayStream [TX: 0 TXA: 0 RX: 0 AQ: 0]: Sending DATA #0...
Google.Solutions.Compute Verbose: 0 : SshRelayStream [TX: 0 TXA: 0 RX: 0 AQ: 0]: Sending DATA #0...
Google.Solutions.Compute Verbose: 0 : SshRelayStream [TX: 0 TXA: 0 RX: 0 AQ: 0]: Sending DATA #0...
Google.Solutions.Compute Verbose: 0 : SshRelayStream [TX: 0 TXA: 0 RX: 0 AQ: 0]: Sending DATA #0...
Google.Solutions.Compute Verbose: 0 : SshRelayStream [TX: 0 TXA: 0 RX: 0 AQ: 0]: Sending DATA #0...
Google.Solutions.Compute Verbose: 0 : SshRelayStream [TX: 0 TXA: 0 RX: 0 AQ: 0]: Sending DATA #0...
Google.Solutions.Compute Verbose: 0 : SshRelayStream [TX: 0 TXA: 0 RX: 0 AQ: 0]: Sending DATA #0...
Google.Solutions.Compute Verbose: 0 : SshRelayStream [TX: 0 TXA: 0 RX: 0 AQ: 0]: Sending DATA #0...
Google.Solutions.Compute Verbose: 0 : SshRelayStream [TX: 0 TXA: 0 RX: 0 AQ: 0]: Sending DATA #0...
Google.Solutions.Compute Verbose: 0 : SshRelayStream [TX: 0 TXA: 0 RX: 0 AQ: 0]: Sending DATA #0...
Google.Solutions.Compute Verbose: 0 : SshRelayStream [TX: 0 TXA: 0 RX: 0 AQ: 0]: Sending DATA #0...
Google.Solutions.Compute Verbose: 0 : SshRelayStream [TX: 0 TXA: 0 RX: 0 AQ: 0]: Sending DATA #0...
Google.Solutions.Compute Verbose: 0 : SshRelayStream [TX: 0 TXA: 0 RX: 0 AQ: 0]: Sending DATA #0...
Google.Solutions.Compute Verbose: 0 : SshRelayStream [TX: 0 TXA: 0 RX: 0 AQ: 0]: Sending DATA #0...
Google.Solutions.Compute Verbose: 0 : SshRelayStream [TX: 0 TXA: 0 RX: 0 AQ: 0]: Sending DATA #0...
Google.Solutions.Compute Verbose: 0 : SshRelayStream [TX: 0 TXA: 0 RX: 0 AQ: 0]: Sending DATA #0...
Google.Solutions.Compute Verbose: 0 : SshRelayStream [TX: 0 TXA: 0 RX: 0 AQ: 0]: Sending DATA #0...
Google.Solutions.Compute Verbose: 0 : SshRelayStream [TX: 0 TXA: 0 RX: 0 AQ: 0]: Sending DATA #0...
Google.Solutions.Compute Verbose: 0 : SshRelayStream [TX: 0 TXA: 0 RX: 0 AQ: 0]: Sending DATA #0...
Google.Solutions.Compute Verbose: 0 : SshRelayStream [TX: 0 TXA: 0 RX: 0 AQ: 0]: Sending DATA #0...
Google.Solutions.Compute Verbose: 0 : SshRelayStream [TX: 0 TXA: 0 RX: 0 AQ: 0]: Sending DATA #0...
Google.Solutions.Compute Verbose: 0 : SshRelayStream [TX: 0 TXA: 0 RX: 0 AQ: 0]: Sending DATA #0...
Google.Solutions.Compute Verbose: 0 : SshRelayStream [TX: 0 TXA: 0 RX: 0 AQ: 0]: Sending DATA #0...
Google.Solutions.Compute Verbose: 0 : SshRelayStream [TX: 0 TXA: 0 RX: 0 AQ: 0]: Sending DATA #0...
Google.Solutions.Compute Verbose: 0 : SshRelayStream [TX: 0 TXA: 0 RX: 0 AQ: 0]: Sending DATA #0...
Google.Solutions.Compute Verbose: 0 : SshRelayStream [TX: 0 TXA: 0 RX: 0 AQ: 0]: Sending DATA #0...
Google.Solutions.Compute Verbose: 0 : SshRelayStream [TX: 0 TXA: 0 RX: 0 AQ: 0]: Sending DATA #0...
Google.Solutions.Compute Verbose: 0 : SshRelayStream [TX: 0 TXA: 0 RX: 0 AQ: 0]: Sending DATA #0...
Google.Solutions.Compute Verbose: 0 : SshRelayStream [TX: 0 TXA: 0 RX: 0 AQ: 0]: Sending DATA #0...
Google.Solutions.Compute Verbose: 0 : SshRelayStream [TX: 0 TXA: 0 RX: 0 AQ: 0]: Sending DATA #0...
Google.Solutions.Compute Verbose: 0 : SshRelayStream [TX: 0 TXA: 0 RX: 0 AQ: 0]: Sending DATA #0...
Google.Solutions.Compute Verbose: 0 : SshRelayStream [TX: 0 TXA: 0 RX: 0 AQ: 0]: Sending DATA #0...
Google.Solutions.Compute Verbose: 0 : SshRelayStream [TX: 0 TXA: 0 RX: 0 AQ: 0]: Sending DATA #0...
Google.Solutions.Compute Verbose: 0 : SshRelayStream [TX: 0 TXA: 0 RX: 0 AQ: 0]: Sending DATA #0...
Google.Solutions.Compute Verbose: 0 : SshRelayStream [TX: 0 TXA: 0 RX: 0 AQ: 0]: Sending DATA #0...
Google.Solutions.Compute Verbose: 0 : SshRelayStream [TX: 0 TXA: 0 RX: 0 AQ: 0]: Sending DATA #0...
Google.Solutions.Compute Verbose: 0 : SshRelayStream [TX: 1 TXA: 0 RX: 0 AQ: 1]: Sending DATA #1...
Google.Solutions.Compute Verbose: 0 : SshRelayStream [TX: 1 TXA: 0 RX: 0 AQ: 1]: Sending DATA #1...
Google.Solutions.Compute Verbose: 0 : SshRelayStream [TX: 1 TXA: 0 RX: 0 AQ: 1]: Sending DATA #1...
Google.Solutions.Compute Verbose: 0 : SshRelayStream [TX: 1 TXA: 0 RX: 0 AQ: 1]: Sending DATA #1...
Google.Solutions.Compute Verbose: 0 : SshRelayStream [TX: 1 TXA: 0 RX: 0 AQ: 1]: Sending DATA #1...
Google.Solutions.Compute Verbose: 0 : SshRelayStream [TX: 1 TXA: 0 RX: 0 AQ: 1]: Sending DATA #1...
Google.Solutions.Compute Verbose: 0 : SshRelayStream [TX: 1 TXA: 0 RX: 0 AQ: 1]: Sending DATA #1...
Google.Solutions.Compute Verbose: 0 : SshRelayStream [TX: 1 TXA: 0 RX: 0 AQ: 1]: Sending DATA #1...
Google.Solutions.Compute Verbose: 0 : SshRelayStream [TX: 1 TXA: 0 RX: 0 AQ: 1]: Sending DATA #1...
Google.Solutions.Compute Verbose: 0 : SshRelayStream [TX: 1 TXA: 0 RX: 0 AQ: 1]: Sending DATA #1...
Google.Solutions.Compute Verbose: 0 : SshRelayStream [TX: 1 TXA: 0 RX: 0 AQ: 1]: Sending DATA #1...
Google.Solutions.Compute Verbose: 0 : SshRelayStream [TX: 1 TXA: 0 RX: 0 AQ: 1]: Sending DATA #1...
Google.Solutions.Compute Verbose: 0 : SshRelayStream [TX: 1 TXA: 0 RX: 0 AQ: 1]: Sending DATA #1...
Google.Solutions.Compute Verbose: 0 : SshRelayStream [TX: 1 TXA: 0 RX: 0 AQ: 1]: Sending DATA #1...
Google.Solutions.Compute Verbose: 0 : SshRelayStream [TX: 1 TXA: 0 RX: 0 AQ: 1]: Sending DATA #1...
Google.Solutions.Compute Verbose: 0 : SshRelayStream [TX: 1 TXA: 0 RX: 0 AQ: 1]: Sending DATA #1...
Google.Solutions.Compute Verbose: 0 : SshRelayStream [TX: 1 TXA: 0 RX: 0 AQ: 1]: Sending DATA #1...
Google.Solutions.Compute Verbose: 0 : SshRelayStream [TX: 1 TXA: 0 RX: 0 AQ: 1]: Sending DATA #1...
Google.Solutions.Compute Verbose: 0 : SshRelayStream [TX: 1 TXA: 0 RX: 0 AQ: 1]: Sending DATA #1...
Google.Solutions.Compute Verbose: 0 : SshRelayStream [TX: 1 TXA: 0 RX: 0 AQ: 1]: Sending DATA #1...
Google.Solutions.Compute Verbose: 0 : SshRelayStream [TX: 1 TXA: 0 RX: 0 AQ: 1]: Sending DATA #1...
Google.Solutions.Compute Verbose: 0 : SshRelayStream [TX: 1 TXA: 0 RX: 0 AQ: 1]: Sending DATA #1...
Google.Solutions.Compute Verbose: 0 : SshRelayStream [TX: 1 TXA: 0 RX: 0 AQ: 1]: Sending DATA #1...
Google.Solutions.Compute Verbose: 0 : SshRelayStream [TX: 1 TXA: 0 RX: 0 AQ: 1]: Sending DATA #1...
Google.Solutions.Compute Verbose: 0 : SshRelayStream [TX: 1 TXA: 0 RX: 0 AQ: 1]: Sending DATA #1...
Google.Solutions.Compute Verbose: 0 : SshRelayStream [TX: 1 TXA: 0 RX: 0 AQ: 1]: Sending DATA #1...
Google.Solutions.Compute Verbose: 0 : SshRelayStream [TX: 1 TXA: 0 RX: 0 AQ: 1]: Sending DATA #1...
Google.Solutions.Compute Verbose: 0 : SshRelayStream [TX: 1 TXA: 0 RX: 0 AQ: 1]: Sending DATA #1...
Google.Solutions.Compute Verbose: 0 : SshRelayStream [TX: 1 TXA: 0 RX: 0 AQ: 1]: Sending DATA #1...
Google.Solutions.Compute Verbose: 0 : SshRelayStream [TX: 1 TXA: 0 RX: 0 AQ: 1]: Sending DATA #1...
Google.Solutions.Compute Verbose: 0 : SshRelayStream [TX: 1 TXA: 0 RX: 0 AQ: 1]: Sending DATA #1...
Google.Solutions.Compute Verbose: 0 : SshRelayStream [TX: 1 TXA: 0 RX: 0 AQ: 1]: Sending DATA #1...
Google.Solutions.Compute Verbose: 0 : SshRelayStream [TX: 1 TXA: 0 RX: 0 AQ: 1]: Sending DATA #1...
Google.Solutions.Compute Verbose: 0 : SshRelayStream [TX: 1 TXA: 0 RX: 0 AQ: 1]: Sending DATA #1...
Google.Solutions.Compute Verbose: 0 : SshRelayStream [TX: 1 TXA: 0 RX: 0 AQ: 1]: Sending DATA #1...
Google.Solutions.Compute Verbose: 0 : SshRelayStream [TX: 1 TXA: 0 RX: 0 AQ: 1]: Sending DATA #1...
Google.Solutions.Compute Verbose: 0 : SshRelayStream [TX: 1 TXA: 0 RX: 0 AQ: 1]: Sending DATA #1...
Google.Solutions.Compute Verbose: 0 : SshRelayStream [TX: 1 TXA: 0 RX: 0 AQ: 1]: Sending DATA #1...
Google.Solutions.Compute Verbose: 0 : SshRelayStream [TX: 1 TXA: 0 RX: 0 AQ: 1]: Sending DATA #1...
Google.Solutions.Compute Verbose: 0 : SshRelayStream [TX: 1 TXA: 0 RX: 0 AQ: 1]: Sending DATA #1...
Google.Solutions.Compute Verbose: 0 : SshRelayStream [TX: 1 TXA: 0 RX: 0 AQ: 1]: Sending DATA #1...
Google.Solutions.Compute Verbose: 0 : SshRelayStream [TX: 1 TXA: 0 RX: 0 AQ: 1]: Sending DATA #1...
Google.Solutions.Compute Verbose: 0 : SshRelayStream [TX: 1 TXA: 0 RX: 0 AQ: 1]: Sending DATA #1...
Google.Solutions.Compute Verbose: 0 : SshRelayStream [TX: 1 TXA: 0 RX: 0 AQ: 1]: Sending DATA #1...
Google.Solutions.Compute Verbose: 0 : SshRelayStream [TX: 1 TXA: 0 RX: 0 AQ: 1]: Sending DATA #1...
Google.Solutions.Compute Verbose: 0 : SshRelayStream [TX: 1 TXA: 0 RX: 0 AQ: 1]: Sending DATA #1...
Google.Solutions.Compute Verbose: 0 : SshRelayStream [TX: 1 TXA: 0 RX: 0 AQ: 1]: Sending DATA #1...
Google.Solutions.Compute Verbose: 0 : SshRelayStream [TX: 1 TXA: 0 RX: 0 AQ: 1]: Sending DATA #1...
Google.Solutions.Compute Verbose: 0 : SshRelayStream [TX: 1 TXA: 0 RX: 0 AQ: 1]: Sending DATA #1...
Google.Solutions.Compute Verbose: 0 : SshRelayStream [TX: 1 TXA: 0 RX: 0 AQ: 1]: Sending DATA #1...
Google.Solutions.Compute Verbose: 0 : SshRelayStream [TX: 1 TXA: 0 RX: 0 AQ: 1]: Sending DATA #1...
Google.Solutions.Compute Verbose: 0 : SshRelayStream [TX: 2 TXA: 0 RX: 0 AQ: 2]: Sending DATA #2...
Google.Solutions.Compute Verbose: 0 : SshRelayStream [TX: 2 TXA: 0 RX: 0 AQ: 2]: Sending DATA #2...
Google.Solutions.Compute Verbose: 0 : SshRelayStream [TX: 2 TXA: 0 RX: 0 AQ: 2]: Sending DATA #2...
Google.Solutions.Compute Verbose: 0 : SshRelayStream [TX: 2 TXA: 0 RX: 0 AQ: 2]: Sending DATA #2...
Google.Solutions.Compute Verbose: 0 : SshRelayStream [TX: 2 TXA: 0 RX: 0 AQ: 2]: Sending DATA #2...
Google.Solutions.Compute Verbose: 0 : SshRelayStream [TX: 2 TXA: 0 RX: 0 AQ: 2]: Sending DATA #2...
Google.Solutions.Compute Verbose: 0 : SshRelayStream [TX: 2 TXA: 0 RX: 0 AQ: 2]: Sending DATA #2...
Google.Solutions.Compute Verbose: 0 : SshRelayStream [TX: 2 TXA: 0 RX: 0 AQ: 2]: Sending DATA #2...
Google.Solutions.Compute Verbose: 0 : SshRelayStream [TX: 2 TXA: 0 RX: 0 AQ: 2]: Sending DATA #2...
Google.Solutions.Compute Verbose: 0 : SshRelayStream [TX: 2 TXA: 0 RX: 0 AQ: 2]: Sending DATA #2...
Google.Solutions.Compute Verbose: 0 : SshRelayStream [TX: 2 TXA: 0 RX: 0 AQ: 2]: Sending DATA #2...
Google.Solutions.Compute Verbose: 0 : SshRelayStream [TX: 2 TXA: 0 RX: 0 AQ: 2]: Sending DATA #2...
Google.Solutions.Compute Verbose: 0 : SshRelayStream [TX: 2 TXA: 0 RX: 0 AQ: 2]: Sending DATA #2...
Google.Solutions.Compute Verbose: 0 : SshRelayStream [TX: 2 TXA: 0 RX: 0 AQ: 2]: Sending DATA #2...
Google.Solutions.Compute Verbose: 0 : SshRelayStream [TX: 2 TXA: 0 RX: 0 AQ: 2]: Sending DATA #2...
Google.Solutions.Compute Verbose: 0 : SshRelayStream [TX: 2 TXA: 0 RX: 0 AQ: 2]: Sending DATA #2...
Google.Solutions.Compute Verbose: 0 : SshRelayStream [TX: 2 TXA: 0 RX: 0 AQ: 2]: Sending DATA #2...
Google.Solutions.Compute Verbose: 0 : SshRelayStream [TX: 2 TXA: 0 RX: 0 AQ: 2]: Sending DATA #2...
Google.Solutions.Compute Verbose: 0 : SshRelayStream [TX: 2 TXA: 0 RX: 0 AQ: 2]: Sending DATA #2...
Google.Solutions.Compute Verbose: 0 : SshRelayStream [TX: 2 TXA: 0 RX: 0 AQ: 2]: Sending DATA #2...
Google.Solutions.Compute Verbose: 0 : SshRelayStream [TX: 2 TXA: 0 RX: 0 AQ: 2]: Sending DATA #2...
Google.Solutions.Compute Verbose: 0 : SshRelayStream [TX: 2 TXA: 0 RX: 0 AQ: 2]: Sending DATA #2...
Google.Solutions.Compute Verbose: 0 : SshRelayStream [TX: 2 TXA: 0 RX: 0 AQ: 2]: Sending DATA #2...
Google.Solutions.Compute Verbose: 0 : SshRelayStream [TX: 2 TXA: 0 RX: 0 AQ: 2]: Sending DATA #2...
Google.Solutions.Compute Verbose: 0 : SshRelayStream [TX: 2 TXA: 0 RX: 0 AQ: 2]: Sending DATA #2...
Google.Solutions.Compute Verbose: 0 : SshRelayStream [TX: 2 TXA: 0 RX: 0 AQ: 2]: Sending DATA #2...
Google.Solutions.Compute Verbose: 0 : SshRelayStream [TX: 2 TXA: 0 RX: 0 AQ: 2]: Sending DATA #2...
Google.Solutions.Compute Verbose: 0 : SshRelayStream [TX: 2 TXA: 0 RX: 0 AQ: 2]: Sending DATA #2...
Google.Solutions.Compute Verbose: 0 : SshRelayStream [TX: 2 TXA: 0 RX: 0 AQ: 2]: Sending DATA #2...
Google.Solutions.Compute Verbose: 0 : SshRelayStream [TX: 2 TXA: 0 RX: 0 AQ: 2]: Sending DATA #2...
Google.Solutions.Compute Verbose: 0 : SshRelayStream [TX: 2 TXA: 0 RX: 0 AQ: 2]: Sending DATA #2...
Google.Solutions.Compute Verbose: 0 : SshRelayStream [TX: 2 TXA: 0 RX: 0 AQ: 2]: Sending DATA #2...
Google.Solutions.Compute Verbose: 0 : SshRelayStream [TX: 2 TXA: 0 RX: 0 AQ: 2]: Sending DATA #2...
Google.Solutions.Compute Verbose: 0 : SshRelayStream [TX: 2 TXA: 0 RX: 0 AQ: 2]: Sending DATA #2...
Google.Solutions.Compute Verbose: 0 : SshRelayStream [TX: 2 TXA: 0 RX: 0 AQ: 2]: Sending DATA #2...
Google.Solutions.Compute Verbose: 0 : SshRelayStream [TX: 2 TXA: 0 RX: 0 AQ: 2]: Sending DATA #2...
Google.Solutions.Compute Verbose: 0 : SshRelayStream [TX: 2 TXA: 0 RX: 0 AQ: 2]: Sending DATA #2...
Google.Solutions.Compute Verbose: 0 : SshRelayStream [TX: 2 TXA: 0 RX: 0 AQ: 2]: Sending DATA #2...
Google.Solutions.Compute Verbose: 0 : SshRelayStream [TX: 2 TXA: 0 RX: 0 AQ: 2]: Sending DATA #2...
Google.Solutions.Compute Verbose: 0 : SshRelayStream [TX: 2 TXA: 0 RX: 0 AQ: 2]: Sending DATA #2...
Google.Solutions.Compute Verbose: 0 : SshRelayStream [TX: 2 TXA: 0 RX: 0 AQ: 2]: Sending DATA #2...
Google.Solutions.Compute Verbose: 0 : SshRelayStream [TX: 2 TXA: 0 RX: 0 AQ: 2]: Sending DATA #2...
Google.Solutions.Compute Verbose: 0 : SshRelayStream [TX: 2 TXA: 0 RX: 0 AQ: 2]: Sending DATA #2...
Google.Solutions.Compute Verbose: 0 : SshRelayStream [TX: 2 TXA: 0 RX: 0 AQ: 2]: Sending DATA #2...
Google.Solutions.Compute Verbose: 0 : SshRelayStream [TX: 2 TXA: 0 RX: 0 AQ: 2]: Sending DATA #2...
Google.Solutions.Compute Verbose: 0 : SshRelayStream [TX: 2 TXA: 0 RX: 0 AQ: 2]: Sending DATA #2...
Google.Solutions.Compute Verbose: 0 : SshRelayStream [TX: 2 TXA: 0 RX: 0 AQ: 2]: Sending DATA #2...
Google.Solutions.Compute Verbose: 0 : SshRelayStream [TX: 2 TXA: 0 RX: 0 AQ: 2]: Sending DATA #2...
Google.Solutions.Compute Verbose: 0 : SshRelayStream [TX: 2 TXA: 0 RX: 0 AQ: 2]: Sending DATA #2...
Google.Solutions.Compute Verbose: 0 : SshRelayStream [TX: 2 TXA: 0 RX: 0 AQ: 2]: Sending DATA #2...
Google.Solutions.Compute Verbose: 0 : SshRelayStream [TX: 2 TXA: 0 RX: 0 AQ: 2]: Sending DATA #2...
Google.Solutions.Compute Verbose: 0 : SshRelayStream [TX: 2 TXA: 0 RX: 0 AQ: 2]: Connection closed abnormally: BAD_ACK
Google.Solutions.Compute Verbose: 0 : SshRelayStream [TX: 2 TXA: 0 RX: 0 AQ: 2]: Connection closed abnormally: BAD_ACK
Google.Solutions.Compute Verbose: 0 : SshRelayStream [TX: 2 TXA: 0 RX: 0 AQ: 2]: Connection closed abnormally: BAD_ACK
Google.Solutions.Compute Verbose: 0 : SshRelayStream [TX: 2 TXA: 0 RX: 0 AQ: 2]: Connection closed abnormally: BAD_ACK
Google.Solutions.Compute Verbose: 0 : SshRelayStream [TX: 2 TXA: 0 RX: 0 AQ: 2]: Connection closed abnormally: BAD_ACK
Google.Solutions.Compute Verbose: 0 : SshRelayStream [TX: 2 TXA: 0 RX: 0 AQ: 2]: Connection closed abnormally: BAD_ACK
Google.Solutions.Compute Verbose: 0 : SshRelayStream [TX: 2 TXA: 0 RX: 0 AQ: 2]: Connection closed abnormally: BAD_ACK
Google.Solutions.Compute Verbose: 0 : SshRelayStream [TX: 2 TXA: 0 RX: 0 AQ: 2]: Connection closed abnormally: BAD_ACK
Google.Solutions.Compute Verbose: 0 : SshRelayStream [TX: 2 TXA: 0 RX: 0 AQ: 2]: Connection closed abnormally: BAD_ACK
Google.Solutions.Compute Verbose: 0 : SshRelayStream [TX: 2 TXA: 0 RX: 0 AQ: 2]: Connection closed abnormally: BAD_ACK
Google.Solutions.Compute Verbose: 0 : SshRelayStream [TX: 2 TXA: 0 RX: 0 AQ: 2]: Connection closed abnormally: BAD_ACK
Google.Solutions.Compute Verbose: 0 : SshRelayStream [TX: 2 TXA: 0 RX: 0 AQ: 2]: Connection closed abnormally: BAD_ACK
Google.Solutions.Compute Verbose: 0 : SshRelayStream [TX: 2 TXA: 0 RX: 0 AQ: 2]: Connection closed abnormally: BAD_ACK
Google.Solutions.Compute Verbose: 0 : SshRelayStream [TX: 2 TXA: 0 RX: 0 AQ: 2]: Connection closed abnormally: BAD_ACK
Google.Solutions.Compute Verbose: 0 : SshRelayStream [TX: 2 TXA: 0 RX: 0 AQ: 2]: Connection closed abnormally: BAD_ACK
Google.Solutions.Compute Verbose: 0 : SshRelayStream [TX: 2 TXA: 0 RX: 0 AQ: 2]: Connection closed abnormally: BAD_ACK
Google.Solutions.Compute Verbose: 0 : SshRelayStream [TX: 2 TXA: 0 RX: 0 AQ: 2]: Connection closed abnormally: BAD_ACK
Google.Solutions.Compute Verbose: 0 : SshRelayStream [TX: 2 TXA: 0 RX: 0 AQ: 2]: Connection closed abnormally: BAD_ACK
Google.Solutions.Compute Verbose: 0 : SshRelayStream [TX: 2 TXA: 0 RX: 0 AQ: 2]: Connection closed abnormally: BAD_ACK
Google.Solutions.Compute Verbose: 0 : SshRelayStream [TX: 2 TXA: 0 RX: 0 AQ: 2]: Connection closed abnormally: BAD_ACK
Google.Solutions.Compute Verbose: 0 : SshRelayStream [TX: 2 TXA: 0 RX: 0 AQ: 2]: Connection closed abnormally: BAD_ACK
Google.Solutions.Compute Verbose: 0 : SshRelayStream [TX: 2 TXA: 0 RX: 0 AQ: 2]: Connection closed abnormally: BAD_ACK
Google.Solutions.Compute Verbose: 0 : SshRelayStream [TX: 2 TXA: 0 RX: 0 AQ: 2]: Connection closed abnormally: BAD_ACK
Google.Solutions.Compute Verbose: 0 : SshRelayStream [TX: 2 TXA: 0 RX: 0 AQ: 2]: Connection closed abnormally: BAD_ACK
Google.Solutions.Compute Verbose: 0 : SshRelayStream [TX: 2 TXA: 0 RX: 0 AQ: 2]: Connection closed abnormally: BAD_ACK
Google.Solutions.Compute Verbose: 0 : SshRelayStream [TX: 2 TXA: 0 RX: 0 AQ: 2]: Connection closed abnormally: BAD_ACK
Google.Solutions.Compute Verbose: 0 : SshRelayStream [TX: 2 TXA: 0 RX: 0 AQ: 2]: Connection closed abnormally: BAD_ACK
Google.Solutions.Compute Verbose: 0 : SshRelayStream [TX: 2 TXA: 0 RX: 0 AQ: 2]: Connection closed abnormally: BAD_ACK
Google.Solutions.Compute Verbose: 0 : SshRelayStream [TX: 2 TXA: 0 RX: 0 AQ: 2]: Connection closed abnormally: BAD_ACK
Google.Solutions.Compute Verbose: 0 : SshRelayStream [TX: 2 TXA: 0 RX: 0 AQ: 2]: Connection closed abnormally: BAD_ACK
Google.Solutions.Compute Verbose: 0 : SshRelayStream [TX: 2 TXA: 0 RX: 0 AQ: 2]: Connection closed abnormally: BAD_ACK
Google.Solutions.Compute Verbose: 0 : SshRelayStream [TX: 2 TXA: 0 RX: 0 AQ: 2]: Connection closed abnormally: BAD_ACK
Google.Solutions.Compute Verbose: 0 : SshRelayStream [TX: 2 TXA: 0 RX: 0 AQ: 2]: Connection closed abnormally: BAD_ACK
Google.Solutions.Compute Verbose: 0 : SshRelayStream [TX: 2 TXA: 0 RX: 0 AQ: 2]: Connection closed abnormally: BAD_ACK
Google.Solutions.Compute Verbose: 0 : SshRelayStream [TX: 2 TXA: 0 RX: 0 AQ: 2]: Connection closed abnormally: BAD_ACK
Google.Solutions.Compute Verbose: 0 : SshRelayStream [TX: 2 TXA: 0 RX: 0 AQ: 2]: Connection closed abnormally: BAD_ACK
Google.Solutions.Compute Verbose: 0 : SshRelayStream [TX: 2 TXA: 0 RX: 0 AQ: 2]: Connection closed abnormally: BAD_ACK
Google.Solutions.Compute Verbose: 0 : SshRelayStream [TX: 2 TXA: 0 RX: 0 AQ: 2]: Connection closed abnormally: BAD_ACK
Google.Solutions.Compute Verbose: 0 : SshRelayStream [TX: 2 TXA: 0 RX: 0 AQ: 2]: Connection closed abnormally: BAD_ACK
Google.Solutions.Compute Verbose: 0 : SshRelayStream [TX: 2 TXA: 0 RX: 0 AQ: 2]: Connection closed abnormally: BAD_ACK
Google.Solutions.Compute Verbose: 0 : SshRelayStream [TX: 2 TXA: 0 RX: 0 AQ: 2]: Connection closed abnormally: BAD_ACK
Google.Solutions.Compute Verbose: 0 : SshRelayStream [TX: 2 TXA: 0 RX: 0 AQ: 2]: Connection closed abnormally: BAD_ACK
Google.Solutions.Compute Verbose: 0 : SshRelayStream [TX: 2 TXA: 0 RX: 0 AQ: 2]: Connection closed abnormally: BAD_ACK
Google.Solutions.Compute Verbose: 0 : SshRelayStream [TX: 2 TXA: 0 RX: 0 AQ: 2]: Connection closed abnormally: BAD_ACK
Google.Solutions.Compute Verbose: 0 : SshRelayStream [TX: 2 TXA: 0 RX: 0 AQ: 2]: Connection closed abnormally: BAD_ACK
Google.Solutions.Compute Verbose: 0 : SshRelayStream [TX: 2 TXA: 0 RX: 0 AQ: 2]: Connection closed abnormally: BAD_ACK
Google.Solutions.Compute Verbose: 0 : SshRelayStream [TX: 2 TXA: 0 RX: 0 AQ: 2]: Connection closed abnormally: BAD_ACK
Google.Solutions.Compute Verbose: 0 : SshRelayStream [TX: 2 TXA: 0 RX: 0 AQ: 2]: Connection closed abnormally: BAD_ACK
Google.Solutions.Compute Verbose: 0 : SshRelayStream [TX: 2 TXA: 0 RX: 0 AQ: 2]: Connection closed abnormally: BAD_ACK
Google.Solutions.Compute Verbose: 0 : SshRelayStream [TX: 2 TXA: 0 RX: 0 AQ: 2]: Connection closed abnormally: BAD_ACK
Google.Solutions.Compute Verbose: 0 : SshRelayStream [TX: 2 TXA: 0 RX: 0 AQ: 2]: Connection closed abnormally: BAD_ACK
Google.Solutions.Compute Verbose: 0 : SshRelayStream [TX: 2 TXA: 0 RX: 0 AQ: 2]: Disconnecting, preparing to reconnect
Google.Solutions.Compute Verbose: 0 : SshRelayStream [TX: 2 TXA: 0 RX: 0 AQ: 2]: Disconnecting, preparing to reconnect
Google.Solutions.Compute Verbose: 0 : SshRelayStream [TX: 2 TXA: 0 RX: 0 AQ: 2]: Disconnecting, preparing to reconnect
Google.Solutions.Compute Verbose: 0 : SshRelayStream [TX: 2 TXA: 0 RX: 0 AQ: 2]: Disconnecting, preparing to reconnect
Google.Solutions.Compute Verbose: 0 : SshRelayStream [TX: 2 TXA: 0 RX: 0 AQ: 2]: Disconnecting, preparing to reconnect
Google.Solutions.Compute Verbose: 0 : SshRelayStream [TX: 2 TXA: 0 RX: 0 AQ: 2]: Disconnecting, preparing to reconnect
Google.Solutions.Compute Verbose: 0 : SshRelayStream [TX: 2 TXA: 0 RX: 0 AQ: 2]: Disconnecting, preparing to reconnect
Google.Solutions.Compute Verbose: 0 : SshRelayStream [TX: 2 TXA: 0 RX: 0 AQ: 2]: Disconnecting, preparing to reconnect
Google.Solutions.Compute Verbose: 0 : SshRelayStream [TX: 2 TXA: 0 RX: 0 AQ: 2]: Disconnecting, preparing to reconnect
Google.Solutions.Compute Verbose: 0 : SshRelayStream [TX: 2 TXA: 0 RX: 0 AQ: 2]: Disconnecting, preparing to reconnect
Google.Solutions.Compute Verbose: 0 : SshRelayStream [TX: 2 TXA: 0 RX: 0 AQ: 2]: Disconnecting, preparing to reconnect
Google.Solutions.Compute Verbose: 0 : SshRelayStream [TX: 2 TXA: 0 RX: 0 AQ: 2]: Disconnecting, preparing to reconnect
Google.Solutions.Compute Verbose: 0 : SshRelayStream [TX: 2 TXA: 0 RX: 0 AQ: 2]: Disconnecting, preparing to reconnect
Google.Solutions.Compute Verbose: 0 : SshRelayStream [TX: 2 TXA: 0 RX: 0 AQ: 2]: Disconnecting, preparing to reconnect
Google.Solutions.Compute Verbose: 0 : SshRelayStream [TX: 2 TXA: 0 RX: 0 AQ: 2]: Disconnecting, preparing to reconnect
Google.Solutions.Compute Verbose: 0 : SshRelayStream [TX: 2 TXA: 0 RX: 0 AQ: 2]: Disconnecting, preparing to reconnect
Google.Solutions.Compute Verbose: 0 : SshRelayStream [TX: 2 TXA: 0 RX: 0 AQ: 2]: Disconnecting, preparing to reconnect
Google.Solutions.Compute Verbose: 0 : SshRelayStream [TX: 2 TXA: 0 RX: 0 AQ: 2]: Disconnecting, preparing to reconnect
Google.Solutions.Compute Verbose: 0 : SshRelayStream [TX: 2 TXA: 0 RX: 0 AQ: 2]: Disconnecting, preparing to reconnect
Google.Solutions.Compute Verbose: 0 : SshRelayStream [TX: 2 TXA: 0 RX: 0 AQ: 2]: Disconnecting, preparing to reconnect
Google.Solutions.Compute Verbose: 0 : SshRelayStream [TX: 2 TXA: 0 RX: 0 AQ: 2]: Disconnecting, preparing to reconnect
Google.Solutions.Compute Verbose: 0 : SshRelayStream [TX: 2 TXA: 0 RX: 0 AQ: 2]: Disconnecting, preparing to reconnect
Google.Solutions.Compute Verbose: 0 : SshRelayStream [TX: 2 TXA: 0 RX: 0 AQ: 2]: Disconnecting, preparing to reconnect
Google.Solutions.Compute Verbose: 0 : SshRelayStream [TX: 2 TXA: 0 RX: 0 AQ: 2]: Disconnecting, preparing to reconnect
Google.Solutions.Compute Verbose: 0 : SshRelayStream [TX: 2 TXA: 0 RX: 0 AQ: 2]: Disconnecting, preparing to reconnect
Google.Solutions.Compute Verbose: 0 : SshRelayStream [TX: 2 TXA: 0 RX: 0 AQ: 2]: Disconnecting, preparing to reconnect
Google.Solutions.Compute Verbose: 0 : SshRelayStream [TX: 2 TXA: 0 RX: 0 AQ: 2]: Disconnecting, preparing to reconnect
Google.Solutions.Compute Verbose: 0 : SshRelayStream [TX: 2 TXA: 0 RX: 0 AQ: 2]: Disconnecting, preparing to reconnect
Google.Solutions.Compute Verbose: 0 : SshRelayStream [TX: 2 TXA: 0 RX: 0 AQ: 2]: Disconnecting, preparing to reconnect
Google.Solutions.Compute Verbose: 0 : SshRelayStream [TX: 2 TXA: 0 RX: 0 AQ: 2]: Disconnecting, preparing to reconnect
Google.Solutions.Compute Verbose: 0 : SshRelayStream [TX: 2 TXA: 0 RX: 0 AQ: 2]: Disconnecting, preparing to reconnect
Google.Solutions.Compute Verbose: 0 : SshRelayStream [TX: 2 TXA: 0 RX: 0 AQ: 2]: Disconnecting, preparing to reconnect
Google.Solutions.Compute Verbose: 0 : SshRelayStream [TX: 2 TXA: 0 RX: 0 AQ: 2]: Disconnecting, preparing to reconnect
Google.Solutions.Compute Verbose: 0 : SshRelayStream [TX: 2 TXA: 0 RX: 0 AQ: 2]: Disconnecting, preparing to reconnect
Google.Solutions.Compute Verbose: 0 : SshRelayStream [TX: 2 TXA: 0 RX: 0 AQ: 2]: Disconnecting, preparing to reconnect
Google.Solutions.Compute Verbose: 0 : SshRelayStream [TX: 2 TXA: 0 RX: 0 AQ: 2]: Disconnecting, preparing to reconnect
Google.Solutions.Compute Verbose: 0 : SshRelayStream [TX: 2 TXA: 0 RX: 0 AQ: 2]: Disconnecting, preparing to reconnect
Google.Solutions.Compute Verbose: 0 : SshRelayStream [TX: 2 TXA: 0 RX: 0 AQ: 2]: Disconnecting, preparing to reconnect
Google.Solutions.Compute Verbose: 0 : SshRelayStream [TX: 2 TXA: 0 RX: 0 AQ: 2]: Disconnecting, preparing to reconnect
Google.Solutions.Compute Verbose: 0 : SshRelayStream [TX: 2 TXA: 0 RX: 0 AQ: 2]: Disconnecting, preparing to reconnect
Google.Solutions.Compute Verbose: 0 : SshRelayStream [TX: 2 TXA: 0 RX: 0 AQ: 2]: Disconnecting, preparing to reconnect
Google.Solutions.Compute Verbose: 0 : SshRelayStream [TX: 2 TXA: 0 RX: 0 AQ: 2]: Disconnecting, preparing to reconnect
Google.Solutions.Compute Verbose: 0 : SshRelayStream [TX: 2 TXA: 0 RX: 0 AQ: 2]: Disconnecting, preparing to reconnect
Google.Solutions.Compute Verbose: 0 : SshRelayStream [TX: 2 TXA: 0 RX: 0 AQ: 2]: Disconnecting, preparing to reconnect
Google.Solutions.Compute Verbose: 0 : SshRelayStream [TX: 2 TXA: 0 RX: 0 AQ: 2]: Disconnecting, preparing to reconnect
Google.Solutions.Compute Verbose: 0 : SshRelayStream [TX: 2 TXA: 0 RX: 0 AQ: 2]: Disconnecting, preparing to reconnect
Google.Solutions.Compute Verbose: 0 : SshRelayStream [TX: 2 TXA: 0 RX: 0 AQ: 2]: Disconnecting, preparing to reconnect
Google.Solutions.Compute Verbose: 0 : SshRelayStream [TX: 2 TXA: 0 RX: 0 AQ: 2]: Disconnecting, preparing to reconnect
Google.Solutions.Compute Verbose: 0 : SshRelayStream [TX: 2 TXA: 0 RX: 0 AQ: 2]: Disconnecting, preparing to reconnect
Google.Solutions.Compute Verbose: 0 : SshRelayStream [TX: 2 TXA: 0 RX: 0 AQ: 2]: Disconnecting, preparing to reconnect
Google.Solutions.Compute Verbose: 0 : SshRelayStream [TX: 2 TXA: 0 RX: 0 AQ: 2]: Disconnecting, preparing to reconnect
Google.Solutions.Compute Verbose: 0 : SshRelayStream [TX: 2 TXA: 0 RX: 0 AQ: 2]: Disonnected.
Google.Solutions.Compute Verbose: 0 : SshRelayStream [TX: 2 TXA: 0 RX: 0 AQ: 2]: Disonnected.
Google.Solutions.Compute Verbose: 0 : SshRelayStream [TX: 2 TXA: 0 RX: 0 AQ: 2]: Disonnected.
Google.Solutions.Compute Verbose: 0 : SshRelayStream [TX: 2 TXA: 0 RX: 0 AQ: 2]: Disonnected.
Google.Solutions.Compute Verbose: 0 : SshRelayStream [TX: 2 TXA: 0 RX: 0 AQ: 2]: Disonnected.
Google.Solutions.Compute Verbose: 0 : SshRelayStream [TX: 2 TXA: 0 RX: 0 AQ: 2]: Disonnected.
Google.Solutions.Compute Verbose: 0 : SshRelayStream [TX: 2 TXA: 0 RX: 0 AQ: 2]: Disonnected.
Google.Solutions.Compute Verbose: 0 : SshRelayStream [TX: 2 TXA: 0 RX: 0 AQ: 2]: Disonnected.
Google.Solutions.Compute Verbose: 0 : SshRelayStream [TX: 2 TXA: 0 RX: 0 AQ: 2]: Disonnected.
Google.Solutions.Compute Verbose: 0 : SshRelayStream [TX: 2 TXA: 0 RX: 0 AQ: 2]: Disonnected.
Google.Solutions.Compute Verbose: 0 : SshRelayStream [TX: 2 TXA: 0 RX: 0 AQ: 2]: Disonnected.
Google.Solutions.Compute Verbose: 0 : SshRelayStream [TX: 2 TXA: 0 RX: 0 AQ: 2]: Disonnected.
Google.Solutions.Compute Verbose: 0 : SshRelayStream [TX: 2 TXA: 0 RX: 0 AQ: 2]: Disonnected.
Google.Solutions.Compute Verbose: 0 : SshRelayStream [TX: 2 TXA: 0 RX: 0 AQ: 2]: Disonnected.
Google.Solutions.Compute Verbose: 0 : SshRelayStream [TX: 2 TXA: 0 RX: 0 AQ: 2]: Disonnected.
Google.Solutions.Compute Verbose: 0 : SshRelayStream [TX: 2 TXA: 0 RX: 0 AQ: 2]: Disonnected.
Google.Solutions.Compute Verbose: 0 : SshRelayStream [TX: 2 TXA: 0 RX: 0 AQ: 2]: Disonnected.
Google.Solutions.Compute Verbose: 0 : SshRelayStream [TX: 2 TXA: 0 RX: 0 AQ: 2]: Disonnected.
Google.Solutions.Compute Verbose: 0 : SshRelayStream [TX: 2 TXA: 0 RX: 0 AQ: 2]: Disonnected.
Google.Solutions.Compute Verbose: 0 : SshRelayStream [TX: 2 TXA: 0 RX: 0 AQ: 2]: Disonnected.
Google.Solutions.Compute Verbose: 0 : SshRelayStream [TX: 2 TXA: 0 RX: 0 AQ: 2]: Disonnected.
Google.Solutions.Compute Verbose: 0 : SshRelayStream [TX: 2 TXA: 0 RX: 0 AQ: 2]: Disonnected.
Google.Solutions.Compute Verbose: 0 : SshRelayStream [TX: 2 TXA: 0 RX: 0 AQ: 2]: Disonnected.
Google.Solutions.Compute Verbose: 0 : SshRelayStream [TX: 2 TXA: 0 RX: 0 AQ: 2]: Disonnected.
Google.Solutions.Compute Verbose: 0 : SshRelayStream [TX: 2 TXA: 0 RX: 0 AQ: 2]: Disonnected.
Google.Solutions.Compute Verbose: 0 : SshRelayStream [TX: 2 TXA: 0 RX: 0 AQ: 2]: Disonnected.
Google.Solutions.Compute Verbose: 0 : SshRelayStream [TX: 2 TXA: 0 RX: 0 AQ: 2]: Disonnected.
Google.Solutions.Compute Verbose: 0 : SshRelayStream [TX: 2 TXA: 0 RX: 0 AQ: 2]: Disonnected.
Google.Solutions.Compute Verbose: 0 : SshRelayStream [TX: 2 TXA: 0 RX: 0 AQ: 2]: Disonnected.
Google.Solutions.Compute Verbose: 0 : SshRelayStream [TX: 2 TXA: 0 RX: 0 AQ: 2]: Disonnected.
Google.Solutions.Compute Verbose: 0 : SshRelayStream [TX: 2 TXA: 0 RX: 0 AQ: 2]: Disonnected.
Google.Solutions.Compute Verbose: 0 : SshRelayStream [TX: 2 TXA: 0 RX: 0 AQ: 2]: Disonnected.
Google.Solutions.Compute Verbose: 0 : SshRelayStream [TX: 2 TXA: 0 RX: 0 AQ: 2]: Disonnected.
Google.Solutions.Compute Verbose: 0 : SshRelayStream [TX: 2 TXA: 0 RX: 0 AQ: 2]: Disonnected.
Google.Solutions.Compute Verbose: 0 : SshRelayStream [TX: 2 TXA: 0 RX: 0 AQ: 2]: Disonnected.
Google.Solutions.Compute Verbose: 0 : SshRelayStream [TX: 2 TXA: 0 RX: 0 AQ: 2]: Disonnected.
Google.Solutions.Compute Verbose: 0 : SshRelayStream [TX: 2 TXA: 0 RX: 0 AQ: 2]: Disonnected.
Google.Solutions.Compute Verbose: 0 : SshRelayStream [TX: 2 TXA: 0 RX: 0 AQ: 2]: Disonnected.
Google.Solutions.Compute Verbose: 0 : SshRelayStream [TX: 2 TXA: 0 RX: 0 AQ: 2]: Disonnected.
Google.Solutions.Compute Verbose: 0 : SshRelayStream [TX: 2 TXA: 0 RX: 0 AQ: 2]: Disonnected.
Google.Solutions.Compute Verbose: 0 : SshRelayStream [TX: 2 TXA: 0 RX: 0 AQ: 2]: Disonnected.
Google.Solutions.Compute Verbose: 0 : SshRelayStream [TX: 2 TXA: 0 RX: 0 AQ: 2]: Disonnected.
Google.Solutions.Compute Verbose: 0 : SshRelayStream [TX: 2 TXA: 0 RX: 0 AQ: 2]: Disonnected.
Google.Solutions.Compute Verbose: 0 : SshRelayStream [TX: 2 TXA: 0 RX: 0 AQ: 2]: Disonnected.
Google.Solutions.Compute Verbose: 0 : SshRelayStream [TX: 2 TXA: 0 RX: 0 AQ: 2]: Disonnected.
Google.Solutions.Compute Verbose: 0 : SshRelayStream [TX: 2 TXA: 0 RX: 0 AQ: 2]: Disonnected.
Google.Solutions.Compute Verbose: 0 : SshRelayStream [TX: 2 TXA: 0 RX: 0 AQ: 2]: Disonnected.
Google.Solutions.Compute Verbose: 0 : SshRelayStream [TX: 2 TXA: 0 RX: 0 AQ: 2]: Disonnected.
Google.Solutions.Compute Verbose: 0 : SshRelayStream [TX: 2 TXA: 0 RX: 0 AQ: 2]: Disonnected.
Google.Solutions.Compute Verbose: 0 : SshRelayStream [TX: 2 TXA: 0 RX: 0 AQ: 2]: Disonnected.
Google.Solutions.Compute Verbose: 0 : SshRelayStream [TX: 2 TXA: 0 RX: 0 AQ: 2]: Disonnected.
Google.Solutions.Compute Verbose: 0 : SshRelayStream [TX: 2 TXA: 0 RX: 0 AQ: 2]: Connecting...
Google.Solutions.Compute Verbose: 0 : SshRelayStream [TX: 2 TXA: 0 RX: 0 AQ: 2]: Connecting...
Google.Solutions.Compute Verbose: 0 : SshRelayStream [TX: 2 TXA: 0 RX: 0 AQ: 2]: Connecting...
Google.Solutions.Compute Verbose: 0 : SshRelayStream [TX: 2 TXA: 0 RX: 0 AQ: 2]: Connecting...
Google.Solutions.Compute Verbose: 0 : SshRelayStream [TX: 2 TXA: 0 RX: 0 AQ: 2]: Connecting...
Google.Solutions.Compute Verbose: 0 : SshRelayStream [TX: 2 TXA: 0 RX: 0 AQ: 2]: Connecting...
Google.Solutions.Compute Verbose: 0 : SshRelayStream [TX: 2 TXA: 0 RX: 0 AQ: 2]: Connecting...
Google.Solutions.Compute Verbose: 0 : SshRelayStream [TX: 2 TXA: 0 RX: 0 AQ: 2]: Connecting...
Google.Solutions.Compute Verbose: 0 : SshRelayStream [TX: 2 TXA: 0 RX: 0 AQ: 2]: Connecting...
Google.Solutions.Compute Verbose: 0 : SshRelayStream [TX: 2 TXA: 0 RX: 0 AQ: 2]: Connecting...
Google.Solutions.Compute Verbose: 0 : SshRelayStream [TX: 2 TXA: 0 RX: 0 AQ: 2]: Connecting...
Google.Solutions.Compute Verbose: 0 : SshRelayStream [TX: 2 TXA: 0 RX: 0 AQ: 2]: Connecting...
Google.Solutions.Compute Verbose: 0 : SshRelayStream [TX: 2 TXA: 0 RX: 0 AQ: 2]: Connecting...
Google.Solutions.Compute Verbose: 0 : SshRelayStream [TX: 2 TXA: 0 RX: 0 AQ: 2]: Connecting...
Google.Solutions.Compute Verbose: 0 : SshRelayStream [TX: 2 TXA: 0 RX: 0 AQ: 2]: Connecting...
Google.Solutions.Compute Verbose: 0 : SshRelayStream [TX: 2 TXA: 0 RX: 0 AQ: 2]: Connecting...
Google.Solutions.Compute Verbose: 0 : SshRelayStream [TX: 2 TXA: 0 RX: 0 AQ: 2]: Connecting...
Google.Solutions.Compute Verbose: 0 : SshRelayStream [TX: 2 TXA: 0 RX: 0 AQ: 2]: Connecting...
Google.Solutions.Compute Verbose: 0 : SshRelayStream [TX: 2 TXA: 0 RX: 0 AQ: 2]: Connecting...
Google.Solutions.Compute Verbose: 0 : SshRelayStream [TX: 2 TXA: 0 RX: 0 AQ: 2]: Connecting...
Google.Solutions.Compute Verbose: 0 : SshRelayStream [TX: 2 TXA: 0 RX: 0 AQ: 2]: Connecting...
Google.Solutions.Compute Verbose: 0 : SshRelayStream [TX: 2 TXA: 0 RX: 0 AQ: 2]: Connecting...
Google.Solutions.Compute Verbose: 0 : SshRelayStream [TX: 2 TXA: 0 RX: 0 AQ: 2]: Connecting...
Google.Solutions.Compute Verbose: 0 : SshRelayStream [TX: 2 TXA: 0 RX: 0 AQ: 2]: Connecting...
Google.Solutions.Compute Verbose: 0 : SshRelayStream [TX: 2 TXA: 0 RX: 0 AQ: 2]: Connecting...
Google.Solutions.Compute Verbose: 0 : SshRelayStream [TX: 2 TXA: 0 RX: 0 AQ: 2]: Connecting...
Google.Solutions.Compute Verbose: 0 : SshRelayStream [TX: 2 TXA: 0 RX: 0 AQ: 2]: Connecting...
Google.Solutions.Compute Verbose: 0 : SshRelayStream [TX: 2 TXA: 0 RX: 0 AQ: 2]: Connecting...
Google.Solutions.Compute Verbose: 0 : SshRelayStream [TX: 2 TXA: 0 RX: 0 AQ: 2]: Connecting...
Google.Solutions.Compute Verbose: 0 : SshRelayStream [TX: 2 TXA: 0 RX: 0 AQ: 2]: Connecting...
Google.Solutions.Compute Verbose: 0 : SshRelayStream [TX: 2 TXA: 0 RX: 0 AQ: 2]: Connecting...
Google.Solutions.Compute Verbose: 0 : SshRelayStream [TX: 2 TXA: 0 RX: 0 AQ: 2]: Connecting...
Google.Solutions.Compute Verbose: 0 : SshRelayStream [TX: 2 TXA: 0 RX: 0 AQ: 2]: Connecting...
Google.Solutions.Compute Verbose: 0 : SshRelayStream [TX: 2 TXA: 0 RX: 0 AQ: 2]: Connecting...
Google.Solutions.Compute Verbose: 0 : SshRelayStream [TX: 2 TXA: 0 RX: 0 AQ: 2]: Connecting...
Google.Solutions.Compute Verbose: 0 : SshRelayStream [TX: 2 TXA: 0 RX: 0 AQ: 2]: Connecting...
Google.Solutions.Compute Verbose: 0 : SshRelayStream [TX: 2 TXA: 0 RX: 0 AQ: 2]: Connecting...
Google.Solutions.Compute Verbose: 0 : SshRelayStream [TX: 2 TXA: 0 RX: 0 AQ: 2]: Connecting...
Google.Solutions.Compute Verbose: 0 : SshRelayStream [TX: 2 TXA: 0 RX: 0 AQ: 2]: Connecting...
Google.Solutions.Compute Verbose: 0 : SshRelayStream [TX: 2 TXA: 0 RX: 0 AQ: 2]: Connecting...
Google.Solutions.Compute Verbose: 0 : SshRelayStream [TX: 2 TXA: 0 RX: 0 AQ: 2]: Connecting...
Google.Solutions.Compute Verbose: 0 : SshRelayStream [TX: 2 TXA: 0 RX: 0 AQ: 2]: Connecting...
Google.Solutions.Compute Verbose: 0 : SshRelayStream [TX: 2 TXA: 0 RX: 0 AQ: 2]: Connecting...
Google.Solutions.Compute Verbose: 0 : SshRelayStream [TX: 2 TXA: 0 RX: 0 AQ: 2]: Connecting...
Google.Solutions.Compute Verbose: 0 : SshRelayStream [TX: 2 TXA: 0 RX: 0 AQ: 2]: Connecting...
Google.Solutions.Compute Verbose: 0 : SshRelayStream [TX: 2 TXA: 0 RX: 0 AQ: 2]: Connecting...
Google.Solutions.Compute Verbose: 0 : SshRelayStream [TX: 2 TXA: 0 RX: 0 AQ: 2]: Connecting...
Google.Solutions.Compute Verbose: 0 : SshRelayStream [TX: 2 TXA: 0 RX: 0 AQ: 2]: Connecting...
Google.Solutions.Compute Verbose: 0 : SshRelayStream [TX: 2 TXA: 0 RX: 0 AQ: 2]: Connecting...
Google.Solutions.Compute Verbose: 0 : SshRelayStream [TX: 2 TXA: 0 RX: 0 AQ: 2]: Connecting...
Google.Solutions.Compute Verbose: 0 : SshRelayStream [TX: 2 TXA: 0 RX: 0 AQ: 2]: Connecting...
Google.Solutions.Compute Verbose: 0 : SshRelayStream [TX: 2 TXA: 0 RX: 0 AQ: 1]: Resending DATA #0...
Google.Solutions.Compute Verbose: 0 : SshRelayStream [TX: 2 TXA: 0 RX: 0 AQ: 1]: Resending DATA #0...
Google.Solutions.Compute Verbose: 0 : SshRelayStream [TX: 2 TXA: 0 RX: 0 AQ: 1]: Resending DATA #0...
Google.Solutions.Compute Verbose: 0 : SshRelayStream [TX: 2 TXA: 0 RX: 0 AQ: 1]: Resending DATA #0...
Google.Solutions.Compute Verbose: 0 : SshRelayStream [TX: 2 TXA: 0 RX: 0 AQ: 1]: Resending DATA #0...
Google.Solutions.Compute Verbose: 0 : SshRelayStream [TX: 2 TXA: 0 RX: 0 AQ: 1]: Resending DATA #0...
Google.Solutions.Compute Verbose: 0 : SshRelayStream [TX: 2 TXA: 0 RX: 0 AQ: 1]: Resending DATA #0...
Google.Solutions.Compute Verbose: 0 : SshRelayStream [TX: 2 TXA: 0 RX: 0 AQ: 1]: Resending DATA #0...
Google.Solutions.Compute Verbose: 0 : SshRelayStream [TX: 2 TXA: 0 RX: 0 AQ: 1]: Resending DATA #0...
Google.Solutions.Compute Verbose: 0 : SshRelayStream [TX: 2 TXA: 0 RX: 0 AQ: 1]: Resending DATA #0...
Google.Solutions.Compute Verbose: 0 : SshRelayStream [TX: 2 TXA: 0 RX: 0 AQ: 1]: Resending DATA #0...
Google.Solutions.Compute Verbose: 0 : SshRelayStream [TX: 2 TXA: 0 RX: 0 AQ: 1]: Resending DATA #0...
Google.Solutions.Compute Verbose: 0 : SshRelayStream [TX: 2 TXA: 0 RX: 0 AQ: 1]: Resending DATA #0...
Google.Solutions.Compute Verbose: 0 : SshRelayStream [TX: 2 TXA: 0 RX: 0 AQ: 1]: Resending DATA #0...
Google.Solutions.Compute Verbose: 0 : SshRelayStream [TX: 2 TXA: 0 RX: 0 AQ: 1]: Resending DATA #0...
Google.Solutions.Compute Verbose: 0 : SshRelayStream [TX: 2 TXA: 0 RX: 0 AQ: 1]: Resending DATA #0...
Google.Solutions.Compute Verbose: 0 : SshRelayStream [TX: 2 TXA: 0 RX: 0 AQ: 1]: Resending DATA #0...
Google.Solutions.Compute Verbose: 0 : SshRelayStream [TX: 2 TXA: 0 RX: 0 AQ: 1]: Resending DATA #0...
Google.Solutions.Compute Verbose: 0 : SshRelayStream [TX: 2 TXA: 0 RX: 0 AQ: 1]: Resending DATA #0...
Google.Solutions.Compute Verbose: 0 : SshRelayStream [TX: 2 TXA: 0 RX: 0 AQ: 1]: Resending DATA #0...
Google.Solutions.Compute Verbose: 0 : SshRelayStream [TX: 2 TXA: 0 RX: 0 AQ: 1]: Resending DATA #0...
Google.Solutions.Compute Verbose: 0 : SshRelayStream [TX: 2 TXA: 0 RX: 0 AQ: 1]: Resending DATA #0...
Google.Solutions.Compute Verbose: 0 : SshRelayStream [TX: 2 TXA: 0 RX: 0 AQ: 1]: Resending DATA #0...
Google.Solutions.Compute Verbose: 0 : SshRelayStream [TX: 2 TXA: 0 RX: 0 AQ: 1]: Resending DATA #0...
Google.Solutions.Compute Verbose: 0 : SshRelayStream [TX: 2 TXA: 0 RX: 0 AQ: 1]: Resending DATA #0...
Google.Solutions.Compute Verbose: 0 : SshRelayStream [TX: 2 TXA: 0 RX: 0 AQ: 1]: Resending DATA #0...
Google.Solutions.Compute Verbose: 0 : SshRelayStream [TX: 2 TXA: 0 RX: 0 AQ: 1]: Resending DATA #0...
Google.Solutions.Compute Verbose: 0 : SshRelayStream [TX: 2 TXA: 0 RX: 0 AQ: 1]: Resending DATA #0...
Google.Solutions.Compute Verbose: 0 : SshRelayStream [TX: 2 TXA: 0 RX: 0 AQ: 1]: Resending DATA #0...
Google.Solutions.Compute Verbose: 0 : SshRelayStream [TX: 2 TXA: 0 RX: 0 AQ: 1]: Resending DATA #0...
Google.Solutions.Compute Verbose: 0 : SshRelayStream [TX: 2 TXA: 0 RX: 0 AQ: 1]: Resending DATA #0...
Google.Solutions.Compute Verbose: 0 : SshRelayStream [TX: 2 TXA: 0 RX: 0 AQ: 1]: Resending DATA #0...
Google.Solutions.Compute Verbose: 0 : SshRelayStream [TX: 2 TXA: 0 RX: 0 AQ: 1]: Resending DATA #0...
Google.Solutions.Compute Verbose: 0 : SshRelayStream [TX: 2 TXA: 0 RX: 0 AQ: 1]: Resending DATA #0...
Google.Solutions.Compute Verbose: 0 : SshRelayStream [TX: 2 TXA: 0 RX: 0 AQ: 1]: Resending DATA #0...
Google.Solutions.Compute Verbose: 0 : SshRelayStream [TX: 2 TXA: 0 RX: 0 AQ: 1]: Resending DATA #0...
Google.Solutions.Compute Verbose: 0 : SshRelayStream [TX: 2 TXA: 0 RX: 0 AQ: 1]: Resending DATA #0...
Google.Solutions.Compute Verbose: 0 : SshRelayStream [TX: 2 TXA: 0 RX: 0 AQ: 1]: Resending DATA #0...
Google.Solutions.Compute Verbose: 0 : SshRelayStream [TX: 2 TXA: 0 RX: 0 AQ: 1]: Resending DATA #0...
Google.Solutions.Compute Verbose: 0 : SshRelayStream [TX: 2 TXA: 0 RX: 0 AQ: 1]: Resending DATA #0...
Google.Solutions.Compute Verbose: 0 : SshRelayStream [TX: 2 TXA: 0 RX: 0 AQ: 1]: Resending DATA #0...
Google.Solutions.Compute Verbose: 0 : SshRelayStream [TX: 2 TXA: 0 RX: 0 AQ: 1]: Resending DATA #0...
Google.Solutions.Compute Verbose: 0 : SshRelayStream [TX: 2 TXA: 0 RX: 0 AQ: 1]: Resending DATA #0...
Google.Solutions.Compute Verbose: 0 : SshRelayStream [TX: 2 TXA: 0 RX: 0 AQ: 1]: Resending DATA #0...
Google.Solutions.Compute Verbose: 0 : SshRelayStream [TX: 2 TXA: 0 RX: 0 AQ: 1]: Resending DATA #0...
Google.Solutions.Compute Verbose: 0 : SshRelayStream [TX: 2 TXA: 0 RX: 0 AQ: 1]: Resending DATA #0...
Google.Solutions.Compute Verbose: 0 : SshRelayStream [TX: 2 TXA: 0 RX: 0 AQ: 1]: Resending DATA #0...
Google.Solutions.Compute Verbose: 0 : SshRelayStream [TX: 2 TXA: 0 RX: 0 AQ: 1]: Resending DATA #0...
Google.Solutions.Compute Verbose: 0 : SshRelayStream [TX: 2 TXA: 0 RX: 0 AQ: 1]: Resending DATA #0...
Google.Solutions.Compute Verbose: 0 : SshRelayStream [TX: 2 TXA: 0 RX: 0 AQ: 1]: Resending DATA #0...
Google.Solutions.Compute Verbose: 0 : SshRelayStream [TX: 2 TXA: 0 RX: 0 AQ: 1]: Resending DATA #0...
Google.Solutions.Compute Verbose: 0 : SshRelayStream [TX: 2 TXA: 0 RX: 0 AQ: 0]: Resending DATA #1...
Google.Solutions.Compute Verbose: 0 : SshRelayStream [TX: 2 TXA: 0 RX: 0 AQ: 0]: Resending DATA #1...
Google.Solutions.Compute Verbose: 0 : SshRelayStream [TX: 2 TXA: 0 RX: 0 AQ: 0]: Resending DATA #1...
Google.Solutions.Compute Verbose: 0 : SshRelayStream [TX: 2 TXA: 0 RX: 0 AQ: 0]: Resending DATA #1...
Google.Solutions.Compute Verbose: 0 : SshRelayStream [TX: 2 TXA: 0 RX: 0 AQ: 0]: Resending DATA #1...
Google.Solutions.Compute Verbose: 0 : SshRelayStream [TX: 2 TXA: 0 RX: 0 AQ: 0]: Resending DATA #1...
Google.Solutions.Compute Verbose: 0 : SshRelayStream [TX: 2 TXA: 0 RX: 0 AQ: 0]: Resending DATA #1...
Google.Solutions.Compute Verbose: 0 : SshRelayStream [TX: 2 TXA: 0 RX: 0 AQ: 0]: Resending DATA #1...
Google.Solutions.Compute Verbose: 0 : SshRelayStream [TX: 2 TXA: 0 RX: 0 AQ: 0]: Resending DATA #1...
Google.Solutions.Compute Verbose: 0 : SshRelayStream [TX: 2 TXA: 0 RX: 0 AQ: 0]: Resending DATA #1...
Google.Solutions.Compute Verbose: 0 : SshRelayStream [TX: 2 TXA: 0 RX: 0 AQ: 0]: Resending DATA #1...
Google.Solutions.Compute Verbose: 0 : SshRelayStream [TX: 2 TXA: 0 RX: 0 AQ: 0]: Resending DATA #1...
Google.Solutions.Compute Verbose: 0 : SshRelayStream [TX: 2 TXA: 0 RX: 0 AQ: 0]: Resending DATA #1...
Google.Solutions.Compute Verbose: 0 : SshRelayStream [TX: 2 TXA: 0 RX: 0 AQ: 0]: Resending DATA #1...
Google.Solutions.Compute Verbose: 0 : SshRelayStream [TX: 2 TXA: 0 RX: 0 AQ: 0]: Resending DATA #1...
Google.Solutions.Compute Verbose: 0 : SshRelayStream [TX: 2 TXA: 0 RX: 0 AQ: 0]: Resending DATA #1...
Google.Solutions.Compute Verbose: 0 : SshRelayStream [TX: 2 TXA: 0 RX: 0 AQ: 0]: Resending DATA #1...
Google.Solutions.Compute Verbose: 0 : SshRelayStream [TX: 2 TXA: 0 RX: 0 AQ: 0]: Resending DATA #1...
Google.Solutions.Compute Verbose: 0 : SshRelayStream [TX: 2 TXA: 0 RX: 0 AQ: 0]: Resending DATA #1...
Google.Solutions.Compute Verbose: 0 : SshRelayStream [TX: 2 TXA: 0 RX: 0 AQ: 0]: Resending DATA #1...
Google.Solutions.Compute Verbose: 0 : SshRelayStream [TX: 2 TXA: 0 RX: 0 AQ: 0]: Resending DATA #1...
Google.Solutions.Compute Verbose: 0 : SshRelayStream [TX: 2 TXA: 0 RX: 0 AQ: 0]: Resending DATA #1...
Google.Solutions.Compute Verbose: 0 : SshRelayStream [TX: 2 TXA: 0 RX: 0 AQ: 0]: Resending DATA #1...
Google.Solutions.Compute Verbose: 0 : SshRelayStream [TX: 2 TXA: 0 RX: 0 AQ: 0]: Resending DATA #1...
Google.Solutions.Compute Verbose: 0 : SshRelayStream [TX: 2 TXA: 0 RX: 0 AQ: 0]: Resending DATA #1...
Google.Solutions.Compute Verbose: 0 : SshRelayStream [TX: 2 TXA: 0 RX: 0 AQ: 0]: Resending DATA #1...
Google.Solutions.Compute Verbose: 0 : SshRelayStream [TX: 2 TXA: 0 RX: 0 AQ: 0]: Resending DATA #1...
Google.Solutions.Compute Verbose: 0 : SshRelayStream [TX: 2 TXA: 0 RX: 0 AQ: 0]: Resending DATA #1...
Google.Solutions.Compute Verbose: 0 : SshRelayStream [TX: 2 TXA: 0 RX: 0 AQ: 0]: Resending DATA #1...
Google.Solutions.Compute Verbose: 0 : SshRelayStream [TX: 2 TXA: 0 RX: 0 AQ: 0]: Resending DATA #1...
Google.Solutions.Compute Verbose: 0 : SshRelayStream [TX: 2 TXA: 0 RX: 0 AQ: 0]: Resending DATA #1...
Google.Solutions.Compute Verbose: 0 : SshRelayStream [TX: 2 TXA: 0 RX: 0 AQ: 0]: Resending DATA #1...
Google.Solutions.Compute Verbose: 0 : SshRelayStream [TX: 2 TXA: 0 RX: 0 AQ: 0]: Resending DATA #1...
Google.Solutions.Compute Verbose: 0 : SshRelayStream [TX: 2 TXA: 0 RX: 0 AQ: 0]: Resending DATA #1...
Google.Solutions.Compute Verbose: 0 : SshRelayStream [TX: 2 TXA: 0 RX: 0 AQ: 0]: Resending DATA #1...
Google.Solutions.Compute Verbose: 0 : SshRelayStream [TX: 2 TXA: 0 RX: 0 AQ: 0]: Resending DATA #1...
Google.Solutions.Compute Verbose: 0 : SshRelayStream [TX: 2 TXA: 0 RX: 0 AQ: 0]: Resending DATA #1...
Google.Solutions.Compute Verbose: 0 : SshRelayStream [TX: 2 TXA: 0 RX: 0 AQ: 0]: Resending DATA #1...
Google.Solutions.Compute Verbose: 0 : SshRelayStream [TX: 2 TXA: 0 RX: 0 AQ: 0]: Resending DATA #1...
Google.Solutions.Compute Verbose: 0 : SshRelayStream [TX: 2 TXA: 0 RX: 0 AQ: 0]: Resending DATA #1...
Google.Solutions.Compute Verbose: 0 : SshRelayStream [TX: 2 TXA: 0 RX: 0 AQ: 0]: Resending DATA #1...
Google.Solutions.Compute Verbose: 0 : SshRelayStream [TX: 2 TXA: 0 RX: 0 AQ: 0]: Resending DATA #1...
Google.Solutions.Compute Verbose: 0 : SshRelayStream [TX: 2 TXA: 0 RX: 0 AQ: 0]: Resending DATA #1...
Google.Solutions.Compute Verbose: 0 : SshRelayStream [TX: 2 TXA: 0 RX: 0 AQ: 0]: Resending DATA #1...
Google.Solutions.Compute Verbose: 0 : SshRelayStream [TX: 2 TXA: 0 RX: 0 AQ: 0]: Resending DATA #1...
Google.Solutions.Compute Verbose: 0 : SshRelayStream [TX: 2 TXA: 0 RX: 0 AQ: 0]: Resending DATA #1...
Google.Solutions.Compute Verbose: 0 : SshRelayStream [TX: 2 TXA: 0 RX: 0 AQ: 0]: Resending DATA #1...
Google.Solutions.Compute Verbose: 0 : SshRelayStream [TX: 2 TXA: 0 RX: 0 AQ: 0]: Resending DATA #1...
Google.Solutions.Compute Verbose: 0 : SshRelayStream [TX: 2 TXA: 0 RX: 0 AQ: 0]: Resending DATA #1...
Google.Solutions.Compute Verbose: 0 : SshRelayStream [TX: 2 TXA: 0 RX: 0 AQ: 0]: Resending DATA #1...
Google.Solutions.Compute Verbose: 0 : SshRelayStream [TX: 2 TXA: 0 RX: 0 AQ: 0]: Resending DATA #1...
Google.Solutions.Compute Verbose: 0 : SshRelayStream [TX: 2 TXA: 0 RX: 0 AQ: 0]: Sending DATA #2...
Google.Solutions.Compute Verbose: 0 : SshRelayStream [TX: 2 TXA: 0 RX: 0 AQ: 0]: Sending DATA #2...
Google.Solutions.Compute Verbose: 0 : SshRelayStream [TX: 2 TXA: 0 RX: 0 AQ: 0]: Sending DATA #2...
Google.Solutions.Compute Verbose: 0 : SshRelayStream [TX: 2 TXA: 0 RX: 0 AQ: 0]: Sending DATA #2...
Google.Solutions.Compute Verbose: 0 : SshRelayStream [TX: 2 TXA: 0 RX: 0 AQ: 0]: Sending DATA #2...
Google.Solutions.Compute Verbose: 0 : SshRelayStream [TX: 2 TXA: 0 RX: 0 AQ: 0]: Sending DATA #2...
Google.Solutions.Compute Verbose: 0 : SshRelayStream [TX: 2 TXA: 0 RX: 0 AQ: 0]: Sending DATA #2...
Google.Solutions.Compute Verbose: 0 : SshRelayStream [TX: 2 TXA: 0 RX: 0 AQ: 0]: Sending DATA #2...
Google.Solutions.Compute Verbose: 0 : SshRelayStream [TX: 2 TXA: 0 RX: 0 AQ: 0]: Sending DATA #2...
Google.Solutions.Compute Verbose: 0 : SshRelayStream [TX: 2 TXA: 0 RX: 0 AQ: 0]: Sending DATA #2...
Google.Solutions.Compute Verbose: 0 : SshRelayStream [TX: 2 TXA: 0 RX: 0 AQ: 0]: Sending DATA #2...
Google.Solutions.Compute Verbose: 0 : SshRelayStream [TX: 2 TXA: 0 RX: 0 AQ: 0]: Sending DATA #2...
Google.Solutions.Compute Verbose: 0 : SshRelayStream [TX: 2 TXA: 0 RX: 0 AQ: 0]: Sending DATA #2...
Google.Solutions.Compute Verbose: 0 : SshRelayStream [TX: 2 TXA: 0 RX: 0 AQ: 0]: Sending DATA #2...
Google.Solutions.Compute Verbose: 0 : SshRelayStream [TX: 2 TXA: 0 RX: 0 AQ: 0]: Sending DATA #2...
Google.Solutions.Compute Verbose: 0 : SshRelayStream [TX: 2 TXA: 0 RX: 0 AQ: 0]: Sending DATA #2...
Google.Solutions.Compute Verbose: 0 : SshRelayStream [TX: 2 TXA: 0 RX: 0 AQ: 0]: Sending DATA #2...
Google.Solutions.Compute Verbose: 0 : SshRelayStream [TX: 2 TXA: 0 RX: 0 AQ: 0]: Sending DATA #2...
Google.Solutions.Compute Verbose: 0 : SshRelayStream [TX: 2 TXA: 0 RX: 0 AQ: 0]: Sending DATA #2...
Google.Solutions.Compute Verbose: 0 : SshRelayStream [TX: 2 TXA: 0 RX: 0 AQ: 0]: Sending DATA #2...
Google.Solutions.Compute Verbose: 0 : SshRelayStream [TX: 2 TXA: 0 RX: 0 AQ: 0]: Sending DATA #2...
Google.Solutions.Compute Verbose: 0 : SshRelayStream [TX: 2 TXA: 0 RX: 0 AQ: 0]: Sending DATA #2...
Google.Solutions.Compute Verbose: 0 : SshRelayStream [TX: 2 TXA: 0 RX: 0 AQ: 0]: Sending DATA #2...
Google.Solutions.Compute Verbose: 0 : SshRelayStream [TX: 2 TXA: 0 RX: 0 AQ: 0]: Sending DATA #2...
Google.Solutions.Compute Verbose: 0 : SshRelayStream [TX: 2 TXA: 0 RX: 0 AQ: 0]: Sending DATA #2...
Google.Solutions.Compute Verbose: 0 : SshRelayStream [TX: 2 TXA: 0 RX: 0 AQ: 0]: Sending DATA #2...
Google.Solutions.Compute Verbose: 0 : SshRelayStream [TX: 2 TXA: 0 RX: 0 AQ: 0]: Sending DATA #2...
Google.Solutions.Compute Verbose: 0 : SshRelayStream [TX: 2 TXA: 0 RX: 0 AQ: 0]: Sending DATA #2...
Google.Solutions.Compute Verbose: 0 : SshRelayStream [TX: 2 TXA: 0 RX: 0 AQ: 0]: Sending DATA #2...
Google.Solutions.Compute Verbose: 0 : SshRelayStream [TX: 2 TXA: 0 RX: 0 AQ: 0]: Sending DATA #2...
Google.Solutions.Compute Verbose: 0 : SshRelayStream [TX: 2 TXA: 0 RX: 0 AQ: 0]: Sending DATA #2...
Google.Solutions.Compute Verbose: 0 : SshRelayStream [TX: 2 TXA: 0 RX: 0 AQ: 0]: Sending DATA #2...
Google.Solutions.Compute Verbose: 0 : SshRelayStream [TX: 2 TXA: 0 RX: 0 AQ: 0]: Sending DATA #2...
Google.Solutions.Compute Verbose: 0 : SshRelayStream [TX: 2 TXA: 0 RX: 0 AQ: 0]: Sending DATA #2...
Google.Solutions.Compute Verbose: 0 : SshRelayStream [TX: 2 TXA: 0 RX: 0 AQ: 0]: Sending DATA #2...
Google.Solutions.Compute Verbose: 0 : SshRelayStream [TX: 2 TXA: 0 RX: 0 AQ: 0]: Sending DATA #2...
Google.Solutions.Compute Verbose: 0 : SshRelayStream [TX: 2 TXA: 0 RX: 0 AQ: 0]: Sending DATA #2...
Google.Solutions.Compute Verbose: 0 : SshRelayStream [TX: 2 TXA: 0 RX: 0 AQ: 0]: Sending DATA #2...
Google.Solutions.Compute Verbose: 0 : SshRelayStream [TX: 2 TXA: 0 RX: 0 AQ: 0]: Sending DATA #2...
Google.Solutions.Compute Verbose: 0 : SshRelayStream [TX: 2 TXA: 0 RX: 0 AQ: 0]: Sending DATA #2...
Google.Solutions.Compute Verbose: 0 : SshRelayStream [TX: 2 TXA: 0 RX: 0 AQ: 0]: Sending DATA #2...
Google.Solutions.Compute Verbose: 0 : SshRelayStream [TX: 2 TXA: 0 RX: 0 AQ: 0]: Sending DATA #2...
Google.Solutions.Compute Verbose: 0 : SshRelayStream [TX: 2 TXA: 0 RX: 0 AQ: 0]: Sending DATA #2...
Google.Solutions.Compute Verbose: 0 : SshRelayStream [TX: 2 TXA: 0 RX: 0 AQ: 0]: Sending DATA #2...
Google.Solutions.Compute Verbose: 0 : SshRelayStream [TX: 2 TXA: 0 RX: 0 AQ: 0]: Sending DATA #2...
Google.Solutions.Compute Verbose: 0 : SshRelayStream [TX: 2 TXA: 0 RX: 0 AQ: 0]: Sending DATA #2...
Google.Solutions.Compute Verbose: 0 : SshRelayStream [TX: 2 TXA: 0 RX: 0 AQ: 0]: Sending DATA #2...
Google.Solutions.Compute Verbose: 0 : SshRelayStream [TX: 2 TXA: 0 RX: 0 AQ: 0]: Sending DATA #2...
Google.Solutions.Compute Verbose: 0 : SshRelayStream [TX: 2 TXA: 0 RX: 0 AQ: 0]: Sending DATA #2...
Google.Solutions.Compute Verbose: 0 : SshRelayStream [TX: 2 TXA: 0 RX: 0 AQ: 0]: Sending DATA #2...
Google.Solutions.Compute Verbose: 0 : SshRelayStream [TX: 2 TXA: 0 RX: 0 AQ: 0]: Sending DATA #2...
</system-out></testcase><testcase name="WriteAfterForcefulServerCloseCausesAnotherConnectAndDataBeingResentIfNoDataReadBefore(4000)" assertions="9" time="0.001602" status="Passed" classname="Google.Solutions.Compute.Test.Iap.TestSshRelayStreamWriting"><system-out>Google.Solutions.Compute Verbose: 0 : SshRelayStream [TX: 0 TXA: 0 RX: 0 AQ: 0]: Connecting...
Google.Solutions.Compute Verbose: 0 : SshRelayStream [TX: 0 TXA: 0 RX: 0 AQ: 0]: Connecting...
Google.Solutions.Compute Verbose: 0 : SshRelayStream [TX: 0 TXA: 0 RX: 0 AQ: 0]: Connecting...
Google.Solutions.Compute Verbose: 0 : SshRelayStream [TX: 0 TXA: 0 RX: 0 AQ: 0]: Connecting...
Google.Solutions.Compute Verbose: 0 : SshRelayStream [TX: 0 TXA: 0 RX: 0 AQ: 0]: Connecting...
Google.Solutions.Compute Verbose: 0 : SshRelayStream [TX: 0 TXA: 0 RX: 0 AQ: 0]: Connecting...
Google.Solutions.Compute Verbose: 0 : SshRelayStream [TX: 0 TXA: 0 RX: 0 AQ: 0]: Connecting...
Google.Solutions.Compute Verbose: 0 : SshRelayStream [TX: 0 TXA: 0 RX: 0 AQ: 0]: Connecting...
Google.Solutions.Compute Verbose: 0 : SshRelayStream [TX: 0 TXA: 0 RX: 0 AQ: 0]: Connecting...
Google.Solutions.Compute Verbose: 0 : SshRelayStream [TX: 0 TXA: 0 RX: 0 AQ: 0]: Connecting...
Google.Solutions.Compute Verbose: 0 : SshRelayStream [TX: 0 TXA: 0 RX: 0 AQ: 0]: Connecting...
Google.Solutions.Compute Verbose: 0 : SshRelayStream [TX: 0 TXA: 0 RX: 0 AQ: 0]: Connecting...
Google.Solutions.Compute Verbose: 0 : SshRelayStream [TX: 0 TXA: 0 RX: 0 AQ: 0]: Connecting...
Google.Solutions.Compute Verbose: 0 : SshRelayStream [TX: 0 TXA: 0 RX: 0 AQ: 0]: Connecting...
Google.Solutions.Compute Verbose: 0 : SshRelayStream [TX: 0 TXA: 0 RX: 0 AQ: 0]: Connecting...
Google.Solutions.Compute Verbose: 0 : SshRelayStream [TX: 0 TXA: 0 RX: 0 AQ: 0]: Connecting...
Google.Solutions.Compute Verbose: 0 : SshRelayStream [TX: 0 TXA: 0 RX: 0 AQ: 0]: Connecting...
Google.Solutions.Compute Verbose: 0 : SshRelayStream [TX: 0 TXA: 0 RX: 0 AQ: 0]: Connecting...
Google.Solutions.Compute Verbose: 0 : SshRelayStream [TX: 0 TXA: 0 RX: 0 AQ: 0]: Connecting...
Google.Solutions.Compute Verbose: 0 : SshRelayStream [TX: 0 TXA: 0 RX: 0 AQ: 0]: Connecting...
Google.Solutions.Compute Verbose: 0 : SshRelayStream [TX: 0 TXA: 0 RX: 0 AQ: 0]: Connecting...
Google.Solutions.Compute Verbose: 0 : SshRelayStream [TX: 0 TXA: 0 RX: 0 AQ: 0]: Connecting...
Google.Solutions.Compute Verbose: 0 : SshRelayStream [TX: 0 TXA: 0 RX: 0 AQ: 0]: Connecting...
Google.Solutions.Compute Verbose: 0 : SshRelayStream [TX: 0 TXA: 0 RX: 0 AQ: 0]: Connecting...
Google.Solutions.Compute Verbose: 0 : SshRelayStream [TX: 0 TXA: 0 RX: 0 AQ: 0]: Connecting...
Google.Solutions.Compute Verbose: 0 : SshRelayStream [TX: 0 TXA: 0 RX: 0 AQ: 0]: Connecting...
Google.Solutions.Compute Verbose: 0 : SshRelayStream [TX: 0 TXA: 0 RX: 0 AQ: 0]: Connecting...
Google.Solutions.Compute Verbose: 0 : SshRelayStream [TX: 0 TXA: 0 RX: 0 AQ: 0]: Connecting...
Google.Solutions.Compute Verbose: 0 : SshRelayStream [TX: 0 TXA: 0 RX: 0 AQ: 0]: Connecting...
Google.Solutions.Compute Verbose: 0 : SshRelayStream [TX: 0 TXA: 0 RX: 0 AQ: 0]: Connecting...
Google.Solutions.Compute Verbose: 0 : SshRelayStream [TX: 0 TXA: 0 RX: 0 AQ: 0]: Connecting...
Google.Solutions.Compute Verbose: 0 : SshRelayStream [TX: 0 TXA: 0 RX: 0 AQ: 0]: Connecting...
Google.Solutions.Compute Verbose: 0 : SshRelayStream [TX: 0 TXA: 0 RX: 0 AQ: 0]: Connecting...
Google.Solutions.Compute Verbose: 0 : SshRelayStream [TX: 0 TXA: 0 RX: 0 AQ: 0]: Connecting...
Google.Solutions.Compute Verbose: 0 : SshRelayStream [TX: 0 TXA: 0 RX: 0 AQ: 0]: Connecting...
Google.Solutions.Compute Verbose: 0 : SshRelayStream [TX: 0 TXA: 0 RX: 0 AQ: 0]: Connecting...
Google.Solutions.Compute Verbose: 0 : SshRelayStream [TX: 0 TXA: 0 RX: 0 AQ: 0]: Connecting...
Google.Solutions.Compute Verbose: 0 : SshRelayStream [TX: 0 TXA: 0 RX: 0 AQ: 0]: Connecting...
Google.Solutions.Compute Verbose: 0 : SshRelayStream [TX: 0 TXA: 0 RX: 0 AQ: 0]: Connecting...
Google.Solutions.Compute Verbose: 0 : SshRelayStream [TX: 0 TXA: 0 RX: 0 AQ: 0]: Connecting...
Google.Solutions.Compute Verbose: 0 : SshRelayStream [TX: 0 TXA: 0 RX: 0 AQ: 0]: Connecting...
Google.Solutions.Compute Verbose: 0 : SshRelayStream [TX: 0 TXA: 0 RX: 0 AQ: 0]: Connecting...
Google.Solutions.Compute Verbose: 0 : SshRelayStream [TX: 0 TXA: 0 RX: 0 AQ: 0]: Connecting...
Google.Solutions.Compute Verbose: 0 : SshRelayStream [TX: 0 TXA: 0 RX: 0 AQ: 0]: Connecting...
Google.Solutions.Compute Verbose: 0 : SshRelayStream [TX: 0 TXA: 0 RX: 0 AQ: 0]: Connecting...
Google.Solutions.Compute Verbose: 0 : SshRelayStream [TX: 0 TXA: 0 RX: 0 AQ: 0]: Connecting...
Google.Solutions.Compute Verbose: 0 : SshRelayStream [TX: 0 TXA: 0 RX: 0 AQ: 0]: Connecting...
Google.Solutions.Compute Verbose: 0 : SshRelayStream [TX: 0 TXA: 0 RX: 0 AQ: 0]: Connecting...
Google.Solutions.Compute Verbose: 0 : SshRelayStream [TX: 0 TXA: 0 RX: 0 AQ: 0]: Connecting...
Google.Solutions.Compute Verbose: 0 : SshRelayStream [TX: 0 TXA: 0 RX: 0 AQ: 0]: Connecting...
Google.Solutions.Compute Verbose: 0 : SshRelayStream [TX: 0 TXA: 0 RX: 0 AQ: 0]: Connecting...
Google.Solutions.Compute Verbose: 0 : SshRelayStream [TX: 0 TXA: 0 RX: 0 AQ: 0]: Connecting...
Google.Solutions.Compute Verbose: 0 : SshRelayStream [TX: 0 TXA: 0 RX: 0 AQ: 0]: Sending DATA #0...
Google.Solutions.Compute Verbose: 0 : SshRelayStream [TX: 0 TXA: 0 RX: 0 AQ: 0]: Sending DATA #0...
Google.Solutions.Compute Verbose: 0 : SshRelayStream [TX: 0 TXA: 0 RX: 0 AQ: 0]: Sending DATA #0...
Google.Solutions.Compute Verbose: 0 : SshRelayStream [TX: 0 TXA: 0 RX: 0 AQ: 0]: Sending DATA #0...
Google.Solutions.Compute Verbose: 0 : SshRelayStream [TX: 0 TXA: 0 RX: 0 AQ: 0]: Sending DATA #0...
Google.Solutions.Compute Verbose: 0 : SshRelayStream [TX: 0 TXA: 0 RX: 0 AQ: 0]: Sending DATA #0...
Google.Solutions.Compute Verbose: 0 : SshRelayStream [TX: 0 TXA: 0 RX: 0 AQ: 0]: Sending DATA #0...
Google.Solutions.Compute Verbose: 0 : SshRelayStream [TX: 0 TXA: 0 RX: 0 AQ: 0]: Sending DATA #0...
Google.Solutions.Compute Verbose: 0 : SshRelayStream [TX: 0 TXA: 0 RX: 0 AQ: 0]: Sending DATA #0...
Google.Solutions.Compute Verbose: 0 : SshRelayStream [TX: 0 TXA: 0 RX: 0 AQ: 0]: Sending DATA #0...
Google.Solutions.Compute Verbose: 0 : SshRelayStream [TX: 0 TXA: 0 RX: 0 AQ: 0]: Sending DATA #0...
Google.Solutions.Compute Verbose: 0 : SshRelayStream [TX: 0 TXA: 0 RX: 0 AQ: 0]: Sending DATA #0...
Google.Solutions.Compute Verbose: 0 : SshRelayStream [TX: 0 TXA: 0 RX: 0 AQ: 0]: Sending DATA #0...
Google.Solutions.Compute Verbose: 0 : SshRelayStream [TX: 0 TXA: 0 RX: 0 AQ: 0]: Sending DATA #0...
Google.Solutions.Compute Verbose: 0 : SshRelayStream [TX: 0 TXA: 0 RX: 0 AQ: 0]: Sending DATA #0...
Google.Solutions.Compute Verbose: 0 : SshRelayStream [TX: 0 TXA: 0 RX: 0 AQ: 0]: Sending DATA #0...
Google.Solutions.Compute Verbose: 0 : SshRelayStream [TX: 0 TXA: 0 RX: 0 AQ: 0]: Sending DATA #0...
Google.Solutions.Compute Verbose: 0 : SshRelayStream [TX: 0 TXA: 0 RX: 0 AQ: 0]: Sending DATA #0...
Google.Solutions.Compute Verbose: 0 : SshRelayStream [TX: 0 TXA: 0 RX: 0 AQ: 0]: Sending DATA #0...
Google.Solutions.Compute Verbose: 0 : SshRelayStream [TX: 0 TXA: 0 RX: 0 AQ: 0]: Sending DATA #0...
Google.Solutions.Compute Verbose: 0 : SshRelayStream [TX: 0 TXA: 0 RX: 0 AQ: 0]: Sending DATA #0...
Google.Solutions.Compute Verbose: 0 : SshRelayStream [TX: 0 TXA: 0 RX: 0 AQ: 0]: Sending DATA #0...
Google.Solutions.Compute Verbose: 0 : SshRelayStream [TX: 0 TXA: 0 RX: 0 AQ: 0]: Sending DATA #0...
Google.Solutions.Compute Verbose: 0 : SshRelayStream [TX: 0 TXA: 0 RX: 0 AQ: 0]: Sending DATA #0...
Google.Solutions.Compute Verbose: 0 : SshRelayStream [TX: 0 TXA: 0 RX: 0 AQ: 0]: Sending DATA #0...
Google.Solutions.Compute Verbose: 0 : SshRelayStream [TX: 0 TXA: 0 RX: 0 AQ: 0]: Sending DATA #0...
Google.Solutions.Compute Verbose: 0 : SshRelayStream [TX: 0 TXA: 0 RX: 0 AQ: 0]: Sending DATA #0...
Google.Solutions.Compute Verbose: 0 : SshRelayStream [TX: 0 TXA: 0 RX: 0 AQ: 0]: Sending DATA #0...
Google.Solutions.Compute Verbose: 0 : SshRelayStream [TX: 0 TXA: 0 RX: 0 AQ: 0]: Sending DATA #0...
Google.Solutions.Compute Verbose: 0 : SshRelayStream [TX: 0 TXA: 0 RX: 0 AQ: 0]: Sending DATA #0...
Google.Solutions.Compute Verbose: 0 : SshRelayStream [TX: 0 TXA: 0 RX: 0 AQ: 0]: Sending DATA #0...
Google.Solutions.Compute Verbose: 0 : SshRelayStream [TX: 0 TXA: 0 RX: 0 AQ: 0]: Sending DATA #0...
Google.Solutions.Compute Verbose: 0 : SshRelayStream [TX: 0 TXA: 0 RX: 0 AQ: 0]: Sending DATA #0...
Google.Solutions.Compute Verbose: 0 : SshRelayStream [TX: 0 TXA: 0 RX: 0 AQ: 0]: Sending DATA #0...
Google.Solutions.Compute Verbose: 0 : SshRelayStream [TX: 0 TXA: 0 RX: 0 AQ: 0]: Sending DATA #0...
Google.Solutions.Compute Verbose: 0 : SshRelayStream [TX: 0 TXA: 0 RX: 0 AQ: 0]: Sending DATA #0...
Google.Solutions.Compute Verbose: 0 : SshRelayStream [TX: 0 TXA: 0 RX: 0 AQ: 0]: Sending DATA #0...
Google.Solutions.Compute Verbose: 0 : SshRelayStream [TX: 0 TXA: 0 RX: 0 AQ: 0]: Sending DATA #0...
Google.Solutions.Compute Verbose: 0 : SshRelayStream [TX: 0 TXA: 0 RX: 0 AQ: 0]: Sending DATA #0...
Google.Solutions.Compute Verbose: 0 : SshRelayStream [TX: 0 TXA: 0 RX: 0 AQ: 0]: Sending DATA #0...
Google.Solutions.Compute Verbose: 0 : SshRelayStream [TX: 0 TXA: 0 RX: 0 AQ: 0]: Sending DATA #0...
Google.Solutions.Compute Verbose: 0 : SshRelayStream [TX: 0 TXA: 0 RX: 0 AQ: 0]: Sending DATA #0...
Google.Solutions.Compute Verbose: 0 : SshRelayStream [TX: 0 TXA: 0 RX: 0 AQ: 0]: Sending DATA #0...
Google.Solutions.Compute Verbose: 0 : SshRelayStream [TX: 0 TXA: 0 RX: 0 AQ: 0]: Sending DATA #0...
Google.Solutions.Compute Verbose: 0 : SshRelayStream [TX: 0 TXA: 0 RX: 0 AQ: 0]: Sending DATA #0...
Google.Solutions.Compute Verbose: 0 : SshRelayStream [TX: 0 TXA: 0 RX: 0 AQ: 0]: Sending DATA #0...
Google.Solutions.Compute Verbose: 0 : SshRelayStream [TX: 0 TXA: 0 RX: 0 AQ: 0]: Sending DATA #0...
Google.Solutions.Compute Verbose: 0 : SshRelayStream [TX: 0 TXA: 0 RX: 0 AQ: 0]: Sending DATA #0...
Google.Solutions.Compute Verbose: 0 : SshRelayStream [TX: 0 TXA: 0 RX: 0 AQ: 0]: Sending DATA #0...
Google.Solutions.Compute Verbose: 0 : SshRelayStream [TX: 0 TXA: 0 RX: 0 AQ: 0]: Sending DATA #0...
Google.Solutions.Compute Verbose: 0 : SshRelayStream [TX: 0 TXA: 0 RX: 0 AQ: 0]: Sending DATA #0...
Google.Solutions.Compute Verbose: 0 : SshRelayStream [TX: 0 TXA: 0 RX: 0 AQ: 0]: Sending DATA #0...
Google.Solutions.Compute Verbose: 0 : SshRelayStream [TX: 1 TXA: 0 RX: 0 AQ: 1]: Sending DATA #1...
Google.Solutions.Compute Verbose: 0 : SshRelayStream [TX: 1 TXA: 0 RX: 0 AQ: 1]: Sending DATA #1...
Google.Solutions.Compute Verbose: 0 : SshRelayStream [TX: 1 TXA: 0 RX: 0 AQ: 1]: Sending DATA #1...
Google.Solutions.Compute Verbose: 0 : SshRelayStream [TX: 1 TXA: 0 RX: 0 AQ: 1]: Sending DATA #1...
Google.Solutions.Compute Verbose: 0 : SshRelayStream [TX: 1 TXA: 0 RX: 0 AQ: 1]: Sending DATA #1...
Google.Solutions.Compute Verbose: 0 : SshRelayStream [TX: 1 TXA: 0 RX: 0 AQ: 1]: Sending DATA #1...
Google.Solutions.Compute Verbose: 0 : SshRelayStream [TX: 1 TXA: 0 RX: 0 AQ: 1]: Sending DATA #1...
Google.Solutions.Compute Verbose: 0 : SshRelayStream [TX: 1 TXA: 0 RX: 0 AQ: 1]: Sending DATA #1...
Google.Solutions.Compute Verbose: 0 : SshRelayStream [TX: 1 TXA: 0 RX: 0 AQ: 1]: Sending DATA #1...
Google.Solutions.Compute Verbose: 0 : SshRelayStream [TX: 1 TXA: 0 RX: 0 AQ: 1]: Sending DATA #1...
Google.Solutions.Compute Verbose: 0 : SshRelayStream [TX: 1 TXA: 0 RX: 0 AQ: 1]: Sending DATA #1...
Google.Solutions.Compute Verbose: 0 : SshRelayStream [TX: 1 TXA: 0 RX: 0 AQ: 1]: Sending DATA #1...
Google.Solutions.Compute Verbose: 0 : SshRelayStream [TX: 1 TXA: 0 RX: 0 AQ: 1]: Sending DATA #1...
Google.Solutions.Compute Verbose: 0 : SshRelayStream [TX: 1 TXA: 0 RX: 0 AQ: 1]: Sending DATA #1...
Google.Solutions.Compute Verbose: 0 : SshRelayStream [TX: 1 TXA: 0 RX: 0 AQ: 1]: Sending DATA #1...
Google.Solutions.Compute Verbose: 0 : SshRelayStream [TX: 1 TXA: 0 RX: 0 AQ: 1]: Sending DATA #1...
Google.Solutions.Compute Verbose: 0 : SshRelayStream [TX: 1 TXA: 0 RX: 0 AQ: 1]: Sending DATA #1...
Google.Solutions.Compute Verbose: 0 : SshRelayStream [TX: 1 TXA: 0 RX: 0 AQ: 1]: Sending DATA #1...
Google.Solutions.Compute Verbose: 0 : SshRelayStream [TX: 1 TXA: 0 RX: 0 AQ: 1]: Sending DATA #1...
Google.Solutions.Compute Verbose: 0 : SshRelayStream [TX: 1 TXA: 0 RX: 0 AQ: 1]: Sending DATA #1...
Google.Solutions.Compute Verbose: 0 : SshRelayStream [TX: 1 TXA: 0 RX: 0 AQ: 1]: Sending DATA #1...
Google.Solutions.Compute Verbose: 0 : SshRelayStream [TX: 1 TXA: 0 RX: 0 AQ: 1]: Sending DATA #1...
Google.Solutions.Compute Verbose: 0 : SshRelayStream [TX: 1 TXA: 0 RX: 0 AQ: 1]: Sending DATA #1...
Google.Solutions.Compute Verbose: 0 : SshRelayStream [TX: 1 TXA: 0 RX: 0 AQ: 1]: Sending DATA #1...
Google.Solutions.Compute Verbose: 0 : SshRelayStream [TX: 1 TXA: 0 RX: 0 AQ: 1]: Sending DATA #1...
Google.Solutions.Compute Verbose: 0 : SshRelayStream [TX: 1 TXA: 0 RX: 0 AQ: 1]: Sending DATA #1...
Google.Solutions.Compute Verbose: 0 : SshRelayStream [TX: 1 TXA: 0 RX: 0 AQ: 1]: Sending DATA #1...
Google.Solutions.Compute Verbose: 0 : SshRelayStream [TX: 1 TXA: 0 RX: 0 AQ: 1]: Sending DATA #1...
Google.Solutions.Compute Verbose: 0 : SshRelayStream [TX: 1 TXA: 0 RX: 0 AQ: 1]: Sending DATA #1...
Google.Solutions.Compute Verbose: 0 : SshRelayStream [TX: 1 TXA: 0 RX: 0 AQ: 1]: Sending DATA #1...
Google.Solutions.Compute Verbose: 0 : SshRelayStream [TX: 1 TXA: 0 RX: 0 AQ: 1]: Sending DATA #1...
Google.Solutions.Compute Verbose: 0 : SshRelayStream [TX: 1 TXA: 0 RX: 0 AQ: 1]: Sending DATA #1...
Google.Solutions.Compute Verbose: 0 : SshRelayStream [TX: 1 TXA: 0 RX: 0 AQ: 1]: Sending DATA #1...
Google.Solutions.Compute Verbose: 0 : SshRelayStream [TX: 1 TXA: 0 RX: 0 AQ: 1]: Sending DATA #1...
Google.Solutions.Compute Verbose: 0 : SshRelayStream [TX: 1 TXA: 0 RX: 0 AQ: 1]: Sending DATA #1...
Google.Solutions.Compute Verbose: 0 : SshRelayStream [TX: 1 TXA: 0 RX: 0 AQ: 1]: Sending DATA #1...
Google.Solutions.Compute Verbose: 0 : SshRelayStream [TX: 1 TXA: 0 RX: 0 AQ: 1]: Sending DATA #1...
Google.Solutions.Compute Verbose: 0 : SshRelayStream [TX: 1 TXA: 0 RX: 0 AQ: 1]: Sending DATA #1...
Google.Solutions.Compute Verbose: 0 : SshRelayStream [TX: 1 TXA: 0 RX: 0 AQ: 1]: Sending DATA #1...
Google.Solutions.Compute Verbose: 0 : SshRelayStream [TX: 1 TXA: 0 RX: 0 AQ: 1]: Sending DATA #1...
Google.Solutions.Compute Verbose: 0 : SshRelayStream [TX: 1 TXA: 0 RX: 0 AQ: 1]: Sending DATA #1...
Google.Solutions.Compute Verbose: 0 : SshRelayStream [TX: 1 TXA: 0 RX: 0 AQ: 1]: Sending DATA #1...
Google.Solutions.Compute Verbose: 0 : SshRelayStream [TX: 1 TXA: 0 RX: 0 AQ: 1]: Sending DATA #1...
Google.Solutions.Compute Verbose: 0 : SshRelayStream [TX: 1 TXA: 0 RX: 0 AQ: 1]: Sending DATA #1...
Google.Solutions.Compute Verbose: 0 : SshRelayStream [TX: 1 TXA: 0 RX: 0 AQ: 1]: Sending DATA #1...
Google.Solutions.Compute Verbose: 0 : SshRelayStream [TX: 1 TXA: 0 RX: 0 AQ: 1]: Sending DATA #1...
Google.Solutions.Compute Verbose: 0 : SshRelayStream [TX: 1 TXA: 0 RX: 0 AQ: 1]: Sending DATA #1...
Google.Solutions.Compute Verbose: 0 : SshRelayStream [TX: 1 TXA: 0 RX: 0 AQ: 1]: Sending DATA #1...
Google.Solutions.Compute Verbose: 0 : SshRelayStream [TX: 1 TXA: 0 RX: 0 AQ: 1]: Sending DATA #1...
Google.Solutions.Compute Verbose: 0 : SshRelayStream [TX: 1 TXA: 0 RX: 0 AQ: 1]: Sending DATA #1...
Google.Solutions.Compute Verbose: 0 : SshRelayStream [TX: 1 TXA: 0 RX: 0 AQ: 1]: Sending DATA #1...
Google.Solutions.Compute Verbose: 0 : SshRelayStream [TX: 1 TXA: 0 RX: 0 AQ: 1]: Sending DATA #1...
Google.Solutions.Compute Verbose: 0 : SshRelayStream [TX: 2 TXA: 0 RX: 0 AQ: 2]: Sending DATA #2...
Google.Solutions.Compute Verbose: 0 : SshRelayStream [TX: 2 TXA: 0 RX: 0 AQ: 2]: Sending DATA #2...
Google.Solutions.Compute Verbose: 0 : SshRelayStream [TX: 2 TXA: 0 RX: 0 AQ: 2]: Sending DATA #2...
Google.Solutions.Compute Verbose: 0 : SshRelayStream [TX: 2 TXA: 0 RX: 0 AQ: 2]: Sending DATA #2...
Google.Solutions.Compute Verbose: 0 : SshRelayStream [TX: 2 TXA: 0 RX: 0 AQ: 2]: Sending DATA #2...
Google.Solutions.Compute Verbose: 0 : SshRelayStream [TX: 2 TXA: 0 RX: 0 AQ: 2]: Sending DATA #2...
Google.Solutions.Compute Verbose: 0 : SshRelayStream [TX: 2 TXA: 0 RX: 0 AQ: 2]: Sending DATA #2...
Google.Solutions.Compute Verbose: 0 : SshRelayStream [TX: 2 TXA: 0 RX: 0 AQ: 2]: Sending DATA #2...
Google.Solutions.Compute Verbose: 0 : SshRelayStream [TX: 2 TXA: 0 RX: 0 AQ: 2]: Sending DATA #2...
Google.Solutions.Compute Verbose: 0 : SshRelayStream [TX: 2 TXA: 0 RX: 0 AQ: 2]: Sending DATA #2...
Google.Solutions.Compute Verbose: 0 : SshRelayStream [TX: 2 TXA: 0 RX: 0 AQ: 2]: Sending DATA #2...
Google.Solutions.Compute Verbose: 0 : SshRelayStream [TX: 2 TXA: 0 RX: 0 AQ: 2]: Sending DATA #2...
Google.Solutions.Compute Verbose: 0 : SshRelayStream [TX: 2 TXA: 0 RX: 0 AQ: 2]: Sending DATA #2...
Google.Solutions.Compute Verbose: 0 : SshRelayStream [TX: 2 TXA: 0 RX: 0 AQ: 2]: Sending DATA #2...
Google.Solutions.Compute Verbose: 0 : SshRelayStream [TX: 2 TXA: 0 RX: 0 AQ: 2]: Sending DATA #2...
Google.Solutions.Compute Verbose: 0 : SshRelayStream [TX: 2 TXA: 0 RX: 0 AQ: 2]: Sending DATA #2...
Google.Solutions.Compute Verbose: 0 : SshRelayStream [TX: 2 TXA: 0 RX: 0 AQ: 2]: Sending DATA #2...
Google.Solutions.Compute Verbose: 0 : SshRelayStream [TX: 2 TXA: 0 RX: 0 AQ: 2]: Sending DATA #2...
Google.Solutions.Compute Verbose: 0 : SshRelayStream [TX: 2 TXA: 0 RX: 0 AQ: 2]: Sending DATA #2...
Google.Solutions.Compute Verbose: 0 : SshRelayStream [TX: 2 TXA: 0 RX: 0 AQ: 2]: Sending DATA #2...
Google.Solutions.Compute Verbose: 0 : SshRelayStream [TX: 2 TXA: 0 RX: 0 AQ: 2]: Sending DATA #2...
Google.Solutions.Compute Verbose: 0 : SshRelayStream [TX: 2 TXA: 0 RX: 0 AQ: 2]: Sending DATA #2...
Google.Solutions.Compute Verbose: 0 : SshRelayStream [TX: 2 TXA: 0 RX: 0 AQ: 2]: Sending DATA #2...
Google.Solutions.Compute Verbose: 0 : SshRelayStream [TX: 2 TXA: 0 RX: 0 AQ: 2]: Sending DATA #2...
Google.Solutions.Compute Verbose: 0 : SshRelayStream [TX: 2 TXA: 0 RX: 0 AQ: 2]: Sending DATA #2...
Google.Solutions.Compute Verbose: 0 : SshRelayStream [TX: 2 TXA: 0 RX: 0 AQ: 2]: Sending DATA #2...
Google.Solutions.Compute Verbose: 0 : SshRelayStream [TX: 2 TXA: 0 RX: 0 AQ: 2]: Sending DATA #2...
Google.Solutions.Compute Verbose: 0 : SshRelayStream [TX: 2 TXA: 0 RX: 0 AQ: 2]: Sending DATA #2...
Google.Solutions.Compute Verbose: 0 : SshRelayStream [TX: 2 TXA: 0 RX: 0 AQ: 2]: Sending DATA #2...
Google.Solutions.Compute Verbose: 0 : SshRelayStream [TX: 2 TXA: 0 RX: 0 AQ: 2]: Sending DATA #2...
Google.Solutions.Compute Verbose: 0 : SshRelayStream [TX: 2 TXA: 0 RX: 0 AQ: 2]: Sending DATA #2...
Google.Solutions.Compute Verbose: 0 : SshRelayStream [TX: 2 TXA: 0 RX: 0 AQ: 2]: Sending DATA #2...
Google.Solutions.Compute Verbose: 0 : SshRelayStream [TX: 2 TXA: 0 RX: 0 AQ: 2]: Sending DATA #2...
Google.Solutions.Compute Verbose: 0 : SshRelayStream [TX: 2 TXA: 0 RX: 0 AQ: 2]: Sending DATA #2...
Google.Solutions.Compute Verbose: 0 : SshRelayStream [TX: 2 TXA: 0 RX: 0 AQ: 2]: Sending DATA #2...
Google.Solutions.Compute Verbose: 0 : SshRelayStream [TX: 2 TXA: 0 RX: 0 AQ: 2]: Sending DATA #2...
Google.Solutions.Compute Verbose: 0 : SshRelayStream [TX: 2 TXA: 0 RX: 0 AQ: 2]: Sending DATA #2...
Google.Solutions.Compute Verbose: 0 : SshRelayStream [TX: 2 TXA: 0 RX: 0 AQ: 2]: Sending DATA #2...
Google.Solutions.Compute Verbose: 0 : SshRelayStream [TX: 2 TXA: 0 RX: 0 AQ: 2]: Sending DATA #2...
Google.Solutions.Compute Verbose: 0 : SshRelayStream [TX: 2 TXA: 0 RX: 0 AQ: 2]: Sending DATA #2...
Google.Solutions.Compute Verbose: 0 : SshRelayStream [TX: 2 TXA: 0 RX: 0 AQ: 2]: Sending DATA #2...
Google.Solutions.Compute Verbose: 0 : SshRelayStream [TX: 2 TXA: 0 RX: 0 AQ: 2]: Sending DATA #2...
Google.Solutions.Compute Verbose: 0 : SshRelayStream [TX: 2 TXA: 0 RX: 0 AQ: 2]: Sending DATA #2...
Google.Solutions.Compute Verbose: 0 : SshRelayStream [TX: 2 TXA: 0 RX: 0 AQ: 2]: Sending DATA #2...
Google.Solutions.Compute Verbose: 0 : SshRelayStream [TX: 2 TXA: 0 RX: 0 AQ: 2]: Sending DATA #2...
Google.Solutions.Compute Verbose: 0 : SshRelayStream [TX: 2 TXA: 0 RX: 0 AQ: 2]: Sending DATA #2...
Google.Solutions.Compute Verbose: 0 : SshRelayStream [TX: 2 TXA: 0 RX: 0 AQ: 2]: Sending DATA #2...
Google.Solutions.Compute Verbose: 0 : SshRelayStream [TX: 2 TXA: 0 RX: 0 AQ: 2]: Sending DATA #2...
Google.Solutions.Compute Verbose: 0 : SshRelayStream [TX: 2 TXA: 0 RX: 0 AQ: 2]: Sending DATA #2...
Google.Solutions.Compute Verbose: 0 : SshRelayStream [TX: 2 TXA: 0 RX: 0 AQ: 2]: Sending DATA #2...
Google.Solutions.Compute Verbose: 0 : SshRelayStream [TX: 2 TXA: 0 RX: 0 AQ: 2]: Sending DATA #2...
Google.Solutions.Compute Verbose: 0 : SshRelayStream [TX: 2 TXA: 0 RX: 0 AQ: 2]: Sending DATA #2...
Google.Solutions.Compute Verbose: 0 : SshRelayStream [TX: 2 TXA: 0 RX: 0 AQ: 2]: Connection closed abnormally: ERROR_UNKNOWN
Google.Solutions.Compute Verbose: 0 : SshRelayStream [TX: 2 TXA: 0 RX: 0 AQ: 2]: Connection closed abnormally: ERROR_UNKNOWN
Google.Solutions.Compute Verbose: 0 : SshRelayStream [TX: 2 TXA: 0 RX: 0 AQ: 2]: Connection closed abnormally: ERROR_UNKNOWN
Google.Solutions.Compute Verbose: 0 : SshRelayStream [TX: 2 TXA: 0 RX: 0 AQ: 2]: Connection closed abnormally: ERROR_UNKNOWN
Google.Solutions.Compute Verbose: 0 : SshRelayStream [TX: 2 TXA: 0 RX: 0 AQ: 2]: Connection closed abnormally: ERROR_UNKNOWN
Google.Solutions.Compute Verbose: 0 : SshRelayStream [TX: 2 TXA: 0 RX: 0 AQ: 2]: Connection closed abnormally: ERROR_UNKNOWN
Google.Solutions.Compute Verbose: 0 : SshRelayStream [TX: 2 TXA: 0 RX: 0 AQ: 2]: Connection closed abnormally: ERROR_UNKNOWN
Google.Solutions.Compute Verbose: 0 : SshRelayStream [TX: 2 TXA: 0 RX: 0 AQ: 2]: Connection closed abnormally: ERROR_UNKNOWN
Google.Solutions.Compute Verbose: 0 : SshRelayStream [TX: 2 TXA: 0 RX: 0 AQ: 2]: Connection closed abnormally: ERROR_UNKNOWN
Google.Solutions.Compute Verbose: 0 : SshRelayStream [TX: 2 TXA: 0 RX: 0 AQ: 2]: Connection closed abnormally: ERROR_UNKNOWN
Google.Solutions.Compute Verbose: 0 : SshRelayStream [TX: 2 TXA: 0 RX: 0 AQ: 2]: Connection closed abnormally: ERROR_UNKNOWN
Google.Solutions.Compute Verbose: 0 : SshRelayStream [TX: 2 TXA: 0 RX: 0 AQ: 2]: Connection closed abnormally: ERROR_UNKNOWN
Google.Solutions.Compute Verbose: 0 : SshRelayStream [TX: 2 TXA: 0 RX: 0 AQ: 2]: Connection closed abnormally: ERROR_UNKNOWN
Google.Solutions.Compute Verbose: 0 : SshRelayStream [TX: 2 TXA: 0 RX: 0 AQ: 2]: Connection closed abnormally: ERROR_UNKNOWN
Google.Solutions.Compute Verbose: 0 : SshRelayStream [TX: 2 TXA: 0 RX: 0 AQ: 2]: Connection closed abnormally: ERROR_UNKNOWN
Google.Solutions.Compute Verbose: 0 : SshRelayStream [TX: 2 TXA: 0 RX: 0 AQ: 2]: Connection closed abnormally: ERROR_UNKNOWN
Google.Solutions.Compute Verbose: 0 : SshRelayStream [TX: 2 TXA: 0 RX: 0 AQ: 2]: Connection closed abnormally: ERROR_UNKNOWN
Google.Solutions.Compute Verbose: 0 : SshRelayStream [TX: 2 TXA: 0 RX: 0 AQ: 2]: Connection closed abnormally: ERROR_UNKNOWN
Google.Solutions.Compute Verbose: 0 : SshRelayStream [TX: 2 TXA: 0 RX: 0 AQ: 2]: Connection closed abnormally: ERROR_UNKNOWN
Google.Solutions.Compute Verbose: 0 : SshRelayStream [TX: 2 TXA: 0 RX: 0 AQ: 2]: Connection closed abnormally: ERROR_UNKNOWN
Google.Solutions.Compute Verbose: 0 : SshRelayStream [TX: 2 TXA: 0 RX: 0 AQ: 2]: Connection closed abnormally: ERROR_UNKNOWN
Google.Solutions.Compute Verbose: 0 : SshRelayStream [TX: 2 TXA: 0 RX: 0 AQ: 2]: Connection closed abnormally: ERROR_UNKNOWN
Google.Solutions.Compute Verbose: 0 : SshRelayStream [TX: 2 TXA: 0 RX: 0 AQ: 2]: Connection closed abnormally: ERROR_UNKNOWN
Google.Solutions.Compute Verbose: 0 : SshRelayStream [TX: 2 TXA: 0 RX: 0 AQ: 2]: Connection closed abnormally: ERROR_UNKNOWN
Google.Solutions.Compute Verbose: 0 : SshRelayStream [TX: 2 TXA: 0 RX: 0 AQ: 2]: Connection closed abnormally: ERROR_UNKNOWN
Google.Solutions.Compute Verbose: 0 : SshRelayStream [TX: 2 TXA: 0 RX: 0 AQ: 2]: Connection closed abnormally: ERROR_UNKNOWN
Google.Solutions.Compute Verbose: 0 : SshRelayStream [TX: 2 TXA: 0 RX: 0 AQ: 2]: Connection closed abnormally: ERROR_UNKNOWN
Google.Solutions.Compute Verbose: 0 : SshRelayStream [TX: 2 TXA: 0 RX: 0 AQ: 2]: Connection closed abnormally: ERROR_UNKNOWN
Google.Solutions.Compute Verbose: 0 : SshRelayStream [TX: 2 TXA: 0 RX: 0 AQ: 2]: Connection closed abnormally: ERROR_UNKNOWN
Google.Solutions.Compute Verbose: 0 : SshRelayStream [TX: 2 TXA: 0 RX: 0 AQ: 2]: Connection closed abnormally: ERROR_UNKNOWN
Google.Solutions.Compute Verbose: 0 : SshRelayStream [TX: 2 TXA: 0 RX: 0 AQ: 2]: Connection closed abnormally: ERROR_UNKNOWN
Google.Solutions.Compute Verbose: 0 : SshRelayStream [TX: 2 TXA: 0 RX: 0 AQ: 2]: Connection closed abnormally: ERROR_UNKNOWN
Google.Solutions.Compute Verbose: 0 : SshRelayStream [TX: 2 TXA: 0 RX: 0 AQ: 2]: Connection closed abnormally: ERROR_UNKNOWN
Google.Solutions.Compute Verbose: 0 : SshRelayStream [TX: 2 TXA: 0 RX: 0 AQ: 2]: Connection closed abnormally: ERROR_UNKNOWN
Google.Solutions.Compute Verbose: 0 : SshRelayStream [TX: 2 TXA: 0 RX: 0 AQ: 2]: Connection closed abnormally: ERROR_UNKNOWN
Google.Solutions.Compute Verbose: 0 : SshRelayStream [TX: 2 TXA: 0 RX: 0 AQ: 2]: Connection closed abnormally: ERROR_UNKNOWN
Google.Solutions.Compute Verbose: 0 : SshRelayStream [TX: 2 TXA: 0 RX: 0 AQ: 2]: Connection closed abnormally: ERROR_UNKNOWN
Google.Solutions.Compute Verbose: 0 : SshRelayStream [TX: 2 TXA: 0 RX: 0 AQ: 2]: Connection closed abnormally: ERROR_UNKNOWN
Google.Solutions.Compute Verbose: 0 : SshRelayStream [TX: 2 TXA: 0 RX: 0 AQ: 2]: Connection closed abnormally: ERROR_UNKNOWN
Google.Solutions.Compute Verbose: 0 : SshRelayStream [TX: 2 TXA: 0 RX: 0 AQ: 2]: Connection closed abnormally: ERROR_UNKNOWN
Google.Solutions.Compute Verbose: 0 : SshRelayStream [TX: 2 TXA: 0 RX: 0 AQ: 2]: Connection closed abnormally: ERROR_UNKNOWN
Google.Solutions.Compute Verbose: 0 : SshRelayStream [TX: 2 TXA: 0 RX: 0 AQ: 2]: Connection closed abnormally: ERROR_UNKNOWN
Google.Solutions.Compute Verbose: 0 : SshRelayStream [TX: 2 TXA: 0 RX: 0 AQ: 2]: Connection closed abnormally: ERROR_UNKNOWN
Google.Solutions.Compute Verbose: 0 : SshRelayStream [TX: 2 TXA: 0 RX: 0 AQ: 2]: Connection closed abnormally: ERROR_UNKNOWN
Google.Solutions.Compute Verbose: 0 : SshRelayStream [TX: 2 TXA: 0 RX: 0 AQ: 2]: Connection closed abnormally: ERROR_UNKNOWN
Google.Solutions.Compute Verbose: 0 : SshRelayStream [TX: 2 TXA: 0 RX: 0 AQ: 2]: Connection closed abnormally: ERROR_UNKNOWN
Google.Solutions.Compute Verbose: 0 : SshRelayStream [TX: 2 TXA: 0 RX: 0 AQ: 2]: Connection closed abnormally: ERROR_UNKNOWN
Google.Solutions.Compute Verbose: 0 : SshRelayStream [TX: 2 TXA: 0 RX: 0 AQ: 2]: Connection closed abnormally: ERROR_UNKNOWN
Google.Solutions.Compute Verbose: 0 : SshRelayStream [TX: 2 TXA: 0 RX: 0 AQ: 2]: Connection closed abnormally: ERROR_UNKNOWN
Google.Solutions.Compute Verbose: 0 : SshRelayStream [TX: 2 TXA: 0 RX: 0 AQ: 2]: Connection closed abnormally: ERROR_UNKNOWN
Google.Solutions.Compute Verbose: 0 : SshRelayStream [TX: 2 TXA: 0 RX: 0 AQ: 2]: Connection closed abnormally: ERROR_UNKNOWN
Google.Solutions.Compute Verbose: 0 : SshRelayStream [TX: 2 TXA: 0 RX: 0 AQ: 2]: Connection closed abnormally: ERROR_UNKNOWN
Google.Solutions.Compute Verbose: 0 : SshRelayStream [TX: 2 TXA: 0 RX: 0 AQ: 2]: Disconnecting, preparing to reconnect
Google.Solutions.Compute Verbose: 0 : SshRelayStream [TX: 2 TXA: 0 RX: 0 AQ: 2]: Disconnecting, preparing to reconnect
Google.Solutions.Compute Verbose: 0 : SshRelayStream [TX: 2 TXA: 0 RX: 0 AQ: 2]: Disconnecting, preparing to reconnect
Google.Solutions.Compute Verbose: 0 : SshRelayStream [TX: 2 TXA: 0 RX: 0 AQ: 2]: Disconnecting, preparing to reconnect
Google.Solutions.Compute Verbose: 0 : SshRelayStream [TX: 2 TXA: 0 RX: 0 AQ: 2]: Disconnecting, preparing to reconnect
Google.Solutions.Compute Verbose: 0 : SshRelayStream [TX: 2 TXA: 0 RX: 0 AQ: 2]: Disconnecting, preparing to reconnect
Google.Solutions.Compute Verbose: 0 : SshRelayStream [TX: 2 TXA: 0 RX: 0 AQ: 2]: Disconnecting, preparing to reconnect
Google.Solutions.Compute Verbose: 0 : SshRelayStream [TX: 2 TXA: 0 RX: 0 AQ: 2]: Disconnecting, preparing to reconnect
Google.Solutions.Compute Verbose: 0 : SshRelayStream [TX: 2 TXA: 0 RX: 0 AQ: 2]: Disconnecting, preparing to reconnect
Google.Solutions.Compute Verbose: 0 : SshRelayStream [TX: 2 TXA: 0 RX: 0 AQ: 2]: Disconnecting, preparing to reconnect
Google.Solutions.Compute Verbose: 0 : SshRelayStream [TX: 2 TXA: 0 RX: 0 AQ: 2]: Disconnecting, preparing to reconnect
Google.Solutions.Compute Verbose: 0 : SshRelayStream [TX: 2 TXA: 0 RX: 0 AQ: 2]: Disconnecting, preparing to reconnect
Google.Solutions.Compute Verbose: 0 : SshRelayStream [TX: 2 TXA: 0 RX: 0 AQ: 2]: Disconnecting, preparing to reconnect
Google.Solutions.Compute Verbose: 0 : SshRelayStream [TX: 2 TXA: 0 RX: 0 AQ: 2]: Disconnecting, preparing to reconnect
Google.Solutions.Compute Verbose: 0 : SshRelayStream [TX: 2 TXA: 0 RX: 0 AQ: 2]: Disconnecting, preparing to reconnect
Google.Solutions.Compute Verbose: 0 : SshRelayStream [TX: 2 TXA: 0 RX: 0 AQ: 2]: Disconnecting, preparing to reconnect
Google.Solutions.Compute Verbose: 0 : SshRelayStream [TX: 2 TXA: 0 RX: 0 AQ: 2]: Disconnecting, preparing to reconnect
Google.Solutions.Compute Verbose: 0 : SshRelayStream [TX: 2 TXA: 0 RX: 0 AQ: 2]: Disconnecting, preparing to reconnect
Google.Solutions.Compute Verbose: 0 : SshRelayStream [TX: 2 TXA: 0 RX: 0 AQ: 2]: Disconnecting, preparing to reconnect
Google.Solutions.Compute Verbose: 0 : SshRelayStream [TX: 2 TXA: 0 RX: 0 AQ: 2]: Disconnecting, preparing to reconnect
Google.Solutions.Compute Verbose: 0 : SshRelayStream [TX: 2 TXA: 0 RX: 0 AQ: 2]: Disconnecting, preparing to reconnect
Google.Solutions.Compute Verbose: 0 : SshRelayStream [TX: 2 TXA: 0 RX: 0 AQ: 2]: Disconnecting, preparing to reconnect
Google.Solutions.Compute Verbose: 0 : SshRelayStream [TX: 2 TXA: 0 RX: 0 AQ: 2]: Disconnecting, preparing to reconnect
Google.Solutions.Compute Verbose: 0 : SshRelayStream [TX: 2 TXA: 0 RX: 0 AQ: 2]: Disconnecting, preparing to reconnect
Google.Solutions.Compute Verbose: 0 : SshRelayStream [TX: 2 TXA: 0 RX: 0 AQ: 2]: Disconnecting, preparing to reconnect
Google.Solutions.Compute Verbose: 0 : SshRelayStream [TX: 2 TXA: 0 RX: 0 AQ: 2]: Disconnecting, preparing to reconnect
Google.Solutions.Compute Verbose: 0 : SshRelayStream [TX: 2 TXA: 0 RX: 0 AQ: 2]: Disconnecting, preparing to reconnect
Google.Solutions.Compute Verbose: 0 : SshRelayStream [TX: 2 TXA: 0 RX: 0 AQ: 2]: Disconnecting, preparing to reconnect
Google.Solutions.Compute Verbose: 0 : SshRelayStream [TX: 2 TXA: 0 RX: 0 AQ: 2]: Disconnecting, preparing to reconnect
Google.Solutions.Compute Verbose: 0 : SshRelayStream [TX: 2 TXA: 0 RX: 0 AQ: 2]: Disconnecting, preparing to reconnect
Google.Solutions.Compute Verbose: 0 : SshRelayStream [TX: 2 TXA: 0 RX: 0 AQ: 2]: Disconnecting, preparing to reconnect
Google.Solutions.Compute Verbose: 0 : SshRelayStream [TX: 2 TXA: 0 RX: 0 AQ: 2]: Disconnecting, preparing to reconnect
Google.Solutions.Compute Verbose: 0 : SshRelayStream [TX: 2 TXA: 0 RX: 0 AQ: 2]: Disconnecting, preparing to reconnect
Google.Solutions.Compute Verbose: 0 : SshRelayStream [TX: 2 TXA: 0 RX: 0 AQ: 2]: Disconnecting, preparing to reconnect
Google.Solutions.Compute Verbose: 0 : SshRelayStream [TX: 2 TXA: 0 RX: 0 AQ: 2]: Disconnecting, preparing to reconnect
Google.Solutions.Compute Verbose: 0 : SshRelayStream [TX: 2 TXA: 0 RX: 0 AQ: 2]: Disconnecting, preparing to reconnect
Google.Solutions.Compute Verbose: 0 : SshRelayStream [TX: 2 TXA: 0 RX: 0 AQ: 2]: Disconnecting, preparing to reconnect
Google.Solutions.Compute Verbose: 0 : SshRelayStream [TX: 2 TXA: 0 RX: 0 AQ: 2]: Disconnecting, preparing to reconnect
Google.Solutions.Compute Verbose: 0 : SshRelayStream [TX: 2 TXA: 0 RX: 0 AQ: 2]: Disconnecting, preparing to reconnect
Google.Solutions.Compute Verbose: 0 : SshRelayStream [TX: 2 TXA: 0 RX: 0 AQ: 2]: Disconnecting, preparing to reconnect
Google.Solutions.Compute Verbose: 0 : SshRelayStream [TX: 2 TXA: 0 RX: 0 AQ: 2]: Disconnecting, preparing to reconnect
Google.Solutions.Compute Verbose: 0 : SshRelayStream [TX: 2 TXA: 0 RX: 0 AQ: 2]: Disconnecting, preparing to reconnect
Google.Solutions.Compute Verbose: 0 : SshRelayStream [TX: 2 TXA: 0 RX: 0 AQ: 2]: Disconnecting, preparing to reconnect
Google.Solutions.Compute Verbose: 0 : SshRelayStream [TX: 2 TXA: 0 RX: 0 AQ: 2]: Disconnecting, preparing to reconnect
Google.Solutions.Compute Verbose: 0 : SshRelayStream [TX: 2 TXA: 0 RX: 0 AQ: 2]: Disconnecting, preparing to reconnect
Google.Solutions.Compute Verbose: 0 : SshRelayStream [TX: 2 TXA: 0 RX: 0 AQ: 2]: Disconnecting, preparing to reconnect
Google.Solutions.Compute Verbose: 0 : SshRelayStream [TX: 2 TXA: 0 RX: 0 AQ: 2]: Disconnecting, preparing to reconnect
Google.Solutions.Compute Verbose: 0 : SshRelayStream [TX: 2 TXA: 0 RX: 0 AQ: 2]: Disconnecting, preparing to reconnect
Google.Solutions.Compute Verbose: 0 : SshRelayStream [TX: 2 TXA: 0 RX: 0 AQ: 2]: Disconnecting, preparing to reconnect
Google.Solutions.Compute Verbose: 0 : SshRelayStream [TX: 2 TXA: 0 RX: 0 AQ: 2]: Disconnecting, preparing to reconnect
Google.Solutions.Compute Verbose: 0 : SshRelayStream [TX: 2 TXA: 0 RX: 0 AQ: 2]: Disconnecting, preparing to reconnect
Google.Solutions.Compute Verbose: 0 : SshRelayStream [TX: 2 TXA: 0 RX: 0 AQ: 2]: Disconnecting, preparing to reconnect
Google.Solutions.Compute Verbose: 0 : SshRelayStream [TX: 2 TXA: 0 RX: 0 AQ: 2]: Disonnected.
Google.Solutions.Compute Verbose: 0 : SshRelayStream [TX: 2 TXA: 0 RX: 0 AQ: 2]: Disonnected.
Google.Solutions.Compute Verbose: 0 : SshRelayStream [TX: 2 TXA: 0 RX: 0 AQ: 2]: Disonnected.
Google.Solutions.Compute Verbose: 0 : SshRelayStream [TX: 2 TXA: 0 RX: 0 AQ: 2]: Disonnected.
Google.Solutions.Compute Verbose: 0 : SshRelayStream [TX: 2 TXA: 0 RX: 0 AQ: 2]: Disonnected.
Google.Solutions.Compute Verbose: 0 : SshRelayStream [TX: 2 TXA: 0 RX: 0 AQ: 2]: Disonnected.
Google.Solutions.Compute Verbose: 0 : SshRelayStream [TX: 2 TXA: 0 RX: 0 AQ: 2]: Disonnected.
Google.Solutions.Compute Verbose: 0 : SshRelayStream [TX: 2 TXA: 0 RX: 0 AQ: 2]: Disonnected.
Google.Solutions.Compute Verbose: 0 : SshRelayStream [TX: 2 TXA: 0 RX: 0 AQ: 2]: Disonnected.
Google.Solutions.Compute Verbose: 0 : SshRelayStream [TX: 2 TXA: 0 RX: 0 AQ: 2]: Disonnected.
Google.Solutions.Compute Verbose: 0 : SshRelayStream [TX: 2 TXA: 0 RX: 0 AQ: 2]: Disonnected.
Google.Solutions.Compute Verbose: 0 : SshRelayStream [TX: 2 TXA: 0 RX: 0 AQ: 2]: Disonnected.
Google.Solutions.Compute Verbose: 0 : SshRelayStream [TX: 2 TXA: 0 RX: 0 AQ: 2]: Disonnected.
Google.Solutions.Compute Verbose: 0 : SshRelayStream [TX: 2 TXA: 0 RX: 0 AQ: 2]: Disonnected.
Google.Solutions.Compute Verbose: 0 : SshRelayStream [TX: 2 TXA: 0 RX: 0 AQ: 2]: Disonnected.
Google.Solutions.Compute Verbose: 0 : SshRelayStream [TX: 2 TXA: 0 RX: 0 AQ: 2]: Disonnected.
Google.Solutions.Compute Verbose: 0 : SshRelayStream [TX: 2 TXA: 0 RX: 0 AQ: 2]: Disonnected.
Google.Solutions.Compute Verbose: 0 : SshRelayStream [TX: 2 TXA: 0 RX: 0 AQ: 2]: Disonnected.
Google.Solutions.Compute Verbose: 0 : SshRelayStream [TX: 2 TXA: 0 RX: 0 AQ: 2]: Disonnected.
Google.Solutions.Compute Verbose: 0 : SshRelayStream [TX: 2 TXA: 0 RX: 0 AQ: 2]: Disonnected.
Google.Solutions.Compute Verbose: 0 : SshRelayStream [TX: 2 TXA: 0 RX: 0 AQ: 2]: Disonnected.
Google.Solutions.Compute Verbose: 0 : SshRelayStream [TX: 2 TXA: 0 RX: 0 AQ: 2]: Disonnected.
Google.Solutions.Compute Verbose: 0 : SshRelayStream [TX: 2 TXA: 0 RX: 0 AQ: 2]: Disonnected.
Google.Solutions.Compute Verbose: 0 : SshRelayStream [TX: 2 TXA: 0 RX: 0 AQ: 2]: Disonnected.
Google.Solutions.Compute Verbose: 0 : SshRelayStream [TX: 2 TXA: 0 RX: 0 AQ: 2]: Disonnected.
Google.Solutions.Compute Verbose: 0 : SshRelayStream [TX: 2 TXA: 0 RX: 0 AQ: 2]: Disonnected.
Google.Solutions.Compute Verbose: 0 : SshRelayStream [TX: 2 TXA: 0 RX: 0 AQ: 2]: Disonnected.
Google.Solutions.Compute Verbose: 0 : SshRelayStream [TX: 2 TXA: 0 RX: 0 AQ: 2]: Disonnected.
Google.Solutions.Compute Verbose: 0 : SshRelayStream [TX: 2 TXA: 0 RX: 0 AQ: 2]: Disonnected.
Google.Solutions.Compute Verbose: 0 : SshRelayStream [TX: 2 TXA: 0 RX: 0 AQ: 2]: Disonnected.
Google.Solutions.Compute Verbose: 0 : SshRelayStream [TX: 2 TXA: 0 RX: 0 AQ: 2]: Disonnected.
Google.Solutions.Compute Verbose: 0 : SshRelayStream [TX: 2 TXA: 0 RX: 0 AQ: 2]: Disonnected.
Google.Solutions.Compute Verbose: 0 : SshRelayStream [TX: 2 TXA: 0 RX: 0 AQ: 2]: Disonnected.
Google.Solutions.Compute Verbose: 0 : SshRelayStream [TX: 2 TXA: 0 RX: 0 AQ: 2]: Disonnected.
Google.Solutions.Compute Verbose: 0 : SshRelayStream [TX: 2 TXA: 0 RX: 0 AQ: 2]: Disonnected.
Google.Solutions.Compute Verbose: 0 : SshRelayStream [TX: 2 TXA: 0 RX: 0 AQ: 2]: Disonnected.
Google.Solutions.Compute Verbose: 0 : SshRelayStream [TX: 2 TXA: 0 RX: 0 AQ: 2]: Disonnected.
Google.Solutions.Compute Verbose: 0 : SshRelayStream [TX: 2 TXA: 0 RX: 0 AQ: 2]: Disonnected.
Google.Solutions.Compute Verbose: 0 : SshRelayStream [TX: 2 TXA: 0 RX: 0 AQ: 2]: Disonnected.
Google.Solutions.Compute Verbose: 0 : SshRelayStream [TX: 2 TXA: 0 RX: 0 AQ: 2]: Disonnected.
Google.Solutions.Compute Verbose: 0 : SshRelayStream [TX: 2 TXA: 0 RX: 0 AQ: 2]: Disonnected.
Google.Solutions.Compute Verbose: 0 : SshRelayStream [TX: 2 TXA: 0 RX: 0 AQ: 2]: Disonnected.
Google.Solutions.Compute Verbose: 0 : SshRelayStream [TX: 2 TXA: 0 RX: 0 AQ: 2]: Disonnected.
Google.Solutions.Compute Verbose: 0 : SshRelayStream [TX: 2 TXA: 0 RX: 0 AQ: 2]: Disonnected.
Google.Solutions.Compute Verbose: 0 : SshRelayStream [TX: 2 TXA: 0 RX: 0 AQ: 2]: Disonnected.
Google.Solutions.Compute Verbose: 0 : SshRelayStream [TX: 2 TXA: 0 RX: 0 AQ: 2]: Disonnected.
Google.Solutions.Compute Verbose: 0 : SshRelayStream [TX: 2 TXA: 0 RX: 0 AQ: 2]: Disonnected.
Google.Solutions.Compute Verbose: 0 : SshRelayStream [TX: 2 TXA: 0 RX: 0 AQ: 2]: Disonnected.
Google.Solutions.Compute Verbose: 0 : SshRelayStream [TX: 2 TXA: 0 RX: 0 AQ: 2]: Disonnected.
Google.Solutions.Compute Verbose: 0 : SshRelayStream [TX: 2 TXA: 0 RX: 0 AQ: 2]: Disonnected.
Google.Solutions.Compute Verbose: 0 : SshRelayStream [TX: 2 TXA: 0 RX: 0 AQ: 2]: Disonnected.
Google.Solutions.Compute Verbose: 0 : SshRelayStream [TX: 2 TXA: 0 RX: 0 AQ: 2]: Disonnected.
Google.Solutions.Compute Verbose: 0 : SshRelayStream [TX: 2 TXA: 0 RX: 0 AQ: 2]: Connecting...
Google.Solutions.Compute Verbose: 0 : SshRelayStream [TX: 2 TXA: 0 RX: 0 AQ: 2]: Connecting...
Google.Solutions.Compute Verbose: 0 : SshRelayStream [TX: 2 TXA: 0 RX: 0 AQ: 2]: Connecting...
Google.Solutions.Compute Verbose: 0 : SshRelayStream [TX: 2 TXA: 0 RX: 0 AQ: 2]: Connecting...
Google.Solutions.Compute Verbose: 0 : SshRelayStream [TX: 2 TXA: 0 RX: 0 AQ: 2]: Connecting...
Google.Solutions.Compute Verbose: 0 : SshRelayStream [TX: 2 TXA: 0 RX: 0 AQ: 2]: Connecting...
Google.Solutions.Compute Verbose: 0 : SshRelayStream [TX: 2 TXA: 0 RX: 0 AQ: 2]: Connecting...
Google.Solutions.Compute Verbose: 0 : SshRelayStream [TX: 2 TXA: 0 RX: 0 AQ: 2]: Connecting...
Google.Solutions.Compute Verbose: 0 : SshRelayStream [TX: 2 TXA: 0 RX: 0 AQ: 2]: Connecting...
Google.Solutions.Compute Verbose: 0 : SshRelayStream [TX: 2 TXA: 0 RX: 0 AQ: 2]: Connecting...
Google.Solutions.Compute Verbose: 0 : SshRelayStream [TX: 2 TXA: 0 RX: 0 AQ: 2]: Connecting...
Google.Solutions.Compute Verbose: 0 : SshRelayStream [TX: 2 TXA: 0 RX: 0 AQ: 2]: Connecting...
Google.Solutions.Compute Verbose: 0 : SshRelayStream [TX: 2 TXA: 0 RX: 0 AQ: 2]: Connecting...
Google.Solutions.Compute Verbose: 0 : SshRelayStream [TX: 2 TXA: 0 RX: 0 AQ: 2]: Connecting...
Google.Solutions.Compute Verbose: 0 : SshRelayStream [TX: 2 TXA: 0 RX: 0 AQ: 2]: Connecting...
Google.Solutions.Compute Verbose: 0 : SshRelayStream [TX: 2 TXA: 0 RX: 0 AQ: 2]: Connecting...
Google.Solutions.Compute Verbose: 0 : SshRelayStream [TX: 2 TXA: 0 RX: 0 AQ: 2]: Connecting...
Google.Solutions.Compute Verbose: 0 : SshRelayStream [TX: 2 TXA: 0 RX: 0 AQ: 2]: Connecting...
Google.Solutions.Compute Verbose: 0 : SshRelayStream [TX: 2 TXA: 0 RX: 0 AQ: 2]: Connecting...
Google.Solutions.Compute Verbose: 0 : SshRelayStream [TX: 2 TXA: 0 RX: 0 AQ: 2]: Connecting...
Google.Solutions.Compute Verbose: 0 : SshRelayStream [TX: 2 TXA: 0 RX: 0 AQ: 2]: Connecting...
Google.Solutions.Compute Verbose: 0 : SshRelayStream [TX: 2 TXA: 0 RX: 0 AQ: 2]: Connecting...
Google.Solutions.Compute Verbose: 0 : SshRelayStream [TX: 2 TXA: 0 RX: 0 AQ: 2]: Connecting...
Google.Solutions.Compute Verbose: 0 : SshRelayStream [TX: 2 TXA: 0 RX: 0 AQ: 2]: Connecting...
Google.Solutions.Compute Verbose: 0 : SshRelayStream [TX: 2 TXA: 0 RX: 0 AQ: 2]: Connecting...
Google.Solutions.Compute Verbose: 0 : SshRelayStream [TX: 2 TXA: 0 RX: 0 AQ: 2]: Connecting...
Google.Solutions.Compute Verbose: 0 : SshRelayStream [TX: 2 TXA: 0 RX: 0 AQ: 2]: Connecting...
Google.Solutions.Compute Verbose: 0 : SshRelayStream [TX: 2 TXA: 0 RX: 0 AQ: 2]: Connecting...
Google.Solutions.Compute Verbose: 0 : SshRelayStream [TX: 2 TXA: 0 RX: 0 AQ: 2]: Connecting...
Google.Solutions.Compute Verbose: 0 : SshRelayStream [TX: 2 TXA: 0 RX: 0 AQ: 2]: Connecting...
Google.Solutions.Compute Verbose: 0 : SshRelayStream [TX: 2 TXA: 0 RX: 0 AQ: 2]: Connecting...
Google.Solutions.Compute Verbose: 0 : SshRelayStream [TX: 2 TXA: 0 RX: 0 AQ: 2]: Connecting...
Google.Solutions.Compute Verbose: 0 : SshRelayStream [TX: 2 TXA: 0 RX: 0 AQ: 2]: Connecting...
Google.Solutions.Compute Verbose: 0 : SshRelayStream [TX: 2 TXA: 0 RX: 0 AQ: 2]: Connecting...
Google.Solutions.Compute Verbose: 0 : SshRelayStream [TX: 2 TXA: 0 RX: 0 AQ: 2]: Connecting...
Google.Solutions.Compute Verbose: 0 : SshRelayStream [TX: 2 TXA: 0 RX: 0 AQ: 2]: Connecting...
Google.Solutions.Compute Verbose: 0 : SshRelayStream [TX: 2 TXA: 0 RX: 0 AQ: 2]: Connecting...
Google.Solutions.Compute Verbose: 0 : SshRelayStream [TX: 2 TXA: 0 RX: 0 AQ: 2]: Connecting...
Google.Solutions.Compute Verbose: 0 : SshRelayStream [TX: 2 TXA: 0 RX: 0 AQ: 2]: Connecting...
Google.Solutions.Compute Verbose: 0 : SshRelayStream [TX: 2 TXA: 0 RX: 0 AQ: 2]: Connecting...
Google.Solutions.Compute Verbose: 0 : SshRelayStream [TX: 2 TXA: 0 RX: 0 AQ: 2]: Connecting...
Google.Solutions.Compute Verbose: 0 : SshRelayStream [TX: 2 TXA: 0 RX: 0 AQ: 2]: Connecting...
Google.Solutions.Compute Verbose: 0 : SshRelayStream [TX: 2 TXA: 0 RX: 0 AQ: 2]: Connecting...
Google.Solutions.Compute Verbose: 0 : SshRelayStream [TX: 2 TXA: 0 RX: 0 AQ: 2]: Connecting...
Google.Solutions.Compute Verbose: 0 : SshRelayStream [TX: 2 TXA: 0 RX: 0 AQ: 2]: Connecting...
Google.Solutions.Compute Verbose: 0 : SshRelayStream [TX: 2 TXA: 0 RX: 0 AQ: 2]: Connecting...
Google.Solutions.Compute Verbose: 0 : SshRelayStream [TX: 2 TXA: 0 RX: 0 AQ: 2]: Connecting...
Google.Solutions.Compute Verbose: 0 : SshRelayStream [TX: 2 TXA: 0 RX: 0 AQ: 2]: Connecting...
Google.Solutions.Compute Verbose: 0 : SshRelayStream [TX: 2 TXA: 0 RX: 0 AQ: 2]: Connecting...
Google.Solutions.Compute Verbose: 0 : SshRelayStream [TX: 2 TXA: 0 RX: 0 AQ: 2]: Connecting...
Google.Solutions.Compute Verbose: 0 : SshRelayStream [TX: 2 TXA: 0 RX: 0 AQ: 2]: Connecting...
Google.Solutions.Compute Verbose: 0 : SshRelayStream [TX: 2 TXA: 0 RX: 0 AQ: 2]: Connecting...
Google.Solutions.Compute Verbose: 0 : SshRelayStream [TX: 2 TXA: 0 RX: 0 AQ: 1]: Resending DATA #0...
Google.Solutions.Compute Verbose: 0 : SshRelayStream [TX: 2 TXA: 0 RX: 0 AQ: 1]: Resending DATA #0...
Google.Solutions.Compute Verbose: 0 : SshRelayStream [TX: 2 TXA: 0 RX: 0 AQ: 1]: Resending DATA #0...
Google.Solutions.Compute Verbose: 0 : SshRelayStream [TX: 2 TXA: 0 RX: 0 AQ: 1]: Resending DATA #0...
Google.Solutions.Compute Verbose: 0 : SshRelayStream [TX: 2 TXA: 0 RX: 0 AQ: 1]: Resending DATA #0...
Google.Solutions.Compute Verbose: 0 : SshRelayStream [TX: 2 TXA: 0 RX: 0 AQ: 1]: Resending DATA #0...
Google.Solutions.Compute Verbose: 0 : SshRelayStream [TX: 2 TXA: 0 RX: 0 AQ: 1]: Resending DATA #0...
Google.Solutions.Compute Verbose: 0 : SshRelayStream [TX: 2 TXA: 0 RX: 0 AQ: 1]: Resending DATA #0...
Google.Solutions.Compute Verbose: 0 : SshRelayStream [TX: 2 TXA: 0 RX: 0 AQ: 1]: Resending DATA #0...
Google.Solutions.Compute Verbose: 0 : SshRelayStream [TX: 2 TXA: 0 RX: 0 AQ: 1]: Resending DATA #0...
Google.Solutions.Compute Verbose: 0 : SshRelayStream [TX: 2 TXA: 0 RX: 0 AQ: 1]: Resending DATA #0...
Google.Solutions.Compute Verbose: 0 : SshRelayStream [TX: 2 TXA: 0 RX: 0 AQ: 1]: Resending DATA #0...
Google.Solutions.Compute Verbose: 0 : SshRelayStream [TX: 2 TXA: 0 RX: 0 AQ: 1]: Resending DATA #0...
Google.Solutions.Compute Verbose: 0 : SshRelayStream [TX: 2 TXA: 0 RX: 0 AQ: 1]: Resending DATA #0...
Google.Solutions.Compute Verbose: 0 : SshRelayStream [TX: 2 TXA: 0 RX: 0 AQ: 1]: Resending DATA #0...
Google.Solutions.Compute Verbose: 0 : SshRelayStream [TX: 2 TXA: 0 RX: 0 AQ: 1]: Resending DATA #0...
Google.Solutions.Compute Verbose: 0 : SshRelayStream [TX: 2 TXA: 0 RX: 0 AQ: 1]: Resending DATA #0...
Google.Solutions.Compute Verbose: 0 : SshRelayStream [TX: 2 TXA: 0 RX: 0 AQ: 1]: Resending DATA #0...
Google.Solutions.Compute Verbose: 0 : SshRelayStream [TX: 2 TXA: 0 RX: 0 AQ: 1]: Resending DATA #0...
Google.Solutions.Compute Verbose: 0 : SshRelayStream [TX: 2 TXA: 0 RX: 0 AQ: 1]: Resending DATA #0...
Google.Solutions.Compute Verbose: 0 : SshRelayStream [TX: 2 TXA: 0 RX: 0 AQ: 1]: Resending DATA #0...
Google.Solutions.Compute Verbose: 0 : SshRelayStream [TX: 2 TXA: 0 RX: 0 AQ: 1]: Resending DATA #0...
Google.Solutions.Compute Verbose: 0 : SshRelayStream [TX: 2 TXA: 0 RX: 0 AQ: 1]: Resending DATA #0...
Google.Solutions.Compute Verbose: 0 : SshRelayStream [TX: 2 TXA: 0 RX: 0 AQ: 1]: Resending DATA #0...
Google.Solutions.Compute Verbose: 0 : SshRelayStream [TX: 2 TXA: 0 RX: 0 AQ: 1]: Resending DATA #0...
Google.Solutions.Compute Verbose: 0 : SshRelayStream [TX: 2 TXA: 0 RX: 0 AQ: 1]: Resending DATA #0...
Google.Solutions.Compute Verbose: 0 : SshRelayStream [TX: 2 TXA: 0 RX: 0 AQ: 1]: Resending DATA #0...
Google.Solutions.Compute Verbose: 0 : SshRelayStream [TX: 2 TXA: 0 RX: 0 AQ: 1]: Resending DATA #0...
Google.Solutions.Compute Verbose: 0 : SshRelayStream [TX: 2 TXA: 0 RX: 0 AQ: 1]: Resending DATA #0...
Google.Solutions.Compute Verbose: 0 : SshRelayStream [TX: 2 TXA: 0 RX: 0 AQ: 1]: Resending DATA #0...
Google.Solutions.Compute Verbose: 0 : SshRelayStream [TX: 2 TXA: 0 RX: 0 AQ: 1]: Resending DATA #0...
Google.Solutions.Compute Verbose: 0 : SshRelayStream [TX: 2 TXA: 0 RX: 0 AQ: 1]: Resending DATA #0...
Google.Solutions.Compute Verbose: 0 : SshRelayStream [TX: 2 TXA: 0 RX: 0 AQ: 1]: Resending DATA #0...
Google.Solutions.Compute Verbose: 0 : SshRelayStream [TX: 2 TXA: 0 RX: 0 AQ: 1]: Resending DATA #0...
Google.Solutions.Compute Verbose: 0 : SshRelayStream [TX: 2 TXA: 0 RX: 0 AQ: 1]: Resending DATA #0...
Google.Solutions.Compute Verbose: 0 : SshRelayStream [TX: 2 TXA: 0 RX: 0 AQ: 1]: Resending DATA #0...
Google.Solutions.Compute Verbose: 0 : SshRelayStream [TX: 2 TXA: 0 RX: 0 AQ: 1]: Resending DATA #0...
Google.Solutions.Compute Verbose: 0 : SshRelayStream [TX: 2 TXA: 0 RX: 0 AQ: 1]: Resending DATA #0...
Google.Solutions.Compute Verbose: 0 : SshRelayStream [TX: 2 TXA: 0 RX: 0 AQ: 1]: Resending DATA #0...
Google.Solutions.Compute Verbose: 0 : SshRelayStream [TX: 2 TXA: 0 RX: 0 AQ: 1]: Resending DATA #0...
Google.Solutions.Compute Verbose: 0 : SshRelayStream [TX: 2 TXA: 0 RX: 0 AQ: 1]: Resending DATA #0...
Google.Solutions.Compute Verbose: 0 : SshRelayStream [TX: 2 TXA: 0 RX: 0 AQ: 1]: Resending DATA #0...
Google.Solutions.Compute Verbose: 0 : SshRelayStream [TX: 2 TXA: 0 RX: 0 AQ: 1]: Resending DATA #0...
Google.Solutions.Compute Verbose: 0 : SshRelayStream [TX: 2 TXA: 0 RX: 0 AQ: 1]: Resending DATA #0...
Google.Solutions.Compute Verbose: 0 : SshRelayStream [TX: 2 TXA: 0 RX: 0 AQ: 1]: Resending DATA #0...
Google.Solutions.Compute Verbose: 0 : SshRelayStream [TX: 2 TXA: 0 RX: 0 AQ: 1]: Resending DATA #0...
Google.Solutions.Compute Verbose: 0 : SshRelayStream [TX: 2 TXA: 0 RX: 0 AQ: 1]: Resending DATA #0...
Google.Solutions.Compute Verbose: 0 : SshRelayStream [TX: 2 TXA: 0 RX: 0 AQ: 1]: Resending DATA #0...
Google.Solutions.Compute Verbose: 0 : SshRelayStream [TX: 2 TXA: 0 RX: 0 AQ: 1]: Resending DATA #0...
Google.Solutions.Compute Verbose: 0 : SshRelayStream [TX: 2 TXA: 0 RX: 0 AQ: 1]: Resending DATA #0...
Google.Solutions.Compute Verbose: 0 : SshRelayStream [TX: 2 TXA: 0 RX: 0 AQ: 1]: Resending DATA #0...
Google.Solutions.Compute Verbose: 0 : SshRelayStream [TX: 2 TXA: 0 RX: 0 AQ: 1]: Resending DATA #0...
Google.Solutions.Compute Verbose: 0 : SshRelayStream [TX: 2 TXA: 0 RX: 0 AQ: 0]: Resending DATA #1...
Google.Solutions.Compute Verbose: 0 : SshRelayStream [TX: 2 TXA: 0 RX: 0 AQ: 0]: Resending DATA #1...
Google.Solutions.Compute Verbose: 0 : SshRelayStream [TX: 2 TXA: 0 RX: 0 AQ: 0]: Resending DATA #1...
Google.Solutions.Compute Verbose: 0 : SshRelayStream [TX: 2 TXA: 0 RX: 0 AQ: 0]: Resending DATA #1...
Google.Solutions.Compute Verbose: 0 : SshRelayStream [TX: 2 TXA: 0 RX: 0 AQ: 0]: Resending DATA #1...
Google.Solutions.Compute Verbose: 0 : SshRelayStream [TX: 2 TXA: 0 RX: 0 AQ: 0]: Resending DATA #1...
Google.Solutions.Compute Verbose: 0 : SshRelayStream [TX: 2 TXA: 0 RX: 0 AQ: 0]: Resending DATA #1...
Google.Solutions.Compute Verbose: 0 : SshRelayStream [TX: 2 TXA: 0 RX: 0 AQ: 0]: Resending DATA #1...
Google.Solutions.Compute Verbose: 0 : SshRelayStream [TX: 2 TXA: 0 RX: 0 AQ: 0]: Resending DATA #1...
Google.Solutions.Compute Verbose: 0 : SshRelayStream [TX: 2 TXA: 0 RX: 0 AQ: 0]: Resending DATA #1...
Google.Solutions.Compute Verbose: 0 : SshRelayStream [TX: 2 TXA: 0 RX: 0 AQ: 0]: Resending DATA #1...
Google.Solutions.Compute Verbose: 0 : SshRelayStream [TX: 2 TXA: 0 RX: 0 AQ: 0]: Resending DATA #1...
Google.Solutions.Compute Verbose: 0 : SshRelayStream [TX: 2 TXA: 0 RX: 0 AQ: 0]: Resending DATA #1...
Google.Solutions.Compute Verbose: 0 : SshRelayStream [TX: 2 TXA: 0 RX: 0 AQ: 0]: Resending DATA #1...
Google.Solutions.Compute Verbose: 0 : SshRelayStream [TX: 2 TXA: 0 RX: 0 AQ: 0]: Resending DATA #1...
Google.Solutions.Compute Verbose: 0 : SshRelayStream [TX: 2 TXA: 0 RX: 0 AQ: 0]: Resending DATA #1...
Google.Solutions.Compute Verbose: 0 : SshRelayStream [TX: 2 TXA: 0 RX: 0 AQ: 0]: Resending DATA #1...
Google.Solutions.Compute Verbose: 0 : SshRelayStream [TX: 2 TXA: 0 RX: 0 AQ: 0]: Resending DATA #1...
Google.Solutions.Compute Verbose: 0 : SshRelayStream [TX: 2 TXA: 0 RX: 0 AQ: 0]: Resending DATA #1...
Google.Solutions.Compute Verbose: 0 : SshRelayStream [TX: 2 TXA: 0 RX: 0 AQ: 0]: Resending DATA #1...
Google.Solutions.Compute Verbose: 0 : SshRelayStream [TX: 2 TXA: 0 RX: 0 AQ: 0]: Resending DATA #1...
Google.Solutions.Compute Verbose: 0 : SshRelayStream [TX: 2 TXA: 0 RX: 0 AQ: 0]: Resending DATA #1...
Google.Solutions.Compute Verbose: 0 : SshRelayStream [TX: 2 TXA: 0 RX: 0 AQ: 0]: Resending DATA #1...
Google.Solutions.Compute Verbose: 0 : SshRelayStream [TX: 2 TXA: 0 RX: 0 AQ: 0]: Resending DATA #1...
Google.Solutions.Compute Verbose: 0 : SshRelayStream [TX: 2 TXA: 0 RX: 0 AQ: 0]: Resending DATA #1...
Google.Solutions.Compute Verbose: 0 : SshRelayStream [TX: 2 TXA: 0 RX: 0 AQ: 0]: Resending DATA #1...
Google.Solutions.Compute Verbose: 0 : SshRelayStream [TX: 2 TXA: 0 RX: 0 AQ: 0]: Resending DATA #1...
Google.Solutions.Compute Verbose: 0 : SshRelayStream [TX: 2 TXA: 0 RX: 0 AQ: 0]: Resending DATA #1...
Google.Solutions.Compute Verbose: 0 : SshRelayStream [TX: 2 TXA: 0 RX: 0 AQ: 0]: Resending DATA #1...
Google.Solutions.Compute Verbose: 0 : SshRelayStream [TX: 2 TXA: 0 RX: 0 AQ: 0]: Resending DATA #1...
Google.Solutions.Compute Verbose: 0 : SshRelayStream [TX: 2 TXA: 0 RX: 0 AQ: 0]: Resending DATA #1...
Google.Solutions.Compute Verbose: 0 : SshRelayStream [TX: 2 TXA: 0 RX: 0 AQ: 0]: Resending DATA #1...
Google.Solutions.Compute Verbose: 0 : SshRelayStream [TX: 2 TXA: 0 RX: 0 AQ: 0]: Resending DATA #1...
Google.Solutions.Compute Verbose: 0 : SshRelayStream [TX: 2 TXA: 0 RX: 0 AQ: 0]: Resending DATA #1...
Google.Solutions.Compute Verbose: 0 : SshRelayStream [TX: 2 TXA: 0 RX: 0 AQ: 0]: Resending DATA #1...
Google.Solutions.Compute Verbose: 0 : SshRelayStream [TX: 2 TXA: 0 RX: 0 AQ: 0]: Resending DATA #1...
Google.Solutions.Compute Verbose: 0 : SshRelayStream [TX: 2 TXA: 0 RX: 0 AQ: 0]: Resending DATA #1...
Google.Solutions.Compute Verbose: 0 : SshRelayStream [TX: 2 TXA: 0 RX: 0 AQ: 0]: Resending DATA #1...
Google.Solutions.Compute Verbose: 0 : SshRelayStream [TX: 2 TXA: 0 RX: 0 AQ: 0]: Resending DATA #1...
Google.Solutions.Compute Verbose: 0 : SshRelayStream [TX: 2 TXA: 0 RX: 0 AQ: 0]: Resending DATA #1...
Google.Solutions.Compute Verbose: 0 : SshRelayStream [TX: 2 TXA: 0 RX: 0 AQ: 0]: Resending DATA #1...
Google.Solutions.Compute Verbose: 0 : SshRelayStream [TX: 2 TXA: 0 RX: 0 AQ: 0]: Resending DATA #1...
Google.Solutions.Compute Verbose: 0 : SshRelayStream [TX: 2 TXA: 0 RX: 0 AQ: 0]: Resending DATA #1...
Google.Solutions.Compute Verbose: 0 : SshRelayStream [TX: 2 TXA: 0 RX: 0 AQ: 0]: Resending DATA #1...
Google.Solutions.Compute Verbose: 0 : SshRelayStream [TX: 2 TXA: 0 RX: 0 AQ: 0]: Resending DATA #1...
Google.Solutions.Compute Verbose: 0 : SshRelayStream [TX: 2 TXA: 0 RX: 0 AQ: 0]: Resending DATA #1...
Google.Solutions.Compute Verbose: 0 : SshRelayStream [TX: 2 TXA: 0 RX: 0 AQ: 0]: Resending DATA #1...
Google.Solutions.Compute Verbose: 0 : SshRelayStream [TX: 2 TXA: 0 RX: 0 AQ: 0]: Resending DATA #1...
Google.Solutions.Compute Verbose: 0 : SshRelayStream [TX: 2 TXA: 0 RX: 0 AQ: 0]: Resending DATA #1...
Google.Solutions.Compute Verbose: 0 : SshRelayStream [TX: 2 TXA: 0 RX: 0 AQ: 0]: Resending DATA #1...
Google.Solutions.Compute Verbose: 0 : SshRelayStream [TX: 2 TXA: 0 RX: 0 AQ: 0]: Resending DATA #1...
Google.Solutions.Compute Verbose: 0 : SshRelayStream [TX: 2 TXA: 0 RX: 0 AQ: 0]: Resending DATA #1...
Google.Solutions.Compute Verbose: 0 : SshRelayStream [TX: 2 TXA: 0 RX: 0 AQ: 0]: Sending DATA #2...
Google.Solutions.Compute Verbose: 0 : SshRelayStream [TX: 2 TXA: 0 RX: 0 AQ: 0]: Sending DATA #2...
Google.Solutions.Compute Verbose: 0 : SshRelayStream [TX: 2 TXA: 0 RX: 0 AQ: 0]: Sending DATA #2...
Google.Solutions.Compute Verbose: 0 : SshRelayStream [TX: 2 TXA: 0 RX: 0 AQ: 0]: Sending DATA #2...
Google.Solutions.Compute Verbose: 0 : SshRelayStream [TX: 2 TXA: 0 RX: 0 AQ: 0]: Sending DATA #2...
Google.Solutions.Compute Verbose: 0 : SshRelayStream [TX: 2 TXA: 0 RX: 0 AQ: 0]: Sending DATA #2...
Google.Solutions.Compute Verbose: 0 : SshRelayStream [TX: 2 TXA: 0 RX: 0 AQ: 0]: Sending DATA #2...
Google.Solutions.Compute Verbose: 0 : SshRelayStream [TX: 2 TXA: 0 RX: 0 AQ: 0]: Sending DATA #2...
Google.Solutions.Compute Verbose: 0 : SshRelayStream [TX: 2 TXA: 0 RX: 0 AQ: 0]: Sending DATA #2...
Google.Solutions.Compute Verbose: 0 : SshRelayStream [TX: 2 TXA: 0 RX: 0 AQ: 0]: Sending DATA #2...
Google.Solutions.Compute Verbose: 0 : SshRelayStream [TX: 2 TXA: 0 RX: 0 AQ: 0]: Sending DATA #2...
Google.Solutions.Compute Verbose: 0 : SshRelayStream [TX: 2 TXA: 0 RX: 0 AQ: 0]: Sending DATA #2...
Google.Solutions.Compute Verbose: 0 : SshRelayStream [TX: 2 TXA: 0 RX: 0 AQ: 0]: Sending DATA #2...
Google.Solutions.Compute Verbose: 0 : SshRelayStream [TX: 2 TXA: 0 RX: 0 AQ: 0]: Sending DATA #2...
Google.Solutions.Compute Verbose: 0 : SshRelayStream [TX: 2 TXA: 0 RX: 0 AQ: 0]: Sending DATA #2...
Google.Solutions.Compute Verbose: 0 : SshRelayStream [TX: 2 TXA: 0 RX: 0 AQ: 0]: Sending DATA #2...
Google.Solutions.Compute Verbose: 0 : SshRelayStream [TX: 2 TXA: 0 RX: 0 AQ: 0]: Sending DATA #2...
Google.Solutions.Compute Verbose: 0 : SshRelayStream [TX: 2 TXA: 0 RX: 0 AQ: 0]: Sending DATA #2...
Google.Solutions.Compute Verbose: 0 : SshRelayStream [TX: 2 TXA: 0 RX: 0 AQ: 0]: Sending DATA #2...
Google.Solutions.Compute Verbose: 0 : SshRelayStream [TX: 2 TXA: 0 RX: 0 AQ: 0]: Sending DATA #2...
Google.Solutions.Compute Verbose: 0 : SshRelayStream [TX: 2 TXA: 0 RX: 0 AQ: 0]: Sending DATA #2...
Google.Solutions.Compute Verbose: 0 : SshRelayStream [TX: 2 TXA: 0 RX: 0 AQ: 0]: Sending DATA #2...
Google.Solutions.Compute Verbose: 0 : SshRelayStream [TX: 2 TXA: 0 RX: 0 AQ: 0]: Sending DATA #2...
Google.Solutions.Compute Verbose: 0 : SshRelayStream [TX: 2 TXA: 0 RX: 0 AQ: 0]: Sending DATA #2...
Google.Solutions.Compute Verbose: 0 : SshRelayStream [TX: 2 TXA: 0 RX: 0 AQ: 0]: Sending DATA #2...
Google.Solutions.Compute Verbose: 0 : SshRelayStream [TX: 2 TXA: 0 RX: 0 AQ: 0]: Sending DATA #2...
Google.Solutions.Compute Verbose: 0 : SshRelayStream [TX: 2 TXA: 0 RX: 0 AQ: 0]: Sending DATA #2...
Google.Solutions.Compute Verbose: 0 : SshRelayStream [TX: 2 TXA: 0 RX: 0 AQ: 0]: Sending DATA #2...
Google.Solutions.Compute Verbose: 0 : SshRelayStream [TX: 2 TXA: 0 RX: 0 AQ: 0]: Sending DATA #2...
Google.Solutions.Compute Verbose: 0 : SshRelayStream [TX: 2 TXA: 0 RX: 0 AQ: 0]: Sending DATA #2...
Google.Solutions.Compute Verbose: 0 : SshRelayStream [TX: 2 TXA: 0 RX: 0 AQ: 0]: Sending DATA #2...
Google.Solutions.Compute Verbose: 0 : SshRelayStream [TX: 2 TXA: 0 RX: 0 AQ: 0]: Sending DATA #2...
Google.Solutions.Compute Verbose: 0 : SshRelayStream [TX: 2 TXA: 0 RX: 0 AQ: 0]: Sending DATA #2...
Google.Solutions.Compute Verbose: 0 : SshRelayStream [TX: 2 TXA: 0 RX: 0 AQ: 0]: Sending DATA #2...
Google.Solutions.Compute Verbose: 0 : SshRelayStream [TX: 2 TXA: 0 RX: 0 AQ: 0]: Sending DATA #2...
Google.Solutions.Compute Verbose: 0 : SshRelayStream [TX: 2 TXA: 0 RX: 0 AQ: 0]: Sending DATA #2...
Google.Solutions.Compute Verbose: 0 : SshRelayStream [TX: 2 TXA: 0 RX: 0 AQ: 0]: Sending DATA #2...
Google.Solutions.Compute Verbose: 0 : SshRelayStream [TX: 2 TXA: 0 RX: 0 AQ: 0]: Sending DATA #2...
Google.Solutions.Compute Verbose: 0 : SshRelayStream [TX: 2 TXA: 0 RX: 0 AQ: 0]: Sending DATA #2...
Google.Solutions.Compute Verbose: 0 : SshRelayStream [TX: 2 TXA: 0 RX: 0 AQ: 0]: Sending DATA #2...
Google.Solutions.Compute Verbose: 0 : SshRelayStream [TX: 2 TXA: 0 RX: 0 AQ: 0]: Sending DATA #2...
Google.Solutions.Compute Verbose: 0 : SshRelayStream [TX: 2 TXA: 0 RX: 0 AQ: 0]: Sending DATA #2...
Google.Solutions.Compute Verbose: 0 : SshRelayStream [TX: 2 TXA: 0 RX: 0 AQ: 0]: Sending DATA #2...
Google.Solutions.Compute Verbose: 0 : SshRelayStream [TX: 2 TXA: 0 RX: 0 AQ: 0]: Sending DATA #2...
Google.Solutions.Compute Verbose: 0 : SshRelayStream [TX: 2 TXA: 0 RX: 0 AQ: 0]: Sending DATA #2...
Google.Solutions.Compute Verbose: 0 : SshRelayStream [TX: 2 TXA: 0 RX: 0 AQ: 0]: Sending DATA #2...
Google.Solutions.Compute Verbose: 0 : SshRelayStream [TX: 2 TXA: 0 RX: 0 AQ: 0]: Sending DATA #2...
Google.Solutions.Compute Verbose: 0 : SshRelayStream [TX: 2 TXA: 0 RX: 0 AQ: 0]: Sending DATA #2...
Google.Solutions.Compute Verbose: 0 : SshRelayStream [TX: 2 TXA: 0 RX: 0 AQ: 0]: Sending DATA #2...
Google.Solutions.Compute Verbose: 0 : SshRelayStream [TX: 2 TXA: 0 RX: 0 AQ: 0]: Sending DATA #2...
Google.Solutions.Compute Verbose: 0 : SshRelayStream [TX: 2 TXA: 0 RX: 0 AQ: 0]: Sending DATA #2...
Google.Solutions.Compute Verbose: 0 : SshRelayStream [TX: 2 TXA: 0 RX: 0 AQ: 0]: Sending DATA #2...
</system-out></testcase><testcase name="WriteAfterForcefulServerCloseCausesAnotherConnectAndDataBeingResentIfNoDataReadBefore(4008)" assertions="9" time="0.000931" status="Passed" classname="Google.Solutions.Compute.Test.Iap.TestSshRelayStreamWriting"><system-out>Google.Solutions.Compute Verbose: 0 : SshRelayStream [TX: 0 TXA: 0 RX: 0 AQ: 0]: Connecting...
Google.Solutions.Compute Verbose: 0 : SshRelayStream [TX: 0 TXA: 0 RX: 0 AQ: 0]: Connecting...
Google.Solutions.Compute Verbose: 0 : SshRelayStream [TX: 0 TXA: 0 RX: 0 AQ: 0]: Connecting...
Google.Solutions.Compute Verbose: 0 : SshRelayStream [TX: 0 TXA: 0 RX: 0 AQ: 0]: Connecting...
Google.Solutions.Compute Verbose: 0 : SshRelayStream [TX: 0 TXA: 0 RX: 0 AQ: 0]: Connecting...
Google.Solutions.Compute Verbose: 0 : SshRelayStream [TX: 0 TXA: 0 RX: 0 AQ: 0]: Connecting...
Google.Solutions.Compute Verbose: 0 : SshRelayStream [TX: 0 TXA: 0 RX: 0 AQ: 0]: Connecting...
Google.Solutions.Compute Verbose: 0 : SshRelayStream [TX: 0 TXA: 0 RX: 0 AQ: 0]: Connecting...
Google.Solutions.Compute Verbose: 0 : SshRelayStream [TX: 0 TXA: 0 RX: 0 AQ: 0]: Connecting...
Google.Solutions.Compute Verbose: 0 : SshRelayStream [TX: 0 TXA: 0 RX: 0 AQ: 0]: Connecting...
Google.Solutions.Compute Verbose: 0 : SshRelayStream [TX: 0 TXA: 0 RX: 0 AQ: 0]: Connecting...
Google.Solutions.Compute Verbose: 0 : SshRelayStream [TX: 0 TXA: 0 RX: 0 AQ: 0]: Connecting...
Google.Solutions.Compute Verbose: 0 : SshRelayStream [TX: 0 TXA: 0 RX: 0 AQ: 0]: Connecting...
Google.Solutions.Compute Verbose: 0 : SshRelayStream [TX: 0 TXA: 0 RX: 0 AQ: 0]: Connecting...
Google.Solutions.Compute Verbose: 0 : SshRelayStream [TX: 0 TXA: 0 RX: 0 AQ: 0]: Connecting...
Google.Solutions.Compute Verbose: 0 : SshRelayStream [TX: 0 TXA: 0 RX: 0 AQ: 0]: Connecting...
Google.Solutions.Compute Verbose: 0 : SshRelayStream [TX: 0 TXA: 0 RX: 0 AQ: 0]: Connecting...
Google.Solutions.Compute Verbose: 0 : SshRelayStream [TX: 0 TXA: 0 RX: 0 AQ: 0]: Connecting...
Google.Solutions.Compute Verbose: 0 : SshRelayStream [TX: 0 TXA: 0 RX: 0 AQ: 0]: Connecting...
Google.Solutions.Compute Verbose: 0 : SshRelayStream [TX: 0 TXA: 0 RX: 0 AQ: 0]: Connecting...
Google.Solutions.Compute Verbose: 0 : SshRelayStream [TX: 0 TXA: 0 RX: 0 AQ: 0]: Connecting...
Google.Solutions.Compute Verbose: 0 : SshRelayStream [TX: 0 TXA: 0 RX: 0 AQ: 0]: Connecting...
Google.Solutions.Compute Verbose: 0 : SshRelayStream [TX: 0 TXA: 0 RX: 0 AQ: 0]: Connecting...
Google.Solutions.Compute Verbose: 0 : SshRelayStream [TX: 0 TXA: 0 RX: 0 AQ: 0]: Connecting...
Google.Solutions.Compute Verbose: 0 : SshRelayStream [TX: 0 TXA: 0 RX: 0 AQ: 0]: Connecting...
Google.Solutions.Compute Verbose: 0 : SshRelayStream [TX: 0 TXA: 0 RX: 0 AQ: 0]: Connecting...
Google.Solutions.Compute Verbose: 0 : SshRelayStream [TX: 0 TXA: 0 RX: 0 AQ: 0]: Connecting...
Google.Solutions.Compute Verbose: 0 : SshRelayStream [TX: 0 TXA: 0 RX: 0 AQ: 0]: Connecting...
Google.Solutions.Compute Verbose: 0 : SshRelayStream [TX: 0 TXA: 0 RX: 0 AQ: 0]: Connecting...
Google.Solutions.Compute Verbose: 0 : SshRelayStream [TX: 0 TXA: 0 RX: 0 AQ: 0]: Connecting...
Google.Solutions.Compute Verbose: 0 : SshRelayStream [TX: 0 TXA: 0 RX: 0 AQ: 0]: Connecting...
Google.Solutions.Compute Verbose: 0 : SshRelayStream [TX: 0 TXA: 0 RX: 0 AQ: 0]: Connecting...
Google.Solutions.Compute Verbose: 0 : SshRelayStream [TX: 0 TXA: 0 RX: 0 AQ: 0]: Connecting...
Google.Solutions.Compute Verbose: 0 : SshRelayStream [TX: 0 TXA: 0 RX: 0 AQ: 0]: Connecting...
Google.Solutions.Compute Verbose: 0 : SshRelayStream [TX: 0 TXA: 0 RX: 0 AQ: 0]: Connecting...
Google.Solutions.Compute Verbose: 0 : SshRelayStream [TX: 0 TXA: 0 RX: 0 AQ: 0]: Connecting...
Google.Solutions.Compute Verbose: 0 : SshRelayStream [TX: 0 TXA: 0 RX: 0 AQ: 0]: Connecting...
Google.Solutions.Compute Verbose: 0 : SshRelayStream [TX: 0 TXA: 0 RX: 0 AQ: 0]: Connecting...
Google.Solutions.Compute Verbose: 0 : SshRelayStream [TX: 0 TXA: 0 RX: 0 AQ: 0]: Connecting...
Google.Solutions.Compute Verbose: 0 : SshRelayStream [TX: 0 TXA: 0 RX: 0 AQ: 0]: Connecting...
Google.Solutions.Compute Verbose: 0 : SshRelayStream [TX: 0 TXA: 0 RX: 0 AQ: 0]: Connecting...
Google.Solutions.Compute Verbose: 0 : SshRelayStream [TX: 0 TXA: 0 RX: 0 AQ: 0]: Connecting...
Google.Solutions.Compute Verbose: 0 : SshRelayStream [TX: 0 TXA: 0 RX: 0 AQ: 0]: Connecting...
Google.Solutions.Compute Verbose: 0 : SshRelayStream [TX: 0 TXA: 0 RX: 0 AQ: 0]: Connecting...
Google.Solutions.Compute Verbose: 0 : SshRelayStream [TX: 0 TXA: 0 RX: 0 AQ: 0]: Connecting...
Google.Solutions.Compute Verbose: 0 : SshRelayStream [TX: 0 TXA: 0 RX: 0 AQ: 0]: Connecting...
Google.Solutions.Compute Verbose: 0 : SshRelayStream [TX: 0 TXA: 0 RX: 0 AQ: 0]: Connecting...
Google.Solutions.Compute Verbose: 0 : SshRelayStream [TX: 0 TXA: 0 RX: 0 AQ: 0]: Connecting...
Google.Solutions.Compute Verbose: 0 : SshRelayStream [TX: 0 TXA: 0 RX: 0 AQ: 0]: Connecting...
Google.Solutions.Compute Verbose: 0 : SshRelayStream [TX: 0 TXA: 0 RX: 0 AQ: 0]: Connecting...
Google.Solutions.Compute Verbose: 0 : SshRelayStream [TX: 0 TXA: 0 RX: 0 AQ: 0]: Connecting...
Google.Solutions.Compute Verbose: 0 : SshRelayStream [TX: 0 TXA: 0 RX: 0 AQ: 0]: Connecting...
Google.Solutions.Compute Verbose: 0 : SshRelayStream [TX: 0 TXA: 0 RX: 0 AQ: 0]: Connecting...
Google.Solutions.Compute Verbose: 0 : SshRelayStream [TX: 0 TXA: 0 RX: 0 AQ: 0]: Sending DATA #0...
Google.Solutions.Compute Verbose: 0 : SshRelayStream [TX: 0 TXA: 0 RX: 0 AQ: 0]: Sending DATA #0...
Google.Solutions.Compute Verbose: 0 : SshRelayStream [TX: 0 TXA: 0 RX: 0 AQ: 0]: Sending DATA #0...
Google.Solutions.Compute Verbose: 0 : SshRelayStream [TX: 0 TXA: 0 RX: 0 AQ: 0]: Sending DATA #0...
Google.Solutions.Compute Verbose: 0 : SshRelayStream [TX: 0 TXA: 0 RX: 0 AQ: 0]: Sending DATA #0...
Google.Solutions.Compute Verbose: 0 : SshRelayStream [TX: 0 TXA: 0 RX: 0 AQ: 0]: Sending DATA #0...
Google.Solutions.Compute Verbose: 0 : SshRelayStream [TX: 0 TXA: 0 RX: 0 AQ: 0]: Sending DATA #0...
Google.Solutions.Compute Verbose: 0 : SshRelayStream [TX: 0 TXA: 0 RX: 0 AQ: 0]: Sending DATA #0...
Google.Solutions.Compute Verbose: 0 : SshRelayStream [TX: 0 TXA: 0 RX: 0 AQ: 0]: Sending DATA #0...
Google.Solutions.Compute Verbose: 0 : SshRelayStream [TX: 0 TXA: 0 RX: 0 AQ: 0]: Sending DATA #0...
Google.Solutions.Compute Verbose: 0 : SshRelayStream [TX: 0 TXA: 0 RX: 0 AQ: 0]: Sending DATA #0...
Google.Solutions.Compute Verbose: 0 : SshRelayStream [TX: 0 TXA: 0 RX: 0 AQ: 0]: Sending DATA #0...
Google.Solutions.Compute Verbose: 0 : SshRelayStream [TX: 0 TXA: 0 RX: 0 AQ: 0]: Sending DATA #0...
Google.Solutions.Compute Verbose: 0 : SshRelayStream [TX: 0 TXA: 0 RX: 0 AQ: 0]: Sending DATA #0...
Google.Solutions.Compute Verbose: 0 : SshRelayStream [TX: 0 TXA: 0 RX: 0 AQ: 0]: Sending DATA #0...
Google.Solutions.Compute Verbose: 0 : SshRelayStream [TX: 0 TXA: 0 RX: 0 AQ: 0]: Sending DATA #0...
Google.Solutions.Compute Verbose: 0 : SshRelayStream [TX: 0 TXA: 0 RX: 0 AQ: 0]: Sending DATA #0...
Google.Solutions.Compute Verbose: 0 : SshRelayStream [TX: 0 TXA: 0 RX: 0 AQ: 0]: Sending DATA #0...
Google.Solutions.Compute Verbose: 0 : SshRelayStream [TX: 0 TXA: 0 RX: 0 AQ: 0]: Sending DATA #0...
Google.Solutions.Compute Verbose: 0 : SshRelayStream [TX: 0 TXA: 0 RX: 0 AQ: 0]: Sending DATA #0...
Google.Solutions.Compute Verbose: 0 : SshRelayStream [TX: 0 TXA: 0 RX: 0 AQ: 0]: Sending DATA #0...
Google.Solutions.Compute Verbose: 0 : SshRelayStream [TX: 0 TXA: 0 RX: 0 AQ: 0]: Sending DATA #0...
Google.Solutions.Compute Verbose: 0 : SshRelayStream [TX: 0 TXA: 0 RX: 0 AQ: 0]: Sending DATA #0...
Google.Solutions.Compute Verbose: 0 : SshRelayStream [TX: 0 TXA: 0 RX: 0 AQ: 0]: Sending DATA #0...
Google.Solutions.Compute Verbose: 0 : SshRelayStream [TX: 0 TXA: 0 RX: 0 AQ: 0]: Sending DATA #0...
Google.Solutions.Compute Verbose: 0 : SshRelayStream [TX: 0 TXA: 0 RX: 0 AQ: 0]: Sending DATA #0...
Google.Solutions.Compute Verbose: 0 : SshRelayStream [TX: 0 TXA: 0 RX: 0 AQ: 0]: Sending DATA #0...
Google.Solutions.Compute Verbose: 0 : SshRelayStream [TX: 0 TXA: 0 RX: 0 AQ: 0]: Sending DATA #0...
Google.Solutions.Compute Verbose: 0 : SshRelayStream [TX: 0 TXA: 0 RX: 0 AQ: 0]: Sending DATA #0...
Google.Solutions.Compute Verbose: 0 : SshRelayStream [TX: 0 TXA: 0 RX: 0 AQ: 0]: Sending DATA #0...
Google.Solutions.Compute Verbose: 0 : SshRelayStream [TX: 0 TXA: 0 RX: 0 AQ: 0]: Sending DATA #0...
Google.Solutions.Compute Verbose: 0 : SshRelayStream [TX: 0 TXA: 0 RX: 0 AQ: 0]: Sending DATA #0...
Google.Solutions.Compute Verbose: 0 : SshRelayStream [TX: 0 TXA: 0 RX: 0 AQ: 0]: Sending DATA #0...
Google.Solutions.Compute Verbose: 0 : SshRelayStream [TX: 0 TXA: 0 RX: 0 AQ: 0]: Sending DATA #0...
Google.Solutions.Compute Verbose: 0 : SshRelayStream [TX: 0 TXA: 0 RX: 0 AQ: 0]: Sending DATA #0...
Google.Solutions.Compute Verbose: 0 : SshRelayStream [TX: 0 TXA: 0 RX: 0 AQ: 0]: Sending DATA #0...
Google.Solutions.Compute Verbose: 0 : SshRelayStream [TX: 0 TXA: 0 RX: 0 AQ: 0]: Sending DATA #0...
Google.Solutions.Compute Verbose: 0 : SshRelayStream [TX: 0 TXA: 0 RX: 0 AQ: 0]: Sending DATA #0...
Google.Solutions.Compute Verbose: 0 : SshRelayStream [TX: 0 TXA: 0 RX: 0 AQ: 0]: Sending DATA #0...
Google.Solutions.Compute Verbose: 0 : SshRelayStream [TX: 0 TXA: 0 RX: 0 AQ: 0]: Sending DATA #0...
Google.Solutions.Compute Verbose: 0 : SshRelayStream [TX: 0 TXA: 0 RX: 0 AQ: 0]: Sending DATA #0...
Google.Solutions.Compute Verbose: 0 : SshRelayStream [TX: 0 TXA: 0 RX: 0 AQ: 0]: Sending DATA #0...
Google.Solutions.Compute Verbose: 0 : SshRelayStream [TX: 0 TXA: 0 RX: 0 AQ: 0]: Sending DATA #0...
Google.Solutions.Compute Verbose: 0 : SshRelayStream [TX: 0 TXA: 0 RX: 0 AQ: 0]: Sending DATA #0...
Google.Solutions.Compute Verbose: 0 : SshRelayStream [TX: 0 TXA: 0 RX: 0 AQ: 0]: Sending DATA #0...
Google.Solutions.Compute Verbose: 0 : SshRelayStream [TX: 0 TXA: 0 RX: 0 AQ: 0]: Sending DATA #0...
Google.Solutions.Compute Verbose: 0 : SshRelayStream [TX: 0 TXA: 0 RX: 0 AQ: 0]: Sending DATA #0...
Google.Solutions.Compute Verbose: 0 : SshRelayStream [TX: 0 TXA: 0 RX: 0 AQ: 0]: Sending DATA #0...
Google.Solutions.Compute Verbose: 0 : SshRelayStream [TX: 0 TXA: 0 RX: 0 AQ: 0]: Sending DATA #0...
Google.Solutions.Compute Verbose: 0 : SshRelayStream [TX: 0 TXA: 0 RX: 0 AQ: 0]: Sending DATA #0...
Google.Solutions.Compute Verbose: 0 : SshRelayStream [TX: 0 TXA: 0 RX: 0 AQ: 0]: Sending DATA #0...
Google.Solutions.Compute Verbose: 0 : SshRelayStream [TX: 0 TXA: 0 RX: 0 AQ: 0]: Sending DATA #0...
Google.Solutions.Compute Verbose: 0 : SshRelayStream [TX: 0 TXA: 0 RX: 0 AQ: 0]: Sending DATA #0...
Google.Solutions.Compute Verbose: 0 : SshRelayStream [TX: 1 TXA: 0 RX: 0 AQ: 1]: Sending DATA #1...
Google.Solutions.Compute Verbose: 0 : SshRelayStream [TX: 1 TXA: 0 RX: 0 AQ: 1]: Sending DATA #1...
Google.Solutions.Compute Verbose: 0 : SshRelayStream [TX: 1 TXA: 0 RX: 0 AQ: 1]: Sending DATA #1...
Google.Solutions.Compute Verbose: 0 : SshRelayStream [TX: 1 TXA: 0 RX: 0 AQ: 1]: Sending DATA #1...
Google.Solutions.Compute Verbose: 0 : SshRelayStream [TX: 1 TXA: 0 RX: 0 AQ: 1]: Sending DATA #1...
Google.Solutions.Compute Verbose: 0 : SshRelayStream [TX: 1 TXA: 0 RX: 0 AQ: 1]: Sending DATA #1...
Google.Solutions.Compute Verbose: 0 : SshRelayStream [TX: 1 TXA: 0 RX: 0 AQ: 1]: Sending DATA #1...
Google.Solutions.Compute Verbose: 0 : SshRelayStream [TX: 1 TXA: 0 RX: 0 AQ: 1]: Sending DATA #1...
Google.Solutions.Compute Verbose: 0 : SshRelayStream [TX: 1 TXA: 0 RX: 0 AQ: 1]: Sending DATA #1...
Google.Solutions.Compute Verbose: 0 : SshRelayStream [TX: 1 TXA: 0 RX: 0 AQ: 1]: Sending DATA #1...
Google.Solutions.Compute Verbose: 0 : SshRelayStream [TX: 1 TXA: 0 RX: 0 AQ: 1]: Sending DATA #1...
Google.Solutions.Compute Verbose: 0 : SshRelayStream [TX: 1 TXA: 0 RX: 0 AQ: 1]: Sending DATA #1...
Google.Solutions.Compute Verbose: 0 : SshRelayStream [TX: 1 TXA: 0 RX: 0 AQ: 1]: Sending DATA #1...
Google.Solutions.Compute Verbose: 0 : SshRelayStream [TX: 1 TXA: 0 RX: 0 AQ: 1]: Sending DATA #1...
Google.Solutions.Compute Verbose: 0 : SshRelayStream [TX: 1 TXA: 0 RX: 0 AQ: 1]: Sending DATA #1...
Google.Solutions.Compute Verbose: 0 : SshRelayStream [TX: 1 TXA: 0 RX: 0 AQ: 1]: Sending DATA #1...
Google.Solutions.Compute Verbose: 0 : SshRelayStream [TX: 1 TXA: 0 RX: 0 AQ: 1]: Sending DATA #1...
Google.Solutions.Compute Verbose: 0 : SshRelayStream [TX: 1 TXA: 0 RX: 0 AQ: 1]: Sending DATA #1...
Google.Solutions.Compute Verbose: 0 : SshRelayStream [TX: 1 TXA: 0 RX: 0 AQ: 1]: Sending DATA #1...
Google.Solutions.Compute Verbose: 0 : SshRelayStream [TX: 1 TXA: 0 RX: 0 AQ: 1]: Sending DATA #1...
Google.Solutions.Compute Verbose: 0 : SshRelayStream [TX: 1 TXA: 0 RX: 0 AQ: 1]: Sending DATA #1...
Google.Solutions.Compute Verbose: 0 : SshRelayStream [TX: 1 TXA: 0 RX: 0 AQ: 1]: Sending DATA #1...
Google.Solutions.Compute Verbose: 0 : SshRelayStream [TX: 1 TXA: 0 RX: 0 AQ: 1]: Sending DATA #1...
Google.Solutions.Compute Verbose: 0 : SshRelayStream [TX: 1 TXA: 0 RX: 0 AQ: 1]: Sending DATA #1...
Google.Solutions.Compute Verbose: 0 : SshRelayStream [TX: 1 TXA: 0 RX: 0 AQ: 1]: Sending DATA #1...
Google.Solutions.Compute Verbose: 0 : SshRelayStream [TX: 1 TXA: 0 RX: 0 AQ: 1]: Sending DATA #1...
Google.Solutions.Compute Verbose: 0 : SshRelayStream [TX: 1 TXA: 0 RX: 0 AQ: 1]: Sending DATA #1...
Google.Solutions.Compute Verbose: 0 : SshRelayStream [TX: 1 TXA: 0 RX: 0 AQ: 1]: Sending DATA #1...
Google.Solutions.Compute Verbose: 0 : SshRelayStream [TX: 1 TXA: 0 RX: 0 AQ: 1]: Sending DATA #1...
Google.Solutions.Compute Verbose: 0 : SshRelayStream [TX: 1 TXA: 0 RX: 0 AQ: 1]: Sending DATA #1...
Google.Solutions.Compute Verbose: 0 : SshRelayStream [TX: 1 TXA: 0 RX: 0 AQ: 1]: Sending DATA #1...
Google.Solutions.Compute Verbose: 0 : SshRelayStream [TX: 1 TXA: 0 RX: 0 AQ: 1]: Sending DATA #1...
Google.Solutions.Compute Verbose: 0 : SshRelayStream [TX: 1 TXA: 0 RX: 0 AQ: 1]: Sending DATA #1...
Google.Solutions.Compute Verbose: 0 : SshRelayStream [TX: 1 TXA: 0 RX: 0 AQ: 1]: Sending DATA #1...
Google.Solutions.Compute Verbose: 0 : SshRelayStream [TX: 1 TXA: 0 RX: 0 AQ: 1]: Sending DATA #1...
Google.Solutions.Compute Verbose: 0 : SshRelayStream [TX: 1 TXA: 0 RX: 0 AQ: 1]: Sending DATA #1...
Google.Solutions.Compute Verbose: 0 : SshRelayStream [TX: 1 TXA: 0 RX: 0 AQ: 1]: Sending DATA #1...
Google.Solutions.Compute Verbose: 0 : SshRelayStream [TX: 1 TXA: 0 RX: 0 AQ: 1]: Sending DATA #1...
Google.Solutions.Compute Verbose: 0 : SshRelayStream [TX: 1 TXA: 0 RX: 0 AQ: 1]: Sending DATA #1...
Google.Solutions.Compute Verbose: 0 : SshRelayStream [TX: 1 TXA: 0 RX: 0 AQ: 1]: Sending DATA #1...
Google.Solutions.Compute Verbose: 0 : SshRelayStream [TX: 1 TXA: 0 RX: 0 AQ: 1]: Sending DATA #1...
Google.Solutions.Compute Verbose: 0 : SshRelayStream [TX: 1 TXA: 0 RX: 0 AQ: 1]: Sending DATA #1...
Google.Solutions.Compute Verbose: 0 : SshRelayStream [TX: 1 TXA: 0 RX: 0 AQ: 1]: Sending DATA #1...
Google.Solutions.Compute Verbose: 0 : SshRelayStream [TX: 1 TXA: 0 RX: 0 AQ: 1]: Sending DATA #1...
Google.Solutions.Compute Verbose: 0 : SshRelayStream [TX: 1 TXA: 0 RX: 0 AQ: 1]: Sending DATA #1...
Google.Solutions.Compute Verbose: 0 : SshRelayStream [TX: 1 TXA: 0 RX: 0 AQ: 1]: Sending DATA #1...
Google.Solutions.Compute Verbose: 0 : SshRelayStream [TX: 1 TXA: 0 RX: 0 AQ: 1]: Sending DATA #1...
Google.Solutions.Compute Verbose: 0 : SshRelayStream [TX: 1 TXA: 0 RX: 0 AQ: 1]: Sending DATA #1...
Google.Solutions.Compute Verbose: 0 : SshRelayStream [TX: 1 TXA: 0 RX: 0 AQ: 1]: Sending DATA #1...
Google.Solutions.Compute Verbose: 0 : SshRelayStream [TX: 1 TXA: 0 RX: 0 AQ: 1]: Sending DATA #1...
Google.Solutions.Compute Verbose: 0 : SshRelayStream [TX: 1 TXA: 0 RX: 0 AQ: 1]: Sending DATA #1...
Google.Solutions.Compute Verbose: 0 : SshRelayStream [TX: 1 TXA: 0 RX: 0 AQ: 1]: Sending DATA #1...
Google.Solutions.Compute Verbose: 0 : SshRelayStream [TX: 1 TXA: 0 RX: 0 AQ: 1]: Sending DATA #1...
Google.Solutions.Compute Verbose: 0 : SshRelayStream [TX: 2 TXA: 0 RX: 0 AQ: 2]: Sending DATA #2...
Google.Solutions.Compute Verbose: 0 : SshRelayStream [TX: 2 TXA: 0 RX: 0 AQ: 2]: Sending DATA #2...
Google.Solutions.Compute Verbose: 0 : SshRelayStream [TX: 2 TXA: 0 RX: 0 AQ: 2]: Sending DATA #2...
Google.Solutions.Compute Verbose: 0 : SshRelayStream [TX: 2 TXA: 0 RX: 0 AQ: 2]: Sending DATA #2...
Google.Solutions.Compute Verbose: 0 : SshRelayStream [TX: 2 TXA: 0 RX: 0 AQ: 2]: Sending DATA #2...
Google.Solutions.Compute Verbose: 0 : SshRelayStream [TX: 2 TXA: 0 RX: 0 AQ: 2]: Sending DATA #2...
Google.Solutions.Compute Verbose: 0 : SshRelayStream [TX: 2 TXA: 0 RX: 0 AQ: 2]: Sending DATA #2...
Google.Solutions.Compute Verbose: 0 : SshRelayStream [TX: 2 TXA: 0 RX: 0 AQ: 2]: Sending DATA #2...
Google.Solutions.Compute Verbose: 0 : SshRelayStream [TX: 2 TXA: 0 RX: 0 AQ: 2]: Sending DATA #2...
Google.Solutions.Compute Verbose: 0 : SshRelayStream [TX: 2 TXA: 0 RX: 0 AQ: 2]: Sending DATA #2...
Google.Solutions.Compute Verbose: 0 : SshRelayStream [TX: 2 TXA: 0 RX: 0 AQ: 2]: Sending DATA #2...
Google.Solutions.Compute Verbose: 0 : SshRelayStream [TX: 2 TXA: 0 RX: 0 AQ: 2]: Sending DATA #2...
Google.Solutions.Compute Verbose: 0 : SshRelayStream [TX: 2 TXA: 0 RX: 0 AQ: 2]: Sending DATA #2...
Google.Solutions.Compute Verbose: 0 : SshRelayStream [TX: 2 TXA: 0 RX: 0 AQ: 2]: Sending DATA #2...
Google.Solutions.Compute Verbose: 0 : SshRelayStream [TX: 2 TXA: 0 RX: 0 AQ: 2]: Sending DATA #2...
Google.Solutions.Compute Verbose: 0 : SshRelayStream [TX: 2 TXA: 0 RX: 0 AQ: 2]: Sending DATA #2...
Google.Solutions.Compute Verbose: 0 : SshRelayStream [TX: 2 TXA: 0 RX: 0 AQ: 2]: Sending DATA #2...
Google.Solutions.Compute Verbose: 0 : SshRelayStream [TX: 2 TXA: 0 RX: 0 AQ: 2]: Sending DATA #2...
Google.Solutions.Compute Verbose: 0 : SshRelayStream [TX: 2 TXA: 0 RX: 0 AQ: 2]: Sending DATA #2...
Google.Solutions.Compute Verbose: 0 : SshRelayStream [TX: 2 TXA: 0 RX: 0 AQ: 2]: Sending DATA #2...
Google.Solutions.Compute Verbose: 0 : SshRelayStream [TX: 2 TXA: 0 RX: 0 AQ: 2]: Sending DATA #2...
Google.Solutions.Compute Verbose: 0 : SshRelayStream [TX: 2 TXA: 0 RX: 0 AQ: 2]: Sending DATA #2...
Google.Solutions.Compute Verbose: 0 : SshRelayStream [TX: 2 TXA: 0 RX: 0 AQ: 2]: Sending DATA #2...
Google.Solutions.Compute Verbose: 0 : SshRelayStream [TX: 2 TXA: 0 RX: 0 AQ: 2]: Sending DATA #2...
Google.Solutions.Compute Verbose: 0 : SshRelayStream [TX: 2 TXA: 0 RX: 0 AQ: 2]: Sending DATA #2...
Google.Solutions.Compute Verbose: 0 : SshRelayStream [TX: 2 TXA: 0 RX: 0 AQ: 2]: Sending DATA #2...
Google.Solutions.Compute Verbose: 0 : SshRelayStream [TX: 2 TXA: 0 RX: 0 AQ: 2]: Sending DATA #2...
Google.Solutions.Compute Verbose: 0 : SshRelayStream [TX: 2 TXA: 0 RX: 0 AQ: 2]: Sending DATA #2...
Google.Solutions.Compute Verbose: 0 : SshRelayStream [TX: 2 TXA: 0 RX: 0 AQ: 2]: Sending DATA #2...
Google.Solutions.Compute Verbose: 0 : SshRelayStream [TX: 2 TXA: 0 RX: 0 AQ: 2]: Sending DATA #2...
Google.Solutions.Compute Verbose: 0 : SshRelayStream [TX: 2 TXA: 0 RX: 0 AQ: 2]: Sending DATA #2...
Google.Solutions.Compute Verbose: 0 : SshRelayStream [TX: 2 TXA: 0 RX: 0 AQ: 2]: Sending DATA #2...
Google.Solutions.Compute Verbose: 0 : SshRelayStream [TX: 2 TXA: 0 RX: 0 AQ: 2]: Sending DATA #2...
Google.Solutions.Compute Verbose: 0 : SshRelayStream [TX: 2 TXA: 0 RX: 0 AQ: 2]: Sending DATA #2...
Google.Solutions.Compute Verbose: 0 : SshRelayStream [TX: 2 TXA: 0 RX: 0 AQ: 2]: Sending DATA #2...
Google.Solutions.Compute Verbose: 0 : SshRelayStream [TX: 2 TXA: 0 RX: 0 AQ: 2]: Sending DATA #2...
Google.Solutions.Compute Verbose: 0 : SshRelayStream [TX: 2 TXA: 0 RX: 0 AQ: 2]: Sending DATA #2...
Google.Solutions.Compute Verbose: 0 : SshRelayStream [TX: 2 TXA: 0 RX: 0 AQ: 2]: Sending DATA #2...
Google.Solutions.Compute Verbose: 0 : SshRelayStream [TX: 2 TXA: 0 RX: 0 AQ: 2]: Sending DATA #2...
Google.Solutions.Compute Verbose: 0 : SshRelayStream [TX: 2 TXA: 0 RX: 0 AQ: 2]: Sending DATA #2...
Google.Solutions.Compute Verbose: 0 : SshRelayStream [TX: 2 TXA: 0 RX: 0 AQ: 2]: Sending DATA #2...
Google.Solutions.Compute Verbose: 0 : SshRelayStream [TX: 2 TXA: 0 RX: 0 AQ: 2]: Sending DATA #2...
Google.Solutions.Compute Verbose: 0 : SshRelayStream [TX: 2 TXA: 0 RX: 0 AQ: 2]: Sending DATA #2...
Google.Solutions.Compute Verbose: 0 : SshRelayStream [TX: 2 TXA: 0 RX: 0 AQ: 2]: Sending DATA #2...
Google.Solutions.Compute Verbose: 0 : SshRelayStream [TX: 2 TXA: 0 RX: 0 AQ: 2]: Sending DATA #2...
Google.Solutions.Compute Verbose: 0 : SshRelayStream [TX: 2 TXA: 0 RX: 0 AQ: 2]: Sending DATA #2...
Google.Solutions.Compute Verbose: 0 : SshRelayStream [TX: 2 TXA: 0 RX: 0 AQ: 2]: Sending DATA #2...
Google.Solutions.Compute Verbose: 0 : SshRelayStream [TX: 2 TXA: 0 RX: 0 AQ: 2]: Sending DATA #2...
Google.Solutions.Compute Verbose: 0 : SshRelayStream [TX: 2 TXA: 0 RX: 0 AQ: 2]: Sending DATA #2...
Google.Solutions.Compute Verbose: 0 : SshRelayStream [TX: 2 TXA: 0 RX: 0 AQ: 2]: Sending DATA #2...
Google.Solutions.Compute Verbose: 0 : SshRelayStream [TX: 2 TXA: 0 RX: 0 AQ: 2]: Sending DATA #2...
Google.Solutions.Compute Verbose: 0 : SshRelayStream [TX: 2 TXA: 0 RX: 0 AQ: 2]: Sending DATA #2...
Google.Solutions.Compute Verbose: 0 : SshRelayStream [TX: 2 TXA: 0 RX: 0 AQ: 2]: Sending DATA #2...
Google.Solutions.Compute Verbose: 0 : SshRelayStream [TX: 2 TXA: 0 RX: 0 AQ: 2]: Connection closed abnormally: INVALID_TAG
Google.Solutions.Compute Verbose: 0 : SshRelayStream [TX: 2 TXA: 0 RX: 0 AQ: 2]: Connection closed abnormally: INVALID_TAG
Google.Solutions.Compute Verbose: 0 : SshRelayStream [TX: 2 TXA: 0 RX: 0 AQ: 2]: Connection closed abnormally: INVALID_TAG
Google.Solutions.Compute Verbose: 0 : SshRelayStream [TX: 2 TXA: 0 RX: 0 AQ: 2]: Connection closed abnormally: INVALID_TAG
Google.Solutions.Compute Verbose: 0 : SshRelayStream [TX: 2 TXA: 0 RX: 0 AQ: 2]: Connection closed abnormally: INVALID_TAG
Google.Solutions.Compute Verbose: 0 : SshRelayStream [TX: 2 TXA: 0 RX: 0 AQ: 2]: Connection closed abnormally: INVALID_TAG
Google.Solutions.Compute Verbose: 0 : SshRelayStream [TX: 2 TXA: 0 RX: 0 AQ: 2]: Connection closed abnormally: INVALID_TAG
Google.Solutions.Compute Verbose: 0 : SshRelayStream [TX: 2 TXA: 0 RX: 0 AQ: 2]: Connection closed abnormally: INVALID_TAG
Google.Solutions.Compute Verbose: 0 : SshRelayStream [TX: 2 TXA: 0 RX: 0 AQ: 2]: Connection closed abnormally: INVALID_TAG
Google.Solutions.Compute Verbose: 0 : SshRelayStream [TX: 2 TXA: 0 RX: 0 AQ: 2]: Connection closed abnormally: INVALID_TAG
Google.Solutions.Compute Verbose: 0 : SshRelayStream [TX: 2 TXA: 0 RX: 0 AQ: 2]: Connection closed abnormally: INVALID_TAG
Google.Solutions.Compute Verbose: 0 : SshRelayStream [TX: 2 TXA: 0 RX: 0 AQ: 2]: Connection closed abnormally: INVALID_TAG
Google.Solutions.Compute Verbose: 0 : SshRelayStream [TX: 2 TXA: 0 RX: 0 AQ: 2]: Connection closed abnormally: INVALID_TAG
Google.Solutions.Compute Verbose: 0 : SshRelayStream [TX: 2 TXA: 0 RX: 0 AQ: 2]: Connection closed abnormally: INVALID_TAG
Google.Solutions.Compute Verbose: 0 : SshRelayStream [TX: 2 TXA: 0 RX: 0 AQ: 2]: Connection closed abnormally: INVALID_TAG
Google.Solutions.Compute Verbose: 0 : SshRelayStream [TX: 2 TXA: 0 RX: 0 AQ: 2]: Connection closed abnormally: INVALID_TAG
Google.Solutions.Compute Verbose: 0 : SshRelayStream [TX: 2 TXA: 0 RX: 0 AQ: 2]: Connection closed abnormally: INVALID_TAG
Google.Solutions.Compute Verbose: 0 : SshRelayStream [TX: 2 TXA: 0 RX: 0 AQ: 2]: Connection closed abnormally: INVALID_TAG
Google.Solutions.Compute Verbose: 0 : SshRelayStream [TX: 2 TXA: 0 RX: 0 AQ: 2]: Connection closed abnormally: INVALID_TAG
Google.Solutions.Compute Verbose: 0 : SshRelayStream [TX: 2 TXA: 0 RX: 0 AQ: 2]: Connection closed abnormally: INVALID_TAG
Google.Solutions.Compute Verbose: 0 : SshRelayStream [TX: 2 TXA: 0 RX: 0 AQ: 2]: Connection closed abnormally: INVALID_TAG
Google.Solutions.Compute Verbose: 0 : SshRelayStream [TX: 2 TXA: 0 RX: 0 AQ: 2]: Connection closed abnormally: INVALID_TAG
Google.Solutions.Compute Verbose: 0 : SshRelayStream [TX: 2 TXA: 0 RX: 0 AQ: 2]: Connection closed abnormally: INVALID_TAG
Google.Solutions.Compute Verbose: 0 : SshRelayStream [TX: 2 TXA: 0 RX: 0 AQ: 2]: Connection closed abnormally: INVALID_TAG
Google.Solutions.Compute Verbose: 0 : SshRelayStream [TX: 2 TXA: 0 RX: 0 AQ: 2]: Connection closed abnormally: INVALID_TAG
Google.Solutions.Compute Verbose: 0 : SshRelayStream [TX: 2 TXA: 0 RX: 0 AQ: 2]: Connection closed abnormally: INVALID_TAG
Google.Solutions.Compute Verbose: 0 : SshRelayStream [TX: 2 TXA: 0 RX: 0 AQ: 2]: Connection closed abnormally: INVALID_TAG
Google.Solutions.Compute Verbose: 0 : SshRelayStream [TX: 2 TXA: 0 RX: 0 AQ: 2]: Connection closed abnormally: INVALID_TAG
Google.Solutions.Compute Verbose: 0 : SshRelayStream [TX: 2 TXA: 0 RX: 0 AQ: 2]: Connection closed abnormally: INVALID_TAG
Google.Solutions.Compute Verbose: 0 : SshRelayStream [TX: 2 TXA: 0 RX: 0 AQ: 2]: Connection closed abnormally: INVALID_TAG
Google.Solutions.Compute Verbose: 0 : SshRelayStream [TX: 2 TXA: 0 RX: 0 AQ: 2]: Connection closed abnormally: INVALID_TAG
Google.Solutions.Compute Verbose: 0 : SshRelayStream [TX: 2 TXA: 0 RX: 0 AQ: 2]: Connection closed abnormally: INVALID_TAG
Google.Solutions.Compute Verbose: 0 : SshRelayStream [TX: 2 TXA: 0 RX: 0 AQ: 2]: Connection closed abnormally: INVALID_TAG
Google.Solutions.Compute Verbose: 0 : SshRelayStream [TX: 2 TXA: 0 RX: 0 AQ: 2]: Connection closed abnormally: INVALID_TAG
Google.Solutions.Compute Verbose: 0 : SshRelayStream [TX: 2 TXA: 0 RX: 0 AQ: 2]: Connection closed abnormally: INVALID_TAG
Google.Solutions.Compute Verbose: 0 : SshRelayStream [TX: 2 TXA: 0 RX: 0 AQ: 2]: Connection closed abnormally: INVALID_TAG
Google.Solutions.Compute Verbose: 0 : SshRelayStream [TX: 2 TXA: 0 RX: 0 AQ: 2]: Connection closed abnormally: INVALID_TAG
Google.Solutions.Compute Verbose: 0 : SshRelayStream [TX: 2 TXA: 0 RX: 0 AQ: 2]: Connection closed abnormally: INVALID_TAG
Google.Solutions.Compute Verbose: 0 : SshRelayStream [TX: 2 TXA: 0 RX: 0 AQ: 2]: Connection closed abnormally: INVALID_TAG
Google.Solutions.Compute Verbose: 0 : SshRelayStream [TX: 2 TXA: 0 RX: 0 AQ: 2]: Connection closed abnormally: INVALID_TAG
Google.Solutions.Compute Verbose: 0 : SshRelayStream [TX: 2 TXA: 0 RX: 0 AQ: 2]: Connection closed abnormally: INVALID_TAG
Google.Solutions.Compute Verbose: 0 : SshRelayStream [TX: 2 TXA: 0 RX: 0 AQ: 2]: Connection closed abnormally: INVALID_TAG
Google.Solutions.Compute Verbose: 0 : SshRelayStream [TX: 2 TXA: 0 RX: 0 AQ: 2]: Connection closed abnormally: INVALID_TAG
Google.Solutions.Compute Verbose: 0 : SshRelayStream [TX: 2 TXA: 0 RX: 0 AQ: 2]: Connection closed abnormally: INVALID_TAG
Google.Solutions.Compute Verbose: 0 : SshRelayStream [TX: 2 TXA: 0 RX: 0 AQ: 2]: Connection closed abnormally: INVALID_TAG
Google.Solutions.Compute Verbose: 0 : SshRelayStream [TX: 2 TXA: 0 RX: 0 AQ: 2]: Connection closed abnormally: INVALID_TAG
Google.Solutions.Compute Verbose: 0 : SshRelayStream [TX: 2 TXA: 0 RX: 0 AQ: 2]: Connection closed abnormally: INVALID_TAG
Google.Solutions.Compute Verbose: 0 : SshRelayStream [TX: 2 TXA: 0 RX: 0 AQ: 2]: Connection closed abnormally: INVALID_TAG
Google.Solutions.Compute Verbose: 0 : SshRelayStream [TX: 2 TXA: 0 RX: 0 AQ: 2]: Connection closed abnormally: INVALID_TAG
Google.Solutions.Compute Verbose: 0 : SshRelayStream [TX: 2 TXA: 0 RX: 0 AQ: 2]: Connection closed abnormally: INVALID_TAG
Google.Solutions.Compute Verbose: 0 : SshRelayStream [TX: 2 TXA: 0 RX: 0 AQ: 2]: Connection closed abnormally: INVALID_TAG
Google.Solutions.Compute Verbose: 0 : SshRelayStream [TX: 2 TXA: 0 RX: 0 AQ: 2]: Connection closed abnormally: INVALID_TAG
Google.Solutions.Compute Verbose: 0 : SshRelayStream [TX: 2 TXA: 0 RX: 0 AQ: 2]: Connection closed abnormally: INVALID_TAG
Google.Solutions.Compute Verbose: 0 : SshRelayStream [TX: 2 TXA: 0 RX: 0 AQ: 2]: Disconnecting, preparing to reconnect
Google.Solutions.Compute Verbose: 0 : SshRelayStream [TX: 2 TXA: 0 RX: 0 AQ: 2]: Disconnecting, preparing to reconnect
Google.Solutions.Compute Verbose: 0 : SshRelayStream [TX: 2 TXA: 0 RX: 0 AQ: 2]: Disconnecting, preparing to reconnect
Google.Solutions.Compute Verbose: 0 : SshRelayStream [TX: 2 TXA: 0 RX: 0 AQ: 2]: Disconnecting, preparing to reconnect
Google.Solutions.Compute Verbose: 0 : SshRelayStream [TX: 2 TXA: 0 RX: 0 AQ: 2]: Disconnecting, preparing to reconnect
Google.Solutions.Compute Verbose: 0 : SshRelayStream [TX: 2 TXA: 0 RX: 0 AQ: 2]: Disconnecting, preparing to reconnect
Google.Solutions.Compute Verbose: 0 : SshRelayStream [TX: 2 TXA: 0 RX: 0 AQ: 2]: Disconnecting, preparing to reconnect
Google.Solutions.Compute Verbose: 0 : SshRelayStream [TX: 2 TXA: 0 RX: 0 AQ: 2]: Disconnecting, preparing to reconnect
Google.Solutions.Compute Verbose: 0 : SshRelayStream [TX: 2 TXA: 0 RX: 0 AQ: 2]: Disconnecting, preparing to reconnect
Google.Solutions.Compute Verbose: 0 : SshRelayStream [TX: 2 TXA: 0 RX: 0 AQ: 2]: Disconnecting, preparing to reconnect
Google.Solutions.Compute Verbose: 0 : SshRelayStream [TX: 2 TXA: 0 RX: 0 AQ: 2]: Disconnecting, preparing to reconnect
Google.Solutions.Compute Verbose: 0 : SshRelayStream [TX: 2 TXA: 0 RX: 0 AQ: 2]: Disconnecting, preparing to reconnect
Google.Solutions.Compute Verbose: 0 : SshRelayStream [TX: 2 TXA: 0 RX: 0 AQ: 2]: Disconnecting, preparing to reconnect
Google.Solutions.Compute Verbose: 0 : SshRelayStream [TX: 2 TXA: 0 RX: 0 AQ: 2]: Disconnecting, preparing to reconnect
Google.Solutions.Compute Verbose: 0 : SshRelayStream [TX: 2 TXA: 0 RX: 0 AQ: 2]: Disconnecting, preparing to reconnect
Google.Solutions.Compute Verbose: 0 : SshRelayStream [TX: 2 TXA: 0 RX: 0 AQ: 2]: Disconnecting, preparing to reconnect
Google.Solutions.Compute Verbose: 0 : SshRelayStream [TX: 2 TXA: 0 RX: 0 AQ: 2]: Disconnecting, preparing to reconnect
Google.Solutions.Compute Verbose: 0 : SshRelayStream [TX: 2 TXA: 0 RX: 0 AQ: 2]: Disconnecting, preparing to reconnect
Google.Solutions.Compute Verbose: 0 : SshRelayStream [TX: 2 TXA: 0 RX: 0 AQ: 2]: Disconnecting, preparing to reconnect
Google.Solutions.Compute Verbose: 0 : SshRelayStream [TX: 2 TXA: 0 RX: 0 AQ: 2]: Disconnecting, preparing to reconnect
Google.Solutions.Compute Verbose: 0 : SshRelayStream [TX: 2 TXA: 0 RX: 0 AQ: 2]: Disconnecting, preparing to reconnect
Google.Solutions.Compute Verbose: 0 : SshRelayStream [TX: 2 TXA: 0 RX: 0 AQ: 2]: Disconnecting, preparing to reconnect
Google.Solutions.Compute Verbose: 0 : SshRelayStream [TX: 2 TXA: 0 RX: 0 AQ: 2]: Disconnecting, preparing to reconnect
Google.Solutions.Compute Verbose: 0 : SshRelayStream [TX: 2 TXA: 0 RX: 0 AQ: 2]: Disconnecting, preparing to reconnect
Google.Solutions.Compute Verbose: 0 : SshRelayStream [TX: 2 TXA: 0 RX: 0 AQ: 2]: Disconnecting, preparing to reconnect
Google.Solutions.Compute Verbose: 0 : SshRelayStream [TX: 2 TXA: 0 RX: 0 AQ: 2]: Disconnecting, preparing to reconnect
Google.Solutions.Compute Verbose: 0 : SshRelayStream [TX: 2 TXA: 0 RX: 0 AQ: 2]: Disconnecting, preparing to reconnect
Google.Solutions.Compute Verbose: 0 : SshRelayStream [TX: 2 TXA: 0 RX: 0 AQ: 2]: Disconnecting, preparing to reconnect
Google.Solutions.Compute Verbose: 0 : SshRelayStream [TX: 2 TXA: 0 RX: 0 AQ: 2]: Disconnecting, preparing to reconnect
Google.Solutions.Compute Verbose: 0 : SshRelayStream [TX: 2 TXA: 0 RX: 0 AQ: 2]: Disconnecting, preparing to reconnect
Google.Solutions.Compute Verbose: 0 : SshRelayStream [TX: 2 TXA: 0 RX: 0 AQ: 2]: Disconnecting, preparing to reconnect
Google.Solutions.Compute Verbose: 0 : SshRelayStream [TX: 2 TXA: 0 RX: 0 AQ: 2]: Disconnecting, preparing to reconnect
Google.Solutions.Compute Verbose: 0 : SshRelayStream [TX: 2 TXA: 0 RX: 0 AQ: 2]: Disconnecting, preparing to reconnect
Google.Solutions.Compute Verbose: 0 : SshRelayStream [TX: 2 TXA: 0 RX: 0 AQ: 2]: Disconnecting, preparing to reconnect
Google.Solutions.Compute Verbose: 0 : SshRelayStream [TX: 2 TXA: 0 RX: 0 AQ: 2]: Disconnecting, preparing to reconnect
Google.Solutions.Compute Verbose: 0 : SshRelayStream [TX: 2 TXA: 0 RX: 0 AQ: 2]: Disconnecting, preparing to reconnect
Google.Solutions.Compute Verbose: 0 : SshRelayStream [TX: 2 TXA: 0 RX: 0 AQ: 2]: Disconnecting, preparing to reconnect
Google.Solutions.Compute Verbose: 0 : SshRelayStream [TX: 2 TXA: 0 RX: 0 AQ: 2]: Disconnecting, preparing to reconnect
Google.Solutions.Compute Verbose: 0 : SshRelayStream [TX: 2 TXA: 0 RX: 0 AQ: 2]: Disconnecting, preparing to reconnect
Google.Solutions.Compute Verbose: 0 : SshRelayStream [TX: 2 TXA: 0 RX: 0 AQ: 2]: Disconnecting, preparing to reconnect
Google.Solutions.Compute Verbose: 0 : SshRelayStream [TX: 2 TXA: 0 RX: 0 AQ: 2]: Disconnecting, preparing to reconnect
Google.Solutions.Compute Verbose: 0 : SshRelayStream [TX: 2 TXA: 0 RX: 0 AQ: 2]: Disconnecting, preparing to reconnect
Google.Solutions.Compute Verbose: 0 : SshRelayStream [TX: 2 TXA: 0 RX: 0 AQ: 2]: Disconnecting, preparing to reconnect
Google.Solutions.Compute Verbose: 0 : SshRelayStream [TX: 2 TXA: 0 RX: 0 AQ: 2]: Disconnecting, preparing to reconnect
Google.Solutions.Compute Verbose: 0 : SshRelayStream [TX: 2 TXA: 0 RX: 0 AQ: 2]: Disconnecting, preparing to reconnect
Google.Solutions.Compute Verbose: 0 : SshRelayStream [TX: 2 TXA: 0 RX: 0 AQ: 2]: Disconnecting, preparing to reconnect
Google.Solutions.Compute Verbose: 0 : SshRelayStream [TX: 2 TXA: 0 RX: 0 AQ: 2]: Disconnecting, preparing to reconnect
Google.Solutions.Compute Verbose: 0 : SshRelayStream [TX: 2 TXA: 0 RX: 0 AQ: 2]: Disconnecting, preparing to reconnect
Google.Solutions.Compute Verbose: 0 : SshRelayStream [TX: 2 TXA: 0 RX: 0 AQ: 2]: Disconnecting, preparing to reconnect
Google.Solutions.Compute Verbose: 0 : SshRelayStream [TX: 2 TXA: 0 RX: 0 AQ: 2]: Disconnecting, preparing to reconnect
Google.Solutions.Compute Verbose: 0 : SshRelayStream [TX: 2 TXA: 0 RX: 0 AQ: 2]: Disconnecting, preparing to reconnect
Google.Solutions.Compute Verbose: 0 : SshRelayStream [TX: 2 TXA: 0 RX: 0 AQ: 2]: Disconnecting, preparing to reconnect
Google.Solutions.Compute Verbose: 0 : SshRelayStream [TX: 2 TXA: 0 RX: 0 AQ: 2]: Disconnecting, preparing to reconnect
Google.Solutions.Compute Verbose: 0 : SshRelayStream [TX: 2 TXA: 0 RX: 0 AQ: 2]: Disonnected.
Google.Solutions.Compute Verbose: 0 : SshRelayStream [TX: 2 TXA: 0 RX: 0 AQ: 2]: Disonnected.
Google.Solutions.Compute Verbose: 0 : SshRelayStream [TX: 2 TXA: 0 RX: 0 AQ: 2]: Disonnected.
Google.Solutions.Compute Verbose: 0 : SshRelayStream [TX: 2 TXA: 0 RX: 0 AQ: 2]: Disonnected.
Google.Solutions.Compute Verbose: 0 : SshRelayStream [TX: 2 TXA: 0 RX: 0 AQ: 2]: Disonnected.
Google.Solutions.Compute Verbose: 0 : SshRelayStream [TX: 2 TXA: 0 RX: 0 AQ: 2]: Disonnected.
Google.Solutions.Compute Verbose: 0 : SshRelayStream [TX: 2 TXA: 0 RX: 0 AQ: 2]: Disonnected.
Google.Solutions.Compute Verbose: 0 : SshRelayStream [TX: 2 TXA: 0 RX: 0 AQ: 2]: Disonnected.
Google.Solutions.Compute Verbose: 0 : SshRelayStream [TX: 2 TXA: 0 RX: 0 AQ: 2]: Disonnected.
Google.Solutions.Compute Verbose: 0 : SshRelayStream [TX: 2 TXA: 0 RX: 0 AQ: 2]: Disonnected.
Google.Solutions.Compute Verbose: 0 : SshRelayStream [TX: 2 TXA: 0 RX: 0 AQ: 2]: Disonnected.
Google.Solutions.Compute Verbose: 0 : SshRelayStream [TX: 2 TXA: 0 RX: 0 AQ: 2]: Disonnected.
Google.Solutions.Compute Verbose: 0 : SshRelayStream [TX: 2 TXA: 0 RX: 0 AQ: 2]: Disonnected.
Google.Solutions.Compute Verbose: 0 : SshRelayStream [TX: 2 TXA: 0 RX: 0 AQ: 2]: Disonnected.
Google.Solutions.Compute Verbose: 0 : SshRelayStream [TX: 2 TXA: 0 RX: 0 AQ: 2]: Disonnected.
Google.Solutions.Compute Verbose: 0 : SshRelayStream [TX: 2 TXA: 0 RX: 0 AQ: 2]: Disonnected.
Google.Solutions.Compute Verbose: 0 : SshRelayStream [TX: 2 TXA: 0 RX: 0 AQ: 2]: Disonnected.
Google.Solutions.Compute Verbose: 0 : SshRelayStream [TX: 2 TXA: 0 RX: 0 AQ: 2]: Disonnected.
Google.Solutions.Compute Verbose: 0 : SshRelayStream [TX: 2 TXA: 0 RX: 0 AQ: 2]: Disonnected.
Google.Solutions.Compute Verbose: 0 : SshRelayStream [TX: 2 TXA: 0 RX: 0 AQ: 2]: Disonnected.
Google.Solutions.Compute Verbose: 0 : SshRelayStream [TX: 2 TXA: 0 RX: 0 AQ: 2]: Disonnected.
Google.Solutions.Compute Verbose: 0 : SshRelayStream [TX: 2 TXA: 0 RX: 0 AQ: 2]: Disonnected.
Google.Solutions.Compute Verbose: 0 : SshRelayStream [TX: 2 TXA: 0 RX: 0 AQ: 2]: Disonnected.
Google.Solutions.Compute Verbose: 0 : SshRelayStream [TX: 2 TXA: 0 RX: 0 AQ: 2]: Disonnected.
Google.Solutions.Compute Verbose: 0 : SshRelayStream [TX: 2 TXA: 0 RX: 0 AQ: 2]: Disonnected.
Google.Solutions.Compute Verbose: 0 : SshRelayStream [TX: 2 TXA: 0 RX: 0 AQ: 2]: Disonnected.
Google.Solutions.Compute Verbose: 0 : SshRelayStream [TX: 2 TXA: 0 RX: 0 AQ: 2]: Disonnected.
Google.Solutions.Compute Verbose: 0 : SshRelayStream [TX: 2 TXA: 0 RX: 0 AQ: 2]: Disonnected.
Google.Solutions.Compute Verbose: 0 : SshRelayStream [TX: 2 TXA: 0 RX: 0 AQ: 2]: Disonnected.
Google.Solutions.Compute Verbose: 0 : SshRelayStream [TX: 2 TXA: 0 RX: 0 AQ: 2]: Disonnected.
Google.Solutions.Compute Verbose: 0 : SshRelayStream [TX: 2 TXA: 0 RX: 0 AQ: 2]: Disonnected.
Google.Solutions.Compute Verbose: 0 : SshRelayStream [TX: 2 TXA: 0 RX: 0 AQ: 2]: Disonnected.
Google.Solutions.Compute Verbose: 0 : SshRelayStream [TX: 2 TXA: 0 RX: 0 AQ: 2]: Disonnected.
Google.Solutions.Compute Verbose: 0 : SshRelayStream [TX: 2 TXA: 0 RX: 0 AQ: 2]: Disonnected.
Google.Solutions.Compute Verbose: 0 : SshRelayStream [TX: 2 TXA: 0 RX: 0 AQ: 2]: Disonnected.
Google.Solutions.Compute Verbose: 0 : SshRelayStream [TX: 2 TXA: 0 RX: 0 AQ: 2]: Disonnected.
Google.Solutions.Compute Verbose: 0 : SshRelayStream [TX: 2 TXA: 0 RX: 0 AQ: 2]: Disonnected.
Google.Solutions.Compute Verbose: 0 : SshRelayStream [TX: 2 TXA: 0 RX: 0 AQ: 2]: Disonnected.
Google.Solutions.Compute Verbose: 0 : SshRelayStream [TX: 2 TXA: 0 RX: 0 AQ: 2]: Disonnected.
Google.Solutions.Compute Verbose: 0 : SshRelayStream [TX: 2 TXA: 0 RX: 0 AQ: 2]: Disonnected.
Google.Solutions.Compute Verbose: 0 : SshRelayStream [TX: 2 TXA: 0 RX: 0 AQ: 2]: Disonnected.
Google.Solutions.Compute Verbose: 0 : SshRelayStream [TX: 2 TXA: 0 RX: 0 AQ: 2]: Disonnected.
Google.Solutions.Compute Verbose: 0 : SshRelayStream [TX: 2 TXA: 0 RX: 0 AQ: 2]: Disonnected.
Google.Solutions.Compute Verbose: 0 : SshRelayStream [TX: 2 TXA: 0 RX: 0 AQ: 2]: Disonnected.
Google.Solutions.Compute Verbose: 0 : SshRelayStream [TX: 2 TXA: 0 RX: 0 AQ: 2]: Disonnected.
Google.Solutions.Compute Verbose: 0 : SshRelayStream [TX: 2 TXA: 0 RX: 0 AQ: 2]: Disonnected.
Google.Solutions.Compute Verbose: 0 : SshRelayStream [TX: 2 TXA: 0 RX: 0 AQ: 2]: Disonnected.
Google.Solutions.Compute Verbose: 0 : SshRelayStream [TX: 2 TXA: 0 RX: 0 AQ: 2]: Disonnected.
Google.Solutions.Compute Verbose: 0 : SshRelayStream [TX: 2 TXA: 0 RX: 0 AQ: 2]: Disonnected.
Google.Solutions.Compute Verbose: 0 : SshRelayStream [TX: 2 TXA: 0 RX: 0 AQ: 2]: Disonnected.
Google.Solutions.Compute Verbose: 0 : SshRelayStream [TX: 2 TXA: 0 RX: 0 AQ: 2]: Disonnected.
Google.Solutions.Compute Verbose: 0 : SshRelayStream [TX: 2 TXA: 0 RX: 0 AQ: 2]: Disonnected.
Google.Solutions.Compute Verbose: 0 : SshRelayStream [TX: 2 TXA: 0 RX: 0 AQ: 2]: Disonnected.
Google.Solutions.Compute Verbose: 0 : SshRelayStream [TX: 2 TXA: 0 RX: 0 AQ: 2]: Connecting...
Google.Solutions.Compute Verbose: 0 : SshRelayStream [TX: 2 TXA: 0 RX: 0 AQ: 2]: Connecting...
Google.Solutions.Compute Verbose: 0 : SshRelayStream [TX: 2 TXA: 0 RX: 0 AQ: 2]: Connecting...
Google.Solutions.Compute Verbose: 0 : SshRelayStream [TX: 2 TXA: 0 RX: 0 AQ: 2]: Connecting...
Google.Solutions.Compute Verbose: 0 : SshRelayStream [TX: 2 TXA: 0 RX: 0 AQ: 2]: Connecting...
Google.Solutions.Compute Verbose: 0 : SshRelayStream [TX: 2 TXA: 0 RX: 0 AQ: 2]: Connecting...
Google.Solutions.Compute Verbose: 0 : SshRelayStream [TX: 2 TXA: 0 RX: 0 AQ: 2]: Connecting...
Google.Solutions.Compute Verbose: 0 : SshRelayStream [TX: 2 TXA: 0 RX: 0 AQ: 2]: Connecting...
Google.Solutions.Compute Verbose: 0 : SshRelayStream [TX: 2 TXA: 0 RX: 0 AQ: 2]: Connecting...
Google.Solutions.Compute Verbose: 0 : SshRelayStream [TX: 2 TXA: 0 RX: 0 AQ: 2]: Connecting...
Google.Solutions.Compute Verbose: 0 : SshRelayStream [TX: 2 TXA: 0 RX: 0 AQ: 2]: Connecting...
Google.Solutions.Compute Verbose: 0 : SshRelayStream [TX: 2 TXA: 0 RX: 0 AQ: 2]: Connecting...
Google.Solutions.Compute Verbose: 0 : SshRelayStream [TX: 2 TXA: 0 RX: 0 AQ: 2]: Connecting...
Google.Solutions.Compute Verbose: 0 : SshRelayStream [TX: 2 TXA: 0 RX: 0 AQ: 2]: Connecting...
Google.Solutions.Compute Verbose: 0 : SshRelayStream [TX: 2 TXA: 0 RX: 0 AQ: 2]: Connecting...
Google.Solutions.Compute Verbose: 0 : SshRelayStream [TX: 2 TXA: 0 RX: 0 AQ: 2]: Connecting...
Google.Solutions.Compute Verbose: 0 : SshRelayStream [TX: 2 TXA: 0 RX: 0 AQ: 2]: Connecting...
Google.Solutions.Compute Verbose: 0 : SshRelayStream [TX: 2 TXA: 0 RX: 0 AQ: 2]: Connecting...
Google.Solutions.Compute Verbose: 0 : SshRelayStream [TX: 2 TXA: 0 RX: 0 AQ: 2]: Connecting...
Google.Solutions.Compute Verbose: 0 : SshRelayStream [TX: 2 TXA: 0 RX: 0 AQ: 2]: Connecting...
Google.Solutions.Compute Verbose: 0 : SshRelayStream [TX: 2 TXA: 0 RX: 0 AQ: 2]: Connecting...
Google.Solutions.Compute Verbose: 0 : SshRelayStream [TX: 2 TXA: 0 RX: 0 AQ: 2]: Connecting...
Google.Solutions.Compute Verbose: 0 : SshRelayStream [TX: 2 TXA: 0 RX: 0 AQ: 2]: Connecting...
Google.Solutions.Compute Verbose: 0 : SshRelayStream [TX: 2 TXA: 0 RX: 0 AQ: 2]: Connecting...
Google.Solutions.Compute Verbose: 0 : SshRelayStream [TX: 2 TXA: 0 RX: 0 AQ: 2]: Connecting...
Google.Solutions.Compute Verbose: 0 : SshRelayStream [TX: 2 TXA: 0 RX: 0 AQ: 2]: Connecting...
Google.Solutions.Compute Verbose: 0 : SshRelayStream [TX: 2 TXA: 0 RX: 0 AQ: 2]: Connecting...
Google.Solutions.Compute Verbose: 0 : SshRelayStream [TX: 2 TXA: 0 RX: 0 AQ: 2]: Connecting...
Google.Solutions.Compute Verbose: 0 : SshRelayStream [TX: 2 TXA: 0 RX: 0 AQ: 2]: Connecting...
Google.Solutions.Compute Verbose: 0 : SshRelayStream [TX: 2 TXA: 0 RX: 0 AQ: 2]: Connecting...
Google.Solutions.Compute Verbose: 0 : SshRelayStream [TX: 2 TXA: 0 RX: 0 AQ: 2]: Connecting...
Google.Solutions.Compute Verbose: 0 : SshRelayStream [TX: 2 TXA: 0 RX: 0 AQ: 2]: Connecting...
Google.Solutions.Compute Verbose: 0 : SshRelayStream [TX: 2 TXA: 0 RX: 0 AQ: 2]: Connecting...
Google.Solutions.Compute Verbose: 0 : SshRelayStream [TX: 2 TXA: 0 RX: 0 AQ: 2]: Connecting...
Google.Solutions.Compute Verbose: 0 : SshRelayStream [TX: 2 TXA: 0 RX: 0 AQ: 2]: Connecting...
Google.Solutions.Compute Verbose: 0 : SshRelayStream [TX: 2 TXA: 0 RX: 0 AQ: 2]: Connecting...
Google.Solutions.Compute Verbose: 0 : SshRelayStream [TX: 2 TXA: 0 RX: 0 AQ: 2]: Connecting...
Google.Solutions.Compute Verbose: 0 : SshRelayStream [TX: 2 TXA: 0 RX: 0 AQ: 2]: Connecting...
Google.Solutions.Compute Verbose: 0 : SshRelayStream [TX: 2 TXA: 0 RX: 0 AQ: 2]: Connecting...
Google.Solutions.Compute Verbose: 0 : SshRelayStream [TX: 2 TXA: 0 RX: 0 AQ: 2]: Connecting...
Google.Solutions.Compute Verbose: 0 : SshRelayStream [TX: 2 TXA: 0 RX: 0 AQ: 2]: Connecting...
Google.Solutions.Compute Verbose: 0 : SshRelayStream [TX: 2 TXA: 0 RX: 0 AQ: 2]: Connecting...
Google.Solutions.Compute Verbose: 0 : SshRelayStream [TX: 2 TXA: 0 RX: 0 AQ: 2]: Connecting...
Google.Solutions.Compute Verbose: 0 : SshRelayStream [TX: 2 TXA: 0 RX: 0 AQ: 2]: Connecting...
Google.Solutions.Compute Verbose: 0 : SshRelayStream [TX: 2 TXA: 0 RX: 0 AQ: 2]: Connecting...
Google.Solutions.Compute Verbose: 0 : SshRelayStream [TX: 2 TXA: 0 RX: 0 AQ: 2]: Connecting...
Google.Solutions.Compute Verbose: 0 : SshRelayStream [TX: 2 TXA: 0 RX: 0 AQ: 2]: Connecting...
Google.Solutions.Compute Verbose: 0 : SshRelayStream [TX: 2 TXA: 0 RX: 0 AQ: 2]: Connecting...
Google.Solutions.Compute Verbose: 0 : SshRelayStream [TX: 2 TXA: 0 RX: 0 AQ: 2]: Connecting...
Google.Solutions.Compute Verbose: 0 : SshRelayStream [TX: 2 TXA: 0 RX: 0 AQ: 2]: Connecting...
Google.Solutions.Compute Verbose: 0 : SshRelayStream [TX: 2 TXA: 0 RX: 0 AQ: 2]: Connecting...
Google.Solutions.Compute Verbose: 0 : SshRelayStream [TX: 2 TXA: 0 RX: 0 AQ: 2]: Connecting...
Google.Solutions.Compute Verbose: 0 : SshRelayStream [TX: 2 TXA: 0 RX: 0 AQ: 2]: Connecting...
Google.Solutions.Compute Verbose: 0 : SshRelayStream [TX: 2 TXA: 0 RX: 0 AQ: 1]: Resending DATA #0...
Google.Solutions.Compute Verbose: 0 : SshRelayStream [TX: 2 TXA: 0 RX: 0 AQ: 1]: Resending DATA #0...
Google.Solutions.Compute Verbose: 0 : SshRelayStream [TX: 2 TXA: 0 RX: 0 AQ: 1]: Resending DATA #0...
Google.Solutions.Compute Verbose: 0 : SshRelayStream [TX: 2 TXA: 0 RX: 0 AQ: 1]: Resending DATA #0...
Google.Solutions.Compute Verbose: 0 : SshRelayStream [TX: 2 TXA: 0 RX: 0 AQ: 1]: Resending DATA #0...
Google.Solutions.Compute Verbose: 0 : SshRelayStream [TX: 2 TXA: 0 RX: 0 AQ: 1]: Resending DATA #0...
Google.Solutions.Compute Verbose: 0 : SshRelayStream [TX: 2 TXA: 0 RX: 0 AQ: 1]: Resending DATA #0...
Google.Solutions.Compute Verbose: 0 : SshRelayStream [TX: 2 TXA: 0 RX: 0 AQ: 1]: Resending DATA #0...
Google.Solutions.Compute Verbose: 0 : SshRelayStream [TX: 2 TXA: 0 RX: 0 AQ: 1]: Resending DATA #0...
Google.Solutions.Compute Verbose: 0 : SshRelayStream [TX: 2 TXA: 0 RX: 0 AQ: 1]: Resending DATA #0...
Google.Solutions.Compute Verbose: 0 : SshRelayStream [TX: 2 TXA: 0 RX: 0 AQ: 1]: Resending DATA #0...
Google.Solutions.Compute Verbose: 0 : SshRelayStream [TX: 2 TXA: 0 RX: 0 AQ: 1]: Resending DATA #0...
Google.Solutions.Compute Verbose: 0 : SshRelayStream [TX: 2 TXA: 0 RX: 0 AQ: 1]: Resending DATA #0...
Google.Solutions.Compute Verbose: 0 : SshRelayStream [TX: 2 TXA: 0 RX: 0 AQ: 1]: Resending DATA #0...
Google.Solutions.Compute Verbose: 0 : SshRelayStream [TX: 2 TXA: 0 RX: 0 AQ: 1]: Resending DATA #0...
Google.Solutions.Compute Verbose: 0 : SshRelayStream [TX: 2 TXA: 0 RX: 0 AQ: 1]: Resending DATA #0...
Google.Solutions.Compute Verbose: 0 : SshRelayStream [TX: 2 TXA: 0 RX: 0 AQ: 1]: Resending DATA #0...
Google.Solutions.Compute Verbose: 0 : SshRelayStream [TX: 2 TXA: 0 RX: 0 AQ: 1]: Resending DATA #0...
Google.Solutions.Compute Verbose: 0 : SshRelayStream [TX: 2 TXA: 0 RX: 0 AQ: 1]: Resending DATA #0...
Google.Solutions.Compute Verbose: 0 : SshRelayStream [TX: 2 TXA: 0 RX: 0 AQ: 1]: Resending DATA #0...
Google.Solutions.Compute Verbose: 0 : SshRelayStream [TX: 2 TXA: 0 RX: 0 AQ: 1]: Resending DATA #0...
Google.Solutions.Compute Verbose: 0 : SshRelayStream [TX: 2 TXA: 0 RX: 0 AQ: 1]: Resending DATA #0...
Google.Solutions.Compute Verbose: 0 : SshRelayStream [TX: 2 TXA: 0 RX: 0 AQ: 1]: Resending DATA #0...
Google.Solutions.Compute Verbose: 0 : SshRelayStream [TX: 2 TXA: 0 RX: 0 AQ: 1]: Resending DATA #0...
Google.Solutions.Compute Verbose: 0 : SshRelayStream [TX: 2 TXA: 0 RX: 0 AQ: 1]: Resending DATA #0...
Google.Solutions.Compute Verbose: 0 : SshRelayStream [TX: 2 TXA: 0 RX: 0 AQ: 1]: Resending DATA #0...
Google.Solutions.Compute Verbose: 0 : SshRelayStream [TX: 2 TXA: 0 RX: 0 AQ: 1]: Resending DATA #0...
Google.Solutions.Compute Verbose: 0 : SshRelayStream [TX: 2 TXA: 0 RX: 0 AQ: 1]: Resending DATA #0...
Google.Solutions.Compute Verbose: 0 : SshRelayStream [TX: 2 TXA: 0 RX: 0 AQ: 1]: Resending DATA #0...
Google.Solutions.Compute Verbose: 0 : SshRelayStream [TX: 2 TXA: 0 RX: 0 AQ: 1]: Resending DATA #0...
Google.Solutions.Compute Verbose: 0 : SshRelayStream [TX: 2 TXA: 0 RX: 0 AQ: 1]: Resending DATA #0...
Google.Solutions.Compute Verbose: 0 : SshRelayStream [TX: 2 TXA: 0 RX: 0 AQ: 1]: Resending DATA #0...
Google.Solutions.Compute Verbose: 0 : SshRelayStream [TX: 2 TXA: 0 RX: 0 AQ: 1]: Resending DATA #0...
Google.Solutions.Compute Verbose: 0 : SshRelayStream [TX: 2 TXA: 0 RX: 0 AQ: 1]: Resending DATA #0...
Google.Solutions.Compute Verbose: 0 : SshRelayStream [TX: 2 TXA: 0 RX: 0 AQ: 1]: Resending DATA #0...
Google.Solutions.Compute Verbose: 0 : SshRelayStream [TX: 2 TXA: 0 RX: 0 AQ: 1]: Resending DATA #0...
Google.Solutions.Compute Verbose: 0 : SshRelayStream [TX: 2 TXA: 0 RX: 0 AQ: 1]: Resending DATA #0...
Google.Solutions.Compute Verbose: 0 : SshRelayStream [TX: 2 TXA: 0 RX: 0 AQ: 1]: Resending DATA #0...
Google.Solutions.Compute Verbose: 0 : SshRelayStream [TX: 2 TXA: 0 RX: 0 AQ: 1]: Resending DATA #0...
Google.Solutions.Compute Verbose: 0 : SshRelayStream [TX: 2 TXA: 0 RX: 0 AQ: 1]: Resending DATA #0...
Google.Solutions.Compute Verbose: 0 : SshRelayStream [TX: 2 TXA: 0 RX: 0 AQ: 1]: Resending DATA #0...
Google.Solutions.Compute Verbose: 0 : SshRelayStream [TX: 2 TXA: 0 RX: 0 AQ: 1]: Resending DATA #0...
Google.Solutions.Compute Verbose: 0 : SshRelayStream [TX: 2 TXA: 0 RX: 0 AQ: 1]: Resending DATA #0...
Google.Solutions.Compute Verbose: 0 : SshRelayStream [TX: 2 TXA: 0 RX: 0 AQ: 1]: Resending DATA #0...
Google.Solutions.Compute Verbose: 0 : SshRelayStream [TX: 2 TXA: 0 RX: 0 AQ: 1]: Resending DATA #0...
Google.Solutions.Compute Verbose: 0 : SshRelayStream [TX: 2 TXA: 0 RX: 0 AQ: 1]: Resending DATA #0...
Google.Solutions.Compute Verbose: 0 : SshRelayStream [TX: 2 TXA: 0 RX: 0 AQ: 1]: Resending DATA #0...
Google.Solutions.Compute Verbose: 0 : SshRelayStream [TX: 2 TXA: 0 RX: 0 AQ: 1]: Resending DATA #0...
Google.Solutions.Compute Verbose: 0 : SshRelayStream [TX: 2 TXA: 0 RX: 0 AQ: 1]: Resending DATA #0...
Google.Solutions.Compute Verbose: 0 : SshRelayStream [TX: 2 TXA: 0 RX: 0 AQ: 1]: Resending DATA #0...
Google.Solutions.Compute Verbose: 0 : SshRelayStream [TX: 2 TXA: 0 RX: 0 AQ: 1]: Resending DATA #0...
Google.Solutions.Compute Verbose: 0 : SshRelayStream [TX: 2 TXA: 0 RX: 0 AQ: 1]: Resending DATA #0...
Google.Solutions.Compute Verbose: 0 : SshRelayStream [TX: 2 TXA: 0 RX: 0 AQ: 1]: Resending DATA #0...
Google.Solutions.Compute Verbose: 0 : SshRelayStream [TX: 2 TXA: 0 RX: 0 AQ: 0]: Resending DATA #1...
Google.Solutions.Compute Verbose: 0 : SshRelayStream [TX: 2 TXA: 0 RX: 0 AQ: 0]: Resending DATA #1...
Google.Solutions.Compute Verbose: 0 : SshRelayStream [TX: 2 TXA: 0 RX: 0 AQ: 0]: Resending DATA #1...
Google.Solutions.Compute Verbose: 0 : SshRelayStream [TX: 2 TXA: 0 RX: 0 AQ: 0]: Resending DATA #1...
Google.Solutions.Compute Verbose: 0 : SshRelayStream [TX: 2 TXA: 0 RX: 0 AQ: 0]: Resending DATA #1...
Google.Solutions.Compute Verbose: 0 : SshRelayStream [TX: 2 TXA: 0 RX: 0 AQ: 0]: Resending DATA #1...
Google.Solutions.Compute Verbose: 0 : SshRelayStream [TX: 2 TXA: 0 RX: 0 AQ: 0]: Resending DATA #1...
Google.Solutions.Compute Verbose: 0 : SshRelayStream [TX: 2 TXA: 0 RX: 0 AQ: 0]: Resending DATA #1...
Google.Solutions.Compute Verbose: 0 : SshRelayStream [TX: 2 TXA: 0 RX: 0 AQ: 0]: Resending DATA #1...
Google.Solutions.Compute Verbose: 0 : SshRelayStream [TX: 2 TXA: 0 RX: 0 AQ: 0]: Resending DATA #1...
Google.Solutions.Compute Verbose: 0 : SshRelayStream [TX: 2 TXA: 0 RX: 0 AQ: 0]: Resending DATA #1...
Google.Solutions.Compute Verbose: 0 : SshRelayStream [TX: 2 TXA: 0 RX: 0 AQ: 0]: Resending DATA #1...
Google.Solutions.Compute Verbose: 0 : SshRelayStream [TX: 2 TXA: 0 RX: 0 AQ: 0]: Resending DATA #1...
Google.Solutions.Compute Verbose: 0 : SshRelayStream [TX: 2 TXA: 0 RX: 0 AQ: 0]: Resending DATA #1...
Google.Solutions.Compute Verbose: 0 : SshRelayStream [TX: 2 TXA: 0 RX: 0 AQ: 0]: Resending DATA #1...
Google.Solutions.Compute Verbose: 0 : SshRelayStream [TX: 2 TXA: 0 RX: 0 AQ: 0]: Resending DATA #1...
Google.Solutions.Compute Verbose: 0 : SshRelayStream [TX: 2 TXA: 0 RX: 0 AQ: 0]: Resending DATA #1...
Google.Solutions.Compute Verbose: 0 : SshRelayStream [TX: 2 TXA: 0 RX: 0 AQ: 0]: Resending DATA #1...
Google.Solutions.Compute Verbose: 0 : SshRelayStream [TX: 2 TXA: 0 RX: 0 AQ: 0]: Resending DATA #1...
Google.Solutions.Compute Verbose: 0 : SshRelayStream [TX: 2 TXA: 0 RX: 0 AQ: 0]: Resending DATA #1...
Google.Solutions.Compute Verbose: 0 : SshRelayStream [TX: 2 TXA: 0 RX: 0 AQ: 0]: Resending DATA #1...
Google.Solutions.Compute Verbose: 0 : SshRelayStream [TX: 2 TXA: 0 RX: 0 AQ: 0]: Resending DATA #1...
Google.Solutions.Compute Verbose: 0 : SshRelayStream [TX: 2 TXA: 0 RX: 0 AQ: 0]: Resending DATA #1...
Google.Solutions.Compute Verbose: 0 : SshRelayStream [TX: 2 TXA: 0 RX: 0 AQ: 0]: Resending DATA #1...
Google.Solutions.Compute Verbose: 0 : SshRelayStream [TX: 2 TXA: 0 RX: 0 AQ: 0]: Resending DATA #1...
Google.Solutions.Compute Verbose: 0 : SshRelayStream [TX: 2 TXA: 0 RX: 0 AQ: 0]: Resending DATA #1...
Google.Solutions.Compute Verbose: 0 : SshRelayStream [TX: 2 TXA: 0 RX: 0 AQ: 0]: Resending DATA #1...
Google.Solutions.Compute Verbose: 0 : SshRelayStream [TX: 2 TXA: 0 RX: 0 AQ: 0]: Resending DATA #1...
Google.Solutions.Compute Verbose: 0 : SshRelayStream [TX: 2 TXA: 0 RX: 0 AQ: 0]: Resending DATA #1...
Google.Solutions.Compute Verbose: 0 : SshRelayStream [TX: 2 TXA: 0 RX: 0 AQ: 0]: Resending DATA #1...
Google.Solutions.Compute Verbose: 0 : SshRelayStream [TX: 2 TXA: 0 RX: 0 AQ: 0]: Resending DATA #1...
Google.Solutions.Compute Verbose: 0 : SshRelayStream [TX: 2 TXA: 0 RX: 0 AQ: 0]: Resending DATA #1...
Google.Solutions.Compute Verbose: 0 : SshRelayStream [TX: 2 TXA: 0 RX: 0 AQ: 0]: Resending DATA #1...
Google.Solutions.Compute Verbose: 0 : SshRelayStream [TX: 2 TXA: 0 RX: 0 AQ: 0]: Resending DATA #1...
Google.Solutions.Compute Verbose: 0 : SshRelayStream [TX: 2 TXA: 0 RX: 0 AQ: 0]: Resending DATA #1...
Google.Solutions.Compute Verbose: 0 : SshRelayStream [TX: 2 TXA: 0 RX: 0 AQ: 0]: Resending DATA #1...
Google.Solutions.Compute Verbose: 0 : SshRelayStream [TX: 2 TXA: 0 RX: 0 AQ: 0]: Resending DATA #1...
Google.Solutions.Compute Verbose: 0 : SshRelayStream [TX: 2 TXA: 0 RX: 0 AQ: 0]: Resending DATA #1...
Google.Solutions.Compute Verbose: 0 : SshRelayStream [TX: 2 TXA: 0 RX: 0 AQ: 0]: Resending DATA #1...
Google.Solutions.Compute Verbose: 0 : SshRelayStream [TX: 2 TXA: 0 RX: 0 AQ: 0]: Resending DATA #1...
Google.Solutions.Compute Verbose: 0 : SshRelayStream [TX: 2 TXA: 0 RX: 0 AQ: 0]: Resending DATA #1...
Google.Solutions.Compute Verbose: 0 : SshRelayStream [TX: 2 TXA: 0 RX: 0 AQ: 0]: Resending DATA #1...
Google.Solutions.Compute Verbose: 0 : SshRelayStream [TX: 2 TXA: 0 RX: 0 AQ: 0]: Resending DATA #1...
Google.Solutions.Compute Verbose: 0 : SshRelayStream [TX: 2 TXA: 0 RX: 0 AQ: 0]: Resending DATA #1...
Google.Solutions.Compute Verbose: 0 : SshRelayStream [TX: 2 TXA: 0 RX: 0 AQ: 0]: Resending DATA #1...
Google.Solutions.Compute Verbose: 0 : SshRelayStream [TX: 2 TXA: 0 RX: 0 AQ: 0]: Resending DATA #1...
Google.Solutions.Compute Verbose: 0 : SshRelayStream [TX: 2 TXA: 0 RX: 0 AQ: 0]: Resending DATA #1...
Google.Solutions.Compute Verbose: 0 : SshRelayStream [TX: 2 TXA: 0 RX: 0 AQ: 0]: Resending DATA #1...
Google.Solutions.Compute Verbose: 0 : SshRelayStream [TX: 2 TXA: 0 RX: 0 AQ: 0]: Resending DATA #1...
Google.Solutions.Compute Verbose: 0 : SshRelayStream [TX: 2 TXA: 0 RX: 0 AQ: 0]: Resending DATA #1...
Google.Solutions.Compute Verbose: 0 : SshRelayStream [TX: 2 TXA: 0 RX: 0 AQ: 0]: Resending DATA #1...
Google.Solutions.Compute Verbose: 0 : SshRelayStream [TX: 2 TXA: 0 RX: 0 AQ: 0]: Resending DATA #1...
Google.Solutions.Compute Verbose: 0 : SshRelayStream [TX: 2 TXA: 0 RX: 0 AQ: 0]: Resending DATA #1...
Google.Solutions.Compute Verbose: 0 : SshRelayStream [TX: 2 TXA: 0 RX: 0 AQ: 0]: Sending DATA #2...
Google.Solutions.Compute Verbose: 0 : SshRelayStream [TX: 2 TXA: 0 RX: 0 AQ: 0]: Sending DATA #2...
Google.Solutions.Compute Verbose: 0 : SshRelayStream [TX: 2 TXA: 0 RX: 0 AQ: 0]: Sending DATA #2...
Google.Solutions.Compute Verbose: 0 : SshRelayStream [TX: 2 TXA: 0 RX: 0 AQ: 0]: Sending DATA #2...
Google.Solutions.Compute Verbose: 0 : SshRelayStream [TX: 2 TXA: 0 RX: 0 AQ: 0]: Sending DATA #2...
Google.Solutions.Compute Verbose: 0 : SshRelayStream [TX: 2 TXA: 0 RX: 0 AQ: 0]: Sending DATA #2...
Google.Solutions.Compute Verbose: 0 : SshRelayStream [TX: 2 TXA: 0 RX: 0 AQ: 0]: Sending DATA #2...
Google.Solutions.Compute Verbose: 0 : SshRelayStream [TX: 2 TXA: 0 RX: 0 AQ: 0]: Sending DATA #2...
Google.Solutions.Compute Verbose: 0 : SshRelayStream [TX: 2 TXA: 0 RX: 0 AQ: 0]: Sending DATA #2...
Google.Solutions.Compute Verbose: 0 : SshRelayStream [TX: 2 TXA: 0 RX: 0 AQ: 0]: Sending DATA #2...
Google.Solutions.Compute Verbose: 0 : SshRelayStream [TX: 2 TXA: 0 RX: 0 AQ: 0]: Sending DATA #2...
Google.Solutions.Compute Verbose: 0 : SshRelayStream [TX: 2 TXA: 0 RX: 0 AQ: 0]: Sending DATA #2...
Google.Solutions.Compute Verbose: 0 : SshRelayStream [TX: 2 TXA: 0 RX: 0 AQ: 0]: Sending DATA #2...
Google.Solutions.Compute Verbose: 0 : SshRelayStream [TX: 2 TXA: 0 RX: 0 AQ: 0]: Sending DATA #2...
Google.Solutions.Compute Verbose: 0 : SshRelayStream [TX: 2 TXA: 0 RX: 0 AQ: 0]: Sending DATA #2...
Google.Solutions.Compute Verbose: 0 : SshRelayStream [TX: 2 TXA: 0 RX: 0 AQ: 0]: Sending DATA #2...
Google.Solutions.Compute Verbose: 0 : SshRelayStream [TX: 2 TXA: 0 RX: 0 AQ: 0]: Sending DATA #2...
Google.Solutions.Compute Verbose: 0 : SshRelayStream [TX: 2 TXA: 0 RX: 0 AQ: 0]: Sending DATA #2...
Google.Solutions.Compute Verbose: 0 : SshRelayStream [TX: 2 TXA: 0 RX: 0 AQ: 0]: Sending DATA #2...
Google.Solutions.Compute Verbose: 0 : SshRelayStream [TX: 2 TXA: 0 RX: 0 AQ: 0]: Sending DATA #2...
Google.Solutions.Compute Verbose: 0 : SshRelayStream [TX: 2 TXA: 0 RX: 0 AQ: 0]: Sending DATA #2...
Google.Solutions.Compute Verbose: 0 : SshRelayStream [TX: 2 TXA: 0 RX: 0 AQ: 0]: Sending DATA #2...
Google.Solutions.Compute Verbose: 0 : SshRelayStream [TX: 2 TXA: 0 RX: 0 AQ: 0]: Sending DATA #2...
Google.Solutions.Compute Verbose: 0 : SshRelayStream [TX: 2 TXA: 0 RX: 0 AQ: 0]: Sending DATA #2...
Google.Solutions.Compute Verbose: 0 : SshRelayStream [TX: 2 TXA: 0 RX: 0 AQ: 0]: Sending DATA #2...
Google.Solutions.Compute Verbose: 0 : SshRelayStream [TX: 2 TXA: 0 RX: 0 AQ: 0]: Sending DATA #2...
Google.Solutions.Compute Verbose: 0 : SshRelayStream [TX: 2 TXA: 0 RX: 0 AQ: 0]: Sending DATA #2...
Google.Solutions.Compute Verbose: 0 : SshRelayStream [TX: 2 TXA: 0 RX: 0 AQ: 0]: Sending DATA #2...
Google.Solutions.Compute Verbose: 0 : SshRelayStream [TX: 2 TXA: 0 RX: 0 AQ: 0]: Sending DATA #2...
Google.Solutions.Compute Verbose: 0 : SshRelayStream [TX: 2 TXA: 0 RX: 0 AQ: 0]: Sending DATA #2...
Google.Solutions.Compute Verbose: 0 : SshRelayStream [TX: 2 TXA: 0 RX: 0 AQ: 0]: Sending DATA #2...
Google.Solutions.Compute Verbose: 0 : SshRelayStream [TX: 2 TXA: 0 RX: 0 AQ: 0]: Sending DATA #2...
Google.Solutions.Compute Verbose: 0 : SshRelayStream [TX: 2 TXA: 0 RX: 0 AQ: 0]: Sending DATA #2...
Google.Solutions.Compute Verbose: 0 : SshRelayStream [TX: 2 TXA: 0 RX: 0 AQ: 0]: Sending DATA #2...
Google.Solutions.Compute Verbose: 0 : SshRelayStream [TX: 2 TXA: 0 RX: 0 AQ: 0]: Sending DATA #2...
Google.Solutions.Compute Verbose: 0 : SshRelayStream [TX: 2 TXA: 0 RX: 0 AQ: 0]: Sending DATA #2...
Google.Solutions.Compute Verbose: 0 : SshRelayStream [TX: 2 TXA: 0 RX: 0 AQ: 0]: Sending DATA #2...
Google.Solutions.Compute Verbose: 0 : SshRelayStream [TX: 2 TXA: 0 RX: 0 AQ: 0]: Sending DATA #2...
Google.Solutions.Compute Verbose: 0 : SshRelayStream [TX: 2 TXA: 0 RX: 0 AQ: 0]: Sending DATA #2...
Google.Solutions.Compute Verbose: 0 : SshRelayStream [TX: 2 TXA: 0 RX: 0 AQ: 0]: Sending DATA #2...
Google.Solutions.Compute Verbose: 0 : SshRelayStream [TX: 2 TXA: 0 RX: 0 AQ: 0]: Sending DATA #2...
Google.Solutions.Compute Verbose: 0 : SshRelayStream [TX: 2 TXA: 0 RX: 0 AQ: 0]: Sending DATA #2...
Google.Solutions.Compute Verbose: 0 : SshRelayStream [TX: 2 TXA: 0 RX: 0 AQ: 0]: Sending DATA #2...
Google.Solutions.Compute Verbose: 0 : SshRelayStream [TX: 2 TXA: 0 RX: 0 AQ: 0]: Sending DATA #2...
Google.Solutions.Compute Verbose: 0 : SshRelayStream [TX: 2 TXA: 0 RX: 0 AQ: 0]: Sending DATA #2...
Google.Solutions.Compute Verbose: 0 : SshRelayStream [TX: 2 TXA: 0 RX: 0 AQ: 0]: Sending DATA #2...
Google.Solutions.Compute Verbose: 0 : SshRelayStream [TX: 2 TXA: 0 RX: 0 AQ: 0]: Sending DATA #2...
Google.Solutions.Compute Verbose: 0 : SshRelayStream [TX: 2 TXA: 0 RX: 0 AQ: 0]: Sending DATA #2...
Google.Solutions.Compute Verbose: 0 : SshRelayStream [TX: 2 TXA: 0 RX: 0 AQ: 0]: Sending DATA #2...
Google.Solutions.Compute Verbose: 0 : SshRelayStream [TX: 2 TXA: 0 RX: 0 AQ: 0]: Sending DATA #2...
Google.Solutions.Compute Verbose: 0 : SshRelayStream [TX: 2 TXA: 0 RX: 0 AQ: 0]: Sending DATA #2...
Google.Solutions.Compute Verbose: 0 : SshRelayStream [TX: 2 TXA: 0 RX: 0 AQ: 0]: Sending DATA #2...
Google.Solutions.Compute Verbose: 0 : SshRelayStream [TX: 2 TXA: 0 RX: 0 AQ: 0]: Sending DATA #2...
</system-out></testcase><testcase name="WriteAfterForcefulServerCloseCausesAnotherConnectAndDataBeingResentIfNoDataReadBefore(4001)" assertions="9" time="0.001421" status="Passed" classname="Google.Solutions.Compute.Test.Iap.TestSshRelayStreamWriting"><system-out>Google.Solutions.Compute Verbose: 0 : SshRelayStream [TX: 0 TXA: 0 RX: 0 AQ: 0]: Connecting...
Google.Solutions.Compute Verbose: 0 : SshRelayStream [TX: 0 TXA: 0 RX: 0 AQ: 0]: Connecting...
Google.Solutions.Compute Verbose: 0 : SshRelayStream [TX: 0 TXA: 0 RX: 0 AQ: 0]: Connecting...
Google.Solutions.Compute Verbose: 0 : SshRelayStream [TX: 0 TXA: 0 RX: 0 AQ: 0]: Connecting...
Google.Solutions.Compute Verbose: 0 : SshRelayStream [TX: 0 TXA: 0 RX: 0 AQ: 0]: Connecting...
Google.Solutions.Compute Verbose: 0 : SshRelayStream [TX: 0 TXA: 0 RX: 0 AQ: 0]: Connecting...
Google.Solutions.Compute Verbose: 0 : SshRelayStream [TX: 0 TXA: 0 RX: 0 AQ: 0]: Connecting...
Google.Solutions.Compute Verbose: 0 : SshRelayStream [TX: 0 TXA: 0 RX: 0 AQ: 0]: Connecting...
Google.Solutions.Compute Verbose: 0 : SshRelayStream [TX: 0 TXA: 0 RX: 0 AQ: 0]: Connecting...
Google.Solutions.Compute Verbose: 0 : SshRelayStream [TX: 0 TXA: 0 RX: 0 AQ: 0]: Connecting...
Google.Solutions.Compute Verbose: 0 : SshRelayStream [TX: 0 TXA: 0 RX: 0 AQ: 0]: Connecting...
Google.Solutions.Compute Verbose: 0 : SshRelayStream [TX: 0 TXA: 0 RX: 0 AQ: 0]: Connecting...
Google.Solutions.Compute Verbose: 0 : SshRelayStream [TX: 0 TXA: 0 RX: 0 AQ: 0]: Connecting...
Google.Solutions.Compute Verbose: 0 : SshRelayStream [TX: 0 TXA: 0 RX: 0 AQ: 0]: Connecting...
Google.Solutions.Compute Verbose: 0 : SshRelayStream [TX: 0 TXA: 0 RX: 0 AQ: 0]: Connecting...
Google.Solutions.Compute Verbose: 0 : SshRelayStream [TX: 0 TXA: 0 RX: 0 AQ: 0]: Connecting...
Google.Solutions.Compute Verbose: 0 : SshRelayStream [TX: 0 TXA: 0 RX: 0 AQ: 0]: Connecting...
Google.Solutions.Compute Verbose: 0 : SshRelayStream [TX: 0 TXA: 0 RX: 0 AQ: 0]: Connecting...
Google.Solutions.Compute Verbose: 0 : SshRelayStream [TX: 0 TXA: 0 RX: 0 AQ: 0]: Connecting...
Google.Solutions.Compute Verbose: 0 : SshRelayStream [TX: 0 TXA: 0 RX: 0 AQ: 0]: Connecting...
Google.Solutions.Compute Verbose: 0 : SshRelayStream [TX: 0 TXA: 0 RX: 0 AQ: 0]: Connecting...
Google.Solutions.Compute Verbose: 0 : SshRelayStream [TX: 0 TXA: 0 RX: 0 AQ: 0]: Connecting...
Google.Solutions.Compute Verbose: 0 : SshRelayStream [TX: 0 TXA: 0 RX: 0 AQ: 0]: Connecting...
Google.Solutions.Compute Verbose: 0 : SshRelayStream [TX: 0 TXA: 0 RX: 0 AQ: 0]: Connecting...
Google.Solutions.Compute Verbose: 0 : SshRelayStream [TX: 0 TXA: 0 RX: 0 AQ: 0]: Connecting...
Google.Solutions.Compute Verbose: 0 : SshRelayStream [TX: 0 TXA: 0 RX: 0 AQ: 0]: Connecting...
Google.Solutions.Compute Verbose: 0 : SshRelayStream [TX: 0 TXA: 0 RX: 0 AQ: 0]: Connecting...
Google.Solutions.Compute Verbose: 0 : SshRelayStream [TX: 0 TXA: 0 RX: 0 AQ: 0]: Connecting...
Google.Solutions.Compute Verbose: 0 : SshRelayStream [TX: 0 TXA: 0 RX: 0 AQ: 0]: Connecting...
Google.Solutions.Compute Verbose: 0 : SshRelayStream [TX: 0 TXA: 0 RX: 0 AQ: 0]: Connecting...
Google.Solutions.Compute Verbose: 0 : SshRelayStream [TX: 0 TXA: 0 RX: 0 AQ: 0]: Connecting...
Google.Solutions.Compute Verbose: 0 : SshRelayStream [TX: 0 TXA: 0 RX: 0 AQ: 0]: Connecting...
Google.Solutions.Compute Verbose: 0 : SshRelayStream [TX: 0 TXA: 0 RX: 0 AQ: 0]: Connecting...
Google.Solutions.Compute Verbose: 0 : SshRelayStream [TX: 0 TXA: 0 RX: 0 AQ: 0]: Connecting...
Google.Solutions.Compute Verbose: 0 : SshRelayStream [TX: 0 TXA: 0 RX: 0 AQ: 0]: Connecting...
Google.Solutions.Compute Verbose: 0 : SshRelayStream [TX: 0 TXA: 0 RX: 0 AQ: 0]: Connecting...
Google.Solutions.Compute Verbose: 0 : SshRelayStream [TX: 0 TXA: 0 RX: 0 AQ: 0]: Connecting...
Google.Solutions.Compute Verbose: 0 : SshRelayStream [TX: 0 TXA: 0 RX: 0 AQ: 0]: Connecting...
Google.Solutions.Compute Verbose: 0 : SshRelayStream [TX: 0 TXA: 0 RX: 0 AQ: 0]: Connecting...
Google.Solutions.Compute Verbose: 0 : SshRelayStream [TX: 0 TXA: 0 RX: 0 AQ: 0]: Connecting...
Google.Solutions.Compute Verbose: 0 : SshRelayStream [TX: 0 TXA: 0 RX: 0 AQ: 0]: Connecting...
Google.Solutions.Compute Verbose: 0 : SshRelayStream [TX: 0 TXA: 0 RX: 0 AQ: 0]: Connecting...
Google.Solutions.Compute Verbose: 0 : SshRelayStream [TX: 0 TXA: 0 RX: 0 AQ: 0]: Connecting...
Google.Solutions.Compute Verbose: 0 : SshRelayStream [TX: 0 TXA: 0 RX: 0 AQ: 0]: Connecting...
Google.Solutions.Compute Verbose: 0 : SshRelayStream [TX: 0 TXA: 0 RX: 0 AQ: 0]: Connecting...
Google.Solutions.Compute Verbose: 0 : SshRelayStream [TX: 0 TXA: 0 RX: 0 AQ: 0]: Connecting...
Google.Solutions.Compute Verbose: 0 : SshRelayStream [TX: 0 TXA: 0 RX: 0 AQ: 0]: Connecting...
Google.Solutions.Compute Verbose: 0 : SshRelayStream [TX: 0 TXA: 0 RX: 0 AQ: 0]: Connecting...
Google.Solutions.Compute Verbose: 0 : SshRelayStream [TX: 0 TXA: 0 RX: 0 AQ: 0]: Connecting...
Google.Solutions.Compute Verbose: 0 : SshRelayStream [TX: 0 TXA: 0 RX: 0 AQ: 0]: Connecting...
Google.Solutions.Compute Verbose: 0 : SshRelayStream [TX: 0 TXA: 0 RX: 0 AQ: 0]: Connecting...
Google.Solutions.Compute Verbose: 0 : SshRelayStream [TX: 0 TXA: 0 RX: 0 AQ: 0]: Connecting...
Google.Solutions.Compute Verbose: 0 : SshRelayStream [TX: 0 TXA: 0 RX: 0 AQ: 0]: Connecting...
Google.Solutions.Compute Verbose: 0 : SshRelayStream [TX: 0 TXA: 0 RX: 0 AQ: 0]: Connecting...
Google.Solutions.Compute Verbose: 0 : SshRelayStream [TX: 0 TXA: 0 RX: 0 AQ: 0]: Sending DATA #0...
Google.Solutions.Compute Verbose: 0 : SshRelayStream [TX: 0 TXA: 0 RX: 0 AQ: 0]: Sending DATA #0...
Google.Solutions.Compute Verbose: 0 : SshRelayStream [TX: 0 TXA: 0 RX: 0 AQ: 0]: Sending DATA #0...
Google.Solutions.Compute Verbose: 0 : SshRelayStream [TX: 0 TXA: 0 RX: 0 AQ: 0]: Sending DATA #0...
Google.Solutions.Compute Verbose: 0 : SshRelayStream [TX: 0 TXA: 0 RX: 0 AQ: 0]: Sending DATA #0...
Google.Solutions.Compute Verbose: 0 : SshRelayStream [TX: 0 TXA: 0 RX: 0 AQ: 0]: Sending DATA #0...
Google.Solutions.Compute Verbose: 0 : SshRelayStream [TX: 0 TXA: 0 RX: 0 AQ: 0]: Sending DATA #0...
Google.Solutions.Compute Verbose: 0 : SshRelayStream [TX: 0 TXA: 0 RX: 0 AQ: 0]: Sending DATA #0...
Google.Solutions.Compute Verbose: 0 : SshRelayStream [TX: 0 TXA: 0 RX: 0 AQ: 0]: Sending DATA #0...
Google.Solutions.Compute Verbose: 0 : SshRelayStream [TX: 0 TXA: 0 RX: 0 AQ: 0]: Sending DATA #0...
Google.Solutions.Compute Verbose: 0 : SshRelayStream [TX: 0 TXA: 0 RX: 0 AQ: 0]: Sending DATA #0...
Google.Solutions.Compute Verbose: 0 : SshRelayStream [TX: 0 TXA: 0 RX: 0 AQ: 0]: Sending DATA #0...
Google.Solutions.Compute Verbose: 0 : SshRelayStream [TX: 0 TXA: 0 RX: 0 AQ: 0]: Sending DATA #0...
Google.Solutions.Compute Verbose: 0 : SshRelayStream [TX: 0 TXA: 0 RX: 0 AQ: 0]: Sending DATA #0...
Google.Solutions.Compute Verbose: 0 : SshRelayStream [TX: 0 TXA: 0 RX: 0 AQ: 0]: Sending DATA #0...
Google.Solutions.Compute Verbose: 0 : SshRelayStream [TX: 0 TXA: 0 RX: 0 AQ: 0]: Sending DATA #0...
Google.Solutions.Compute Verbose: 0 : SshRelayStream [TX: 0 TXA: 0 RX: 0 AQ: 0]: Sending DATA #0...
Google.Solutions.Compute Verbose: 0 : SshRelayStream [TX: 0 TXA: 0 RX: 0 AQ: 0]: Sending DATA #0...
Google.Solutions.Compute Verbose: 0 : SshRelayStream [TX: 0 TXA: 0 RX: 0 AQ: 0]: Sending DATA #0...
Google.Solutions.Compute Verbose: 0 : SshRelayStream [TX: 0 TXA: 0 RX: 0 AQ: 0]: Sending DATA #0...
Google.Solutions.Compute Verbose: 0 : SshRelayStream [TX: 0 TXA: 0 RX: 0 AQ: 0]: Sending DATA #0...
Google.Solutions.Compute Verbose: 0 : SshRelayStream [TX: 0 TXA: 0 RX: 0 AQ: 0]: Sending DATA #0...
Google.Solutions.Compute Verbose: 0 : SshRelayStream [TX: 0 TXA: 0 RX: 0 AQ: 0]: Sending DATA #0...
Google.Solutions.Compute Verbose: 0 : SshRelayStream [TX: 0 TXA: 0 RX: 0 AQ: 0]: Sending DATA #0...
Google.Solutions.Compute Verbose: 0 : SshRelayStream [TX: 0 TXA: 0 RX: 0 AQ: 0]: Sending DATA #0...
Google.Solutions.Compute Verbose: 0 : SshRelayStream [TX: 0 TXA: 0 RX: 0 AQ: 0]: Sending DATA #0...
Google.Solutions.Compute Verbose: 0 : SshRelayStream [TX: 0 TXA: 0 RX: 0 AQ: 0]: Sending DATA #0...
Google.Solutions.Compute Verbose: 0 : SshRelayStream [TX: 0 TXA: 0 RX: 0 AQ: 0]: Sending DATA #0...
Google.Solutions.Compute Verbose: 0 : SshRelayStream [TX: 0 TXA: 0 RX: 0 AQ: 0]: Sending DATA #0...
Google.Solutions.Compute Verbose: 0 : SshRelayStream [TX: 0 TXA: 0 RX: 0 AQ: 0]: Sending DATA #0...
Google.Solutions.Compute Verbose: 0 : SshRelayStream [TX: 0 TXA: 0 RX: 0 AQ: 0]: Sending DATA #0...
Google.Solutions.Compute Verbose: 0 : SshRelayStream [TX: 0 TXA: 0 RX: 0 AQ: 0]: Sending DATA #0...
Google.Solutions.Compute Verbose: 0 : SshRelayStream [TX: 0 TXA: 0 RX: 0 AQ: 0]: Sending DATA #0...
Google.Solutions.Compute Verbose: 0 : SshRelayStream [TX: 0 TXA: 0 RX: 0 AQ: 0]: Sending DATA #0...
Google.Solutions.Compute Verbose: 0 : SshRelayStream [TX: 0 TXA: 0 RX: 0 AQ: 0]: Sending DATA #0...
Google.Solutions.Compute Verbose: 0 : SshRelayStream [TX: 0 TXA: 0 RX: 0 AQ: 0]: Sending DATA #0...
Google.Solutions.Compute Verbose: 0 : SshRelayStream [TX: 0 TXA: 0 RX: 0 AQ: 0]: Sending DATA #0...
Google.Solutions.Compute Verbose: 0 : SshRelayStream [TX: 0 TXA: 0 RX: 0 AQ: 0]: Sending DATA #0...
Google.Solutions.Compute Verbose: 0 : SshRelayStream [TX: 0 TXA: 0 RX: 0 AQ: 0]: Sending DATA #0...
Google.Solutions.Compute Verbose: 0 : SshRelayStream [TX: 0 TXA: 0 RX: 0 AQ: 0]: Sending DATA #0...
Google.Solutions.Compute Verbose: 0 : SshRelayStream [TX: 0 TXA: 0 RX: 0 AQ: 0]: Sending DATA #0...
Google.Solutions.Compute Verbose: 0 : SshRelayStream [TX: 0 TXA: 0 RX: 0 AQ: 0]: Sending DATA #0...
Google.Solutions.Compute Verbose: 0 : SshRelayStream [TX: 0 TXA: 0 RX: 0 AQ: 0]: Sending DATA #0...
Google.Solutions.Compute Verbose: 0 : SshRelayStream [TX: 0 TXA: 0 RX: 0 AQ: 0]: Sending DATA #0...
Google.Solutions.Compute Verbose: 0 : SshRelayStream [TX: 0 TXA: 0 RX: 0 AQ: 0]: Sending DATA #0...
Google.Solutions.Compute Verbose: 0 : SshRelayStream [TX: 0 TXA: 0 RX: 0 AQ: 0]: Sending DATA #0...
Google.Solutions.Compute Verbose: 0 : SshRelayStream [TX: 0 TXA: 0 RX: 0 AQ: 0]: Sending DATA #0...
Google.Solutions.Compute Verbose: 0 : SshRelayStream [TX: 0 TXA: 0 RX: 0 AQ: 0]: Sending DATA #0...
Google.Solutions.Compute Verbose: 0 : SshRelayStream [TX: 0 TXA: 0 RX: 0 AQ: 0]: Sending DATA #0...
Google.Solutions.Compute Verbose: 0 : SshRelayStream [TX: 0 TXA: 0 RX: 0 AQ: 0]: Sending DATA #0...
Google.Solutions.Compute Verbose: 0 : SshRelayStream [TX: 0 TXA: 0 RX: 0 AQ: 0]: Sending DATA #0...
Google.Solutions.Compute Verbose: 0 : SshRelayStream [TX: 0 TXA: 0 RX: 0 AQ: 0]: Sending DATA #0...
Google.Solutions.Compute Verbose: 0 : SshRelayStream [TX: 0 TXA: 0 RX: 0 AQ: 0]: Sending DATA #0...
Google.Solutions.Compute Verbose: 0 : SshRelayStream [TX: 0 TXA: 0 RX: 0 AQ: 0]: Sending DATA #0...
Google.Solutions.Compute Verbose: 0 : SshRelayStream [TX: 1 TXA: 0 RX: 0 AQ: 1]: Sending DATA #1...
Google.Solutions.Compute Verbose: 0 : SshRelayStream [TX: 1 TXA: 0 RX: 0 AQ: 1]: Sending DATA #1...
Google.Solutions.Compute Verbose: 0 : SshRelayStream [TX: 1 TXA: 0 RX: 0 AQ: 1]: Sending DATA #1...
Google.Solutions.Compute Verbose: 0 : SshRelayStream [TX: 1 TXA: 0 RX: 0 AQ: 1]: Sending DATA #1...
Google.Solutions.Compute Verbose: 0 : SshRelayStream [TX: 1 TXA: 0 RX: 0 AQ: 1]: Sending DATA #1...
Google.Solutions.Compute Verbose: 0 : SshRelayStream [TX: 1 TXA: 0 RX: 0 AQ: 1]: Sending DATA #1...
Google.Solutions.Compute Verbose: 0 : SshRelayStream [TX: 1 TXA: 0 RX: 0 AQ: 1]: Sending DATA #1...
Google.Solutions.Compute Verbose: 0 : SshRelayStream [TX: 1 TXA: 0 RX: 0 AQ: 1]: Sending DATA #1...
Google.Solutions.Compute Verbose: 0 : SshRelayStream [TX: 1 TXA: 0 RX: 0 AQ: 1]: Sending DATA #1...
Google.Solutions.Compute Verbose: 0 : SshRelayStream [TX: 1 TXA: 0 RX: 0 AQ: 1]: Sending DATA #1...
Google.Solutions.Compute Verbose: 0 : SshRelayStream [TX: 1 TXA: 0 RX: 0 AQ: 1]: Sending DATA #1...
Google.Solutions.Compute Verbose: 0 : SshRelayStream [TX: 1 TXA: 0 RX: 0 AQ: 1]: Sending DATA #1...
Google.Solutions.Compute Verbose: 0 : SshRelayStream [TX: 1 TXA: 0 RX: 0 AQ: 1]: Sending DATA #1...
Google.Solutions.Compute Verbose: 0 : SshRelayStream [TX: 1 TXA: 0 RX: 0 AQ: 1]: Sending DATA #1...
Google.Solutions.Compute Verbose: 0 : SshRelayStream [TX: 1 TXA: 0 RX: 0 AQ: 1]: Sending DATA #1...
Google.Solutions.Compute Verbose: 0 : SshRelayStream [TX: 1 TXA: 0 RX: 0 AQ: 1]: Sending DATA #1...
Google.Solutions.Compute Verbose: 0 : SshRelayStream [TX: 1 TXA: 0 RX: 0 AQ: 1]: Sending DATA #1...
Google.Solutions.Compute Verbose: 0 : SshRelayStream [TX: 1 TXA: 0 RX: 0 AQ: 1]: Sending DATA #1...
Google.Solutions.Compute Verbose: 0 : SshRelayStream [TX: 1 TXA: 0 RX: 0 AQ: 1]: Sending DATA #1...
Google.Solutions.Compute Verbose: 0 : SshRelayStream [TX: 1 TXA: 0 RX: 0 AQ: 1]: Sending DATA #1...
Google.Solutions.Compute Verbose: 0 : SshRelayStream [TX: 1 TXA: 0 RX: 0 AQ: 1]: Sending DATA #1...
Google.Solutions.Compute Verbose: 0 : SshRelayStream [TX: 1 TXA: 0 RX: 0 AQ: 1]: Sending DATA #1...
Google.Solutions.Compute Verbose: 0 : SshRelayStream [TX: 1 TXA: 0 RX: 0 AQ: 1]: Sending DATA #1...
Google.Solutions.Compute Verbose: 0 : SshRelayStream [TX: 1 TXA: 0 RX: 0 AQ: 1]: Sending DATA #1...
Google.Solutions.Compute Verbose: 0 : SshRelayStream [TX: 1 TXA: 0 RX: 0 AQ: 1]: Sending DATA #1...
Google.Solutions.Compute Verbose: 0 : SshRelayStream [TX: 1 TXA: 0 RX: 0 AQ: 1]: Sending DATA #1...
Google.Solutions.Compute Verbose: 0 : SshRelayStream [TX: 1 TXA: 0 RX: 0 AQ: 1]: Sending DATA #1...
Google.Solutions.Compute Verbose: 0 : SshRelayStream [TX: 1 TXA: 0 RX: 0 AQ: 1]: Sending DATA #1...
Google.Solutions.Compute Verbose: 0 : SshRelayStream [TX: 1 TXA: 0 RX: 0 AQ: 1]: Sending DATA #1...
Google.Solutions.Compute Verbose: 0 : SshRelayStream [TX: 1 TXA: 0 RX: 0 AQ: 1]: Sending DATA #1...
Google.Solutions.Compute Verbose: 0 : SshRelayStream [TX: 1 TXA: 0 RX: 0 AQ: 1]: Sending DATA #1...
Google.Solutions.Compute Verbose: 0 : SshRelayStream [TX: 1 TXA: 0 RX: 0 AQ: 1]: Sending DATA #1...
Google.Solutions.Compute Verbose: 0 : SshRelayStream [TX: 1 TXA: 0 RX: 0 AQ: 1]: Sending DATA #1...
Google.Solutions.Compute Verbose: 0 : SshRelayStream [TX: 1 TXA: 0 RX: 0 AQ: 1]: Sending DATA #1...
Google.Solutions.Compute Verbose: 0 : SshRelayStream [TX: 1 TXA: 0 RX: 0 AQ: 1]: Sending DATA #1...
Google.Solutions.Compute Verbose: 0 : SshRelayStream [TX: 1 TXA: 0 RX: 0 AQ: 1]: Sending DATA #1...
Google.Solutions.Compute Verbose: 0 : SshRelayStream [TX: 1 TXA: 0 RX: 0 AQ: 1]: Sending DATA #1...
Google.Solutions.Compute Verbose: 0 : SshRelayStream [TX: 1 TXA: 0 RX: 0 AQ: 1]: Sending DATA #1...
Google.Solutions.Compute Verbose: 0 : SshRelayStream [TX: 1 TXA: 0 RX: 0 AQ: 1]: Sending DATA #1...
Google.Solutions.Compute Verbose: 0 : SshRelayStream [TX: 1 TXA: 0 RX: 0 AQ: 1]: Sending DATA #1...
Google.Solutions.Compute Verbose: 0 : SshRelayStream [TX: 1 TXA: 0 RX: 0 AQ: 1]: Sending DATA #1...
Google.Solutions.Compute Verbose: 0 : SshRelayStream [TX: 1 TXA: 0 RX: 0 AQ: 1]: Sending DATA #1...
Google.Solutions.Compute Verbose: 0 : SshRelayStream [TX: 1 TXA: 0 RX: 0 AQ: 1]: Sending DATA #1...
Google.Solutions.Compute Verbose: 0 : SshRelayStream [TX: 1 TXA: 0 RX: 0 AQ: 1]: Sending DATA #1...
Google.Solutions.Compute Verbose: 0 : SshRelayStream [TX: 1 TXA: 0 RX: 0 AQ: 1]: Sending DATA #1...
Google.Solutions.Compute Verbose: 0 : SshRelayStream [TX: 1 TXA: 0 RX: 0 AQ: 1]: Sending DATA #1...
Google.Solutions.Compute Verbose: 0 : SshRelayStream [TX: 1 TXA: 0 RX: 0 AQ: 1]: Sending DATA #1...
Google.Solutions.Compute Verbose: 0 : SshRelayStream [TX: 1 TXA: 0 RX: 0 AQ: 1]: Sending DATA #1...
Google.Solutions.Compute Verbose: 0 : SshRelayStream [TX: 1 TXA: 0 RX: 0 AQ: 1]: Sending DATA #1...
Google.Solutions.Compute Verbose: 0 : SshRelayStream [TX: 1 TXA: 0 RX: 0 AQ: 1]: Sending DATA #1...
Google.Solutions.Compute Verbose: 0 : SshRelayStream [TX: 1 TXA: 0 RX: 0 AQ: 1]: Sending DATA #1...
Google.Solutions.Compute Verbose: 0 : SshRelayStream [TX: 1 TXA: 0 RX: 0 AQ: 1]: Sending DATA #1...
Google.Solutions.Compute Verbose: 0 : SshRelayStream [TX: 1 TXA: 0 RX: 0 AQ: 1]: Sending DATA #1...
Google.Solutions.Compute Verbose: 0 : SshRelayStream [TX: 1 TXA: 0 RX: 0 AQ: 1]: Sending DATA #1...
Google.Solutions.Compute Verbose: 0 : SshRelayStream [TX: 2 TXA: 0 RX: 0 AQ: 2]: Sending DATA #2...
Google.Solutions.Compute Verbose: 0 : SshRelayStream [TX: 2 TXA: 0 RX: 0 AQ: 2]: Sending DATA #2...
Google.Solutions.Compute Verbose: 0 : SshRelayStream [TX: 2 TXA: 0 RX: 0 AQ: 2]: Sending DATA #2...
Google.Solutions.Compute Verbose: 0 : SshRelayStream [TX: 2 TXA: 0 RX: 0 AQ: 2]: Sending DATA #2...
Google.Solutions.Compute Verbose: 0 : SshRelayStream [TX: 2 TXA: 0 RX: 0 AQ: 2]: Sending DATA #2...
Google.Solutions.Compute Verbose: 0 : SshRelayStream [TX: 2 TXA: 0 RX: 0 AQ: 2]: Sending DATA #2...
Google.Solutions.Compute Verbose: 0 : SshRelayStream [TX: 2 TXA: 0 RX: 0 AQ: 2]: Sending DATA #2...
Google.Solutions.Compute Verbose: 0 : SshRelayStream [TX: 2 TXA: 0 RX: 0 AQ: 2]: Sending DATA #2...
Google.Solutions.Compute Verbose: 0 : SshRelayStream [TX: 2 TXA: 0 RX: 0 AQ: 2]: Sending DATA #2...
Google.Solutions.Compute Verbose: 0 : SshRelayStream [TX: 2 TXA: 0 RX: 0 AQ: 2]: Sending DATA #2...
Google.Solutions.Compute Verbose: 0 : SshRelayStream [TX: 2 TXA: 0 RX: 0 AQ: 2]: Sending DATA #2...
Google.Solutions.Compute Verbose: 0 : SshRelayStream [TX: 2 TXA: 0 RX: 0 AQ: 2]: Sending DATA #2...
Google.Solutions.Compute Verbose: 0 : SshRelayStream [TX: 2 TXA: 0 RX: 0 AQ: 2]: Sending DATA #2...
Google.Solutions.Compute Verbose: 0 : SshRelayStream [TX: 2 TXA: 0 RX: 0 AQ: 2]: Sending DATA #2...
Google.Solutions.Compute Verbose: 0 : SshRelayStream [TX: 2 TXA: 0 RX: 0 AQ: 2]: Sending DATA #2...
Google.Solutions.Compute Verbose: 0 : SshRelayStream [TX: 2 TXA: 0 RX: 0 AQ: 2]: Sending DATA #2...
Google.Solutions.Compute Verbose: 0 : SshRelayStream [TX: 2 TXA: 0 RX: 0 AQ: 2]: Sending DATA #2...
Google.Solutions.Compute Verbose: 0 : SshRelayStream [TX: 2 TXA: 0 RX: 0 AQ: 2]: Sending DATA #2...
Google.Solutions.Compute Verbose: 0 : SshRelayStream [TX: 2 TXA: 0 RX: 0 AQ: 2]: Sending DATA #2...
Google.Solutions.Compute Verbose: 0 : SshRelayStream [TX: 2 TXA: 0 RX: 0 AQ: 2]: Sending DATA #2...
Google.Solutions.Compute Verbose: 0 : SshRelayStream [TX: 2 TXA: 0 RX: 0 AQ: 2]: Sending DATA #2...
Google.Solutions.Compute Verbose: 0 : SshRelayStream [TX: 2 TXA: 0 RX: 0 AQ: 2]: Sending DATA #2...
Google.Solutions.Compute Verbose: 0 : SshRelayStream [TX: 2 TXA: 0 RX: 0 AQ: 2]: Sending DATA #2...
Google.Solutions.Compute Verbose: 0 : SshRelayStream [TX: 2 TXA: 0 RX: 0 AQ: 2]: Sending DATA #2...
Google.Solutions.Compute Verbose: 0 : SshRelayStream [TX: 2 TXA: 0 RX: 0 AQ: 2]: Sending DATA #2...
Google.Solutions.Compute Verbose: 0 : SshRelayStream [TX: 2 TXA: 0 RX: 0 AQ: 2]: Sending DATA #2...
Google.Solutions.Compute Verbose: 0 : SshRelayStream [TX: 2 TXA: 0 RX: 0 AQ: 2]: Sending DATA #2...
Google.Solutions.Compute Verbose: 0 : SshRelayStream [TX: 2 TXA: 0 RX: 0 AQ: 2]: Sending DATA #2...
Google.Solutions.Compute Verbose: 0 : SshRelayStream [TX: 2 TXA: 0 RX: 0 AQ: 2]: Sending DATA #2...
Google.Solutions.Compute Verbose: 0 : SshRelayStream [TX: 2 TXA: 0 RX: 0 AQ: 2]: Sending DATA #2...
Google.Solutions.Compute Verbose: 0 : SshRelayStream [TX: 2 TXA: 0 RX: 0 AQ: 2]: Sending DATA #2...
Google.Solutions.Compute Verbose: 0 : SshRelayStream [TX: 2 TXA: 0 RX: 0 AQ: 2]: Sending DATA #2...
Google.Solutions.Compute Verbose: 0 : SshRelayStream [TX: 2 TXA: 0 RX: 0 AQ: 2]: Sending DATA #2...
Google.Solutions.Compute Verbose: 0 : SshRelayStream [TX: 2 TXA: 0 RX: 0 AQ: 2]: Sending DATA #2...
Google.Solutions.Compute Verbose: 0 : SshRelayStream [TX: 2 TXA: 0 RX: 0 AQ: 2]: Sending DATA #2...
Google.Solutions.Compute Verbose: 0 : SshRelayStream [TX: 2 TXA: 0 RX: 0 AQ: 2]: Sending DATA #2...
Google.Solutions.Compute Verbose: 0 : SshRelayStream [TX: 2 TXA: 0 RX: 0 AQ: 2]: Sending DATA #2...
Google.Solutions.Compute Verbose: 0 : SshRelayStream [TX: 2 TXA: 0 RX: 0 AQ: 2]: Sending DATA #2...
Google.Solutions.Compute Verbose: 0 : SshRelayStream [TX: 2 TXA: 0 RX: 0 AQ: 2]: Sending DATA #2...
Google.Solutions.Compute Verbose: 0 : SshRelayStream [TX: 2 TXA: 0 RX: 0 AQ: 2]: Sending DATA #2...
Google.Solutions.Compute Verbose: 0 : SshRelayStream [TX: 2 TXA: 0 RX: 0 AQ: 2]: Sending DATA #2...
Google.Solutions.Compute Verbose: 0 : SshRelayStream [TX: 2 TXA: 0 RX: 0 AQ: 2]: Sending DATA #2...
Google.Solutions.Compute Verbose: 0 : SshRelayStream [TX: 2 TXA: 0 RX: 0 AQ: 2]: Sending DATA #2...
Google.Solutions.Compute Verbose: 0 : SshRelayStream [TX: 2 TXA: 0 RX: 0 AQ: 2]: Sending DATA #2...
Google.Solutions.Compute Verbose: 0 : SshRelayStream [TX: 2 TXA: 0 RX: 0 AQ: 2]: Sending DATA #2...
Google.Solutions.Compute Verbose: 0 : SshRelayStream [TX: 2 TXA: 0 RX: 0 AQ: 2]: Sending DATA #2...
Google.Solutions.Compute Verbose: 0 : SshRelayStream [TX: 2 TXA: 0 RX: 0 AQ: 2]: Sending DATA #2...
Google.Solutions.Compute Verbose: 0 : SshRelayStream [TX: 2 TXA: 0 RX: 0 AQ: 2]: Sending DATA #2...
Google.Solutions.Compute Verbose: 0 : SshRelayStream [TX: 2 TXA: 0 RX: 0 AQ: 2]: Sending DATA #2...
Google.Solutions.Compute Verbose: 0 : SshRelayStream [TX: 2 TXA: 0 RX: 0 AQ: 2]: Sending DATA #2...
Google.Solutions.Compute Verbose: 0 : SshRelayStream [TX: 2 TXA: 0 RX: 0 AQ: 2]: Sending DATA #2...
Google.Solutions.Compute Verbose: 0 : SshRelayStream [TX: 2 TXA: 0 RX: 0 AQ: 2]: Sending DATA #2...
Google.Solutions.Compute Verbose: 0 : SshRelayStream [TX: 2 TXA: 0 RX: 0 AQ: 2]: Sending DATA #2...
Google.Solutions.Compute Verbose: 0 : SshRelayStream [TX: 2 TXA: 0 RX: 0 AQ: 2]: Sending DATA #2...
Google.Solutions.Compute Verbose: 0 : SshRelayStream [TX: 2 TXA: 0 RX: 0 AQ: 2]: Connection closed abnormally: SID_UNKNOWN
Google.Solutions.Compute Verbose: 0 : SshRelayStream [TX: 2 TXA: 0 RX: 0 AQ: 2]: Connection closed abnormally: SID_UNKNOWN
Google.Solutions.Compute Verbose: 0 : SshRelayStream [TX: 2 TXA: 0 RX: 0 AQ: 2]: Connection closed abnormally: SID_UNKNOWN
Google.Solutions.Compute Verbose: 0 : SshRelayStream [TX: 2 TXA: 0 RX: 0 AQ: 2]: Connection closed abnormally: SID_UNKNOWN
Google.Solutions.Compute Verbose: 0 : SshRelayStream [TX: 2 TXA: 0 RX: 0 AQ: 2]: Connection closed abnormally: SID_UNKNOWN
Google.Solutions.Compute Verbose: 0 : SshRelayStream [TX: 2 TXA: 0 RX: 0 AQ: 2]: Connection closed abnormally: SID_UNKNOWN
Google.Solutions.Compute Verbose: 0 : SshRelayStream [TX: 2 TXA: 0 RX: 0 AQ: 2]: Connection closed abnormally: SID_UNKNOWN
Google.Solutions.Compute Verbose: 0 : SshRelayStream [TX: 2 TXA: 0 RX: 0 AQ: 2]: Connection closed abnormally: SID_UNKNOWN
Google.Solutions.Compute Verbose: 0 : SshRelayStream [TX: 2 TXA: 0 RX: 0 AQ: 2]: Connection closed abnormally: SID_UNKNOWN
Google.Solutions.Compute Verbose: 0 : SshRelayStream [TX: 2 TXA: 0 RX: 0 AQ: 2]: Connection closed abnormally: SID_UNKNOWN
Google.Solutions.Compute Verbose: 0 : SshRelayStream [TX: 2 TXA: 0 RX: 0 AQ: 2]: Connection closed abnormally: SID_UNKNOWN
Google.Solutions.Compute Verbose: 0 : SshRelayStream [TX: 2 TXA: 0 RX: 0 AQ: 2]: Connection closed abnormally: SID_UNKNOWN
Google.Solutions.Compute Verbose: 0 : SshRelayStream [TX: 2 TXA: 0 RX: 0 AQ: 2]: Connection closed abnormally: SID_UNKNOWN
Google.Solutions.Compute Verbose: 0 : SshRelayStream [TX: 2 TXA: 0 RX: 0 AQ: 2]: Connection closed abnormally: SID_UNKNOWN
Google.Solutions.Compute Verbose: 0 : SshRelayStream [TX: 2 TXA: 0 RX: 0 AQ: 2]: Connection closed abnormally: SID_UNKNOWN
Google.Solutions.Compute Verbose: 0 : SshRelayStream [TX: 2 TXA: 0 RX: 0 AQ: 2]: Connection closed abnormally: SID_UNKNOWN
Google.Solutions.Compute Verbose: 0 : SshRelayStream [TX: 2 TXA: 0 RX: 0 AQ: 2]: Connection closed abnormally: SID_UNKNOWN
Google.Solutions.Compute Verbose: 0 : SshRelayStream [TX: 2 TXA: 0 RX: 0 AQ: 2]: Connection closed abnormally: SID_UNKNOWN
Google.Solutions.Compute Verbose: 0 : SshRelayStream [TX: 2 TXA: 0 RX: 0 AQ: 2]: Connection closed abnormally: SID_UNKNOWN
Google.Solutions.Compute Verbose: 0 : SshRelayStream [TX: 2 TXA: 0 RX: 0 AQ: 2]: Connection closed abnormally: SID_UNKNOWN
Google.Solutions.Compute Verbose: 0 : SshRelayStream [TX: 2 TXA: 0 RX: 0 AQ: 2]: Connection closed abnormally: SID_UNKNOWN
Google.Solutions.Compute Verbose: 0 : SshRelayStream [TX: 2 TXA: 0 RX: 0 AQ: 2]: Connection closed abnormally: SID_UNKNOWN
Google.Solutions.Compute Verbose: 0 : SshRelayStream [TX: 2 TXA: 0 RX: 0 AQ: 2]: Connection closed abnormally: SID_UNKNOWN
Google.Solutions.Compute Verbose: 0 : SshRelayStream [TX: 2 TXA: 0 RX: 0 AQ: 2]: Connection closed abnormally: SID_UNKNOWN
Google.Solutions.Compute Verbose: 0 : SshRelayStream [TX: 2 TXA: 0 RX: 0 AQ: 2]: Connection closed abnormally: SID_UNKNOWN
Google.Solutions.Compute Verbose: 0 : SshRelayStream [TX: 2 TXA: 0 RX: 0 AQ: 2]: Connection closed abnormally: SID_UNKNOWN
Google.Solutions.Compute Verbose: 0 : SshRelayStream [TX: 2 TXA: 0 RX: 0 AQ: 2]: Connection closed abnormally: SID_UNKNOWN
Google.Solutions.Compute Verbose: 0 : SshRelayStream [TX: 2 TXA: 0 RX: 0 AQ: 2]: Connection closed abnormally: SID_UNKNOWN
Google.Solutions.Compute Verbose: 0 : SshRelayStream [TX: 2 TXA: 0 RX: 0 AQ: 2]: Connection closed abnormally: SID_UNKNOWN
Google.Solutions.Compute Verbose: 0 : SshRelayStream [TX: 2 TXA: 0 RX: 0 AQ: 2]: Connection closed abnormally: SID_UNKNOWN
Google.Solutions.Compute Verbose: 0 : SshRelayStream [TX: 2 TXA: 0 RX: 0 AQ: 2]: Connection closed abnormally: SID_UNKNOWN
Google.Solutions.Compute Verbose: 0 : SshRelayStream [TX: 2 TXA: 0 RX: 0 AQ: 2]: Connection closed abnormally: SID_UNKNOWN
Google.Solutions.Compute Verbose: 0 : SshRelayStream [TX: 2 TXA: 0 RX: 0 AQ: 2]: Connection closed abnormally: SID_UNKNOWN
Google.Solutions.Compute Verbose: 0 : SshRelayStream [TX: 2 TXA: 0 RX: 0 AQ: 2]: Connection closed abnormally: SID_UNKNOWN
Google.Solutions.Compute Verbose: 0 : SshRelayStream [TX: 2 TXA: 0 RX: 0 AQ: 2]: Connection closed abnormally: SID_UNKNOWN
Google.Solutions.Compute Verbose: 0 : SshRelayStream [TX: 2 TXA: 0 RX: 0 AQ: 2]: Connection closed abnormally: SID_UNKNOWN
Google.Solutions.Compute Verbose: 0 : SshRelayStream [TX: 2 TXA: 0 RX: 0 AQ: 2]: Connection closed abnormally: SID_UNKNOWN
Google.Solutions.Compute Verbose: 0 : SshRelayStream [TX: 2 TXA: 0 RX: 0 AQ: 2]: Connection closed abnormally: SID_UNKNOWN
Google.Solutions.Compute Verbose: 0 : SshRelayStream [TX: 2 TXA: 0 RX: 0 AQ: 2]: Connection closed abnormally: SID_UNKNOWN
Google.Solutions.Compute Verbose: 0 : SshRelayStream [TX: 2 TXA: 0 RX: 0 AQ: 2]: Connection closed abnormally: SID_UNKNOWN
Google.Solutions.Compute Verbose: 0 : SshRelayStream [TX: 2 TXA: 0 RX: 0 AQ: 2]: Connection closed abnormally: SID_UNKNOWN
Google.Solutions.Compute Verbose: 0 : SshRelayStream [TX: 2 TXA: 0 RX: 0 AQ: 2]: Connection closed abnormally: SID_UNKNOWN
Google.Solutions.Compute Verbose: 0 : SshRelayStream [TX: 2 TXA: 0 RX: 0 AQ: 2]: Connection closed abnormally: SID_UNKNOWN
Google.Solutions.Compute Verbose: 0 : SshRelayStream [TX: 2 TXA: 0 RX: 0 AQ: 2]: Connection closed abnormally: SID_UNKNOWN
Google.Solutions.Compute Verbose: 0 : SshRelayStream [TX: 2 TXA: 0 RX: 0 AQ: 2]: Connection closed abnormally: SID_UNKNOWN
Google.Solutions.Compute Verbose: 0 : SshRelayStream [TX: 2 TXA: 0 RX: 0 AQ: 2]: Connection closed abnormally: SID_UNKNOWN
Google.Solutions.Compute Verbose: 0 : SshRelayStream [TX: 2 TXA: 0 RX: 0 AQ: 2]: Connection closed abnormally: SID_UNKNOWN
Google.Solutions.Compute Verbose: 0 : SshRelayStream [TX: 2 TXA: 0 RX: 0 AQ: 2]: Connection closed abnormally: SID_UNKNOWN
Google.Solutions.Compute Verbose: 0 : SshRelayStream [TX: 2 TXA: 0 RX: 0 AQ: 2]: Connection closed abnormally: SID_UNKNOWN
Google.Solutions.Compute Verbose: 0 : SshRelayStream [TX: 2 TXA: 0 RX: 0 AQ: 2]: Connection closed abnormally: SID_UNKNOWN
Google.Solutions.Compute Verbose: 0 : SshRelayStream [TX: 2 TXA: 0 RX: 0 AQ: 2]: Connection closed abnormally: SID_UNKNOWN
Google.Solutions.Compute Verbose: 0 : SshRelayStream [TX: 2 TXA: 0 RX: 0 AQ: 2]: Connection closed abnormally: SID_UNKNOWN
Google.Solutions.Compute Verbose: 0 : SshRelayStream [TX: 2 TXA: 0 RX: 0 AQ: 2]: Connection closed abnormally: SID_UNKNOWN
Google.Solutions.Compute Verbose: 0 : SshRelayStream [TX: 2 TXA: 0 RX: 0 AQ: 2]: Connection closed abnormally: SID_UNKNOWN
Google.Solutions.Compute Verbose: 0 : SshRelayStream [TX: 2 TXA: 0 RX: 0 AQ: 2]: Disconnecting, preparing to reconnect
Google.Solutions.Compute Verbose: 0 : SshRelayStream [TX: 2 TXA: 0 RX: 0 AQ: 2]: Disconnecting, preparing to reconnect
Google.Solutions.Compute Verbose: 0 : SshRelayStream [TX: 2 TXA: 0 RX: 0 AQ: 2]: Disconnecting, preparing to reconnect
Google.Solutions.Compute Verbose: 0 : SshRelayStream [TX: 2 TXA: 0 RX: 0 AQ: 2]: Disconnecting, preparing to reconnect
Google.Solutions.Compute Verbose: 0 : SshRelayStream [TX: 2 TXA: 0 RX: 0 AQ: 2]: Disconnecting, preparing to reconnect
Google.Solutions.Compute Verbose: 0 : SshRelayStream [TX: 2 TXA: 0 RX: 0 AQ: 2]: Disconnecting, preparing to reconnect
Google.Solutions.Compute Verbose: 0 : SshRelayStream [TX: 2 TXA: 0 RX: 0 AQ: 2]: Disconnecting, preparing to reconnect
Google.Solutions.Compute Verbose: 0 : SshRelayStream [TX: 2 TXA: 0 RX: 0 AQ: 2]: Disconnecting, preparing to reconnect
Google.Solutions.Compute Verbose: 0 : SshRelayStream [TX: 2 TXA: 0 RX: 0 AQ: 2]: Disconnecting, preparing to reconnect
Google.Solutions.Compute Verbose: 0 : SshRelayStream [TX: 2 TXA: 0 RX: 0 AQ: 2]: Disconnecting, preparing to reconnect
Google.Solutions.Compute Verbose: 0 : SshRelayStream [TX: 2 TXA: 0 RX: 0 AQ: 2]: Disconnecting, preparing to reconnect
Google.Solutions.Compute Verbose: 0 : SshRelayStream [TX: 2 TXA: 0 RX: 0 AQ: 2]: Disconnecting, preparing to reconnect
Google.Solutions.Compute Verbose: 0 : SshRelayStream [TX: 2 TXA: 0 RX: 0 AQ: 2]: Disconnecting, preparing to reconnect
Google.Solutions.Compute Verbose: 0 : SshRelayStream [TX: 2 TXA: 0 RX: 0 AQ: 2]: Disconnecting, preparing to reconnect
Google.Solutions.Compute Verbose: 0 : SshRelayStream [TX: 2 TXA: 0 RX: 0 AQ: 2]: Disconnecting, preparing to reconnect
Google.Solutions.Compute Verbose: 0 : SshRelayStream [TX: 2 TXA: 0 RX: 0 AQ: 2]: Disconnecting, preparing to reconnect
Google.Solutions.Compute Verbose: 0 : SshRelayStream [TX: 2 TXA: 0 RX: 0 AQ: 2]: Disconnecting, preparing to reconnect
Google.Solutions.Compute Verbose: 0 : SshRelayStream [TX: 2 TXA: 0 RX: 0 AQ: 2]: Disconnecting, preparing to reconnect
Google.Solutions.Compute Verbose: 0 : SshRelayStream [TX: 2 TXA: 0 RX: 0 AQ: 2]: Disconnecting, preparing to reconnect
Google.Solutions.Compute Verbose: 0 : SshRelayStream [TX: 2 TXA: 0 RX: 0 AQ: 2]: Disconnecting, preparing to reconnect
Google.Solutions.Compute Verbose: 0 : SshRelayStream [TX: 2 TXA: 0 RX: 0 AQ: 2]: Disconnecting, preparing to reconnect
Google.Solutions.Compute Verbose: 0 : SshRelayStream [TX: 2 TXA: 0 RX: 0 AQ: 2]: Disconnecting, preparing to reconnect
Google.Solutions.Compute Verbose: 0 : SshRelayStream [TX: 2 TXA: 0 RX: 0 AQ: 2]: Disconnecting, preparing to reconnect
Google.Solutions.Compute Verbose: 0 : SshRelayStream [TX: 2 TXA: 0 RX: 0 AQ: 2]: Disconnecting, preparing to reconnect
Google.Solutions.Compute Verbose: 0 : SshRelayStream [TX: 2 TXA: 0 RX: 0 AQ: 2]: Disconnecting, preparing to reconnect
Google.Solutions.Compute Verbose: 0 : SshRelayStream [TX: 2 TXA: 0 RX: 0 AQ: 2]: Disconnecting, preparing to reconnect
Google.Solutions.Compute Verbose: 0 : SshRelayStream [TX: 2 TXA: 0 RX: 0 AQ: 2]: Disconnecting, preparing to reconnect
Google.Solutions.Compute Verbose: 0 : SshRelayStream [TX: 2 TXA: 0 RX: 0 AQ: 2]: Disconnecting, preparing to reconnect
Google.Solutions.Compute Verbose: 0 : SshRelayStream [TX: 2 TXA: 0 RX: 0 AQ: 2]: Disconnecting, preparing to reconnect
Google.Solutions.Compute Verbose: 0 : SshRelayStream [TX: 2 TXA: 0 RX: 0 AQ: 2]: Disconnecting, preparing to reconnect
Google.Solutions.Compute Verbose: 0 : SshRelayStream [TX: 2 TXA: 0 RX: 0 AQ: 2]: Disconnecting, preparing to reconnect
Google.Solutions.Compute Verbose: 0 : SshRelayStream [TX: 2 TXA: 0 RX: 0 AQ: 2]: Disconnecting, preparing to reconnect
Google.Solutions.Compute Verbose: 0 : SshRelayStream [TX: 2 TXA: 0 RX: 0 AQ: 2]: Disconnecting, preparing to reconnect
Google.Solutions.Compute Verbose: 0 : SshRelayStream [TX: 2 TXA: 0 RX: 0 AQ: 2]: Disconnecting, preparing to reconnect
Google.Solutions.Compute Verbose: 0 : SshRelayStream [TX: 2 TXA: 0 RX: 0 AQ: 2]: Disconnecting, preparing to reconnect
Google.Solutions.Compute Verbose: 0 : SshRelayStream [TX: 2 TXA: 0 RX: 0 AQ: 2]: Disconnecting, preparing to reconnect
Google.Solutions.Compute Verbose: 0 : SshRelayStream [TX: 2 TXA: 0 RX: 0 AQ: 2]: Disconnecting, preparing to reconnect
Google.Solutions.Compute Verbose: 0 : SshRelayStream [TX: 2 TXA: 0 RX: 0 AQ: 2]: Disconnecting, preparing to reconnect
Google.Solutions.Compute Verbose: 0 : SshRelayStream [TX: 2 TXA: 0 RX: 0 AQ: 2]: Disconnecting, preparing to reconnect
Google.Solutions.Compute Verbose: 0 : SshRelayStream [TX: 2 TXA: 0 RX: 0 AQ: 2]: Disconnecting, preparing to reconnect
Google.Solutions.Compute Verbose: 0 : SshRelayStream [TX: 2 TXA: 0 RX: 0 AQ: 2]: Disconnecting, preparing to reconnect
Google.Solutions.Compute Verbose: 0 : SshRelayStream [TX: 2 TXA: 0 RX: 0 AQ: 2]: Disconnecting, preparing to reconnect
Google.Solutions.Compute Verbose: 0 : SshRelayStream [TX: 2 TXA: 0 RX: 0 AQ: 2]: Disconnecting, preparing to reconnect
Google.Solutions.Compute Verbose: 0 : SshRelayStream [TX: 2 TXA: 0 RX: 0 AQ: 2]: Disconnecting, preparing to reconnect
Google.Solutions.Compute Verbose: 0 : SshRelayStream [TX: 2 TXA: 0 RX: 0 AQ: 2]: Disconnecting, preparing to reconnect
Google.Solutions.Compute Verbose: 0 : SshRelayStream [TX: 2 TXA: 0 RX: 0 AQ: 2]: Disconnecting, preparing to reconnect
Google.Solutions.Compute Verbose: 0 : SshRelayStream [TX: 2 TXA: 0 RX: 0 AQ: 2]: Disconnecting, preparing to reconnect
Google.Solutions.Compute Verbose: 0 : SshRelayStream [TX: 2 TXA: 0 RX: 0 AQ: 2]: Disconnecting, preparing to reconnect
Google.Solutions.Compute Verbose: 0 : SshRelayStream [TX: 2 TXA: 0 RX: 0 AQ: 2]: Disconnecting, preparing to reconnect
Google.Solutions.Compute Verbose: 0 : SshRelayStream [TX: 2 TXA: 0 RX: 0 AQ: 2]: Disconnecting, preparing to reconnect
Google.Solutions.Compute Verbose: 0 : SshRelayStream [TX: 2 TXA: 0 RX: 0 AQ: 2]: Disconnecting, preparing to reconnect
Google.Solutions.Compute Verbose: 0 : SshRelayStream [TX: 2 TXA: 0 RX: 0 AQ: 2]: Disconnecting, preparing to reconnect
Google.Solutions.Compute Verbose: 0 : SshRelayStream [TX: 2 TXA: 0 RX: 0 AQ: 2]: Disconnecting, preparing to reconnect
Google.Solutions.Compute Verbose: 0 : SshRelayStream [TX: 2 TXA: 0 RX: 0 AQ: 2]: Disconnecting, preparing to reconnect
Google.Solutions.Compute Verbose: 0 : SshRelayStream [TX: 2 TXA: 0 RX: 0 AQ: 2]: Disonnected.
Google.Solutions.Compute Verbose: 0 : SshRelayStream [TX: 2 TXA: 0 RX: 0 AQ: 2]: Disonnected.
Google.Solutions.Compute Verbose: 0 : SshRelayStream [TX: 2 TXA: 0 RX: 0 AQ: 2]: Disonnected.
Google.Solutions.Compute Verbose: 0 : SshRelayStream [TX: 2 TXA: 0 RX: 0 AQ: 2]: Disonnected.
Google.Solutions.Compute Verbose: 0 : SshRelayStream [TX: 2 TXA: 0 RX: 0 AQ: 2]: Disonnected.
Google.Solutions.Compute Verbose: 0 : SshRelayStream [TX: 2 TXA: 0 RX: 0 AQ: 2]: Disonnected.
Google.Solutions.Compute Verbose: 0 : SshRelayStream [TX: 2 TXA: 0 RX: 0 AQ: 2]: Disonnected.
Google.Solutions.Compute Verbose: 0 : SshRelayStream [TX: 2 TXA: 0 RX: 0 AQ: 2]: Disonnected.
Google.Solutions.Compute Verbose: 0 : SshRelayStream [TX: 2 TXA: 0 RX: 0 AQ: 2]: Disonnected.
Google.Solutions.Compute Verbose: 0 : SshRelayStream [TX: 2 TXA: 0 RX: 0 AQ: 2]: Disonnected.
Google.Solutions.Compute Verbose: 0 : SshRelayStream [TX: 2 TXA: 0 RX: 0 AQ: 2]: Disonnected.
Google.Solutions.Compute Verbose: 0 : SshRelayStream [TX: 2 TXA: 0 RX: 0 AQ: 2]: Disonnected.
Google.Solutions.Compute Verbose: 0 : SshRelayStream [TX: 2 TXA: 0 RX: 0 AQ: 2]: Disonnected.
Google.Solutions.Compute Verbose: 0 : SshRelayStream [TX: 2 TXA: 0 RX: 0 AQ: 2]: Disonnected.
Google.Solutions.Compute Verbose: 0 : SshRelayStream [TX: 2 TXA: 0 RX: 0 AQ: 2]: Disonnected.
Google.Solutions.Compute Verbose: 0 : SshRelayStream [TX: 2 TXA: 0 RX: 0 AQ: 2]: Disonnected.
Google.Solutions.Compute Verbose: 0 : SshRelayStream [TX: 2 TXA: 0 RX: 0 AQ: 2]: Disonnected.
Google.Solutions.Compute Verbose: 0 : SshRelayStream [TX: 2 TXA: 0 RX: 0 AQ: 2]: Disonnected.
Google.Solutions.Compute Verbose: 0 : SshRelayStream [TX: 2 TXA: 0 RX: 0 AQ: 2]: Disonnected.
Google.Solutions.Compute Verbose: 0 : SshRelayStream [TX: 2 TXA: 0 RX: 0 AQ: 2]: Disonnected.
Google.Solutions.Compute Verbose: 0 : SshRelayStream [TX: 2 TXA: 0 RX: 0 AQ: 2]: Disonnected.
Google.Solutions.Compute Verbose: 0 : SshRelayStream [TX: 2 TXA: 0 RX: 0 AQ: 2]: Disonnected.
Google.Solutions.Compute Verbose: 0 : SshRelayStream [TX: 2 TXA: 0 RX: 0 AQ: 2]: Disonnected.
Google.Solutions.Compute Verbose: 0 : SshRelayStream [TX: 2 TXA: 0 RX: 0 AQ: 2]: Disonnected.
Google.Solutions.Compute Verbose: 0 : SshRelayStream [TX: 2 TXA: 0 RX: 0 AQ: 2]: Disonnected.
Google.Solutions.Compute Verbose: 0 : SshRelayStream [TX: 2 TXA: 0 RX: 0 AQ: 2]: Disonnected.
Google.Solutions.Compute Verbose: 0 : SshRelayStream [TX: 2 TXA: 0 RX: 0 AQ: 2]: Disonnected.
Google.Solutions.Compute Verbose: 0 : SshRelayStream [TX: 2 TXA: 0 RX: 0 AQ: 2]: Disonnected.
Google.Solutions.Compute Verbose: 0 : SshRelayStream [TX: 2 TXA: 0 RX: 0 AQ: 2]: Disonnected.
Google.Solutions.Compute Verbose: 0 : SshRelayStream [TX: 2 TXA: 0 RX: 0 AQ: 2]: Disonnected.
Google.Solutions.Compute Verbose: 0 : SshRelayStream [TX: 2 TXA: 0 RX: 0 AQ: 2]: Disonnected.
Google.Solutions.Compute Verbose: 0 : SshRelayStream [TX: 2 TXA: 0 RX: 0 AQ: 2]: Disonnected.
Google.Solutions.Compute Verbose: 0 : SshRelayStream [TX: 2 TXA: 0 RX: 0 AQ: 2]: Disonnected.
Google.Solutions.Compute Verbose: 0 : SshRelayStream [TX: 2 TXA: 0 RX: 0 AQ: 2]: Disonnected.
Google.Solutions.Compute Verbose: 0 : SshRelayStream [TX: 2 TXA: 0 RX: 0 AQ: 2]: Disonnected.
Google.Solutions.Compute Verbose: 0 : SshRelayStream [TX: 2 TXA: 0 RX: 0 AQ: 2]: Disonnected.
Google.Solutions.Compute Verbose: 0 : SshRelayStream [TX: 2 TXA: 0 RX: 0 AQ: 2]: Disonnected.
Google.Solutions.Compute Verbose: 0 : SshRelayStream [TX: 2 TXA: 0 RX: 0 AQ: 2]: Disonnected.
Google.Solutions.Compute Verbose: 0 : SshRelayStream [TX: 2 TXA: 0 RX: 0 AQ: 2]: Disonnected.
Google.Solutions.Compute Verbose: 0 : SshRelayStream [TX: 2 TXA: 0 RX: 0 AQ: 2]: Disonnected.
Google.Solutions.Compute Verbose: 0 : SshRelayStream [TX: 2 TXA: 0 RX: 0 AQ: 2]: Disonnected.
Google.Solutions.Compute Verbose: 0 : SshRelayStream [TX: 2 TXA: 0 RX: 0 AQ: 2]: Disonnected.
Google.Solutions.Compute Verbose: 0 : SshRelayStream [TX: 2 TXA: 0 RX: 0 AQ: 2]: Disonnected.
Google.Solutions.Compute Verbose: 0 : SshRelayStream [TX: 2 TXA: 0 RX: 0 AQ: 2]: Disonnected.
Google.Solutions.Compute Verbose: 0 : SshRelayStream [TX: 2 TXA: 0 RX: 0 AQ: 2]: Disonnected.
Google.Solutions.Compute Verbose: 0 : SshRelayStream [TX: 2 TXA: 0 RX: 0 AQ: 2]: Disonnected.
Google.Solutions.Compute Verbose: 0 : SshRelayStream [TX: 2 TXA: 0 RX: 0 AQ: 2]: Disonnected.
Google.Solutions.Compute Verbose: 0 : SshRelayStream [TX: 2 TXA: 0 RX: 0 AQ: 2]: Disonnected.
Google.Solutions.Compute Verbose: 0 : SshRelayStream [TX: 2 TXA: 0 RX: 0 AQ: 2]: Disonnected.
Google.Solutions.Compute Verbose: 0 : SshRelayStream [TX: 2 TXA: 0 RX: 0 AQ: 2]: Disonnected.
Google.Solutions.Compute Verbose: 0 : SshRelayStream [TX: 2 TXA: 0 RX: 0 AQ: 2]: Disonnected.
Google.Solutions.Compute Verbose: 0 : SshRelayStream [TX: 2 TXA: 0 RX: 0 AQ: 2]: Disonnected.
Google.Solutions.Compute Verbose: 0 : SshRelayStream [TX: 2 TXA: 0 RX: 0 AQ: 2]: Disonnected.
Google.Solutions.Compute Verbose: 0 : SshRelayStream [TX: 2 TXA: 0 RX: 0 AQ: 2]: Disonnected.
Google.Solutions.Compute Verbose: 0 : SshRelayStream [TX: 2 TXA: 0 RX: 0 AQ: 2]: Connecting...
Google.Solutions.Compute Verbose: 0 : SshRelayStream [TX: 2 TXA: 0 RX: 0 AQ: 2]: Connecting...
Google.Solutions.Compute Verbose: 0 : SshRelayStream [TX: 2 TXA: 0 RX: 0 AQ: 2]: Connecting...
Google.Solutions.Compute Verbose: 0 : SshRelayStream [TX: 2 TXA: 0 RX: 0 AQ: 2]: Connecting...
Google.Solutions.Compute Verbose: 0 : SshRelayStream [TX: 2 TXA: 0 RX: 0 AQ: 2]: Connecting...
Google.Solutions.Compute Verbose: 0 : SshRelayStream [TX: 2 TXA: 0 RX: 0 AQ: 2]: Connecting...
Google.Solutions.Compute Verbose: 0 : SshRelayStream [TX: 2 TXA: 0 RX: 0 AQ: 2]: Connecting...
Google.Solutions.Compute Verbose: 0 : SshRelayStream [TX: 2 TXA: 0 RX: 0 AQ: 2]: Connecting...
Google.Solutions.Compute Verbose: 0 : SshRelayStream [TX: 2 TXA: 0 RX: 0 AQ: 2]: Connecting...
Google.Solutions.Compute Verbose: 0 : SshRelayStream [TX: 2 TXA: 0 RX: 0 AQ: 2]: Connecting...
Google.Solutions.Compute Verbose: 0 : SshRelayStream [TX: 2 TXA: 0 RX: 0 AQ: 2]: Connecting...
Google.Solutions.Compute Verbose: 0 : SshRelayStream [TX: 2 TXA: 0 RX: 0 AQ: 2]: Connecting...
Google.Solutions.Compute Verbose: 0 : SshRelayStream [TX: 2 TXA: 0 RX: 0 AQ: 2]: Connecting...
Google.Solutions.Compute Verbose: 0 : SshRelayStream [TX: 2 TXA: 0 RX: 0 AQ: 2]: Connecting...
Google.Solutions.Compute Verbose: 0 : SshRelayStream [TX: 2 TXA: 0 RX: 0 AQ: 2]: Connecting...
Google.Solutions.Compute Verbose: 0 : SshRelayStream [TX: 2 TXA: 0 RX: 0 AQ: 2]: Connecting...
Google.Solutions.Compute Verbose: 0 : SshRelayStream [TX: 2 TXA: 0 RX: 0 AQ: 2]: Connecting...
Google.Solutions.Compute Verbose: 0 : SshRelayStream [TX: 2 TXA: 0 RX: 0 AQ: 2]: Connecting...
Google.Solutions.Compute Verbose: 0 : SshRelayStream [TX: 2 TXA: 0 RX: 0 AQ: 2]: Connecting...
Google.Solutions.Compute Verbose: 0 : SshRelayStream [TX: 2 TXA: 0 RX: 0 AQ: 2]: Connecting...
Google.Solutions.Compute Verbose: 0 : SshRelayStream [TX: 2 TXA: 0 RX: 0 AQ: 2]: Connecting...
Google.Solutions.Compute Verbose: 0 : SshRelayStream [TX: 2 TXA: 0 RX: 0 AQ: 2]: Connecting...
Google.Solutions.Compute Verbose: 0 : SshRelayStream [TX: 2 TXA: 0 RX: 0 AQ: 2]: Connecting...
Google.Solutions.Compute Verbose: 0 : SshRelayStream [TX: 2 TXA: 0 RX: 0 AQ: 2]: Connecting...
Google.Solutions.Compute Verbose: 0 : SshRelayStream [TX: 2 TXA: 0 RX: 0 AQ: 2]: Connecting...
Google.Solutions.Compute Verbose: 0 : SshRelayStream [TX: 2 TXA: 0 RX: 0 AQ: 2]: Connecting...
Google.Solutions.Compute Verbose: 0 : SshRelayStream [TX: 2 TXA: 0 RX: 0 AQ: 2]: Connecting...
Google.Solutions.Compute Verbose: 0 : SshRelayStream [TX: 2 TXA: 0 RX: 0 AQ: 2]: Connecting...
Google.Solutions.Compute Verbose: 0 : SshRelayStream [TX: 2 TXA: 0 RX: 0 AQ: 2]: Connecting...
Google.Solutions.Compute Verbose: 0 : SshRelayStream [TX: 2 TXA: 0 RX: 0 AQ: 2]: Connecting...
Google.Solutions.Compute Verbose: 0 : SshRelayStream [TX: 2 TXA: 0 RX: 0 AQ: 2]: Connecting...
Google.Solutions.Compute Verbose: 0 : SshRelayStream [TX: 2 TXA: 0 RX: 0 AQ: 2]: Connecting...
Google.Solutions.Compute Verbose: 0 : SshRelayStream [TX: 2 TXA: 0 RX: 0 AQ: 2]: Connecting...
Google.Solutions.Compute Verbose: 0 : SshRelayStream [TX: 2 TXA: 0 RX: 0 AQ: 2]: Connecting...
Google.Solutions.Compute Verbose: 0 : SshRelayStream [TX: 2 TXA: 0 RX: 0 AQ: 2]: Connecting...
Google.Solutions.Compute Verbose: 0 : SshRelayStream [TX: 2 TXA: 0 RX: 0 AQ: 2]: Connecting...
Google.Solutions.Compute Verbose: 0 : SshRelayStream [TX: 2 TXA: 0 RX: 0 AQ: 2]: Connecting...
Google.Solutions.Compute Verbose: 0 : SshRelayStream [TX: 2 TXA: 0 RX: 0 AQ: 2]: Connecting...
Google.Solutions.Compute Verbose: 0 : SshRelayStream [TX: 2 TXA: 0 RX: 0 AQ: 2]: Connecting...
Google.Solutions.Compute Verbose: 0 : SshRelayStream [TX: 2 TXA: 0 RX: 0 AQ: 2]: Connecting...
Google.Solutions.Compute Verbose: 0 : SshRelayStream [TX: 2 TXA: 0 RX: 0 AQ: 2]: Connecting...
Google.Solutions.Compute Verbose: 0 : SshRelayStream [TX: 2 TXA: 0 RX: 0 AQ: 2]: Connecting...
Google.Solutions.Compute Verbose: 0 : SshRelayStream [TX: 2 TXA: 0 RX: 0 AQ: 2]: Connecting...
Google.Solutions.Compute Verbose: 0 : SshRelayStream [TX: 2 TXA: 0 RX: 0 AQ: 2]: Connecting...
Google.Solutions.Compute Verbose: 0 : SshRelayStream [TX: 2 TXA: 0 RX: 0 AQ: 2]: Connecting...
Google.Solutions.Compute Verbose: 0 : SshRelayStream [TX: 2 TXA: 0 RX: 0 AQ: 2]: Connecting...
Google.Solutions.Compute Verbose: 0 : SshRelayStream [TX: 2 TXA: 0 RX: 0 AQ: 2]: Connecting...
Google.Solutions.Compute Verbose: 0 : SshRelayStream [TX: 2 TXA: 0 RX: 0 AQ: 2]: Connecting...
Google.Solutions.Compute Verbose: 0 : SshRelayStream [TX: 2 TXA: 0 RX: 0 AQ: 2]: Connecting...
Google.Solutions.Compute Verbose: 0 : SshRelayStream [TX: 2 TXA: 0 RX: 0 AQ: 2]: Connecting...
Google.Solutions.Compute Verbose: 0 : SshRelayStream [TX: 2 TXA: 0 RX: 0 AQ: 2]: Connecting...
Google.Solutions.Compute Verbose: 0 : SshRelayStream [TX: 2 TXA: 0 RX: 0 AQ: 2]: Connecting...
Google.Solutions.Compute Verbose: 0 : SshRelayStream [TX: 2 TXA: 0 RX: 0 AQ: 2]: Connecting...
Google.Solutions.Compute Verbose: 0 : SshRelayStream [TX: 2 TXA: 0 RX: 0 AQ: 2]: Connecting...
Google.Solutions.Compute Verbose: 0 : SshRelayStream [TX: 2 TXA: 0 RX: 0 AQ: 1]: Resending DATA #0...
Google.Solutions.Compute Verbose: 0 : SshRelayStream [TX: 2 TXA: 0 RX: 0 AQ: 1]: Resending DATA #0...
Google.Solutions.Compute Verbose: 0 : SshRelayStream [TX: 2 TXA: 0 RX: 0 AQ: 1]: Resending DATA #0...
Google.Solutions.Compute Verbose: 0 : SshRelayStream [TX: 2 TXA: 0 RX: 0 AQ: 1]: Resending DATA #0...
Google.Solutions.Compute Verbose: 0 : SshRelayStream [TX: 2 TXA: 0 RX: 0 AQ: 1]: Resending DATA #0...
Google.Solutions.Compute Verbose: 0 : SshRelayStream [TX: 2 TXA: 0 RX: 0 AQ: 1]: Resending DATA #0...
Google.Solutions.Compute Verbose: 0 : SshRelayStream [TX: 2 TXA: 0 RX: 0 AQ: 1]: Resending DATA #0...
Google.Solutions.Compute Verbose: 0 : SshRelayStream [TX: 2 TXA: 0 RX: 0 AQ: 1]: Resending DATA #0...
Google.Solutions.Compute Verbose: 0 : SshRelayStream [TX: 2 TXA: 0 RX: 0 AQ: 1]: Resending DATA #0...
Google.Solutions.Compute Verbose: 0 : SshRelayStream [TX: 2 TXA: 0 RX: 0 AQ: 1]: Resending DATA #0...
Google.Solutions.Compute Verbose: 0 : SshRelayStream [TX: 2 TXA: 0 RX: 0 AQ: 1]: Resending DATA #0...
Google.Solutions.Compute Verbose: 0 : SshRelayStream [TX: 2 TXA: 0 RX: 0 AQ: 1]: Resending DATA #0...
Google.Solutions.Compute Verbose: 0 : SshRelayStream [TX: 2 TXA: 0 RX: 0 AQ: 1]: Resending DATA #0...
Google.Solutions.Compute Verbose: 0 : SshRelayStream [TX: 2 TXA: 0 RX: 0 AQ: 1]: Resending DATA #0...
Google.Solutions.Compute Verbose: 0 : SshRelayStream [TX: 2 TXA: 0 RX: 0 AQ: 1]: Resending DATA #0...
Google.Solutions.Compute Verbose: 0 : SshRelayStream [TX: 2 TXA: 0 RX: 0 AQ: 1]: Resending DATA #0...
Google.Solutions.Compute Verbose: 0 : SshRelayStream [TX: 2 TXA: 0 RX: 0 AQ: 1]: Resending DATA #0...
Google.Solutions.Compute Verbose: 0 : SshRelayStream [TX: 2 TXA: 0 RX: 0 AQ: 1]: Resending DATA #0...
Google.Solutions.Compute Verbose: 0 : SshRelayStream [TX: 2 TXA: 0 RX: 0 AQ: 1]: Resending DATA #0...
Google.Solutions.Compute Verbose: 0 : SshRelayStream [TX: 2 TXA: 0 RX: 0 AQ: 1]: Resending DATA #0...
Google.Solutions.Compute Verbose: 0 : SshRelayStream [TX: 2 TXA: 0 RX: 0 AQ: 1]: Resending DATA #0...
Google.Solutions.Compute Verbose: 0 : SshRelayStream [TX: 2 TXA: 0 RX: 0 AQ: 1]: Resending DATA #0...
Google.Solutions.Compute Verbose: 0 : SshRelayStream [TX: 2 TXA: 0 RX: 0 AQ: 1]: Resending DATA #0...
Google.Solutions.Compute Verbose: 0 : SshRelayStream [TX: 2 TXA: 0 RX: 0 AQ: 1]: Resending DATA #0...
Google.Solutions.Compute Verbose: 0 : SshRelayStream [TX: 2 TXA: 0 RX: 0 AQ: 1]: Resending DATA #0...
Google.Solutions.Compute Verbose: 0 : SshRelayStream [TX: 2 TXA: 0 RX: 0 AQ: 1]: Resending DATA #0...
Google.Solutions.Compute Verbose: 0 : SshRelayStream [TX: 2 TXA: 0 RX: 0 AQ: 1]: Resending DATA #0...
Google.Solutions.Compute Verbose: 0 : SshRelayStream [TX: 2 TXA: 0 RX: 0 AQ: 1]: Resending DATA #0...
Google.Solutions.Compute Verbose: 0 : SshRelayStream [TX: 2 TXA: 0 RX: 0 AQ: 1]: Resending DATA #0...
Google.Solutions.Compute Verbose: 0 : SshRelayStream [TX: 2 TXA: 0 RX: 0 AQ: 1]: Resending DATA #0...
Google.Solutions.Compute Verbose: 0 : SshRelayStream [TX: 2 TXA: 0 RX: 0 AQ: 1]: Resending DATA #0...
Google.Solutions.Compute Verbose: 0 : SshRelayStream [TX: 2 TXA: 0 RX: 0 AQ: 1]: Resending DATA #0...
Google.Solutions.Compute Verbose: 0 : SshRelayStream [TX: 2 TXA: 0 RX: 0 AQ: 1]: Resending DATA #0...
Google.Solutions.Compute Verbose: 0 : SshRelayStream [TX: 2 TXA: 0 RX: 0 AQ: 1]: Resending DATA #0...
Google.Solutions.Compute Verbose: 0 : SshRelayStream [TX: 2 TXA: 0 RX: 0 AQ: 1]: Resending DATA #0...
Google.Solutions.Compute Verbose: 0 : SshRelayStream [TX: 2 TXA: 0 RX: 0 AQ: 1]: Resending DATA #0...
Google.Solutions.Compute Verbose: 0 : SshRelayStream [TX: 2 TXA: 0 RX: 0 AQ: 1]: Resending DATA #0...
Google.Solutions.Compute Verbose: 0 : SshRelayStream [TX: 2 TXA: 0 RX: 0 AQ: 1]: Resending DATA #0...
Google.Solutions.Compute Verbose: 0 : SshRelayStream [TX: 2 TXA: 0 RX: 0 AQ: 1]: Resending DATA #0...
Google.Solutions.Compute Verbose: 0 : SshRelayStream [TX: 2 TXA: 0 RX: 0 AQ: 1]: Resending DATA #0...
Google.Solutions.Compute Verbose: 0 : SshRelayStream [TX: 2 TXA: 0 RX: 0 AQ: 1]: Resending DATA #0...
Google.Solutions.Compute Verbose: 0 : SshRelayStream [TX: 2 TXA: 0 RX: 0 AQ: 1]: Resending DATA #0...
Google.Solutions.Compute Verbose: 0 : SshRelayStream [TX: 2 TXA: 0 RX: 0 AQ: 1]: Resending DATA #0...
Google.Solutions.Compute Verbose: 0 : SshRelayStream [TX: 2 TXA: 0 RX: 0 AQ: 1]: Resending DATA #0...
Google.Solutions.Compute Verbose: 0 : SshRelayStream [TX: 2 TXA: 0 RX: 0 AQ: 1]: Resending DATA #0...
Google.Solutions.Compute Verbose: 0 : SshRelayStream [TX: 2 TXA: 0 RX: 0 AQ: 1]: Resending DATA #0...
Google.Solutions.Compute Verbose: 0 : SshRelayStream [TX: 2 TXA: 0 RX: 0 AQ: 1]: Resending DATA #0...
Google.Solutions.Compute Verbose: 0 : SshRelayStream [TX: 2 TXA: 0 RX: 0 AQ: 1]: Resending DATA #0...
Google.Solutions.Compute Verbose: 0 : SshRelayStream [TX: 2 TXA: 0 RX: 0 AQ: 1]: Resending DATA #0...
Google.Solutions.Compute Verbose: 0 : SshRelayStream [TX: 2 TXA: 0 RX: 0 AQ: 1]: Resending DATA #0...
Google.Solutions.Compute Verbose: 0 : SshRelayStream [TX: 2 TXA: 0 RX: 0 AQ: 1]: Resending DATA #0...
Google.Solutions.Compute Verbose: 0 : SshRelayStream [TX: 2 TXA: 0 RX: 0 AQ: 1]: Resending DATA #0...
Google.Solutions.Compute Verbose: 0 : SshRelayStream [TX: 2 TXA: 0 RX: 0 AQ: 1]: Resending DATA #0...
Google.Solutions.Compute Verbose: 0 : SshRelayStream [TX: 2 TXA: 0 RX: 0 AQ: 1]: Resending DATA #0...
Google.Solutions.Compute Verbose: 0 : SshRelayStream [TX: 2 TXA: 0 RX: 0 AQ: 0]: Resending DATA #1...
Google.Solutions.Compute Verbose: 0 : SshRelayStream [TX: 2 TXA: 0 RX: 0 AQ: 0]: Resending DATA #1...
Google.Solutions.Compute Verbose: 0 : SshRelayStream [TX: 2 TXA: 0 RX: 0 AQ: 0]: Resending DATA #1...
Google.Solutions.Compute Verbose: 0 : SshRelayStream [TX: 2 TXA: 0 RX: 0 AQ: 0]: Resending DATA #1...
Google.Solutions.Compute Verbose: 0 : SshRelayStream [TX: 2 TXA: 0 RX: 0 AQ: 0]: Resending DATA #1...
Google.Solutions.Compute Verbose: 0 : SshRelayStream [TX: 2 TXA: 0 RX: 0 AQ: 0]: Resending DATA #1...
Google.Solutions.Compute Verbose: 0 : SshRelayStream [TX: 2 TXA: 0 RX: 0 AQ: 0]: Resending DATA #1...
Google.Solutions.Compute Verbose: 0 : SshRelayStream [TX: 2 TXA: 0 RX: 0 AQ: 0]: Resending DATA #1...
Google.Solutions.Compute Verbose: 0 : SshRelayStream [TX: 2 TXA: 0 RX: 0 AQ: 0]: Resending DATA #1...
Google.Solutions.Compute Verbose: 0 : SshRelayStream [TX: 2 TXA: 0 RX: 0 AQ: 0]: Resending DATA #1...
Google.Solutions.Compute Verbose: 0 : SshRelayStream [TX: 2 TXA: 0 RX: 0 AQ: 0]: Resending DATA #1...
Google.Solutions.Compute Verbose: 0 : SshRelayStream [TX: 2 TXA: 0 RX: 0 AQ: 0]: Resending DATA #1...
Google.Solutions.Compute Verbose: 0 : SshRelayStream [TX: 2 TXA: 0 RX: 0 AQ: 0]: Resending DATA #1...
Google.Solutions.Compute Verbose: 0 : SshRelayStream [TX: 2 TXA: 0 RX: 0 AQ: 0]: Resending DATA #1...
Google.Solutions.Compute Verbose: 0 : SshRelayStream [TX: 2 TXA: 0 RX: 0 AQ: 0]: Resending DATA #1...
Google.Solutions.Compute Verbose: 0 : SshRelayStream [TX: 2 TXA: 0 RX: 0 AQ: 0]: Resending DATA #1...
Google.Solutions.Compute Verbose: 0 : SshRelayStream [TX: 2 TXA: 0 RX: 0 AQ: 0]: Resending DATA #1...
Google.Solutions.Compute Verbose: 0 : SshRelayStream [TX: 2 TXA: 0 RX: 0 AQ: 0]: Resending DATA #1...
Google.Solutions.Compute Verbose: 0 : SshRelayStream [TX: 2 TXA: 0 RX: 0 AQ: 0]: Resending DATA #1...
Google.Solutions.Compute Verbose: 0 : SshRelayStream [TX: 2 TXA: 0 RX: 0 AQ: 0]: Resending DATA #1...
Google.Solutions.Compute Verbose: 0 : SshRelayStream [TX: 2 TXA: 0 RX: 0 AQ: 0]: Resending DATA #1...
Google.Solutions.Compute Verbose: 0 : SshRelayStream [TX: 2 TXA: 0 RX: 0 AQ: 0]: Resending DATA #1...
Google.Solutions.Compute Verbose: 0 : SshRelayStream [TX: 2 TXA: 0 RX: 0 AQ: 0]: Resending DATA #1...
Google.Solutions.Compute Verbose: 0 : SshRelayStream [TX: 2 TXA: 0 RX: 0 AQ: 0]: Resending DATA #1...
Google.Solutions.Compute Verbose: 0 : SshRelayStream [TX: 2 TXA: 0 RX: 0 AQ: 0]: Resending DATA #1...
Google.Solutions.Compute Verbose: 0 : SshRelayStream [TX: 2 TXA: 0 RX: 0 AQ: 0]: Resending DATA #1...
Google.Solutions.Compute Verbose: 0 : SshRelayStream [TX: 2 TXA: 0 RX: 0 AQ: 0]: Resending DATA #1...
Google.Solutions.Compute Verbose: 0 : SshRelayStream [TX: 2 TXA: 0 RX: 0 AQ: 0]: Resending DATA #1...
Google.Solutions.Compute Verbose: 0 : SshRelayStream [TX: 2 TXA: 0 RX: 0 AQ: 0]: Resending DATA #1...
Google.Solutions.Compute Verbose: 0 : SshRelayStream [TX: 2 TXA: 0 RX: 0 AQ: 0]: Resending DATA #1...
Google.Solutions.Compute Verbose: 0 : SshRelayStream [TX: 2 TXA: 0 RX: 0 AQ: 0]: Resending DATA #1...
Google.Solutions.Compute Verbose: 0 : SshRelayStream [TX: 2 TXA: 0 RX: 0 AQ: 0]: Resending DATA #1...
Google.Solutions.Compute Verbose: 0 : SshRelayStream [TX: 2 TXA: 0 RX: 0 AQ: 0]: Resending DATA #1...
Google.Solutions.Compute Verbose: 0 : SshRelayStream [TX: 2 TXA: 0 RX: 0 AQ: 0]: Resending DATA #1...
Google.Solutions.Compute Verbose: 0 : SshRelayStream [TX: 2 TXA: 0 RX: 0 AQ: 0]: Resending DATA #1...
Google.Solutions.Compute Verbose: 0 : SshRelayStream [TX: 2 TXA: 0 RX: 0 AQ: 0]: Resending DATA #1...
Google.Solutions.Compute Verbose: 0 : SshRelayStream [TX: 2 TXA: 0 RX: 0 AQ: 0]: Resending DATA #1...
Google.Solutions.Compute Verbose: 0 : SshRelayStream [TX: 2 TXA: 0 RX: 0 AQ: 0]: Resending DATA #1...
Google.Solutions.Compute Verbose: 0 : SshRelayStream [TX: 2 TXA: 0 RX: 0 AQ: 0]: Resending DATA #1...
Google.Solutions.Compute Verbose: 0 : SshRelayStream [TX: 2 TXA: 0 RX: 0 AQ: 0]: Resending DATA #1...
Google.Solutions.Compute Verbose: 0 : SshRelayStream [TX: 2 TXA: 0 RX: 0 AQ: 0]: Resending DATA #1...
Google.Solutions.Compute Verbose: 0 : SshRelayStream [TX: 2 TXA: 0 RX: 0 AQ: 0]: Resending DATA #1...
Google.Solutions.Compute Verbose: 0 : SshRelayStream [TX: 2 TXA: 0 RX: 0 AQ: 0]: Resending DATA #1...
Google.Solutions.Compute Verbose: 0 : SshRelayStream [TX: 2 TXA: 0 RX: 0 AQ: 0]: Resending DATA #1...
Google.Solutions.Compute Verbose: 0 : SshRelayStream [TX: 2 TXA: 0 RX: 0 AQ: 0]: Resending DATA #1...
Google.Solutions.Compute Verbose: 0 : SshRelayStream [TX: 2 TXA: 0 RX: 0 AQ: 0]: Resending DATA #1...
Google.Solutions.Compute Verbose: 0 : SshRelayStream [TX: 2 TXA: 0 RX: 0 AQ: 0]: Resending DATA #1...
Google.Solutions.Compute Verbose: 0 : SshRelayStream [TX: 2 TXA: 0 RX: 0 AQ: 0]: Resending DATA #1...
Google.Solutions.Compute Verbose: 0 : SshRelayStream [TX: 2 TXA: 0 RX: 0 AQ: 0]: Resending DATA #1...
Google.Solutions.Compute Verbose: 0 : SshRelayStream [TX: 2 TXA: 0 RX: 0 AQ: 0]: Resending DATA #1...
Google.Solutions.Compute Verbose: 0 : SshRelayStream [TX: 2 TXA: 0 RX: 0 AQ: 0]: Resending DATA #1...
Google.Solutions.Compute Verbose: 0 : SshRelayStream [TX: 2 TXA: 0 RX: 0 AQ: 0]: Resending DATA #1...
Google.Solutions.Compute Verbose: 0 : SshRelayStream [TX: 2 TXA: 0 RX: 0 AQ: 0]: Resending DATA #1...
Google.Solutions.Compute Verbose: 0 : SshRelayStream [TX: 2 TXA: 0 RX: 0 AQ: 0]: Resending DATA #1...
Google.Solutions.Compute Verbose: 0 : SshRelayStream [TX: 2 TXA: 0 RX: 0 AQ: 0]: Sending DATA #2...
Google.Solutions.Compute Verbose: 0 : SshRelayStream [TX: 2 TXA: 0 RX: 0 AQ: 0]: Sending DATA #2...
Google.Solutions.Compute Verbose: 0 : SshRelayStream [TX: 2 TXA: 0 RX: 0 AQ: 0]: Sending DATA #2...
Google.Solutions.Compute Verbose: 0 : SshRelayStream [TX: 2 TXA: 0 RX: 0 AQ: 0]: Sending DATA #2...
Google.Solutions.Compute Verbose: 0 : SshRelayStream [TX: 2 TXA: 0 RX: 0 AQ: 0]: Sending DATA #2...
Google.Solutions.Compute Verbose: 0 : SshRelayStream [TX: 2 TXA: 0 RX: 0 AQ: 0]: Sending DATA #2...
Google.Solutions.Compute Verbose: 0 : SshRelayStream [TX: 2 TXA: 0 RX: 0 AQ: 0]: Sending DATA #2...
Google.Solutions.Compute Verbose: 0 : SshRelayStream [TX: 2 TXA: 0 RX: 0 AQ: 0]: Sending DATA #2...
Google.Solutions.Compute Verbose: 0 : SshRelayStream [TX: 2 TXA: 0 RX: 0 AQ: 0]: Sending DATA #2...
Google.Solutions.Compute Verbose: 0 : SshRelayStream [TX: 2 TXA: 0 RX: 0 AQ: 0]: Sending DATA #2...
Google.Solutions.Compute Verbose: 0 : SshRelayStream [TX: 2 TXA: 0 RX: 0 AQ: 0]: Sending DATA #2...
Google.Solutions.Compute Verbose: 0 : SshRelayStream [TX: 2 TXA: 0 RX: 0 AQ: 0]: Sending DATA #2...
Google.Solutions.Compute Verbose: 0 : SshRelayStream [TX: 2 TXA: 0 RX: 0 AQ: 0]: Sending DATA #2...
Google.Solutions.Compute Verbose: 0 : SshRelayStream [TX: 2 TXA: 0 RX: 0 AQ: 0]: Sending DATA #2...
Google.Solutions.Compute Verbose: 0 : SshRelayStream [TX: 2 TXA: 0 RX: 0 AQ: 0]: Sending DATA #2...
Google.Solutions.Compute Verbose: 0 : SshRelayStream [TX: 2 TXA: 0 RX: 0 AQ: 0]: Sending DATA #2...
Google.Solutions.Compute Verbose: 0 : SshRelayStream [TX: 2 TXA: 0 RX: 0 AQ: 0]: Sending DATA #2...
Google.Solutions.Compute Verbose: 0 : SshRelayStream [TX: 2 TXA: 0 RX: 0 AQ: 0]: Sending DATA #2...
Google.Solutions.Compute Verbose: 0 : SshRelayStream [TX: 2 TXA: 0 RX: 0 AQ: 0]: Sending DATA #2...
Google.Solutions.Compute Verbose: 0 : SshRelayStream [TX: 2 TXA: 0 RX: 0 AQ: 0]: Sending DATA #2...
Google.Solutions.Compute Verbose: 0 : SshRelayStream [TX: 2 TXA: 0 RX: 0 AQ: 0]: Sending DATA #2...
Google.Solutions.Compute Verbose: 0 : SshRelayStream [TX: 2 TXA: 0 RX: 0 AQ: 0]: Sending DATA #2...
Google.Solutions.Compute Verbose: 0 : SshRelayStream [TX: 2 TXA: 0 RX: 0 AQ: 0]: Sending DATA #2...
Google.Solutions.Compute Verbose: 0 : SshRelayStream [TX: 2 TXA: 0 RX: 0 AQ: 0]: Sending DATA #2...
Google.Solutions.Compute Verbose: 0 : SshRelayStream [TX: 2 TXA: 0 RX: 0 AQ: 0]: Sending DATA #2...
Google.Solutions.Compute Verbose: 0 : SshRelayStream [TX: 2 TXA: 0 RX: 0 AQ: 0]: Sending DATA #2...
Google.Solutions.Compute Verbose: 0 : SshRelayStream [TX: 2 TXA: 0 RX: 0 AQ: 0]: Sending DATA #2...
Google.Solutions.Compute Verbose: 0 : SshRelayStream [TX: 2 TXA: 0 RX: 0 AQ: 0]: Sending DATA #2...
Google.Solutions.Compute Verbose: 0 : SshRelayStream [TX: 2 TXA: 0 RX: 0 AQ: 0]: Sending DATA #2...
Google.Solutions.Compute Verbose: 0 : SshRelayStream [TX: 2 TXA: 0 RX: 0 AQ: 0]: Sending DATA #2...
Google.Solutions.Compute Verbose: 0 : SshRelayStream [TX: 2 TXA: 0 RX: 0 AQ: 0]: Sending DATA #2...
Google.Solutions.Compute Verbose: 0 : SshRelayStream [TX: 2 TXA: 0 RX: 0 AQ: 0]: Sending DATA #2...
Google.Solutions.Compute Verbose: 0 : SshRelayStream [TX: 2 TXA: 0 RX: 0 AQ: 0]: Sending DATA #2...
Google.Solutions.Compute Verbose: 0 : SshRelayStream [TX: 2 TXA: 0 RX: 0 AQ: 0]: Sending DATA #2...
Google.Solutions.Compute Verbose: 0 : SshRelayStream [TX: 2 TXA: 0 RX: 0 AQ: 0]: Sending DATA #2...
Google.Solutions.Compute Verbose: 0 : SshRelayStream [TX: 2 TXA: 0 RX: 0 AQ: 0]: Sending DATA #2...
Google.Solutions.Compute Verbose: 0 : SshRelayStream [TX: 2 TXA: 0 RX: 0 AQ: 0]: Sending DATA #2...
Google.Solutions.Compute Verbose: 0 : SshRelayStream [TX: 2 TXA: 0 RX: 0 AQ: 0]: Sending DATA #2...
Google.Solutions.Compute Verbose: 0 : SshRelayStream [TX: 2 TXA: 0 RX: 0 AQ: 0]: Sending DATA #2...
Google.Solutions.Compute Verbose: 0 : SshRelayStream [TX: 2 TXA: 0 RX: 0 AQ: 0]: Sending DATA #2...
Google.Solutions.Compute Verbose: 0 : SshRelayStream [TX: 2 TXA: 0 RX: 0 AQ: 0]: Sending DATA #2...
Google.Solutions.Compute Verbose: 0 : SshRelayStream [TX: 2 TXA: 0 RX: 0 AQ: 0]: Sending DATA #2...
Google.Solutions.Compute Verbose: 0 : SshRelayStream [TX: 2 TXA: 0 RX: 0 AQ: 0]: Sending DATA #2...
Google.Solutions.Compute Verbose: 0 : SshRelayStream [TX: 2 TXA: 0 RX: 0 AQ: 0]: Sending DATA #2...
Google.Solutions.Compute Verbose: 0 : SshRelayStream [TX: 2 TXA: 0 RX: 0 AQ: 0]: Sending DATA #2...
Google.Solutions.Compute Verbose: 0 : SshRelayStream [TX: 2 TXA: 0 RX: 0 AQ: 0]: Sending DATA #2...
Google.Solutions.Compute Verbose: 0 : SshRelayStream [TX: 2 TXA: 0 RX: 0 AQ: 0]: Sending DATA #2...
Google.Solutions.Compute Verbose: 0 : SshRelayStream [TX: 2 TXA: 0 RX: 0 AQ: 0]: Sending DATA #2...
Google.Solutions.Compute Verbose: 0 : SshRelayStream [TX: 2 TXA: 0 RX: 0 AQ: 0]: Sending DATA #2...
Google.Solutions.Compute Verbose: 0 : SshRelayStream [TX: 2 TXA: 0 RX: 0 AQ: 0]: Sending DATA #2...
Google.Solutions.Compute Verbose: 0 : SshRelayStream [TX: 2 TXA: 0 RX: 0 AQ: 0]: Sending DATA #2...
Google.Solutions.Compute Verbose: 0 : SshRelayStream [TX: 2 TXA: 0 RX: 0 AQ: 0]: Sending DATA #2...
Google.Solutions.Compute Verbose: 0 : SshRelayStream [TX: 2 TXA: 0 RX: 0 AQ: 0]: Sending DATA #2...
Google.Solutions.Compute Verbose: 0 : SshRelayStream [TX: 2 TXA: 0 RX: 0 AQ: 0]: Sending DATA #2...
</system-out></testcase><testcase name="WriteAfterForcefulServerCloseCausesAnotherConnectAndDataBeingResentIfNoDataReadBefore(4003)" assertions="9" time="0.001202" status="Passed" classname="Google.Solutions.Compute.Test.Iap.TestSshRelayStreamWriting"><system-out>Google.Solutions.Compute Verbose: 0 : SshRelayStream [TX: 0 TXA: 0 RX: 0 AQ: 0]: Connecting...
Google.Solutions.Compute Verbose: 0 : SshRelayStream [TX: 0 TXA: 0 RX: 0 AQ: 0]: Connecting...
Google.Solutions.Compute Verbose: 0 : SshRelayStream [TX: 0 TXA: 0 RX: 0 AQ: 0]: Connecting...
Google.Solutions.Compute Verbose: 0 : SshRelayStream [TX: 0 TXA: 0 RX: 0 AQ: 0]: Connecting...
Google.Solutions.Compute Verbose: 0 : SshRelayStream [TX: 0 TXA: 0 RX: 0 AQ: 0]: Connecting...
Google.Solutions.Compute Verbose: 0 : SshRelayStream [TX: 0 TXA: 0 RX: 0 AQ: 0]: Connecting...
Google.Solutions.Compute Verbose: 0 : SshRelayStream [TX: 0 TXA: 0 RX: 0 AQ: 0]: Connecting...
Google.Solutions.Compute Verbose: 0 : SshRelayStream [TX: 0 TXA: 0 RX: 0 AQ: 0]: Connecting...
Google.Solutions.Compute Verbose: 0 : SshRelayStream [TX: 0 TXA: 0 RX: 0 AQ: 0]: Connecting...
Google.Solutions.Compute Verbose: 0 : SshRelayStream [TX: 0 TXA: 0 RX: 0 AQ: 0]: Connecting...
Google.Solutions.Compute Verbose: 0 : SshRelayStream [TX: 0 TXA: 0 RX: 0 AQ: 0]: Connecting...
Google.Solutions.Compute Verbose: 0 : SshRelayStream [TX: 0 TXA: 0 RX: 0 AQ: 0]: Connecting...
Google.Solutions.Compute Verbose: 0 : SshRelayStream [TX: 0 TXA: 0 RX: 0 AQ: 0]: Connecting...
Google.Solutions.Compute Verbose: 0 : SshRelayStream [TX: 0 TXA: 0 RX: 0 AQ: 0]: Connecting...
Google.Solutions.Compute Verbose: 0 : SshRelayStream [TX: 0 TXA: 0 RX: 0 AQ: 0]: Connecting...
Google.Solutions.Compute Verbose: 0 : SshRelayStream [TX: 0 TXA: 0 RX: 0 AQ: 0]: Connecting...
Google.Solutions.Compute Verbose: 0 : SshRelayStream [TX: 0 TXA: 0 RX: 0 AQ: 0]: Connecting...
Google.Solutions.Compute Verbose: 0 : SshRelayStream [TX: 0 TXA: 0 RX: 0 AQ: 0]: Connecting...
Google.Solutions.Compute Verbose: 0 : SshRelayStream [TX: 0 TXA: 0 RX: 0 AQ: 0]: Connecting...
Google.Solutions.Compute Verbose: 0 : SshRelayStream [TX: 0 TXA: 0 RX: 0 AQ: 0]: Connecting...
Google.Solutions.Compute Verbose: 0 : SshRelayStream [TX: 0 TXA: 0 RX: 0 AQ: 0]: Connecting...
Google.Solutions.Compute Verbose: 0 : SshRelayStream [TX: 0 TXA: 0 RX: 0 AQ: 0]: Connecting...
Google.Solutions.Compute Verbose: 0 : SshRelayStream [TX: 0 TXA: 0 RX: 0 AQ: 0]: Connecting...
Google.Solutions.Compute Verbose: 0 : SshRelayStream [TX: 0 TXA: 0 RX: 0 AQ: 0]: Connecting...
Google.Solutions.Compute Verbose: 0 : SshRelayStream [TX: 0 TXA: 0 RX: 0 AQ: 0]: Connecting...
Google.Solutions.Compute Verbose: 0 : SshRelayStream [TX: 0 TXA: 0 RX: 0 AQ: 0]: Connecting...
Google.Solutions.Compute Verbose: 0 : SshRelayStream [TX: 0 TXA: 0 RX: 0 AQ: 0]: Connecting...
Google.Solutions.Compute Verbose: 0 : SshRelayStream [TX: 0 TXA: 0 RX: 0 AQ: 0]: Connecting...
Google.Solutions.Compute Verbose: 0 : SshRelayStream [TX: 0 TXA: 0 RX: 0 AQ: 0]: Connecting...
Google.Solutions.Compute Verbose: 0 : SshRelayStream [TX: 0 TXA: 0 RX: 0 AQ: 0]: Connecting...
Google.Solutions.Compute Verbose: 0 : SshRelayStream [TX: 0 TXA: 0 RX: 0 AQ: 0]: Connecting...
Google.Solutions.Compute Verbose: 0 : SshRelayStream [TX: 0 TXA: 0 RX: 0 AQ: 0]: Connecting...
Google.Solutions.Compute Verbose: 0 : SshRelayStream [TX: 0 TXA: 0 RX: 0 AQ: 0]: Connecting...
Google.Solutions.Compute Verbose: 0 : SshRelayStream [TX: 0 TXA: 0 RX: 0 AQ: 0]: Connecting...
Google.Solutions.Compute Verbose: 0 : SshRelayStream [TX: 0 TXA: 0 RX: 0 AQ: 0]: Connecting...
Google.Solutions.Compute Verbose: 0 : SshRelayStream [TX: 0 TXA: 0 RX: 0 AQ: 0]: Connecting...
Google.Solutions.Compute Verbose: 0 : SshRelayStream [TX: 0 TXA: 0 RX: 0 AQ: 0]: Connecting...
Google.Solutions.Compute Verbose: 0 : SshRelayStream [TX: 0 TXA: 0 RX: 0 AQ: 0]: Connecting...
Google.Solutions.Compute Verbose: 0 : SshRelayStream [TX: 0 TXA: 0 RX: 0 AQ: 0]: Connecting...
Google.Solutions.Compute Verbose: 0 : SshRelayStream [TX: 0 TXA: 0 RX: 0 AQ: 0]: Connecting...
Google.Solutions.Compute Verbose: 0 : SshRelayStream [TX: 0 TXA: 0 RX: 0 AQ: 0]: Connecting...
Google.Solutions.Compute Verbose: 0 : SshRelayStream [TX: 0 TXA: 0 RX: 0 AQ: 0]: Connecting...
Google.Solutions.Compute Verbose: 0 : SshRelayStream [TX: 0 TXA: 0 RX: 0 AQ: 0]: Connecting...
Google.Solutions.Compute Verbose: 0 : SshRelayStream [TX: 0 TXA: 0 RX: 0 AQ: 0]: Connecting...
Google.Solutions.Compute Verbose: 0 : SshRelayStream [TX: 0 TXA: 0 RX: 0 AQ: 0]: Connecting...
Google.Solutions.Compute Verbose: 0 : SshRelayStream [TX: 0 TXA: 0 RX: 0 AQ: 0]: Connecting...
Google.Solutions.Compute Verbose: 0 : SshRelayStream [TX: 0 TXA: 0 RX: 0 AQ: 0]: Connecting...
Google.Solutions.Compute Verbose: 0 : SshRelayStream [TX: 0 TXA: 0 RX: 0 AQ: 0]: Connecting...
Google.Solutions.Compute Verbose: 0 : SshRelayStream [TX: 0 TXA: 0 RX: 0 AQ: 0]: Connecting...
Google.Solutions.Compute Verbose: 0 : SshRelayStream [TX: 0 TXA: 0 RX: 0 AQ: 0]: Connecting...
Google.Solutions.Compute Verbose: 0 : SshRelayStream [TX: 0 TXA: 0 RX: 0 AQ: 0]: Connecting...
Google.Solutions.Compute Verbose: 0 : SshRelayStream [TX: 0 TXA: 0 RX: 0 AQ: 0]: Connecting...
Google.Solutions.Compute Verbose: 0 : SshRelayStream [TX: 0 TXA: 0 RX: 0 AQ: 0]: Connecting...
Google.Solutions.Compute Verbose: 0 : SshRelayStream [TX: 0 TXA: 0 RX: 0 AQ: 0]: Connecting...
Google.Solutions.Compute Verbose: 0 : SshRelayStream [TX: 0 TXA: 0 RX: 0 AQ: 0]: Connecting...
Google.Solutions.Compute Verbose: 0 : SshRelayStream [TX: 0 TXA: 0 RX: 0 AQ: 0]: Sending DATA #0...
Google.Solutions.Compute Verbose: 0 : SshRelayStream [TX: 0 TXA: 0 RX: 0 AQ: 0]: Sending DATA #0...
Google.Solutions.Compute Verbose: 0 : SshRelayStream [TX: 0 TXA: 0 RX: 0 AQ: 0]: Sending DATA #0...
Google.Solutions.Compute Verbose: 0 : SshRelayStream [TX: 0 TXA: 0 RX: 0 AQ: 0]: Sending DATA #0...
Google.Solutions.Compute Verbose: 0 : SshRelayStream [TX: 0 TXA: 0 RX: 0 AQ: 0]: Sending DATA #0...
Google.Solutions.Compute Verbose: 0 : SshRelayStream [TX: 0 TXA: 0 RX: 0 AQ: 0]: Sending DATA #0...
Google.Solutions.Compute Verbose: 0 : SshRelayStream [TX: 0 TXA: 0 RX: 0 AQ: 0]: Sending DATA #0...
Google.Solutions.Compute Verbose: 0 : SshRelayStream [TX: 0 TXA: 0 RX: 0 AQ: 0]: Sending DATA #0...
Google.Solutions.Compute Verbose: 0 : SshRelayStream [TX: 0 TXA: 0 RX: 0 AQ: 0]: Sending DATA #0...
Google.Solutions.Compute Verbose: 0 : SshRelayStream [TX: 0 TXA: 0 RX: 0 AQ: 0]: Sending DATA #0...
Google.Solutions.Compute Verbose: 0 : SshRelayStream [TX: 0 TXA: 0 RX: 0 AQ: 0]: Sending DATA #0...
Google.Solutions.Compute Verbose: 0 : SshRelayStream [TX: 0 TXA: 0 RX: 0 AQ: 0]: Sending DATA #0...
Google.Solutions.Compute Verbose: 0 : SshRelayStream [TX: 0 TXA: 0 RX: 0 AQ: 0]: Sending DATA #0...
Google.Solutions.Compute Verbose: 0 : SshRelayStream [TX: 0 TXA: 0 RX: 0 AQ: 0]: Sending DATA #0...
Google.Solutions.Compute Verbose: 0 : SshRelayStream [TX: 0 TXA: 0 RX: 0 AQ: 0]: Sending DATA #0...
Google.Solutions.Compute Verbose: 0 : SshRelayStream [TX: 0 TXA: 0 RX: 0 AQ: 0]: Sending DATA #0...
Google.Solutions.Compute Verbose: 0 : SshRelayStream [TX: 0 TXA: 0 RX: 0 AQ: 0]: Sending DATA #0...
Google.Solutions.Compute Verbose: 0 : SshRelayStream [TX: 0 TXA: 0 RX: 0 AQ: 0]: Sending DATA #0...
Google.Solutions.Compute Verbose: 0 : SshRelayStream [TX: 0 TXA: 0 RX: 0 AQ: 0]: Sending DATA #0...
Google.Solutions.Compute Verbose: 0 : SshRelayStream [TX: 0 TXA: 0 RX: 0 AQ: 0]: Sending DATA #0...
Google.Solutions.Compute Verbose: 0 : SshRelayStream [TX: 0 TXA: 0 RX: 0 AQ: 0]: Sending DATA #0...
Google.Solutions.Compute Verbose: 0 : SshRelayStream [TX: 0 TXA: 0 RX: 0 AQ: 0]: Sending DATA #0...
Google.Solutions.Compute Verbose: 0 : SshRelayStream [TX: 0 TXA: 0 RX: 0 AQ: 0]: Sending DATA #0...
Google.Solutions.Compute Verbose: 0 : SshRelayStream [TX: 0 TXA: 0 RX: 0 AQ: 0]: Sending DATA #0...
Google.Solutions.Compute Verbose: 0 : SshRelayStream [TX: 0 TXA: 0 RX: 0 AQ: 0]: Sending DATA #0...
Google.Solutions.Compute Verbose: 0 : SshRelayStream [TX: 0 TXA: 0 RX: 0 AQ: 0]: Sending DATA #0...
Google.Solutions.Compute Verbose: 0 : SshRelayStream [TX: 0 TXA: 0 RX: 0 AQ: 0]: Sending DATA #0...
Google.Solutions.Compute Verbose: 0 : SshRelayStream [TX: 0 TXA: 0 RX: 0 AQ: 0]: Sending DATA #0...
Google.Solutions.Compute Verbose: 0 : SshRelayStream [TX: 0 TXA: 0 RX: 0 AQ: 0]: Sending DATA #0...
Google.Solutions.Compute Verbose: 0 : SshRelayStream [TX: 0 TXA: 0 RX: 0 AQ: 0]: Sending DATA #0...
Google.Solutions.Compute Verbose: 0 : SshRelayStream [TX: 0 TXA: 0 RX: 0 AQ: 0]: Sending DATA #0...
Google.Solutions.Compute Verbose: 0 : SshRelayStream [TX: 0 TXA: 0 RX: 0 AQ: 0]: Sending DATA #0...
Google.Solutions.Compute Verbose: 0 : SshRelayStream [TX: 0 TXA: 0 RX: 0 AQ: 0]: Sending DATA #0...
Google.Solutions.Compute Verbose: 0 : SshRelayStream [TX: 0 TXA: 0 RX: 0 AQ: 0]: Sending DATA #0...
Google.Solutions.Compute Verbose: 0 : SshRelayStream [TX: 0 TXA: 0 RX: 0 AQ: 0]: Sending DATA #0...
Google.Solutions.Compute Verbose: 0 : SshRelayStream [TX: 0 TXA: 0 RX: 0 AQ: 0]: Sending DATA #0...
Google.Solutions.Compute Verbose: 0 : SshRelayStream [TX: 0 TXA: 0 RX: 0 AQ: 0]: Sending DATA #0...
Google.Solutions.Compute Verbose: 0 : SshRelayStream [TX: 0 TXA: 0 RX: 0 AQ: 0]: Sending DATA #0...
Google.Solutions.Compute Verbose: 0 : SshRelayStream [TX: 0 TXA: 0 RX: 0 AQ: 0]: Sending DATA #0...
Google.Solutions.Compute Verbose: 0 : SshRelayStream [TX: 0 TXA: 0 RX: 0 AQ: 0]: Sending DATA #0...
Google.Solutions.Compute Verbose: 0 : SshRelayStream [TX: 0 TXA: 0 RX: 0 AQ: 0]: Sending DATA #0...
Google.Solutions.Compute Verbose: 0 : SshRelayStream [TX: 0 TXA: 0 RX: 0 AQ: 0]: Sending DATA #0...
Google.Solutions.Compute Verbose: 0 : SshRelayStream [TX: 0 TXA: 0 RX: 0 AQ: 0]: Sending DATA #0...
Google.Solutions.Compute Verbose: 0 : SshRelayStream [TX: 0 TXA: 0 RX: 0 AQ: 0]: Sending DATA #0...
Google.Solutions.Compute Verbose: 0 : SshRelayStream [TX: 0 TXA: 0 RX: 0 AQ: 0]: Sending DATA #0...
Google.Solutions.Compute Verbose: 0 : SshRelayStream [TX: 0 TXA: 0 RX: 0 AQ: 0]: Sending DATA #0...
Google.Solutions.Compute Verbose: 0 : SshRelayStream [TX: 0 TXA: 0 RX: 0 AQ: 0]: Sending DATA #0...
Google.Solutions.Compute Verbose: 0 : SshRelayStream [TX: 0 TXA: 0 RX: 0 AQ: 0]: Sending DATA #0...
Google.Solutions.Compute Verbose: 0 : SshRelayStream [TX: 0 TXA: 0 RX: 0 AQ: 0]: Sending DATA #0...
Google.Solutions.Compute Verbose: 0 : SshRelayStream [TX: 0 TXA: 0 RX: 0 AQ: 0]: Sending DATA #0...
Google.Solutions.Compute Verbose: 0 : SshRelayStream [TX: 0 TXA: 0 RX: 0 AQ: 0]: Sending DATA #0...
Google.Solutions.Compute Verbose: 0 : SshRelayStream [TX: 0 TXA: 0 RX: 0 AQ: 0]: Sending DATA #0...
Google.Solutions.Compute Verbose: 0 : SshRelayStream [TX: 0 TXA: 0 RX: 0 AQ: 0]: Sending DATA #0...
Google.Solutions.Compute Verbose: 0 : SshRelayStream [TX: 0 TXA: 0 RX: 0 AQ: 0]: Sending DATA #0...
Google.Solutions.Compute Verbose: 0 : SshRelayStream [TX: 0 TXA: 0 RX: 0 AQ: 0]: Sending DATA #0...
Google.Solutions.Compute Verbose: 0 : SshRelayStream [TX: 1 TXA: 0 RX: 0 AQ: 1]: Sending DATA #1...
Google.Solutions.Compute Verbose: 0 : SshRelayStream [TX: 1 TXA: 0 RX: 0 AQ: 1]: Sending DATA #1...
Google.Solutions.Compute Verbose: 0 : SshRelayStream [TX: 1 TXA: 0 RX: 0 AQ: 1]: Sending DATA #1...
Google.Solutions.Compute Verbose: 0 : SshRelayStream [TX: 1 TXA: 0 RX: 0 AQ: 1]: Sending DATA #1...
Google.Solutions.Compute Verbose: 0 : SshRelayStream [TX: 1 TXA: 0 RX: 0 AQ: 1]: Sending DATA #1...
Google.Solutions.Compute Verbose: 0 : SshRelayStream [TX: 1 TXA: 0 RX: 0 AQ: 1]: Sending DATA #1...
Google.Solutions.Compute Verbose: 0 : SshRelayStream [TX: 1 TXA: 0 RX: 0 AQ: 1]: Sending DATA #1...
Google.Solutions.Compute Verbose: 0 : SshRelayStream [TX: 1 TXA: 0 RX: 0 AQ: 1]: Sending DATA #1...
Google.Solutions.Compute Verbose: 0 : SshRelayStream [TX: 1 TXA: 0 RX: 0 AQ: 1]: Sending DATA #1...
Google.Solutions.Compute Verbose: 0 : SshRelayStream [TX: 1 TXA: 0 RX: 0 AQ: 1]: Sending DATA #1...
Google.Solutions.Compute Verbose: 0 : SshRelayStream [TX: 1 TXA: 0 RX: 0 AQ: 1]: Sending DATA #1...
Google.Solutions.Compute Verbose: 0 : SshRelayStream [TX: 1 TXA: 0 RX: 0 AQ: 1]: Sending DATA #1...
Google.Solutions.Compute Verbose: 0 : SshRelayStream [TX: 1 TXA: 0 RX: 0 AQ: 1]: Sending DATA #1...
Google.Solutions.Compute Verbose: 0 : SshRelayStream [TX: 1 TXA: 0 RX: 0 AQ: 1]: Sending DATA #1...
Google.Solutions.Compute Verbose: 0 : SshRelayStream [TX: 1 TXA: 0 RX: 0 AQ: 1]: Sending DATA #1...
Google.Solutions.Compute Verbose: 0 : SshRelayStream [TX: 1 TXA: 0 RX: 0 AQ: 1]: Sending DATA #1...
Google.Solutions.Compute Verbose: 0 : SshRelayStream [TX: 1 TXA: 0 RX: 0 AQ: 1]: Sending DATA #1...
Google.Solutions.Compute Verbose: 0 : SshRelayStream [TX: 1 TXA: 0 RX: 0 AQ: 1]: Sending DATA #1...
Google.Solutions.Compute Verbose: 0 : SshRelayStream [TX: 1 TXA: 0 RX: 0 AQ: 1]: Sending DATA #1...
Google.Solutions.Compute Verbose: 0 : SshRelayStream [TX: 1 TXA: 0 RX: 0 AQ: 1]: Sending DATA #1...
Google.Solutions.Compute Verbose: 0 : SshRelayStream [TX: 1 TXA: 0 RX: 0 AQ: 1]: Sending DATA #1...
Google.Solutions.Compute Verbose: 0 : SshRelayStream [TX: 1 TXA: 0 RX: 0 AQ: 1]: Sending DATA #1...
Google.Solutions.Compute Verbose: 0 : SshRelayStream [TX: 1 TXA: 0 RX: 0 AQ: 1]: Sending DATA #1...
Google.Solutions.Compute Verbose: 0 : SshRelayStream [TX: 1 TXA: 0 RX: 0 AQ: 1]: Sending DATA #1...
Google.Solutions.Compute Verbose: 0 : SshRelayStream [TX: 1 TXA: 0 RX: 0 AQ: 1]: Sending DATA #1...
Google.Solutions.Compute Verbose: 0 : SshRelayStream [TX: 1 TXA: 0 RX: 0 AQ: 1]: Sending DATA #1...
Google.Solutions.Compute Verbose: 0 : SshRelayStream [TX: 1 TXA: 0 RX: 0 AQ: 1]: Sending DATA #1...
Google.Solutions.Compute Verbose: 0 : SshRelayStream [TX: 1 TXA: 0 RX: 0 AQ: 1]: Sending DATA #1...
Google.Solutions.Compute Verbose: 0 : SshRelayStream [TX: 1 TXA: 0 RX: 0 AQ: 1]: Sending DATA #1...
Google.Solutions.Compute Verbose: 0 : SshRelayStream [TX: 1 TXA: 0 RX: 0 AQ: 1]: Sending DATA #1...
Google.Solutions.Compute Verbose: 0 : SshRelayStream [TX: 1 TXA: 0 RX: 0 AQ: 1]: Sending DATA #1...
Google.Solutions.Compute Verbose: 0 : SshRelayStream [TX: 1 TXA: 0 RX: 0 AQ: 1]: Sending DATA #1...
Google.Solutions.Compute Verbose: 0 : SshRelayStream [TX: 1 TXA: 0 RX: 0 AQ: 1]: Sending DATA #1...
Google.Solutions.Compute Verbose: 0 : SshRelayStream [TX: 1 TXA: 0 RX: 0 AQ: 1]: Sending DATA #1...
Google.Solutions.Compute Verbose: 0 : SshRelayStream [TX: 1 TXA: 0 RX: 0 AQ: 1]: Sending DATA #1...
Google.Solutions.Compute Verbose: 0 : SshRelayStream [TX: 1 TXA: 0 RX: 0 AQ: 1]: Sending DATA #1...
Google.Solutions.Compute Verbose: 0 : SshRelayStream [TX: 1 TXA: 0 RX: 0 AQ: 1]: Sending DATA #1...
Google.Solutions.Compute Verbose: 0 : SshRelayStream [TX: 1 TXA: 0 RX: 0 AQ: 1]: Sending DATA #1...
Google.Solutions.Compute Verbose: 0 : SshRelayStream [TX: 1 TXA: 0 RX: 0 AQ: 1]: Sending DATA #1...
Google.Solutions.Compute Verbose: 0 : SshRelayStream [TX: 1 TXA: 0 RX: 0 AQ: 1]: Sending DATA #1...
Google.Solutions.Compute Verbose: 0 : SshRelayStream [TX: 1 TXA: 0 RX: 0 AQ: 1]: Sending DATA #1...
Google.Solutions.Compute Verbose: 0 : SshRelayStream [TX: 1 TXA: 0 RX: 0 AQ: 1]: Sending DATA #1...
Google.Solutions.Compute Verbose: 0 : SshRelayStream [TX: 1 TXA: 0 RX: 0 AQ: 1]: Sending DATA #1...
Google.Solutions.Compute Verbose: 0 : SshRelayStream [TX: 1 TXA: 0 RX: 0 AQ: 1]: Sending DATA #1...
Google.Solutions.Compute Verbose: 0 : SshRelayStream [TX: 1 TXA: 0 RX: 0 AQ: 1]: Sending DATA #1...
Google.Solutions.Compute Verbose: 0 : SshRelayStream [TX: 1 TXA: 0 RX: 0 AQ: 1]: Sending DATA #1...
Google.Solutions.Compute Verbose: 0 : SshRelayStream [TX: 1 TXA: 0 RX: 0 AQ: 1]: Sending DATA #1...
Google.Solutions.Compute Verbose: 0 : SshRelayStream [TX: 1 TXA: 0 RX: 0 AQ: 1]: Sending DATA #1...
Google.Solutions.Compute Verbose: 0 : SshRelayStream [TX: 1 TXA: 0 RX: 0 AQ: 1]: Sending DATA #1...
Google.Solutions.Compute Verbose: 0 : SshRelayStream [TX: 1 TXA: 0 RX: 0 AQ: 1]: Sending DATA #1...
Google.Solutions.Compute Verbose: 0 : SshRelayStream [TX: 1 TXA: 0 RX: 0 AQ: 1]: Sending DATA #1...
Google.Solutions.Compute Verbose: 0 : SshRelayStream [TX: 1 TXA: 0 RX: 0 AQ: 1]: Sending DATA #1...
Google.Solutions.Compute Verbose: 0 : SshRelayStream [TX: 1 TXA: 0 RX: 0 AQ: 1]: Sending DATA #1...
Google.Solutions.Compute Verbose: 0 : SshRelayStream [TX: 1 TXA: 0 RX: 0 AQ: 1]: Sending DATA #1...
Google.Solutions.Compute Verbose: 0 : SshRelayStream [TX: 1 TXA: 0 RX: 0 AQ: 1]: Sending DATA #1...
Google.Solutions.Compute Verbose: 0 : SshRelayStream [TX: 2 TXA: 0 RX: 0 AQ: 2]: Sending DATA #2...
Google.Solutions.Compute Verbose: 0 : SshRelayStream [TX: 2 TXA: 0 RX: 0 AQ: 2]: Sending DATA #2...
Google.Solutions.Compute Verbose: 0 : SshRelayStream [TX: 2 TXA: 0 RX: 0 AQ: 2]: Sending DATA #2...
Google.Solutions.Compute Verbose: 0 : SshRelayStream [TX: 2 TXA: 0 RX: 0 AQ: 2]: Sending DATA #2...
Google.Solutions.Compute Verbose: 0 : SshRelayStream [TX: 2 TXA: 0 RX: 0 AQ: 2]: Sending DATA #2...
Google.Solutions.Compute Verbose: 0 : SshRelayStream [TX: 2 TXA: 0 RX: 0 AQ: 2]: Sending DATA #2...
Google.Solutions.Compute Verbose: 0 : SshRelayStream [TX: 2 TXA: 0 RX: 0 AQ: 2]: Sending DATA #2...
Google.Solutions.Compute Verbose: 0 : SshRelayStream [TX: 2 TXA: 0 RX: 0 AQ: 2]: Sending DATA #2...
Google.Solutions.Compute Verbose: 0 : SshRelayStream [TX: 2 TXA: 0 RX: 0 AQ: 2]: Sending DATA #2...
Google.Solutions.Compute Verbose: 0 : SshRelayStream [TX: 2 TXA: 0 RX: 0 AQ: 2]: Sending DATA #2...
Google.Solutions.Compute Verbose: 0 : SshRelayStream [TX: 2 TXA: 0 RX: 0 AQ: 2]: Sending DATA #2...
Google.Solutions.Compute Verbose: 0 : SshRelayStream [TX: 2 TXA: 0 RX: 0 AQ: 2]: Sending DATA #2...
Google.Solutions.Compute Verbose: 0 : SshRelayStream [TX: 2 TXA: 0 RX: 0 AQ: 2]: Sending DATA #2...
Google.Solutions.Compute Verbose: 0 : SshRelayStream [TX: 2 TXA: 0 RX: 0 AQ: 2]: Sending DATA #2...
Google.Solutions.Compute Verbose: 0 : SshRelayStream [TX: 2 TXA: 0 RX: 0 AQ: 2]: Sending DATA #2...
Google.Solutions.Compute Verbose: 0 : SshRelayStream [TX: 2 TXA: 0 RX: 0 AQ: 2]: Sending DATA #2...
Google.Solutions.Compute Verbose: 0 : SshRelayStream [TX: 2 TXA: 0 RX: 0 AQ: 2]: Sending DATA #2...
Google.Solutions.Compute Verbose: 0 : SshRelayStream [TX: 2 TXA: 0 RX: 0 AQ: 2]: Sending DATA #2...
Google.Solutions.Compute Verbose: 0 : SshRelayStream [TX: 2 TXA: 0 RX: 0 AQ: 2]: Sending DATA #2...
Google.Solutions.Compute Verbose: 0 : SshRelayStream [TX: 2 TXA: 0 RX: 0 AQ: 2]: Sending DATA #2...
Google.Solutions.Compute Verbose: 0 : SshRelayStream [TX: 2 TXA: 0 RX: 0 AQ: 2]: Sending DATA #2...
Google.Solutions.Compute Verbose: 0 : SshRelayStream [TX: 2 TXA: 0 RX: 0 AQ: 2]: Sending DATA #2...
Google.Solutions.Compute Verbose: 0 : SshRelayStream [TX: 2 TXA: 0 RX: 0 AQ: 2]: Sending DATA #2...
Google.Solutions.Compute Verbose: 0 : SshRelayStream [TX: 2 TXA: 0 RX: 0 AQ: 2]: Sending DATA #2...
Google.Solutions.Compute Verbose: 0 : SshRelayStream [TX: 2 TXA: 0 RX: 0 AQ: 2]: Sending DATA #2...
Google.Solutions.Compute Verbose: 0 : SshRelayStream [TX: 2 TXA: 0 RX: 0 AQ: 2]: Sending DATA #2...
Google.Solutions.Compute Verbose: 0 : SshRelayStream [TX: 2 TXA: 0 RX: 0 AQ: 2]: Sending DATA #2...
Google.Solutions.Compute Verbose: 0 : SshRelayStream [TX: 2 TXA: 0 RX: 0 AQ: 2]: Sending DATA #2...
Google.Solutions.Compute Verbose: 0 : SshRelayStream [TX: 2 TXA: 0 RX: 0 AQ: 2]: Sending DATA #2...
Google.Solutions.Compute Verbose: 0 : SshRelayStream [TX: 2 TXA: 0 RX: 0 AQ: 2]: Sending DATA #2...
Google.Solutions.Compute Verbose: 0 : SshRelayStream [TX: 2 TXA: 0 RX: 0 AQ: 2]: Sending DATA #2...
Google.Solutions.Compute Verbose: 0 : SshRelayStream [TX: 2 TXA: 0 RX: 0 AQ: 2]: Sending DATA #2...
Google.Solutions.Compute Verbose: 0 : SshRelayStream [TX: 2 TXA: 0 RX: 0 AQ: 2]: Sending DATA #2...
Google.Solutions.Compute Verbose: 0 : SshRelayStream [TX: 2 TXA: 0 RX: 0 AQ: 2]: Sending DATA #2...
Google.Solutions.Compute Verbose: 0 : SshRelayStream [TX: 2 TXA: 0 RX: 0 AQ: 2]: Sending DATA #2...
Google.Solutions.Compute Verbose: 0 : SshRelayStream [TX: 2 TXA: 0 RX: 0 AQ: 2]: Sending DATA #2...
Google.Solutions.Compute Verbose: 0 : SshRelayStream [TX: 2 TXA: 0 RX: 0 AQ: 2]: Sending DATA #2...
Google.Solutions.Compute Verbose: 0 : SshRelayStream [TX: 2 TXA: 0 RX: 0 AQ: 2]: Sending DATA #2...
Google.Solutions.Compute Verbose: 0 : SshRelayStream [TX: 2 TXA: 0 RX: 0 AQ: 2]: Sending DATA #2...
Google.Solutions.Compute Verbose: 0 : SshRelayStream [TX: 2 TXA: 0 RX: 0 AQ: 2]: Sending DATA #2...
Google.Solutions.Compute Verbose: 0 : SshRelayStream [TX: 2 TXA: 0 RX: 0 AQ: 2]: Sending DATA #2...
Google.Solutions.Compute Verbose: 0 : SshRelayStream [TX: 2 TXA: 0 RX: 0 AQ: 2]: Sending DATA #2...
Google.Solutions.Compute Verbose: 0 : SshRelayStream [TX: 2 TXA: 0 RX: 0 AQ: 2]: Sending DATA #2...
Google.Solutions.Compute Verbose: 0 : SshRelayStream [TX: 2 TXA: 0 RX: 0 AQ: 2]: Sending DATA #2...
Google.Solutions.Compute Verbose: 0 : SshRelayStream [TX: 2 TXA: 0 RX: 0 AQ: 2]: Sending DATA #2...
Google.Solutions.Compute Verbose: 0 : SshRelayStream [TX: 2 TXA: 0 RX: 0 AQ: 2]: Sending DATA #2...
Google.Solutions.Compute Verbose: 0 : SshRelayStream [TX: 2 TXA: 0 RX: 0 AQ: 2]: Sending DATA #2...
Google.Solutions.Compute Verbose: 0 : SshRelayStream [TX: 2 TXA: 0 RX: 0 AQ: 2]: Sending DATA #2...
Google.Solutions.Compute Verbose: 0 : SshRelayStream [TX: 2 TXA: 0 RX: 0 AQ: 2]: Sending DATA #2...
Google.Solutions.Compute Verbose: 0 : SshRelayStream [TX: 2 TXA: 0 RX: 0 AQ: 2]: Sending DATA #2...
Google.Solutions.Compute Verbose: 0 : SshRelayStream [TX: 2 TXA: 0 RX: 0 AQ: 2]: Sending DATA #2...
Google.Solutions.Compute Verbose: 0 : SshRelayStream [TX: 2 TXA: 0 RX: 0 AQ: 2]: Sending DATA #2...
Google.Solutions.Compute Verbose: 0 : SshRelayStream [TX: 2 TXA: 0 RX: 0 AQ: 2]: Sending DATA #2...
Google.Solutions.Compute Verbose: 0 : SshRelayStream [TX: 2 TXA: 0 RX: 0 AQ: 2]: Sending DATA #2...
Google.Solutions.Compute Verbose: 0 : SshRelayStream [TX: 2 TXA: 0 RX: 0 AQ: 2]: Sending DATA #2...
Google.Solutions.Compute Verbose: 0 : SshRelayStream [TX: 2 TXA: 0 RX: 0 AQ: 2]: Connection closed abnormally: FAILED_TO_CONNECT_TO_BACKEND
Google.Solutions.Compute Verbose: 0 : SshRelayStream [TX: 2 TXA: 0 RX: 0 AQ: 2]: Connection closed abnormally: FAILED_TO_CONNECT_TO_BACKEND
Google.Solutions.Compute Verbose: 0 : SshRelayStream [TX: 2 TXA: 0 RX: 0 AQ: 2]: Connection closed abnormally: FAILED_TO_CONNECT_TO_BACKEND
Google.Solutions.Compute Verbose: 0 : SshRelayStream [TX: 2 TXA: 0 RX: 0 AQ: 2]: Connection closed abnormally: FAILED_TO_CONNECT_TO_BACKEND
Google.Solutions.Compute Verbose: 0 : SshRelayStream [TX: 2 TXA: 0 RX: 0 AQ: 2]: Connection closed abnormally: FAILED_TO_CONNECT_TO_BACKEND
Google.Solutions.Compute Verbose: 0 : SshRelayStream [TX: 2 TXA: 0 RX: 0 AQ: 2]: Connection closed abnormally: FAILED_TO_CONNECT_TO_BACKEND
Google.Solutions.Compute Verbose: 0 : SshRelayStream [TX: 2 TXA: 0 RX: 0 AQ: 2]: Connection closed abnormally: FAILED_TO_CONNECT_TO_BACKEND
Google.Solutions.Compute Verbose: 0 : SshRelayStream [TX: 2 TXA: 0 RX: 0 AQ: 2]: Connection closed abnormally: FAILED_TO_CONNECT_TO_BACKEND
Google.Solutions.Compute Verbose: 0 : SshRelayStream [TX: 2 TXA: 0 RX: 0 AQ: 2]: Connection closed abnormally: FAILED_TO_CONNECT_TO_BACKEND
Google.Solutions.Compute Verbose: 0 : SshRelayStream [TX: 2 TXA: 0 RX: 0 AQ: 2]: Connection closed abnormally: FAILED_TO_CONNECT_TO_BACKEND
Google.Solutions.Compute Verbose: 0 : SshRelayStream [TX: 2 TXA: 0 RX: 0 AQ: 2]: Connection closed abnormally: FAILED_TO_CONNECT_TO_BACKEND
Google.Solutions.Compute Verbose: 0 : SshRelayStream [TX: 2 TXA: 0 RX: 0 AQ: 2]: Connection closed abnormally: FAILED_TO_CONNECT_TO_BACKEND
Google.Solutions.Compute Verbose: 0 : SshRelayStream [TX: 2 TXA: 0 RX: 0 AQ: 2]: Connection closed abnormally: FAILED_TO_CONNECT_TO_BACKEND
Google.Solutions.Compute Verbose: 0 : SshRelayStream [TX: 2 TXA: 0 RX: 0 AQ: 2]: Connection closed abnormally: FAILED_TO_CONNECT_TO_BACKEND
Google.Solutions.Compute Verbose: 0 : SshRelayStream [TX: 2 TXA: 0 RX: 0 AQ: 2]: Connection closed abnormally: FAILED_TO_CONNECT_TO_BACKEND
Google.Solutions.Compute Verbose: 0 : SshRelayStream [TX: 2 TXA: 0 RX: 0 AQ: 2]: Connection closed abnormally: FAILED_TO_CONNECT_TO_BACKEND
Google.Solutions.Compute Verbose: 0 : SshRelayStream [TX: 2 TXA: 0 RX: 0 AQ: 2]: Connection closed abnormally: FAILED_TO_CONNECT_TO_BACKEND
Google.Solutions.Compute Verbose: 0 : SshRelayStream [TX: 2 TXA: 0 RX: 0 AQ: 2]: Connection closed abnormally: FAILED_TO_CONNECT_TO_BACKEND
Google.Solutions.Compute Verbose: 0 : SshRelayStream [TX: 2 TXA: 0 RX: 0 AQ: 2]: Connection closed abnormally: FAILED_TO_CONNECT_TO_BACKEND
Google.Solutions.Compute Verbose: 0 : SshRelayStream [TX: 2 TXA: 0 RX: 0 AQ: 2]: Connection closed abnormally: FAILED_TO_CONNECT_TO_BACKEND
Google.Solutions.Compute Verbose: 0 : SshRelayStream [TX: 2 TXA: 0 RX: 0 AQ: 2]: Connection closed abnormally: FAILED_TO_CONNECT_TO_BACKEND
Google.Solutions.Compute Verbose: 0 : SshRelayStream [TX: 2 TXA: 0 RX: 0 AQ: 2]: Connection closed abnormally: FAILED_TO_CONNECT_TO_BACKEND
Google.Solutions.Compute Verbose: 0 : SshRelayStream [TX: 2 TXA: 0 RX: 0 AQ: 2]: Connection closed abnormally: FAILED_TO_CONNECT_TO_BACKEND
Google.Solutions.Compute Verbose: 0 : SshRelayStream [TX: 2 TXA: 0 RX: 0 AQ: 2]: Connection closed abnormally: FAILED_TO_CONNECT_TO_BACKEND
Google.Solutions.Compute Verbose: 0 : SshRelayStream [TX: 2 TXA: 0 RX: 0 AQ: 2]: Connection closed abnormally: FAILED_TO_CONNECT_TO_BACKEND
Google.Solutions.Compute Verbose: 0 : SshRelayStream [TX: 2 TXA: 0 RX: 0 AQ: 2]: Connection closed abnormally: FAILED_TO_CONNECT_TO_BACKEND
Google.Solutions.Compute Verbose: 0 : SshRelayStream [TX: 2 TXA: 0 RX: 0 AQ: 2]: Connection closed abnormally: FAILED_TO_CONNECT_TO_BACKEND
Google.Solutions.Compute Verbose: 0 : SshRelayStream [TX: 2 TXA: 0 RX: 0 AQ: 2]: Connection closed abnormally: FAILED_TO_CONNECT_TO_BACKEND
Google.Solutions.Compute Verbose: 0 : SshRelayStream [TX: 2 TXA: 0 RX: 0 AQ: 2]: Connection closed abnormally: FAILED_TO_CONNECT_TO_BACKEND
Google.Solutions.Compute Verbose: 0 : SshRelayStream [TX: 2 TXA: 0 RX: 0 AQ: 2]: Connection closed abnormally: FAILED_TO_CONNECT_TO_BACKEND
Google.Solutions.Compute Verbose: 0 : SshRelayStream [TX: 2 TXA: 0 RX: 0 AQ: 2]: Connection closed abnormally: FAILED_TO_CONNECT_TO_BACKEND
Google.Solutions.Compute Verbose: 0 : SshRelayStream [TX: 2 TXA: 0 RX: 0 AQ: 2]: Connection closed abnormally: FAILED_TO_CONNECT_TO_BACKEND
Google.Solutions.Compute Verbose: 0 : SshRelayStream [TX: 2 TXA: 0 RX: 0 AQ: 2]: Connection closed abnormally: FAILED_TO_CONNECT_TO_BACKEND
Google.Solutions.Compute Verbose: 0 : SshRelayStream [TX: 2 TXA: 0 RX: 0 AQ: 2]: Connection closed abnormally: FAILED_TO_CONNECT_TO_BACKEND
Google.Solutions.Compute Verbose: 0 : SshRelayStream [TX: 2 TXA: 0 RX: 0 AQ: 2]: Connection closed abnormally: FAILED_TO_CONNECT_TO_BACKEND
Google.Solutions.Compute Verbose: 0 : SshRelayStream [TX: 2 TXA: 0 RX: 0 AQ: 2]: Connection closed abnormally: FAILED_TO_CONNECT_TO_BACKEND
Google.Solutions.Compute Verbose: 0 : SshRelayStream [TX: 2 TXA: 0 RX: 0 AQ: 2]: Connection closed abnormally: FAILED_TO_CONNECT_TO_BACKEND
Google.Solutions.Compute Verbose: 0 : SshRelayStream [TX: 2 TXA: 0 RX: 0 AQ: 2]: Connection closed abnormally: FAILED_TO_CONNECT_TO_BACKEND
Google.Solutions.Compute Verbose: 0 : SshRelayStream [TX: 2 TXA: 0 RX: 0 AQ: 2]: Connection closed abnormally: FAILED_TO_CONNECT_TO_BACKEND
Google.Solutions.Compute Verbose: 0 : SshRelayStream [TX: 2 TXA: 0 RX: 0 AQ: 2]: Connection closed abnormally: FAILED_TO_CONNECT_TO_BACKEND
Google.Solutions.Compute Verbose: 0 : SshRelayStream [TX: 2 TXA: 0 RX: 0 AQ: 2]: Connection closed abnormally: FAILED_TO_CONNECT_TO_BACKEND
Google.Solutions.Compute Verbose: 0 : SshRelayStream [TX: 2 TXA: 0 RX: 0 AQ: 2]: Connection closed abnormally: FAILED_TO_CONNECT_TO_BACKEND
Google.Solutions.Compute Verbose: 0 : SshRelayStream [TX: 2 TXA: 0 RX: 0 AQ: 2]: Connection closed abnormally: FAILED_TO_CONNECT_TO_BACKEND
Google.Solutions.Compute Verbose: 0 : SshRelayStream [TX: 2 TXA: 0 RX: 0 AQ: 2]: Connection closed abnormally: FAILED_TO_CONNECT_TO_BACKEND
Google.Solutions.Compute Verbose: 0 : SshRelayStream [TX: 2 TXA: 0 RX: 0 AQ: 2]: Connection closed abnormally: FAILED_TO_CONNECT_TO_BACKEND
Google.Solutions.Compute Verbose: 0 : SshRelayStream [TX: 2 TXA: 0 RX: 0 AQ: 2]: Connection closed abnormally: FAILED_TO_CONNECT_TO_BACKEND
Google.Solutions.Compute Verbose: 0 : SshRelayStream [TX: 2 TXA: 0 RX: 0 AQ: 2]: Connection closed abnormally: FAILED_TO_CONNECT_TO_BACKEND
Google.Solutions.Compute Verbose: 0 : SshRelayStream [TX: 2 TXA: 0 RX: 0 AQ: 2]: Connection closed abnormally: FAILED_TO_CONNECT_TO_BACKEND
Google.Solutions.Compute Verbose: 0 : SshRelayStream [TX: 2 TXA: 0 RX: 0 AQ: 2]: Connection closed abnormally: FAILED_TO_CONNECT_TO_BACKEND
Google.Solutions.Compute Verbose: 0 : SshRelayStream [TX: 2 TXA: 0 RX: 0 AQ: 2]: Connection closed abnormally: FAILED_TO_CONNECT_TO_BACKEND
Google.Solutions.Compute Verbose: 0 : SshRelayStream [TX: 2 TXA: 0 RX: 0 AQ: 2]: Connection closed abnormally: FAILED_TO_CONNECT_TO_BACKEND
Google.Solutions.Compute Verbose: 0 : SshRelayStream [TX: 2 TXA: 0 RX: 0 AQ: 2]: Connection closed abnormally: FAILED_TO_CONNECT_TO_BACKEND
Google.Solutions.Compute Verbose: 0 : SshRelayStream [TX: 2 TXA: 0 RX: 0 AQ: 2]: Connection closed abnormally: FAILED_TO_CONNECT_TO_BACKEND
Google.Solutions.Compute Verbose: 0 : SshRelayStream [TX: 2 TXA: 0 RX: 0 AQ: 2]: Connection closed abnormally: FAILED_TO_CONNECT_TO_BACKEND
Google.Solutions.Compute Verbose: 0 : SshRelayStream [TX: 2 TXA: 0 RX: 0 AQ: 2]: Connection closed abnormally: FAILED_TO_CONNECT_TO_BACKEND
Google.Solutions.Compute Verbose: 0 : SshRelayStream [TX: 2 TXA: 0 RX: 0 AQ: 2]: Disconnecting, preparing to reconnect
Google.Solutions.Compute Verbose: 0 : SshRelayStream [TX: 2 TXA: 0 RX: 0 AQ: 2]: Disconnecting, preparing to reconnect
Google.Solutions.Compute Verbose: 0 : SshRelayStream [TX: 2 TXA: 0 RX: 0 AQ: 2]: Disconnecting, preparing to reconnect
Google.Solutions.Compute Verbose: 0 : SshRelayStream [TX: 2 TXA: 0 RX: 0 AQ: 2]: Disconnecting, preparing to reconnect
Google.Solutions.Compute Verbose: 0 : SshRelayStream [TX: 2 TXA: 0 RX: 0 AQ: 2]: Disconnecting, preparing to reconnect
Google.Solutions.Compute Verbose: 0 : SshRelayStream [TX: 2 TXA: 0 RX: 0 AQ: 2]: Disconnecting, preparing to reconnect
Google.Solutions.Compute Verbose: 0 : SshRelayStream [TX: 2 TXA: 0 RX: 0 AQ: 2]: Disconnecting, preparing to reconnect
Google.Solutions.Compute Verbose: 0 : SshRelayStream [TX: 2 TXA: 0 RX: 0 AQ: 2]: Disconnecting, preparing to reconnect
Google.Solutions.Compute Verbose: 0 : SshRelayStream [TX: 2 TXA: 0 RX: 0 AQ: 2]: Disconnecting, preparing to reconnect
Google.Solutions.Compute Verbose: 0 : SshRelayStream [TX: 2 TXA: 0 RX: 0 AQ: 2]: Disconnecting, preparing to reconnect
Google.Solutions.Compute Verbose: 0 : SshRelayStream [TX: 2 TXA: 0 RX: 0 AQ: 2]: Disconnecting, preparing to reconnect
Google.Solutions.Compute Verbose: 0 : SshRelayStream [TX: 2 TXA: 0 RX: 0 AQ: 2]: Disconnecting, preparing to reconnect
Google.Solutions.Compute Verbose: 0 : SshRelayStream [TX: 2 TXA: 0 RX: 0 AQ: 2]: Disconnecting, preparing to reconnect
Google.Solutions.Compute Verbose: 0 : SshRelayStream [TX: 2 TXA: 0 RX: 0 AQ: 2]: Disconnecting, preparing to reconnect
Google.Solutions.Compute Verbose: 0 : SshRelayStream [TX: 2 TXA: 0 RX: 0 AQ: 2]: Disconnecting, preparing to reconnect
Google.Solutions.Compute Verbose: 0 : SshRelayStream [TX: 2 TXA: 0 RX: 0 AQ: 2]: Disconnecting, preparing to reconnect
Google.Solutions.Compute Verbose: 0 : SshRelayStream [TX: 2 TXA: 0 RX: 0 AQ: 2]: Disconnecting, preparing to reconnect
Google.Solutions.Compute Verbose: 0 : SshRelayStream [TX: 2 TXA: 0 RX: 0 AQ: 2]: Disconnecting, preparing to reconnect
Google.Solutions.Compute Verbose: 0 : SshRelayStream [TX: 2 TXA: 0 RX: 0 AQ: 2]: Disconnecting, preparing to reconnect
Google.Solutions.Compute Verbose: 0 : SshRelayStream [TX: 2 TXA: 0 RX: 0 AQ: 2]: Disconnecting, preparing to reconnect
Google.Solutions.Compute Verbose: 0 : SshRelayStream [TX: 2 TXA: 0 RX: 0 AQ: 2]: Disconnecting, preparing to reconnect
Google.Solutions.Compute Verbose: 0 : SshRelayStream [TX: 2 TXA: 0 RX: 0 AQ: 2]: Disconnecting, preparing to reconnect
Google.Solutions.Compute Verbose: 0 : SshRelayStream [TX: 2 TXA: 0 RX: 0 AQ: 2]: Disconnecting, preparing to reconnect
Google.Solutions.Compute Verbose: 0 : SshRelayStream [TX: 2 TXA: 0 RX: 0 AQ: 2]: Disconnecting, preparing to reconnect
Google.Solutions.Compute Verbose: 0 : SshRelayStream [TX: 2 TXA: 0 RX: 0 AQ: 2]: Disconnecting, preparing to reconnect
Google.Solutions.Compute Verbose: 0 : SshRelayStream [TX: 2 TXA: 0 RX: 0 AQ: 2]: Disconnecting, preparing to reconnect
Google.Solutions.Compute Verbose: 0 : SshRelayStream [TX: 2 TXA: 0 RX: 0 AQ: 2]: Disconnecting, preparing to reconnect
Google.Solutions.Compute Verbose: 0 : SshRelayStream [TX: 2 TXA: 0 RX: 0 AQ: 2]: Disconnecting, preparing to reconnect
Google.Solutions.Compute Verbose: 0 : SshRelayStream [TX: 2 TXA: 0 RX: 0 AQ: 2]: Disconnecting, preparing to reconnect
Google.Solutions.Compute Verbose: 0 : SshRelayStream [TX: 2 TXA: 0 RX: 0 AQ: 2]: Disconnecting, preparing to reconnect
Google.Solutions.Compute Verbose: 0 : SshRelayStream [TX: 2 TXA: 0 RX: 0 AQ: 2]: Disconnecting, preparing to reconnect
Google.Solutions.Compute Verbose: 0 : SshRelayStream [TX: 2 TXA: 0 RX: 0 AQ: 2]: Disconnecting, preparing to reconnect
Google.Solutions.Compute Verbose: 0 : SshRelayStream [TX: 2 TXA: 0 RX: 0 AQ: 2]: Disconnecting, preparing to reconnect
Google.Solutions.Compute Verbose: 0 : SshRelayStream [TX: 2 TXA: 0 RX: 0 AQ: 2]: Disconnecting, preparing to reconnect
Google.Solutions.Compute Verbose: 0 : SshRelayStream [TX: 2 TXA: 0 RX: 0 AQ: 2]: Disconnecting, preparing to reconnect
Google.Solutions.Compute Verbose: 0 : SshRelayStream [TX: 2 TXA: 0 RX: 0 AQ: 2]: Disconnecting, preparing to reconnect
Google.Solutions.Compute Verbose: 0 : SshRelayStream [TX: 2 TXA: 0 RX: 0 AQ: 2]: Disconnecting, preparing to reconnect
Google.Solutions.Compute Verbose: 0 : SshRelayStream [TX: 2 TXA: 0 RX: 0 AQ: 2]: Disconnecting, preparing to reconnect
Google.Solutions.Compute Verbose: 0 : SshRelayStream [TX: 2 TXA: 0 RX: 0 AQ: 2]: Disconnecting, preparing to reconnect
Google.Solutions.Compute Verbose: 0 : SshRelayStream [TX: 2 TXA: 0 RX: 0 AQ: 2]: Disconnecting, preparing to reconnect
Google.Solutions.Compute Verbose: 0 : SshRelayStream [TX: 2 TXA: 0 RX: 0 AQ: 2]: Disconnecting, preparing to reconnect
Google.Solutions.Compute Verbose: 0 : SshRelayStream [TX: 2 TXA: 0 RX: 0 AQ: 2]: Disconnecting, preparing to reconnect
Google.Solutions.Compute Verbose: 0 : SshRelayStream [TX: 2 TXA: 0 RX: 0 AQ: 2]: Disconnecting, preparing to reconnect
Google.Solutions.Compute Verbose: 0 : SshRelayStream [TX: 2 TXA: 0 RX: 0 AQ: 2]: Disconnecting, preparing to reconnect
Google.Solutions.Compute Verbose: 0 : SshRelayStream [TX: 2 TXA: 0 RX: 0 AQ: 2]: Disconnecting, preparing to reconnect
Google.Solutions.Compute Verbose: 0 : SshRelayStream [TX: 2 TXA: 0 RX: 0 AQ: 2]: Disconnecting, preparing to reconnect
Google.Solutions.Compute Verbose: 0 : SshRelayStream [TX: 2 TXA: 0 RX: 0 AQ: 2]: Disconnecting, preparing to reconnect
Google.Solutions.Compute Verbose: 0 : SshRelayStream [TX: 2 TXA: 0 RX: 0 AQ: 2]: Disconnecting, preparing to reconnect
Google.Solutions.Compute Verbose: 0 : SshRelayStream [TX: 2 TXA: 0 RX: 0 AQ: 2]: Disconnecting, preparing to reconnect
Google.Solutions.Compute Verbose: 0 : SshRelayStream [TX: 2 TXA: 0 RX: 0 AQ: 2]: Disconnecting, preparing to reconnect
Google.Solutions.Compute Verbose: 0 : SshRelayStream [TX: 2 TXA: 0 RX: 0 AQ: 2]: Disconnecting, preparing to reconnect
Google.Solutions.Compute Verbose: 0 : SshRelayStream [TX: 2 TXA: 0 RX: 0 AQ: 2]: Disconnecting, preparing to reconnect
Google.Solutions.Compute Verbose: 0 : SshRelayStream [TX: 2 TXA: 0 RX: 0 AQ: 2]: Disconnecting, preparing to reconnect
Google.Solutions.Compute Verbose: 0 : SshRelayStream [TX: 2 TXA: 0 RX: 0 AQ: 2]: Disconnecting, preparing to reconnect
Google.Solutions.Compute Verbose: 0 : SshRelayStream [TX: 2 TXA: 0 RX: 0 AQ: 2]: Disconnecting, preparing to reconnect
Google.Solutions.Compute Verbose: 0 : SshRelayStream [TX: 2 TXA: 0 RX: 0 AQ: 2]: Disonnected.
Google.Solutions.Compute Verbose: 0 : SshRelayStream [TX: 2 TXA: 0 RX: 0 AQ: 2]: Disonnected.
Google.Solutions.Compute Verbose: 0 : SshRelayStream [TX: 2 TXA: 0 RX: 0 AQ: 2]: Disonnected.
Google.Solutions.Compute Verbose: 0 : SshRelayStream [TX: 2 TXA: 0 RX: 0 AQ: 2]: Disonnected.
Google.Solutions.Compute Verbose: 0 : SshRelayStream [TX: 2 TXA: 0 RX: 0 AQ: 2]: Disonnected.
Google.Solutions.Compute Verbose: 0 : SshRelayStream [TX: 2 TXA: 0 RX: 0 AQ: 2]: Disonnected.
Google.Solutions.Compute Verbose: 0 : SshRelayStream [TX: 2 TXA: 0 RX: 0 AQ: 2]: Disonnected.
Google.Solutions.Compute Verbose: 0 : SshRelayStream [TX: 2 TXA: 0 RX: 0 AQ: 2]: Disonnected.
Google.Solutions.Compute Verbose: 0 : SshRelayStream [TX: 2 TXA: 0 RX: 0 AQ: 2]: Disonnected.
Google.Solutions.Compute Verbose: 0 : SshRelayStream [TX: 2 TXA: 0 RX: 0 AQ: 2]: Disonnected.
Google.Solutions.Compute Verbose: 0 : SshRelayStream [TX: 2 TXA: 0 RX: 0 AQ: 2]: Disonnected.
Google.Solutions.Compute Verbose: 0 : SshRelayStream [TX: 2 TXA: 0 RX: 0 AQ: 2]: Disonnected.
Google.Solutions.Compute Verbose: 0 : SshRelayStream [TX: 2 TXA: 0 RX: 0 AQ: 2]: Disonnected.
Google.Solutions.Compute Verbose: 0 : SshRelayStream [TX: 2 TXA: 0 RX: 0 AQ: 2]: Disonnected.
Google.Solutions.Compute Verbose: 0 : SshRelayStream [TX: 2 TXA: 0 RX: 0 AQ: 2]: Disonnected.
Google.Solutions.Compute Verbose: 0 : SshRelayStream [TX: 2 TXA: 0 RX: 0 AQ: 2]: Disonnected.
Google.Solutions.Compute Verbose: 0 : SshRelayStream [TX: 2 TXA: 0 RX: 0 AQ: 2]: Disonnected.
Google.Solutions.Compute Verbose: 0 : SshRelayStream [TX: 2 TXA: 0 RX: 0 AQ: 2]: Disonnected.
Google.Solutions.Compute Verbose: 0 : SshRelayStream [TX: 2 TXA: 0 RX: 0 AQ: 2]: Disonnected.
Google.Solutions.Compute Verbose: 0 : SshRelayStream [TX: 2 TXA: 0 RX: 0 AQ: 2]: Disonnected.
Google.Solutions.Compute Verbose: 0 : SshRelayStream [TX: 2 TXA: 0 RX: 0 AQ: 2]: Disonnected.
Google.Solutions.Compute Verbose: 0 : SshRelayStream [TX: 2 TXA: 0 RX: 0 AQ: 2]: Disonnected.
Google.Solutions.Compute Verbose: 0 : SshRelayStream [TX: 2 TXA: 0 RX: 0 AQ: 2]: Disonnected.
Google.Solutions.Compute Verbose: 0 : SshRelayStream [TX: 2 TXA: 0 RX: 0 AQ: 2]: Disonnected.
Google.Solutions.Compute Verbose: 0 : SshRelayStream [TX: 2 TXA: 0 RX: 0 AQ: 2]: Disonnected.
Google.Solutions.Compute Verbose: 0 : SshRelayStream [TX: 2 TXA: 0 RX: 0 AQ: 2]: Disonnected.
Google.Solutions.Compute Verbose: 0 : SshRelayStream [TX: 2 TXA: 0 RX: 0 AQ: 2]: Disonnected.
Google.Solutions.Compute Verbose: 0 : SshRelayStream [TX: 2 TXA: 0 RX: 0 AQ: 2]: Disonnected.
Google.Solutions.Compute Verbose: 0 : SshRelayStream [TX: 2 TXA: 0 RX: 0 AQ: 2]: Disonnected.
Google.Solutions.Compute Verbose: 0 : SshRelayStream [TX: 2 TXA: 0 RX: 0 AQ: 2]: Disonnected.
Google.Solutions.Compute Verbose: 0 : SshRelayStream [TX: 2 TXA: 0 RX: 0 AQ: 2]: Disonnected.
Google.Solutions.Compute Verbose: 0 : SshRelayStream [TX: 2 TXA: 0 RX: 0 AQ: 2]: Disonnected.
Google.Solutions.Compute Verbose: 0 : SshRelayStream [TX: 2 TXA: 0 RX: 0 AQ: 2]: Disonnected.
Google.Solutions.Compute Verbose: 0 : SshRelayStream [TX: 2 TXA: 0 RX: 0 AQ: 2]: Disonnected.
Google.Solutions.Compute Verbose: 0 : SshRelayStream [TX: 2 TXA: 0 RX: 0 AQ: 2]: Disonnected.
Google.Solutions.Compute Verbose: 0 : SshRelayStream [TX: 2 TXA: 0 RX: 0 AQ: 2]: Disonnected.
Google.Solutions.Compute Verbose: 0 : SshRelayStream [TX: 2 TXA: 0 RX: 0 AQ: 2]: Disonnected.
Google.Solutions.Compute Verbose: 0 : SshRelayStream [TX: 2 TXA: 0 RX: 0 AQ: 2]: Disonnected.
Google.Solutions.Compute Verbose: 0 : SshRelayStream [TX: 2 TXA: 0 RX: 0 AQ: 2]: Disonnected.
Google.Solutions.Compute Verbose: 0 : SshRelayStream [TX: 2 TXA: 0 RX: 0 AQ: 2]: Disonnected.
Google.Solutions.Compute Verbose: 0 : SshRelayStream [TX: 2 TXA: 0 RX: 0 AQ: 2]: Disonnected.
Google.Solutions.Compute Verbose: 0 : SshRelayStream [TX: 2 TXA: 0 RX: 0 AQ: 2]: Disonnected.
Google.Solutions.Compute Verbose: 0 : SshRelayStream [TX: 2 TXA: 0 RX: 0 AQ: 2]: Disonnected.
Google.Solutions.Compute Verbose: 0 : SshRelayStream [TX: 2 TXA: 0 RX: 0 AQ: 2]: Disonnected.
Google.Solutions.Compute Verbose: 0 : SshRelayStream [TX: 2 TXA: 0 RX: 0 AQ: 2]: Disonnected.
Google.Solutions.Compute Verbose: 0 : SshRelayStream [TX: 2 TXA: 0 RX: 0 AQ: 2]: Disonnected.
Google.Solutions.Compute Verbose: 0 : SshRelayStream [TX: 2 TXA: 0 RX: 0 AQ: 2]: Disonnected.
Google.Solutions.Compute Verbose: 0 : SshRelayStream [TX: 2 TXA: 0 RX: 0 AQ: 2]: Disonnected.
Google.Solutions.Compute Verbose: 0 : SshRelayStream [TX: 2 TXA: 0 RX: 0 AQ: 2]: Disonnected.
Google.Solutions.Compute Verbose: 0 : SshRelayStream [TX: 2 TXA: 0 RX: 0 AQ: 2]: Disonnected.
Google.Solutions.Compute Verbose: 0 : SshRelayStream [TX: 2 TXA: 0 RX: 0 AQ: 2]: Disonnected.
Google.Solutions.Compute Verbose: 0 : SshRelayStream [TX: 2 TXA: 0 RX: 0 AQ: 2]: Disonnected.
Google.Solutions.Compute Verbose: 0 : SshRelayStream [TX: 2 TXA: 0 RX: 0 AQ: 2]: Disonnected.
Google.Solutions.Compute Verbose: 0 : SshRelayStream [TX: 2 TXA: 0 RX: 0 AQ: 2]: Disonnected.
Google.Solutions.Compute Verbose: 0 : SshRelayStream [TX: 2 TXA: 0 RX: 0 AQ: 2]: Disonnected.
Google.Solutions.Compute Verbose: 0 : SshRelayStream [TX: 2 TXA: 0 RX: 0 AQ: 2]: Connecting...
Google.Solutions.Compute Verbose: 0 : SshRelayStream [TX: 2 TXA: 0 RX: 0 AQ: 2]: Connecting...
Google.Solutions.Compute Verbose: 0 : SshRelayStream [TX: 2 TXA: 0 RX: 0 AQ: 2]: Connecting...
Google.Solutions.Compute Verbose: 0 : SshRelayStream [TX: 2 TXA: 0 RX: 0 AQ: 2]: Connecting...
Google.Solutions.Compute Verbose: 0 : SshRelayStream [TX: 2 TXA: 0 RX: 0 AQ: 2]: Connecting...
Google.Solutions.Compute Verbose: 0 : SshRelayStream [TX: 2 TXA: 0 RX: 0 AQ: 2]: Connecting...
Google.Solutions.Compute Verbose: 0 : SshRelayStream [TX: 2 TXA: 0 RX: 0 AQ: 2]: Connecting...
Google.Solutions.Compute Verbose: 0 : SshRelayStream [TX: 2 TXA: 0 RX: 0 AQ: 2]: Connecting...
Google.Solutions.Compute Verbose: 0 : SshRelayStream [TX: 2 TXA: 0 RX: 0 AQ: 2]: Connecting...
Google.Solutions.Compute Verbose: 0 : SshRelayStream [TX: 2 TXA: 0 RX: 0 AQ: 2]: Connecting...
Google.Solutions.Compute Verbose: 0 : SshRelayStream [TX: 2 TXA: 0 RX: 0 AQ: 2]: Connecting...
Google.Solutions.Compute Verbose: 0 : SshRelayStream [TX: 2 TXA: 0 RX: 0 AQ: 2]: Connecting...
Google.Solutions.Compute Verbose: 0 : SshRelayStream [TX: 2 TXA: 0 RX: 0 AQ: 2]: Connecting...
Google.Solutions.Compute Verbose: 0 : SshRelayStream [TX: 2 TXA: 0 RX: 0 AQ: 2]: Connecting...
Google.Solutions.Compute Verbose: 0 : SshRelayStream [TX: 2 TXA: 0 RX: 0 AQ: 2]: Connecting...
Google.Solutions.Compute Verbose: 0 : SshRelayStream [TX: 2 TXA: 0 RX: 0 AQ: 2]: Connecting...
Google.Solutions.Compute Verbose: 0 : SshRelayStream [TX: 2 TXA: 0 RX: 0 AQ: 2]: Connecting...
Google.Solutions.Compute Verbose: 0 : SshRelayStream [TX: 2 TXA: 0 RX: 0 AQ: 2]: Connecting...
Google.Solutions.Compute Verbose: 0 : SshRelayStream [TX: 2 TXA: 0 RX: 0 AQ: 2]: Connecting...
Google.Solutions.Compute Verbose: 0 : SshRelayStream [TX: 2 TXA: 0 RX: 0 AQ: 2]: Connecting...
Google.Solutions.Compute Verbose: 0 : SshRelayStream [TX: 2 TXA: 0 RX: 0 AQ: 2]: Connecting...
Google.Solutions.Compute Verbose: 0 : SshRelayStream [TX: 2 TXA: 0 RX: 0 AQ: 2]: Connecting...
Google.Solutions.Compute Verbose: 0 : SshRelayStream [TX: 2 TXA: 0 RX: 0 AQ: 2]: Connecting...
Google.Solutions.Compute Verbose: 0 : SshRelayStream [TX: 2 TXA: 0 RX: 0 AQ: 2]: Connecting...
Google.Solutions.Compute Verbose: 0 : SshRelayStream [TX: 2 TXA: 0 RX: 0 AQ: 2]: Connecting...
Google.Solutions.Compute Verbose: 0 : SshRelayStream [TX: 2 TXA: 0 RX: 0 AQ: 2]: Connecting...
Google.Solutions.Compute Verbose: 0 : SshRelayStream [TX: 2 TXA: 0 RX: 0 AQ: 2]: Connecting...
Google.Solutions.Compute Verbose: 0 : SshRelayStream [TX: 2 TXA: 0 RX: 0 AQ: 2]: Connecting...
Google.Solutions.Compute Verbose: 0 : SshRelayStream [TX: 2 TXA: 0 RX: 0 AQ: 2]: Connecting...
Google.Solutions.Compute Verbose: 0 : SshRelayStream [TX: 2 TXA: 0 RX: 0 AQ: 2]: Connecting...
Google.Solutions.Compute Verbose: 0 : SshRelayStream [TX: 2 TXA: 0 RX: 0 AQ: 2]: Connecting...
Google.Solutions.Compute Verbose: 0 : SshRelayStream [TX: 2 TXA: 0 RX: 0 AQ: 2]: Connecting...
Google.Solutions.Compute Verbose: 0 : SshRelayStream [TX: 2 TXA: 0 RX: 0 AQ: 2]: Connecting...
Google.Solutions.Compute Verbose: 0 : SshRelayStream [TX: 2 TXA: 0 RX: 0 AQ: 2]: Connecting...
Google.Solutions.Compute Verbose: 0 : SshRelayStream [TX: 2 TXA: 0 RX: 0 AQ: 2]: Connecting...
Google.Solutions.Compute Verbose: 0 : SshRelayStream [TX: 2 TXA: 0 RX: 0 AQ: 2]: Connecting...
Google.Solutions.Compute Verbose: 0 : SshRelayStream [TX: 2 TXA: 0 RX: 0 AQ: 2]: Connecting...
Google.Solutions.Compute Verbose: 0 : SshRelayStream [TX: 2 TXA: 0 RX: 0 AQ: 2]: Connecting...
Google.Solutions.Compute Verbose: 0 : SshRelayStream [TX: 2 TXA: 0 RX: 0 AQ: 2]: Connecting...
Google.Solutions.Compute Verbose: 0 : SshRelayStream [TX: 2 TXA: 0 RX: 0 AQ: 2]: Connecting...
Google.Solutions.Compute Verbose: 0 : SshRelayStream [TX: 2 TXA: 0 RX: 0 AQ: 2]: Connecting...
Google.Solutions.Compute Verbose: 0 : SshRelayStream [TX: 2 TXA: 0 RX: 0 AQ: 2]: Connecting...
Google.Solutions.Compute Verbose: 0 : SshRelayStream [TX: 2 TXA: 0 RX: 0 AQ: 2]: Connecting...
Google.Solutions.Compute Verbose: 0 : SshRelayStream [TX: 2 TXA: 0 RX: 0 AQ: 2]: Connecting...
Google.Solutions.Compute Verbose: 0 : SshRelayStream [TX: 2 TXA: 0 RX: 0 AQ: 2]: Connecting...
Google.Solutions.Compute Verbose: 0 : SshRelayStream [TX: 2 TXA: 0 RX: 0 AQ: 2]: Connecting...
Google.Solutions.Compute Verbose: 0 : SshRelayStream [TX: 2 TXA: 0 RX: 0 AQ: 2]: Connecting...
Google.Solutions.Compute Verbose: 0 : SshRelayStream [TX: 2 TXA: 0 RX: 0 AQ: 2]: Connecting...
Google.Solutions.Compute Verbose: 0 : SshRelayStream [TX: 2 TXA: 0 RX: 0 AQ: 2]: Connecting...
Google.Solutions.Compute Verbose: 0 : SshRelayStream [TX: 2 TXA: 0 RX: 0 AQ: 2]: Connecting...
Google.Solutions.Compute Verbose: 0 : SshRelayStream [TX: 2 TXA: 0 RX: 0 AQ: 2]: Connecting...
Google.Solutions.Compute Verbose: 0 : SshRelayStream [TX: 2 TXA: 0 RX: 0 AQ: 2]: Connecting...
Google.Solutions.Compute Verbose: 0 : SshRelayStream [TX: 2 TXA: 0 RX: 0 AQ: 2]: Connecting...
Google.Solutions.Compute Verbose: 0 : SshRelayStream [TX: 2 TXA: 0 RX: 0 AQ: 2]: Connecting...
Google.Solutions.Compute Verbose: 0 : SshRelayStream [TX: 2 TXA: 0 RX: 0 AQ: 2]: Connecting...
Google.Solutions.Compute Verbose: 0 : SshRelayStream [TX: 2 TXA: 0 RX: 0 AQ: 1]: Resending DATA #0...
Google.Solutions.Compute Verbose: 0 : SshRelayStream [TX: 2 TXA: 0 RX: 0 AQ: 1]: Resending DATA #0...
Google.Solutions.Compute Verbose: 0 : SshRelayStream [TX: 2 TXA: 0 RX: 0 AQ: 1]: Resending DATA #0...
Google.Solutions.Compute Verbose: 0 : SshRelayStream [TX: 2 TXA: 0 RX: 0 AQ: 1]: Resending DATA #0...
Google.Solutions.Compute Verbose: 0 : SshRelayStream [TX: 2 TXA: 0 RX: 0 AQ: 1]: Resending DATA #0...
Google.Solutions.Compute Verbose: 0 : SshRelayStream [TX: 2 TXA: 0 RX: 0 AQ: 1]: Resending DATA #0...
Google.Solutions.Compute Verbose: 0 : SshRelayStream [TX: 2 TXA: 0 RX: 0 AQ: 1]: Resending DATA #0...
Google.Solutions.Compute Verbose: 0 : SshRelayStream [TX: 2 TXA: 0 RX: 0 AQ: 1]: Resending DATA #0...
Google.Solutions.Compute Verbose: 0 : SshRelayStream [TX: 2 TXA: 0 RX: 0 AQ: 1]: Resending DATA #0...
Google.Solutions.Compute Verbose: 0 : SshRelayStream [TX: 2 TXA: 0 RX: 0 AQ: 1]: Resending DATA #0...
Google.Solutions.Compute Verbose: 0 : SshRelayStream [TX: 2 TXA: 0 RX: 0 AQ: 1]: Resending DATA #0...
Google.Solutions.Compute Verbose: 0 : SshRelayStream [TX: 2 TXA: 0 RX: 0 AQ: 1]: Resending DATA #0...
Google.Solutions.Compute Verbose: 0 : SshRelayStream [TX: 2 TXA: 0 RX: 0 AQ: 1]: Resending DATA #0...
Google.Solutions.Compute Verbose: 0 : SshRelayStream [TX: 2 TXA: 0 RX: 0 AQ: 1]: Resending DATA #0...
Google.Solutions.Compute Verbose: 0 : SshRelayStream [TX: 2 TXA: 0 RX: 0 AQ: 1]: Resending DATA #0...
Google.Solutions.Compute Verbose: 0 : SshRelayStream [TX: 2 TXA: 0 RX: 0 AQ: 1]: Resending DATA #0...
Google.Solutions.Compute Verbose: 0 : SshRelayStream [TX: 2 TXA: 0 RX: 0 AQ: 1]: Resending DATA #0...
Google.Solutions.Compute Verbose: 0 : SshRelayStream [TX: 2 TXA: 0 RX: 0 AQ: 1]: Resending DATA #0...
Google.Solutions.Compute Verbose: 0 : SshRelayStream [TX: 2 TXA: 0 RX: 0 AQ: 1]: Resending DATA #0...
Google.Solutions.Compute Verbose: 0 : SshRelayStream [TX: 2 TXA: 0 RX: 0 AQ: 1]: Resending DATA #0...
Google.Solutions.Compute Verbose: 0 : SshRelayStream [TX: 2 TXA: 0 RX: 0 AQ: 1]: Resending DATA #0...
Google.Solutions.Compute Verbose: 0 : SshRelayStream [TX: 2 TXA: 0 RX: 0 AQ: 1]: Resending DATA #0...
Google.Solutions.Compute Verbose: 0 : SshRelayStream [TX: 2 TXA: 0 RX: 0 AQ: 1]: Resending DATA #0...
Google.Solutions.Compute Verbose: 0 : SshRelayStream [TX: 2 TXA: 0 RX: 0 AQ: 1]: Resending DATA #0...
Google.Solutions.Compute Verbose: 0 : SshRelayStream [TX: 2 TXA: 0 RX: 0 AQ: 1]: Resending DATA #0...
Google.Solutions.Compute Verbose: 0 : SshRelayStream [TX: 2 TXA: 0 RX: 0 AQ: 1]: Resending DATA #0...
Google.Solutions.Compute Verbose: 0 : SshRelayStream [TX: 2 TXA: 0 RX: 0 AQ: 1]: Resending DATA #0...
Google.Solutions.Compute Verbose: 0 : SshRelayStream [TX: 2 TXA: 0 RX: 0 AQ: 1]: Resending DATA #0...
Google.Solutions.Compute Verbose: 0 : SshRelayStream [TX: 2 TXA: 0 RX: 0 AQ: 1]: Resending DATA #0...
Google.Solutions.Compute Verbose: 0 : SshRelayStream [TX: 2 TXA: 0 RX: 0 AQ: 1]: Resending DATA #0...
Google.Solutions.Compute Verbose: 0 : SshRelayStream [TX: 2 TXA: 0 RX: 0 AQ: 1]: Resending DATA #0...
Google.Solutions.Compute Verbose: 0 : SshRelayStream [TX: 2 TXA: 0 RX: 0 AQ: 1]: Resending DATA #0...
Google.Solutions.Compute Verbose: 0 : SshRelayStream [TX: 2 TXA: 0 RX: 0 AQ: 1]: Resending DATA #0...
Google.Solutions.Compute Verbose: 0 : SshRelayStream [TX: 2 TXA: 0 RX: 0 AQ: 1]: Resending DATA #0...
Google.Solutions.Compute Verbose: 0 : SshRelayStream [TX: 2 TXA: 0 RX: 0 AQ: 1]: Resending DATA #0...
Google.Solutions.Compute Verbose: 0 : SshRelayStream [TX: 2 TXA: 0 RX: 0 AQ: 1]: Resending DATA #0...
Google.Solutions.Compute Verbose: 0 : SshRelayStream [TX: 2 TXA: 0 RX: 0 AQ: 1]: Resending DATA #0...
Google.Solutions.Compute Verbose: 0 : SshRelayStream [TX: 2 TXA: 0 RX: 0 AQ: 1]: Resending DATA #0...
Google.Solutions.Compute Verbose: 0 : SshRelayStream [TX: 2 TXA: 0 RX: 0 AQ: 1]: Resending DATA #0...
Google.Solutions.Compute Verbose: 0 : SshRelayStream [TX: 2 TXA: 0 RX: 0 AQ: 1]: Resending DATA #0...
Google.Solutions.Compute Verbose: 0 : SshRelayStream [TX: 2 TXA: 0 RX: 0 AQ: 1]: Resending DATA #0...
Google.Solutions.Compute Verbose: 0 : SshRelayStream [TX: 2 TXA: 0 RX: 0 AQ: 1]: Resending DATA #0...
Google.Solutions.Compute Verbose: 0 : SshRelayStream [TX: 2 TXA: 0 RX: 0 AQ: 1]: Resending DATA #0...
Google.Solutions.Compute Verbose: 0 : SshRelayStream [TX: 2 TXA: 0 RX: 0 AQ: 1]: Resending DATA #0...
Google.Solutions.Compute Verbose: 0 : SshRelayStream [TX: 2 TXA: 0 RX: 0 AQ: 1]: Resending DATA #0...
Google.Solutions.Compute Verbose: 0 : SshRelayStream [TX: 2 TXA: 0 RX: 0 AQ: 1]: Resending DATA #0...
Google.Solutions.Compute Verbose: 0 : SshRelayStream [TX: 2 TXA: 0 RX: 0 AQ: 1]: Resending DATA #0...
Google.Solutions.Compute Verbose: 0 : SshRelayStream [TX: 2 TXA: 0 RX: 0 AQ: 1]: Resending DATA #0...
Google.Solutions.Compute Verbose: 0 : SshRelayStream [TX: 2 TXA: 0 RX: 0 AQ: 1]: Resending DATA #0...
Google.Solutions.Compute Verbose: 0 : SshRelayStream [TX: 2 TXA: 0 RX: 0 AQ: 1]: Resending DATA #0...
Google.Solutions.Compute Verbose: 0 : SshRelayStream [TX: 2 TXA: 0 RX: 0 AQ: 1]: Resending DATA #0...
Google.Solutions.Compute Verbose: 0 : SshRelayStream [TX: 2 TXA: 0 RX: 0 AQ: 1]: Resending DATA #0...
Google.Solutions.Compute Verbose: 0 : SshRelayStream [TX: 2 TXA: 0 RX: 0 AQ: 1]: Resending DATA #0...
Google.Solutions.Compute Verbose: 0 : SshRelayStream [TX: 2 TXA: 0 RX: 0 AQ: 1]: Resending DATA #0...
Google.Solutions.Compute Verbose: 0 : SshRelayStream [TX: 2 TXA: 0 RX: 0 AQ: 1]: Resending DATA #0...
Google.Solutions.Compute Verbose: 0 : SshRelayStream [TX: 2 TXA: 0 RX: 0 AQ: 0]: Resending DATA #1...
Google.Solutions.Compute Verbose: 0 : SshRelayStream [TX: 2 TXA: 0 RX: 0 AQ: 0]: Resending DATA #1...
Google.Solutions.Compute Verbose: 0 : SshRelayStream [TX: 2 TXA: 0 RX: 0 AQ: 0]: Resending DATA #1...
Google.Solutions.Compute Verbose: 0 : SshRelayStream [TX: 2 TXA: 0 RX: 0 AQ: 0]: Resending DATA #1...
Google.Solutions.Compute Verbose: 0 : SshRelayStream [TX: 2 TXA: 0 RX: 0 AQ: 0]: Resending DATA #1...
Google.Solutions.Compute Verbose: 0 : SshRelayStream [TX: 2 TXA: 0 RX: 0 AQ: 0]: Resending DATA #1...
Google.Solutions.Compute Verbose: 0 : SshRelayStream [TX: 2 TXA: 0 RX: 0 AQ: 0]: Resending DATA #1...
Google.Solutions.Compute Verbose: 0 : SshRelayStream [TX: 2 TXA: 0 RX: 0 AQ: 0]: Resending DATA #1...
Google.Solutions.Compute Verbose: 0 : SshRelayStream [TX: 2 TXA: 0 RX: 0 AQ: 0]: Resending DATA #1...
Google.Solutions.Compute Verbose: 0 : SshRelayStream [TX: 2 TXA: 0 RX: 0 AQ: 0]: Resending DATA #1...
Google.Solutions.Compute Verbose: 0 : SshRelayStream [TX: 2 TXA: 0 RX: 0 AQ: 0]: Resending DATA #1...
Google.Solutions.Compute Verbose: 0 : SshRelayStream [TX: 2 TXA: 0 RX: 0 AQ: 0]: Resending DATA #1...
Google.Solutions.Compute Verbose: 0 : SshRelayStream [TX: 2 TXA: 0 RX: 0 AQ: 0]: Resending DATA #1...
Google.Solutions.Compute Verbose: 0 : SshRelayStream [TX: 2 TXA: 0 RX: 0 AQ: 0]: Resending DATA #1...
Google.Solutions.Compute Verbose: 0 : SshRelayStream [TX: 2 TXA: 0 RX: 0 AQ: 0]: Resending DATA #1...
Google.Solutions.Compute Verbose: 0 : SshRelayStream [TX: 2 TXA: 0 RX: 0 AQ: 0]: Resending DATA #1...
Google.Solutions.Compute Verbose: 0 : SshRelayStream [TX: 2 TXA: 0 RX: 0 AQ: 0]: Resending DATA #1...
Google.Solutions.Compute Verbose: 0 : SshRelayStream [TX: 2 TXA: 0 RX: 0 AQ: 0]: Resending DATA #1...
Google.Solutions.Compute Verbose: 0 : SshRelayStream [TX: 2 TXA: 0 RX: 0 AQ: 0]: Resending DATA #1...
Google.Solutions.Compute Verbose: 0 : SshRelayStream [TX: 2 TXA: 0 RX: 0 AQ: 0]: Resending DATA #1...
Google.Solutions.Compute Verbose: 0 : SshRelayStream [TX: 2 TXA: 0 RX: 0 AQ: 0]: Resending DATA #1...
Google.Solutions.Compute Verbose: 0 : SshRelayStream [TX: 2 TXA: 0 RX: 0 AQ: 0]: Resending DATA #1...
Google.Solutions.Compute Verbose: 0 : SshRelayStream [TX: 2 TXA: 0 RX: 0 AQ: 0]: Resending DATA #1...
Google.Solutions.Compute Verbose: 0 : SshRelayStream [TX: 2 TXA: 0 RX: 0 AQ: 0]: Resending DATA #1...
Google.Solutions.Compute Verbose: 0 : SshRelayStream [TX: 2 TXA: 0 RX: 0 AQ: 0]: Resending DATA #1...
Google.Solutions.Compute Verbose: 0 : SshRelayStream [TX: 2 TXA: 0 RX: 0 AQ: 0]: Resending DATA #1...
Google.Solutions.Compute Verbose: 0 : SshRelayStream [TX: 2 TXA: 0 RX: 0 AQ: 0]: Resending DATA #1...
Google.Solutions.Compute Verbose: 0 : SshRelayStream [TX: 2 TXA: 0 RX: 0 AQ: 0]: Resending DATA #1...
Google.Solutions.Compute Verbose: 0 : SshRelayStream [TX: 2 TXA: 0 RX: 0 AQ: 0]: Resending DATA #1...
Google.Solutions.Compute Verbose: 0 : SshRelayStream [TX: 2 TXA: 0 RX: 0 AQ: 0]: Resending DATA #1...
Google.Solutions.Compute Verbose: 0 : SshRelayStream [TX: 2 TXA: 0 RX: 0 AQ: 0]: Resending DATA #1...
Google.Solutions.Compute Verbose: 0 : SshRelayStream [TX: 2 TXA: 0 RX: 0 AQ: 0]: Resending DATA #1...
Google.Solutions.Compute Verbose: 0 : SshRelayStream [TX: 2 TXA: 0 RX: 0 AQ: 0]: Resending DATA #1...
Google.Solutions.Compute Verbose: 0 : SshRelayStream [TX: 2 TXA: 0 RX: 0 AQ: 0]: Resending DATA #1...
Google.Solutions.Compute Verbose: 0 : SshRelayStream [TX: 2 TXA: 0 RX: 0 AQ: 0]: Resending DATA #1...
Google.Solutions.Compute Verbose: 0 : SshRelayStream [TX: 2 TXA: 0 RX: 0 AQ: 0]: Resending DATA #1...
Google.Solutions.Compute Verbose: 0 : SshRelayStream [TX: 2 TXA: 0 RX: 0 AQ: 0]: Resending DATA #1...
Google.Solutions.Compute Verbose: 0 : SshRelayStream [TX: 2 TXA: 0 RX: 0 AQ: 0]: Resending DATA #1...
Google.Solutions.Compute Verbose: 0 : SshRelayStream [TX: 2 TXA: 0 RX: 0 AQ: 0]: Resending DATA #1...
Google.Solutions.Compute Verbose: 0 : SshRelayStream [TX: 2 TXA: 0 RX: 0 AQ: 0]: Resending DATA #1...
Google.Solutions.Compute Verbose: 0 : SshRelayStream [TX: 2 TXA: 0 RX: 0 AQ: 0]: Resending DATA #1...
Google.Solutions.Compute Verbose: 0 : SshRelayStream [TX: 2 TXA: 0 RX: 0 AQ: 0]: Resending DATA #1...
Google.Solutions.Compute Verbose: 0 : SshRelayStream [TX: 2 TXA: 0 RX: 0 AQ: 0]: Resending DATA #1...
Google.Solutions.Compute Verbose: 0 : SshRelayStream [TX: 2 TXA: 0 RX: 0 AQ: 0]: Resending DATA #1...
Google.Solutions.Compute Verbose: 0 : SshRelayStream [TX: 2 TXA: 0 RX: 0 AQ: 0]: Resending DATA #1...
Google.Solutions.Compute Verbose: 0 : SshRelayStream [TX: 2 TXA: 0 RX: 0 AQ: 0]: Resending DATA #1...
Google.Solutions.Compute Verbose: 0 : SshRelayStream [TX: 2 TXA: 0 RX: 0 AQ: 0]: Resending DATA #1...
Google.Solutions.Compute Verbose: 0 : SshRelayStream [TX: 2 TXA: 0 RX: 0 AQ: 0]: Resending DATA #1...
Google.Solutions.Compute Verbose: 0 : SshRelayStream [TX: 2 TXA: 0 RX: 0 AQ: 0]: Resending DATA #1...
Google.Solutions.Compute Verbose: 0 : SshRelayStream [TX: 2 TXA: 0 RX: 0 AQ: 0]: Resending DATA #1...
Google.Solutions.Compute Verbose: 0 : SshRelayStream [TX: 2 TXA: 0 RX: 0 AQ: 0]: Resending DATA #1...
Google.Solutions.Compute Verbose: 0 : SshRelayStream [TX: 2 TXA: 0 RX: 0 AQ: 0]: Resending DATA #1...
Google.Solutions.Compute Verbose: 0 : SshRelayStream [TX: 2 TXA: 0 RX: 0 AQ: 0]: Resending DATA #1...
Google.Solutions.Compute Verbose: 0 : SshRelayStream [TX: 2 TXA: 0 RX: 0 AQ: 0]: Resending DATA #1...
Google.Solutions.Compute Verbose: 0 : SshRelayStream [TX: 2 TXA: 0 RX: 0 AQ: 0]: Resending DATA #1...
Google.Solutions.Compute Verbose: 0 : SshRelayStream [TX: 2 TXA: 0 RX: 0 AQ: 0]: Sending DATA #2...
Google.Solutions.Compute Verbose: 0 : SshRelayStream [TX: 2 TXA: 0 RX: 0 AQ: 0]: Sending DATA #2...
Google.Solutions.Compute Verbose: 0 : SshRelayStream [TX: 2 TXA: 0 RX: 0 AQ: 0]: Sending DATA #2...
Google.Solutions.Compute Verbose: 0 : SshRelayStream [TX: 2 TXA: 0 RX: 0 AQ: 0]: Sending DATA #2...
Google.Solutions.Compute Verbose: 0 : SshRelayStream [TX: 2 TXA: 0 RX: 0 AQ: 0]: Sending DATA #2...
Google.Solutions.Compute Verbose: 0 : SshRelayStream [TX: 2 TXA: 0 RX: 0 AQ: 0]: Sending DATA #2...
Google.Solutions.Compute Verbose: 0 : SshRelayStream [TX: 2 TXA: 0 RX: 0 AQ: 0]: Sending DATA #2...
Google.Solutions.Compute Verbose: 0 : SshRelayStream [TX: 2 TXA: 0 RX: 0 AQ: 0]: Sending DATA #2...
Google.Solutions.Compute Verbose: 0 : SshRelayStream [TX: 2 TXA: 0 RX: 0 AQ: 0]: Sending DATA #2...
Google.Solutions.Compute Verbose: 0 : SshRelayStream [TX: 2 TXA: 0 RX: 0 AQ: 0]: Sending DATA #2...
Google.Solutions.Compute Verbose: 0 : SshRelayStream [TX: 2 TXA: 0 RX: 0 AQ: 0]: Sending DATA #2...
Google.Solutions.Compute Verbose: 0 : SshRelayStream [TX: 2 TXA: 0 RX: 0 AQ: 0]: Sending DATA #2...
Google.Solutions.Compute Verbose: 0 : SshRelayStream [TX: 2 TXA: 0 RX: 0 AQ: 0]: Sending DATA #2...
Google.Solutions.Compute Verbose: 0 : SshRelayStream [TX: 2 TXA: 0 RX: 0 AQ: 0]: Sending DATA #2...
Google.Solutions.Compute Verbose: 0 : SshRelayStream [TX: 2 TXA: 0 RX: 0 AQ: 0]: Sending DATA #2...
Google.Solutions.Compute Verbose: 0 : SshRelayStream [TX: 2 TXA: 0 RX: 0 AQ: 0]: Sending DATA #2...
Google.Solutions.Compute Verbose: 0 : SshRelayStream [TX: 2 TXA: 0 RX: 0 AQ: 0]: Sending DATA #2...
Google.Solutions.Compute Verbose: 0 : SshRelayStream [TX: 2 TXA: 0 RX: 0 AQ: 0]: Sending DATA #2...
Google.Solutions.Compute Verbose: 0 : SshRelayStream [TX: 2 TXA: 0 RX: 0 AQ: 0]: Sending DATA #2...
Google.Solutions.Compute Verbose: 0 : SshRelayStream [TX: 2 TXA: 0 RX: 0 AQ: 0]: Sending DATA #2...
Google.Solutions.Compute Verbose: 0 : SshRelayStream [TX: 2 TXA: 0 RX: 0 AQ: 0]: Sending DATA #2...
Google.Solutions.Compute Verbose: 0 : SshRelayStream [TX: 2 TXA: 0 RX: 0 AQ: 0]: Sending DATA #2...
Google.Solutions.Compute Verbose: 0 : SshRelayStream [TX: 2 TXA: 0 RX: 0 AQ: 0]: Sending DATA #2...
Google.Solutions.Compute Verbose: 0 : SshRelayStream [TX: 2 TXA: 0 RX: 0 AQ: 0]: Sending DATA #2...
Google.Solutions.Compute Verbose: 0 : SshRelayStream [TX: 2 TXA: 0 RX: 0 AQ: 0]: Sending DATA #2...
Google.Solutions.Compute Verbose: 0 : SshRelayStream [TX: 2 TXA: 0 RX: 0 AQ: 0]: Sending DATA #2...
Google.Solutions.Compute Verbose: 0 : SshRelayStream [TX: 2 TXA: 0 RX: 0 AQ: 0]: Sending DATA #2...
Google.Solutions.Compute Verbose: 0 : SshRelayStream [TX: 2 TXA: 0 RX: 0 AQ: 0]: Sending DATA #2...
Google.Solutions.Compute Verbose: 0 : SshRelayStream [TX: 2 TXA: 0 RX: 0 AQ: 0]: Sending DATA #2...
Google.Solutions.Compute Verbose: 0 : SshRelayStream [TX: 2 TXA: 0 RX: 0 AQ: 0]: Sending DATA #2...
Google.Solutions.Compute Verbose: 0 : SshRelayStream [TX: 2 TXA: 0 RX: 0 AQ: 0]: Sending DATA #2...
Google.Solutions.Compute Verbose: 0 : SshRelayStream [TX: 2 TXA: 0 RX: 0 AQ: 0]: Sending DATA #2...
Google.Solutions.Compute Verbose: 0 : SshRelayStream [TX: 2 TXA: 0 RX: 0 AQ: 0]: Sending DATA #2...
Google.Solutions.Compute Verbose: 0 : SshRelayStream [TX: 2 TXA: 0 RX: 0 AQ: 0]: Sending DATA #2...
Google.Solutions.Compute Verbose: 0 : SshRelayStream [TX: 2 TXA: 0 RX: 0 AQ: 0]: Sending DATA #2...
Google.Solutions.Compute Verbose: 0 : SshRelayStream [TX: 2 TXA: 0 RX: 0 AQ: 0]: Sending DATA #2...
Google.Solutions.Compute Verbose: 0 : SshRelayStream [TX: 2 TXA: 0 RX: 0 AQ: 0]: Sending DATA #2...
Google.Solutions.Compute Verbose: 0 : SshRelayStream [TX: 2 TXA: 0 RX: 0 AQ: 0]: Sending DATA #2...
Google.Solutions.Compute Verbose: 0 : SshRelayStream [TX: 2 TXA: 0 RX: 0 AQ: 0]: Sending DATA #2...
Google.Solutions.Compute Verbose: 0 : SshRelayStream [TX: 2 TXA: 0 RX: 0 AQ: 0]: Sending DATA #2...
Google.Solutions.Compute Verbose: 0 : SshRelayStream [TX: 2 TXA: 0 RX: 0 AQ: 0]: Sending DATA #2...
Google.Solutions.Compute Verbose: 0 : SshRelayStream [TX: 2 TXA: 0 RX: 0 AQ: 0]: Sending DATA #2...
Google.Solutions.Compute Verbose: 0 : SshRelayStream [TX: 2 TXA: 0 RX: 0 AQ: 0]: Sending DATA #2...
Google.Solutions.Compute Verbose: 0 : SshRelayStream [TX: 2 TXA: 0 RX: 0 AQ: 0]: Sending DATA #2...
Google.Solutions.Compute Verbose: 0 : SshRelayStream [TX: 2 TXA: 0 RX: 0 AQ: 0]: Sending DATA #2...
Google.Solutions.Compute Verbose: 0 : SshRelayStream [TX: 2 TXA: 0 RX: 0 AQ: 0]: Sending DATA #2...
Google.Solutions.Compute Verbose: 0 : SshRelayStream [TX: 2 TXA: 0 RX: 0 AQ: 0]: Sending DATA #2...
Google.Solutions.Compute Verbose: 0 : SshRelayStream [TX: 2 TXA: 0 RX: 0 AQ: 0]: Sending DATA #2...
Google.Solutions.Compute Verbose: 0 : SshRelayStream [TX: 2 TXA: 0 RX: 0 AQ: 0]: Sending DATA #2...
Google.Solutions.Compute Verbose: 0 : SshRelayStream [TX: 2 TXA: 0 RX: 0 AQ: 0]: Sending DATA #2...
Google.Solutions.Compute Verbose: 0 : SshRelayStream [TX: 2 TXA: 0 RX: 0 AQ: 0]: Sending DATA #2...
Google.Solutions.Compute Verbose: 0 : SshRelayStream [TX: 2 TXA: 0 RX: 0 AQ: 0]: Sending DATA #2...
Google.Solutions.Compute Verbose: 0 : SshRelayStream [TX: 2 TXA: 0 RX: 0 AQ: 0]: Sending DATA #2...
Google.Solutions.Compute Verbose: 0 : SshRelayStream [TX: 2 TXA: 0 RX: 0 AQ: 0]: Sending DATA #2...
Google.Solutions.Compute Verbose: 0 : SshRelayStream [TX: 2 TXA: 0 RX: 0 AQ: 0]: Sending DATA #2...
</system-out></testcase><testcase name="WriteAfterForcefulServerCloseCausesAnotherConnectAndDataBeingResentIfNoDataReadBefore(4007)" assertions="9" time="0.001097" status="Passed" classname="Google.Solutions.Compute.Test.Iap.TestSshRelayStreamWriting"><system-out>Google.Solutions.Compute Verbose: 0 : SshRelayStream [TX: 0 TXA: 0 RX: 0 AQ: 0]: Connecting...
Google.Solutions.Compute Verbose: 0 : SshRelayStream [TX: 0 TXA: 0 RX: 0 AQ: 0]: Connecting...
Google.Solutions.Compute Verbose: 0 : SshRelayStream [TX: 0 TXA: 0 RX: 0 AQ: 0]: Connecting...
Google.Solutions.Compute Verbose: 0 : SshRelayStream [TX: 0 TXA: 0 RX: 0 AQ: 0]: Connecting...
Google.Solutions.Compute Verbose: 0 : SshRelayStream [TX: 0 TXA: 0 RX: 0 AQ: 0]: Connecting...
Google.Solutions.Compute Verbose: 0 : SshRelayStream [TX: 0 TXA: 0 RX: 0 AQ: 0]: Connecting...
Google.Solutions.Compute Verbose: 0 : SshRelayStream [TX: 0 TXA: 0 RX: 0 AQ: 0]: Connecting...
Google.Solutions.Compute Verbose: 0 : SshRelayStream [TX: 0 TXA: 0 RX: 0 AQ: 0]: Connecting...
Google.Solutions.Compute Verbose: 0 : SshRelayStream [TX: 0 TXA: 0 RX: 0 AQ: 0]: Connecting...
Google.Solutions.Compute Verbose: 0 : SshRelayStream [TX: 0 TXA: 0 RX: 0 AQ: 0]: Connecting...
Google.Solutions.Compute Verbose: 0 : SshRelayStream [TX: 0 TXA: 0 RX: 0 AQ: 0]: Connecting...
Google.Solutions.Compute Verbose: 0 : SshRelayStream [TX: 0 TXA: 0 RX: 0 AQ: 0]: Connecting...
Google.Solutions.Compute Verbose: 0 : SshRelayStream [TX: 0 TXA: 0 RX: 0 AQ: 0]: Connecting...
Google.Solutions.Compute Verbose: 0 : SshRelayStream [TX: 0 TXA: 0 RX: 0 AQ: 0]: Connecting...
Google.Solutions.Compute Verbose: 0 : SshRelayStream [TX: 0 TXA: 0 RX: 0 AQ: 0]: Connecting...
Google.Solutions.Compute Verbose: 0 : SshRelayStream [TX: 0 TXA: 0 RX: 0 AQ: 0]: Connecting...
Google.Solutions.Compute Verbose: 0 : SshRelayStream [TX: 0 TXA: 0 RX: 0 AQ: 0]: Connecting...
Google.Solutions.Compute Verbose: 0 : SshRelayStream [TX: 0 TXA: 0 RX: 0 AQ: 0]: Connecting...
Google.Solutions.Compute Verbose: 0 : SshRelayStream [TX: 0 TXA: 0 RX: 0 AQ: 0]: Connecting...
Google.Solutions.Compute Verbose: 0 : SshRelayStream [TX: 0 TXA: 0 RX: 0 AQ: 0]: Connecting...
Google.Solutions.Compute Verbose: 0 : SshRelayStream [TX: 0 TXA: 0 RX: 0 AQ: 0]: Connecting...
Google.Solutions.Compute Verbose: 0 : SshRelayStream [TX: 0 TXA: 0 RX: 0 AQ: 0]: Connecting...
Google.Solutions.Compute Verbose: 0 : SshRelayStream [TX: 0 TXA: 0 RX: 0 AQ: 0]: Connecting...
Google.Solutions.Compute Verbose: 0 : SshRelayStream [TX: 0 TXA: 0 RX: 0 AQ: 0]: Connecting...
Google.Solutions.Compute Verbose: 0 : SshRelayStream [TX: 0 TXA: 0 RX: 0 AQ: 0]: Connecting...
Google.Solutions.Compute Verbose: 0 : SshRelayStream [TX: 0 TXA: 0 RX: 0 AQ: 0]: Connecting...
Google.Solutions.Compute Verbose: 0 : SshRelayStream [TX: 0 TXA: 0 RX: 0 AQ: 0]: Connecting...
Google.Solutions.Compute Verbose: 0 : SshRelayStream [TX: 0 TXA: 0 RX: 0 AQ: 0]: Connecting...
Google.Solutions.Compute Verbose: 0 : SshRelayStream [TX: 0 TXA: 0 RX: 0 AQ: 0]: Connecting...
Google.Solutions.Compute Verbose: 0 : SshRelayStream [TX: 0 TXA: 0 RX: 0 AQ: 0]: Connecting...
Google.Solutions.Compute Verbose: 0 : SshRelayStream [TX: 0 TXA: 0 RX: 0 AQ: 0]: Connecting...
Google.Solutions.Compute Verbose: 0 : SshRelayStream [TX: 0 TXA: 0 RX: 0 AQ: 0]: Connecting...
Google.Solutions.Compute Verbose: 0 : SshRelayStream [TX: 0 TXA: 0 RX: 0 AQ: 0]: Connecting...
Google.Solutions.Compute Verbose: 0 : SshRelayStream [TX: 0 TXA: 0 RX: 0 AQ: 0]: Connecting...
Google.Solutions.Compute Verbose: 0 : SshRelayStream [TX: 0 TXA: 0 RX: 0 AQ: 0]: Connecting...
Google.Solutions.Compute Verbose: 0 : SshRelayStream [TX: 0 TXA: 0 RX: 0 AQ: 0]: Connecting...
Google.Solutions.Compute Verbose: 0 : SshRelayStream [TX: 0 TXA: 0 RX: 0 AQ: 0]: Connecting...
Google.Solutions.Compute Verbose: 0 : SshRelayStream [TX: 0 TXA: 0 RX: 0 AQ: 0]: Connecting...
Google.Solutions.Compute Verbose: 0 : SshRelayStream [TX: 0 TXA: 0 RX: 0 AQ: 0]: Connecting...
Google.Solutions.Compute Verbose: 0 : SshRelayStream [TX: 0 TXA: 0 RX: 0 AQ: 0]: Connecting...
Google.Solutions.Compute Verbose: 0 : SshRelayStream [TX: 0 TXA: 0 RX: 0 AQ: 0]: Connecting...
Google.Solutions.Compute Verbose: 0 : SshRelayStream [TX: 0 TXA: 0 RX: 0 AQ: 0]: Connecting...
Google.Solutions.Compute Verbose: 0 : SshRelayStream [TX: 0 TXA: 0 RX: 0 AQ: 0]: Connecting...
Google.Solutions.Compute Verbose: 0 : SshRelayStream [TX: 0 TXA: 0 RX: 0 AQ: 0]: Connecting...
Google.Solutions.Compute Verbose: 0 : SshRelayStream [TX: 0 TXA: 0 RX: 0 AQ: 0]: Connecting...
Google.Solutions.Compute Verbose: 0 : SshRelayStream [TX: 0 TXA: 0 RX: 0 AQ: 0]: Connecting...
Google.Solutions.Compute Verbose: 0 : SshRelayStream [TX: 0 TXA: 0 RX: 0 AQ: 0]: Connecting...
Google.Solutions.Compute Verbose: 0 : SshRelayStream [TX: 0 TXA: 0 RX: 0 AQ: 0]: Connecting...
Google.Solutions.Compute Verbose: 0 : SshRelayStream [TX: 0 TXA: 0 RX: 0 AQ: 0]: Connecting...
Google.Solutions.Compute Verbose: 0 : SshRelayStream [TX: 0 TXA: 0 RX: 0 AQ: 0]: Connecting...
Google.Solutions.Compute Verbose: 0 : SshRelayStream [TX: 0 TXA: 0 RX: 0 AQ: 0]: Connecting...
Google.Solutions.Compute Verbose: 0 : SshRelayStream [TX: 0 TXA: 0 RX: 0 AQ: 0]: Connecting...
Google.Solutions.Compute Verbose: 0 : SshRelayStream [TX: 0 TXA: 0 RX: 0 AQ: 0]: Connecting...
Google.Solutions.Compute Verbose: 0 : SshRelayStream [TX: 0 TXA: 0 RX: 0 AQ: 0]: Connecting...
Google.Solutions.Compute Verbose: 0 : SshRelayStream [TX: 0 TXA: 0 RX: 0 AQ: 0]: Connecting...
Google.Solutions.Compute Verbose: 0 : SshRelayStream [TX: 0 TXA: 0 RX: 0 AQ: 0]: Connecting...
Google.Solutions.Compute Verbose: 0 : SshRelayStream [TX: 0 TXA: 0 RX: 0 AQ: 0]: Sending DATA #0...
Google.Solutions.Compute Verbose: 0 : SshRelayStream [TX: 0 TXA: 0 RX: 0 AQ: 0]: Sending DATA #0...
Google.Solutions.Compute Verbose: 0 : SshRelayStream [TX: 0 TXA: 0 RX: 0 AQ: 0]: Sending DATA #0...
Google.Solutions.Compute Verbose: 0 : SshRelayStream [TX: 0 TXA: 0 RX: 0 AQ: 0]: Sending DATA #0...
Google.Solutions.Compute Verbose: 0 : SshRelayStream [TX: 0 TXA: 0 RX: 0 AQ: 0]: Sending DATA #0...
Google.Solutions.Compute Verbose: 0 : SshRelayStream [TX: 0 TXA: 0 RX: 0 AQ: 0]: Sending DATA #0...
Google.Solutions.Compute Verbose: 0 : SshRelayStream [TX: 0 TXA: 0 RX: 0 AQ: 0]: Sending DATA #0...
Google.Solutions.Compute Verbose: 0 : SshRelayStream [TX: 0 TXA: 0 RX: 0 AQ: 0]: Sending DATA #0...
Google.Solutions.Compute Verbose: 0 : SshRelayStream [TX: 0 TXA: 0 RX: 0 AQ: 0]: Sending DATA #0...
Google.Solutions.Compute Verbose: 0 : SshRelayStream [TX: 0 TXA: 0 RX: 0 AQ: 0]: Sending DATA #0...
Google.Solutions.Compute Verbose: 0 : SshRelayStream [TX: 0 TXA: 0 RX: 0 AQ: 0]: Sending DATA #0...
Google.Solutions.Compute Verbose: 0 : SshRelayStream [TX: 0 TXA: 0 RX: 0 AQ: 0]: Sending DATA #0...
Google.Solutions.Compute Verbose: 0 : SshRelayStream [TX: 0 TXA: 0 RX: 0 AQ: 0]: Sending DATA #0...
Google.Solutions.Compute Verbose: 0 : SshRelayStream [TX: 0 TXA: 0 RX: 0 AQ: 0]: Sending DATA #0...
Google.Solutions.Compute Verbose: 0 : SshRelayStream [TX: 0 TXA: 0 RX: 0 AQ: 0]: Sending DATA #0...
Google.Solutions.Compute Verbose: 0 : SshRelayStream [TX: 0 TXA: 0 RX: 0 AQ: 0]: Sending DATA #0...
Google.Solutions.Compute Verbose: 0 : SshRelayStream [TX: 0 TXA: 0 RX: 0 AQ: 0]: Sending DATA #0...
Google.Solutions.Compute Verbose: 0 : SshRelayStream [TX: 0 TXA: 0 RX: 0 AQ: 0]: Sending DATA #0...
Google.Solutions.Compute Verbose: 0 : SshRelayStream [TX: 0 TXA: 0 RX: 0 AQ: 0]: Sending DATA #0...
Google.Solutions.Compute Verbose: 0 : SshRelayStream [TX: 0 TXA: 0 RX: 0 AQ: 0]: Sending DATA #0...
Google.Solutions.Compute Verbose: 0 : SshRelayStream [TX: 0 TXA: 0 RX: 0 AQ: 0]: Sending DATA #0...
Google.Solutions.Compute Verbose: 0 : SshRelayStream [TX: 0 TXA: 0 RX: 0 AQ: 0]: Sending DATA #0...
Google.Solutions.Compute Verbose: 0 : SshRelayStream [TX: 0 TXA: 0 RX: 0 AQ: 0]: Sending DATA #0...
Google.Solutions.Compute Verbose: 0 : SshRelayStream [TX: 0 TXA: 0 RX: 0 AQ: 0]: Sending DATA #0...
Google.Solutions.Compute Verbose: 0 : SshRelayStream [TX: 0 TXA: 0 RX: 0 AQ: 0]: Sending DATA #0...
Google.Solutions.Compute Verbose: 0 : SshRelayStream [TX: 0 TXA: 0 RX: 0 AQ: 0]: Sending DATA #0...
Google.Solutions.Compute Verbose: 0 : SshRelayStream [TX: 0 TXA: 0 RX: 0 AQ: 0]: Sending DATA #0...
Google.Solutions.Compute Verbose: 0 : SshRelayStream [TX: 0 TXA: 0 RX: 0 AQ: 0]: Sending DATA #0...
Google.Solutions.Compute Verbose: 0 : SshRelayStream [TX: 0 TXA: 0 RX: 0 AQ: 0]: Sending DATA #0...
Google.Solutions.Compute Verbose: 0 : SshRelayStream [TX: 0 TXA: 0 RX: 0 AQ: 0]: Sending DATA #0...
Google.Solutions.Compute Verbose: 0 : SshRelayStream [TX: 0 TXA: 0 RX: 0 AQ: 0]: Sending DATA #0...
Google.Solutions.Compute Verbose: 0 : SshRelayStream [TX: 0 TXA: 0 RX: 0 AQ: 0]: Sending DATA #0...
Google.Solutions.Compute Verbose: 0 : SshRelayStream [TX: 0 TXA: 0 RX: 0 AQ: 0]: Sending DATA #0...
Google.Solutions.Compute Verbose: 0 : SshRelayStream [TX: 0 TXA: 0 RX: 0 AQ: 0]: Sending DATA #0...
Google.Solutions.Compute Verbose: 0 : SshRelayStream [TX: 0 TXA: 0 RX: 0 AQ: 0]: Sending DATA #0...
Google.Solutions.Compute Verbose: 0 : SshRelayStream [TX: 0 TXA: 0 RX: 0 AQ: 0]: Sending DATA #0...
Google.Solutions.Compute Verbose: 0 : SshRelayStream [TX: 0 TXA: 0 RX: 0 AQ: 0]: Sending DATA #0...
Google.Solutions.Compute Verbose: 0 : SshRelayStream [TX: 0 TXA: 0 RX: 0 AQ: 0]: Sending DATA #0...
Google.Solutions.Compute Verbose: 0 : SshRelayStream [TX: 0 TXA: 0 RX: 0 AQ: 0]: Sending DATA #0...
Google.Solutions.Compute Verbose: 0 : SshRelayStream [TX: 0 TXA: 0 RX: 0 AQ: 0]: Sending DATA #0...
Google.Solutions.Compute Verbose: 0 : SshRelayStream [TX: 0 TXA: 0 RX: 0 AQ: 0]: Sending DATA #0...
Google.Solutions.Compute Verbose: 0 : SshRelayStream [TX: 0 TXA: 0 RX: 0 AQ: 0]: Sending DATA #0...
Google.Solutions.Compute Verbose: 0 : SshRelayStream [TX: 0 TXA: 0 RX: 0 AQ: 0]: Sending DATA #0...
Google.Solutions.Compute Verbose: 0 : SshRelayStream [TX: 0 TXA: 0 RX: 0 AQ: 0]: Sending DATA #0...
Google.Solutions.Compute Verbose: 0 : SshRelayStream [TX: 0 TXA: 0 RX: 0 AQ: 0]: Sending DATA #0...
Google.Solutions.Compute Verbose: 0 : SshRelayStream [TX: 0 TXA: 0 RX: 0 AQ: 0]: Sending DATA #0...
Google.Solutions.Compute Verbose: 0 : SshRelayStream [TX: 0 TXA: 0 RX: 0 AQ: 0]: Sending DATA #0...
Google.Solutions.Compute Verbose: 0 : SshRelayStream [TX: 0 TXA: 0 RX: 0 AQ: 0]: Sending DATA #0...
Google.Solutions.Compute Verbose: 0 : SshRelayStream [TX: 0 TXA: 0 RX: 0 AQ: 0]: Sending DATA #0...
Google.Solutions.Compute Verbose: 0 : SshRelayStream [TX: 0 TXA: 0 RX: 0 AQ: 0]: Sending DATA #0...
Google.Solutions.Compute Verbose: 0 : SshRelayStream [TX: 0 TXA: 0 RX: 0 AQ: 0]: Sending DATA #0...
Google.Solutions.Compute Verbose: 0 : SshRelayStream [TX: 0 TXA: 0 RX: 0 AQ: 0]: Sending DATA #0...
Google.Solutions.Compute Verbose: 0 : SshRelayStream [TX: 0 TXA: 0 RX: 0 AQ: 0]: Sending DATA #0...
Google.Solutions.Compute Verbose: 0 : SshRelayStream [TX: 0 TXA: 0 RX: 0 AQ: 0]: Sending DATA #0...
Google.Solutions.Compute Verbose: 0 : SshRelayStream [TX: 0 TXA: 0 RX: 0 AQ: 0]: Sending DATA #0...
Google.Solutions.Compute Verbose: 0 : SshRelayStream [TX: 0 TXA: 0 RX: 0 AQ: 0]: Sending DATA #0...
Google.Solutions.Compute Verbose: 0 : SshRelayStream [TX: 1 TXA: 0 RX: 0 AQ: 1]: Sending DATA #1...
Google.Solutions.Compute Verbose: 0 : SshRelayStream [TX: 1 TXA: 0 RX: 0 AQ: 1]: Sending DATA #1...
Google.Solutions.Compute Verbose: 0 : SshRelayStream [TX: 1 TXA: 0 RX: 0 AQ: 1]: Sending DATA #1...
Google.Solutions.Compute Verbose: 0 : SshRelayStream [TX: 1 TXA: 0 RX: 0 AQ: 1]: Sending DATA #1...
Google.Solutions.Compute Verbose: 0 : SshRelayStream [TX: 1 TXA: 0 RX: 0 AQ: 1]: Sending DATA #1...
Google.Solutions.Compute Verbose: 0 : SshRelayStream [TX: 1 TXA: 0 RX: 0 AQ: 1]: Sending DATA #1...
Google.Solutions.Compute Verbose: 0 : SshRelayStream [TX: 1 TXA: 0 RX: 0 AQ: 1]: Sending DATA #1...
Google.Solutions.Compute Verbose: 0 : SshRelayStream [TX: 1 TXA: 0 RX: 0 AQ: 1]: Sending DATA #1...
Google.Solutions.Compute Verbose: 0 : SshRelayStream [TX: 1 TXA: 0 RX: 0 AQ: 1]: Sending DATA #1...
Google.Solutions.Compute Verbose: 0 : SshRelayStream [TX: 1 TXA: 0 RX: 0 AQ: 1]: Sending DATA #1...
Google.Solutions.Compute Verbose: 0 : SshRelayStream [TX: 1 TXA: 0 RX: 0 AQ: 1]: Sending DATA #1...
Google.Solutions.Compute Verbose: 0 : SshRelayStream [TX: 1 TXA: 0 RX: 0 AQ: 1]: Sending DATA #1...
Google.Solutions.Compute Verbose: 0 : SshRelayStream [TX: 1 TXA: 0 RX: 0 AQ: 1]: Sending DATA #1...
Google.Solutions.Compute Verbose: 0 : SshRelayStream [TX: 1 TXA: 0 RX: 0 AQ: 1]: Sending DATA #1...
Google.Solutions.Compute Verbose: 0 : SshRelayStream [TX: 1 TXA: 0 RX: 0 AQ: 1]: Sending DATA #1...
Google.Solutions.Compute Verbose: 0 : SshRelayStream [TX: 1 TXA: 0 RX: 0 AQ: 1]: Sending DATA #1...
Google.Solutions.Compute Verbose: 0 : SshRelayStream [TX: 1 TXA: 0 RX: 0 AQ: 1]: Sending DATA #1...
Google.Solutions.Compute Verbose: 0 : SshRelayStream [TX: 1 TXA: 0 RX: 0 AQ: 1]: Sending DATA #1...
Google.Solutions.Compute Verbose: 0 : SshRelayStream [TX: 1 TXA: 0 RX: 0 AQ: 1]: Sending DATA #1...
Google.Solutions.Compute Verbose: 0 : SshRelayStream [TX: 1 TXA: 0 RX: 0 AQ: 1]: Sending DATA #1...
Google.Solutions.Compute Verbose: 0 : SshRelayStream [TX: 1 TXA: 0 RX: 0 AQ: 1]: Sending DATA #1...
Google.Solutions.Compute Verbose: 0 : SshRelayStream [TX: 1 TXA: 0 RX: 0 AQ: 1]: Sending DATA #1...
Google.Solutions.Compute Verbose: 0 : SshRelayStream [TX: 1 TXA: 0 RX: 0 AQ: 1]: Sending DATA #1...
Google.Solutions.Compute Verbose: 0 : SshRelayStream [TX: 1 TXA: 0 RX: 0 AQ: 1]: Sending DATA #1...
Google.Solutions.Compute Verbose: 0 : SshRelayStream [TX: 1 TXA: 0 RX: 0 AQ: 1]: Sending DATA #1...
Google.Solutions.Compute Verbose: 0 : SshRelayStream [TX: 1 TXA: 0 RX: 0 AQ: 1]: Sending DATA #1...
Google.Solutions.Compute Verbose: 0 : SshRelayStream [TX: 1 TXA: 0 RX: 0 AQ: 1]: Sending DATA #1...
Google.Solutions.Compute Verbose: 0 : SshRelayStream [TX: 1 TXA: 0 RX: 0 AQ: 1]: Sending DATA #1...
Google.Solutions.Compute Verbose: 0 : SshRelayStream [TX: 1 TXA: 0 RX: 0 AQ: 1]: Sending DATA #1...
Google.Solutions.Compute Verbose: 0 : SshRelayStream [TX: 1 TXA: 0 RX: 0 AQ: 1]: Sending DATA #1...
Google.Solutions.Compute Verbose: 0 : SshRelayStream [TX: 1 TXA: 0 RX: 0 AQ: 1]: Sending DATA #1...
Google.Solutions.Compute Verbose: 0 : SshRelayStream [TX: 1 TXA: 0 RX: 0 AQ: 1]: Sending DATA #1...
Google.Solutions.Compute Verbose: 0 : SshRelayStream [TX: 1 TXA: 0 RX: 0 AQ: 1]: Sending DATA #1...
Google.Solutions.Compute Verbose: 0 : SshRelayStream [TX: 1 TXA: 0 RX: 0 AQ: 1]: Sending DATA #1...
Google.Solutions.Compute Verbose: 0 : SshRelayStream [TX: 1 TXA: 0 RX: 0 AQ: 1]: Sending DATA #1...
Google.Solutions.Compute Verbose: 0 : SshRelayStream [TX: 1 TXA: 0 RX: 0 AQ: 1]: Sending DATA #1...
Google.Solutions.Compute Verbose: 0 : SshRelayStream [TX: 1 TXA: 0 RX: 0 AQ: 1]: Sending DATA #1...
Google.Solutions.Compute Verbose: 0 : SshRelayStream [TX: 1 TXA: 0 RX: 0 AQ: 1]: Sending DATA #1...
Google.Solutions.Compute Verbose: 0 : SshRelayStream [TX: 1 TXA: 0 RX: 0 AQ: 1]: Sending DATA #1...
Google.Solutions.Compute Verbose: 0 : SshRelayStream [TX: 1 TXA: 0 RX: 0 AQ: 1]: Sending DATA #1...
Google.Solutions.Compute Verbose: 0 : SshRelayStream [TX: 1 TXA: 0 RX: 0 AQ: 1]: Sending DATA #1...
Google.Solutions.Compute Verbose: 0 : SshRelayStream [TX: 1 TXA: 0 RX: 0 AQ: 1]: Sending DATA #1...
Google.Solutions.Compute Verbose: 0 : SshRelayStream [TX: 1 TXA: 0 RX: 0 AQ: 1]: Sending DATA #1...
Google.Solutions.Compute Verbose: 0 : SshRelayStream [TX: 1 TXA: 0 RX: 0 AQ: 1]: Sending DATA #1...
Google.Solutions.Compute Verbose: 0 : SshRelayStream [TX: 1 TXA: 0 RX: 0 AQ: 1]: Sending DATA #1...
Google.Solutions.Compute Verbose: 0 : SshRelayStream [TX: 1 TXA: 0 RX: 0 AQ: 1]: Sending DATA #1...
Google.Solutions.Compute Verbose: 0 : SshRelayStream [TX: 1 TXA: 0 RX: 0 AQ: 1]: Sending DATA #1...
Google.Solutions.Compute Verbose: 0 : SshRelayStream [TX: 1 TXA: 0 RX: 0 AQ: 1]: Sending DATA #1...
Google.Solutions.Compute Verbose: 0 : SshRelayStream [TX: 1 TXA: 0 RX: 0 AQ: 1]: Sending DATA #1...
Google.Solutions.Compute Verbose: 0 : SshRelayStream [TX: 1 TXA: 0 RX: 0 AQ: 1]: Sending DATA #1...
Google.Solutions.Compute Verbose: 0 : SshRelayStream [TX: 1 TXA: 0 RX: 0 AQ: 1]: Sending DATA #1...
Google.Solutions.Compute Verbose: 0 : SshRelayStream [TX: 1 TXA: 0 RX: 0 AQ: 1]: Sending DATA #1...
Google.Solutions.Compute Verbose: 0 : SshRelayStream [TX: 1 TXA: 0 RX: 0 AQ: 1]: Sending DATA #1...
Google.Solutions.Compute Verbose: 0 : SshRelayStream [TX: 1 TXA: 0 RX: 0 AQ: 1]: Sending DATA #1...
Google.Solutions.Compute Verbose: 0 : SshRelayStream [TX: 1 TXA: 0 RX: 0 AQ: 1]: Sending DATA #1...
Google.Solutions.Compute Verbose: 0 : SshRelayStream [TX: 1 TXA: 0 RX: 0 AQ: 1]: Sending DATA #1...
Google.Solutions.Compute Verbose: 0 : SshRelayStream [TX: 2 TXA: 0 RX: 0 AQ: 2]: Sending DATA #2...
Google.Solutions.Compute Verbose: 0 : SshRelayStream [TX: 2 TXA: 0 RX: 0 AQ: 2]: Sending DATA #2...
Google.Solutions.Compute Verbose: 0 : SshRelayStream [TX: 2 TXA: 0 RX: 0 AQ: 2]: Sending DATA #2...
Google.Solutions.Compute Verbose: 0 : SshRelayStream [TX: 2 TXA: 0 RX: 0 AQ: 2]: Sending DATA #2...
Google.Solutions.Compute Verbose: 0 : SshRelayStream [TX: 2 TXA: 0 RX: 0 AQ: 2]: Sending DATA #2...
Google.Solutions.Compute Verbose: 0 : SshRelayStream [TX: 2 TXA: 0 RX: 0 AQ: 2]: Sending DATA #2...
Google.Solutions.Compute Verbose: 0 : SshRelayStream [TX: 2 TXA: 0 RX: 0 AQ: 2]: Sending DATA #2...
Google.Solutions.Compute Verbose: 0 : SshRelayStream [TX: 2 TXA: 0 RX: 0 AQ: 2]: Sending DATA #2...
Google.Solutions.Compute Verbose: 0 : SshRelayStream [TX: 2 TXA: 0 RX: 0 AQ: 2]: Sending DATA #2...
Google.Solutions.Compute Verbose: 0 : SshRelayStream [TX: 2 TXA: 0 RX: 0 AQ: 2]: Sending DATA #2...
Google.Solutions.Compute Verbose: 0 : SshRelayStream [TX: 2 TXA: 0 RX: 0 AQ: 2]: Sending DATA #2...
Google.Solutions.Compute Verbose: 0 : SshRelayStream [TX: 2 TXA: 0 RX: 0 AQ: 2]: Sending DATA #2...
Google.Solutions.Compute Verbose: 0 : SshRelayStream [TX: 2 TXA: 0 RX: 0 AQ: 2]: Sending DATA #2...
Google.Solutions.Compute Verbose: 0 : SshRelayStream [TX: 2 TXA: 0 RX: 0 AQ: 2]: Sending DATA #2...
Google.Solutions.Compute Verbose: 0 : SshRelayStream [TX: 2 TXA: 0 RX: 0 AQ: 2]: Sending DATA #2...
Google.Solutions.Compute Verbose: 0 : SshRelayStream [TX: 2 TXA: 0 RX: 0 AQ: 2]: Sending DATA #2...
Google.Solutions.Compute Verbose: 0 : SshRelayStream [TX: 2 TXA: 0 RX: 0 AQ: 2]: Sending DATA #2...
Google.Solutions.Compute Verbose: 0 : SshRelayStream [TX: 2 TXA: 0 RX: 0 AQ: 2]: Sending DATA #2...
Google.Solutions.Compute Verbose: 0 : SshRelayStream [TX: 2 TXA: 0 RX: 0 AQ: 2]: Sending DATA #2...
Google.Solutions.Compute Verbose: 0 : SshRelayStream [TX: 2 TXA: 0 RX: 0 AQ: 2]: Sending DATA #2...
Google.Solutions.Compute Verbose: 0 : SshRelayStream [TX: 2 TXA: 0 RX: 0 AQ: 2]: Sending DATA #2...
Google.Solutions.Compute Verbose: 0 : SshRelayStream [TX: 2 TXA: 0 RX: 0 AQ: 2]: Sending DATA #2...
Google.Solutions.Compute Verbose: 0 : SshRelayStream [TX: 2 TXA: 0 RX: 0 AQ: 2]: Sending DATA #2...
Google.Solutions.Compute Verbose: 0 : SshRelayStream [TX: 2 TXA: 0 RX: 0 AQ: 2]: Sending DATA #2...
Google.Solutions.Compute Verbose: 0 : SshRelayStream [TX: 2 TXA: 0 RX: 0 AQ: 2]: Sending DATA #2...
Google.Solutions.Compute Verbose: 0 : SshRelayStream [TX: 2 TXA: 0 RX: 0 AQ: 2]: Sending DATA #2...
Google.Solutions.Compute Verbose: 0 : SshRelayStream [TX: 2 TXA: 0 RX: 0 AQ: 2]: Sending DATA #2...
Google.Solutions.Compute Verbose: 0 : SshRelayStream [TX: 2 TXA: 0 RX: 0 AQ: 2]: Sending DATA #2...
Google.Solutions.Compute Verbose: 0 : SshRelayStream [TX: 2 TXA: 0 RX: 0 AQ: 2]: Sending DATA #2...
Google.Solutions.Compute Verbose: 0 : SshRelayStream [TX: 2 TXA: 0 RX: 0 AQ: 2]: Sending DATA #2...
Google.Solutions.Compute Verbose: 0 : SshRelayStream [TX: 2 TXA: 0 RX: 0 AQ: 2]: Sending DATA #2...
Google.Solutions.Compute Verbose: 0 : SshRelayStream [TX: 2 TXA: 0 RX: 0 AQ: 2]: Sending DATA #2...
Google.Solutions.Compute Verbose: 0 : SshRelayStream [TX: 2 TXA: 0 RX: 0 AQ: 2]: Sending DATA #2...
Google.Solutions.Compute Verbose: 0 : SshRelayStream [TX: 2 TXA: 0 RX: 0 AQ: 2]: Sending DATA #2...
Google.Solutions.Compute Verbose: 0 : SshRelayStream [TX: 2 TXA: 0 RX: 0 AQ: 2]: Sending DATA #2...
Google.Solutions.Compute Verbose: 0 : SshRelayStream [TX: 2 TXA: 0 RX: 0 AQ: 2]: Sending DATA #2...
Google.Solutions.Compute Verbose: 0 : SshRelayStream [TX: 2 TXA: 0 RX: 0 AQ: 2]: Sending DATA #2...
Google.Solutions.Compute Verbose: 0 : SshRelayStream [TX: 2 TXA: 0 RX: 0 AQ: 2]: Sending DATA #2...
Google.Solutions.Compute Verbose: 0 : SshRelayStream [TX: 2 TXA: 0 RX: 0 AQ: 2]: Sending DATA #2...
Google.Solutions.Compute Verbose: 0 : SshRelayStream [TX: 2 TXA: 0 RX: 0 AQ: 2]: Sending DATA #2...
Google.Solutions.Compute Verbose: 0 : SshRelayStream [TX: 2 TXA: 0 RX: 0 AQ: 2]: Sending DATA #2...
Google.Solutions.Compute Verbose: 0 : SshRelayStream [TX: 2 TXA: 0 RX: 0 AQ: 2]: Sending DATA #2...
Google.Solutions.Compute Verbose: 0 : SshRelayStream [TX: 2 TXA: 0 RX: 0 AQ: 2]: Sending DATA #2...
Google.Solutions.Compute Verbose: 0 : SshRelayStream [TX: 2 TXA: 0 RX: 0 AQ: 2]: Sending DATA #2...
Google.Solutions.Compute Verbose: 0 : SshRelayStream [TX: 2 TXA: 0 RX: 0 AQ: 2]: Sending DATA #2...
Google.Solutions.Compute Verbose: 0 : SshRelayStream [TX: 2 TXA: 0 RX: 0 AQ: 2]: Sending DATA #2...
Google.Solutions.Compute Verbose: 0 : SshRelayStream [TX: 2 TXA: 0 RX: 0 AQ: 2]: Sending DATA #2...
Google.Solutions.Compute Verbose: 0 : SshRelayStream [TX: 2 TXA: 0 RX: 0 AQ: 2]: Sending DATA #2...
Google.Solutions.Compute Verbose: 0 : SshRelayStream [TX: 2 TXA: 0 RX: 0 AQ: 2]: Sending DATA #2...
Google.Solutions.Compute Verbose: 0 : SshRelayStream [TX: 2 TXA: 0 RX: 0 AQ: 2]: Sending DATA #2...
Google.Solutions.Compute Verbose: 0 : SshRelayStream [TX: 2 TXA: 0 RX: 0 AQ: 2]: Sending DATA #2...
Google.Solutions.Compute Verbose: 0 : SshRelayStream [TX: 2 TXA: 0 RX: 0 AQ: 2]: Sending DATA #2...
Google.Solutions.Compute Verbose: 0 : SshRelayStream [TX: 2 TXA: 0 RX: 0 AQ: 2]: Sending DATA #2...
Google.Solutions.Compute Verbose: 0 : SshRelayStream [TX: 2 TXA: 0 RX: 0 AQ: 2]: Sending DATA #2...
Google.Solutions.Compute Verbose: 0 : SshRelayStream [TX: 2 TXA: 0 RX: 0 AQ: 2]: Sending DATA #2...
Google.Solutions.Compute Verbose: 0 : SshRelayStream [TX: 2 TXA: 0 RX: 0 AQ: 2]: Sending DATA #2...
Google.Solutions.Compute Verbose: 0 : SshRelayStream [TX: 2 TXA: 0 RX: 0 AQ: 2]: Connection closed abnormally: INVALID_WEBSOCKET_OPCODE
Google.Solutions.Compute Verbose: 0 : SshRelayStream [TX: 2 TXA: 0 RX: 0 AQ: 2]: Connection closed abnormally: INVALID_WEBSOCKET_OPCODE
Google.Solutions.Compute Verbose: 0 : SshRelayStream [TX: 2 TXA: 0 RX: 0 AQ: 2]: Connection closed abnormally: INVALID_WEBSOCKET_OPCODE
Google.Solutions.Compute Verbose: 0 : SshRelayStream [TX: 2 TXA: 0 RX: 0 AQ: 2]: Connection closed abnormally: INVALID_WEBSOCKET_OPCODE
Google.Solutions.Compute Verbose: 0 : SshRelayStream [TX: 2 TXA: 0 RX: 0 AQ: 2]: Connection closed abnormally: INVALID_WEBSOCKET_OPCODE
Google.Solutions.Compute Verbose: 0 : SshRelayStream [TX: 2 TXA: 0 RX: 0 AQ: 2]: Connection closed abnormally: INVALID_WEBSOCKET_OPCODE
Google.Solutions.Compute Verbose: 0 : SshRelayStream [TX: 2 TXA: 0 RX: 0 AQ: 2]: Connection closed abnormally: INVALID_WEBSOCKET_OPCODE
Google.Solutions.Compute Verbose: 0 : SshRelayStream [TX: 2 TXA: 0 RX: 0 AQ: 2]: Connection closed abnormally: INVALID_WEBSOCKET_OPCODE
Google.Solutions.Compute Verbose: 0 : SshRelayStream [TX: 2 TXA: 0 RX: 0 AQ: 2]: Connection closed abnormally: INVALID_WEBSOCKET_OPCODE
Google.Solutions.Compute Verbose: 0 : SshRelayStream [TX: 2 TXA: 0 RX: 0 AQ: 2]: Connection closed abnormally: INVALID_WEBSOCKET_OPCODE
Google.Solutions.Compute Verbose: 0 : SshRelayStream [TX: 2 TXA: 0 RX: 0 AQ: 2]: Connection closed abnormally: INVALID_WEBSOCKET_OPCODE
Google.Solutions.Compute Verbose: 0 : SshRelayStream [TX: 2 TXA: 0 RX: 0 AQ: 2]: Connection closed abnormally: INVALID_WEBSOCKET_OPCODE
Google.Solutions.Compute Verbose: 0 : SshRelayStream [TX: 2 TXA: 0 RX: 0 AQ: 2]: Connection closed abnormally: INVALID_WEBSOCKET_OPCODE
Google.Solutions.Compute Verbose: 0 : SshRelayStream [TX: 2 TXA: 0 RX: 0 AQ: 2]: Connection closed abnormally: INVALID_WEBSOCKET_OPCODE
Google.Solutions.Compute Verbose: 0 : SshRelayStream [TX: 2 TXA: 0 RX: 0 AQ: 2]: Connection closed abnormally: INVALID_WEBSOCKET_OPCODE
Google.Solutions.Compute Verbose: 0 : SshRelayStream [TX: 2 TXA: 0 RX: 0 AQ: 2]: Connection closed abnormally: INVALID_WEBSOCKET_OPCODE
Google.Solutions.Compute Verbose: 0 : SshRelayStream [TX: 2 TXA: 0 RX: 0 AQ: 2]: Connection closed abnormally: INVALID_WEBSOCKET_OPCODE
Google.Solutions.Compute Verbose: 0 : SshRelayStream [TX: 2 TXA: 0 RX: 0 AQ: 2]: Connection closed abnormally: INVALID_WEBSOCKET_OPCODE
Google.Solutions.Compute Verbose: 0 : SshRelayStream [TX: 2 TXA: 0 RX: 0 AQ: 2]: Connection closed abnormally: INVALID_WEBSOCKET_OPCODE
Google.Solutions.Compute Verbose: 0 : SshRelayStream [TX: 2 TXA: 0 RX: 0 AQ: 2]: Connection closed abnormally: INVALID_WEBSOCKET_OPCODE
Google.Solutions.Compute Verbose: 0 : SshRelayStream [TX: 2 TXA: 0 RX: 0 AQ: 2]: Connection closed abnormally: INVALID_WEBSOCKET_OPCODE
Google.Solutions.Compute Verbose: 0 : SshRelayStream [TX: 2 TXA: 0 RX: 0 AQ: 2]: Connection closed abnormally: INVALID_WEBSOCKET_OPCODE
Google.Solutions.Compute Verbose: 0 : SshRelayStream [TX: 2 TXA: 0 RX: 0 AQ: 2]: Connection closed abnormally: INVALID_WEBSOCKET_OPCODE
Google.Solutions.Compute Verbose: 0 : SshRelayStream [TX: 2 TXA: 0 RX: 0 AQ: 2]: Connection closed abnormally: INVALID_WEBSOCKET_OPCODE
Google.Solutions.Compute Verbose: 0 : SshRelayStream [TX: 2 TXA: 0 RX: 0 AQ: 2]: Connection closed abnormally: INVALID_WEBSOCKET_OPCODE
Google.Solutions.Compute Verbose: 0 : SshRelayStream [TX: 2 TXA: 0 RX: 0 AQ: 2]: Connection closed abnormally: INVALID_WEBSOCKET_OPCODE
Google.Solutions.Compute Verbose: 0 : SshRelayStream [TX: 2 TXA: 0 RX: 0 AQ: 2]: Connection closed abnormally: INVALID_WEBSOCKET_OPCODE
Google.Solutions.Compute Verbose: 0 : SshRelayStream [TX: 2 TXA: 0 RX: 0 AQ: 2]: Connection closed abnormally: INVALID_WEBSOCKET_OPCODE
Google.Solutions.Compute Verbose: 0 : SshRelayStream [TX: 2 TXA: 0 RX: 0 AQ: 2]: Connection closed abnormally: INVALID_WEBSOCKET_OPCODE
Google.Solutions.Compute Verbose: 0 : SshRelayStream [TX: 2 TXA: 0 RX: 0 AQ: 2]: Connection closed abnormally: INVALID_WEBSOCKET_OPCODE
Google.Solutions.Compute Verbose: 0 : SshRelayStream [TX: 2 TXA: 0 RX: 0 AQ: 2]: Connection closed abnormally: INVALID_WEBSOCKET_OPCODE
Google.Solutions.Compute Verbose: 0 : SshRelayStream [TX: 2 TXA: 0 RX: 0 AQ: 2]: Connection closed abnormally: INVALID_WEBSOCKET_OPCODE
Google.Solutions.Compute Verbose: 0 : SshRelayStream [TX: 2 TXA: 0 RX: 0 AQ: 2]: Connection closed abnormally: INVALID_WEBSOCKET_OPCODE
Google.Solutions.Compute Verbose: 0 : SshRelayStream [TX: 2 TXA: 0 RX: 0 AQ: 2]: Connection closed abnormally: INVALID_WEBSOCKET_OPCODE
Google.Solutions.Compute Verbose: 0 : SshRelayStream [TX: 2 TXA: 0 RX: 0 AQ: 2]: Connection closed abnormally: INVALID_WEBSOCKET_OPCODE
Google.Solutions.Compute Verbose: 0 : SshRelayStream [TX: 2 TXA: 0 RX: 0 AQ: 2]: Connection closed abnormally: INVALID_WEBSOCKET_OPCODE
Google.Solutions.Compute Verbose: 0 : SshRelayStream [TX: 2 TXA: 0 RX: 0 AQ: 2]: Connection closed abnormally: INVALID_WEBSOCKET_OPCODE
Google.Solutions.Compute Verbose: 0 : SshRelayStream [TX: 2 TXA: 0 RX: 0 AQ: 2]: Connection closed abnormally: INVALID_WEBSOCKET_OPCODE
Google.Solutions.Compute Verbose: 0 : SshRelayStream [TX: 2 TXA: 0 RX: 0 AQ: 2]: Connection closed abnormally: INVALID_WEBSOCKET_OPCODE
Google.Solutions.Compute Verbose: 0 : SshRelayStream [TX: 2 TXA: 0 RX: 0 AQ: 2]: Connection closed abnormally: INVALID_WEBSOCKET_OPCODE
Google.Solutions.Compute Verbose: 0 : SshRelayStream [TX: 2 TXA: 0 RX: 0 AQ: 2]: Connection closed abnormally: INVALID_WEBSOCKET_OPCODE
Google.Solutions.Compute Verbose: 0 : SshRelayStream [TX: 2 TXA: 0 RX: 0 AQ: 2]: Connection closed abnormally: INVALID_WEBSOCKET_OPCODE
Google.Solutions.Compute Verbose: 0 : SshRelayStream [TX: 2 TXA: 0 RX: 0 AQ: 2]: Connection closed abnormally: INVALID_WEBSOCKET_OPCODE
Google.Solutions.Compute Verbose: 0 : SshRelayStream [TX: 2 TXA: 0 RX: 0 AQ: 2]: Connection closed abnormally: INVALID_WEBSOCKET_OPCODE
Google.Solutions.Compute Verbose: 0 : SshRelayStream [TX: 2 TXA: 0 RX: 0 AQ: 2]: Connection closed abnormally: INVALID_WEBSOCKET_OPCODE
Google.Solutions.Compute Verbose: 0 : SshRelayStream [TX: 2 TXA: 0 RX: 0 AQ: 2]: Connection closed abnormally: INVALID_WEBSOCKET_OPCODE
Google.Solutions.Compute Verbose: 0 : SshRelayStream [TX: 2 TXA: 0 RX: 0 AQ: 2]: Connection closed abnormally: INVALID_WEBSOCKET_OPCODE
Google.Solutions.Compute Verbose: 0 : SshRelayStream [TX: 2 TXA: 0 RX: 0 AQ: 2]: Connection closed abnormally: INVALID_WEBSOCKET_OPCODE
Google.Solutions.Compute Verbose: 0 : SshRelayStream [TX: 2 TXA: 0 RX: 0 AQ: 2]: Connection closed abnormally: INVALID_WEBSOCKET_OPCODE
Google.Solutions.Compute Verbose: 0 : SshRelayStream [TX: 2 TXA: 0 RX: 0 AQ: 2]: Connection closed abnormally: INVALID_WEBSOCKET_OPCODE
Google.Solutions.Compute Verbose: 0 : SshRelayStream [TX: 2 TXA: 0 RX: 0 AQ: 2]: Connection closed abnormally: INVALID_WEBSOCKET_OPCODE
Google.Solutions.Compute Verbose: 0 : SshRelayStream [TX: 2 TXA: 0 RX: 0 AQ: 2]: Connection closed abnormally: INVALID_WEBSOCKET_OPCODE
Google.Solutions.Compute Verbose: 0 : SshRelayStream [TX: 2 TXA: 0 RX: 0 AQ: 2]: Connection closed abnormally: INVALID_WEBSOCKET_OPCODE
Google.Solutions.Compute Verbose: 0 : SshRelayStream [TX: 2 TXA: 0 RX: 0 AQ: 2]: Connection closed abnormally: INVALID_WEBSOCKET_OPCODE
Google.Solutions.Compute Verbose: 0 : SshRelayStream [TX: 2 TXA: 0 RX: 0 AQ: 2]: Connection closed abnormally: INVALID_WEBSOCKET_OPCODE
Google.Solutions.Compute Verbose: 0 : SshRelayStream [TX: 2 TXA: 0 RX: 0 AQ: 2]: Connection closed abnormally: INVALID_WEBSOCKET_OPCODE
Google.Solutions.Compute Verbose: 0 : SshRelayStream [TX: 2 TXA: 0 RX: 0 AQ: 2]: Disconnecting, preparing to reconnect
Google.Solutions.Compute Verbose: 0 : SshRelayStream [TX: 2 TXA: 0 RX: 0 AQ: 2]: Disconnecting, preparing to reconnect
Google.Solutions.Compute Verbose: 0 : SshRelayStream [TX: 2 TXA: 0 RX: 0 AQ: 2]: Disconnecting, preparing to reconnect
Google.Solutions.Compute Verbose: 0 : SshRelayStream [TX: 2 TXA: 0 RX: 0 AQ: 2]: Disconnecting, preparing to reconnect
Google.Solutions.Compute Verbose: 0 : SshRelayStream [TX: 2 TXA: 0 RX: 0 AQ: 2]: Disconnecting, preparing to reconnect
Google.Solutions.Compute Verbose: 0 : SshRelayStream [TX: 2 TXA: 0 RX: 0 AQ: 2]: Disconnecting, preparing to reconnect
Google.Solutions.Compute Verbose: 0 : SshRelayStream [TX: 2 TXA: 0 RX: 0 AQ: 2]: Disconnecting, preparing to reconnect
Google.Solutions.Compute Verbose: 0 : SshRelayStream [TX: 2 TXA: 0 RX: 0 AQ: 2]: Disconnecting, preparing to reconnect
Google.Solutions.Compute Verbose: 0 : SshRelayStream [TX: 2 TXA: 0 RX: 0 AQ: 2]: Disconnecting, preparing to reconnect
Google.Solutions.Compute Verbose: 0 : SshRelayStream [TX: 2 TXA: 0 RX: 0 AQ: 2]: Disconnecting, preparing to reconnect
Google.Solutions.Compute Verbose: 0 : SshRelayStream [TX: 2 TXA: 0 RX: 0 AQ: 2]: Disconnecting, preparing to reconnect
Google.Solutions.Compute Verbose: 0 : SshRelayStream [TX: 2 TXA: 0 RX: 0 AQ: 2]: Disconnecting, preparing to reconnect
Google.Solutions.Compute Verbose: 0 : SshRelayStream [TX: 2 TXA: 0 RX: 0 AQ: 2]: Disconnecting, preparing to reconnect
Google.Solutions.Compute Verbose: 0 : SshRelayStream [TX: 2 TXA: 0 RX: 0 AQ: 2]: Disconnecting, preparing to reconnect
Google.Solutions.Compute Verbose: 0 : SshRelayStream [TX: 2 TXA: 0 RX: 0 AQ: 2]: Disconnecting, preparing to reconnect
Google.Solutions.Compute Verbose: 0 : SshRelayStream [TX: 2 TXA: 0 RX: 0 AQ: 2]: Disconnecting, preparing to reconnect
Google.Solutions.Compute Verbose: 0 : SshRelayStream [TX: 2 TXA: 0 RX: 0 AQ: 2]: Disconnecting, preparing to reconnect
Google.Solutions.Compute Verbose: 0 : SshRelayStream [TX: 2 TXA: 0 RX: 0 AQ: 2]: Disconnecting, preparing to reconnect
Google.Solutions.Compute Verbose: 0 : SshRelayStream [TX: 2 TXA: 0 RX: 0 AQ: 2]: Disconnecting, preparing to reconnect
Google.Solutions.Compute Verbose: 0 : SshRelayStream [TX: 2 TXA: 0 RX: 0 AQ: 2]: Disconnecting, preparing to reconnect
Google.Solutions.Compute Verbose: 0 : SshRelayStream [TX: 2 TXA: 0 RX: 0 AQ: 2]: Disconnecting, preparing to reconnect
Google.Solutions.Compute Verbose: 0 : SshRelayStream [TX: 2 TXA: 0 RX: 0 AQ: 2]: Disconnecting, preparing to reconnect
Google.Solutions.Compute Verbose: 0 : SshRelayStream [TX: 2 TXA: 0 RX: 0 AQ: 2]: Disconnecting, preparing to reconnect
Google.Solutions.Compute Verbose: 0 : SshRelayStream [TX: 2 TXA: 0 RX: 0 AQ: 2]: Disconnecting, preparing to reconnect
Google.Solutions.Compute Verbose: 0 : SshRelayStream [TX: 2 TXA: 0 RX: 0 AQ: 2]: Disconnecting, preparing to reconnect
Google.Solutions.Compute Verbose: 0 : SshRelayStream [TX: 2 TXA: 0 RX: 0 AQ: 2]: Disconnecting, preparing to reconnect
Google.Solutions.Compute Verbose: 0 : SshRelayStream [TX: 2 TXA: 0 RX: 0 AQ: 2]: Disconnecting, preparing to reconnect
Google.Solutions.Compute Verbose: 0 : SshRelayStream [TX: 2 TXA: 0 RX: 0 AQ: 2]: Disconnecting, preparing to reconnect
Google.Solutions.Compute Verbose: 0 : SshRelayStream [TX: 2 TXA: 0 RX: 0 AQ: 2]: Disconnecting, preparing to reconnect
Google.Solutions.Compute Verbose: 0 : SshRelayStream [TX: 2 TXA: 0 RX: 0 AQ: 2]: Disconnecting, preparing to reconnect
Google.Solutions.Compute Verbose: 0 : SshRelayStream [TX: 2 TXA: 0 RX: 0 AQ: 2]: Disconnecting, preparing to reconnect
Google.Solutions.Compute Verbose: 0 : SshRelayStream [TX: 2 TXA: 0 RX: 0 AQ: 2]: Disconnecting, preparing to reconnect
Google.Solutions.Compute Verbose: 0 : SshRelayStream [TX: 2 TXA: 0 RX: 0 AQ: 2]: Disconnecting, preparing to reconnect
Google.Solutions.Compute Verbose: 0 : SshRelayStream [TX: 2 TXA: 0 RX: 0 AQ: 2]: Disconnecting, preparing to reconnect
Google.Solutions.Compute Verbose: 0 : SshRelayStream [TX: 2 TXA: 0 RX: 0 AQ: 2]: Disconnecting, preparing to reconnect
Google.Solutions.Compute Verbose: 0 : SshRelayStream [TX: 2 TXA: 0 RX: 0 AQ: 2]: Disconnecting, preparing to reconnect
Google.Solutions.Compute Verbose: 0 : SshRelayStream [TX: 2 TXA: 0 RX: 0 AQ: 2]: Disconnecting, preparing to reconnect
Google.Solutions.Compute Verbose: 0 : SshRelayStream [TX: 2 TXA: 0 RX: 0 AQ: 2]: Disconnecting, preparing to reconnect
Google.Solutions.Compute Verbose: 0 : SshRelayStream [TX: 2 TXA: 0 RX: 0 AQ: 2]: Disconnecting, preparing to reconnect
Google.Solutions.Compute Verbose: 0 : SshRelayStream [TX: 2 TXA: 0 RX: 0 AQ: 2]: Disconnecting, preparing to reconnect
Google.Solutions.Compute Verbose: 0 : SshRelayStream [TX: 2 TXA: 0 RX: 0 AQ: 2]: Disconnecting, preparing to reconnect
Google.Solutions.Compute Verbose: 0 : SshRelayStream [TX: 2 TXA: 0 RX: 0 AQ: 2]: Disconnecting, preparing to reconnect
Google.Solutions.Compute Verbose: 0 : SshRelayStream [TX: 2 TXA: 0 RX: 0 AQ: 2]: Disconnecting, preparing to reconnect
Google.Solutions.Compute Verbose: 0 : SshRelayStream [TX: 2 TXA: 0 RX: 0 AQ: 2]: Disconnecting, preparing to reconnect
Google.Solutions.Compute Verbose: 0 : SshRelayStream [TX: 2 TXA: 0 RX: 0 AQ: 2]: Disconnecting, preparing to reconnect
Google.Solutions.Compute Verbose: 0 : SshRelayStream [TX: 2 TXA: 0 RX: 0 AQ: 2]: Disconnecting, preparing to reconnect
Google.Solutions.Compute Verbose: 0 : SshRelayStream [TX: 2 TXA: 0 RX: 0 AQ: 2]: Disconnecting, preparing to reconnect
Google.Solutions.Compute Verbose: 0 : SshRelayStream [TX: 2 TXA: 0 RX: 0 AQ: 2]: Disconnecting, preparing to reconnect
Google.Solutions.Compute Verbose: 0 : SshRelayStream [TX: 2 TXA: 0 RX: 0 AQ: 2]: Disconnecting, preparing to reconnect
Google.Solutions.Compute Verbose: 0 : SshRelayStream [TX: 2 TXA: 0 RX: 0 AQ: 2]: Disconnecting, preparing to reconnect
Google.Solutions.Compute Verbose: 0 : SshRelayStream [TX: 2 TXA: 0 RX: 0 AQ: 2]: Disconnecting, preparing to reconnect
Google.Solutions.Compute Verbose: 0 : SshRelayStream [TX: 2 TXA: 0 RX: 0 AQ: 2]: Disconnecting, preparing to reconnect
Google.Solutions.Compute Verbose: 0 : SshRelayStream [TX: 2 TXA: 0 RX: 0 AQ: 2]: Disconnecting, preparing to reconnect
Google.Solutions.Compute Verbose: 0 : SshRelayStream [TX: 2 TXA: 0 RX: 0 AQ: 2]: Disconnecting, preparing to reconnect
Google.Solutions.Compute Verbose: 0 : SshRelayStream [TX: 2 TXA: 0 RX: 0 AQ: 2]: Disconnecting, preparing to reconnect
Google.Solutions.Compute Verbose: 0 : SshRelayStream [TX: 2 TXA: 0 RX: 0 AQ: 2]: Disconnecting, preparing to reconnect
Google.Solutions.Compute Verbose: 0 : SshRelayStream [TX: 2 TXA: 0 RX: 0 AQ: 2]: Disonnected.
Google.Solutions.Compute Verbose: 0 : SshRelayStream [TX: 2 TXA: 0 RX: 0 AQ: 2]: Disonnected.
Google.Solutions.Compute Verbose: 0 : SshRelayStream [TX: 2 TXA: 0 RX: 0 AQ: 2]: Disonnected.
Google.Solutions.Compute Verbose: 0 : SshRelayStream [TX: 2 TXA: 0 RX: 0 AQ: 2]: Disonnected.
Google.Solutions.Compute Verbose: 0 : SshRelayStream [TX: 2 TXA: 0 RX: 0 AQ: 2]: Disonnected.
Google.Solutions.Compute Verbose: 0 : SshRelayStream [TX: 2 TXA: 0 RX: 0 AQ: 2]: Disonnected.
Google.Solutions.Compute Verbose: 0 : SshRelayStream [TX: 2 TXA: 0 RX: 0 AQ: 2]: Disonnected.
Google.Solutions.Compute Verbose: 0 : SshRelayStream [TX: 2 TXA: 0 RX: 0 AQ: 2]: Disonnected.
Google.Solutions.Compute Verbose: 0 : SshRelayStream [TX: 2 TXA: 0 RX: 0 AQ: 2]: Disonnected.
Google.Solutions.Compute Verbose: 0 : SshRelayStream [TX: 2 TXA: 0 RX: 0 AQ: 2]: Disonnected.
Google.Solutions.Compute Verbose: 0 : SshRelayStream [TX: 2 TXA: 0 RX: 0 AQ: 2]: Disonnected.
Google.Solutions.Compute Verbose: 0 : SshRelayStream [TX: 2 TXA: 0 RX: 0 AQ: 2]: Disonnected.
Google.Solutions.Compute Verbose: 0 : SshRelayStream [TX: 2 TXA: 0 RX: 0 AQ: 2]: Disonnected.
Google.Solutions.Compute Verbose: 0 : SshRelayStream [TX: 2 TXA: 0 RX: 0 AQ: 2]: Disonnected.
Google.Solutions.Compute Verbose: 0 : SshRelayStream [TX: 2 TXA: 0 RX: 0 AQ: 2]: Disonnected.
Google.Solutions.Compute Verbose: 0 : SshRelayStream [TX: 2 TXA: 0 RX: 0 AQ: 2]: Disonnected.
Google.Solutions.Compute Verbose: 0 : SshRelayStream [TX: 2 TXA: 0 RX: 0 AQ: 2]: Disonnected.
Google.Solutions.Compute Verbose: 0 : SshRelayStream [TX: 2 TXA: 0 RX: 0 AQ: 2]: Disonnected.
Google.Solutions.Compute Verbose: 0 : SshRelayStream [TX: 2 TXA: 0 RX: 0 AQ: 2]: Disonnected.
Google.Solutions.Compute Verbose: 0 : SshRelayStream [TX: 2 TXA: 0 RX: 0 AQ: 2]: Disonnected.
Google.Solutions.Compute Verbose: 0 : SshRelayStream [TX: 2 TXA: 0 RX: 0 AQ: 2]: Disonnected.
Google.Solutions.Compute Verbose: 0 : SshRelayStream [TX: 2 TXA: 0 RX: 0 AQ: 2]: Disonnected.
Google.Solutions.Compute Verbose: 0 : SshRelayStream [TX: 2 TXA: 0 RX: 0 AQ: 2]: Disonnected.
Google.Solutions.Compute Verbose: 0 : SshRelayStream [TX: 2 TXA: 0 RX: 0 AQ: 2]: Disonnected.
Google.Solutions.Compute Verbose: 0 : SshRelayStream [TX: 2 TXA: 0 RX: 0 AQ: 2]: Disonnected.
Google.Solutions.Compute Verbose: 0 : SshRelayStream [TX: 2 TXA: 0 RX: 0 AQ: 2]: Disonnected.
Google.Solutions.Compute Verbose: 0 : SshRelayStream [TX: 2 TXA: 0 RX: 0 AQ: 2]: Disonnected.
Google.Solutions.Compute Verbose: 0 : SshRelayStream [TX: 2 TXA: 0 RX: 0 AQ: 2]: Disonnected.
Google.Solutions.Compute Verbose: 0 : SshRelayStream [TX: 2 TXA: 0 RX: 0 AQ: 2]: Disonnected.
Google.Solutions.Compute Verbose: 0 : SshRelayStream [TX: 2 TXA: 0 RX: 0 AQ: 2]: Disonnected.
Google.Solutions.Compute Verbose: 0 : SshRelayStream [TX: 2 TXA: 0 RX: 0 AQ: 2]: Disonnected.
Google.Solutions.Compute Verbose: 0 : SshRelayStream [TX: 2 TXA: 0 RX: 0 AQ: 2]: Disonnected.
Google.Solutions.Compute Verbose: 0 : SshRelayStream [TX: 2 TXA: 0 RX: 0 AQ: 2]: Disonnected.
Google.Solutions.Compute Verbose: 0 : SshRelayStream [TX: 2 TXA: 0 RX: 0 AQ: 2]: Disonnected.
Google.Solutions.Compute Verbose: 0 : SshRelayStream [TX: 2 TXA: 0 RX: 0 AQ: 2]: Disonnected.
Google.Solutions.Compute Verbose: 0 : SshRelayStream [TX: 2 TXA: 0 RX: 0 AQ: 2]: Disonnected.
Google.Solutions.Compute Verbose: 0 : SshRelayStream [TX: 2 TXA: 0 RX: 0 AQ: 2]: Disonnected.
Google.Solutions.Compute Verbose: 0 : SshRelayStream [TX: 2 TXA: 0 RX: 0 AQ: 2]: Disonnected.
Google.Solutions.Compute Verbose: 0 : SshRelayStream [TX: 2 TXA: 0 RX: 0 AQ: 2]: Disonnected.
Google.Solutions.Compute Verbose: 0 : SshRelayStream [TX: 2 TXA: 0 RX: 0 AQ: 2]: Disonnected.
Google.Solutions.Compute Verbose: 0 : SshRelayStream [TX: 2 TXA: 0 RX: 0 AQ: 2]: Disonnected.
Google.Solutions.Compute Verbose: 0 : SshRelayStream [TX: 2 TXA: 0 RX: 0 AQ: 2]: Disonnected.
Google.Solutions.Compute Verbose: 0 : SshRelayStream [TX: 2 TXA: 0 RX: 0 AQ: 2]: Disonnected.
Google.Solutions.Compute Verbose: 0 : SshRelayStream [TX: 2 TXA: 0 RX: 0 AQ: 2]: Disonnected.
Google.Solutions.Compute Verbose: 0 : SshRelayStream [TX: 2 TXA: 0 RX: 0 AQ: 2]: Disonnected.
Google.Solutions.Compute Verbose: 0 : SshRelayStream [TX: 2 TXA: 0 RX: 0 AQ: 2]: Disonnected.
Google.Solutions.Compute Verbose: 0 : SshRelayStream [TX: 2 TXA: 0 RX: 0 AQ: 2]: Disonnected.
Google.Solutions.Compute Verbose: 0 : SshRelayStream [TX: 2 TXA: 0 RX: 0 AQ: 2]: Disonnected.
Google.Solutions.Compute Verbose: 0 : SshRelayStream [TX: 2 TXA: 0 RX: 0 AQ: 2]: Disonnected.
Google.Solutions.Compute Verbose: 0 : SshRelayStream [TX: 2 TXA: 0 RX: 0 AQ: 2]: Disonnected.
Google.Solutions.Compute Verbose: 0 : SshRelayStream [TX: 2 TXA: 0 RX: 0 AQ: 2]: Disonnected.
Google.Solutions.Compute Verbose: 0 : SshRelayStream [TX: 2 TXA: 0 RX: 0 AQ: 2]: Disonnected.
Google.Solutions.Compute Verbose: 0 : SshRelayStream [TX: 2 TXA: 0 RX: 0 AQ: 2]: Disonnected.
Google.Solutions.Compute Verbose: 0 : SshRelayStream [TX: 2 TXA: 0 RX: 0 AQ: 2]: Disonnected.
Google.Solutions.Compute Verbose: 0 : SshRelayStream [TX: 2 TXA: 0 RX: 0 AQ: 2]: Disonnected.
Google.Solutions.Compute Verbose: 0 : SshRelayStream [TX: 2 TXA: 0 RX: 0 AQ: 2]: Disonnected.
Google.Solutions.Compute Verbose: 0 : SshRelayStream [TX: 2 TXA: 0 RX: 0 AQ: 2]: Connecting...
Google.Solutions.Compute Verbose: 0 : SshRelayStream [TX: 2 TXA: 0 RX: 0 AQ: 2]: Connecting...
Google.Solutions.Compute Verbose: 0 : SshRelayStream [TX: 2 TXA: 0 RX: 0 AQ: 2]: Connecting...
Google.Solutions.Compute Verbose: 0 : SshRelayStream [TX: 2 TXA: 0 RX: 0 AQ: 2]: Connecting...
Google.Solutions.Compute Verbose: 0 : SshRelayStream [TX: 2 TXA: 0 RX: 0 AQ: 2]: Connecting...
Google.Solutions.Compute Verbose: 0 : SshRelayStream [TX: 2 TXA: 0 RX: 0 AQ: 2]: Connecting...
Google.Solutions.Compute Verbose: 0 : SshRelayStream [TX: 2 TXA: 0 RX: 0 AQ: 2]: Connecting...
Google.Solutions.Compute Verbose: 0 : SshRelayStream [TX: 2 TXA: 0 RX: 0 AQ: 2]: Connecting...
Google.Solutions.Compute Verbose: 0 : SshRelayStream [TX: 2 TXA: 0 RX: 0 AQ: 2]: Connecting...
Google.Solutions.Compute Verbose: 0 : SshRelayStream [TX: 2 TXA: 0 RX: 0 AQ: 2]: Connecting...
Google.Solutions.Compute Verbose: 0 : SshRelayStream [TX: 2 TXA: 0 RX: 0 AQ: 2]: Connecting...
Google.Solutions.Compute Verbose: 0 : SshRelayStream [TX: 2 TXA: 0 RX: 0 AQ: 2]: Connecting...
Google.Solutions.Compute Verbose: 0 : SshRelayStream [TX: 2 TXA: 0 RX: 0 AQ: 2]: Connecting...
Google.Solutions.Compute Verbose: 0 : SshRelayStream [TX: 2 TXA: 0 RX: 0 AQ: 2]: Connecting...
Google.Solutions.Compute Verbose: 0 : SshRelayStream [TX: 2 TXA: 0 RX: 0 AQ: 2]: Connecting...
Google.Solutions.Compute Verbose: 0 : SshRelayStream [TX: 2 TXA: 0 RX: 0 AQ: 2]: Connecting...
Google.Solutions.Compute Verbose: 0 : SshRelayStream [TX: 2 TXA: 0 RX: 0 AQ: 2]: Connecting...
Google.Solutions.Compute Verbose: 0 : SshRelayStream [TX: 2 TXA: 0 RX: 0 AQ: 2]: Connecting...
Google.Solutions.Compute Verbose: 0 : SshRelayStream [TX: 2 TXA: 0 RX: 0 AQ: 2]: Connecting...
Google.Solutions.Compute Verbose: 0 : SshRelayStream [TX: 2 TXA: 0 RX: 0 AQ: 2]: Connecting...
Google.Solutions.Compute Verbose: 0 : SshRelayStream [TX: 2 TXA: 0 RX: 0 AQ: 2]: Connecting...
Google.Solutions.Compute Verbose: 0 : SshRelayStream [TX: 2 TXA: 0 RX: 0 AQ: 2]: Connecting...
Google.Solutions.Compute Verbose: 0 : SshRelayStream [TX: 2 TXA: 0 RX: 0 AQ: 2]: Connecting...
Google.Solutions.Compute Verbose: 0 : SshRelayStream [TX: 2 TXA: 0 RX: 0 AQ: 2]: Connecting...
Google.Solutions.Compute Verbose: 0 : SshRelayStream [TX: 2 TXA: 0 RX: 0 AQ: 2]: Connecting...
Google.Solutions.Compute Verbose: 0 : SshRelayStream [TX: 2 TXA: 0 RX: 0 AQ: 2]: Connecting...
Google.Solutions.Compute Verbose: 0 : SshRelayStream [TX: 2 TXA: 0 RX: 0 AQ: 2]: Connecting...
Google.Solutions.Compute Verbose: 0 : SshRelayStream [TX: 2 TXA: 0 RX: 0 AQ: 2]: Connecting...
Google.Solutions.Compute Verbose: 0 : SshRelayStream [TX: 2 TXA: 0 RX: 0 AQ: 2]: Connecting...
Google.Solutions.Compute Verbose: 0 : SshRelayStream [TX: 2 TXA: 0 RX: 0 AQ: 2]: Connecting...
Google.Solutions.Compute Verbose: 0 : SshRelayStream [TX: 2 TXA: 0 RX: 0 AQ: 2]: Connecting...
Google.Solutions.Compute Verbose: 0 : SshRelayStream [TX: 2 TXA: 0 RX: 0 AQ: 2]: Connecting...
Google.Solutions.Compute Verbose: 0 : SshRelayStream [TX: 2 TXA: 0 RX: 0 AQ: 2]: Connecting...
Google.Solutions.Compute Verbose: 0 : SshRelayStream [TX: 2 TXA: 0 RX: 0 AQ: 2]: Connecting...
Google.Solutions.Compute Verbose: 0 : SshRelayStream [TX: 2 TXA: 0 RX: 0 AQ: 2]: Connecting...
Google.Solutions.Compute Verbose: 0 : SshRelayStream [TX: 2 TXA: 0 RX: 0 AQ: 2]: Connecting...
Google.Solutions.Compute Verbose: 0 : SshRelayStream [TX: 2 TXA: 0 RX: 0 AQ: 2]: Connecting...
Google.Solutions.Compute Verbose: 0 : SshRelayStream [TX: 2 TXA: 0 RX: 0 AQ: 2]: Connecting...
Google.Solutions.Compute Verbose: 0 : SshRelayStream [TX: 2 TXA: 0 RX: 0 AQ: 2]: Connecting...
Google.Solutions.Compute Verbose: 0 : SshRelayStream [TX: 2 TXA: 0 RX: 0 AQ: 2]: Connecting...
Google.Solutions.Compute Verbose: 0 : SshRelayStream [TX: 2 TXA: 0 RX: 0 AQ: 2]: Connecting...
Google.Solutions.Compute Verbose: 0 : SshRelayStream [TX: 2 TXA: 0 RX: 0 AQ: 2]: Connecting...
Google.Solutions.Compute Verbose: 0 : SshRelayStream [TX: 2 TXA: 0 RX: 0 AQ: 2]: Connecting...
Google.Solutions.Compute Verbose: 0 : SshRelayStream [TX: 2 TXA: 0 RX: 0 AQ: 2]: Connecting...
Google.Solutions.Compute Verbose: 0 : SshRelayStream [TX: 2 TXA: 0 RX: 0 AQ: 2]: Connecting...
Google.Solutions.Compute Verbose: 0 : SshRelayStream [TX: 2 TXA: 0 RX: 0 AQ: 2]: Connecting...
Google.Solutions.Compute Verbose: 0 : SshRelayStream [TX: 2 TXA: 0 RX: 0 AQ: 2]: Connecting...
Google.Solutions.Compute Verbose: 0 : SshRelayStream [TX: 2 TXA: 0 RX: 0 AQ: 2]: Connecting...
Google.Solutions.Compute Verbose: 0 : SshRelayStream [TX: 2 TXA: 0 RX: 0 AQ: 2]: Connecting...
Google.Solutions.Compute Verbose: 0 : SshRelayStream [TX: 2 TXA: 0 RX: 0 AQ: 2]: Connecting...
Google.Solutions.Compute Verbose: 0 : SshRelayStream [TX: 2 TXA: 0 RX: 0 AQ: 2]: Connecting...
Google.Solutions.Compute Verbose: 0 : SshRelayStream [TX: 2 TXA: 0 RX: 0 AQ: 2]: Connecting...
Google.Solutions.Compute Verbose: 0 : SshRelayStream [TX: 2 TXA: 0 RX: 0 AQ: 2]: Connecting...
Google.Solutions.Compute Verbose: 0 : SshRelayStream [TX: 2 TXA: 0 RX: 0 AQ: 2]: Connecting...
Google.Solutions.Compute Verbose: 0 : SshRelayStream [TX: 2 TXA: 0 RX: 0 AQ: 2]: Connecting...
Google.Solutions.Compute Verbose: 0 : SshRelayStream [TX: 2 TXA: 0 RX: 0 AQ: 2]: Connecting...
Google.Solutions.Compute Verbose: 0 : SshRelayStream [TX: 2 TXA: 0 RX: 0 AQ: 1]: Resending DATA #0...
Google.Solutions.Compute Verbose: 0 : SshRelayStream [TX: 2 TXA: 0 RX: 0 AQ: 1]: Resending DATA #0...
Google.Solutions.Compute Verbose: 0 : SshRelayStream [TX: 2 TXA: 0 RX: 0 AQ: 1]: Resending DATA #0...
Google.Solutions.Compute Verbose: 0 : SshRelayStream [TX: 2 TXA: 0 RX: 0 AQ: 1]: Resending DATA #0...
Google.Solutions.Compute Verbose: 0 : SshRelayStream [TX: 2 TXA: 0 RX: 0 AQ: 1]: Resending DATA #0...
Google.Solutions.Compute Verbose: 0 : SshRelayStream [TX: 2 TXA: 0 RX: 0 AQ: 1]: Resending DATA #0...
Google.Solutions.Compute Verbose: 0 : SshRelayStream [TX: 2 TXA: 0 RX: 0 AQ: 1]: Resending DATA #0...
Google.Solutions.Compute Verbose: 0 : SshRelayStream [TX: 2 TXA: 0 RX: 0 AQ: 1]: Resending DATA #0...
Google.Solutions.Compute Verbose: 0 : SshRelayStream [TX: 2 TXA: 0 RX: 0 AQ: 1]: Resending DATA #0...
Google.Solutions.Compute Verbose: 0 : SshRelayStream [TX: 2 TXA: 0 RX: 0 AQ: 1]: Resending DATA #0...
Google.Solutions.Compute Verbose: 0 : SshRelayStream [TX: 2 TXA: 0 RX: 0 AQ: 1]: Resending DATA #0...
Google.Solutions.Compute Verbose: 0 : SshRelayStream [TX: 2 TXA: 0 RX: 0 AQ: 1]: Resending DATA #0...
Google.Solutions.Compute Verbose: 0 : SshRelayStream [TX: 2 TXA: 0 RX: 0 AQ: 1]: Resending DATA #0...
Google.Solutions.Compute Verbose: 0 : SshRelayStream [TX: 2 TXA: 0 RX: 0 AQ: 1]: Resending DATA #0...
Google.Solutions.Compute Verbose: 0 : SshRelayStream [TX: 2 TXA: 0 RX: 0 AQ: 1]: Resending DATA #0...
Google.Solutions.Compute Verbose: 0 : SshRelayStream [TX: 2 TXA: 0 RX: 0 AQ: 1]: Resending DATA #0...
Google.Solutions.Compute Verbose: 0 : SshRelayStream [TX: 2 TXA: 0 RX: 0 AQ: 1]: Resending DATA #0...
Google.Solutions.Compute Verbose: 0 : SshRelayStream [TX: 2 TXA: 0 RX: 0 AQ: 1]: Resending DATA #0...
Google.Solutions.Compute Verbose: 0 : SshRelayStream [TX: 2 TXA: 0 RX: 0 AQ: 1]: Resending DATA #0...
Google.Solutions.Compute Verbose: 0 : SshRelayStream [TX: 2 TXA: 0 RX: 0 AQ: 1]: Resending DATA #0...
Google.Solutions.Compute Verbose: 0 : SshRelayStream [TX: 2 TXA: 0 RX: 0 AQ: 1]: Resending DATA #0...
Google.Solutions.Compute Verbose: 0 : SshRelayStream [TX: 2 TXA: 0 RX: 0 AQ: 1]: Resending DATA #0...
Google.Solutions.Compute Verbose: 0 : SshRelayStream [TX: 2 TXA: 0 RX: 0 AQ: 1]: Resending DATA #0...
Google.Solutions.Compute Verbose: 0 : SshRelayStream [TX: 2 TXA: 0 RX: 0 AQ: 1]: Resending DATA #0...
Google.Solutions.Compute Verbose: 0 : SshRelayStream [TX: 2 TXA: 0 RX: 0 AQ: 1]: Resending DATA #0...
Google.Solutions.Compute Verbose: 0 : SshRelayStream [TX: 2 TXA: 0 RX: 0 AQ: 1]: Resending DATA #0...
Google.Solutions.Compute Verbose: 0 : SshRelayStream [TX: 2 TXA: 0 RX: 0 AQ: 1]: Resending DATA #0...
Google.Solutions.Compute Verbose: 0 : SshRelayStream [TX: 2 TXA: 0 RX: 0 AQ: 1]: Resending DATA #0...
Google.Solutions.Compute Verbose: 0 : SshRelayStream [TX: 2 TXA: 0 RX: 0 AQ: 1]: Resending DATA #0...
Google.Solutions.Compute Verbose: 0 : SshRelayStream [TX: 2 TXA: 0 RX: 0 AQ: 1]: Resending DATA #0...
Google.Solutions.Compute Verbose: 0 : SshRelayStream [TX: 2 TXA: 0 RX: 0 AQ: 1]: Resending DATA #0...
Google.Solutions.Compute Verbose: 0 : SshRelayStream [TX: 2 TXA: 0 RX: 0 AQ: 1]: Resending DATA #0...
Google.Solutions.Compute Verbose: 0 : SshRelayStream [TX: 2 TXA: 0 RX: 0 AQ: 1]: Resending DATA #0...
Google.Solutions.Compute Verbose: 0 : SshRelayStream [TX: 2 TXA: 0 RX: 0 AQ: 1]: Resending DATA #0...
Google.Solutions.Compute Verbose: 0 : SshRelayStream [TX: 2 TXA: 0 RX: 0 AQ: 1]: Resending DATA #0...
Google.Solutions.Compute Verbose: 0 : SshRelayStream [TX: 2 TXA: 0 RX: 0 AQ: 1]: Resending DATA #0...
Google.Solutions.Compute Verbose: 0 : SshRelayStream [TX: 2 TXA: 0 RX: 0 AQ: 1]: Resending DATA #0...
Google.Solutions.Compute Verbose: 0 : SshRelayStream [TX: 2 TXA: 0 RX: 0 AQ: 1]: Resending DATA #0...
Google.Solutions.Compute Verbose: 0 : SshRelayStream [TX: 2 TXA: 0 RX: 0 AQ: 1]: Resending DATA #0...
Google.Solutions.Compute Verbose: 0 : SshRelayStream [TX: 2 TXA: 0 RX: 0 AQ: 1]: Resending DATA #0...
Google.Solutions.Compute Verbose: 0 : SshRelayStream [TX: 2 TXA: 0 RX: 0 AQ: 1]: Resending DATA #0...
Google.Solutions.Compute Verbose: 0 : SshRelayStream [TX: 2 TXA: 0 RX: 0 AQ: 1]: Resending DATA #0...
Google.Solutions.Compute Verbose: 0 : SshRelayStream [TX: 2 TXA: 0 RX: 0 AQ: 1]: Resending DATA #0...
Google.Solutions.Compute Verbose: 0 : SshRelayStream [TX: 2 TXA: 0 RX: 0 AQ: 1]: Resending DATA #0...
Google.Solutions.Compute Verbose: 0 : SshRelayStream [TX: 2 TXA: 0 RX: 0 AQ: 1]: Resending DATA #0...
Google.Solutions.Compute Verbose: 0 : SshRelayStream [TX: 2 TXA: 0 RX: 0 AQ: 1]: Resending DATA #0...
Google.Solutions.Compute Verbose: 0 : SshRelayStream [TX: 2 TXA: 0 RX: 0 AQ: 1]: Resending DATA #0...
Google.Solutions.Compute Verbose: 0 : SshRelayStream [TX: 2 TXA: 0 RX: 0 AQ: 1]: Resending DATA #0...
Google.Solutions.Compute Verbose: 0 : SshRelayStream [TX: 2 TXA: 0 RX: 0 AQ: 1]: Resending DATA #0...
Google.Solutions.Compute Verbose: 0 : SshRelayStream [TX: 2 TXA: 0 RX: 0 AQ: 1]: Resending DATA #0...
Google.Solutions.Compute Verbose: 0 : SshRelayStream [TX: 2 TXA: 0 RX: 0 AQ: 1]: Resending DATA #0...
Google.Solutions.Compute Verbose: 0 : SshRelayStream [TX: 2 TXA: 0 RX: 0 AQ: 1]: Resending DATA #0...
Google.Solutions.Compute Verbose: 0 : SshRelayStream [TX: 2 TXA: 0 RX: 0 AQ: 1]: Resending DATA #0...
Google.Solutions.Compute Verbose: 0 : SshRelayStream [TX: 2 TXA: 0 RX: 0 AQ: 1]: Resending DATA #0...
Google.Solutions.Compute Verbose: 0 : SshRelayStream [TX: 2 TXA: 0 RX: 0 AQ: 1]: Resending DATA #0...
Google.Solutions.Compute Verbose: 0 : SshRelayStream [TX: 2 TXA: 0 RX: 0 AQ: 1]: Resending DATA #0...
Google.Solutions.Compute Verbose: 0 : SshRelayStream [TX: 2 TXA: 0 RX: 0 AQ: 0]: Resending DATA #1...
Google.Solutions.Compute Verbose: 0 : SshRelayStream [TX: 2 TXA: 0 RX: 0 AQ: 0]: Resending DATA #1...
Google.Solutions.Compute Verbose: 0 : SshRelayStream [TX: 2 TXA: 0 RX: 0 AQ: 0]: Resending DATA #1...
Google.Solutions.Compute Verbose: 0 : SshRelayStream [TX: 2 TXA: 0 RX: 0 AQ: 0]: Resending DATA #1...
Google.Solutions.Compute Verbose: 0 : SshRelayStream [TX: 2 TXA: 0 RX: 0 AQ: 0]: Resending DATA #1...
Google.Solutions.Compute Verbose: 0 : SshRelayStream [TX: 2 TXA: 0 RX: 0 AQ: 0]: Resending DATA #1...
Google.Solutions.Compute Verbose: 0 : SshRelayStream [TX: 2 TXA: 0 RX: 0 AQ: 0]: Resending DATA #1...
Google.Solutions.Compute Verbose: 0 : SshRelayStream [TX: 2 TXA: 0 RX: 0 AQ: 0]: Resending DATA #1...
Google.Solutions.Compute Verbose: 0 : SshRelayStream [TX: 2 TXA: 0 RX: 0 AQ: 0]: Resending DATA #1...
Google.Solutions.Compute Verbose: 0 : SshRelayStream [TX: 2 TXA: 0 RX: 0 AQ: 0]: Resending DATA #1...
Google.Solutions.Compute Verbose: 0 : SshRelayStream [TX: 2 TXA: 0 RX: 0 AQ: 0]: Resending DATA #1...
Google.Solutions.Compute Verbose: 0 : SshRelayStream [TX: 2 TXA: 0 RX: 0 AQ: 0]: Resending DATA #1...
Google.Solutions.Compute Verbose: 0 : SshRelayStream [TX: 2 TXA: 0 RX: 0 AQ: 0]: Resending DATA #1...
Google.Solutions.Compute Verbose: 0 : SshRelayStream [TX: 2 TXA: 0 RX: 0 AQ: 0]: Resending DATA #1...
Google.Solutions.Compute Verbose: 0 : SshRelayStream [TX: 2 TXA: 0 RX: 0 AQ: 0]: Resending DATA #1...
Google.Solutions.Compute Verbose: 0 : SshRelayStream [TX: 2 TXA: 0 RX: 0 AQ: 0]: Resending DATA #1...
Google.Solutions.Compute Verbose: 0 : SshRelayStream [TX: 2 TXA: 0 RX: 0 AQ: 0]: Resending DATA #1...
Google.Solutions.Compute Verbose: 0 : SshRelayStream [TX: 2 TXA: 0 RX: 0 AQ: 0]: Resending DATA #1...
Google.Solutions.Compute Verbose: 0 : SshRelayStream [TX: 2 TXA: 0 RX: 0 AQ: 0]: Resending DATA #1...
Google.Solutions.Compute Verbose: 0 : SshRelayStream [TX: 2 TXA: 0 RX: 0 AQ: 0]: Resending DATA #1...
Google.Solutions.Compute Verbose: 0 : SshRelayStream [TX: 2 TXA: 0 RX: 0 AQ: 0]: Resending DATA #1...
Google.Solutions.Compute Verbose: 0 : SshRelayStream [TX: 2 TXA: 0 RX: 0 AQ: 0]: Resending DATA #1...
Google.Solutions.Compute Verbose: 0 : SshRelayStream [TX: 2 TXA: 0 RX: 0 AQ: 0]: Resending DATA #1...
Google.Solutions.Compute Verbose: 0 : SshRelayStream [TX: 2 TXA: 0 RX: 0 AQ: 0]: Resending DATA #1...
Google.Solutions.Compute Verbose: 0 : SshRelayStream [TX: 2 TXA: 0 RX: 0 AQ: 0]: Resending DATA #1...
Google.Solutions.Compute Verbose: 0 : SshRelayStream [TX: 2 TXA: 0 RX: 0 AQ: 0]: Resending DATA #1...
Google.Solutions.Compute Verbose: 0 : SshRelayStream [TX: 2 TXA: 0 RX: 0 AQ: 0]: Resending DATA #1...
Google.Solutions.Compute Verbose: 0 : SshRelayStream [TX: 2 TXA: 0 RX: 0 AQ: 0]: Resending DATA #1...
Google.Solutions.Compute Verbose: 0 : SshRelayStream [TX: 2 TXA: 0 RX: 0 AQ: 0]: Resending DATA #1...
Google.Solutions.Compute Verbose: 0 : SshRelayStream [TX: 2 TXA: 0 RX: 0 AQ: 0]: Resending DATA #1...
Google.Solutions.Compute Verbose: 0 : SshRelayStream [TX: 2 TXA: 0 RX: 0 AQ: 0]: Resending DATA #1...
Google.Solutions.Compute Verbose: 0 : SshRelayStream [TX: 2 TXA: 0 RX: 0 AQ: 0]: Resending DATA #1...
Google.Solutions.Compute Verbose: 0 : SshRelayStream [TX: 2 TXA: 0 RX: 0 AQ: 0]: Resending DATA #1...
Google.Solutions.Compute Verbose: 0 : SshRelayStream [TX: 2 TXA: 0 RX: 0 AQ: 0]: Resending DATA #1...
Google.Solutions.Compute Verbose: 0 : SshRelayStream [TX: 2 TXA: 0 RX: 0 AQ: 0]: Resending DATA #1...
Google.Solutions.Compute Verbose: 0 : SshRelayStream [TX: 2 TXA: 0 RX: 0 AQ: 0]: Resending DATA #1...
Google.Solutions.Compute Verbose: 0 : SshRelayStream [TX: 2 TXA: 0 RX: 0 AQ: 0]: Resending DATA #1...
Google.Solutions.Compute Verbose: 0 : SshRelayStream [TX: 2 TXA: 0 RX: 0 AQ: 0]: Resending DATA #1...
Google.Solutions.Compute Verbose: 0 : SshRelayStream [TX: 2 TXA: 0 RX: 0 AQ: 0]: Resending DATA #1...
Google.Solutions.Compute Verbose: 0 : SshRelayStream [TX: 2 TXA: 0 RX: 0 AQ: 0]: Resending DATA #1...
Google.Solutions.Compute Verbose: 0 : SshRelayStream [TX: 2 TXA: 0 RX: 0 AQ: 0]: Resending DATA #1...
Google.Solutions.Compute Verbose: 0 : SshRelayStream [TX: 2 TXA: 0 RX: 0 AQ: 0]: Resending DATA #1...
Google.Solutions.Compute Verbose: 0 : SshRelayStream [TX: 2 TXA: 0 RX: 0 AQ: 0]: Resending DATA #1...
Google.Solutions.Compute Verbose: 0 : SshRelayStream [TX: 2 TXA: 0 RX: 0 AQ: 0]: Resending DATA #1...
Google.Solutions.Compute Verbose: 0 : SshRelayStream [TX: 2 TXA: 0 RX: 0 AQ: 0]: Resending DATA #1...
Google.Solutions.Compute Verbose: 0 : SshRelayStream [TX: 2 TXA: 0 RX: 0 AQ: 0]: Resending DATA #1...
Google.Solutions.Compute Verbose: 0 : SshRelayStream [TX: 2 TXA: 0 RX: 0 AQ: 0]: Resending DATA #1...
Google.Solutions.Compute Verbose: 0 : SshRelayStream [TX: 2 TXA: 0 RX: 0 AQ: 0]: Resending DATA #1...
Google.Solutions.Compute Verbose: 0 : SshRelayStream [TX: 2 TXA: 0 RX: 0 AQ: 0]: Resending DATA #1...
Google.Solutions.Compute Verbose: 0 : SshRelayStream [TX: 2 TXA: 0 RX: 0 AQ: 0]: Resending DATA #1...
Google.Solutions.Compute Verbose: 0 : SshRelayStream [TX: 2 TXA: 0 RX: 0 AQ: 0]: Resending DATA #1...
Google.Solutions.Compute Verbose: 0 : SshRelayStream [TX: 2 TXA: 0 RX: 0 AQ: 0]: Resending DATA #1...
Google.Solutions.Compute Verbose: 0 : SshRelayStream [TX: 2 TXA: 0 RX: 0 AQ: 0]: Resending DATA #1...
Google.Solutions.Compute Verbose: 0 : SshRelayStream [TX: 2 TXA: 0 RX: 0 AQ: 0]: Resending DATA #1...
Google.Solutions.Compute Verbose: 0 : SshRelayStream [TX: 2 TXA: 0 RX: 0 AQ: 0]: Resending DATA #1...
Google.Solutions.Compute Verbose: 0 : SshRelayStream [TX: 2 TXA: 0 RX: 0 AQ: 0]: Resending DATA #1...
Google.Solutions.Compute Verbose: 0 : SshRelayStream [TX: 2 TXA: 0 RX: 0 AQ: 0]: Sending DATA #2...
Google.Solutions.Compute Verbose: 0 : SshRelayStream [TX: 2 TXA: 0 RX: 0 AQ: 0]: Sending DATA #2...
Google.Solutions.Compute Verbose: 0 : SshRelayStream [TX: 2 TXA: 0 RX: 0 AQ: 0]: Sending DATA #2...
Google.Solutions.Compute Verbose: 0 : SshRelayStream [TX: 2 TXA: 0 RX: 0 AQ: 0]: Sending DATA #2...
Google.Solutions.Compute Verbose: 0 : SshRelayStream [TX: 2 TXA: 0 RX: 0 AQ: 0]: Sending DATA #2...
Google.Solutions.Compute Verbose: 0 : SshRelayStream [TX: 2 TXA: 0 RX: 0 AQ: 0]: Sending DATA #2...
Google.Solutions.Compute Verbose: 0 : SshRelayStream [TX: 2 TXA: 0 RX: 0 AQ: 0]: Sending DATA #2...
Google.Solutions.Compute Verbose: 0 : SshRelayStream [TX: 2 TXA: 0 RX: 0 AQ: 0]: Sending DATA #2...
Google.Solutions.Compute Verbose: 0 : SshRelayStream [TX: 2 TXA: 0 RX: 0 AQ: 0]: Sending DATA #2...
Google.Solutions.Compute Verbose: 0 : SshRelayStream [TX: 2 TXA: 0 RX: 0 AQ: 0]: Sending DATA #2...
Google.Solutions.Compute Verbose: 0 : SshRelayStream [TX: 2 TXA: 0 RX: 0 AQ: 0]: Sending DATA #2...
Google.Solutions.Compute Verbose: 0 : SshRelayStream [TX: 2 TXA: 0 RX: 0 AQ: 0]: Sending DATA #2...
Google.Solutions.Compute Verbose: 0 : SshRelayStream [TX: 2 TXA: 0 RX: 0 AQ: 0]: Sending DATA #2...
Google.Solutions.Compute Verbose: 0 : SshRelayStream [TX: 2 TXA: 0 RX: 0 AQ: 0]: Sending DATA #2...
Google.Solutions.Compute Verbose: 0 : SshRelayStream [TX: 2 TXA: 0 RX: 0 AQ: 0]: Sending DATA #2...
Google.Solutions.Compute Verbose: 0 : SshRelayStream [TX: 2 TXA: 0 RX: 0 AQ: 0]: Sending DATA #2...
Google.Solutions.Compute Verbose: 0 : SshRelayStream [TX: 2 TXA: 0 RX: 0 AQ: 0]: Sending DATA #2...
Google.Solutions.Compute Verbose: 0 : SshRelayStream [TX: 2 TXA: 0 RX: 0 AQ: 0]: Sending DATA #2...
Google.Solutions.Compute Verbose: 0 : SshRelayStream [TX: 2 TXA: 0 RX: 0 AQ: 0]: Sending DATA #2...
Google.Solutions.Compute Verbose: 0 : SshRelayStream [TX: 2 TXA: 0 RX: 0 AQ: 0]: Sending DATA #2...
Google.Solutions.Compute Verbose: 0 : SshRelayStream [TX: 2 TXA: 0 RX: 0 AQ: 0]: Sending DATA #2...
Google.Solutions.Compute Verbose: 0 : SshRelayStream [TX: 2 TXA: 0 RX: 0 AQ: 0]: Sending DATA #2...
Google.Solutions.Compute Verbose: 0 : SshRelayStream [TX: 2 TXA: 0 RX: 0 AQ: 0]: Sending DATA #2...
Google.Solutions.Compute Verbose: 0 : SshRelayStream [TX: 2 TXA: 0 RX: 0 AQ: 0]: Sending DATA #2...
Google.Solutions.Compute Verbose: 0 : SshRelayStream [TX: 2 TXA: 0 RX: 0 AQ: 0]: Sending DATA #2...
Google.Solutions.Compute Verbose: 0 : SshRelayStream [TX: 2 TXA: 0 RX: 0 AQ: 0]: Sending DATA #2...
Google.Solutions.Compute Verbose: 0 : SshRelayStream [TX: 2 TXA: 0 RX: 0 AQ: 0]: Sending DATA #2...
Google.Solutions.Compute Verbose: 0 : SshRelayStream [TX: 2 TXA: 0 RX: 0 AQ: 0]: Sending DATA #2...
Google.Solutions.Compute Verbose: 0 : SshRelayStream [TX: 2 TXA: 0 RX: 0 AQ: 0]: Sending DATA #2...
Google.Solutions.Compute Verbose: 0 : SshRelayStream [TX: 2 TXA: 0 RX: 0 AQ: 0]: Sending DATA #2...
Google.Solutions.Compute Verbose: 0 : SshRelayStream [TX: 2 TXA: 0 RX: 0 AQ: 0]: Sending DATA #2...
Google.Solutions.Compute Verbose: 0 : SshRelayStream [TX: 2 TXA: 0 RX: 0 AQ: 0]: Sending DATA #2...
Google.Solutions.Compute Verbose: 0 : SshRelayStream [TX: 2 TXA: 0 RX: 0 AQ: 0]: Sending DATA #2...
Google.Solutions.Compute Verbose: 0 : SshRelayStream [TX: 2 TXA: 0 RX: 0 AQ: 0]: Sending DATA #2...
Google.Solutions.Compute Verbose: 0 : SshRelayStream [TX: 2 TXA: 0 RX: 0 AQ: 0]: Sending DATA #2...
Google.Solutions.Compute Verbose: 0 : SshRelayStream [TX: 2 TXA: 0 RX: 0 AQ: 0]: Sending DATA #2...
Google.Solutions.Compute Verbose: 0 : SshRelayStream [TX: 2 TXA: 0 RX: 0 AQ: 0]: Sending DATA #2...
Google.Solutions.Compute Verbose: 0 : SshRelayStream [TX: 2 TXA: 0 RX: 0 AQ: 0]: Sending DATA #2...
Google.Solutions.Compute Verbose: 0 : SshRelayStream [TX: 2 TXA: 0 RX: 0 AQ: 0]: Sending DATA #2...
Google.Solutions.Compute Verbose: 0 : SshRelayStream [TX: 2 TXA: 0 RX: 0 AQ: 0]: Sending DATA #2...
Google.Solutions.Compute Verbose: 0 : SshRelayStream [TX: 2 TXA: 0 RX: 0 AQ: 0]: Sending DATA #2...
Google.Solutions.Compute Verbose: 0 : SshRelayStream [TX: 2 TXA: 0 RX: 0 AQ: 0]: Sending DATA #2...
Google.Solutions.Compute Verbose: 0 : SshRelayStream [TX: 2 TXA: 0 RX: 0 AQ: 0]: Sending DATA #2...
Google.Solutions.Compute Verbose: 0 : SshRelayStream [TX: 2 TXA: 0 RX: 0 AQ: 0]: Sending DATA #2...
Google.Solutions.Compute Verbose: 0 : SshRelayStream [TX: 2 TXA: 0 RX: 0 AQ: 0]: Sending DATA #2...
Google.Solutions.Compute Verbose: 0 : SshRelayStream [TX: 2 TXA: 0 RX: 0 AQ: 0]: Sending DATA #2...
Google.Solutions.Compute Verbose: 0 : SshRelayStream [TX: 2 TXA: 0 RX: 0 AQ: 0]: Sending DATA #2...
Google.Solutions.Compute Verbose: 0 : SshRelayStream [TX: 2 TXA: 0 RX: 0 AQ: 0]: Sending DATA #2...
Google.Solutions.Compute Verbose: 0 : SshRelayStream [TX: 2 TXA: 0 RX: 0 AQ: 0]: Sending DATA #2...
Google.Solutions.Compute Verbose: 0 : SshRelayStream [TX: 2 TXA: 0 RX: 0 AQ: 0]: Sending DATA #2...
Google.Solutions.Compute Verbose: 0 : SshRelayStream [TX: 2 TXA: 0 RX: 0 AQ: 0]: Sending DATA #2...
Google.Solutions.Compute Verbose: 0 : SshRelayStream [TX: 2 TXA: 0 RX: 0 AQ: 0]: Sending DATA #2...
Google.Solutions.Compute Verbose: 0 : SshRelayStream [TX: 2 TXA: 0 RX: 0 AQ: 0]: Sending DATA #2...
Google.Solutions.Compute Verbose: 0 : SshRelayStream [TX: 2 TXA: 0 RX: 0 AQ: 0]: Sending DATA #2...
Google.Solutions.Compute Verbose: 0 : SshRelayStream [TX: 2 TXA: 0 RX: 0 AQ: 0]: Sending DATA #2...
Google.Solutions.Compute Verbose: 0 : SshRelayStream [TX: 2 TXA: 0 RX: 0 AQ: 0]: Sending DATA #2...
</system-out></testcase><testcase name="WriteAfterForcefulServerCloseCausesAnotherConnectAndDataBeingResentIfNoDataReadBefore(4004)" assertions="9" time="0.001312" status="Passed" classname="Google.Solutions.Compute.Test.Iap.TestSshRelayStreamWriting"><system-out>Google.Solutions.Compute Verbose: 0 : SshRelayStream [TX: 0 TXA: 0 RX: 0 AQ: 0]: Connecting...
Google.Solutions.Compute Verbose: 0 : SshRelayStream [TX: 0 TXA: 0 RX: 0 AQ: 0]: Connecting...
Google.Solutions.Compute Verbose: 0 : SshRelayStream [TX: 0 TXA: 0 RX: 0 AQ: 0]: Connecting...
Google.Solutions.Compute Verbose: 0 : SshRelayStream [TX: 0 TXA: 0 RX: 0 AQ: 0]: Connecting...
Google.Solutions.Compute Verbose: 0 : SshRelayStream [TX: 0 TXA: 0 RX: 0 AQ: 0]: Connecting...
Google.Solutions.Compute Verbose: 0 : SshRelayStream [TX: 0 TXA: 0 RX: 0 AQ: 0]: Connecting...
Google.Solutions.Compute Verbose: 0 : SshRelayStream [TX: 0 TXA: 0 RX: 0 AQ: 0]: Connecting...
Google.Solutions.Compute Verbose: 0 : SshRelayStream [TX: 0 TXA: 0 RX: 0 AQ: 0]: Connecting...
Google.Solutions.Compute Verbose: 0 : SshRelayStream [TX: 0 TXA: 0 RX: 0 AQ: 0]: Connecting...
Google.Solutions.Compute Verbose: 0 : SshRelayStream [TX: 0 TXA: 0 RX: 0 AQ: 0]: Connecting...
Google.Solutions.Compute Verbose: 0 : SshRelayStream [TX: 0 TXA: 0 RX: 0 AQ: 0]: Connecting...
Google.Solutions.Compute Verbose: 0 : SshRelayStream [TX: 0 TXA: 0 RX: 0 AQ: 0]: Connecting...
Google.Solutions.Compute Verbose: 0 : SshRelayStream [TX: 0 TXA: 0 RX: 0 AQ: 0]: Connecting...
Google.Solutions.Compute Verbose: 0 : SshRelayStream [TX: 0 TXA: 0 RX: 0 AQ: 0]: Connecting...
Google.Solutions.Compute Verbose: 0 : SshRelayStream [TX: 0 TXA: 0 RX: 0 AQ: 0]: Connecting...
Google.Solutions.Compute Verbose: 0 : SshRelayStream [TX: 0 TXA: 0 RX: 0 AQ: 0]: Connecting...
Google.Solutions.Compute Verbose: 0 : SshRelayStream [TX: 0 TXA: 0 RX: 0 AQ: 0]: Connecting...
Google.Solutions.Compute Verbose: 0 : SshRelayStream [TX: 0 TXA: 0 RX: 0 AQ: 0]: Connecting...
Google.Solutions.Compute Verbose: 0 : SshRelayStream [TX: 0 TXA: 0 RX: 0 AQ: 0]: Connecting...
Google.Solutions.Compute Verbose: 0 : SshRelayStream [TX: 0 TXA: 0 RX: 0 AQ: 0]: Connecting...
Google.Solutions.Compute Verbose: 0 : SshRelayStream [TX: 0 TXA: 0 RX: 0 AQ: 0]: Connecting...
Google.Solutions.Compute Verbose: 0 : SshRelayStream [TX: 0 TXA: 0 RX: 0 AQ: 0]: Connecting...
Google.Solutions.Compute Verbose: 0 : SshRelayStream [TX: 0 TXA: 0 RX: 0 AQ: 0]: Connecting...
Google.Solutions.Compute Verbose: 0 : SshRelayStream [TX: 0 TXA: 0 RX: 0 AQ: 0]: Connecting...
Google.Solutions.Compute Verbose: 0 : SshRelayStream [TX: 0 TXA: 0 RX: 0 AQ: 0]: Connecting...
Google.Solutions.Compute Verbose: 0 : SshRelayStream [TX: 0 TXA: 0 RX: 0 AQ: 0]: Connecting...
Google.Solutions.Compute Verbose: 0 : SshRelayStream [TX: 0 TXA: 0 RX: 0 AQ: 0]: Connecting...
Google.Solutions.Compute Verbose: 0 : SshRelayStream [TX: 0 TXA: 0 RX: 0 AQ: 0]: Connecting...
Google.Solutions.Compute Verbose: 0 : SshRelayStream [TX: 0 TXA: 0 RX: 0 AQ: 0]: Connecting...
Google.Solutions.Compute Verbose: 0 : SshRelayStream [TX: 0 TXA: 0 RX: 0 AQ: 0]: Connecting...
Google.Solutions.Compute Verbose: 0 : SshRelayStream [TX: 0 TXA: 0 RX: 0 AQ: 0]: Connecting...
Google.Solutions.Compute Verbose: 0 : SshRelayStream [TX: 0 TXA: 0 RX: 0 AQ: 0]: Connecting...
Google.Solutions.Compute Verbose: 0 : SshRelayStream [TX: 0 TXA: 0 RX: 0 AQ: 0]: Connecting...
Google.Solutions.Compute Verbose: 0 : SshRelayStream [TX: 0 TXA: 0 RX: 0 AQ: 0]: Connecting...
Google.Solutions.Compute Verbose: 0 : SshRelayStream [TX: 0 TXA: 0 RX: 0 AQ: 0]: Connecting...
Google.Solutions.Compute Verbose: 0 : SshRelayStream [TX: 0 TXA: 0 RX: 0 AQ: 0]: Connecting...
Google.Solutions.Compute Verbose: 0 : SshRelayStream [TX: 0 TXA: 0 RX: 0 AQ: 0]: Connecting...
Google.Solutions.Compute Verbose: 0 : SshRelayStream [TX: 0 TXA: 0 RX: 0 AQ: 0]: Connecting...
Google.Solutions.Compute Verbose: 0 : SshRelayStream [TX: 0 TXA: 0 RX: 0 AQ: 0]: Connecting...
Google.Solutions.Compute Verbose: 0 : SshRelayStream [TX: 0 TXA: 0 RX: 0 AQ: 0]: Connecting...
Google.Solutions.Compute Verbose: 0 : SshRelayStream [TX: 0 TXA: 0 RX: 0 AQ: 0]: Connecting...
Google.Solutions.Compute Verbose: 0 : SshRelayStream [TX: 0 TXA: 0 RX: 0 AQ: 0]: Connecting...
Google.Solutions.Compute Verbose: 0 : SshRelayStream [TX: 0 TXA: 0 RX: 0 AQ: 0]: Connecting...
Google.Solutions.Compute Verbose: 0 : SshRelayStream [TX: 0 TXA: 0 RX: 0 AQ: 0]: Connecting...
Google.Solutions.Compute Verbose: 0 : SshRelayStream [TX: 0 TXA: 0 RX: 0 AQ: 0]: Connecting...
Google.Solutions.Compute Verbose: 0 : SshRelayStream [TX: 0 TXA: 0 RX: 0 AQ: 0]: Connecting...
Google.Solutions.Compute Verbose: 0 : SshRelayStream [TX: 0 TXA: 0 RX: 0 AQ: 0]: Connecting...
Google.Solutions.Compute Verbose: 0 : SshRelayStream [TX: 0 TXA: 0 RX: 0 AQ: 0]: Connecting...
Google.Solutions.Compute Verbose: 0 : SshRelayStream [TX: 0 TXA: 0 RX: 0 AQ: 0]: Connecting...
Google.Solutions.Compute Verbose: 0 : SshRelayStream [TX: 0 TXA: 0 RX: 0 AQ: 0]: Connecting...
Google.Solutions.Compute Verbose: 0 : SshRelayStream [TX: 0 TXA: 0 RX: 0 AQ: 0]: Connecting...
Google.Solutions.Compute Verbose: 0 : SshRelayStream [TX: 0 TXA: 0 RX: 0 AQ: 0]: Connecting...
Google.Solutions.Compute Verbose: 0 : SshRelayStream [TX: 0 TXA: 0 RX: 0 AQ: 0]: Connecting...
Google.Solutions.Compute Verbose: 0 : SshRelayStream [TX: 0 TXA: 0 RX: 0 AQ: 0]: Connecting...
Google.Solutions.Compute Verbose: 0 : SshRelayStream [TX: 0 TXA: 0 RX: 0 AQ: 0]: Connecting...
Google.Solutions.Compute Verbose: 0 : SshRelayStream [TX: 0 TXA: 0 RX: 0 AQ: 0]: Connecting...
Google.Solutions.Compute Verbose: 0 : SshRelayStream [TX: 0 TXA: 0 RX: 0 AQ: 0]: Connecting...
Google.Solutions.Compute Verbose: 0 : SshRelayStream [TX: 0 TXA: 0 RX: 0 AQ: 0]: Sending DATA #0...
Google.Solutions.Compute Verbose: 0 : SshRelayStream [TX: 0 TXA: 0 RX: 0 AQ: 0]: Sending DATA #0...
Google.Solutions.Compute Verbose: 0 : SshRelayStream [TX: 0 TXA: 0 RX: 0 AQ: 0]: Sending DATA #0...
Google.Solutions.Compute Verbose: 0 : SshRelayStream [TX: 0 TXA: 0 RX: 0 AQ: 0]: Sending DATA #0...
Google.Solutions.Compute Verbose: 0 : SshRelayStream [TX: 0 TXA: 0 RX: 0 AQ: 0]: Sending DATA #0...
Google.Solutions.Compute Verbose: 0 : SshRelayStream [TX: 0 TXA: 0 RX: 0 AQ: 0]: Sending DATA #0...
Google.Solutions.Compute Verbose: 0 : SshRelayStream [TX: 0 TXA: 0 RX: 0 AQ: 0]: Sending DATA #0...
Google.Solutions.Compute Verbose: 0 : SshRelayStream [TX: 0 TXA: 0 RX: 0 AQ: 0]: Sending DATA #0...
Google.Solutions.Compute Verbose: 0 : SshRelayStream [TX: 0 TXA: 0 RX: 0 AQ: 0]: Sending DATA #0...
Google.Solutions.Compute Verbose: 0 : SshRelayStream [TX: 0 TXA: 0 RX: 0 AQ: 0]: Sending DATA #0...
Google.Solutions.Compute Verbose: 0 : SshRelayStream [TX: 0 TXA: 0 RX: 0 AQ: 0]: Sending DATA #0...
Google.Solutions.Compute Verbose: 0 : SshRelayStream [TX: 0 TXA: 0 RX: 0 AQ: 0]: Sending DATA #0...
Google.Solutions.Compute Verbose: 0 : SshRelayStream [TX: 0 TXA: 0 RX: 0 AQ: 0]: Sending DATA #0...
Google.Solutions.Compute Verbose: 0 : SshRelayStream [TX: 0 TXA: 0 RX: 0 AQ: 0]: Sending DATA #0...
Google.Solutions.Compute Verbose: 0 : SshRelayStream [TX: 0 TXA: 0 RX: 0 AQ: 0]: Sending DATA #0...
Google.Solutions.Compute Verbose: 0 : SshRelayStream [TX: 0 TXA: 0 RX: 0 AQ: 0]: Sending DATA #0...
Google.Solutions.Compute Verbose: 0 : SshRelayStream [TX: 0 TXA: 0 RX: 0 AQ: 0]: Sending DATA #0...
Google.Solutions.Compute Verbose: 0 : SshRelayStream [TX: 0 TXA: 0 RX: 0 AQ: 0]: Sending DATA #0...
Google.Solutions.Compute Verbose: 0 : SshRelayStream [TX: 0 TXA: 0 RX: 0 AQ: 0]: Sending DATA #0...
Google.Solutions.Compute Verbose: 0 : SshRelayStream [TX: 0 TXA: 0 RX: 0 AQ: 0]: Sending DATA #0...
Google.Solutions.Compute Verbose: 0 : SshRelayStream [TX: 0 TXA: 0 RX: 0 AQ: 0]: Sending DATA #0...
Google.Solutions.Compute Verbose: 0 : SshRelayStream [TX: 0 TXA: 0 RX: 0 AQ: 0]: Sending DATA #0...
Google.Solutions.Compute Verbose: 0 : SshRelayStream [TX: 0 TXA: 0 RX: 0 AQ: 0]: Sending DATA #0...
Google.Solutions.Compute Verbose: 0 : SshRelayStream [TX: 0 TXA: 0 RX: 0 AQ: 0]: Sending DATA #0...
Google.Solutions.Compute Verbose: 0 : SshRelayStream [TX: 0 TXA: 0 RX: 0 AQ: 0]: Sending DATA #0...
Google.Solutions.Compute Verbose: 0 : SshRelayStream [TX: 0 TXA: 0 RX: 0 AQ: 0]: Sending DATA #0...
Google.Solutions.Compute Verbose: 0 : SshRelayStream [TX: 0 TXA: 0 RX: 0 AQ: 0]: Sending DATA #0...
Google.Solutions.Compute Verbose: 0 : SshRelayStream [TX: 0 TXA: 0 RX: 0 AQ: 0]: Sending DATA #0...
Google.Solutions.Compute Verbose: 0 : SshRelayStream [TX: 0 TXA: 0 RX: 0 AQ: 0]: Sending DATA #0...
Google.Solutions.Compute Verbose: 0 : SshRelayStream [TX: 0 TXA: 0 RX: 0 AQ: 0]: Sending DATA #0...
Google.Solutions.Compute Verbose: 0 : SshRelayStream [TX: 0 TXA: 0 RX: 0 AQ: 0]: Sending DATA #0...
Google.Solutions.Compute Verbose: 0 : SshRelayStream [TX: 0 TXA: 0 RX: 0 AQ: 0]: Sending DATA #0...
Google.Solutions.Compute Verbose: 0 : SshRelayStream [TX: 0 TXA: 0 RX: 0 AQ: 0]: Sending DATA #0...
Google.Solutions.Compute Verbose: 0 : SshRelayStream [TX: 0 TXA: 0 RX: 0 AQ: 0]: Sending DATA #0...
Google.Solutions.Compute Verbose: 0 : SshRelayStream [TX: 0 TXA: 0 RX: 0 AQ: 0]: Sending DATA #0...
Google.Solutions.Compute Verbose: 0 : SshRelayStream [TX: 0 TXA: 0 RX: 0 AQ: 0]: Sending DATA #0...
Google.Solutions.Compute Verbose: 0 : SshRelayStream [TX: 0 TXA: 0 RX: 0 AQ: 0]: Sending DATA #0...
Google.Solutions.Compute Verbose: 0 : SshRelayStream [TX: 0 TXA: 0 RX: 0 AQ: 0]: Sending DATA #0...
Google.Solutions.Compute Verbose: 0 : SshRelayStream [TX: 0 TXA: 0 RX: 0 AQ: 0]: Sending DATA #0...
Google.Solutions.Compute Verbose: 0 : SshRelayStream [TX: 0 TXA: 0 RX: 0 AQ: 0]: Sending DATA #0...
Google.Solutions.Compute Verbose: 0 : SshRelayStream [TX: 0 TXA: 0 RX: 0 AQ: 0]: Sending DATA #0...
Google.Solutions.Compute Verbose: 0 : SshRelayStream [TX: 0 TXA: 0 RX: 0 AQ: 0]: Sending DATA #0...
Google.Solutions.Compute Verbose: 0 : SshRelayStream [TX: 0 TXA: 0 RX: 0 AQ: 0]: Sending DATA #0...
Google.Solutions.Compute Verbose: 0 : SshRelayStream [TX: 0 TXA: 0 RX: 0 AQ: 0]: Sending DATA #0...
Google.Solutions.Compute Verbose: 0 : SshRelayStream [TX: 0 TXA: 0 RX: 0 AQ: 0]: Sending DATA #0...
Google.Solutions.Compute Verbose: 0 : SshRelayStream [TX: 0 TXA: 0 RX: 0 AQ: 0]: Sending DATA #0...
Google.Solutions.Compute Verbose: 0 : SshRelayStream [TX: 0 TXA: 0 RX: 0 AQ: 0]: Sending DATA #0...
Google.Solutions.Compute Verbose: 0 : SshRelayStream [TX: 0 TXA: 0 RX: 0 AQ: 0]: Sending DATA #0...
Google.Solutions.Compute Verbose: 0 : SshRelayStream [TX: 0 TXA: 0 RX: 0 AQ: 0]: Sending DATA #0...
Google.Solutions.Compute Verbose: 0 : SshRelayStream [TX: 0 TXA: 0 RX: 0 AQ: 0]: Sending DATA #0...
Google.Solutions.Compute Verbose: 0 : SshRelayStream [TX: 0 TXA: 0 RX: 0 AQ: 0]: Sending DATA #0...
Google.Solutions.Compute Verbose: 0 : SshRelayStream [TX: 0 TXA: 0 RX: 0 AQ: 0]: Sending DATA #0...
Google.Solutions.Compute Verbose: 0 : SshRelayStream [TX: 0 TXA: 0 RX: 0 AQ: 0]: Sending DATA #0...
Google.Solutions.Compute Verbose: 0 : SshRelayStream [TX: 0 TXA: 0 RX: 0 AQ: 0]: Sending DATA #0...
Google.Solutions.Compute Verbose: 0 : SshRelayStream [TX: 0 TXA: 0 RX: 0 AQ: 0]: Sending DATA #0...
Google.Solutions.Compute Verbose: 0 : SshRelayStream [TX: 0 TXA: 0 RX: 0 AQ: 0]: Sending DATA #0...
Google.Solutions.Compute Verbose: 0 : SshRelayStream [TX: 0 TXA: 0 RX: 0 AQ: 0]: Sending DATA #0...
Google.Solutions.Compute Verbose: 0 : SshRelayStream [TX: 1 TXA: 0 RX: 0 AQ: 1]: Sending DATA #1...
Google.Solutions.Compute Verbose: 0 : SshRelayStream [TX: 1 TXA: 0 RX: 0 AQ: 1]: Sending DATA #1...
Google.Solutions.Compute Verbose: 0 : SshRelayStream [TX: 1 TXA: 0 RX: 0 AQ: 1]: Sending DATA #1...
Google.Solutions.Compute Verbose: 0 : SshRelayStream [TX: 1 TXA: 0 RX: 0 AQ: 1]: Sending DATA #1...
Google.Solutions.Compute Verbose: 0 : SshRelayStream [TX: 1 TXA: 0 RX: 0 AQ: 1]: Sending DATA #1...
Google.Solutions.Compute Verbose: 0 : SshRelayStream [TX: 1 TXA: 0 RX: 0 AQ: 1]: Sending DATA #1...
Google.Solutions.Compute Verbose: 0 : SshRelayStream [TX: 1 TXA: 0 RX: 0 AQ: 1]: Sending DATA #1...
Google.Solutions.Compute Verbose: 0 : SshRelayStream [TX: 1 TXA: 0 RX: 0 AQ: 1]: Sending DATA #1...
Google.Solutions.Compute Verbose: 0 : SshRelayStream [TX: 1 TXA: 0 RX: 0 AQ: 1]: Sending DATA #1...
Google.Solutions.Compute Verbose: 0 : SshRelayStream [TX: 1 TXA: 0 RX: 0 AQ: 1]: Sending DATA #1...
Google.Solutions.Compute Verbose: 0 : SshRelayStream [TX: 1 TXA: 0 RX: 0 AQ: 1]: Sending DATA #1...
Google.Solutions.Compute Verbose: 0 : SshRelayStream [TX: 1 TXA: 0 RX: 0 AQ: 1]: Sending DATA #1...
Google.Solutions.Compute Verbose: 0 : SshRelayStream [TX: 1 TXA: 0 RX: 0 AQ: 1]: Sending DATA #1...
Google.Solutions.Compute Verbose: 0 : SshRelayStream [TX: 1 TXA: 0 RX: 0 AQ: 1]: Sending DATA #1...
Google.Solutions.Compute Verbose: 0 : SshRelayStream [TX: 1 TXA: 0 RX: 0 AQ: 1]: Sending DATA #1...
Google.Solutions.Compute Verbose: 0 : SshRelayStream [TX: 1 TXA: 0 RX: 0 AQ: 1]: Sending DATA #1...
Google.Solutions.Compute Verbose: 0 : SshRelayStream [TX: 1 TXA: 0 RX: 0 AQ: 1]: Sending DATA #1...
Google.Solutions.Compute Verbose: 0 : SshRelayStream [TX: 1 TXA: 0 RX: 0 AQ: 1]: Sending DATA #1...
Google.Solutions.Compute Verbose: 0 : SshRelayStream [TX: 1 TXA: 0 RX: 0 AQ: 1]: Sending DATA #1...
Google.Solutions.Compute Verbose: 0 : SshRelayStream [TX: 1 TXA: 0 RX: 0 AQ: 1]: Sending DATA #1...
Google.Solutions.Compute Verbose: 0 : SshRelayStream [TX: 1 TXA: 0 RX: 0 AQ: 1]: Sending DATA #1...
Google.Solutions.Compute Verbose: 0 : SshRelayStream [TX: 1 TXA: 0 RX: 0 AQ: 1]: Sending DATA #1...
Google.Solutions.Compute Verbose: 0 : SshRelayStream [TX: 1 TXA: 0 RX: 0 AQ: 1]: Sending DATA #1...
Google.Solutions.Compute Verbose: 0 : SshRelayStream [TX: 1 TXA: 0 RX: 0 AQ: 1]: Sending DATA #1...
Google.Solutions.Compute Verbose: 0 : SshRelayStream [TX: 1 TXA: 0 RX: 0 AQ: 1]: Sending DATA #1...
Google.Solutions.Compute Verbose: 0 : SshRelayStream [TX: 1 TXA: 0 RX: 0 AQ: 1]: Sending DATA #1...
Google.Solutions.Compute Verbose: 0 : SshRelayStream [TX: 1 TXA: 0 RX: 0 AQ: 1]: Sending DATA #1...
Google.Solutions.Compute Verbose: 0 : SshRelayStream [TX: 1 TXA: 0 RX: 0 AQ: 1]: Sending DATA #1...
Google.Solutions.Compute Verbose: 0 : SshRelayStream [TX: 1 TXA: 0 RX: 0 AQ: 1]: Sending DATA #1...
Google.Solutions.Compute Verbose: 0 : SshRelayStream [TX: 1 TXA: 0 RX: 0 AQ: 1]: Sending DATA #1...
Google.Solutions.Compute Verbose: 0 : SshRelayStream [TX: 1 TXA: 0 RX: 0 AQ: 1]: Sending DATA #1...
Google.Solutions.Compute Verbose: 0 : SshRelayStream [TX: 1 TXA: 0 RX: 0 AQ: 1]: Sending DATA #1...
Google.Solutions.Compute Verbose: 0 : SshRelayStream [TX: 1 TXA: 0 RX: 0 AQ: 1]: Sending DATA #1...
Google.Solutions.Compute Verbose: 0 : SshRelayStream [TX: 1 TXA: 0 RX: 0 AQ: 1]: Sending DATA #1...
Google.Solutions.Compute Verbose: 0 : SshRelayStream [TX: 1 TXA: 0 RX: 0 AQ: 1]: Sending DATA #1...
Google.Solutions.Compute Verbose: 0 : SshRelayStream [TX: 1 TXA: 0 RX: 0 AQ: 1]: Sending DATA #1...
Google.Solutions.Compute Verbose: 0 : SshRelayStream [TX: 1 TXA: 0 RX: 0 AQ: 1]: Sending DATA #1...
Google.Solutions.Compute Verbose: 0 : SshRelayStream [TX: 1 TXA: 0 RX: 0 AQ: 1]: Sending DATA #1...
Google.Solutions.Compute Verbose: 0 : SshRelayStream [TX: 1 TXA: 0 RX: 0 AQ: 1]: Sending DATA #1...
Google.Solutions.Compute Verbose: 0 : SshRelayStream [TX: 1 TXA: 0 RX: 0 AQ: 1]: Sending DATA #1...
Google.Solutions.Compute Verbose: 0 : SshRelayStream [TX: 1 TXA: 0 RX: 0 AQ: 1]: Sending DATA #1...
Google.Solutions.Compute Verbose: 0 : SshRelayStream [TX: 1 TXA: 0 RX: 0 AQ: 1]: Sending DATA #1...
Google.Solutions.Compute Verbose: 0 : SshRelayStream [TX: 1 TXA: 0 RX: 0 AQ: 1]: Sending DATA #1...
Google.Solutions.Compute Verbose: 0 : SshRelayStream [TX: 1 TXA: 0 RX: 0 AQ: 1]: Sending DATA #1...
Google.Solutions.Compute Verbose: 0 : SshRelayStream [TX: 1 TXA: 0 RX: 0 AQ: 1]: Sending DATA #1...
Google.Solutions.Compute Verbose: 0 : SshRelayStream [TX: 1 TXA: 0 RX: 0 AQ: 1]: Sending DATA #1...
Google.Solutions.Compute Verbose: 0 : SshRelayStream [TX: 1 TXA: 0 RX: 0 AQ: 1]: Sending DATA #1...
Google.Solutions.Compute Verbose: 0 : SshRelayStream [TX: 1 TXA: 0 RX: 0 AQ: 1]: Sending DATA #1...
Google.Solutions.Compute Verbose: 0 : SshRelayStream [TX: 1 TXA: 0 RX: 0 AQ: 1]: Sending DATA #1...
Google.Solutions.Compute Verbose: 0 : SshRelayStream [TX: 1 TXA: 0 RX: 0 AQ: 1]: Sending DATA #1...
Google.Solutions.Compute Verbose: 0 : SshRelayStream [TX: 1 TXA: 0 RX: 0 AQ: 1]: Sending DATA #1...
Google.Solutions.Compute Verbose: 0 : SshRelayStream [TX: 1 TXA: 0 RX: 0 AQ: 1]: Sending DATA #1...
Google.Solutions.Compute Verbose: 0 : SshRelayStream [TX: 1 TXA: 0 RX: 0 AQ: 1]: Sending DATA #1...
Google.Solutions.Compute Verbose: 0 : SshRelayStream [TX: 1 TXA: 0 RX: 0 AQ: 1]: Sending DATA #1...
Google.Solutions.Compute Verbose: 0 : SshRelayStream [TX: 1 TXA: 0 RX: 0 AQ: 1]: Sending DATA #1...
Google.Solutions.Compute Verbose: 0 : SshRelayStream [TX: 1 TXA: 0 RX: 0 AQ: 1]: Sending DATA #1...
Google.Solutions.Compute Verbose: 0 : SshRelayStream [TX: 1 TXA: 0 RX: 0 AQ: 1]: Sending DATA #1...
Google.Solutions.Compute Verbose: 0 : SshRelayStream [TX: 2 TXA: 0 RX: 0 AQ: 2]: Sending DATA #2...
Google.Solutions.Compute Verbose: 0 : SshRelayStream [TX: 2 TXA: 0 RX: 0 AQ: 2]: Sending DATA #2...
Google.Solutions.Compute Verbose: 0 : SshRelayStream [TX: 2 TXA: 0 RX: 0 AQ: 2]: Sending DATA #2...
Google.Solutions.Compute Verbose: 0 : SshRelayStream [TX: 2 TXA: 0 RX: 0 AQ: 2]: Sending DATA #2...
Google.Solutions.Compute Verbose: 0 : SshRelayStream [TX: 2 TXA: 0 RX: 0 AQ: 2]: Sending DATA #2...
Google.Solutions.Compute Verbose: 0 : SshRelayStream [TX: 2 TXA: 0 RX: 0 AQ: 2]: Sending DATA #2...
Google.Solutions.Compute Verbose: 0 : SshRelayStream [TX: 2 TXA: 0 RX: 0 AQ: 2]: Sending DATA #2...
Google.Solutions.Compute Verbose: 0 : SshRelayStream [TX: 2 TXA: 0 RX: 0 AQ: 2]: Sending DATA #2...
Google.Solutions.Compute Verbose: 0 : SshRelayStream [TX: 2 TXA: 0 RX: 0 AQ: 2]: Sending DATA #2...
Google.Solutions.Compute Verbose: 0 : SshRelayStream [TX: 2 TXA: 0 RX: 0 AQ: 2]: Sending DATA #2...
Google.Solutions.Compute Verbose: 0 : SshRelayStream [TX: 2 TXA: 0 RX: 0 AQ: 2]: Sending DATA #2...
Google.Solutions.Compute Verbose: 0 : SshRelayStream [TX: 2 TXA: 0 RX: 0 AQ: 2]: Sending DATA #2...
Google.Solutions.Compute Verbose: 0 : SshRelayStream [TX: 2 TXA: 0 RX: 0 AQ: 2]: Sending DATA #2...
Google.Solutions.Compute Verbose: 0 : SshRelayStream [TX: 2 TXA: 0 RX: 0 AQ: 2]: Sending DATA #2...
Google.Solutions.Compute Verbose: 0 : SshRelayStream [TX: 2 TXA: 0 RX: 0 AQ: 2]: Sending DATA #2...
Google.Solutions.Compute Verbose: 0 : SshRelayStream [TX: 2 TXA: 0 RX: 0 AQ: 2]: Sending DATA #2...
Google.Solutions.Compute Verbose: 0 : SshRelayStream [TX: 2 TXA: 0 RX: 0 AQ: 2]: Sending DATA #2...
Google.Solutions.Compute Verbose: 0 : SshRelayStream [TX: 2 TXA: 0 RX: 0 AQ: 2]: Sending DATA #2...
Google.Solutions.Compute Verbose: 0 : SshRelayStream [TX: 2 TXA: 0 RX: 0 AQ: 2]: Sending DATA #2...
Google.Solutions.Compute Verbose: 0 : SshRelayStream [TX: 2 TXA: 0 RX: 0 AQ: 2]: Sending DATA #2...
Google.Solutions.Compute Verbose: 0 : SshRelayStream [TX: 2 TXA: 0 RX: 0 AQ: 2]: Sending DATA #2...
Google.Solutions.Compute Verbose: 0 : SshRelayStream [TX: 2 TXA: 0 RX: 0 AQ: 2]: Sending DATA #2...
Google.Solutions.Compute Verbose: 0 : SshRelayStream [TX: 2 TXA: 0 RX: 0 AQ: 2]: Sending DATA #2...
Google.Solutions.Compute Verbose: 0 : SshRelayStream [TX: 2 TXA: 0 RX: 0 AQ: 2]: Sending DATA #2...
Google.Solutions.Compute Verbose: 0 : SshRelayStream [TX: 2 TXA: 0 RX: 0 AQ: 2]: Sending DATA #2...
Google.Solutions.Compute Verbose: 0 : SshRelayStream [TX: 2 TXA: 0 RX: 0 AQ: 2]: Sending DATA #2...
Google.Solutions.Compute Verbose: 0 : SshRelayStream [TX: 2 TXA: 0 RX: 0 AQ: 2]: Sending DATA #2...
Google.Solutions.Compute Verbose: 0 : SshRelayStream [TX: 2 TXA: 0 RX: 0 AQ: 2]: Sending DATA #2...
Google.Solutions.Compute Verbose: 0 : SshRelayStream [TX: 2 TXA: 0 RX: 0 AQ: 2]: Sending DATA #2...
Google.Solutions.Compute Verbose: 0 : SshRelayStream [TX: 2 TXA: 0 RX: 0 AQ: 2]: Sending DATA #2...
Google.Solutions.Compute Verbose: 0 : SshRelayStream [TX: 2 TXA: 0 RX: 0 AQ: 2]: Sending DATA #2...
Google.Solutions.Compute Verbose: 0 : SshRelayStream [TX: 2 TXA: 0 RX: 0 AQ: 2]: Sending DATA #2...
Google.Solutions.Compute Verbose: 0 : SshRelayStream [TX: 2 TXA: 0 RX: 0 AQ: 2]: Sending DATA #2...
Google.Solutions.Compute Verbose: 0 : SshRelayStream [TX: 2 TXA: 0 RX: 0 AQ: 2]: Sending DATA #2...
Google.Solutions.Compute Verbose: 0 : SshRelayStream [TX: 2 TXA: 0 RX: 0 AQ: 2]: Sending DATA #2...
Google.Solutions.Compute Verbose: 0 : SshRelayStream [TX: 2 TXA: 0 RX: 0 AQ: 2]: Sending DATA #2...
Google.Solutions.Compute Verbose: 0 : SshRelayStream [TX: 2 TXA: 0 RX: 0 AQ: 2]: Sending DATA #2...
Google.Solutions.Compute Verbose: 0 : SshRelayStream [TX: 2 TXA: 0 RX: 0 AQ: 2]: Sending DATA #2...
Google.Solutions.Compute Verbose: 0 : SshRelayStream [TX: 2 TXA: 0 RX: 0 AQ: 2]: Sending DATA #2...
Google.Solutions.Compute Verbose: 0 : SshRelayStream [TX: 2 TXA: 0 RX: 0 AQ: 2]: Sending DATA #2...
Google.Solutions.Compute Verbose: 0 : SshRelayStream [TX: 2 TXA: 0 RX: 0 AQ: 2]: Sending DATA #2...
Google.Solutions.Compute Verbose: 0 : SshRelayStream [TX: 2 TXA: 0 RX: 0 AQ: 2]: Sending DATA #2...
Google.Solutions.Compute Verbose: 0 : SshRelayStream [TX: 2 TXA: 0 RX: 0 AQ: 2]: Sending DATA #2...
Google.Solutions.Compute Verbose: 0 : SshRelayStream [TX: 2 TXA: 0 RX: 0 AQ: 2]: Sending DATA #2...
Google.Solutions.Compute Verbose: 0 : SshRelayStream [TX: 2 TXA: 0 RX: 0 AQ: 2]: Sending DATA #2...
Google.Solutions.Compute Verbose: 0 : SshRelayStream [TX: 2 TXA: 0 RX: 0 AQ: 2]: Sending DATA #2...
Google.Solutions.Compute Verbose: 0 : SshRelayStream [TX: 2 TXA: 0 RX: 0 AQ: 2]: Sending DATA #2...
Google.Solutions.Compute Verbose: 0 : SshRelayStream [TX: 2 TXA: 0 RX: 0 AQ: 2]: Sending DATA #2...
Google.Solutions.Compute Verbose: 0 : SshRelayStream [TX: 2 TXA: 0 RX: 0 AQ: 2]: Sending DATA #2...
Google.Solutions.Compute Verbose: 0 : SshRelayStream [TX: 2 TXA: 0 RX: 0 AQ: 2]: Sending DATA #2...
Google.Solutions.Compute Verbose: 0 : SshRelayStream [TX: 2 TXA: 0 RX: 0 AQ: 2]: Sending DATA #2...
Google.Solutions.Compute Verbose: 0 : SshRelayStream [TX: 2 TXA: 0 RX: 0 AQ: 2]: Sending DATA #2...
Google.Solutions.Compute Verbose: 0 : SshRelayStream [TX: 2 TXA: 0 RX: 0 AQ: 2]: Sending DATA #2...
Google.Solutions.Compute Verbose: 0 : SshRelayStream [TX: 2 TXA: 0 RX: 0 AQ: 2]: Sending DATA #2...
Google.Solutions.Compute Verbose: 0 : SshRelayStream [TX: 2 TXA: 0 RX: 0 AQ: 2]: Sending DATA #2...
Google.Solutions.Compute Verbose: 0 : SshRelayStream [TX: 2 TXA: 0 RX: 0 AQ: 2]: Sending DATA #2...
Google.Solutions.Compute Verbose: 0 : SshRelayStream [TX: 2 TXA: 0 RX: 0 AQ: 2]: Sending DATA #2...
Google.Solutions.Compute Verbose: 0 : SshRelayStream [TX: 2 TXA: 0 RX: 0 AQ: 2]: Connection closed abnormally: REAUTHENTICATION_REQUIRED
Google.Solutions.Compute Verbose: 0 : SshRelayStream [TX: 2 TXA: 0 RX: 0 AQ: 2]: Connection closed abnormally: REAUTHENTICATION_REQUIRED
Google.Solutions.Compute Verbose: 0 : SshRelayStream [TX: 2 TXA: 0 RX: 0 AQ: 2]: Connection closed abnormally: REAUTHENTICATION_REQUIRED
Google.Solutions.Compute Verbose: 0 : SshRelayStream [TX: 2 TXA: 0 RX: 0 AQ: 2]: Connection closed abnormally: REAUTHENTICATION_REQUIRED
Google.Solutions.Compute Verbose: 0 : SshRelayStream [TX: 2 TXA: 0 RX: 0 AQ: 2]: Connection closed abnormally: REAUTHENTICATION_REQUIRED
Google.Solutions.Compute Verbose: 0 : SshRelayStream [TX: 2 TXA: 0 RX: 0 AQ: 2]: Connection closed abnormally: REAUTHENTICATION_REQUIRED
Google.Solutions.Compute Verbose: 0 : SshRelayStream [TX: 2 TXA: 0 RX: 0 AQ: 2]: Connection closed abnormally: REAUTHENTICATION_REQUIRED
Google.Solutions.Compute Verbose: 0 : SshRelayStream [TX: 2 TXA: 0 RX: 0 AQ: 2]: Connection closed abnormally: REAUTHENTICATION_REQUIRED
Google.Solutions.Compute Verbose: 0 : SshRelayStream [TX: 2 TXA: 0 RX: 0 AQ: 2]: Connection closed abnormally: REAUTHENTICATION_REQUIRED
Google.Solutions.Compute Verbose: 0 : SshRelayStream [TX: 2 TXA: 0 RX: 0 AQ: 2]: Connection closed abnormally: REAUTHENTICATION_REQUIRED
Google.Solutions.Compute Verbose: 0 : SshRelayStream [TX: 2 TXA: 0 RX: 0 AQ: 2]: Connection closed abnormally: REAUTHENTICATION_REQUIRED
Google.Solutions.Compute Verbose: 0 : SshRelayStream [TX: 2 TXA: 0 RX: 0 AQ: 2]: Connection closed abnormally: REAUTHENTICATION_REQUIRED
Google.Solutions.Compute Verbose: 0 : SshRelayStream [TX: 2 TXA: 0 RX: 0 AQ: 2]: Connection closed abnormally: REAUTHENTICATION_REQUIRED
Google.Solutions.Compute Verbose: 0 : SshRelayStream [TX: 2 TXA: 0 RX: 0 AQ: 2]: Connection closed abnormally: REAUTHENTICATION_REQUIRED
Google.Solutions.Compute Verbose: 0 : SshRelayStream [TX: 2 TXA: 0 RX: 0 AQ: 2]: Connection closed abnormally: REAUTHENTICATION_REQUIRED
Google.Solutions.Compute Verbose: 0 : SshRelayStream [TX: 2 TXA: 0 RX: 0 AQ: 2]: Connection closed abnormally: REAUTHENTICATION_REQUIRED
Google.Solutions.Compute Verbose: 0 : SshRelayStream [TX: 2 TXA: 0 RX: 0 AQ: 2]: Connection closed abnormally: REAUTHENTICATION_REQUIRED
Google.Solutions.Compute Verbose: 0 : SshRelayStream [TX: 2 TXA: 0 RX: 0 AQ: 2]: Connection closed abnormally: REAUTHENTICATION_REQUIRED
Google.Solutions.Compute Verbose: 0 : SshRelayStream [TX: 2 TXA: 0 RX: 0 AQ: 2]: Connection closed abnormally: REAUTHENTICATION_REQUIRED
Google.Solutions.Compute Verbose: 0 : SshRelayStream [TX: 2 TXA: 0 RX: 0 AQ: 2]: Connection closed abnormally: REAUTHENTICATION_REQUIRED
Google.Solutions.Compute Verbose: 0 : SshRelayStream [TX: 2 TXA: 0 RX: 0 AQ: 2]: Connection closed abnormally: REAUTHENTICATION_REQUIRED
Google.Solutions.Compute Verbose: 0 : SshRelayStream [TX: 2 TXA: 0 RX: 0 AQ: 2]: Connection closed abnormally: REAUTHENTICATION_REQUIRED
Google.Solutions.Compute Verbose: 0 : SshRelayStream [TX: 2 TXA: 0 RX: 0 AQ: 2]: Connection closed abnormally: REAUTHENTICATION_REQUIRED
Google.Solutions.Compute Verbose: 0 : SshRelayStream [TX: 2 TXA: 0 RX: 0 AQ: 2]: Connection closed abnormally: REAUTHENTICATION_REQUIRED
Google.Solutions.Compute Verbose: 0 : SshRelayStream [TX: 2 TXA: 0 RX: 0 AQ: 2]: Connection closed abnormally: REAUTHENTICATION_REQUIRED
Google.Solutions.Compute Verbose: 0 : SshRelayStream [TX: 2 TXA: 0 RX: 0 AQ: 2]: Connection closed abnormally: REAUTHENTICATION_REQUIRED
Google.Solutions.Compute Verbose: 0 : SshRelayStream [TX: 2 TXA: 0 RX: 0 AQ: 2]: Connection closed abnormally: REAUTHENTICATION_REQUIRED
Google.Solutions.Compute Verbose: 0 : SshRelayStream [TX: 2 TXA: 0 RX: 0 AQ: 2]: Connection closed abnormally: REAUTHENTICATION_REQUIRED
Google.Solutions.Compute Verbose: 0 : SshRelayStream [TX: 2 TXA: 0 RX: 0 AQ: 2]: Connection closed abnormally: REAUTHENTICATION_REQUIRED
Google.Solutions.Compute Verbose: 0 : SshRelayStream [TX: 2 TXA: 0 RX: 0 AQ: 2]: Connection closed abnormally: REAUTHENTICATION_REQUIRED
Google.Solutions.Compute Verbose: 0 : SshRelayStream [TX: 2 TXA: 0 RX: 0 AQ: 2]: Connection closed abnormally: REAUTHENTICATION_REQUIRED
Google.Solutions.Compute Verbose: 0 : SshRelayStream [TX: 2 TXA: 0 RX: 0 AQ: 2]: Connection closed abnormally: REAUTHENTICATION_REQUIRED
Google.Solutions.Compute Verbose: 0 : SshRelayStream [TX: 2 TXA: 0 RX: 0 AQ: 2]: Connection closed abnormally: REAUTHENTICATION_REQUIRED
Google.Solutions.Compute Verbose: 0 : SshRelayStream [TX: 2 TXA: 0 RX: 0 AQ: 2]: Connection closed abnormally: REAUTHENTICATION_REQUIRED
Google.Solutions.Compute Verbose: 0 : SshRelayStream [TX: 2 TXA: 0 RX: 0 AQ: 2]: Connection closed abnormally: REAUTHENTICATION_REQUIRED
Google.Solutions.Compute Verbose: 0 : SshRelayStream [TX: 2 TXA: 0 RX: 0 AQ: 2]: Connection closed abnormally: REAUTHENTICATION_REQUIRED
Google.Solutions.Compute Verbose: 0 : SshRelayStream [TX: 2 TXA: 0 RX: 0 AQ: 2]: Connection closed abnormally: REAUTHENTICATION_REQUIRED
Google.Solutions.Compute Verbose: 0 : SshRelayStream [TX: 2 TXA: 0 RX: 0 AQ: 2]: Connection closed abnormally: REAUTHENTICATION_REQUIRED
Google.Solutions.Compute Verbose: 0 : SshRelayStream [TX: 2 TXA: 0 RX: 0 AQ: 2]: Connection closed abnormally: REAUTHENTICATION_REQUIRED
Google.Solutions.Compute Verbose: 0 : SshRelayStream [TX: 2 TXA: 0 RX: 0 AQ: 2]: Connection closed abnormally: REAUTHENTICATION_REQUIRED
Google.Solutions.Compute Verbose: 0 : SshRelayStream [TX: 2 TXA: 0 RX: 0 AQ: 2]: Connection closed abnormally: REAUTHENTICATION_REQUIRED
Google.Solutions.Compute Verbose: 0 : SshRelayStream [TX: 2 TXA: 0 RX: 0 AQ: 2]: Connection closed abnormally: REAUTHENTICATION_REQUIRED
Google.Solutions.Compute Verbose: 0 : SshRelayStream [TX: 2 TXA: 0 RX: 0 AQ: 2]: Connection closed abnormally: REAUTHENTICATION_REQUIRED
Google.Solutions.Compute Verbose: 0 : SshRelayStream [TX: 2 TXA: 0 RX: 0 AQ: 2]: Connection closed abnormally: REAUTHENTICATION_REQUIRED
Google.Solutions.Compute Verbose: 0 : SshRelayStream [TX: 2 TXA: 0 RX: 0 AQ: 2]: Connection closed abnormally: REAUTHENTICATION_REQUIRED
Google.Solutions.Compute Verbose: 0 : SshRelayStream [TX: 2 TXA: 0 RX: 0 AQ: 2]: Connection closed abnormally: REAUTHENTICATION_REQUIRED
Google.Solutions.Compute Verbose: 0 : SshRelayStream [TX: 2 TXA: 0 RX: 0 AQ: 2]: Connection closed abnormally: REAUTHENTICATION_REQUIRED
Google.Solutions.Compute Verbose: 0 : SshRelayStream [TX: 2 TXA: 0 RX: 0 AQ: 2]: Connection closed abnormally: REAUTHENTICATION_REQUIRED
Google.Solutions.Compute Verbose: 0 : SshRelayStream [TX: 2 TXA: 0 RX: 0 AQ: 2]: Connection closed abnormally: REAUTHENTICATION_REQUIRED
Google.Solutions.Compute Verbose: 0 : SshRelayStream [TX: 2 TXA: 0 RX: 0 AQ: 2]: Connection closed abnormally: REAUTHENTICATION_REQUIRED
Google.Solutions.Compute Verbose: 0 : SshRelayStream [TX: 2 TXA: 0 RX: 0 AQ: 2]: Connection closed abnormally: REAUTHENTICATION_REQUIRED
Google.Solutions.Compute Verbose: 0 : SshRelayStream [TX: 2 TXA: 0 RX: 0 AQ: 2]: Connection closed abnormally: REAUTHENTICATION_REQUIRED
Google.Solutions.Compute Verbose: 0 : SshRelayStream [TX: 2 TXA: 0 RX: 0 AQ: 2]: Connection closed abnormally: REAUTHENTICATION_REQUIRED
Google.Solutions.Compute Verbose: 0 : SshRelayStream [TX: 2 TXA: 0 RX: 0 AQ: 2]: Connection closed abnormally: REAUTHENTICATION_REQUIRED
Google.Solutions.Compute Verbose: 0 : SshRelayStream [TX: 2 TXA: 0 RX: 0 AQ: 2]: Connection closed abnormally: REAUTHENTICATION_REQUIRED
Google.Solutions.Compute Verbose: 0 : SshRelayStream [TX: 2 TXA: 0 RX: 0 AQ: 2]: Connection closed abnormally: REAUTHENTICATION_REQUIRED
Google.Solutions.Compute Verbose: 0 : SshRelayStream [TX: 2 TXA: 0 RX: 0 AQ: 2]: Connection closed abnormally: REAUTHENTICATION_REQUIRED
Google.Solutions.Compute Verbose: 0 : SshRelayStream [TX: 2 TXA: 0 RX: 0 AQ: 2]: Disconnecting, preparing to reconnect
Google.Solutions.Compute Verbose: 0 : SshRelayStream [TX: 2 TXA: 0 RX: 0 AQ: 2]: Disconnecting, preparing to reconnect
Google.Solutions.Compute Verbose: 0 : SshRelayStream [TX: 2 TXA: 0 RX: 0 AQ: 2]: Disconnecting, preparing to reconnect
Google.Solutions.Compute Verbose: 0 : SshRelayStream [TX: 2 TXA: 0 RX: 0 AQ: 2]: Disconnecting, preparing to reconnect
Google.Solutions.Compute Verbose: 0 : SshRelayStream [TX: 2 TXA: 0 RX: 0 AQ: 2]: Disconnecting, preparing to reconnect
Google.Solutions.Compute Verbose: 0 : SshRelayStream [TX: 2 TXA: 0 RX: 0 AQ: 2]: Disconnecting, preparing to reconnect
Google.Solutions.Compute Verbose: 0 : SshRelayStream [TX: 2 TXA: 0 RX: 0 AQ: 2]: Disconnecting, preparing to reconnect
Google.Solutions.Compute Verbose: 0 : SshRelayStream [TX: 2 TXA: 0 RX: 0 AQ: 2]: Disconnecting, preparing to reconnect
Google.Solutions.Compute Verbose: 0 : SshRelayStream [TX: 2 TXA: 0 RX: 0 AQ: 2]: Disconnecting, preparing to reconnect
Google.Solutions.Compute Verbose: 0 : SshRelayStream [TX: 2 TXA: 0 RX: 0 AQ: 2]: Disconnecting, preparing to reconnect
Google.Solutions.Compute Verbose: 0 : SshRelayStream [TX: 2 TXA: 0 RX: 0 AQ: 2]: Disconnecting, preparing to reconnect
Google.Solutions.Compute Verbose: 0 : SshRelayStream [TX: 2 TXA: 0 RX: 0 AQ: 2]: Disconnecting, preparing to reconnect
Google.Solutions.Compute Verbose: 0 : SshRelayStream [TX: 2 TXA: 0 RX: 0 AQ: 2]: Disconnecting, preparing to reconnect
Google.Solutions.Compute Verbose: 0 : SshRelayStream [TX: 2 TXA: 0 RX: 0 AQ: 2]: Disconnecting, preparing to reconnect
Google.Solutions.Compute Verbose: 0 : SshRelayStream [TX: 2 TXA: 0 RX: 0 AQ: 2]: Disconnecting, preparing to reconnect
Google.Solutions.Compute Verbose: 0 : SshRelayStream [TX: 2 TXA: 0 RX: 0 AQ: 2]: Disconnecting, preparing to reconnect
Google.Solutions.Compute Verbose: 0 : SshRelayStream [TX: 2 TXA: 0 RX: 0 AQ: 2]: Disconnecting, preparing to reconnect
Google.Solutions.Compute Verbose: 0 : SshRelayStream [TX: 2 TXA: 0 RX: 0 AQ: 2]: Disconnecting, preparing to reconnect
Google.Solutions.Compute Verbose: 0 : SshRelayStream [TX: 2 TXA: 0 RX: 0 AQ: 2]: Disconnecting, preparing to reconnect
Google.Solutions.Compute Verbose: 0 : SshRelayStream [TX: 2 TXA: 0 RX: 0 AQ: 2]: Disconnecting, preparing to reconnect
Google.Solutions.Compute Verbose: 0 : SshRelayStream [TX: 2 TXA: 0 RX: 0 AQ: 2]: Disconnecting, preparing to reconnect
Google.Solutions.Compute Verbose: 0 : SshRelayStream [TX: 2 TXA: 0 RX: 0 AQ: 2]: Disconnecting, preparing to reconnect
Google.Solutions.Compute Verbose: 0 : SshRelayStream [TX: 2 TXA: 0 RX: 0 AQ: 2]: Disconnecting, preparing to reconnect
Google.Solutions.Compute Verbose: 0 : SshRelayStream [TX: 2 TXA: 0 RX: 0 AQ: 2]: Disconnecting, preparing to reconnect
Google.Solutions.Compute Verbose: 0 : SshRelayStream [TX: 2 TXA: 0 RX: 0 AQ: 2]: Disconnecting, preparing to reconnect
Google.Solutions.Compute Verbose: 0 : SshRelayStream [TX: 2 TXA: 0 RX: 0 AQ: 2]: Disconnecting, preparing to reconnect
Google.Solutions.Compute Verbose: 0 : SshRelayStream [TX: 2 TXA: 0 RX: 0 AQ: 2]: Disconnecting, preparing to reconnect
Google.Solutions.Compute Verbose: 0 : SshRelayStream [TX: 2 TXA: 0 RX: 0 AQ: 2]: Disconnecting, preparing to reconnect
Google.Solutions.Compute Verbose: 0 : SshRelayStream [TX: 2 TXA: 0 RX: 0 AQ: 2]: Disconnecting, preparing to reconnect
Google.Solutions.Compute Verbose: 0 : SshRelayStream [TX: 2 TXA: 0 RX: 0 AQ: 2]: Disconnecting, preparing to reconnect
Google.Solutions.Compute Verbose: 0 : SshRelayStream [TX: 2 TXA: 0 RX: 0 AQ: 2]: Disconnecting, preparing to reconnect
Google.Solutions.Compute Verbose: 0 : SshRelayStream [TX: 2 TXA: 0 RX: 0 AQ: 2]: Disconnecting, preparing to reconnect
Google.Solutions.Compute Verbose: 0 : SshRelayStream [TX: 2 TXA: 0 RX: 0 AQ: 2]: Disconnecting, preparing to reconnect
Google.Solutions.Compute Verbose: 0 : SshRelayStream [TX: 2 TXA: 0 RX: 0 AQ: 2]: Disconnecting, preparing to reconnect
Google.Solutions.Compute Verbose: 0 : SshRelayStream [TX: 2 TXA: 0 RX: 0 AQ: 2]: Disconnecting, preparing to reconnect
Google.Solutions.Compute Verbose: 0 : SshRelayStream [TX: 2 TXA: 0 RX: 0 AQ: 2]: Disconnecting, preparing to reconnect
Google.Solutions.Compute Verbose: 0 : SshRelayStream [TX: 2 TXA: 0 RX: 0 AQ: 2]: Disconnecting, preparing to reconnect
Google.Solutions.Compute Verbose: 0 : SshRelayStream [TX: 2 TXA: 0 RX: 0 AQ: 2]: Disconnecting, preparing to reconnect
Google.Solutions.Compute Verbose: 0 : SshRelayStream [TX: 2 TXA: 0 RX: 0 AQ: 2]: Disconnecting, preparing to reconnect
Google.Solutions.Compute Verbose: 0 : SshRelayStream [TX: 2 TXA: 0 RX: 0 AQ: 2]: Disconnecting, preparing to reconnect
Google.Solutions.Compute Verbose: 0 : SshRelayStream [TX: 2 TXA: 0 RX: 0 AQ: 2]: Disconnecting, preparing to reconnect
Google.Solutions.Compute Verbose: 0 : SshRelayStream [TX: 2 TXA: 0 RX: 0 AQ: 2]: Disconnecting, preparing to reconnect
Google.Solutions.Compute Verbose: 0 : SshRelayStream [TX: 2 TXA: 0 RX: 0 AQ: 2]: Disconnecting, preparing to reconnect
Google.Solutions.Compute Verbose: 0 : SshRelayStream [TX: 2 TXA: 0 RX: 0 AQ: 2]: Disconnecting, preparing to reconnect
Google.Solutions.Compute Verbose: 0 : SshRelayStream [TX: 2 TXA: 0 RX: 0 AQ: 2]: Disconnecting, preparing to reconnect
Google.Solutions.Compute Verbose: 0 : SshRelayStream [TX: 2 TXA: 0 RX: 0 AQ: 2]: Disconnecting, preparing to reconnect
Google.Solutions.Compute Verbose: 0 : SshRelayStream [TX: 2 TXA: 0 RX: 0 AQ: 2]: Disconnecting, preparing to reconnect
Google.Solutions.Compute Verbose: 0 : SshRelayStream [TX: 2 TXA: 0 RX: 0 AQ: 2]: Disconnecting, preparing to reconnect
Google.Solutions.Compute Verbose: 0 : SshRelayStream [TX: 2 TXA: 0 RX: 0 AQ: 2]: Disconnecting, preparing to reconnect
Google.Solutions.Compute Verbose: 0 : SshRelayStream [TX: 2 TXA: 0 RX: 0 AQ: 2]: Disconnecting, preparing to reconnect
Google.Solutions.Compute Verbose: 0 : SshRelayStream [TX: 2 TXA: 0 RX: 0 AQ: 2]: Disconnecting, preparing to reconnect
Google.Solutions.Compute Verbose: 0 : SshRelayStream [TX: 2 TXA: 0 RX: 0 AQ: 2]: Disconnecting, preparing to reconnect
Google.Solutions.Compute Verbose: 0 : SshRelayStream [TX: 2 TXA: 0 RX: 0 AQ: 2]: Disconnecting, preparing to reconnect
Google.Solutions.Compute Verbose: 0 : SshRelayStream [TX: 2 TXA: 0 RX: 0 AQ: 2]: Disconnecting, preparing to reconnect
Google.Solutions.Compute Verbose: 0 : SshRelayStream [TX: 2 TXA: 0 RX: 0 AQ: 2]: Disconnecting, preparing to reconnect
Google.Solutions.Compute Verbose: 0 : SshRelayStream [TX: 2 TXA: 0 RX: 0 AQ: 2]: Disconnecting, preparing to reconnect
Google.Solutions.Compute Verbose: 0 : SshRelayStream [TX: 2 TXA: 0 RX: 0 AQ: 2]: Disconnecting, preparing to reconnect
Google.Solutions.Compute Verbose: 0 : SshRelayStream [TX: 2 TXA: 0 RX: 0 AQ: 2]: Disonnected.
Google.Solutions.Compute Verbose: 0 : SshRelayStream [TX: 2 TXA: 0 RX: 0 AQ: 2]: Disonnected.
Google.Solutions.Compute Verbose: 0 : SshRelayStream [TX: 2 TXA: 0 RX: 0 AQ: 2]: Disonnected.
Google.Solutions.Compute Verbose: 0 : SshRelayStream [TX: 2 TXA: 0 RX: 0 AQ: 2]: Disonnected.
Google.Solutions.Compute Verbose: 0 : SshRelayStream [TX: 2 TXA: 0 RX: 0 AQ: 2]: Disonnected.
Google.Solutions.Compute Verbose: 0 : SshRelayStream [TX: 2 TXA: 0 RX: 0 AQ: 2]: Disonnected.
Google.Solutions.Compute Verbose: 0 : SshRelayStream [TX: 2 TXA: 0 RX: 0 AQ: 2]: Disonnected.
Google.Solutions.Compute Verbose: 0 : SshRelayStream [TX: 2 TXA: 0 RX: 0 AQ: 2]: Disonnected.
Google.Solutions.Compute Verbose: 0 : SshRelayStream [TX: 2 TXA: 0 RX: 0 AQ: 2]: Disonnected.
Google.Solutions.Compute Verbose: 0 : SshRelayStream [TX: 2 TXA: 0 RX: 0 AQ: 2]: Disonnected.
Google.Solutions.Compute Verbose: 0 : SshRelayStream [TX: 2 TXA: 0 RX: 0 AQ: 2]: Disonnected.
Google.Solutions.Compute Verbose: 0 : SshRelayStream [TX: 2 TXA: 0 RX: 0 AQ: 2]: Disonnected.
Google.Solutions.Compute Verbose: 0 : SshRelayStream [TX: 2 TXA: 0 RX: 0 AQ: 2]: Disonnected.
Google.Solutions.Compute Verbose: 0 : SshRelayStream [TX: 2 TXA: 0 RX: 0 AQ: 2]: Disonnected.
Google.Solutions.Compute Verbose: 0 : SshRelayStream [TX: 2 TXA: 0 RX: 0 AQ: 2]: Disonnected.
Google.Solutions.Compute Verbose: 0 : SshRelayStream [TX: 2 TXA: 0 RX: 0 AQ: 2]: Disonnected.
Google.Solutions.Compute Verbose: 0 : SshRelayStream [TX: 2 TXA: 0 RX: 0 AQ: 2]: Disonnected.
Google.Solutions.Compute Verbose: 0 : SshRelayStream [TX: 2 TXA: 0 RX: 0 AQ: 2]: Disonnected.
Google.Solutions.Compute Verbose: 0 : SshRelayStream [TX: 2 TXA: 0 RX: 0 AQ: 2]: Disonnected.
Google.Solutions.Compute Verbose: 0 : SshRelayStream [TX: 2 TXA: 0 RX: 0 AQ: 2]: Disonnected.
Google.Solutions.Compute Verbose: 0 : SshRelayStream [TX: 2 TXA: 0 RX: 0 AQ: 2]: Disonnected.
Google.Solutions.Compute Verbose: 0 : SshRelayStream [TX: 2 TXA: 0 RX: 0 AQ: 2]: Disonnected.
Google.Solutions.Compute Verbose: 0 : SshRelayStream [TX: 2 TXA: 0 RX: 0 AQ: 2]: Disonnected.
Google.Solutions.Compute Verbose: 0 : SshRelayStream [TX: 2 TXA: 0 RX: 0 AQ: 2]: Disonnected.
Google.Solutions.Compute Verbose: 0 : SshRelayStream [TX: 2 TXA: 0 RX: 0 AQ: 2]: Disonnected.
Google.Solutions.Compute Verbose: 0 : SshRelayStream [TX: 2 TXA: 0 RX: 0 AQ: 2]: Disonnected.
Google.Solutions.Compute Verbose: 0 : SshRelayStream [TX: 2 TXA: 0 RX: 0 AQ: 2]: Disonnected.
Google.Solutions.Compute Verbose: 0 : SshRelayStream [TX: 2 TXA: 0 RX: 0 AQ: 2]: Disonnected.
Google.Solutions.Compute Verbose: 0 : SshRelayStream [TX: 2 TXA: 0 RX: 0 AQ: 2]: Disonnected.
Google.Solutions.Compute Verbose: 0 : SshRelayStream [TX: 2 TXA: 0 RX: 0 AQ: 2]: Disonnected.
Google.Solutions.Compute Verbose: 0 : SshRelayStream [TX: 2 TXA: 0 RX: 0 AQ: 2]: Disonnected.
Google.Solutions.Compute Verbose: 0 : SshRelayStream [TX: 2 TXA: 0 RX: 0 AQ: 2]: Disonnected.
Google.Solutions.Compute Verbose: 0 : SshRelayStream [TX: 2 TXA: 0 RX: 0 AQ: 2]: Disonnected.
Google.Solutions.Compute Verbose: 0 : SshRelayStream [TX: 2 TXA: 0 RX: 0 AQ: 2]: Disonnected.
Google.Solutions.Compute Verbose: 0 : SshRelayStream [TX: 2 TXA: 0 RX: 0 AQ: 2]: Disonnected.
Google.Solutions.Compute Verbose: 0 : SshRelayStream [TX: 2 TXA: 0 RX: 0 AQ: 2]: Disonnected.
Google.Solutions.Compute Verbose: 0 : SshRelayStream [TX: 2 TXA: 0 RX: 0 AQ: 2]: Disonnected.
Google.Solutions.Compute Verbose: 0 : SshRelayStream [TX: 2 TXA: 0 RX: 0 AQ: 2]: Disonnected.
Google.Solutions.Compute Verbose: 0 : SshRelayStream [TX: 2 TXA: 0 RX: 0 AQ: 2]: Disonnected.
Google.Solutions.Compute Verbose: 0 : SshRelayStream [TX: 2 TXA: 0 RX: 0 AQ: 2]: Disonnected.
Google.Solutions.Compute Verbose: 0 : SshRelayStream [TX: 2 TXA: 0 RX: 0 AQ: 2]: Disonnected.
Google.Solutions.Compute Verbose: 0 : SshRelayStream [TX: 2 TXA: 0 RX: 0 AQ: 2]: Disonnected.
Google.Solutions.Compute Verbose: 0 : SshRelayStream [TX: 2 TXA: 0 RX: 0 AQ: 2]: Disonnected.
Google.Solutions.Compute Verbose: 0 : SshRelayStream [TX: 2 TXA: 0 RX: 0 AQ: 2]: Disonnected.
Google.Solutions.Compute Verbose: 0 : SshRelayStream [TX: 2 TXA: 0 RX: 0 AQ: 2]: Disonnected.
Google.Solutions.Compute Verbose: 0 : SshRelayStream [TX: 2 TXA: 0 RX: 0 AQ: 2]: Disonnected.
Google.Solutions.Compute Verbose: 0 : SshRelayStream [TX: 2 TXA: 0 RX: 0 AQ: 2]: Disonnected.
Google.Solutions.Compute Verbose: 0 : SshRelayStream [TX: 2 TXA: 0 RX: 0 AQ: 2]: Disonnected.
Google.Solutions.Compute Verbose: 0 : SshRelayStream [TX: 2 TXA: 0 RX: 0 AQ: 2]: Disonnected.
Google.Solutions.Compute Verbose: 0 : SshRelayStream [TX: 2 TXA: 0 RX: 0 AQ: 2]: Disonnected.
Google.Solutions.Compute Verbose: 0 : SshRelayStream [TX: 2 TXA: 0 RX: 0 AQ: 2]: Disonnected.
Google.Solutions.Compute Verbose: 0 : SshRelayStream [TX: 2 TXA: 0 RX: 0 AQ: 2]: Disonnected.
Google.Solutions.Compute Verbose: 0 : SshRelayStream [TX: 2 TXA: 0 RX: 0 AQ: 2]: Disonnected.
Google.Solutions.Compute Verbose: 0 : SshRelayStream [TX: 2 TXA: 0 RX: 0 AQ: 2]: Disonnected.
Google.Solutions.Compute Verbose: 0 : SshRelayStream [TX: 2 TXA: 0 RX: 0 AQ: 2]: Disonnected.
Google.Solutions.Compute Verbose: 0 : SshRelayStream [TX: 2 TXA: 0 RX: 0 AQ: 2]: Disonnected.
Google.Solutions.Compute Verbose: 0 : SshRelayStream [TX: 2 TXA: 0 RX: 0 AQ: 2]: Disonnected.
Google.Solutions.Compute Verbose: 0 : SshRelayStream [TX: 2 TXA: 0 RX: 0 AQ: 2]: Connecting...
Google.Solutions.Compute Verbose: 0 : SshRelayStream [TX: 2 TXA: 0 RX: 0 AQ: 2]: Connecting...
Google.Solutions.Compute Verbose: 0 : SshRelayStream [TX: 2 TXA: 0 RX: 0 AQ: 2]: Connecting...
Google.Solutions.Compute Verbose: 0 : SshRelayStream [TX: 2 TXA: 0 RX: 0 AQ: 2]: Connecting...
Google.Solutions.Compute Verbose: 0 : SshRelayStream [TX: 2 TXA: 0 RX: 0 AQ: 2]: Connecting...
Google.Solutions.Compute Verbose: 0 : SshRelayStream [TX: 2 TXA: 0 RX: 0 AQ: 2]: Connecting...
Google.Solutions.Compute Verbose: 0 : SshRelayStream [TX: 2 TXA: 0 RX: 0 AQ: 2]: Connecting...
Google.Solutions.Compute Verbose: 0 : SshRelayStream [TX: 2 TXA: 0 RX: 0 AQ: 2]: Connecting...
Google.Solutions.Compute Verbose: 0 : SshRelayStream [TX: 2 TXA: 0 RX: 0 AQ: 2]: Connecting...
Google.Solutions.Compute Verbose: 0 : SshRelayStream [TX: 2 TXA: 0 RX: 0 AQ: 2]: Connecting...
Google.Solutions.Compute Verbose: 0 : SshRelayStream [TX: 2 TXA: 0 RX: 0 AQ: 2]: Connecting...
Google.Solutions.Compute Verbose: 0 : SshRelayStream [TX: 2 TXA: 0 RX: 0 AQ: 2]: Connecting...
Google.Solutions.Compute Verbose: 0 : SshRelayStream [TX: 2 TXA: 0 RX: 0 AQ: 2]: Connecting...
Google.Solutions.Compute Verbose: 0 : SshRelayStream [TX: 2 TXA: 0 RX: 0 AQ: 2]: Connecting...
Google.Solutions.Compute Verbose: 0 : SshRelayStream [TX: 2 TXA: 0 RX: 0 AQ: 2]: Connecting...
Google.Solutions.Compute Verbose: 0 : SshRelayStream [TX: 2 TXA: 0 RX: 0 AQ: 2]: Connecting...
Google.Solutions.Compute Verbose: 0 : SshRelayStream [TX: 2 TXA: 0 RX: 0 AQ: 2]: Connecting...
Google.Solutions.Compute Verbose: 0 : SshRelayStream [TX: 2 TXA: 0 RX: 0 AQ: 2]: Connecting...
Google.Solutions.Compute Verbose: 0 : SshRelayStream [TX: 2 TXA: 0 RX: 0 AQ: 2]: Connecting...
Google.Solutions.Compute Verbose: 0 : SshRelayStream [TX: 2 TXA: 0 RX: 0 AQ: 2]: Connecting...
Google.Solutions.Compute Verbose: 0 : SshRelayStream [TX: 2 TXA: 0 RX: 0 AQ: 2]: Connecting...
Google.Solutions.Compute Verbose: 0 : SshRelayStream [TX: 2 TXA: 0 RX: 0 AQ: 2]: Connecting...
Google.Solutions.Compute Verbose: 0 : SshRelayStream [TX: 2 TXA: 0 RX: 0 AQ: 2]: Connecting...
Google.Solutions.Compute Verbose: 0 : SshRelayStream [TX: 2 TXA: 0 RX: 0 AQ: 2]: Connecting...
Google.Solutions.Compute Verbose: 0 : SshRelayStream [TX: 2 TXA: 0 RX: 0 AQ: 2]: Connecting...
Google.Solutions.Compute Verbose: 0 : SshRelayStream [TX: 2 TXA: 0 RX: 0 AQ: 2]: Connecting...
Google.Solutions.Compute Verbose: 0 : SshRelayStream [TX: 2 TXA: 0 RX: 0 AQ: 2]: Connecting...
Google.Solutions.Compute Verbose: 0 : SshRelayStream [TX: 2 TXA: 0 RX: 0 AQ: 2]: Connecting...
Google.Solutions.Compute Verbose: 0 : SshRelayStream [TX: 2 TXA: 0 RX: 0 AQ: 2]: Connecting...
Google.Solutions.Compute Verbose: 0 : SshRelayStream [TX: 2 TXA: 0 RX: 0 AQ: 2]: Connecting...
Google.Solutions.Compute Verbose: 0 : SshRelayStream [TX: 2 TXA: 0 RX: 0 AQ: 2]: Connecting...
Google.Solutions.Compute Verbose: 0 : SshRelayStream [TX: 2 TXA: 0 RX: 0 AQ: 2]: Connecting...
Google.Solutions.Compute Verbose: 0 : SshRelayStream [TX: 2 TXA: 0 RX: 0 AQ: 2]: Connecting...
Google.Solutions.Compute Verbose: 0 : SshRelayStream [TX: 2 TXA: 0 RX: 0 AQ: 2]: Connecting...
Google.Solutions.Compute Verbose: 0 : SshRelayStream [TX: 2 TXA: 0 RX: 0 AQ: 2]: Connecting...
Google.Solutions.Compute Verbose: 0 : SshRelayStream [TX: 2 TXA: 0 RX: 0 AQ: 2]: Connecting...
Google.Solutions.Compute Verbose: 0 : SshRelayStream [TX: 2 TXA: 0 RX: 0 AQ: 2]: Connecting...
Google.Solutions.Compute Verbose: 0 : SshRelayStream [TX: 2 TXA: 0 RX: 0 AQ: 2]: Connecting...
Google.Solutions.Compute Verbose: 0 : SshRelayStream [TX: 2 TXA: 0 RX: 0 AQ: 2]: Connecting...
Google.Solutions.Compute Verbose: 0 : SshRelayStream [TX: 2 TXA: 0 RX: 0 AQ: 2]: Connecting...
Google.Solutions.Compute Verbose: 0 : SshRelayStream [TX: 2 TXA: 0 RX: 0 AQ: 2]: Connecting...
Google.Solutions.Compute Verbose: 0 : SshRelayStream [TX: 2 TXA: 0 RX: 0 AQ: 2]: Connecting...
Google.Solutions.Compute Verbose: 0 : SshRelayStream [TX: 2 TXA: 0 RX: 0 AQ: 2]: Connecting...
Google.Solutions.Compute Verbose: 0 : SshRelayStream [TX: 2 TXA: 0 RX: 0 AQ: 2]: Connecting...
Google.Solutions.Compute Verbose: 0 : SshRelayStream [TX: 2 TXA: 0 RX: 0 AQ: 2]: Connecting...
Google.Solutions.Compute Verbose: 0 : SshRelayStream [TX: 2 TXA: 0 RX: 0 AQ: 2]: Connecting...
Google.Solutions.Compute Verbose: 0 : SshRelayStream [TX: 2 TXA: 0 RX: 0 AQ: 2]: Connecting...
Google.Solutions.Compute Verbose: 0 : SshRelayStream [TX: 2 TXA: 0 RX: 0 AQ: 2]: Connecting...
Google.Solutions.Compute Verbose: 0 : SshRelayStream [TX: 2 TXA: 0 RX: 0 AQ: 2]: Connecting...
Google.Solutions.Compute Verbose: 0 : SshRelayStream [TX: 2 TXA: 0 RX: 0 AQ: 2]: Connecting...
Google.Solutions.Compute Verbose: 0 : SshRelayStream [TX: 2 TXA: 0 RX: 0 AQ: 2]: Connecting...
Google.Solutions.Compute Verbose: 0 : SshRelayStream [TX: 2 TXA: 0 RX: 0 AQ: 2]: Connecting...
Google.Solutions.Compute Verbose: 0 : SshRelayStream [TX: 2 TXA: 0 RX: 0 AQ: 2]: Connecting...
Google.Solutions.Compute Verbose: 0 : SshRelayStream [TX: 2 TXA: 0 RX: 0 AQ: 2]: Connecting...
Google.Solutions.Compute Verbose: 0 : SshRelayStream [TX: 2 TXA: 0 RX: 0 AQ: 2]: Connecting...
Google.Solutions.Compute Verbose: 0 : SshRelayStream [TX: 2 TXA: 0 RX: 0 AQ: 2]: Connecting...
Google.Solutions.Compute Verbose: 0 : SshRelayStream [TX: 2 TXA: 0 RX: 0 AQ: 2]: Connecting...
Google.Solutions.Compute Verbose: 0 : SshRelayStream [TX: 2 TXA: 0 RX: 0 AQ: 1]: Resending DATA #0...
Google.Solutions.Compute Verbose: 0 : SshRelayStream [TX: 2 TXA: 0 RX: 0 AQ: 1]: Resending DATA #0...
Google.Solutions.Compute Verbose: 0 : SshRelayStream [TX: 2 TXA: 0 RX: 0 AQ: 1]: Resending DATA #0...
Google.Solutions.Compute Verbose: 0 : SshRelayStream [TX: 2 TXA: 0 RX: 0 AQ: 1]: Resending DATA #0...
Google.Solutions.Compute Verbose: 0 : SshRelayStream [TX: 2 TXA: 0 RX: 0 AQ: 1]: Resending DATA #0...
Google.Solutions.Compute Verbose: 0 : SshRelayStream [TX: 2 TXA: 0 RX: 0 AQ: 1]: Resending DATA #0...
Google.Solutions.Compute Verbose: 0 : SshRelayStream [TX: 2 TXA: 0 RX: 0 AQ: 1]: Resending DATA #0...
Google.Solutions.Compute Verbose: 0 : SshRelayStream [TX: 2 TXA: 0 RX: 0 AQ: 1]: Resending DATA #0...
Google.Solutions.Compute Verbose: 0 : SshRelayStream [TX: 2 TXA: 0 RX: 0 AQ: 1]: Resending DATA #0...
Google.Solutions.Compute Verbose: 0 : SshRelayStream [TX: 2 TXA: 0 RX: 0 AQ: 1]: Resending DATA #0...
Google.Solutions.Compute Verbose: 0 : SshRelayStream [TX: 2 TXA: 0 RX: 0 AQ: 1]: Resending DATA #0...
Google.Solutions.Compute Verbose: 0 : SshRelayStream [TX: 2 TXA: 0 RX: 0 AQ: 1]: Resending DATA #0...
Google.Solutions.Compute Verbose: 0 : SshRelayStream [TX: 2 TXA: 0 RX: 0 AQ: 1]: Resending DATA #0...
Google.Solutions.Compute Verbose: 0 : SshRelayStream [TX: 2 TXA: 0 RX: 0 AQ: 1]: Resending DATA #0...
Google.Solutions.Compute Verbose: 0 : SshRelayStream [TX: 2 TXA: 0 RX: 0 AQ: 1]: Resending DATA #0...
Google.Solutions.Compute Verbose: 0 : SshRelayStream [TX: 2 TXA: 0 RX: 0 AQ: 1]: Resending DATA #0...
Google.Solutions.Compute Verbose: 0 : SshRelayStream [TX: 2 TXA: 0 RX: 0 AQ: 1]: Resending DATA #0...
Google.Solutions.Compute Verbose: 0 : SshRelayStream [TX: 2 TXA: 0 RX: 0 AQ: 1]: Resending DATA #0...
Google.Solutions.Compute Verbose: 0 : SshRelayStream [TX: 2 TXA: 0 RX: 0 AQ: 1]: Resending DATA #0...
Google.Solutions.Compute Verbose: 0 : SshRelayStream [TX: 2 TXA: 0 RX: 0 AQ: 1]: Resending DATA #0...
Google.Solutions.Compute Verbose: 0 : SshRelayStream [TX: 2 TXA: 0 RX: 0 AQ: 1]: Resending DATA #0...
Google.Solutions.Compute Verbose: 0 : SshRelayStream [TX: 2 TXA: 0 RX: 0 AQ: 1]: Resending DATA #0...
Google.Solutions.Compute Verbose: 0 : SshRelayStream [TX: 2 TXA: 0 RX: 0 AQ: 1]: Resending DATA #0...
Google.Solutions.Compute Verbose: 0 : SshRelayStream [TX: 2 TXA: 0 RX: 0 AQ: 1]: Resending DATA #0...
Google.Solutions.Compute Verbose: 0 : SshRelayStream [TX: 2 TXA: 0 RX: 0 AQ: 1]: Resending DATA #0...
Google.Solutions.Compute Verbose: 0 : SshRelayStream [TX: 2 TXA: 0 RX: 0 AQ: 1]: Resending DATA #0...
Google.Solutions.Compute Verbose: 0 : SshRelayStream [TX: 2 TXA: 0 RX: 0 AQ: 1]: Resending DATA #0...
Google.Solutions.Compute Verbose: 0 : SshRelayStream [TX: 2 TXA: 0 RX: 0 AQ: 1]: Resending DATA #0...
Google.Solutions.Compute Verbose: 0 : SshRelayStream [TX: 2 TXA: 0 RX: 0 AQ: 1]: Resending DATA #0...
Google.Solutions.Compute Verbose: 0 : SshRelayStream [TX: 2 TXA: 0 RX: 0 AQ: 1]: Resending DATA #0...
Google.Solutions.Compute Verbose: 0 : SshRelayStream [TX: 2 TXA: 0 RX: 0 AQ: 1]: Resending DATA #0...
Google.Solutions.Compute Verbose: 0 : SshRelayStream [TX: 2 TXA: 0 RX: 0 AQ: 1]: Resending DATA #0...
Google.Solutions.Compute Verbose: 0 : SshRelayStream [TX: 2 TXA: 0 RX: 0 AQ: 1]: Resending DATA #0...
Google.Solutions.Compute Verbose: 0 : SshRelayStream [TX: 2 TXA: 0 RX: 0 AQ: 1]: Resending DATA #0...
Google.Solutions.Compute Verbose: 0 : SshRelayStream [TX: 2 TXA: 0 RX: 0 AQ: 1]: Resending DATA #0...
Google.Solutions.Compute Verbose: 0 : SshRelayStream [TX: 2 TXA: 0 RX: 0 AQ: 1]: Resending DATA #0...
Google.Solutions.Compute Verbose: 0 : SshRelayStream [TX: 2 TXA: 0 RX: 0 AQ: 1]: Resending DATA #0...
Google.Solutions.Compute Verbose: 0 : SshRelayStream [TX: 2 TXA: 0 RX: 0 AQ: 1]: Resending DATA #0...
Google.Solutions.Compute Verbose: 0 : SshRelayStream [TX: 2 TXA: 0 RX: 0 AQ: 1]: Resending DATA #0...
Google.Solutions.Compute Verbose: 0 : SshRelayStream [TX: 2 TXA: 0 RX: 0 AQ: 1]: Resending DATA #0...
Google.Solutions.Compute Verbose: 0 : SshRelayStream [TX: 2 TXA: 0 RX: 0 AQ: 1]: Resending DATA #0...
Google.Solutions.Compute Verbose: 0 : SshRelayStream [TX: 2 TXA: 0 RX: 0 AQ: 1]: Resending DATA #0...
Google.Solutions.Compute Verbose: 0 : SshRelayStream [TX: 2 TXA: 0 RX: 0 AQ: 1]: Resending DATA #0...
Google.Solutions.Compute Verbose: 0 : SshRelayStream [TX: 2 TXA: 0 RX: 0 AQ: 1]: Resending DATA #0...
Google.Solutions.Compute Verbose: 0 : SshRelayStream [TX: 2 TXA: 0 RX: 0 AQ: 1]: Resending DATA #0...
Google.Solutions.Compute Verbose: 0 : SshRelayStream [TX: 2 TXA: 0 RX: 0 AQ: 1]: Resending DATA #0...
Google.Solutions.Compute Verbose: 0 : SshRelayStream [TX: 2 TXA: 0 RX: 0 AQ: 1]: Resending DATA #0...
Google.Solutions.Compute Verbose: 0 : SshRelayStream [TX: 2 TXA: 0 RX: 0 AQ: 1]: Resending DATA #0...
Google.Solutions.Compute Verbose: 0 : SshRelayStream [TX: 2 TXA: 0 RX: 0 AQ: 1]: Resending DATA #0...
Google.Solutions.Compute Verbose: 0 : SshRelayStream [TX: 2 TXA: 0 RX: 0 AQ: 1]: Resending DATA #0...
Google.Solutions.Compute Verbose: 0 : SshRelayStream [TX: 2 TXA: 0 RX: 0 AQ: 1]: Resending DATA #0...
Google.Solutions.Compute Verbose: 0 : SshRelayStream [TX: 2 TXA: 0 RX: 0 AQ: 1]: Resending DATA #0...
Google.Solutions.Compute Verbose: 0 : SshRelayStream [TX: 2 TXA: 0 RX: 0 AQ: 1]: Resending DATA #0...
Google.Solutions.Compute Verbose: 0 : SshRelayStream [TX: 2 TXA: 0 RX: 0 AQ: 1]: Resending DATA #0...
Google.Solutions.Compute Verbose: 0 : SshRelayStream [TX: 2 TXA: 0 RX: 0 AQ: 1]: Resending DATA #0...
Google.Solutions.Compute Verbose: 0 : SshRelayStream [TX: 2 TXA: 0 RX: 0 AQ: 1]: Resending DATA #0...
Google.Solutions.Compute Verbose: 0 : SshRelayStream [TX: 2 TXA: 0 RX: 0 AQ: 1]: Resending DATA #0...
Google.Solutions.Compute Verbose: 0 : SshRelayStream [TX: 2 TXA: 0 RX: 0 AQ: 0]: Resending DATA #1...
Google.Solutions.Compute Verbose: 0 : SshRelayStream [TX: 2 TXA: 0 RX: 0 AQ: 0]: Resending DATA #1...
Google.Solutions.Compute Verbose: 0 : SshRelayStream [TX: 2 TXA: 0 RX: 0 AQ: 0]: Resending DATA #1...
Google.Solutions.Compute Verbose: 0 : SshRelayStream [TX: 2 TXA: 0 RX: 0 AQ: 0]: Resending DATA #1...
Google.Solutions.Compute Verbose: 0 : SshRelayStream [TX: 2 TXA: 0 RX: 0 AQ: 0]: Resending DATA #1...
Google.Solutions.Compute Verbose: 0 : SshRelayStream [TX: 2 TXA: 0 RX: 0 AQ: 0]: Resending DATA #1...
Google.Solutions.Compute Verbose: 0 : SshRelayStream [TX: 2 TXA: 0 RX: 0 AQ: 0]: Resending DATA #1...
Google.Solutions.Compute Verbose: 0 : SshRelayStream [TX: 2 TXA: 0 RX: 0 AQ: 0]: Resending DATA #1...
Google.Solutions.Compute Verbose: 0 : SshRelayStream [TX: 2 TXA: 0 RX: 0 AQ: 0]: Resending DATA #1...
Google.Solutions.Compute Verbose: 0 : SshRelayStream [TX: 2 TXA: 0 RX: 0 AQ: 0]: Resending DATA #1...
Google.Solutions.Compute Verbose: 0 : SshRelayStream [TX: 2 TXA: 0 RX: 0 AQ: 0]: Resending DATA #1...
Google.Solutions.Compute Verbose: 0 : SshRelayStream [TX: 2 TXA: 0 RX: 0 AQ: 0]: Resending DATA #1...
Google.Solutions.Compute Verbose: 0 : SshRelayStream [TX: 2 TXA: 0 RX: 0 AQ: 0]: Resending DATA #1...
Google.Solutions.Compute Verbose: 0 : SshRelayStream [TX: 2 TXA: 0 RX: 0 AQ: 0]: Resending DATA #1...
Google.Solutions.Compute Verbose: 0 : SshRelayStream [TX: 2 TXA: 0 RX: 0 AQ: 0]: Resending DATA #1...
Google.Solutions.Compute Verbose: 0 : SshRelayStream [TX: 2 TXA: 0 RX: 0 AQ: 0]: Resending DATA #1...
Google.Solutions.Compute Verbose: 0 : SshRelayStream [TX: 2 TXA: 0 RX: 0 AQ: 0]: Resending DATA #1...
Google.Solutions.Compute Verbose: 0 : SshRelayStream [TX: 2 TXA: 0 RX: 0 AQ: 0]: Resending DATA #1...
Google.Solutions.Compute Verbose: 0 : SshRelayStream [TX: 2 TXA: 0 RX: 0 AQ: 0]: Resending DATA #1...
Google.Solutions.Compute Verbose: 0 : SshRelayStream [TX: 2 TXA: 0 RX: 0 AQ: 0]: Resending DATA #1...
Google.Solutions.Compute Verbose: 0 : SshRelayStream [TX: 2 TXA: 0 RX: 0 AQ: 0]: Resending DATA #1...
Google.Solutions.Compute Verbose: 0 : SshRelayStream [TX: 2 TXA: 0 RX: 0 AQ: 0]: Resending DATA #1...
Google.Solutions.Compute Verbose: 0 : SshRelayStream [TX: 2 TXA: 0 RX: 0 AQ: 0]: Resending DATA #1...
Google.Solutions.Compute Verbose: 0 : SshRelayStream [TX: 2 TXA: 0 RX: 0 AQ: 0]: Resending DATA #1...
Google.Solutions.Compute Verbose: 0 : SshRelayStream [TX: 2 TXA: 0 RX: 0 AQ: 0]: Resending DATA #1...
Google.Solutions.Compute Verbose: 0 : SshRelayStream [TX: 2 TXA: 0 RX: 0 AQ: 0]: Resending DATA #1...
Google.Solutions.Compute Verbose: 0 : SshRelayStream [TX: 2 TXA: 0 RX: 0 AQ: 0]: Resending DATA #1...
Google.Solutions.Compute Verbose: 0 : SshRelayStream [TX: 2 TXA: 0 RX: 0 AQ: 0]: Resending DATA #1...
Google.Solutions.Compute Verbose: 0 : SshRelayStream [TX: 2 TXA: 0 RX: 0 AQ: 0]: Resending DATA #1...
Google.Solutions.Compute Verbose: 0 : SshRelayStream [TX: 2 TXA: 0 RX: 0 AQ: 0]: Resending DATA #1...
Google.Solutions.Compute Verbose: 0 : SshRelayStream [TX: 2 TXA: 0 RX: 0 AQ: 0]: Resending DATA #1...
Google.Solutions.Compute Verbose: 0 : SshRelayStream [TX: 2 TXA: 0 RX: 0 AQ: 0]: Resending DATA #1...
Google.Solutions.Compute Verbose: 0 : SshRelayStream [TX: 2 TXA: 0 RX: 0 AQ: 0]: Resending DATA #1...
Google.Solutions.Compute Verbose: 0 : SshRelayStream [TX: 2 TXA: 0 RX: 0 AQ: 0]: Resending DATA #1...
Google.Solutions.Compute Verbose: 0 : SshRelayStream [TX: 2 TXA: 0 RX: 0 AQ: 0]: Resending DATA #1...
Google.Solutions.Compute Verbose: 0 : SshRelayStream [TX: 2 TXA: 0 RX: 0 AQ: 0]: Resending DATA #1...
Google.Solutions.Compute Verbose: 0 : SshRelayStream [TX: 2 TXA: 0 RX: 0 AQ: 0]: Resending DATA #1...
Google.Solutions.Compute Verbose: 0 : SshRelayStream [TX: 2 TXA: 0 RX: 0 AQ: 0]: Resending DATA #1...
Google.Solutions.Compute Verbose: 0 : SshRelayStream [TX: 2 TXA: 0 RX: 0 AQ: 0]: Resending DATA #1...
Google.Solutions.Compute Verbose: 0 : SshRelayStream [TX: 2 TXA: 0 RX: 0 AQ: 0]: Resending DATA #1...
Google.Solutions.Compute Verbose: 0 : SshRelayStream [TX: 2 TXA: 0 RX: 0 AQ: 0]: Resending DATA #1...
Google.Solutions.Compute Verbose: 0 : SshRelayStream [TX: 2 TXA: 0 RX: 0 AQ: 0]: Resending DATA #1...
Google.Solutions.Compute Verbose: 0 : SshRelayStream [TX: 2 TXA: 0 RX: 0 AQ: 0]: Resending DATA #1...
Google.Solutions.Compute Verbose: 0 : SshRelayStream [TX: 2 TXA: 0 RX: 0 AQ: 0]: Resending DATA #1...
Google.Solutions.Compute Verbose: 0 : SshRelayStream [TX: 2 TXA: 0 RX: 0 AQ: 0]: Resending DATA #1...
Google.Solutions.Compute Verbose: 0 : SshRelayStream [TX: 2 TXA: 0 RX: 0 AQ: 0]: Resending DATA #1...
Google.Solutions.Compute Verbose: 0 : SshRelayStream [TX: 2 TXA: 0 RX: 0 AQ: 0]: Resending DATA #1...
Google.Solutions.Compute Verbose: 0 : SshRelayStream [TX: 2 TXA: 0 RX: 0 AQ: 0]: Resending DATA #1...
Google.Solutions.Compute Verbose: 0 : SshRelayStream [TX: 2 TXA: 0 RX: 0 AQ: 0]: Resending DATA #1...
Google.Solutions.Compute Verbose: 0 : SshRelayStream [TX: 2 TXA: 0 RX: 0 AQ: 0]: Resending DATA #1...
Google.Solutions.Compute Verbose: 0 : SshRelayStream [TX: 2 TXA: 0 RX: 0 AQ: 0]: Resending DATA #1...
Google.Solutions.Compute Verbose: 0 : SshRelayStream [TX: 2 TXA: 0 RX: 0 AQ: 0]: Resending DATA #1...
Google.Solutions.Compute Verbose: 0 : SshRelayStream [TX: 2 TXA: 0 RX: 0 AQ: 0]: Resending DATA #1...
Google.Solutions.Compute Verbose: 0 : SshRelayStream [TX: 2 TXA: 0 RX: 0 AQ: 0]: Resending DATA #1...
Google.Solutions.Compute Verbose: 0 : SshRelayStream [TX: 2 TXA: 0 RX: 0 AQ: 0]: Resending DATA #1...
Google.Solutions.Compute Verbose: 0 : SshRelayStream [TX: 2 TXA: 0 RX: 0 AQ: 0]: Resending DATA #1...
Google.Solutions.Compute Verbose: 0 : SshRelayStream [TX: 2 TXA: 0 RX: 0 AQ: 0]: Resending DATA #1...
Google.Solutions.Compute Verbose: 0 : SshRelayStream [TX: 2 TXA: 0 RX: 0 AQ: 0]: Sending DATA #2...
Google.Solutions.Compute Verbose: 0 : SshRelayStream [TX: 2 TXA: 0 RX: 0 AQ: 0]: Sending DATA #2...
Google.Solutions.Compute Verbose: 0 : SshRelayStream [TX: 2 TXA: 0 RX: 0 AQ: 0]: Sending DATA #2...
Google.Solutions.Compute Verbose: 0 : SshRelayStream [TX: 2 TXA: 0 RX: 0 AQ: 0]: Sending DATA #2...
Google.Solutions.Compute Verbose: 0 : SshRelayStream [TX: 2 TXA: 0 RX: 0 AQ: 0]: Sending DATA #2...
Google.Solutions.Compute Verbose: 0 : SshRelayStream [TX: 2 TXA: 0 RX: 0 AQ: 0]: Sending DATA #2...
Google.Solutions.Compute Verbose: 0 : SshRelayStream [TX: 2 TXA: 0 RX: 0 AQ: 0]: Sending DATA #2...
Google.Solutions.Compute Verbose: 0 : SshRelayStream [TX: 2 TXA: 0 RX: 0 AQ: 0]: Sending DATA #2...
Google.Solutions.Compute Verbose: 0 : SshRelayStream [TX: 2 TXA: 0 RX: 0 AQ: 0]: Sending DATA #2...
Google.Solutions.Compute Verbose: 0 : SshRelayStream [TX: 2 TXA: 0 RX: 0 AQ: 0]: Sending DATA #2...
Google.Solutions.Compute Verbose: 0 : SshRelayStream [TX: 2 TXA: 0 RX: 0 AQ: 0]: Sending DATA #2...
Google.Solutions.Compute Verbose: 0 : SshRelayStream [TX: 2 TXA: 0 RX: 0 AQ: 0]: Sending DATA #2...
Google.Solutions.Compute Verbose: 0 : SshRelayStream [TX: 2 TXA: 0 RX: 0 AQ: 0]: Sending DATA #2...
Google.Solutions.Compute Verbose: 0 : SshRelayStream [TX: 2 TXA: 0 RX: 0 AQ: 0]: Sending DATA #2...
Google.Solutions.Compute Verbose: 0 : SshRelayStream [TX: 2 TXA: 0 RX: 0 AQ: 0]: Sending DATA #2...
Google.Solutions.Compute Verbose: 0 : SshRelayStream [TX: 2 TXA: 0 RX: 0 AQ: 0]: Sending DATA #2...
Google.Solutions.Compute Verbose: 0 : SshRelayStream [TX: 2 TXA: 0 RX: 0 AQ: 0]: Sending DATA #2...
Google.Solutions.Compute Verbose: 0 : SshRelayStream [TX: 2 TXA: 0 RX: 0 AQ: 0]: Sending DATA #2...
Google.Solutions.Compute Verbose: 0 : SshRelayStream [TX: 2 TXA: 0 RX: 0 AQ: 0]: Sending DATA #2...
Google.Solutions.Compute Verbose: 0 : SshRelayStream [TX: 2 TXA: 0 RX: 0 AQ: 0]: Sending DATA #2...
Google.Solutions.Compute Verbose: 0 : SshRelayStream [TX: 2 TXA: 0 RX: 0 AQ: 0]: Sending DATA #2...
Google.Solutions.Compute Verbose: 0 : SshRelayStream [TX: 2 TXA: 0 RX: 0 AQ: 0]: Sending DATA #2...
Google.Solutions.Compute Verbose: 0 : SshRelayStream [TX: 2 TXA: 0 RX: 0 AQ: 0]: Sending DATA #2...
Google.Solutions.Compute Verbose: 0 : SshRelayStream [TX: 2 TXA: 0 RX: 0 AQ: 0]: Sending DATA #2...
Google.Solutions.Compute Verbose: 0 : SshRelayStream [TX: 2 TXA: 0 RX: 0 AQ: 0]: Sending DATA #2...
Google.Solutions.Compute Verbose: 0 : SshRelayStream [TX: 2 TXA: 0 RX: 0 AQ: 0]: Sending DATA #2...
Google.Solutions.Compute Verbose: 0 : SshRelayStream [TX: 2 TXA: 0 RX: 0 AQ: 0]: Sending DATA #2...
Google.Solutions.Compute Verbose: 0 : SshRelayStream [TX: 2 TXA: 0 RX: 0 AQ: 0]: Sending DATA #2...
Google.Solutions.Compute Verbose: 0 : SshRelayStream [TX: 2 TXA: 0 RX: 0 AQ: 0]: Sending DATA #2...
Google.Solutions.Compute Verbose: 0 : SshRelayStream [TX: 2 TXA: 0 RX: 0 AQ: 0]: Sending DATA #2...
Google.Solutions.Compute Verbose: 0 : SshRelayStream [TX: 2 TXA: 0 RX: 0 AQ: 0]: Sending DATA #2...
Google.Solutions.Compute Verbose: 0 : SshRelayStream [TX: 2 TXA: 0 RX: 0 AQ: 0]: Sending DATA #2...
Google.Solutions.Compute Verbose: 0 : SshRelayStream [TX: 2 TXA: 0 RX: 0 AQ: 0]: Sending DATA #2...
Google.Solutions.Compute Verbose: 0 : SshRelayStream [TX: 2 TXA: 0 RX: 0 AQ: 0]: Sending DATA #2...
Google.Solutions.Compute Verbose: 0 : SshRelayStream [TX: 2 TXA: 0 RX: 0 AQ: 0]: Sending DATA #2...
Google.Solutions.Compute Verbose: 0 : SshRelayStream [TX: 2 TXA: 0 RX: 0 AQ: 0]: Sending DATA #2...
Google.Solutions.Compute Verbose: 0 : SshRelayStream [TX: 2 TXA: 0 RX: 0 AQ: 0]: Sending DATA #2...
Google.Solutions.Compute Verbose: 0 : SshRelayStream [TX: 2 TXA: 0 RX: 0 AQ: 0]: Sending DATA #2...
Google.Solutions.Compute Verbose: 0 : SshRelayStream [TX: 2 TXA: 0 RX: 0 AQ: 0]: Sending DATA #2...
Google.Solutions.Compute Verbose: 0 : SshRelayStream [TX: 2 TXA: 0 RX: 0 AQ: 0]: Sending DATA #2...
Google.Solutions.Compute Verbose: 0 : SshRelayStream [TX: 2 TXA: 0 RX: 0 AQ: 0]: Sending DATA #2...
Google.Solutions.Compute Verbose: 0 : SshRelayStream [TX: 2 TXA: 0 RX: 0 AQ: 0]: Sending DATA #2...
Google.Solutions.Compute Verbose: 0 : SshRelayStream [TX: 2 TXA: 0 RX: 0 AQ: 0]: Sending DATA #2...
Google.Solutions.Compute Verbose: 0 : SshRelayStream [TX: 2 TXA: 0 RX: 0 AQ: 0]: Sending DATA #2...
Google.Solutions.Compute Verbose: 0 : SshRelayStream [TX: 2 TXA: 0 RX: 0 AQ: 0]: Sending DATA #2...
Google.Solutions.Compute Verbose: 0 : SshRelayStream [TX: 2 TXA: 0 RX: 0 AQ: 0]: Sending DATA #2...
Google.Solutions.Compute Verbose: 0 : SshRelayStream [TX: 2 TXA: 0 RX: 0 AQ: 0]: Sending DATA #2...
Google.Solutions.Compute Verbose: 0 : SshRelayStream [TX: 2 TXA: 0 RX: 0 AQ: 0]: Sending DATA #2...
Google.Solutions.Compute Verbose: 0 : SshRelayStream [TX: 2 TXA: 0 RX: 0 AQ: 0]: Sending DATA #2...
Google.Solutions.Compute Verbose: 0 : SshRelayStream [TX: 2 TXA: 0 RX: 0 AQ: 0]: Sending DATA #2...
Google.Solutions.Compute Verbose: 0 : SshRelayStream [TX: 2 TXA: 0 RX: 0 AQ: 0]: Sending DATA #2...
Google.Solutions.Compute Verbose: 0 : SshRelayStream [TX: 2 TXA: 0 RX: 0 AQ: 0]: Sending DATA #2...
Google.Solutions.Compute Verbose: 0 : SshRelayStream [TX: 2 TXA: 0 RX: 0 AQ: 0]: Sending DATA #2...
Google.Solutions.Compute Verbose: 0 : SshRelayStream [TX: 2 TXA: 0 RX: 0 AQ: 0]: Sending DATA #2...
Google.Solutions.Compute Verbose: 0 : SshRelayStream [TX: 2 TXA: 0 RX: 0 AQ: 0]: Sending DATA #2...
Google.Solutions.Compute Verbose: 0 : SshRelayStream [TX: 2 TXA: 0 RX: 0 AQ: 0]: Sending DATA #2...
Google.Solutions.Compute Verbose: 0 : SshRelayStream [TX: 2 TXA: 0 RX: 0 AQ: 0]: Sending DATA #2...
</system-out></testcase></testsuite><testsuite tests="10" time="0.020658" errors="0" failures="0" skipped="0" timestamp="2019-08-24 09:17:29Z" name="Google.Solutions.Compute.Test.dll.Google.Solutions.Compute.Test.Iap.TestSshRelayStreamWriting.WriteAfterForcefulServerCloseCausesReconnectAndDataBeingResentIfDataReadBefore."><testcase name="WriteAfterForcefulServerCloseCausesReconnectAndDataBeingResentIfDataReadBefore(EndpointUnavailable)" assertions="9" time="0.004219" status="Passed" classname="Google.Solutions.Compute.Test.Iap.TestSshRelayStreamWriting"><system-out>Google.Solutions.Compute Verbose: 0 : SshRelayStream [TX: 0 TXA: 0 RX: 0 AQ: 0]: Connecting...
Google.Solutions.Compute Verbose: 0 : SshRelayStream [TX: 0 TXA: 0 RX: 0 AQ: 0]: Connecting...
Google.Solutions.Compute Verbose: 0 : SshRelayStream [TX: 0 TXA: 0 RX: 0 AQ: 0]: Connecting...
Google.Solutions.Compute Verbose: 0 : SshRelayStream [TX: 0 TXA: 0 RX: 0 AQ: 0]: Connecting...
Google.Solutions.Compute Verbose: 0 : SshRelayStream [TX: 0 TXA: 0 RX: 0 AQ: 0]: Connecting...
Google.Solutions.Compute Verbose: 0 : SshRelayStream [TX: 0 TXA: 0 RX: 0 AQ: 0]: Connecting...
Google.Solutions.Compute Verbose: 0 : SshRelayStream [TX: 0 TXA: 0 RX: 0 AQ: 0]: Connecting...
Google.Solutions.Compute Verbose: 0 : SshRelayStream [TX: 0 TXA: 0 RX: 0 AQ: 0]: Connecting...
Google.Solutions.Compute Verbose: 0 : SshRelayStream [TX: 0 TXA: 0 RX: 0 AQ: 0]: Connecting...
Google.Solutions.Compute Verbose: 0 : SshRelayStream [TX: 0 TXA: 0 RX: 0 AQ: 0]: Connecting...
Google.Solutions.Compute Verbose: 0 : SshRelayStream [TX: 0 TXA: 0 RX: 0 AQ: 0]: Connecting...
Google.Solutions.Compute Verbose: 0 : SshRelayStream [TX: 0 TXA: 0 RX: 0 AQ: 0]: Connecting...
Google.Solutions.Compute Verbose: 0 : SshRelayStream [TX: 0 TXA: 0 RX: 0 AQ: 0]: Connecting...
Google.Solutions.Compute Verbose: 0 : SshRelayStream [TX: 0 TXA: 0 RX: 0 AQ: 0]: Connecting...
Google.Solutions.Compute Verbose: 0 : SshRelayStream [TX: 0 TXA: 0 RX: 0 AQ: 0]: Connecting...
Google.Solutions.Compute Verbose: 0 : SshRelayStream [TX: 0 TXA: 0 RX: 0 AQ: 0]: Connecting...
Google.Solutions.Compute Verbose: 0 : SshRelayStream [TX: 0 TXA: 0 RX: 0 AQ: 0]: Connecting...
Google.Solutions.Compute Verbose: 0 : SshRelayStream [TX: 0 TXA: 0 RX: 0 AQ: 0]: Connecting...
Google.Solutions.Compute Verbose: 0 : SshRelayStream [TX: 0 TXA: 0 RX: 0 AQ: 0]: Connecting...
Google.Solutions.Compute Verbose: 0 : SshRelayStream [TX: 0 TXA: 0 RX: 0 AQ: 0]: Connecting...
Google.Solutions.Compute Verbose: 0 : SshRelayStream [TX: 0 TXA: 0 RX: 0 AQ: 0]: Connecting...
Google.Solutions.Compute Verbose: 0 : SshRelayStream [TX: 0 TXA: 0 RX: 0 AQ: 0]: Connecting...
Google.Solutions.Compute Verbose: 0 : SshRelayStream [TX: 0 TXA: 0 RX: 0 AQ: 0]: Connecting...
Google.Solutions.Compute Verbose: 0 : SshRelayStream [TX: 0 TXA: 0 RX: 0 AQ: 0]: Connecting...
Google.Solutions.Compute Verbose: 0 : SshRelayStream [TX: 0 TXA: 0 RX: 0 AQ: 0]: Connecting...
Google.Solutions.Compute Verbose: 0 : SshRelayStream [TX: 0 TXA: 0 RX: 0 AQ: 0]: Connecting...
Google.Solutions.Compute Verbose: 0 : SshRelayStream [TX: 0 TXA: 0 RX: 0 AQ: 0]: Connecting...
Google.Solutions.Compute Verbose: 0 : SshRelayStream [TX: 0 TXA: 0 RX: 0 AQ: 0]: Connecting...
Google.Solutions.Compute Verbose: 0 : SshRelayStream [TX: 0 TXA: 0 RX: 0 AQ: 0]: Connecting...
Google.Solutions.Compute Verbose: 0 : SshRelayStream [TX: 0 TXA: 0 RX: 0 AQ: 0]: Connecting...
Google.Solutions.Compute Verbose: 0 : SshRelayStream [TX: 0 TXA: 0 RX: 0 AQ: 0]: Connecting...
Google.Solutions.Compute Verbose: 0 : SshRelayStream [TX: 0 TXA: 0 RX: 0 AQ: 0]: Connecting...
Google.Solutions.Compute Verbose: 0 : SshRelayStream [TX: 0 TXA: 0 RX: 0 AQ: 0]: Connecting...
Google.Solutions.Compute Verbose: 0 : SshRelayStream [TX: 0 TXA: 0 RX: 0 AQ: 0]: Connecting...
Google.Solutions.Compute Verbose: 0 : SshRelayStream [TX: 0 TXA: 0 RX: 0 AQ: 0]: Connecting...
Google.Solutions.Compute Verbose: 0 : SshRelayStream [TX: 0 TXA: 0 RX: 0 AQ: 0]: Connecting...
Google.Solutions.Compute Verbose: 0 : SshRelayStream [TX: 0 TXA: 0 RX: 0 AQ: 0]: Connecting...
Google.Solutions.Compute Verbose: 0 : SshRelayStream [TX: 0 TXA: 0 RX: 0 AQ: 0]: Connecting...
Google.Solutions.Compute Verbose: 0 : SshRelayStream [TX: 0 TXA: 0 RX: 0 AQ: 0]: Connecting...
Google.Solutions.Compute Verbose: 0 : SshRelayStream [TX: 0 TXA: 0 RX: 0 AQ: 0]: Connecting...
Google.Solutions.Compute Verbose: 0 : SshRelayStream [TX: 0 TXA: 0 RX: 0 AQ: 0]: Connecting...
Google.Solutions.Compute Verbose: 0 : SshRelayStream [TX: 0 TXA: 0 RX: 0 AQ: 0]: Connecting...
Google.Solutions.Compute Verbose: 0 : SshRelayStream [TX: 0 TXA: 0 RX: 0 AQ: 0]: Connecting...
Google.Solutions.Compute Verbose: 0 : SshRelayStream [TX: 0 TXA: 0 RX: 0 AQ: 0]: Connecting...
Google.Solutions.Compute Verbose: 0 : SshRelayStream [TX: 0 TXA: 0 RX: 0 AQ: 0]: Connecting...
Google.Solutions.Compute Verbose: 0 : SshRelayStream [TX: 0 TXA: 0 RX: 0 AQ: 0]: Connecting...
Google.Solutions.Compute Verbose: 0 : SshRelayStream [TX: 0 TXA: 0 RX: 0 AQ: 0]: Connecting...
Google.Solutions.Compute Verbose: 0 : SshRelayStream [TX: 0 TXA: 0 RX: 0 AQ: 0]: Connecting...
Google.Solutions.Compute Verbose: 0 : SshRelayStream [TX: 0 TXA: 0 RX: 0 AQ: 0]: Connecting...
Google.Solutions.Compute Verbose: 0 : SshRelayStream [TX: 0 TXA: 0 RX: 0 AQ: 0]: Connecting...
Google.Solutions.Compute Verbose: 0 : SshRelayStream [TX: 0 TXA: 0 RX: 0 AQ: 0]: Connecting...
Google.Solutions.Compute Verbose: 0 : SshRelayStream [TX: 0 TXA: 0 RX: 0 AQ: 0]: Connecting...
Google.Solutions.Compute Verbose: 0 : SshRelayStream [TX: 0 TXA: 0 RX: 0 AQ: 0]: Connecting...
Google.Solutions.Compute Verbose: 0 : SshRelayStream [TX: 0 TXA: 0 RX: 0 AQ: 0]: Connecting...
Google.Solutions.Compute Verbose: 0 : SshRelayStream [TX: 0 TXA: 0 RX: 0 AQ: 0]: Connecting...
Google.Solutions.Compute Verbose: 0 : SshRelayStream [TX: 0 TXA: 0 RX: 0 AQ: 0]: Connecting...
Google.Solutions.Compute Verbose: 0 : SshRelayStream [TX: 0 TXA: 0 RX: 0 AQ: 0]: Connecting...
Google.Solutions.Compute Verbose: 0 : SshRelayStream [TX: 0 TXA: 0 RX: 0 AQ: 0]: Connecting...
Google.Solutions.Compute Verbose: 0 : SshRelayStream [TX: 0 TXA: 0 RX: 0 AQ: 0]: Sending DATA #0...
Google.Solutions.Compute Verbose: 0 : SshRelayStream [TX: 0 TXA: 0 RX: 0 AQ: 0]: Sending DATA #0...
Google.Solutions.Compute Verbose: 0 : SshRelayStream [TX: 0 TXA: 0 RX: 0 AQ: 0]: Sending DATA #0...
Google.Solutions.Compute Verbose: 0 : SshRelayStream [TX: 0 TXA: 0 RX: 0 AQ: 0]: Sending DATA #0...
Google.Solutions.Compute Verbose: 0 : SshRelayStream [TX: 0 TXA: 0 RX: 0 AQ: 0]: Sending DATA #0...
Google.Solutions.Compute Verbose: 0 : SshRelayStream [TX: 0 TXA: 0 RX: 0 AQ: 0]: Sending DATA #0...
Google.Solutions.Compute Verbose: 0 : SshRelayStream [TX: 0 TXA: 0 RX: 0 AQ: 0]: Sending DATA #0...
Google.Solutions.Compute Verbose: 0 : SshRelayStream [TX: 0 TXA: 0 RX: 0 AQ: 0]: Sending DATA #0...
Google.Solutions.Compute Verbose: 0 : SshRelayStream [TX: 0 TXA: 0 RX: 0 AQ: 0]: Sending DATA #0...
Google.Solutions.Compute Verbose: 0 : SshRelayStream [TX: 0 TXA: 0 RX: 0 AQ: 0]: Sending DATA #0...
Google.Solutions.Compute Verbose: 0 : SshRelayStream [TX: 0 TXA: 0 RX: 0 AQ: 0]: Sending DATA #0...
Google.Solutions.Compute Verbose: 0 : SshRelayStream [TX: 0 TXA: 0 RX: 0 AQ: 0]: Sending DATA #0...
Google.Solutions.Compute Verbose: 0 : SshRelayStream [TX: 0 TXA: 0 RX: 0 AQ: 0]: Sending DATA #0...
Google.Solutions.Compute Verbose: 0 : SshRelayStream [TX: 0 TXA: 0 RX: 0 AQ: 0]: Sending DATA #0...
Google.Solutions.Compute Verbose: 0 : SshRelayStream [TX: 0 TXA: 0 RX: 0 AQ: 0]: Sending DATA #0...
Google.Solutions.Compute Verbose: 0 : SshRelayStream [TX: 0 TXA: 0 RX: 0 AQ: 0]: Sending DATA #0...
Google.Solutions.Compute Verbose: 0 : SshRelayStream [TX: 0 TXA: 0 RX: 0 AQ: 0]: Sending DATA #0...
Google.Solutions.Compute Verbose: 0 : SshRelayStream [TX: 0 TXA: 0 RX: 0 AQ: 0]: Sending DATA #0...
Google.Solutions.Compute Verbose: 0 : SshRelayStream [TX: 0 TXA: 0 RX: 0 AQ: 0]: Sending DATA #0...
Google.Solutions.Compute Verbose: 0 : SshRelayStream [TX: 0 TXA: 0 RX: 0 AQ: 0]: Sending DATA #0...
Google.Solutions.Compute Verbose: 0 : SshRelayStream [TX: 0 TXA: 0 RX: 0 AQ: 0]: Sending DATA #0...
Google.Solutions.Compute Verbose: 0 : SshRelayStream [TX: 0 TXA: 0 RX: 0 AQ: 0]: Sending DATA #0...
Google.Solutions.Compute Verbose: 0 : SshRelayStream [TX: 0 TXA: 0 RX: 0 AQ: 0]: Sending DATA #0...
Google.Solutions.Compute Verbose: 0 : SshRelayStream [TX: 0 TXA: 0 RX: 0 AQ: 0]: Sending DATA #0...
Google.Solutions.Compute Verbose: 0 : SshRelayStream [TX: 0 TXA: 0 RX: 0 AQ: 0]: Sending DATA #0...
Google.Solutions.Compute Verbose: 0 : SshRelayStream [TX: 0 TXA: 0 RX: 0 AQ: 0]: Sending DATA #0...
Google.Solutions.Compute Verbose: 0 : SshRelayStream [TX: 0 TXA: 0 RX: 0 AQ: 0]: Sending DATA #0...
Google.Solutions.Compute Verbose: 0 : SshRelayStream [TX: 0 TXA: 0 RX: 0 AQ: 0]: Sending DATA #0...
Google.Solutions.Compute Verbose: 0 : SshRelayStream [TX: 0 TXA: 0 RX: 0 AQ: 0]: Sending DATA #0...
Google.Solutions.Compute Verbose: 0 : SshRelayStream [TX: 0 TXA: 0 RX: 0 AQ: 0]: Sending DATA #0...
Google.Solutions.Compute Verbose: 0 : SshRelayStream [TX: 0 TXA: 0 RX: 0 AQ: 0]: Sending DATA #0...
Google.Solutions.Compute Verbose: 0 : SshRelayStream [TX: 0 TXA: 0 RX: 0 AQ: 0]: Sending DATA #0...
Google.Solutions.Compute Verbose: 0 : SshRelayStream [TX: 0 TXA: 0 RX: 0 AQ: 0]: Sending DATA #0...
Google.Solutions.Compute Verbose: 0 : SshRelayStream [TX: 0 TXA: 0 RX: 0 AQ: 0]: Sending DATA #0...
Google.Solutions.Compute Verbose: 0 : SshRelayStream [TX: 0 TXA: 0 RX: 0 AQ: 0]: Sending DATA #0...
Google.Solutions.Compute Verbose: 0 : SshRelayStream [TX: 0 TXA: 0 RX: 0 AQ: 0]: Sending DATA #0...
Google.Solutions.Compute Verbose: 0 : SshRelayStream [TX: 0 TXA: 0 RX: 0 AQ: 0]: Sending DATA #0...
Google.Solutions.Compute Verbose: 0 : SshRelayStream [TX: 0 TXA: 0 RX: 0 AQ: 0]: Sending DATA #0...
Google.Solutions.Compute Verbose: 0 : SshRelayStream [TX: 0 TXA: 0 RX: 0 AQ: 0]: Sending DATA #0...
Google.Solutions.Compute Verbose: 0 : SshRelayStream [TX: 0 TXA: 0 RX: 0 AQ: 0]: Sending DATA #0...
Google.Solutions.Compute Verbose: 0 : SshRelayStream [TX: 0 TXA: 0 RX: 0 AQ: 0]: Sending DATA #0...
Google.Solutions.Compute Verbose: 0 : SshRelayStream [TX: 0 TXA: 0 RX: 0 AQ: 0]: Sending DATA #0...
Google.Solutions.Compute Verbose: 0 : SshRelayStream [TX: 0 TXA: 0 RX: 0 AQ: 0]: Sending DATA #0...
Google.Solutions.Compute Verbose: 0 : SshRelayStream [TX: 0 TXA: 0 RX: 0 AQ: 0]: Sending DATA #0...
Google.Solutions.Compute Verbose: 0 : SshRelayStream [TX: 0 TXA: 0 RX: 0 AQ: 0]: Sending DATA #0...
Google.Solutions.Compute Verbose: 0 : SshRelayStream [TX: 0 TXA: 0 RX: 0 AQ: 0]: Sending DATA #0...
Google.Solutions.Compute Verbose: 0 : SshRelayStream [TX: 0 TXA: 0 RX: 0 AQ: 0]: Sending DATA #0...
Google.Solutions.Compute Verbose: 0 : SshRelayStream [TX: 0 TXA: 0 RX: 0 AQ: 0]: Sending DATA #0...
Google.Solutions.Compute Verbose: 0 : SshRelayStream [TX: 0 TXA: 0 RX: 0 AQ: 0]: Sending DATA #0...
Google.Solutions.Compute Verbose: 0 : SshRelayStream [TX: 0 TXA: 0 RX: 0 AQ: 0]: Sending DATA #0...
Google.Solutions.Compute Verbose: 0 : SshRelayStream [TX: 0 TXA: 0 RX: 0 AQ: 0]: Sending DATA #0...
Google.Solutions.Compute Verbose: 0 : SshRelayStream [TX: 0 TXA: 0 RX: 0 AQ: 0]: Sending DATA #0...
Google.Solutions.Compute Verbose: 0 : SshRelayStream [TX: 0 TXA: 0 RX: 0 AQ: 0]: Sending DATA #0...
Google.Solutions.Compute Verbose: 0 : SshRelayStream [TX: 0 TXA: 0 RX: 0 AQ: 0]: Sending DATA #0...
Google.Solutions.Compute Verbose: 0 : SshRelayStream [TX: 0 TXA: 0 RX: 0 AQ: 0]: Sending DATA #0...
Google.Solutions.Compute Verbose: 0 : SshRelayStream [TX: 0 TXA: 0 RX: 0 AQ: 0]: Sending DATA #0...
Google.Solutions.Compute Verbose: 0 : SshRelayStream [TX: 0 TXA: 0 RX: 0 AQ: 0]: Sending DATA #0...
Google.Solutions.Compute Verbose: 0 : SshRelayStream [TX: 0 TXA: 0 RX: 0 AQ: 0]: Sending DATA #0...
Google.Solutions.Compute Verbose: 0 : SshRelayStream [TX: 1 TXA: 0 RX: 0 AQ: 1]: Connected session &lt;\u0000&gt;
Google.Solutions.Compute Verbose: 0 : SshRelayStream [TX: 1 TXA: 0 RX: 0 AQ: 1]: Connected session &lt;\u0000&gt;
Google.Solutions.Compute Verbose: 0 : SshRelayStream [TX: 1 TXA: 0 RX: 0 AQ: 1]: Connected session &lt;\u0000&gt;
Google.Solutions.Compute Verbose: 0 : SshRelayStream [TX: 1 TXA: 0 RX: 0 AQ: 1]: Connected session &lt;\u0000&gt;
Google.Solutions.Compute Verbose: 0 : SshRelayStream [TX: 1 TXA: 0 RX: 0 AQ: 1]: Connected session &lt;\u0000&gt;
Google.Solutions.Compute Verbose: 0 : SshRelayStream [TX: 1 TXA: 0 RX: 0 AQ: 1]: Connected session &lt;\u0000&gt;
Google.Solutions.Compute Verbose: 0 : SshRelayStream [TX: 1 TXA: 0 RX: 0 AQ: 1]: Connected session &lt;\u0000&gt;
Google.Solutions.Compute Verbose: 0 : SshRelayStream [TX: 1 TXA: 0 RX: 0 AQ: 1]: Connected session &lt;\u0000&gt;
Google.Solutions.Compute Verbose: 0 : SshRelayStream [TX: 1 TXA: 0 RX: 0 AQ: 1]: Connected session &lt;\u0000&gt;
Google.Solutions.Compute Verbose: 0 : SshRelayStream [TX: 1 TXA: 0 RX: 0 AQ: 1]: Connected session &lt;\u0000&gt;
Google.Solutions.Compute Verbose: 0 : SshRelayStream [TX: 1 TXA: 0 RX: 0 AQ: 1]: Connected session &lt;\u0000&gt;
Google.Solutions.Compute Verbose: 0 : SshRelayStream [TX: 1 TXA: 0 RX: 0 AQ: 1]: Connected session &lt;\u0000&gt;
Google.Solutions.Compute Verbose: 0 : SshRelayStream [TX: 1 TXA: 0 RX: 0 AQ: 1]: Connected session &lt;\u0000&gt;
Google.Solutions.Compute Verbose: 0 : SshRelayStream [TX: 1 TXA: 0 RX: 0 AQ: 1]: Connected session &lt;\u0000&gt;
Google.Solutions.Compute Verbose: 0 : SshRelayStream [TX: 1 TXA: 0 RX: 0 AQ: 1]: Connected session &lt;\u0000&gt;
Google.Solutions.Compute Verbose: 0 : SshRelayStream [TX: 1 TXA: 0 RX: 0 AQ: 1]: Connected session &lt;\u0000&gt;
Google.Solutions.Compute Verbose: 0 : SshRelayStream [TX: 1 TXA: 0 RX: 0 AQ: 1]: Connected session &lt;\u0000&gt;
Google.Solutions.Compute Verbose: 0 : SshRelayStream [TX: 1 TXA: 0 RX: 0 AQ: 1]: Connected session &lt;\u0000&gt;
Google.Solutions.Compute Verbose: 0 : SshRelayStream [TX: 1 TXA: 0 RX: 0 AQ: 1]: Connected session &lt;\u0000&gt;
Google.Solutions.Compute Verbose: 0 : SshRelayStream [TX: 1 TXA: 0 RX: 0 AQ: 1]: Connected session &lt;\u0000&gt;
Google.Solutions.Compute Verbose: 0 : SshRelayStream [TX: 1 TXA: 0 RX: 0 AQ: 1]: Connected session &lt;\u0000&gt;
Google.Solutions.Compute Verbose: 0 : SshRelayStream [TX: 1 TXA: 0 RX: 0 AQ: 1]: Connected session &lt;\u0000&gt;
Google.Solutions.Compute Verbose: 0 : SshRelayStream [TX: 1 TXA: 0 RX: 0 AQ: 1]: Connected session &lt;\u0000&gt;
Google.Solutions.Compute Verbose: 0 : SshRelayStream [TX: 1 TXA: 0 RX: 0 AQ: 1]: Connected session &lt;\u0000&gt;
Google.Solutions.Compute Verbose: 0 : SshRelayStream [TX: 1 TXA: 0 RX: 0 AQ: 1]: Connected session &lt;\u0000&gt;
Google.Solutions.Compute Verbose: 0 : SshRelayStream [TX: 1 TXA: 0 RX: 0 AQ: 1]: Connected session &lt;\u0000&gt;
Google.Solutions.Compute Verbose: 0 : SshRelayStream [TX: 1 TXA: 0 RX: 0 AQ: 1]: Connected session &lt;\u0000&gt;
Google.Solutions.Compute Verbose: 0 : SshRelayStream [TX: 1 TXA: 0 RX: 0 AQ: 1]: Connected session &lt;\u0000&gt;
Google.Solutions.Compute Verbose: 0 : SshRelayStream [TX: 1 TXA: 0 RX: 0 AQ: 1]: Connected session &lt;\u0000&gt;
Google.Solutions.Compute Verbose: 0 : SshRelayStream [TX: 1 TXA: 0 RX: 0 AQ: 1]: Connected session &lt;\u0000&gt;
Google.Solutions.Compute Verbose: 0 : SshRelayStream [TX: 1 TXA: 0 RX: 0 AQ: 1]: Connected session &lt;\u0000&gt;
Google.Solutions.Compute Verbose: 0 : SshRelayStream [TX: 1 TXA: 0 RX: 0 AQ: 1]: Connected session &lt;\u0000&gt;
Google.Solutions.Compute Verbose: 0 : SshRelayStream [TX: 1 TXA: 0 RX: 0 AQ: 1]: Connected session &lt;\u0000&gt;
Google.Solutions.Compute Verbose: 0 : SshRelayStream [TX: 1 TXA: 0 RX: 0 AQ: 1]: Connected session &lt;\u0000&gt;
Google.Solutions.Compute Verbose: 0 : SshRelayStream [TX: 1 TXA: 0 RX: 0 AQ: 1]: Connected session &lt;\u0000&gt;
Google.Solutions.Compute Verbose: 0 : SshRelayStream [TX: 1 TXA: 0 RX: 0 AQ: 1]: Connected session &lt;\u0000&gt;
Google.Solutions.Compute Verbose: 0 : SshRelayStream [TX: 1 TXA: 0 RX: 0 AQ: 1]: Connected session &lt;\u0000&gt;
Google.Solutions.Compute Verbose: 0 : SshRelayStream [TX: 1 TXA: 0 RX: 0 AQ: 1]: Connected session &lt;\u0000&gt;
Google.Solutions.Compute Verbose: 0 : SshRelayStream [TX: 1 TXA: 0 RX: 0 AQ: 1]: Connected session &lt;\u0000&gt;
Google.Solutions.Compute Verbose: 0 : SshRelayStream [TX: 1 TXA: 0 RX: 0 AQ: 1]: Connected session &lt;\u0000&gt;
Google.Solutions.Compute Verbose: 0 : SshRelayStream [TX: 1 TXA: 0 RX: 0 AQ: 1]: Connected session &lt;\u0000&gt;
Google.Solutions.Compute Verbose: 0 : SshRelayStream [TX: 1 TXA: 0 RX: 0 AQ: 1]: Connected session &lt;\u0000&gt;
Google.Solutions.Compute Verbose: 0 : SshRelayStream [TX: 1 TXA: 0 RX: 0 AQ: 1]: Connected session &lt;\u0000&gt;
Google.Solutions.Compute Verbose: 0 : SshRelayStream [TX: 1 TXA: 0 RX: 0 AQ: 1]: Connected session &lt;\u0000&gt;
Google.Solutions.Compute Verbose: 0 : SshRelayStream [TX: 1 TXA: 0 RX: 0 AQ: 1]: Connected session &lt;\u0000&gt;
Google.Solutions.Compute Verbose: 0 : SshRelayStream [TX: 1 TXA: 0 RX: 0 AQ: 1]: Connected session &lt;\u0000&gt;
Google.Solutions.Compute Verbose: 0 : SshRelayStream [TX: 1 TXA: 0 RX: 0 AQ: 1]: Connected session &lt;\u0000&gt;
Google.Solutions.Compute Verbose: 0 : SshRelayStream [TX: 1 TXA: 0 RX: 0 AQ: 1]: Connected session &lt;\u0000&gt;
Google.Solutions.Compute Verbose: 0 : SshRelayStream [TX: 1 TXA: 0 RX: 0 AQ: 1]: Connected session &lt;\u0000&gt;
Google.Solutions.Compute Verbose: 0 : SshRelayStream [TX: 1 TXA: 0 RX: 0 AQ: 1]: Connected session &lt;\u0000&gt;
Google.Solutions.Compute Verbose: 0 : SshRelayStream [TX: 1 TXA: 0 RX: 0 AQ: 1]: Connected session &lt;\u0000&gt;
Google.Solutions.Compute Verbose: 0 : SshRelayStream [TX: 1 TXA: 0 RX: 0 AQ: 1]: Connected session &lt;\u0000&gt;
Google.Solutions.Compute Verbose: 0 : SshRelayStream [TX: 1 TXA: 0 RX: 0 AQ: 1]: Connected session &lt;\u0000&gt;
Google.Solutions.Compute Verbose: 0 : SshRelayStream [TX: 1 TXA: 0 RX: 0 AQ: 1]: Connected session &lt;\u0000&gt;
Google.Solutions.Compute Verbose: 0 : SshRelayStream [TX: 1 TXA: 0 RX: 0 AQ: 1]: Connected session &lt;\u0000&gt;
Google.Solutions.Compute Verbose: 0 : SshRelayStream [TX: 1 TXA: 0 RX: 0 AQ: 1]: Connected session &lt;\u0000&gt;
Google.Solutions.Compute Verbose: 0 : SshRelayStream [TX: 1 TXA: 0 RX: 0 AQ: 1]: Connected session &lt;\u0000&gt;
Google.Solutions.Compute Verbose: 0 : SshRelayStream [TX: 1 TXA: 0 RX: 0 AQ: 1]: Connected session &lt;\u0000&gt;
Google.Solutions.Compute Verbose: 0 : SshRelayStream [TX: 1 TXA: 0 RX: 0 AQ: 1]: Received data (2 bytes)
Google.Solutions.Compute Verbose: 0 : SshRelayStream [TX: 1 TXA: 0 RX: 0 AQ: 1]: Received data (2 bytes)
Google.Solutions.Compute Verbose: 0 : SshRelayStream [TX: 1 TXA: 0 RX: 0 AQ: 1]: Received data (2 bytes)
Google.Solutions.Compute Verbose: 0 : SshRelayStream [TX: 1 TXA: 0 RX: 0 AQ: 1]: Received data (2 bytes)
Google.Solutions.Compute Verbose: 0 : SshRelayStream [TX: 1 TXA: 0 RX: 0 AQ: 1]: Received data (2 bytes)
Google.Solutions.Compute Verbose: 0 : SshRelayStream [TX: 1 TXA: 0 RX: 0 AQ: 1]: Received data (2 bytes)
Google.Solutions.Compute Verbose: 0 : SshRelayStream [TX: 1 TXA: 0 RX: 0 AQ: 1]: Received data (2 bytes)
Google.Solutions.Compute Verbose: 0 : SshRelayStream [TX: 1 TXA: 0 RX: 0 AQ: 1]: Received data (2 bytes)
Google.Solutions.Compute Verbose: 0 : SshRelayStream [TX: 1 TXA: 0 RX: 0 AQ: 1]: Received data (2 bytes)
Google.Solutions.Compute Verbose: 0 : SshRelayStream [TX: 1 TXA: 0 RX: 0 AQ: 1]: Received data (2 bytes)
Google.Solutions.Compute Verbose: 0 : SshRelayStream [TX: 1 TXA: 0 RX: 0 AQ: 1]: Received data (2 bytes)
Google.Solutions.Compute Verbose: 0 : SshRelayStream [TX: 1 TXA: 0 RX: 0 AQ: 1]: Received data (2 bytes)
Google.Solutions.Compute Verbose: 0 : SshRelayStream [TX: 1 TXA: 0 RX: 0 AQ: 1]: Received data (2 bytes)
Google.Solutions.Compute Verbose: 0 : SshRelayStream [TX: 1 TXA: 0 RX: 0 AQ: 1]: Received data (2 bytes)
Google.Solutions.Compute Verbose: 0 : SshRelayStream [TX: 1 TXA: 0 RX: 0 AQ: 1]: Received data (2 bytes)
Google.Solutions.Compute Verbose: 0 : SshRelayStream [TX: 1 TXA: 0 RX: 0 AQ: 1]: Received data (2 bytes)
Google.Solutions.Compute Verbose: 0 : SshRelayStream [TX: 1 TXA: 0 RX: 0 AQ: 1]: Received data (2 bytes)
Google.Solutions.Compute Verbose: 0 : SshRelayStream [TX: 1 TXA: 0 RX: 0 AQ: 1]: Received data (2 bytes)
Google.Solutions.Compute Verbose: 0 : SshRelayStream [TX: 1 TXA: 0 RX: 0 AQ: 1]: Received data (2 bytes)
Google.Solutions.Compute Verbose: 0 : SshRelayStream [TX: 1 TXA: 0 RX: 0 AQ: 1]: Received data (2 bytes)
Google.Solutions.Compute Verbose: 0 : SshRelayStream [TX: 1 TXA: 0 RX: 0 AQ: 1]: Received data (2 bytes)
Google.Solutions.Compute Verbose: 0 : SshRelayStream [TX: 1 TXA: 0 RX: 0 AQ: 1]: Received data (2 bytes)
Google.Solutions.Compute Verbose: 0 : SshRelayStream [TX: 1 TXA: 0 RX: 0 AQ: 1]: Received data (2 bytes)
Google.Solutions.Compute Verbose: 0 : SshRelayStream [TX: 1 TXA: 0 RX: 0 AQ: 1]: Received data (2 bytes)
Google.Solutions.Compute Verbose: 0 : SshRelayStream [TX: 1 TXA: 0 RX: 0 AQ: 1]: Received data (2 bytes)
Google.Solutions.Compute Verbose: 0 : SshRelayStream [TX: 1 TXA: 0 RX: 0 AQ: 1]: Received data (2 bytes)
Google.Solutions.Compute Verbose: 0 : SshRelayStream [TX: 1 TXA: 0 RX: 0 AQ: 1]: Received data (2 bytes)
Google.Solutions.Compute Verbose: 0 : SshRelayStream [TX: 1 TXA: 0 RX: 0 AQ: 1]: Received data (2 bytes)
Google.Solutions.Compute Verbose: 0 : SshRelayStream [TX: 1 TXA: 0 RX: 0 AQ: 1]: Received data (2 bytes)
Google.Solutions.Compute Verbose: 0 : SshRelayStream [TX: 1 TXA: 0 RX: 0 AQ: 1]: Received data (2 bytes)
Google.Solutions.Compute Verbose: 0 : SshRelayStream [TX: 1 TXA: 0 RX: 0 AQ: 1]: Received data (2 bytes)
Google.Solutions.Compute Verbose: 0 : SshRelayStream [TX: 1 TXA: 0 RX: 0 AQ: 1]: Received data (2 bytes)
Google.Solutions.Compute Verbose: 0 : SshRelayStream [TX: 1 TXA: 0 RX: 0 AQ: 1]: Received data (2 bytes)
Google.Solutions.Compute Verbose: 0 : SshRelayStream [TX: 1 TXA: 0 RX: 0 AQ: 1]: Received data (2 bytes)
Google.Solutions.Compute Verbose: 0 : SshRelayStream [TX: 1 TXA: 0 RX: 0 AQ: 1]: Received data (2 bytes)
Google.Solutions.Compute Verbose: 0 : SshRelayStream [TX: 1 TXA: 0 RX: 0 AQ: 1]: Received data (2 bytes)
Google.Solutions.Compute Verbose: 0 : SshRelayStream [TX: 1 TXA: 0 RX: 0 AQ: 1]: Received data (2 bytes)
Google.Solutions.Compute Verbose: 0 : SshRelayStream [TX: 1 TXA: 0 RX: 0 AQ: 1]: Received data (2 bytes)
Google.Solutions.Compute Verbose: 0 : SshRelayStream [TX: 1 TXA: 0 RX: 0 AQ: 1]: Received data (2 bytes)
Google.Solutions.Compute Verbose: 0 : SshRelayStream [TX: 1 TXA: 0 RX: 0 AQ: 1]: Received data (2 bytes)
Google.Solutions.Compute Verbose: 0 : SshRelayStream [TX: 1 TXA: 0 RX: 0 AQ: 1]: Received data (2 bytes)
Google.Solutions.Compute Verbose: 0 : SshRelayStream [TX: 1 TXA: 0 RX: 0 AQ: 1]: Received data (2 bytes)
Google.Solutions.Compute Verbose: 0 : SshRelayStream [TX: 1 TXA: 0 RX: 0 AQ: 1]: Received data (2 bytes)
Google.Solutions.Compute Verbose: 0 : SshRelayStream [TX: 1 TXA: 0 RX: 0 AQ: 1]: Received data (2 bytes)
Google.Solutions.Compute Verbose: 0 : SshRelayStream [TX: 1 TXA: 0 RX: 0 AQ: 1]: Received data (2 bytes)
Google.Solutions.Compute Verbose: 0 : SshRelayStream [TX: 1 TXA: 0 RX: 0 AQ: 1]: Received data (2 bytes)
Google.Solutions.Compute Verbose: 0 : SshRelayStream [TX: 1 TXA: 0 RX: 0 AQ: 1]: Received data (2 bytes)
Google.Solutions.Compute Verbose: 0 : SshRelayStream [TX: 1 TXA: 0 RX: 0 AQ: 1]: Received data (2 bytes)
Google.Solutions.Compute Verbose: 0 : SshRelayStream [TX: 1 TXA: 0 RX: 0 AQ: 1]: Received data (2 bytes)
Google.Solutions.Compute Verbose: 0 : SshRelayStream [TX: 1 TXA: 0 RX: 0 AQ: 1]: Received data (2 bytes)
Google.Solutions.Compute Verbose: 0 : SshRelayStream [TX: 1 TXA: 0 RX: 0 AQ: 1]: Received data (2 bytes)
Google.Solutions.Compute Verbose: 0 : SshRelayStream [TX: 1 TXA: 0 RX: 0 AQ: 1]: Received data (2 bytes)
Google.Solutions.Compute Verbose: 0 : SshRelayStream [TX: 1 TXA: 0 RX: 0 AQ: 1]: Received data (2 bytes)
Google.Solutions.Compute Verbose: 0 : SshRelayStream [TX: 1 TXA: 0 RX: 0 AQ: 1]: Received data (2 bytes)
Google.Solutions.Compute Verbose: 0 : SshRelayStream [TX: 1 TXA: 0 RX: 0 AQ: 1]: Received data (2 bytes)
Google.Solutions.Compute Verbose: 0 : SshRelayStream [TX: 1 TXA: 0 RX: 0 AQ: 1]: Received data (2 bytes)
Google.Solutions.Compute Verbose: 0 : SshRelayStream [TX: 1 TXA: 0 RX: 0 AQ: 1]: Received data (2 bytes)
Google.Solutions.Compute Verbose: 0 : SshRelayStream [TX: 1 TXA: 0 RX: 0 AQ: 1]: Received data (2 bytes)
Google.Solutions.Compute Verbose: 0 : SshRelayStream [TX: 1 TXA: 0 RX: 2 AQ: 1]: Sending ACK #2...
Google.Solutions.Compute Verbose: 0 : SshRelayStream [TX: 1 TXA: 0 RX: 2 AQ: 1]: Sending ACK #2...
Google.Solutions.Compute Verbose: 0 : SshRelayStream [TX: 1 TXA: 0 RX: 2 AQ: 1]: Sending ACK #2...
Google.Solutions.Compute Verbose: 0 : SshRelayStream [TX: 1 TXA: 0 RX: 2 AQ: 1]: Sending ACK #2...
Google.Solutions.Compute Verbose: 0 : SshRelayStream [TX: 1 TXA: 0 RX: 2 AQ: 1]: Sending ACK #2...
Google.Solutions.Compute Verbose: 0 : SshRelayStream [TX: 1 TXA: 0 RX: 2 AQ: 1]: Sending ACK #2...
Google.Solutions.Compute Verbose: 0 : SshRelayStream [TX: 1 TXA: 0 RX: 2 AQ: 1]: Sending ACK #2...
Google.Solutions.Compute Verbose: 0 : SshRelayStream [TX: 1 TXA: 0 RX: 2 AQ: 1]: Sending ACK #2...
Google.Solutions.Compute Verbose: 0 : SshRelayStream [TX: 1 TXA: 0 RX: 2 AQ: 1]: Sending ACK #2...
Google.Solutions.Compute Verbose: 0 : SshRelayStream [TX: 1 TXA: 0 RX: 2 AQ: 1]: Sending ACK #2...
Google.Solutions.Compute Verbose: 0 : SshRelayStream [TX: 1 TXA: 0 RX: 2 AQ: 1]: Sending ACK #2...
Google.Solutions.Compute Verbose: 0 : SshRelayStream [TX: 1 TXA: 0 RX: 2 AQ: 1]: Sending ACK #2...
Google.Solutions.Compute Verbose: 0 : SshRelayStream [TX: 1 TXA: 0 RX: 2 AQ: 1]: Sending ACK #2...
Google.Solutions.Compute Verbose: 0 : SshRelayStream [TX: 1 TXA: 0 RX: 2 AQ: 1]: Sending ACK #2...
Google.Solutions.Compute Verbose: 0 : SshRelayStream [TX: 1 TXA: 0 RX: 2 AQ: 1]: Sending ACK #2...
Google.Solutions.Compute Verbose: 0 : SshRelayStream [TX: 1 TXA: 0 RX: 2 AQ: 1]: Sending ACK #2...
Google.Solutions.Compute Verbose: 0 : SshRelayStream [TX: 1 TXA: 0 RX: 2 AQ: 1]: Sending ACK #2...
Google.Solutions.Compute Verbose: 0 : SshRelayStream [TX: 1 TXA: 0 RX: 2 AQ: 1]: Sending ACK #2...
Google.Solutions.Compute Verbose: 0 : SshRelayStream [TX: 1 TXA: 0 RX: 2 AQ: 1]: Sending ACK #2...
Google.Solutions.Compute Verbose: 0 : SshRelayStream [TX: 1 TXA: 0 RX: 2 AQ: 1]: Sending ACK #2...
Google.Solutions.Compute Verbose: 0 : SshRelayStream [TX: 1 TXA: 0 RX: 2 AQ: 1]: Sending ACK #2...
Google.Solutions.Compute Verbose: 0 : SshRelayStream [TX: 1 TXA: 0 RX: 2 AQ: 1]: Sending ACK #2...
Google.Solutions.Compute Verbose: 0 : SshRelayStream [TX: 1 TXA: 0 RX: 2 AQ: 1]: Sending ACK #2...
Google.Solutions.Compute Verbose: 0 : SshRelayStream [TX: 1 TXA: 0 RX: 2 AQ: 1]: Sending ACK #2...
Google.Solutions.Compute Verbose: 0 : SshRelayStream [TX: 1 TXA: 0 RX: 2 AQ: 1]: Sending ACK #2...
Google.Solutions.Compute Verbose: 0 : SshRelayStream [TX: 1 TXA: 0 RX: 2 AQ: 1]: Sending ACK #2...
Google.Solutions.Compute Verbose: 0 : SshRelayStream [TX: 1 TXA: 0 RX: 2 AQ: 1]: Sending ACK #2...
Google.Solutions.Compute Verbose: 0 : SshRelayStream [TX: 1 TXA: 0 RX: 2 AQ: 1]: Sending ACK #2...
Google.Solutions.Compute Verbose: 0 : SshRelayStream [TX: 1 TXA: 0 RX: 2 AQ: 1]: Sending ACK #2...
Google.Solutions.Compute Verbose: 0 : SshRelayStream [TX: 1 TXA: 0 RX: 2 AQ: 1]: Sending ACK #2...
Google.Solutions.Compute Verbose: 0 : SshRelayStream [TX: 1 TXA: 0 RX: 2 AQ: 1]: Sending ACK #2...
Google.Solutions.Compute Verbose: 0 : SshRelayStream [TX: 1 TXA: 0 RX: 2 AQ: 1]: Sending ACK #2...
Google.Solutions.Compute Verbose: 0 : SshRelayStream [TX: 1 TXA: 0 RX: 2 AQ: 1]: Sending ACK #2...
Google.Solutions.Compute Verbose: 0 : SshRelayStream [TX: 1 TXA: 0 RX: 2 AQ: 1]: Sending ACK #2...
Google.Solutions.Compute Verbose: 0 : SshRelayStream [TX: 1 TXA: 0 RX: 2 AQ: 1]: Sending ACK #2...
Google.Solutions.Compute Verbose: 0 : SshRelayStream [TX: 1 TXA: 0 RX: 2 AQ: 1]: Sending ACK #2...
Google.Solutions.Compute Verbose: 0 : SshRelayStream [TX: 1 TXA: 0 RX: 2 AQ: 1]: Sending ACK #2...
Google.Solutions.Compute Verbose: 0 : SshRelayStream [TX: 1 TXA: 0 RX: 2 AQ: 1]: Sending ACK #2...
Google.Solutions.Compute Verbose: 0 : SshRelayStream [TX: 1 TXA: 0 RX: 2 AQ: 1]: Sending ACK #2...
Google.Solutions.Compute Verbose: 0 : SshRelayStream [TX: 1 TXA: 0 RX: 2 AQ: 1]: Sending ACK #2...
Google.Solutions.Compute Verbose: 0 : SshRelayStream [TX: 1 TXA: 0 RX: 2 AQ: 1]: Sending ACK #2...
Google.Solutions.Compute Verbose: 0 : SshRelayStream [TX: 1 TXA: 0 RX: 2 AQ: 1]: Sending ACK #2...
Google.Solutions.Compute Verbose: 0 : SshRelayStream [TX: 1 TXA: 0 RX: 2 AQ: 1]: Sending ACK #2...
Google.Solutions.Compute Verbose: 0 : SshRelayStream [TX: 1 TXA: 0 RX: 2 AQ: 1]: Sending ACK #2...
Google.Solutions.Compute Verbose: 0 : SshRelayStream [TX: 1 TXA: 0 RX: 2 AQ: 1]: Sending ACK #2...
Google.Solutions.Compute Verbose: 0 : SshRelayStream [TX: 1 TXA: 0 RX: 2 AQ: 1]: Sending ACK #2...
Google.Solutions.Compute Verbose: 0 : SshRelayStream [TX: 1 TXA: 0 RX: 2 AQ: 1]: Sending ACK #2...
Google.Solutions.Compute Verbose: 0 : SshRelayStream [TX: 1 TXA: 0 RX: 2 AQ: 1]: Sending ACK #2...
Google.Solutions.Compute Verbose: 0 : SshRelayStream [TX: 1 TXA: 0 RX: 2 AQ: 1]: Sending ACK #2...
Google.Solutions.Compute Verbose: 0 : SshRelayStream [TX: 1 TXA: 0 RX: 2 AQ: 1]: Sending ACK #2...
Google.Solutions.Compute Verbose: 0 : SshRelayStream [TX: 1 TXA: 0 RX: 2 AQ: 1]: Sending ACK #2...
Google.Solutions.Compute Verbose: 0 : SshRelayStream [TX: 1 TXA: 0 RX: 2 AQ: 1]: Sending ACK #2...
Google.Solutions.Compute Verbose: 0 : SshRelayStream [TX: 1 TXA: 0 RX: 2 AQ: 1]: Sending ACK #2...
Google.Solutions.Compute Verbose: 0 : SshRelayStream [TX: 1 TXA: 0 RX: 2 AQ: 1]: Sending ACK #2...
Google.Solutions.Compute Verbose: 0 : SshRelayStream [TX: 1 TXA: 0 RX: 2 AQ: 1]: Sending ACK #2...
Google.Solutions.Compute Verbose: 0 : SshRelayStream [TX: 1 TXA: 0 RX: 2 AQ: 1]: Sending ACK #2...
Google.Solutions.Compute Verbose: 0 : SshRelayStream [TX: 1 TXA: 0 RX: 2 AQ: 1]: Sending ACK #2...
Google.Solutions.Compute Verbose: 0 : SshRelayStream [TX: 1 TXA: 0 RX: 2 AQ: 1]: Sending ACK #2...
Google.Solutions.Compute Verbose: 0 : SshRelayStream [TX: 1 TXA: 0 RX: 2 AQ: 1]: Sending DATA #1...
Google.Solutions.Compute Verbose: 0 : SshRelayStream [TX: 1 TXA: 0 RX: 2 AQ: 1]: Sending DATA #1...
Google.Solutions.Compute Verbose: 0 : SshRelayStream [TX: 1 TXA: 0 RX: 2 AQ: 1]: Sending DATA #1...
Google.Solutions.Compute Verbose: 0 : SshRelayStream [TX: 1 TXA: 0 RX: 2 AQ: 1]: Sending DATA #1...
Google.Solutions.Compute Verbose: 0 : SshRelayStream [TX: 1 TXA: 0 RX: 2 AQ: 1]: Sending DATA #1...
Google.Solutions.Compute Verbose: 0 : SshRelayStream [TX: 1 TXA: 0 RX: 2 AQ: 1]: Sending DATA #1...
Google.Solutions.Compute Verbose: 0 : SshRelayStream [TX: 1 TXA: 0 RX: 2 AQ: 1]: Sending DATA #1...
Google.Solutions.Compute Verbose: 0 : SshRelayStream [TX: 1 TXA: 0 RX: 2 AQ: 1]: Sending DATA #1...
Google.Solutions.Compute Verbose: 0 : SshRelayStream [TX: 1 TXA: 0 RX: 2 AQ: 1]: Sending DATA #1...
Google.Solutions.Compute Verbose: 0 : SshRelayStream [TX: 1 TXA: 0 RX: 2 AQ: 1]: Sending DATA #1...
Google.Solutions.Compute Verbose: 0 : SshRelayStream [TX: 1 TXA: 0 RX: 2 AQ: 1]: Sending DATA #1...
Google.Solutions.Compute Verbose: 0 : SshRelayStream [TX: 1 TXA: 0 RX: 2 AQ: 1]: Sending DATA #1...
Google.Solutions.Compute Verbose: 0 : SshRelayStream [TX: 1 TXA: 0 RX: 2 AQ: 1]: Sending DATA #1...
Google.Solutions.Compute Verbose: 0 : SshRelayStream [TX: 1 TXA: 0 RX: 2 AQ: 1]: Sending DATA #1...
Google.Solutions.Compute Verbose: 0 : SshRelayStream [TX: 1 TXA: 0 RX: 2 AQ: 1]: Sending DATA #1...
Google.Solutions.Compute Verbose: 0 : SshRelayStream [TX: 1 TXA: 0 RX: 2 AQ: 1]: Sending DATA #1...
Google.Solutions.Compute Verbose: 0 : SshRelayStream [TX: 1 TXA: 0 RX: 2 AQ: 1]: Sending DATA #1...
Google.Solutions.Compute Verbose: 0 : SshRelayStream [TX: 1 TXA: 0 RX: 2 AQ: 1]: Sending DATA #1...
Google.Solutions.Compute Verbose: 0 : SshRelayStream [TX: 1 TXA: 0 RX: 2 AQ: 1]: Sending DATA #1...
Google.Solutions.Compute Verbose: 0 : SshRelayStream [TX: 1 TXA: 0 RX: 2 AQ: 1]: Sending DATA #1...
Google.Solutions.Compute Verbose: 0 : SshRelayStream [TX: 1 TXA: 0 RX: 2 AQ: 1]: Sending DATA #1...
Google.Solutions.Compute Verbose: 0 : SshRelayStream [TX: 1 TXA: 0 RX: 2 AQ: 1]: Sending DATA #1...
Google.Solutions.Compute Verbose: 0 : SshRelayStream [TX: 1 TXA: 0 RX: 2 AQ: 1]: Sending DATA #1...
Google.Solutions.Compute Verbose: 0 : SshRelayStream [TX: 1 TXA: 0 RX: 2 AQ: 1]: Sending DATA #1...
Google.Solutions.Compute Verbose: 0 : SshRelayStream [TX: 1 TXA: 0 RX: 2 AQ: 1]: Sending DATA #1...
Google.Solutions.Compute Verbose: 0 : SshRelayStream [TX: 1 TXA: 0 RX: 2 AQ: 1]: Sending DATA #1...
Google.Solutions.Compute Verbose: 0 : SshRelayStream [TX: 1 TXA: 0 RX: 2 AQ: 1]: Sending DATA #1...
Google.Solutions.Compute Verbose: 0 : SshRelayStream [TX: 1 TXA: 0 RX: 2 AQ: 1]: Sending DATA #1...
Google.Solutions.Compute Verbose: 0 : SshRelayStream [TX: 1 TXA: 0 RX: 2 AQ: 1]: Sending DATA #1...
Google.Solutions.Compute Verbose: 0 : SshRelayStream [TX: 1 TXA: 0 RX: 2 AQ: 1]: Sending DATA #1...
Google.Solutions.Compute Verbose: 0 : SshRelayStream [TX: 1 TXA: 0 RX: 2 AQ: 1]: Sending DATA #1...
Google.Solutions.Compute Verbose: 0 : SshRelayStream [TX: 1 TXA: 0 RX: 2 AQ: 1]: Sending DATA #1...
Google.Solutions.Compute Verbose: 0 : SshRelayStream [TX: 1 TXA: 0 RX: 2 AQ: 1]: Sending DATA #1...
Google.Solutions.Compute Verbose: 0 : SshRelayStream [TX: 1 TXA: 0 RX: 2 AQ: 1]: Sending DATA #1...
Google.Solutions.Compute Verbose: 0 : SshRelayStream [TX: 1 TXA: 0 RX: 2 AQ: 1]: Sending DATA #1...
Google.Solutions.Compute Verbose: 0 : SshRelayStream [TX: 1 TXA: 0 RX: 2 AQ: 1]: Sending DATA #1...
Google.Solutions.Compute Verbose: 0 : SshRelayStream [TX: 1 TXA: 0 RX: 2 AQ: 1]: Sending DATA #1...
Google.Solutions.Compute Verbose: 0 : SshRelayStream [TX: 1 TXA: 0 RX: 2 AQ: 1]: Sending DATA #1...
Google.Solutions.Compute Verbose: 0 : SshRelayStream [TX: 1 TXA: 0 RX: 2 AQ: 1]: Sending DATA #1...
Google.Solutions.Compute Verbose: 0 : SshRelayStream [TX: 1 TXA: 0 RX: 2 AQ: 1]: Sending DATA #1...
Google.Solutions.Compute Verbose: 0 : SshRelayStream [TX: 1 TXA: 0 RX: 2 AQ: 1]: Sending DATA #1...
Google.Solutions.Compute Verbose: 0 : SshRelayStream [TX: 1 TXA: 0 RX: 2 AQ: 1]: Sending DATA #1...
Google.Solutions.Compute Verbose: 0 : SshRelayStream [TX: 1 TXA: 0 RX: 2 AQ: 1]: Sending DATA #1...
Google.Solutions.Compute Verbose: 0 : SshRelayStream [TX: 1 TXA: 0 RX: 2 AQ: 1]: Sending DATA #1...
Google.Solutions.Compute Verbose: 0 : SshRelayStream [TX: 1 TXA: 0 RX: 2 AQ: 1]: Sending DATA #1...
Google.Solutions.Compute Verbose: 0 : SshRelayStream [TX: 1 TXA: 0 RX: 2 AQ: 1]: Sending DATA #1...
Google.Solutions.Compute Verbose: 0 : SshRelayStream [TX: 1 TXA: 0 RX: 2 AQ: 1]: Sending DATA #1...
Google.Solutions.Compute Verbose: 0 : SshRelayStream [TX: 1 TXA: 0 RX: 2 AQ: 1]: Sending DATA #1...
Google.Solutions.Compute Verbose: 0 : SshRelayStream [TX: 1 TXA: 0 RX: 2 AQ: 1]: Sending DATA #1...
Google.Solutions.Compute Verbose: 0 : SshRelayStream [TX: 1 TXA: 0 RX: 2 AQ: 1]: Sending DATA #1...
Google.Solutions.Compute Verbose: 0 : SshRelayStream [TX: 1 TXA: 0 RX: 2 AQ: 1]: Sending DATA #1...
Google.Solutions.Compute Verbose: 0 : SshRelayStream [TX: 1 TXA: 0 RX: 2 AQ: 1]: Sending DATA #1...
Google.Solutions.Compute Verbose: 0 : SshRelayStream [TX: 1 TXA: 0 RX: 2 AQ: 1]: Sending DATA #1...
Google.Solutions.Compute Verbose: 0 : SshRelayStream [TX: 1 TXA: 0 RX: 2 AQ: 1]: Sending DATA #1...
Google.Solutions.Compute Verbose: 0 : SshRelayStream [TX: 1 TXA: 0 RX: 2 AQ: 1]: Sending DATA #1...
Google.Solutions.Compute Verbose: 0 : SshRelayStream [TX: 1 TXA: 0 RX: 2 AQ: 1]: Sending DATA #1...
Google.Solutions.Compute Verbose: 0 : SshRelayStream [TX: 1 TXA: 0 RX: 2 AQ: 1]: Sending DATA #1...
Google.Solutions.Compute Verbose: 0 : SshRelayStream [TX: 1 TXA: 0 RX: 2 AQ: 1]: Sending DATA #1...
Google.Solutions.Compute Verbose: 0 : SshRelayStream [TX: 2 TXA: 0 RX: 2 AQ: 2]: Sending DATA #2...
Google.Solutions.Compute Verbose: 0 : SshRelayStream [TX: 2 TXA: 0 RX: 2 AQ: 2]: Sending DATA #2...
Google.Solutions.Compute Verbose: 0 : SshRelayStream [TX: 2 TXA: 0 RX: 2 AQ: 2]: Sending DATA #2...
Google.Solutions.Compute Verbose: 0 : SshRelayStream [TX: 2 TXA: 0 RX: 2 AQ: 2]: Sending DATA #2...
Google.Solutions.Compute Verbose: 0 : SshRelayStream [TX: 2 TXA: 0 RX: 2 AQ: 2]: Sending DATA #2...
Google.Solutions.Compute Verbose: 0 : SshRelayStream [TX: 2 TXA: 0 RX: 2 AQ: 2]: Sending DATA #2...
Google.Solutions.Compute Verbose: 0 : SshRelayStream [TX: 2 TXA: 0 RX: 2 AQ: 2]: Sending DATA #2...
Google.Solutions.Compute Verbose: 0 : SshRelayStream [TX: 2 TXA: 0 RX: 2 AQ: 2]: Sending DATA #2...
Google.Solutions.Compute Verbose: 0 : SshRelayStream [TX: 2 TXA: 0 RX: 2 AQ: 2]: Sending DATA #2...
Google.Solutions.Compute Verbose: 0 : SshRelayStream [TX: 2 TXA: 0 RX: 2 AQ: 2]: Sending DATA #2...
Google.Solutions.Compute Verbose: 0 : SshRelayStream [TX: 2 TXA: 0 RX: 2 AQ: 2]: Sending DATA #2...
Google.Solutions.Compute Verbose: 0 : SshRelayStream [TX: 2 TXA: 0 RX: 2 AQ: 2]: Sending DATA #2...
Google.Solutions.Compute Verbose: 0 : SshRelayStream [TX: 2 TXA: 0 RX: 2 AQ: 2]: Sending DATA #2...
Google.Solutions.Compute Verbose: 0 : SshRelayStream [TX: 2 TXA: 0 RX: 2 AQ: 2]: Sending DATA #2...
Google.Solutions.Compute Verbose: 0 : SshRelayStream [TX: 2 TXA: 0 RX: 2 AQ: 2]: Sending DATA #2...
Google.Solutions.Compute Verbose: 0 : SshRelayStream [TX: 2 TXA: 0 RX: 2 AQ: 2]: Sending DATA #2...
Google.Solutions.Compute Verbose: 0 : SshRelayStream [TX: 2 TXA: 0 RX: 2 AQ: 2]: Sending DATA #2...
Google.Solutions.Compute Verbose: 0 : SshRelayStream [TX: 2 TXA: 0 RX: 2 AQ: 2]: Sending DATA #2...
Google.Solutions.Compute Verbose: 0 : SshRelayStream [TX: 2 TXA: 0 RX: 2 AQ: 2]: Sending DATA #2...
Google.Solutions.Compute Verbose: 0 : SshRelayStream [TX: 2 TXA: 0 RX: 2 AQ: 2]: Sending DATA #2...
Google.Solutions.Compute Verbose: 0 : SshRelayStream [TX: 2 TXA: 0 RX: 2 AQ: 2]: Sending DATA #2...
Google.Solutions.Compute Verbose: 0 : SshRelayStream [TX: 2 TXA: 0 RX: 2 AQ: 2]: Sending DATA #2...
Google.Solutions.Compute Verbose: 0 : SshRelayStream [TX: 2 TXA: 0 RX: 2 AQ: 2]: Sending DATA #2...
Google.Solutions.Compute Verbose: 0 : SshRelayStream [TX: 2 TXA: 0 RX: 2 AQ: 2]: Sending DATA #2...
Google.Solutions.Compute Verbose: 0 : SshRelayStream [TX: 2 TXA: 0 RX: 2 AQ: 2]: Sending DATA #2...
Google.Solutions.Compute Verbose: 0 : SshRelayStream [TX: 2 TXA: 0 RX: 2 AQ: 2]: Sending DATA #2...
Google.Solutions.Compute Verbose: 0 : SshRelayStream [TX: 2 TXA: 0 RX: 2 AQ: 2]: Sending DATA #2...
Google.Solutions.Compute Verbose: 0 : SshRelayStream [TX: 2 TXA: 0 RX: 2 AQ: 2]: Sending DATA #2...
Google.Solutions.Compute Verbose: 0 : SshRelayStream [TX: 2 TXA: 0 RX: 2 AQ: 2]: Sending DATA #2...
Google.Solutions.Compute Verbose: 0 : SshRelayStream [TX: 2 TXA: 0 RX: 2 AQ: 2]: Sending DATA #2...
Google.Solutions.Compute Verbose: 0 : SshRelayStream [TX: 2 TXA: 0 RX: 2 AQ: 2]: Sending DATA #2...
Google.Solutions.Compute Verbose: 0 : SshRelayStream [TX: 2 TXA: 0 RX: 2 AQ: 2]: Sending DATA #2...
Google.Solutions.Compute Verbose: 0 : SshRelayStream [TX: 2 TXA: 0 RX: 2 AQ: 2]: Sending DATA #2...
Google.Solutions.Compute Verbose: 0 : SshRelayStream [TX: 2 TXA: 0 RX: 2 AQ: 2]: Sending DATA #2...
Google.Solutions.Compute Verbose: 0 : SshRelayStream [TX: 2 TXA: 0 RX: 2 AQ: 2]: Sending DATA #2...
Google.Solutions.Compute Verbose: 0 : SshRelayStream [TX: 2 TXA: 0 RX: 2 AQ: 2]: Sending DATA #2...
Google.Solutions.Compute Verbose: 0 : SshRelayStream [TX: 2 TXA: 0 RX: 2 AQ: 2]: Sending DATA #2...
Google.Solutions.Compute Verbose: 0 : SshRelayStream [TX: 2 TXA: 0 RX: 2 AQ: 2]: Sending DATA #2...
Google.Solutions.Compute Verbose: 0 : SshRelayStream [TX: 2 TXA: 0 RX: 2 AQ: 2]: Sending DATA #2...
Google.Solutions.Compute Verbose: 0 : SshRelayStream [TX: 2 TXA: 0 RX: 2 AQ: 2]: Sending DATA #2...
Google.Solutions.Compute Verbose: 0 : SshRelayStream [TX: 2 TXA: 0 RX: 2 AQ: 2]: Sending DATA #2...
Google.Solutions.Compute Verbose: 0 : SshRelayStream [TX: 2 TXA: 0 RX: 2 AQ: 2]: Sending DATA #2...
Google.Solutions.Compute Verbose: 0 : SshRelayStream [TX: 2 TXA: 0 RX: 2 AQ: 2]: Sending DATA #2...
Google.Solutions.Compute Verbose: 0 : SshRelayStream [TX: 2 TXA: 0 RX: 2 AQ: 2]: Sending DATA #2...
Google.Solutions.Compute Verbose: 0 : SshRelayStream [TX: 2 TXA: 0 RX: 2 AQ: 2]: Sending DATA #2...
Google.Solutions.Compute Verbose: 0 : SshRelayStream [TX: 2 TXA: 0 RX: 2 AQ: 2]: Sending DATA #2...
Google.Solutions.Compute Verbose: 0 : SshRelayStream [TX: 2 TXA: 0 RX: 2 AQ: 2]: Sending DATA #2...
Google.Solutions.Compute Verbose: 0 : SshRelayStream [TX: 2 TXA: 0 RX: 2 AQ: 2]: Sending DATA #2...
Google.Solutions.Compute Verbose: 0 : SshRelayStream [TX: 2 TXA: 0 RX: 2 AQ: 2]: Sending DATA #2...
Google.Solutions.Compute Verbose: 0 : SshRelayStream [TX: 2 TXA: 0 RX: 2 AQ: 2]: Sending DATA #2...
Google.Solutions.Compute Verbose: 0 : SshRelayStream [TX: 2 TXA: 0 RX: 2 AQ: 2]: Sending DATA #2...
Google.Solutions.Compute Verbose: 0 : SshRelayStream [TX: 2 TXA: 0 RX: 2 AQ: 2]: Sending DATA #2...
Google.Solutions.Compute Verbose: 0 : SshRelayStream [TX: 2 TXA: 0 RX: 2 AQ: 2]: Sending DATA #2...
Google.Solutions.Compute Verbose: 0 : SshRelayStream [TX: 2 TXA: 0 RX: 2 AQ: 2]: Sending DATA #2...
Google.Solutions.Compute Verbose: 0 : SshRelayStream [TX: 2 TXA: 0 RX: 2 AQ: 2]: Sending DATA #2...
Google.Solutions.Compute Verbose: 0 : SshRelayStream [TX: 2 TXA: 0 RX: 2 AQ: 2]: Sending DATA #2...
Google.Solutions.Compute Verbose: 0 : SshRelayStream [TX: 2 TXA: 0 RX: 2 AQ: 2]: Sending DATA #2...
Google.Solutions.Compute Verbose: 0 : SshRelayStream [TX: 2 TXA: 0 RX: 2 AQ: 2]: Sending DATA #2...
Google.Solutions.Compute Verbose: 0 : SshRelayStream [TX: 2 TXA: 0 RX: 2 AQ: 2]: Connection closed abnormally: 1001
Google.Solutions.Compute Verbose: 0 : SshRelayStream [TX: 2 TXA: 0 RX: 2 AQ: 2]: Connection closed abnormally: 1001
Google.Solutions.Compute Verbose: 0 : SshRelayStream [TX: 2 TXA: 0 RX: 2 AQ: 2]: Connection closed abnormally: 1001
Google.Solutions.Compute Verbose: 0 : SshRelayStream [TX: 2 TXA: 0 RX: 2 AQ: 2]: Connection closed abnormally: 1001
Google.Solutions.Compute Verbose: 0 : SshRelayStream [TX: 2 TXA: 0 RX: 2 AQ: 2]: Connection closed abnormally: 1001
Google.Solutions.Compute Verbose: 0 : SshRelayStream [TX: 2 TXA: 0 RX: 2 AQ: 2]: Connection closed abnormally: 1001
Google.Solutions.Compute Verbose: 0 : SshRelayStream [TX: 2 TXA: 0 RX: 2 AQ: 2]: Connection closed abnormally: 1001
Google.Solutions.Compute Verbose: 0 : SshRelayStream [TX: 2 TXA: 0 RX: 2 AQ: 2]: Connection closed abnormally: 1001
Google.Solutions.Compute Verbose: 0 : SshRelayStream [TX: 2 TXA: 0 RX: 2 AQ: 2]: Connection closed abnormally: 1001
Google.Solutions.Compute Verbose: 0 : SshRelayStream [TX: 2 TXA: 0 RX: 2 AQ: 2]: Connection closed abnormally: 1001
Google.Solutions.Compute Verbose: 0 : SshRelayStream [TX: 2 TXA: 0 RX: 2 AQ: 2]: Connection closed abnormally: 1001
Google.Solutions.Compute Verbose: 0 : SshRelayStream [TX: 2 TXA: 0 RX: 2 AQ: 2]: Connection closed abnormally: 1001
Google.Solutions.Compute Verbose: 0 : SshRelayStream [TX: 2 TXA: 0 RX: 2 AQ: 2]: Connection closed abnormally: 1001
Google.Solutions.Compute Verbose: 0 : SshRelayStream [TX: 2 TXA: 0 RX: 2 AQ: 2]: Connection closed abnormally: 1001
Google.Solutions.Compute Verbose: 0 : SshRelayStream [TX: 2 TXA: 0 RX: 2 AQ: 2]: Connection closed abnormally: 1001
Google.Solutions.Compute Verbose: 0 : SshRelayStream [TX: 2 TXA: 0 RX: 2 AQ: 2]: Connection closed abnormally: 1001
Google.Solutions.Compute Verbose: 0 : SshRelayStream [TX: 2 TXA: 0 RX: 2 AQ: 2]: Connection closed abnormally: 1001
Google.Solutions.Compute Verbose: 0 : SshRelayStream [TX: 2 TXA: 0 RX: 2 AQ: 2]: Connection closed abnormally: 1001
Google.Solutions.Compute Verbose: 0 : SshRelayStream [TX: 2 TXA: 0 RX: 2 AQ: 2]: Connection closed abnormally: 1001
Google.Solutions.Compute Verbose: 0 : SshRelayStream [TX: 2 TXA: 0 RX: 2 AQ: 2]: Connection closed abnormally: 1001
Google.Solutions.Compute Verbose: 0 : SshRelayStream [TX: 2 TXA: 0 RX: 2 AQ: 2]: Connection closed abnormally: 1001
Google.Solutions.Compute Verbose: 0 : SshRelayStream [TX: 2 TXA: 0 RX: 2 AQ: 2]: Connection closed abnormally: 1001
Google.Solutions.Compute Verbose: 0 : SshRelayStream [TX: 2 TXA: 0 RX: 2 AQ: 2]: Connection closed abnormally: 1001
Google.Solutions.Compute Verbose: 0 : SshRelayStream [TX: 2 TXA: 0 RX: 2 AQ: 2]: Connection closed abnormally: 1001
Google.Solutions.Compute Verbose: 0 : SshRelayStream [TX: 2 TXA: 0 RX: 2 AQ: 2]: Connection closed abnormally: 1001
Google.Solutions.Compute Verbose: 0 : SshRelayStream [TX: 2 TXA: 0 RX: 2 AQ: 2]: Connection closed abnormally: 1001
Google.Solutions.Compute Verbose: 0 : SshRelayStream [TX: 2 TXA: 0 RX: 2 AQ: 2]: Connection closed abnormally: 1001
Google.Solutions.Compute Verbose: 0 : SshRelayStream [TX: 2 TXA: 0 RX: 2 AQ: 2]: Connection closed abnormally: 1001
Google.Solutions.Compute Verbose: 0 : SshRelayStream [TX: 2 TXA: 0 RX: 2 AQ: 2]: Connection closed abnormally: 1001
Google.Solutions.Compute Verbose: 0 : SshRelayStream [TX: 2 TXA: 0 RX: 2 AQ: 2]: Connection closed abnormally: 1001
Google.Solutions.Compute Verbose: 0 : SshRelayStream [TX: 2 TXA: 0 RX: 2 AQ: 2]: Connection closed abnormally: 1001
Google.Solutions.Compute Verbose: 0 : SshRelayStream [TX: 2 TXA: 0 RX: 2 AQ: 2]: Connection closed abnormally: 1001
Google.Solutions.Compute Verbose: 0 : SshRelayStream [TX: 2 TXA: 0 RX: 2 AQ: 2]: Connection closed abnormally: 1001
Google.Solutions.Compute Verbose: 0 : SshRelayStream [TX: 2 TXA: 0 RX: 2 AQ: 2]: Connection closed abnormally: 1001
Google.Solutions.Compute Verbose: 0 : SshRelayStream [TX: 2 TXA: 0 RX: 2 AQ: 2]: Connection closed abnormally: 1001
Google.Solutions.Compute Verbose: 0 : SshRelayStream [TX: 2 TXA: 0 RX: 2 AQ: 2]: Connection closed abnormally: 1001
Google.Solutions.Compute Verbose: 0 : SshRelayStream [TX: 2 TXA: 0 RX: 2 AQ: 2]: Connection closed abnormally: 1001
Google.Solutions.Compute Verbose: 0 : SshRelayStream [TX: 2 TXA: 0 RX: 2 AQ: 2]: Connection closed abnormally: 1001
Google.Solutions.Compute Verbose: 0 : SshRelayStream [TX: 2 TXA: 0 RX: 2 AQ: 2]: Connection closed abnormally: 1001
Google.Solutions.Compute Verbose: 0 : SshRelayStream [TX: 2 TXA: 0 RX: 2 AQ: 2]: Connection closed abnormally: 1001
Google.Solutions.Compute Verbose: 0 : SshRelayStream [TX: 2 TXA: 0 RX: 2 AQ: 2]: Connection closed abnormally: 1001
Google.Solutions.Compute Verbose: 0 : SshRelayStream [TX: 2 TXA: 0 RX: 2 AQ: 2]: Connection closed abnormally: 1001
Google.Solutions.Compute Verbose: 0 : SshRelayStream [TX: 2 TXA: 0 RX: 2 AQ: 2]: Connection closed abnormally: 1001
Google.Solutions.Compute Verbose: 0 : SshRelayStream [TX: 2 TXA: 0 RX: 2 AQ: 2]: Connection closed abnormally: 1001
Google.Solutions.Compute Verbose: 0 : SshRelayStream [TX: 2 TXA: 0 RX: 2 AQ: 2]: Connection closed abnormally: 1001
Google.Solutions.Compute Verbose: 0 : SshRelayStream [TX: 2 TXA: 0 RX: 2 AQ: 2]: Connection closed abnormally: 1001
Google.Solutions.Compute Verbose: 0 : SshRelayStream [TX: 2 TXA: 0 RX: 2 AQ: 2]: Connection closed abnormally: 1001
Google.Solutions.Compute Verbose: 0 : SshRelayStream [TX: 2 TXA: 0 RX: 2 AQ: 2]: Connection closed abnormally: 1001
Google.Solutions.Compute Verbose: 0 : SshRelayStream [TX: 2 TXA: 0 RX: 2 AQ: 2]: Connection closed abnormally: 1001
Google.Solutions.Compute Verbose: 0 : SshRelayStream [TX: 2 TXA: 0 RX: 2 AQ: 2]: Connection closed abnormally: 1001
Google.Solutions.Compute Verbose: 0 : SshRelayStream [TX: 2 TXA: 0 RX: 2 AQ: 2]: Connection closed abnormally: 1001
Google.Solutions.Compute Verbose: 0 : SshRelayStream [TX: 2 TXA: 0 RX: 2 AQ: 2]: Connection closed abnormally: 1001
Google.Solutions.Compute Verbose: 0 : SshRelayStream [TX: 2 TXA: 0 RX: 2 AQ: 2]: Connection closed abnormally: 1001
Google.Solutions.Compute Verbose: 0 : SshRelayStream [TX: 2 TXA: 0 RX: 2 AQ: 2]: Connection closed abnormally: 1001
Google.Solutions.Compute Verbose: 0 : SshRelayStream [TX: 2 TXA: 0 RX: 2 AQ: 2]: Connection closed abnormally: 1001
Google.Solutions.Compute Verbose: 0 : SshRelayStream [TX: 2 TXA: 0 RX: 2 AQ: 2]: Connection closed abnormally: 1001
Google.Solutions.Compute Verbose: 0 : SshRelayStream [TX: 2 TXA: 0 RX: 2 AQ: 2]: Connection closed abnormally: 1001
Google.Solutions.Compute Verbose: 0 : SshRelayStream [TX: 2 TXA: 0 RX: 2 AQ: 2]: Connection closed abnormally: 1001
Google.Solutions.Compute Verbose: 0 : SshRelayStream [TX: 2 TXA: 0 RX: 2 AQ: 2]: Disconnecting, preparing to reconnect
Google.Solutions.Compute Verbose: 0 : SshRelayStream [TX: 2 TXA: 0 RX: 2 AQ: 2]: Disconnecting, preparing to reconnect
Google.Solutions.Compute Verbose: 0 : SshRelayStream [TX: 2 TXA: 0 RX: 2 AQ: 2]: Disconnecting, preparing to reconnect
Google.Solutions.Compute Verbose: 0 : SshRelayStream [TX: 2 TXA: 0 RX: 2 AQ: 2]: Disconnecting, preparing to reconnect
Google.Solutions.Compute Verbose: 0 : SshRelayStream [TX: 2 TXA: 0 RX: 2 AQ: 2]: Disconnecting, preparing to reconnect
Google.Solutions.Compute Verbose: 0 : SshRelayStream [TX: 2 TXA: 0 RX: 2 AQ: 2]: Disconnecting, preparing to reconnect
Google.Solutions.Compute Verbose: 0 : SshRelayStream [TX: 2 TXA: 0 RX: 2 AQ: 2]: Disconnecting, preparing to reconnect
Google.Solutions.Compute Verbose: 0 : SshRelayStream [TX: 2 TXA: 0 RX: 2 AQ: 2]: Disconnecting, preparing to reconnect
Google.Solutions.Compute Verbose: 0 : SshRelayStream [TX: 2 TXA: 0 RX: 2 AQ: 2]: Disconnecting, preparing to reconnect
Google.Solutions.Compute Verbose: 0 : SshRelayStream [TX: 2 TXA: 0 RX: 2 AQ: 2]: Disconnecting, preparing to reconnect
Google.Solutions.Compute Verbose: 0 : SshRelayStream [TX: 2 TXA: 0 RX: 2 AQ: 2]: Disconnecting, preparing to reconnect
Google.Solutions.Compute Verbose: 0 : SshRelayStream [TX: 2 TXA: 0 RX: 2 AQ: 2]: Disconnecting, preparing to reconnect
Google.Solutions.Compute Verbose: 0 : SshRelayStream [TX: 2 TXA: 0 RX: 2 AQ: 2]: Disconnecting, preparing to reconnect
Google.Solutions.Compute Verbose: 0 : SshRelayStream [TX: 2 TXA: 0 RX: 2 AQ: 2]: Disconnecting, preparing to reconnect
Google.Solutions.Compute Verbose: 0 : SshRelayStream [TX: 2 TXA: 0 RX: 2 AQ: 2]: Disconnecting, preparing to reconnect
Google.Solutions.Compute Verbose: 0 : SshRelayStream [TX: 2 TXA: 0 RX: 2 AQ: 2]: Disconnecting, preparing to reconnect
Google.Solutions.Compute Verbose: 0 : SshRelayStream [TX: 2 TXA: 0 RX: 2 AQ: 2]: Disconnecting, preparing to reconnect
Google.Solutions.Compute Verbose: 0 : SshRelayStream [TX: 2 TXA: 0 RX: 2 AQ: 2]: Disconnecting, preparing to reconnect
Google.Solutions.Compute Verbose: 0 : SshRelayStream [TX: 2 TXA: 0 RX: 2 AQ: 2]: Disconnecting, preparing to reconnect
Google.Solutions.Compute Verbose: 0 : SshRelayStream [TX: 2 TXA: 0 RX: 2 AQ: 2]: Disconnecting, preparing to reconnect
Google.Solutions.Compute Verbose: 0 : SshRelayStream [TX: 2 TXA: 0 RX: 2 AQ: 2]: Disconnecting, preparing to reconnect
Google.Solutions.Compute Verbose: 0 : SshRelayStream [TX: 2 TXA: 0 RX: 2 AQ: 2]: Disconnecting, preparing to reconnect
Google.Solutions.Compute Verbose: 0 : SshRelayStream [TX: 2 TXA: 0 RX: 2 AQ: 2]: Disconnecting, preparing to reconnect
Google.Solutions.Compute Verbose: 0 : SshRelayStream [TX: 2 TXA: 0 RX: 2 AQ: 2]: Disconnecting, preparing to reconnect
Google.Solutions.Compute Verbose: 0 : SshRelayStream [TX: 2 TXA: 0 RX: 2 AQ: 2]: Disconnecting, preparing to reconnect
Google.Solutions.Compute Verbose: 0 : SshRelayStream [TX: 2 TXA: 0 RX: 2 AQ: 2]: Disconnecting, preparing to reconnect
Google.Solutions.Compute Verbose: 0 : SshRelayStream [TX: 2 TXA: 0 RX: 2 AQ: 2]: Disconnecting, preparing to reconnect
Google.Solutions.Compute Verbose: 0 : SshRelayStream [TX: 2 TXA: 0 RX: 2 AQ: 2]: Disconnecting, preparing to reconnect
Google.Solutions.Compute Verbose: 0 : SshRelayStream [TX: 2 TXA: 0 RX: 2 AQ: 2]: Disconnecting, preparing to reconnect
Google.Solutions.Compute Verbose: 0 : SshRelayStream [TX: 2 TXA: 0 RX: 2 AQ: 2]: Disconnecting, preparing to reconnect
Google.Solutions.Compute Verbose: 0 : SshRelayStream [TX: 2 TXA: 0 RX: 2 AQ: 2]: Disconnecting, preparing to reconnect
Google.Solutions.Compute Verbose: 0 : SshRelayStream [TX: 2 TXA: 0 RX: 2 AQ: 2]: Disconnecting, preparing to reconnect
Google.Solutions.Compute Verbose: 0 : SshRelayStream [TX: 2 TXA: 0 RX: 2 AQ: 2]: Disconnecting, preparing to reconnect
Google.Solutions.Compute Verbose: 0 : SshRelayStream [TX: 2 TXA: 0 RX: 2 AQ: 2]: Disconnecting, preparing to reconnect
Google.Solutions.Compute Verbose: 0 : SshRelayStream [TX: 2 TXA: 0 RX: 2 AQ: 2]: Disconnecting, preparing to reconnect
Google.Solutions.Compute Verbose: 0 : SshRelayStream [TX: 2 TXA: 0 RX: 2 AQ: 2]: Disconnecting, preparing to reconnect
Google.Solutions.Compute Verbose: 0 : SshRelayStream [TX: 2 TXA: 0 RX: 2 AQ: 2]: Disconnecting, preparing to reconnect
Google.Solutions.Compute Verbose: 0 : SshRelayStream [TX: 2 TXA: 0 RX: 2 AQ: 2]: Disconnecting, preparing to reconnect
Google.Solutions.Compute Verbose: 0 : SshRelayStream [TX: 2 TXA: 0 RX: 2 AQ: 2]: Disconnecting, preparing to reconnect
Google.Solutions.Compute Verbose: 0 : SshRelayStream [TX: 2 TXA: 0 RX: 2 AQ: 2]: Disconnecting, preparing to reconnect
Google.Solutions.Compute Verbose: 0 : SshRelayStream [TX: 2 TXA: 0 RX: 2 AQ: 2]: Disconnecting, preparing to reconnect
Google.Solutions.Compute Verbose: 0 : SshRelayStream [TX: 2 TXA: 0 RX: 2 AQ: 2]: Disconnecting, preparing to reconnect
Google.Solutions.Compute Verbose: 0 : SshRelayStream [TX: 2 TXA: 0 RX: 2 AQ: 2]: Disconnecting, preparing to reconnect
Google.Solutions.Compute Verbose: 0 : SshRelayStream [TX: 2 TXA: 0 RX: 2 AQ: 2]: Disconnecting, preparing to reconnect
Google.Solutions.Compute Verbose: 0 : SshRelayStream [TX: 2 TXA: 0 RX: 2 AQ: 2]: Disconnecting, preparing to reconnect
Google.Solutions.Compute Verbose: 0 : SshRelayStream [TX: 2 TXA: 0 RX: 2 AQ: 2]: Disconnecting, preparing to reconnect
Google.Solutions.Compute Verbose: 0 : SshRelayStream [TX: 2 TXA: 0 RX: 2 AQ: 2]: Disconnecting, preparing to reconnect
Google.Solutions.Compute Verbose: 0 : SshRelayStream [TX: 2 TXA: 0 RX: 2 AQ: 2]: Disconnecting, preparing to reconnect
Google.Solutions.Compute Verbose: 0 : SshRelayStream [TX: 2 TXA: 0 RX: 2 AQ: 2]: Disconnecting, preparing to reconnect
Google.Solutions.Compute Verbose: 0 : SshRelayStream [TX: 2 TXA: 0 RX: 2 AQ: 2]: Disconnecting, preparing to reconnect
Google.Solutions.Compute Verbose: 0 : SshRelayStream [TX: 2 TXA: 0 RX: 2 AQ: 2]: Disconnecting, preparing to reconnect
Google.Solutions.Compute Verbose: 0 : SshRelayStream [TX: 2 TXA: 0 RX: 2 AQ: 2]: Disconnecting, preparing to reconnect
Google.Solutions.Compute Verbose: 0 : SshRelayStream [TX: 2 TXA: 0 RX: 2 AQ: 2]: Disconnecting, preparing to reconnect
Google.Solutions.Compute Verbose: 0 : SshRelayStream [TX: 2 TXA: 0 RX: 2 AQ: 2]: Disconnecting, preparing to reconnect
Google.Solutions.Compute Verbose: 0 : SshRelayStream [TX: 2 TXA: 0 RX: 2 AQ: 2]: Disconnecting, preparing to reconnect
Google.Solutions.Compute Verbose: 0 : SshRelayStream [TX: 2 TXA: 0 RX: 2 AQ: 2]: Disconnecting, preparing to reconnect
Google.Solutions.Compute Verbose: 0 : SshRelayStream [TX: 2 TXA: 0 RX: 2 AQ: 2]: Disconnecting, preparing to reconnect
Google.Solutions.Compute Verbose: 0 : SshRelayStream [TX: 2 TXA: 0 RX: 2 AQ: 2]: Disconnecting, preparing to reconnect
Google.Solutions.Compute Verbose: 0 : SshRelayStream [TX: 2 TXA: 0 RX: 2 AQ: 2]: Disonnected.
Google.Solutions.Compute Verbose: 0 : SshRelayStream [TX: 2 TXA: 0 RX: 2 AQ: 2]: Disonnected.
Google.Solutions.Compute Verbose: 0 : SshRelayStream [TX: 2 TXA: 0 RX: 2 AQ: 2]: Disonnected.
Google.Solutions.Compute Verbose: 0 : SshRelayStream [TX: 2 TXA: 0 RX: 2 AQ: 2]: Disonnected.
Google.Solutions.Compute Verbose: 0 : SshRelayStream [TX: 2 TXA: 0 RX: 2 AQ: 2]: Disonnected.
Google.Solutions.Compute Verbose: 0 : SshRelayStream [TX: 2 TXA: 0 RX: 2 AQ: 2]: Disonnected.
Google.Solutions.Compute Verbose: 0 : SshRelayStream [TX: 2 TXA: 0 RX: 2 AQ: 2]: Disonnected.
Google.Solutions.Compute Verbose: 0 : SshRelayStream [TX: 2 TXA: 0 RX: 2 AQ: 2]: Disonnected.
Google.Solutions.Compute Verbose: 0 : SshRelayStream [TX: 2 TXA: 0 RX: 2 AQ: 2]: Disonnected.
Google.Solutions.Compute Verbose: 0 : SshRelayStream [TX: 2 TXA: 0 RX: 2 AQ: 2]: Disonnected.
Google.Solutions.Compute Verbose: 0 : SshRelayStream [TX: 2 TXA: 0 RX: 2 AQ: 2]: Disonnected.
Google.Solutions.Compute Verbose: 0 : SshRelayStream [TX: 2 TXA: 0 RX: 2 AQ: 2]: Disonnected.
Google.Solutions.Compute Verbose: 0 : SshRelayStream [TX: 2 TXA: 0 RX: 2 AQ: 2]: Disonnected.
Google.Solutions.Compute Verbose: 0 : SshRelayStream [TX: 2 TXA: 0 RX: 2 AQ: 2]: Disonnected.
Google.Solutions.Compute Verbose: 0 : SshRelayStream [TX: 2 TXA: 0 RX: 2 AQ: 2]: Disonnected.
Google.Solutions.Compute Verbose: 0 : SshRelayStream [TX: 2 TXA: 0 RX: 2 AQ: 2]: Disonnected.
Google.Solutions.Compute Verbose: 0 : SshRelayStream [TX: 2 TXA: 0 RX: 2 AQ: 2]: Disonnected.
Google.Solutions.Compute Verbose: 0 : SshRelayStream [TX: 2 TXA: 0 RX: 2 AQ: 2]: Disonnected.
Google.Solutions.Compute Verbose: 0 : SshRelayStream [TX: 2 TXA: 0 RX: 2 AQ: 2]: Disonnected.
Google.Solutions.Compute Verbose: 0 : SshRelayStream [TX: 2 TXA: 0 RX: 2 AQ: 2]: Disonnected.
Google.Solutions.Compute Verbose: 0 : SshRelayStream [TX: 2 TXA: 0 RX: 2 AQ: 2]: Disonnected.
Google.Solutions.Compute Verbose: 0 : SshRelayStream [TX: 2 TXA: 0 RX: 2 AQ: 2]: Disonnected.
Google.Solutions.Compute Verbose: 0 : SshRelayStream [TX: 2 TXA: 0 RX: 2 AQ: 2]: Disonnected.
Google.Solutions.Compute Verbose: 0 : SshRelayStream [TX: 2 TXA: 0 RX: 2 AQ: 2]: Disonnected.
Google.Solutions.Compute Verbose: 0 : SshRelayStream [TX: 2 TXA: 0 RX: 2 AQ: 2]: Disonnected.
Google.Solutions.Compute Verbose: 0 : SshRelayStream [TX: 2 TXA: 0 RX: 2 AQ: 2]: Disonnected.
Google.Solutions.Compute Verbose: 0 : SshRelayStream [TX: 2 TXA: 0 RX: 2 AQ: 2]: Disonnected.
Google.Solutions.Compute Verbose: 0 : SshRelayStream [TX: 2 TXA: 0 RX: 2 AQ: 2]: Disonnected.
Google.Solutions.Compute Verbose: 0 : SshRelayStream [TX: 2 TXA: 0 RX: 2 AQ: 2]: Disonnected.
Google.Solutions.Compute Verbose: 0 : SshRelayStream [TX: 2 TXA: 0 RX: 2 AQ: 2]: Disonnected.
Google.Solutions.Compute Verbose: 0 : SshRelayStream [TX: 2 TXA: 0 RX: 2 AQ: 2]: Disonnected.
Google.Solutions.Compute Verbose: 0 : SshRelayStream [TX: 2 TXA: 0 RX: 2 AQ: 2]: Disonnected.
Google.Solutions.Compute Verbose: 0 : SshRelayStream [TX: 2 TXA: 0 RX: 2 AQ: 2]: Disonnected.
Google.Solutions.Compute Verbose: 0 : SshRelayStream [TX: 2 TXA: 0 RX: 2 AQ: 2]: Disonnected.
Google.Solutions.Compute Verbose: 0 : SshRelayStream [TX: 2 TXA: 0 RX: 2 AQ: 2]: Disonnected.
Google.Solutions.Compute Verbose: 0 : SshRelayStream [TX: 2 TXA: 0 RX: 2 AQ: 2]: Disonnected.
Google.Solutions.Compute Verbose: 0 : SshRelayStream [TX: 2 TXA: 0 RX: 2 AQ: 2]: Disonnected.
Google.Solutions.Compute Verbose: 0 : SshRelayStream [TX: 2 TXA: 0 RX: 2 AQ: 2]: Disonnected.
Google.Solutions.Compute Verbose: 0 : SshRelayStream [TX: 2 TXA: 0 RX: 2 AQ: 2]: Disonnected.
Google.Solutions.Compute Verbose: 0 : SshRelayStream [TX: 2 TXA: 0 RX: 2 AQ: 2]: Disonnected.
Google.Solutions.Compute Verbose: 0 : SshRelayStream [TX: 2 TXA: 0 RX: 2 AQ: 2]: Disonnected.
Google.Solutions.Compute Verbose: 0 : SshRelayStream [TX: 2 TXA: 0 RX: 2 AQ: 2]: Disonnected.
Google.Solutions.Compute Verbose: 0 : SshRelayStream [TX: 2 TXA: 0 RX: 2 AQ: 2]: Disonnected.
Google.Solutions.Compute Verbose: 0 : SshRelayStream [TX: 2 TXA: 0 RX: 2 AQ: 2]: Disonnected.
Google.Solutions.Compute Verbose: 0 : SshRelayStream [TX: 2 TXA: 0 RX: 2 AQ: 2]: Disonnected.
Google.Solutions.Compute Verbose: 0 : SshRelayStream [TX: 2 TXA: 0 RX: 2 AQ: 2]: Disonnected.
Google.Solutions.Compute Verbose: 0 : SshRelayStream [TX: 2 TXA: 0 RX: 2 AQ: 2]: Disonnected.
Google.Solutions.Compute Verbose: 0 : SshRelayStream [TX: 2 TXA: 0 RX: 2 AQ: 2]: Disonnected.
Google.Solutions.Compute Verbose: 0 : SshRelayStream [TX: 2 TXA: 0 RX: 2 AQ: 2]: Disonnected.
Google.Solutions.Compute Verbose: 0 : SshRelayStream [TX: 2 TXA: 0 RX: 2 AQ: 2]: Disonnected.
Google.Solutions.Compute Verbose: 0 : SshRelayStream [TX: 2 TXA: 0 RX: 2 AQ: 2]: Disonnected.
Google.Solutions.Compute Verbose: 0 : SshRelayStream [TX: 2 TXA: 0 RX: 2 AQ: 2]: Disonnected.
Google.Solutions.Compute Verbose: 0 : SshRelayStream [TX: 2 TXA: 0 RX: 2 AQ: 2]: Disonnected.
Google.Solutions.Compute Verbose: 0 : SshRelayStream [TX: 2 TXA: 0 RX: 2 AQ: 2]: Disonnected.
Google.Solutions.Compute Verbose: 0 : SshRelayStream [TX: 2 TXA: 0 RX: 2 AQ: 2]: Disonnected.
Google.Solutions.Compute Verbose: 0 : SshRelayStream [TX: 2 TXA: 0 RX: 2 AQ: 2]: Disonnected.
Google.Solutions.Compute Verbose: 0 : SshRelayStream [TX: 2 TXA: 0 RX: 2 AQ: 2]: Disonnected.
Google.Solutions.Compute Verbose: 0 : SshRelayStream [TX: 2 TXA: 0 RX: 2 AQ: 2]: Disonnected.
Google.Solutions.Compute Verbose: 0 : SshRelayStream [TX: 2 TXA: 0 RX: 2 AQ: 2]: Reconnecting...
Google.Solutions.Compute Verbose: 0 : SshRelayStream [TX: 2 TXA: 0 RX: 2 AQ: 2]: Reconnecting...
Google.Solutions.Compute Verbose: 0 : SshRelayStream [TX: 2 TXA: 0 RX: 2 AQ: 2]: Reconnecting...
Google.Solutions.Compute Verbose: 0 : SshRelayStream [TX: 2 TXA: 0 RX: 2 AQ: 2]: Reconnecting...
Google.Solutions.Compute Verbose: 0 : SshRelayStream [TX: 2 TXA: 0 RX: 2 AQ: 2]: Reconnecting...
Google.Solutions.Compute Verbose: 0 : SshRelayStream [TX: 2 TXA: 0 RX: 2 AQ: 2]: Reconnecting...
Google.Solutions.Compute Verbose: 0 : SshRelayStream [TX: 2 TXA: 0 RX: 2 AQ: 2]: Reconnecting...
Google.Solutions.Compute Verbose: 0 : SshRelayStream [TX: 2 TXA: 0 RX: 2 AQ: 2]: Reconnecting...
Google.Solutions.Compute Verbose: 0 : SshRelayStream [TX: 2 TXA: 0 RX: 2 AQ: 2]: Reconnecting...
Google.Solutions.Compute Verbose: 0 : SshRelayStream [TX: 2 TXA: 0 RX: 2 AQ: 2]: Reconnecting...
Google.Solutions.Compute Verbose: 0 : SshRelayStream [TX: 2 TXA: 0 RX: 2 AQ: 2]: Reconnecting...
Google.Solutions.Compute Verbose: 0 : SshRelayStream [TX: 2 TXA: 0 RX: 2 AQ: 2]: Reconnecting...
Google.Solutions.Compute Verbose: 0 : SshRelayStream [TX: 2 TXA: 0 RX: 2 AQ: 2]: Reconnecting...
Google.Solutions.Compute Verbose: 0 : SshRelayStream [TX: 2 TXA: 0 RX: 2 AQ: 2]: Reconnecting...
Google.Solutions.Compute Verbose: 0 : SshRelayStream [TX: 2 TXA: 0 RX: 2 AQ: 2]: Reconnecting...
Google.Solutions.Compute Verbose: 0 : SshRelayStream [TX: 2 TXA: 0 RX: 2 AQ: 2]: Reconnecting...
Google.Solutions.Compute Verbose: 0 : SshRelayStream [TX: 2 TXA: 0 RX: 2 AQ: 2]: Reconnecting...
Google.Solutions.Compute Verbose: 0 : SshRelayStream [TX: 2 TXA: 0 RX: 2 AQ: 2]: Reconnecting...
Google.Solutions.Compute Verbose: 0 : SshRelayStream [TX: 2 TXA: 0 RX: 2 AQ: 2]: Reconnecting...
Google.Solutions.Compute Verbose: 0 : SshRelayStream [TX: 2 TXA: 0 RX: 2 AQ: 2]: Reconnecting...
Google.Solutions.Compute Verbose: 0 : SshRelayStream [TX: 2 TXA: 0 RX: 2 AQ: 2]: Reconnecting...
Google.Solutions.Compute Verbose: 0 : SshRelayStream [TX: 2 TXA: 0 RX: 2 AQ: 2]: Reconnecting...
Google.Solutions.Compute Verbose: 0 : SshRelayStream [TX: 2 TXA: 0 RX: 2 AQ: 2]: Reconnecting...
Google.Solutions.Compute Verbose: 0 : SshRelayStream [TX: 2 TXA: 0 RX: 2 AQ: 2]: Reconnecting...
Google.Solutions.Compute Verbose: 0 : SshRelayStream [TX: 2 TXA: 0 RX: 2 AQ: 2]: Reconnecting...
Google.Solutions.Compute Verbose: 0 : SshRelayStream [TX: 2 TXA: 0 RX: 2 AQ: 2]: Reconnecting...
Google.Solutions.Compute Verbose: 0 : SshRelayStream [TX: 2 TXA: 0 RX: 2 AQ: 2]: Reconnecting...
Google.Solutions.Compute Verbose: 0 : SshRelayStream [TX: 2 TXA: 0 RX: 2 AQ: 2]: Reconnecting...
Google.Solutions.Compute Verbose: 0 : SshRelayStream [TX: 2 TXA: 0 RX: 2 AQ: 2]: Reconnecting...
Google.Solutions.Compute Verbose: 0 : SshRelayStream [TX: 2 TXA: 0 RX: 2 AQ: 2]: Reconnecting...
Google.Solutions.Compute Verbose: 0 : SshRelayStream [TX: 2 TXA: 0 RX: 2 AQ: 2]: Reconnecting...
Google.Solutions.Compute Verbose: 0 : SshRelayStream [TX: 2 TXA: 0 RX: 2 AQ: 2]: Reconnecting...
Google.Solutions.Compute Verbose: 0 : SshRelayStream [TX: 2 TXA: 0 RX: 2 AQ: 2]: Reconnecting...
Google.Solutions.Compute Verbose: 0 : SshRelayStream [TX: 2 TXA: 0 RX: 2 AQ: 2]: Reconnecting...
Google.Solutions.Compute Verbose: 0 : SshRelayStream [TX: 2 TXA: 0 RX: 2 AQ: 2]: Reconnecting...
Google.Solutions.Compute Verbose: 0 : SshRelayStream [TX: 2 TXA: 0 RX: 2 AQ: 2]: Reconnecting...
Google.Solutions.Compute Verbose: 0 : SshRelayStream [TX: 2 TXA: 0 RX: 2 AQ: 2]: Reconnecting...
Google.Solutions.Compute Verbose: 0 : SshRelayStream [TX: 2 TXA: 0 RX: 2 AQ: 2]: Reconnecting...
Google.Solutions.Compute Verbose: 0 : SshRelayStream [TX: 2 TXA: 0 RX: 2 AQ: 2]: Reconnecting...
Google.Solutions.Compute Verbose: 0 : SshRelayStream [TX: 2 TXA: 0 RX: 2 AQ: 2]: Reconnecting...
Google.Solutions.Compute Verbose: 0 : SshRelayStream [TX: 2 TXA: 0 RX: 2 AQ: 2]: Reconnecting...
Google.Solutions.Compute Verbose: 0 : SshRelayStream [TX: 2 TXA: 0 RX: 2 AQ: 2]: Reconnecting...
Google.Solutions.Compute Verbose: 0 : SshRelayStream [TX: 2 TXA: 0 RX: 2 AQ: 2]: Reconnecting...
Google.Solutions.Compute Verbose: 0 : SshRelayStream [TX: 2 TXA: 0 RX: 2 AQ: 2]: Reconnecting...
Google.Solutions.Compute Verbose: 0 : SshRelayStream [TX: 2 TXA: 0 RX: 2 AQ: 2]: Reconnecting...
Google.Solutions.Compute Verbose: 0 : SshRelayStream [TX: 2 TXA: 0 RX: 2 AQ: 2]: Reconnecting...
Google.Solutions.Compute Verbose: 0 : SshRelayStream [TX: 2 TXA: 0 RX: 2 AQ: 2]: Reconnecting...
Google.Solutions.Compute Verbose: 0 : SshRelayStream [TX: 2 TXA: 0 RX: 2 AQ: 2]: Reconnecting...
Google.Solutions.Compute Verbose: 0 : SshRelayStream [TX: 2 TXA: 0 RX: 2 AQ: 2]: Reconnecting...
Google.Solutions.Compute Verbose: 0 : SshRelayStream [TX: 2 TXA: 0 RX: 2 AQ: 2]: Reconnecting...
Google.Solutions.Compute Verbose: 0 : SshRelayStream [TX: 2 TXA: 0 RX: 2 AQ: 2]: Reconnecting...
Google.Solutions.Compute Verbose: 0 : SshRelayStream [TX: 2 TXA: 0 RX: 2 AQ: 2]: Reconnecting...
Google.Solutions.Compute Verbose: 0 : SshRelayStream [TX: 2 TXA: 0 RX: 2 AQ: 2]: Reconnecting...
Google.Solutions.Compute Verbose: 0 : SshRelayStream [TX: 2 TXA: 0 RX: 2 AQ: 2]: Reconnecting...
Google.Solutions.Compute Verbose: 0 : SshRelayStream [TX: 2 TXA: 0 RX: 2 AQ: 2]: Reconnecting...
Google.Solutions.Compute Verbose: 0 : SshRelayStream [TX: 2 TXA: 0 RX: 2 AQ: 2]: Reconnecting...
Google.Solutions.Compute Verbose: 0 : SshRelayStream [TX: 2 TXA: 0 RX: 2 AQ: 2]: Reconnecting...
Google.Solutions.Compute Verbose: 0 : SshRelayStream [TX: 2 TXA: 0 RX: 2 AQ: 2]: Reconnecting...
Google.Solutions.Compute Verbose: 0 : SshRelayStream [TX: 2 TXA: 0 RX: 2 AQ: 1]: Resending DATA #0...
Google.Solutions.Compute Verbose: 0 : SshRelayStream [TX: 2 TXA: 0 RX: 2 AQ: 1]: Resending DATA #0...
Google.Solutions.Compute Verbose: 0 : SshRelayStream [TX: 2 TXA: 0 RX: 2 AQ: 1]: Resending DATA #0...
Google.Solutions.Compute Verbose: 0 : SshRelayStream [TX: 2 TXA: 0 RX: 2 AQ: 1]: Resending DATA #0...
Google.Solutions.Compute Verbose: 0 : SshRelayStream [TX: 2 TXA: 0 RX: 2 AQ: 1]: Resending DATA #0...
Google.Solutions.Compute Verbose: 0 : SshRelayStream [TX: 2 TXA: 0 RX: 2 AQ: 1]: Resending DATA #0...
Google.Solutions.Compute Verbose: 0 : SshRelayStream [TX: 2 TXA: 0 RX: 2 AQ: 1]: Resending DATA #0...
Google.Solutions.Compute Verbose: 0 : SshRelayStream [TX: 2 TXA: 0 RX: 2 AQ: 1]: Resending DATA #0...
Google.Solutions.Compute Verbose: 0 : SshRelayStream [TX: 2 TXA: 0 RX: 2 AQ: 1]: Resending DATA #0...
Google.Solutions.Compute Verbose: 0 : SshRelayStream [TX: 2 TXA: 0 RX: 2 AQ: 1]: Resending DATA #0...
Google.Solutions.Compute Verbose: 0 : SshRelayStream [TX: 2 TXA: 0 RX: 2 AQ: 1]: Resending DATA #0...
Google.Solutions.Compute Verbose: 0 : SshRelayStream [TX: 2 TXA: 0 RX: 2 AQ: 1]: Resending DATA #0...
Google.Solutions.Compute Verbose: 0 : SshRelayStream [TX: 2 TXA: 0 RX: 2 AQ: 1]: Resending DATA #0...
Google.Solutions.Compute Verbose: 0 : SshRelayStream [TX: 2 TXA: 0 RX: 2 AQ: 1]: Resending DATA #0...
Google.Solutions.Compute Verbose: 0 : SshRelayStream [TX: 2 TXA: 0 RX: 2 AQ: 1]: Resending DATA #0...
Google.Solutions.Compute Verbose: 0 : SshRelayStream [TX: 2 TXA: 0 RX: 2 AQ: 1]: Resending DATA #0...
Google.Solutions.Compute Verbose: 0 : SshRelayStream [TX: 2 TXA: 0 RX: 2 AQ: 1]: Resending DATA #0...
Google.Solutions.Compute Verbose: 0 : SshRelayStream [TX: 2 TXA: 0 RX: 2 AQ: 1]: Resending DATA #0...
Google.Solutions.Compute Verbose: 0 : SshRelayStream [TX: 2 TXA: 0 RX: 2 AQ: 1]: Resending DATA #0...
Google.Solutions.Compute Verbose: 0 : SshRelayStream [TX: 2 TXA: 0 RX: 2 AQ: 1]: Resending DATA #0...
Google.Solutions.Compute Verbose: 0 : SshRelayStream [TX: 2 TXA: 0 RX: 2 AQ: 1]: Resending DATA #0...
Google.Solutions.Compute Verbose: 0 : SshRelayStream [TX: 2 TXA: 0 RX: 2 AQ: 1]: Resending DATA #0...
Google.Solutions.Compute Verbose: 0 : SshRelayStream [TX: 2 TXA: 0 RX: 2 AQ: 1]: Resending DATA #0...
Google.Solutions.Compute Verbose: 0 : SshRelayStream [TX: 2 TXA: 0 RX: 2 AQ: 1]: Resending DATA #0...
Google.Solutions.Compute Verbose: 0 : SshRelayStream [TX: 2 TXA: 0 RX: 2 AQ: 1]: Resending DATA #0...
Google.Solutions.Compute Verbose: 0 : SshRelayStream [TX: 2 TXA: 0 RX: 2 AQ: 1]: Resending DATA #0...
Google.Solutions.Compute Verbose: 0 : SshRelayStream [TX: 2 TXA: 0 RX: 2 AQ: 1]: Resending DATA #0...
Google.Solutions.Compute Verbose: 0 : SshRelayStream [TX: 2 TXA: 0 RX: 2 AQ: 1]: Resending DATA #0...
Google.Solutions.Compute Verbose: 0 : SshRelayStream [TX: 2 TXA: 0 RX: 2 AQ: 1]: Resending DATA #0...
Google.Solutions.Compute Verbose: 0 : SshRelayStream [TX: 2 TXA: 0 RX: 2 AQ: 1]: Resending DATA #0...
Google.Solutions.Compute Verbose: 0 : SshRelayStream [TX: 2 TXA: 0 RX: 2 AQ: 1]: Resending DATA #0...
Google.Solutions.Compute Verbose: 0 : SshRelayStream [TX: 2 TXA: 0 RX: 2 AQ: 1]: Resending DATA #0...
Google.Solutions.Compute Verbose: 0 : SshRelayStream [TX: 2 TXA: 0 RX: 2 AQ: 1]: Resending DATA #0...
Google.Solutions.Compute Verbose: 0 : SshRelayStream [TX: 2 TXA: 0 RX: 2 AQ: 1]: Resending DATA #0...
Google.Solutions.Compute Verbose: 0 : SshRelayStream [TX: 2 TXA: 0 RX: 2 AQ: 1]: Resending DATA #0...
Google.Solutions.Compute Verbose: 0 : SshRelayStream [TX: 2 TXA: 0 RX: 2 AQ: 1]: Resending DATA #0...
Google.Solutions.Compute Verbose: 0 : SshRelayStream [TX: 2 TXA: 0 RX: 2 AQ: 1]: Resending DATA #0...
Google.Solutions.Compute Verbose: 0 : SshRelayStream [TX: 2 TXA: 0 RX: 2 AQ: 1]: Resending DATA #0...
Google.Solutions.Compute Verbose: 0 : SshRelayStream [TX: 2 TXA: 0 RX: 2 AQ: 1]: Resending DATA #0...
Google.Solutions.Compute Verbose: 0 : SshRelayStream [TX: 2 TXA: 0 RX: 2 AQ: 1]: Resending DATA #0...
Google.Solutions.Compute Verbose: 0 : SshRelayStream [TX: 2 TXA: 0 RX: 2 AQ: 1]: Resending DATA #0...
Google.Solutions.Compute Verbose: 0 : SshRelayStream [TX: 2 TXA: 0 RX: 2 AQ: 1]: Resending DATA #0...
Google.Solutions.Compute Verbose: 0 : SshRelayStream [TX: 2 TXA: 0 RX: 2 AQ: 1]: Resending DATA #0...
Google.Solutions.Compute Verbose: 0 : SshRelayStream [TX: 2 TXA: 0 RX: 2 AQ: 1]: Resending DATA #0...
Google.Solutions.Compute Verbose: 0 : SshRelayStream [TX: 2 TXA: 0 RX: 2 AQ: 1]: Resending DATA #0...
Google.Solutions.Compute Verbose: 0 : SshRelayStream [TX: 2 TXA: 0 RX: 2 AQ: 1]: Resending DATA #0...
Google.Solutions.Compute Verbose: 0 : SshRelayStream [TX: 2 TXA: 0 RX: 2 AQ: 1]: Resending DATA #0...
Google.Solutions.Compute Verbose: 0 : SshRelayStream [TX: 2 TXA: 0 RX: 2 AQ: 1]: Resending DATA #0...
Google.Solutions.Compute Verbose: 0 : SshRelayStream [TX: 2 TXA: 0 RX: 2 AQ: 1]: Resending DATA #0...
Google.Solutions.Compute Verbose: 0 : SshRelayStream [TX: 2 TXA: 0 RX: 2 AQ: 1]: Resending DATA #0...
Google.Solutions.Compute Verbose: 0 : SshRelayStream [TX: 2 TXA: 0 RX: 2 AQ: 1]: Resending DATA #0...
Google.Solutions.Compute Verbose: 0 : SshRelayStream [TX: 2 TXA: 0 RX: 2 AQ: 1]: Resending DATA #0...
Google.Solutions.Compute Verbose: 0 : SshRelayStream [TX: 2 TXA: 0 RX: 2 AQ: 1]: Resending DATA #0...
Google.Solutions.Compute Verbose: 0 : SshRelayStream [TX: 2 TXA: 0 RX: 2 AQ: 1]: Resending DATA #0...
Google.Solutions.Compute Verbose: 0 : SshRelayStream [TX: 2 TXA: 0 RX: 2 AQ: 1]: Resending DATA #0...
Google.Solutions.Compute Verbose: 0 : SshRelayStream [TX: 2 TXA: 0 RX: 2 AQ: 1]: Resending DATA #0...
Google.Solutions.Compute Verbose: 0 : SshRelayStream [TX: 2 TXA: 0 RX: 2 AQ: 1]: Resending DATA #0...
Google.Solutions.Compute Verbose: 0 : SshRelayStream [TX: 2 TXA: 0 RX: 2 AQ: 1]: Resending DATA #0...
Google.Solutions.Compute Verbose: 0 : SshRelayStream [TX: 2 TXA: 0 RX: 2 AQ: 0]: Resending DATA #1...
Google.Solutions.Compute Verbose: 0 : SshRelayStream [TX: 2 TXA: 0 RX: 2 AQ: 0]: Resending DATA #1...
Google.Solutions.Compute Verbose: 0 : SshRelayStream [TX: 2 TXA: 0 RX: 2 AQ: 0]: Resending DATA #1...
Google.Solutions.Compute Verbose: 0 : SshRelayStream [TX: 2 TXA: 0 RX: 2 AQ: 0]: Resending DATA #1...
Google.Solutions.Compute Verbose: 0 : SshRelayStream [TX: 2 TXA: 0 RX: 2 AQ: 0]: Resending DATA #1...
Google.Solutions.Compute Verbose: 0 : SshRelayStream [TX: 2 TXA: 0 RX: 2 AQ: 0]: Resending DATA #1...
Google.Solutions.Compute Verbose: 0 : SshRelayStream [TX: 2 TXA: 0 RX: 2 AQ: 0]: Resending DATA #1...
Google.Solutions.Compute Verbose: 0 : SshRelayStream [TX: 2 TXA: 0 RX: 2 AQ: 0]: Resending DATA #1...
Google.Solutions.Compute Verbose: 0 : SshRelayStream [TX: 2 TXA: 0 RX: 2 AQ: 0]: Resending DATA #1...
Google.Solutions.Compute Verbose: 0 : SshRelayStream [TX: 2 TXA: 0 RX: 2 AQ: 0]: Resending DATA #1...
Google.Solutions.Compute Verbose: 0 : SshRelayStream [TX: 2 TXA: 0 RX: 2 AQ: 0]: Resending DATA #1...
Google.Solutions.Compute Verbose: 0 : SshRelayStream [TX: 2 TXA: 0 RX: 2 AQ: 0]: Resending DATA #1...
Google.Solutions.Compute Verbose: 0 : SshRelayStream [TX: 2 TXA: 0 RX: 2 AQ: 0]: Resending DATA #1...
Google.Solutions.Compute Verbose: 0 : SshRelayStream [TX: 2 TXA: 0 RX: 2 AQ: 0]: Resending DATA #1...
Google.Solutions.Compute Verbose: 0 : SshRelayStream [TX: 2 TXA: 0 RX: 2 AQ: 0]: Resending DATA #1...
Google.Solutions.Compute Verbose: 0 : SshRelayStream [TX: 2 TXA: 0 RX: 2 AQ: 0]: Resending DATA #1...
Google.Solutions.Compute Verbose: 0 : SshRelayStream [TX: 2 TXA: 0 RX: 2 AQ: 0]: Resending DATA #1...
Google.Solutions.Compute Verbose: 0 : SshRelayStream [TX: 2 TXA: 0 RX: 2 AQ: 0]: Resending DATA #1...
Google.Solutions.Compute Verbose: 0 : SshRelayStream [TX: 2 TXA: 0 RX: 2 AQ: 0]: Resending DATA #1...
Google.Solutions.Compute Verbose: 0 : SshRelayStream [TX: 2 TXA: 0 RX: 2 AQ: 0]: Resending DATA #1...
Google.Solutions.Compute Verbose: 0 : SshRelayStream [TX: 2 TXA: 0 RX: 2 AQ: 0]: Resending DATA #1...
Google.Solutions.Compute Verbose: 0 : SshRelayStream [TX: 2 TXA: 0 RX: 2 AQ: 0]: Resending DATA #1...
Google.Solutions.Compute Verbose: 0 : SshRelayStream [TX: 2 TXA: 0 RX: 2 AQ: 0]: Resending DATA #1...
Google.Solutions.Compute Verbose: 0 : SshRelayStream [TX: 2 TXA: 0 RX: 2 AQ: 0]: Resending DATA #1...
Google.Solutions.Compute Verbose: 0 : SshRelayStream [TX: 2 TXA: 0 RX: 2 AQ: 0]: Resending DATA #1...
Google.Solutions.Compute Verbose: 0 : SshRelayStream [TX: 2 TXA: 0 RX: 2 AQ: 0]: Resending DATA #1...
Google.Solutions.Compute Verbose: 0 : SshRelayStream [TX: 2 TXA: 0 RX: 2 AQ: 0]: Resending DATA #1...
Google.Solutions.Compute Verbose: 0 : SshRelayStream [TX: 2 TXA: 0 RX: 2 AQ: 0]: Resending DATA #1...
Google.Solutions.Compute Verbose: 0 : SshRelayStream [TX: 2 TXA: 0 RX: 2 AQ: 0]: Resending DATA #1...
Google.Solutions.Compute Verbose: 0 : SshRelayStream [TX: 2 TXA: 0 RX: 2 AQ: 0]: Resending DATA #1...
Google.Solutions.Compute Verbose: 0 : SshRelayStream [TX: 2 TXA: 0 RX: 2 AQ: 0]: Resending DATA #1...
Google.Solutions.Compute Verbose: 0 : SshRelayStream [TX: 2 TXA: 0 RX: 2 AQ: 0]: Resending DATA #1...
Google.Solutions.Compute Verbose: 0 : SshRelayStream [TX: 2 TXA: 0 RX: 2 AQ: 0]: Resending DATA #1...
Google.Solutions.Compute Verbose: 0 : SshRelayStream [TX: 2 TXA: 0 RX: 2 AQ: 0]: Resending DATA #1...
Google.Solutions.Compute Verbose: 0 : SshRelayStream [TX: 2 TXA: 0 RX: 2 AQ: 0]: Resending DATA #1...
Google.Solutions.Compute Verbose: 0 : SshRelayStream [TX: 2 TXA: 0 RX: 2 AQ: 0]: Resending DATA #1...
Google.Solutions.Compute Verbose: 0 : SshRelayStream [TX: 2 TXA: 0 RX: 2 AQ: 0]: Resending DATA #1...
Google.Solutions.Compute Verbose: 0 : SshRelayStream [TX: 2 TXA: 0 RX: 2 AQ: 0]: Resending DATA #1...
Google.Solutions.Compute Verbose: 0 : SshRelayStream [TX: 2 TXA: 0 RX: 2 AQ: 0]: Resending DATA #1...
Google.Solutions.Compute Verbose: 0 : SshRelayStream [TX: 2 TXA: 0 RX: 2 AQ: 0]: Resending DATA #1...
Google.Solutions.Compute Verbose: 0 : SshRelayStream [TX: 2 TXA: 0 RX: 2 AQ: 0]: Resending DATA #1...
Google.Solutions.Compute Verbose: 0 : SshRelayStream [TX: 2 TXA: 0 RX: 2 AQ: 0]: Resending DATA #1...
Google.Solutions.Compute Verbose: 0 : SshRelayStream [TX: 2 TXA: 0 RX: 2 AQ: 0]: Resending DATA #1...
Google.Solutions.Compute Verbose: 0 : SshRelayStream [TX: 2 TXA: 0 RX: 2 AQ: 0]: Resending DATA #1...
Google.Solutions.Compute Verbose: 0 : SshRelayStream [TX: 2 TXA: 0 RX: 2 AQ: 0]: Resending DATA #1...
Google.Solutions.Compute Verbose: 0 : SshRelayStream [TX: 2 TXA: 0 RX: 2 AQ: 0]: Resending DATA #1...
Google.Solutions.Compute Verbose: 0 : SshRelayStream [TX: 2 TXA: 0 RX: 2 AQ: 0]: Resending DATA #1...
Google.Solutions.Compute Verbose: 0 : SshRelayStream [TX: 2 TXA: 0 RX: 2 AQ: 0]: Resending DATA #1...
Google.Solutions.Compute Verbose: 0 : SshRelayStream [TX: 2 TXA: 0 RX: 2 AQ: 0]: Resending DATA #1...
Google.Solutions.Compute Verbose: 0 : SshRelayStream [TX: 2 TXA: 0 RX: 2 AQ: 0]: Resending DATA #1...
Google.Solutions.Compute Verbose: 0 : SshRelayStream [TX: 2 TXA: 0 RX: 2 AQ: 0]: Resending DATA #1...
Google.Solutions.Compute Verbose: 0 : SshRelayStream [TX: 2 TXA: 0 RX: 2 AQ: 0]: Resending DATA #1...
Google.Solutions.Compute Verbose: 0 : SshRelayStream [TX: 2 TXA: 0 RX: 2 AQ: 0]: Resending DATA #1...
Google.Solutions.Compute Verbose: 0 : SshRelayStream [TX: 2 TXA: 0 RX: 2 AQ: 0]: Resending DATA #1...
Google.Solutions.Compute Verbose: 0 : SshRelayStream [TX: 2 TXA: 0 RX: 2 AQ: 0]: Resending DATA #1...
Google.Solutions.Compute Verbose: 0 : SshRelayStream [TX: 2 TXA: 0 RX: 2 AQ: 0]: Resending DATA #1...
Google.Solutions.Compute Verbose: 0 : SshRelayStream [TX: 2 TXA: 0 RX: 2 AQ: 0]: Resending DATA #1...
Google.Solutions.Compute Verbose: 0 : SshRelayStream [TX: 2 TXA: 0 RX: 2 AQ: 0]: Resending DATA #1...
Google.Solutions.Compute Verbose: 0 : SshRelayStream [TX: 2 TXA: 0 RX: 2 AQ: 0]: Sending DATA #2...
Google.Solutions.Compute Verbose: 0 : SshRelayStream [TX: 2 TXA: 0 RX: 2 AQ: 0]: Sending DATA #2...
Google.Solutions.Compute Verbose: 0 : SshRelayStream [TX: 2 TXA: 0 RX: 2 AQ: 0]: Sending DATA #2...
Google.Solutions.Compute Verbose: 0 : SshRelayStream [TX: 2 TXA: 0 RX: 2 AQ: 0]: Sending DATA #2...
Google.Solutions.Compute Verbose: 0 : SshRelayStream [TX: 2 TXA: 0 RX: 2 AQ: 0]: Sending DATA #2...
Google.Solutions.Compute Verbose: 0 : SshRelayStream [TX: 2 TXA: 0 RX: 2 AQ: 0]: Sending DATA #2...
Google.Solutions.Compute Verbose: 0 : SshRelayStream [TX: 2 TXA: 0 RX: 2 AQ: 0]: Sending DATA #2...
Google.Solutions.Compute Verbose: 0 : SshRelayStream [TX: 2 TXA: 0 RX: 2 AQ: 0]: Sending DATA #2...
Google.Solutions.Compute Verbose: 0 : SshRelayStream [TX: 2 TXA: 0 RX: 2 AQ: 0]: Sending DATA #2...
Google.Solutions.Compute Verbose: 0 : SshRelayStream [TX: 2 TXA: 0 RX: 2 AQ: 0]: Sending DATA #2...
Google.Solutions.Compute Verbose: 0 : SshRelayStream [TX: 2 TXA: 0 RX: 2 AQ: 0]: Sending DATA #2...
Google.Solutions.Compute Verbose: 0 : SshRelayStream [TX: 2 TXA: 0 RX: 2 AQ: 0]: Sending DATA #2...
Google.Solutions.Compute Verbose: 0 : SshRelayStream [TX: 2 TXA: 0 RX: 2 AQ: 0]: Sending DATA #2...
Google.Solutions.Compute Verbose: 0 : SshRelayStream [TX: 2 TXA: 0 RX: 2 AQ: 0]: Sending DATA #2...
Google.Solutions.Compute Verbose: 0 : SshRelayStream [TX: 2 TXA: 0 RX: 2 AQ: 0]: Sending DATA #2...
Google.Solutions.Compute Verbose: 0 : SshRelayStream [TX: 2 TXA: 0 RX: 2 AQ: 0]: Sending DATA #2...
Google.Solutions.Compute Verbose: 0 : SshRelayStream [TX: 2 TXA: 0 RX: 2 AQ: 0]: Sending DATA #2...
Google.Solutions.Compute Verbose: 0 : SshRelayStream [TX: 2 TXA: 0 RX: 2 AQ: 0]: Sending DATA #2...
Google.Solutions.Compute Verbose: 0 : SshRelayStream [TX: 2 TXA: 0 RX: 2 AQ: 0]: Sending DATA #2...
Google.Solutions.Compute Verbose: 0 : SshRelayStream [TX: 2 TXA: 0 RX: 2 AQ: 0]: Sending DATA #2...
Google.Solutions.Compute Verbose: 0 : SshRelayStream [TX: 2 TXA: 0 RX: 2 AQ: 0]: Sending DATA #2...
Google.Solutions.Compute Verbose: 0 : SshRelayStream [TX: 2 TXA: 0 RX: 2 AQ: 0]: Sending DATA #2...
Google.Solutions.Compute Verbose: 0 : SshRelayStream [TX: 2 TXA: 0 RX: 2 AQ: 0]: Sending DATA #2...
Google.Solutions.Compute Verbose: 0 : SshRelayStream [TX: 2 TXA: 0 RX: 2 AQ: 0]: Sending DATA #2...
Google.Solutions.Compute Verbose: 0 : SshRelayStream [TX: 2 TXA: 0 RX: 2 AQ: 0]: Sending DATA #2...
Google.Solutions.Compute Verbose: 0 : SshRelayStream [TX: 2 TXA: 0 RX: 2 AQ: 0]: Sending DATA #2...
Google.Solutions.Compute Verbose: 0 : SshRelayStream [TX: 2 TXA: 0 RX: 2 AQ: 0]: Sending DATA #2...
Google.Solutions.Compute Verbose: 0 : SshRelayStream [TX: 2 TXA: 0 RX: 2 AQ: 0]: Sending DATA #2...
Google.Solutions.Compute Verbose: 0 : SshRelayStream [TX: 2 TXA: 0 RX: 2 AQ: 0]: Sending DATA #2...
Google.Solutions.Compute Verbose: 0 : SshRelayStream [TX: 2 TXA: 0 RX: 2 AQ: 0]: Sending DATA #2...
Google.Solutions.Compute Verbose: 0 : SshRelayStream [TX: 2 TXA: 0 RX: 2 AQ: 0]: Sending DATA #2...
Google.Solutions.Compute Verbose: 0 : SshRelayStream [TX: 2 TXA: 0 RX: 2 AQ: 0]: Sending DATA #2...
Google.Solutions.Compute Verbose: 0 : SshRelayStream [TX: 2 TXA: 0 RX: 2 AQ: 0]: Sending DATA #2...
Google.Solutions.Compute Verbose: 0 : SshRelayStream [TX: 2 TXA: 0 RX: 2 AQ: 0]: Sending DATA #2...
Google.Solutions.Compute Verbose: 0 : SshRelayStream [TX: 2 TXA: 0 RX: 2 AQ: 0]: Sending DATA #2...
Google.Solutions.Compute Verbose: 0 : SshRelayStream [TX: 2 TXA: 0 RX: 2 AQ: 0]: Sending DATA #2...
Google.Solutions.Compute Verbose: 0 : SshRelayStream [TX: 2 TXA: 0 RX: 2 AQ: 0]: Sending DATA #2...
Google.Solutions.Compute Verbose: 0 : SshRelayStream [TX: 2 TXA: 0 RX: 2 AQ: 0]: Sending DATA #2...
Google.Solutions.Compute Verbose: 0 : SshRelayStream [TX: 2 TXA: 0 RX: 2 AQ: 0]: Sending DATA #2...
Google.Solutions.Compute Verbose: 0 : SshRelayStream [TX: 2 TXA: 0 RX: 2 AQ: 0]: Sending DATA #2...
Google.Solutions.Compute Verbose: 0 : SshRelayStream [TX: 2 TXA: 0 RX: 2 AQ: 0]: Sending DATA #2...
Google.Solutions.Compute Verbose: 0 : SshRelayStream [TX: 2 TXA: 0 RX: 2 AQ: 0]: Sending DATA #2...
Google.Solutions.Compute Verbose: 0 : SshRelayStream [TX: 2 TXA: 0 RX: 2 AQ: 0]: Sending DATA #2...
Google.Solutions.Compute Verbose: 0 : SshRelayStream [TX: 2 TXA: 0 RX: 2 AQ: 0]: Sending DATA #2...
Google.Solutions.Compute Verbose: 0 : SshRelayStream [TX: 2 TXA: 0 RX: 2 AQ: 0]: Sending DATA #2...
Google.Solutions.Compute Verbose: 0 : SshRelayStream [TX: 2 TXA: 0 RX: 2 AQ: 0]: Sending DATA #2...
Google.Solutions.Compute Verbose: 0 : SshRelayStream [TX: 2 TXA: 0 RX: 2 AQ: 0]: Sending DATA #2...
Google.Solutions.Compute Verbose: 0 : SshRelayStream [TX: 2 TXA: 0 RX: 2 AQ: 0]: Sending DATA #2...
Google.Solutions.Compute Verbose: 0 : SshRelayStream [TX: 2 TXA: 0 RX: 2 AQ: 0]: Sending DATA #2...
Google.Solutions.Compute Verbose: 0 : SshRelayStream [TX: 2 TXA: 0 RX: 2 AQ: 0]: Sending DATA #2...
Google.Solutions.Compute Verbose: 0 : SshRelayStream [TX: 2 TXA: 0 RX: 2 AQ: 0]: Sending DATA #2...
Google.Solutions.Compute Verbose: 0 : SshRelayStream [TX: 2 TXA: 0 RX: 2 AQ: 0]: Sending DATA #2...
Google.Solutions.Compute Verbose: 0 : SshRelayStream [TX: 2 TXA: 0 RX: 2 AQ: 0]: Sending DATA #2...
Google.Solutions.Compute Verbose: 0 : SshRelayStream [TX: 2 TXA: 0 RX: 2 AQ: 0]: Sending DATA #2...
Google.Solutions.Compute Verbose: 0 : SshRelayStream [TX: 2 TXA: 0 RX: 2 AQ: 0]: Sending DATA #2...
Google.Solutions.Compute Verbose: 0 : SshRelayStream [TX: 2 TXA: 0 RX: 2 AQ: 0]: Sending DATA #2...
Google.Solutions.Compute Verbose: 0 : SshRelayStream [TX: 2 TXA: 0 RX: 2 AQ: 0]: Sending DATA #2...
Google.Solutions.Compute Verbose: 0 : SshRelayStream [TX: 2 TXA: 0 RX: 2 AQ: 0]: Sending DATA #2...
</system-out></testcase><testcase name="WriteAfterForcefulServerCloseCausesReconnectAndDataBeingResentIfDataReadBefore(InvalidMessageType)" assertions="9" time="0.001458" status="Passed" classname="Google.Solutions.Compute.Test.Iap.TestSshRelayStreamWriting"><system-out>Google.Solutions.Compute Verbose: 0 : SshRelayStream [TX: 0 TXA: 0 RX: 0 AQ: 0]: Connecting...
Google.Solutions.Compute Verbose: 0 : SshRelayStream [TX: 0 TXA: 0 RX: 0 AQ: 0]: Connecting...
Google.Solutions.Compute Verbose: 0 : SshRelayStream [TX: 0 TXA: 0 RX: 0 AQ: 0]: Connecting...
Google.Solutions.Compute Verbose: 0 : SshRelayStream [TX: 0 TXA: 0 RX: 0 AQ: 0]: Connecting...
Google.Solutions.Compute Verbose: 0 : SshRelayStream [TX: 0 TXA: 0 RX: 0 AQ: 0]: Connecting...
Google.Solutions.Compute Verbose: 0 : SshRelayStream [TX: 0 TXA: 0 RX: 0 AQ: 0]: Connecting...
Google.Solutions.Compute Verbose: 0 : SshRelayStream [TX: 0 TXA: 0 RX: 0 AQ: 0]: Connecting...
Google.Solutions.Compute Verbose: 0 : SshRelayStream [TX: 0 TXA: 0 RX: 0 AQ: 0]: Connecting...
Google.Solutions.Compute Verbose: 0 : SshRelayStream [TX: 0 TXA: 0 RX: 0 AQ: 0]: Connecting...
Google.Solutions.Compute Verbose: 0 : SshRelayStream [TX: 0 TXA: 0 RX: 0 AQ: 0]: Connecting...
Google.Solutions.Compute Verbose: 0 : SshRelayStream [TX: 0 TXA: 0 RX: 0 AQ: 0]: Connecting...
Google.Solutions.Compute Verbose: 0 : SshRelayStream [TX: 0 TXA: 0 RX: 0 AQ: 0]: Connecting...
Google.Solutions.Compute Verbose: 0 : SshRelayStream [TX: 0 TXA: 0 RX: 0 AQ: 0]: Connecting...
Google.Solutions.Compute Verbose: 0 : SshRelayStream [TX: 0 TXA: 0 RX: 0 AQ: 0]: Connecting...
Google.Solutions.Compute Verbose: 0 : SshRelayStream [TX: 0 TXA: 0 RX: 0 AQ: 0]: Connecting...
Google.Solutions.Compute Verbose: 0 : SshRelayStream [TX: 0 TXA: 0 RX: 0 AQ: 0]: Connecting...
Google.Solutions.Compute Verbose: 0 : SshRelayStream [TX: 0 TXA: 0 RX: 0 AQ: 0]: Connecting...
Google.Solutions.Compute Verbose: 0 : SshRelayStream [TX: 0 TXA: 0 RX: 0 AQ: 0]: Connecting...
Google.Solutions.Compute Verbose: 0 : SshRelayStream [TX: 0 TXA: 0 RX: 0 AQ: 0]: Connecting...
Google.Solutions.Compute Verbose: 0 : SshRelayStream [TX: 0 TXA: 0 RX: 0 AQ: 0]: Connecting...
Google.Solutions.Compute Verbose: 0 : SshRelayStream [TX: 0 TXA: 0 RX: 0 AQ: 0]: Connecting...
Google.Solutions.Compute Verbose: 0 : SshRelayStream [TX: 0 TXA: 0 RX: 0 AQ: 0]: Connecting...
Google.Solutions.Compute Verbose: 0 : SshRelayStream [TX: 0 TXA: 0 RX: 0 AQ: 0]: Connecting...
Google.Solutions.Compute Verbose: 0 : SshRelayStream [TX: 0 TXA: 0 RX: 0 AQ: 0]: Connecting...
Google.Solutions.Compute Verbose: 0 : SshRelayStream [TX: 0 TXA: 0 RX: 0 AQ: 0]: Connecting...
Google.Solutions.Compute Verbose: 0 : SshRelayStream [TX: 0 TXA: 0 RX: 0 AQ: 0]: Connecting...
Google.Solutions.Compute Verbose: 0 : SshRelayStream [TX: 0 TXA: 0 RX: 0 AQ: 0]: Connecting...
Google.Solutions.Compute Verbose: 0 : SshRelayStream [TX: 0 TXA: 0 RX: 0 AQ: 0]: Connecting...
Google.Solutions.Compute Verbose: 0 : SshRelayStream [TX: 0 TXA: 0 RX: 0 AQ: 0]: Connecting...
Google.Solutions.Compute Verbose: 0 : SshRelayStream [TX: 0 TXA: 0 RX: 0 AQ: 0]: Connecting...
Google.Solutions.Compute Verbose: 0 : SshRelayStream [TX: 0 TXA: 0 RX: 0 AQ: 0]: Connecting...
Google.Solutions.Compute Verbose: 0 : SshRelayStream [TX: 0 TXA: 0 RX: 0 AQ: 0]: Connecting...
Google.Solutions.Compute Verbose: 0 : SshRelayStream [TX: 0 TXA: 0 RX: 0 AQ: 0]: Connecting...
Google.Solutions.Compute Verbose: 0 : SshRelayStream [TX: 0 TXA: 0 RX: 0 AQ: 0]: Connecting...
Google.Solutions.Compute Verbose: 0 : SshRelayStream [TX: 0 TXA: 0 RX: 0 AQ: 0]: Connecting...
Google.Solutions.Compute Verbose: 0 : SshRelayStream [TX: 0 TXA: 0 RX: 0 AQ: 0]: Connecting...
Google.Solutions.Compute Verbose: 0 : SshRelayStream [TX: 0 TXA: 0 RX: 0 AQ: 0]: Connecting...
Google.Solutions.Compute Verbose: 0 : SshRelayStream [TX: 0 TXA: 0 RX: 0 AQ: 0]: Connecting...
Google.Solutions.Compute Verbose: 0 : SshRelayStream [TX: 0 TXA: 0 RX: 0 AQ: 0]: Connecting...
Google.Solutions.Compute Verbose: 0 : SshRelayStream [TX: 0 TXA: 0 RX: 0 AQ: 0]: Connecting...
Google.Solutions.Compute Verbose: 0 : SshRelayStream [TX: 0 TXA: 0 RX: 0 AQ: 0]: Connecting...
Google.Solutions.Compute Verbose: 0 : SshRelayStream [TX: 0 TXA: 0 RX: 0 AQ: 0]: Connecting...
Google.Solutions.Compute Verbose: 0 : SshRelayStream [TX: 0 TXA: 0 RX: 0 AQ: 0]: Connecting...
Google.Solutions.Compute Verbose: 0 : SshRelayStream [TX: 0 TXA: 0 RX: 0 AQ: 0]: Connecting...
Google.Solutions.Compute Verbose: 0 : SshRelayStream [TX: 0 TXA: 0 RX: 0 AQ: 0]: Connecting...
Google.Solutions.Compute Verbose: 0 : SshRelayStream [TX: 0 TXA: 0 RX: 0 AQ: 0]: Connecting...
Google.Solutions.Compute Verbose: 0 : SshRelayStream [TX: 0 TXA: 0 RX: 0 AQ: 0]: Connecting...
Google.Solutions.Compute Verbose: 0 : SshRelayStream [TX: 0 TXA: 0 RX: 0 AQ: 0]: Connecting...
Google.Solutions.Compute Verbose: 0 : SshRelayStream [TX: 0 TXA: 0 RX: 0 AQ: 0]: Connecting...
Google.Solutions.Compute Verbose: 0 : SshRelayStream [TX: 0 TXA: 0 RX: 0 AQ: 0]: Connecting...
Google.Solutions.Compute Verbose: 0 : SshRelayStream [TX: 0 TXA: 0 RX: 0 AQ: 0]: Connecting...
Google.Solutions.Compute Verbose: 0 : SshRelayStream [TX: 0 TXA: 0 RX: 0 AQ: 0]: Connecting...
Google.Solutions.Compute Verbose: 0 : SshRelayStream [TX: 0 TXA: 0 RX: 0 AQ: 0]: Connecting...
Google.Solutions.Compute Verbose: 0 : SshRelayStream [TX: 0 TXA: 0 RX: 0 AQ: 0]: Connecting...
Google.Solutions.Compute Verbose: 0 : SshRelayStream [TX: 0 TXA: 0 RX: 0 AQ: 0]: Connecting...
Google.Solutions.Compute Verbose: 0 : SshRelayStream [TX: 0 TXA: 0 RX: 0 AQ: 0]: Connecting...
Google.Solutions.Compute Verbose: 0 : SshRelayStream [TX: 0 TXA: 0 RX: 0 AQ: 0]: Connecting...
Google.Solutions.Compute Verbose: 0 : SshRelayStream [TX: 0 TXA: 0 RX: 0 AQ: 0]: Connecting...
Google.Solutions.Compute Verbose: 0 : SshRelayStream [TX: 0 TXA: 0 RX: 0 AQ: 0]: Connecting...
Google.Solutions.Compute Verbose: 0 : SshRelayStream [TX: 0 TXA: 0 RX: 0 AQ: 0]: Sending DATA #0...
Google.Solutions.Compute Verbose: 0 : SshRelayStream [TX: 0 TXA: 0 RX: 0 AQ: 0]: Sending DATA #0...
Google.Solutions.Compute Verbose: 0 : SshRelayStream [TX: 0 TXA: 0 RX: 0 AQ: 0]: Sending DATA #0...
Google.Solutions.Compute Verbose: 0 : SshRelayStream [TX: 0 TXA: 0 RX: 0 AQ: 0]: Sending DATA #0...
Google.Solutions.Compute Verbose: 0 : SshRelayStream [TX: 0 TXA: 0 RX: 0 AQ: 0]: Sending DATA #0...
Google.Solutions.Compute Verbose: 0 : SshRelayStream [TX: 0 TXA: 0 RX: 0 AQ: 0]: Sending DATA #0...
Google.Solutions.Compute Verbose: 0 : SshRelayStream [TX: 0 TXA: 0 RX: 0 AQ: 0]: Sending DATA #0...
Google.Solutions.Compute Verbose: 0 : SshRelayStream [TX: 0 TXA: 0 RX: 0 AQ: 0]: Sending DATA #0...
Google.Solutions.Compute Verbose: 0 : SshRelayStream [TX: 0 TXA: 0 RX: 0 AQ: 0]: Sending DATA #0...
Google.Solutions.Compute Verbose: 0 : SshRelayStream [TX: 0 TXA: 0 RX: 0 AQ: 0]: Sending DATA #0...
Google.Solutions.Compute Verbose: 0 : SshRelayStream [TX: 0 TXA: 0 RX: 0 AQ: 0]: Sending DATA #0...
Google.Solutions.Compute Verbose: 0 : SshRelayStream [TX: 0 TXA: 0 RX: 0 AQ: 0]: Sending DATA #0...
Google.Solutions.Compute Verbose: 0 : SshRelayStream [TX: 0 TXA: 0 RX: 0 AQ: 0]: Sending DATA #0...
Google.Solutions.Compute Verbose: 0 : SshRelayStream [TX: 0 TXA: 0 RX: 0 AQ: 0]: Sending DATA #0...
Google.Solutions.Compute Verbose: 0 : SshRelayStream [TX: 0 TXA: 0 RX: 0 AQ: 0]: Sending DATA #0...
Google.Solutions.Compute Verbose: 0 : SshRelayStream [TX: 0 TXA: 0 RX: 0 AQ: 0]: Sending DATA #0...
Google.Solutions.Compute Verbose: 0 : SshRelayStream [TX: 0 TXA: 0 RX: 0 AQ: 0]: Sending DATA #0...
Google.Solutions.Compute Verbose: 0 : SshRelayStream [TX: 0 TXA: 0 RX: 0 AQ: 0]: Sending DATA #0...
Google.Solutions.Compute Verbose: 0 : SshRelayStream [TX: 0 TXA: 0 RX: 0 AQ: 0]: Sending DATA #0...
Google.Solutions.Compute Verbose: 0 : SshRelayStream [TX: 0 TXA: 0 RX: 0 AQ: 0]: Sending DATA #0...
Google.Solutions.Compute Verbose: 0 : SshRelayStream [TX: 0 TXA: 0 RX: 0 AQ: 0]: Sending DATA #0...
Google.Solutions.Compute Verbose: 0 : SshRelayStream [TX: 0 TXA: 0 RX: 0 AQ: 0]: Sending DATA #0...
Google.Solutions.Compute Verbose: 0 : SshRelayStream [TX: 0 TXA: 0 RX: 0 AQ: 0]: Sending DATA #0...
Google.Solutions.Compute Verbose: 0 : SshRelayStream [TX: 0 TXA: 0 RX: 0 AQ: 0]: Sending DATA #0...
Google.Solutions.Compute Verbose: 0 : SshRelayStream [TX: 0 TXA: 0 RX: 0 AQ: 0]: Sending DATA #0...
Google.Solutions.Compute Verbose: 0 : SshRelayStream [TX: 0 TXA: 0 RX: 0 AQ: 0]: Sending DATA #0...
Google.Solutions.Compute Verbose: 0 : SshRelayStream [TX: 0 TXA: 0 RX: 0 AQ: 0]: Sending DATA #0...
Google.Solutions.Compute Verbose: 0 : SshRelayStream [TX: 0 TXA: 0 RX: 0 AQ: 0]: Sending DATA #0...
Google.Solutions.Compute Verbose: 0 : SshRelayStream [TX: 0 TXA: 0 RX: 0 AQ: 0]: Sending DATA #0...
Google.Solutions.Compute Verbose: 0 : SshRelayStream [TX: 0 TXA: 0 RX: 0 AQ: 0]: Sending DATA #0...
Google.Solutions.Compute Verbose: 0 : SshRelayStream [TX: 0 TXA: 0 RX: 0 AQ: 0]: Sending DATA #0...
Google.Solutions.Compute Verbose: 0 : SshRelayStream [TX: 0 TXA: 0 RX: 0 AQ: 0]: Sending DATA #0...
Google.Solutions.Compute Verbose: 0 : SshRelayStream [TX: 0 TXA: 0 RX: 0 AQ: 0]: Sending DATA #0...
Google.Solutions.Compute Verbose: 0 : SshRelayStream [TX: 0 TXA: 0 RX: 0 AQ: 0]: Sending DATA #0...
Google.Solutions.Compute Verbose: 0 : SshRelayStream [TX: 0 TXA: 0 RX: 0 AQ: 0]: Sending DATA #0...
Google.Solutions.Compute Verbose: 0 : SshRelayStream [TX: 0 TXA: 0 RX: 0 AQ: 0]: Sending DATA #0...
Google.Solutions.Compute Verbose: 0 : SshRelayStream [TX: 0 TXA: 0 RX: 0 AQ: 0]: Sending DATA #0...
Google.Solutions.Compute Verbose: 0 : SshRelayStream [TX: 0 TXA: 0 RX: 0 AQ: 0]: Sending DATA #0...
Google.Solutions.Compute Verbose: 0 : SshRelayStream [TX: 0 TXA: 0 RX: 0 AQ: 0]: Sending DATA #0...
Google.Solutions.Compute Verbose: 0 : SshRelayStream [TX: 0 TXA: 0 RX: 0 AQ: 0]: Sending DATA #0...
Google.Solutions.Compute Verbose: 0 : SshRelayStream [TX: 0 TXA: 0 RX: 0 AQ: 0]: Sending DATA #0...
Google.Solutions.Compute Verbose: 0 : SshRelayStream [TX: 0 TXA: 0 RX: 0 AQ: 0]: Sending DATA #0...
Google.Solutions.Compute Verbose: 0 : SshRelayStream [TX: 0 TXA: 0 RX: 0 AQ: 0]: Sending DATA #0...
Google.Solutions.Compute Verbose: 0 : SshRelayStream [TX: 0 TXA: 0 RX: 0 AQ: 0]: Sending DATA #0...
Google.Solutions.Compute Verbose: 0 : SshRelayStream [TX: 0 TXA: 0 RX: 0 AQ: 0]: Sending DATA #0...
Google.Solutions.Compute Verbose: 0 : SshRelayStream [TX: 0 TXA: 0 RX: 0 AQ: 0]: Sending DATA #0...
Google.Solutions.Compute Verbose: 0 : SshRelayStream [TX: 0 TXA: 0 RX: 0 AQ: 0]: Sending DATA #0...
Google.Solutions.Compute Verbose: 0 : SshRelayStream [TX: 0 TXA: 0 RX: 0 AQ: 0]: Sending DATA #0...
Google.Solutions.Compute Verbose: 0 : SshRelayStream [TX: 0 TXA: 0 RX: 0 AQ: 0]: Sending DATA #0...
Google.Solutions.Compute Verbose: 0 : SshRelayStream [TX: 0 TXA: 0 RX: 0 AQ: 0]: Sending DATA #0...
Google.Solutions.Compute Verbose: 0 : SshRelayStream [TX: 0 TXA: 0 RX: 0 AQ: 0]: Sending DATA #0...
Google.Solutions.Compute Verbose: 0 : SshRelayStream [TX: 0 TXA: 0 RX: 0 AQ: 0]: Sending DATA #0...
Google.Solutions.Compute Verbose: 0 : SshRelayStream [TX: 0 TXA: 0 RX: 0 AQ: 0]: Sending DATA #0...
Google.Solutions.Compute Verbose: 0 : SshRelayStream [TX: 0 TXA: 0 RX: 0 AQ: 0]: Sending DATA #0...
Google.Solutions.Compute Verbose: 0 : SshRelayStream [TX: 0 TXA: 0 RX: 0 AQ: 0]: Sending DATA #0...
Google.Solutions.Compute Verbose: 0 : SshRelayStream [TX: 0 TXA: 0 RX: 0 AQ: 0]: Sending DATA #0...
Google.Solutions.Compute Verbose: 0 : SshRelayStream [TX: 0 TXA: 0 RX: 0 AQ: 0]: Sending DATA #0...
Google.Solutions.Compute Verbose: 0 : SshRelayStream [TX: 0 TXA: 0 RX: 0 AQ: 0]: Sending DATA #0...
Google.Solutions.Compute Verbose: 0 : SshRelayStream [TX: 0 TXA: 0 RX: 0 AQ: 0]: Sending DATA #0...
Google.Solutions.Compute Verbose: 0 : SshRelayStream [TX: 1 TXA: 0 RX: 0 AQ: 1]: Connected session &lt;\u0000&gt;
Google.Solutions.Compute Verbose: 0 : SshRelayStream [TX: 1 TXA: 0 RX: 0 AQ: 1]: Connected session &lt;\u0000&gt;
Google.Solutions.Compute Verbose: 0 : SshRelayStream [TX: 1 TXA: 0 RX: 0 AQ: 1]: Connected session &lt;\u0000&gt;
Google.Solutions.Compute Verbose: 0 : SshRelayStream [TX: 1 TXA: 0 RX: 0 AQ: 1]: Connected session &lt;\u0000&gt;
Google.Solutions.Compute Verbose: 0 : SshRelayStream [TX: 1 TXA: 0 RX: 0 AQ: 1]: Connected session &lt;\u0000&gt;
Google.Solutions.Compute Verbose: 0 : SshRelayStream [TX: 1 TXA: 0 RX: 0 AQ: 1]: Connected session &lt;\u0000&gt;
Google.Solutions.Compute Verbose: 0 : SshRelayStream [TX: 1 TXA: 0 RX: 0 AQ: 1]: Connected session &lt;\u0000&gt;
Google.Solutions.Compute Verbose: 0 : SshRelayStream [TX: 1 TXA: 0 RX: 0 AQ: 1]: Connected session &lt;\u0000&gt;
Google.Solutions.Compute Verbose: 0 : SshRelayStream [TX: 1 TXA: 0 RX: 0 AQ: 1]: Connected session &lt;\u0000&gt;
Google.Solutions.Compute Verbose: 0 : SshRelayStream [TX: 1 TXA: 0 RX: 0 AQ: 1]: Connected session &lt;\u0000&gt;
Google.Solutions.Compute Verbose: 0 : SshRelayStream [TX: 1 TXA: 0 RX: 0 AQ: 1]: Connected session &lt;\u0000&gt;
Google.Solutions.Compute Verbose: 0 : SshRelayStream [TX: 1 TXA: 0 RX: 0 AQ: 1]: Connected session &lt;\u0000&gt;
Google.Solutions.Compute Verbose: 0 : SshRelayStream [TX: 1 TXA: 0 RX: 0 AQ: 1]: Connected session &lt;\u0000&gt;
Google.Solutions.Compute Verbose: 0 : SshRelayStream [TX: 1 TXA: 0 RX: 0 AQ: 1]: Connected session &lt;\u0000&gt;
Google.Solutions.Compute Verbose: 0 : SshRelayStream [TX: 1 TXA: 0 RX: 0 AQ: 1]: Connected session &lt;\u0000&gt;
Google.Solutions.Compute Verbose: 0 : SshRelayStream [TX: 1 TXA: 0 RX: 0 AQ: 1]: Connected session &lt;\u0000&gt;
Google.Solutions.Compute Verbose: 0 : SshRelayStream [TX: 1 TXA: 0 RX: 0 AQ: 1]: Connected session &lt;\u0000&gt;
Google.Solutions.Compute Verbose: 0 : SshRelayStream [TX: 1 TXA: 0 RX: 0 AQ: 1]: Connected session &lt;\u0000&gt;
Google.Solutions.Compute Verbose: 0 : SshRelayStream [TX: 1 TXA: 0 RX: 0 AQ: 1]: Connected session &lt;\u0000&gt;
Google.Solutions.Compute Verbose: 0 : SshRelayStream [TX: 1 TXA: 0 RX: 0 AQ: 1]: Connected session &lt;\u0000&gt;
Google.Solutions.Compute Verbose: 0 : SshRelayStream [TX: 1 TXA: 0 RX: 0 AQ: 1]: Connected session &lt;\u0000&gt;
Google.Solutions.Compute Verbose: 0 : SshRelayStream [TX: 1 TXA: 0 RX: 0 AQ: 1]: Connected session &lt;\u0000&gt;
Google.Solutions.Compute Verbose: 0 : SshRelayStream [TX: 1 TXA: 0 RX: 0 AQ: 1]: Connected session &lt;\u0000&gt;
Google.Solutions.Compute Verbose: 0 : SshRelayStream [TX: 1 TXA: 0 RX: 0 AQ: 1]: Connected session &lt;\u0000&gt;
Google.Solutions.Compute Verbose: 0 : SshRelayStream [TX: 1 TXA: 0 RX: 0 AQ: 1]: Connected session &lt;\u0000&gt;
Google.Solutions.Compute Verbose: 0 : SshRelayStream [TX: 1 TXA: 0 RX: 0 AQ: 1]: Connected session &lt;\u0000&gt;
Google.Solutions.Compute Verbose: 0 : SshRelayStream [TX: 1 TXA: 0 RX: 0 AQ: 1]: Connected session &lt;\u0000&gt;
Google.Solutions.Compute Verbose: 0 : SshRelayStream [TX: 1 TXA: 0 RX: 0 AQ: 1]: Connected session &lt;\u0000&gt;
Google.Solutions.Compute Verbose: 0 : SshRelayStream [TX: 1 TXA: 0 RX: 0 AQ: 1]: Connected session &lt;\u0000&gt;
Google.Solutions.Compute Verbose: 0 : SshRelayStream [TX: 1 TXA: 0 RX: 0 AQ: 1]: Connected session &lt;\u0000&gt;
Google.Solutions.Compute Verbose: 0 : SshRelayStream [TX: 1 TXA: 0 RX: 0 AQ: 1]: Connected session &lt;\u0000&gt;
Google.Solutions.Compute Verbose: 0 : SshRelayStream [TX: 1 TXA: 0 RX: 0 AQ: 1]: Connected session &lt;\u0000&gt;
Google.Solutions.Compute Verbose: 0 : SshRelayStream [TX: 1 TXA: 0 RX: 0 AQ: 1]: Connected session &lt;\u0000&gt;
Google.Solutions.Compute Verbose: 0 : SshRelayStream [TX: 1 TXA: 0 RX: 0 AQ: 1]: Connected session &lt;\u0000&gt;
Google.Solutions.Compute Verbose: 0 : SshRelayStream [TX: 1 TXA: 0 RX: 0 AQ: 1]: Connected session &lt;\u0000&gt;
Google.Solutions.Compute Verbose: 0 : SshRelayStream [TX: 1 TXA: 0 RX: 0 AQ: 1]: Connected session &lt;\u0000&gt;
Google.Solutions.Compute Verbose: 0 : SshRelayStream [TX: 1 TXA: 0 RX: 0 AQ: 1]: Connected session &lt;\u0000&gt;
Google.Solutions.Compute Verbose: 0 : SshRelayStream [TX: 1 TXA: 0 RX: 0 AQ: 1]: Connected session &lt;\u0000&gt;
Google.Solutions.Compute Verbose: 0 : SshRelayStream [TX: 1 TXA: 0 RX: 0 AQ: 1]: Connected session &lt;\u0000&gt;
Google.Solutions.Compute Verbose: 0 : SshRelayStream [TX: 1 TXA: 0 RX: 0 AQ: 1]: Connected session &lt;\u0000&gt;
Google.Solutions.Compute Verbose: 0 : SshRelayStream [TX: 1 TXA: 0 RX: 0 AQ: 1]: Connected session &lt;\u0000&gt;
Google.Solutions.Compute Verbose: 0 : SshRelayStream [TX: 1 TXA: 0 RX: 0 AQ: 1]: Connected session &lt;\u0000&gt;
Google.Solutions.Compute Verbose: 0 : SshRelayStream [TX: 1 TXA: 0 RX: 0 AQ: 1]: Connected session &lt;\u0000&gt;
Google.Solutions.Compute Verbose: 0 : SshRelayStream [TX: 1 TXA: 0 RX: 0 AQ: 1]: Connected session &lt;\u0000&gt;
Google.Solutions.Compute Verbose: 0 : SshRelayStream [TX: 1 TXA: 0 RX: 0 AQ: 1]: Connected session &lt;\u0000&gt;
Google.Solutions.Compute Verbose: 0 : SshRelayStream [TX: 1 TXA: 0 RX: 0 AQ: 1]: Connected session &lt;\u0000&gt;
Google.Solutions.Compute Verbose: 0 : SshRelayStream [TX: 1 TXA: 0 RX: 0 AQ: 1]: Connected session &lt;\u0000&gt;
Google.Solutions.Compute Verbose: 0 : SshRelayStream [TX: 1 TXA: 0 RX: 0 AQ: 1]: Connected session &lt;\u0000&gt;
Google.Solutions.Compute Verbose: 0 : SshRelayStream [TX: 1 TXA: 0 RX: 0 AQ: 1]: Connected session &lt;\u0000&gt;
Google.Solutions.Compute Verbose: 0 : SshRelayStream [TX: 1 TXA: 0 RX: 0 AQ: 1]: Connected session &lt;\u0000&gt;
Google.Solutions.Compute Verbose: 0 : SshRelayStream [TX: 1 TXA: 0 RX: 0 AQ: 1]: Connected session &lt;\u0000&gt;
Google.Solutions.Compute Verbose: 0 : SshRelayStream [TX: 1 TXA: 0 RX: 0 AQ: 1]: Connected session &lt;\u0000&gt;
Google.Solutions.Compute Verbose: 0 : SshRelayStream [TX: 1 TXA: 0 RX: 0 AQ: 1]: Connected session &lt;\u0000&gt;
Google.Solutions.Compute Verbose: 0 : SshRelayStream [TX: 1 TXA: 0 RX: 0 AQ: 1]: Connected session &lt;\u0000&gt;
Google.Solutions.Compute Verbose: 0 : SshRelayStream [TX: 1 TXA: 0 RX: 0 AQ: 1]: Connected session &lt;\u0000&gt;
Google.Solutions.Compute Verbose: 0 : SshRelayStream [TX: 1 TXA: 0 RX: 0 AQ: 1]: Connected session &lt;\u0000&gt;
Google.Solutions.Compute Verbose: 0 : SshRelayStream [TX: 1 TXA: 0 RX: 0 AQ: 1]: Connected session &lt;\u0000&gt;
Google.Solutions.Compute Verbose: 0 : SshRelayStream [TX: 1 TXA: 0 RX: 0 AQ: 1]: Connected session &lt;\u0000&gt;
Google.Solutions.Compute Verbose: 0 : SshRelayStream [TX: 1 TXA: 0 RX: 0 AQ: 1]: Connected session &lt;\u0000&gt;
Google.Solutions.Compute Verbose: 0 : SshRelayStream [TX: 1 TXA: 0 RX: 0 AQ: 1]: Received data (2 bytes)
Google.Solutions.Compute Verbose: 0 : SshRelayStream [TX: 1 TXA: 0 RX: 0 AQ: 1]: Received data (2 bytes)
Google.Solutions.Compute Verbose: 0 : SshRelayStream [TX: 1 TXA: 0 RX: 0 AQ: 1]: Received data (2 bytes)
Google.Solutions.Compute Verbose: 0 : SshRelayStream [TX: 1 TXA: 0 RX: 0 AQ: 1]: Received data (2 bytes)
Google.Solutions.Compute Verbose: 0 : SshRelayStream [TX: 1 TXA: 0 RX: 0 AQ: 1]: Received data (2 bytes)
Google.Solutions.Compute Verbose: 0 : SshRelayStream [TX: 1 TXA: 0 RX: 0 AQ: 1]: Received data (2 bytes)
Google.Solutions.Compute Verbose: 0 : SshRelayStream [TX: 1 TXA: 0 RX: 0 AQ: 1]: Received data (2 bytes)
Google.Solutions.Compute Verbose: 0 : SshRelayStream [TX: 1 TXA: 0 RX: 0 AQ: 1]: Received data (2 bytes)
Google.Solutions.Compute Verbose: 0 : SshRelayStream [TX: 1 TXA: 0 RX: 0 AQ: 1]: Received data (2 bytes)
Google.Solutions.Compute Verbose: 0 : SshRelayStream [TX: 1 TXA: 0 RX: 0 AQ: 1]: Received data (2 bytes)
Google.Solutions.Compute Verbose: 0 : SshRelayStream [TX: 1 TXA: 0 RX: 0 AQ: 1]: Received data (2 bytes)
Google.Solutions.Compute Verbose: 0 : SshRelayStream [TX: 1 TXA: 0 RX: 0 AQ: 1]: Received data (2 bytes)
Google.Solutions.Compute Verbose: 0 : SshRelayStream [TX: 1 TXA: 0 RX: 0 AQ: 1]: Received data (2 bytes)
Google.Solutions.Compute Verbose: 0 : SshRelayStream [TX: 1 TXA: 0 RX: 0 AQ: 1]: Received data (2 bytes)
Google.Solutions.Compute Verbose: 0 : SshRelayStream [TX: 1 TXA: 0 RX: 0 AQ: 1]: Received data (2 bytes)
Google.Solutions.Compute Verbose: 0 : SshRelayStream [TX: 1 TXA: 0 RX: 0 AQ: 1]: Received data (2 bytes)
Google.Solutions.Compute Verbose: 0 : SshRelayStream [TX: 1 TXA: 0 RX: 0 AQ: 1]: Received data (2 bytes)
Google.Solutions.Compute Verbose: 0 : SshRelayStream [TX: 1 TXA: 0 RX: 0 AQ: 1]: Received data (2 bytes)
Google.Solutions.Compute Verbose: 0 : SshRelayStream [TX: 1 TXA: 0 RX: 0 AQ: 1]: Received data (2 bytes)
Google.Solutions.Compute Verbose: 0 : SshRelayStream [TX: 1 TXA: 0 RX: 0 AQ: 1]: Received data (2 bytes)
Google.Solutions.Compute Verbose: 0 : SshRelayStream [TX: 1 TXA: 0 RX: 0 AQ: 1]: Received data (2 bytes)
Google.Solutions.Compute Verbose: 0 : SshRelayStream [TX: 1 TXA: 0 RX: 0 AQ: 1]: Received data (2 bytes)
Google.Solutions.Compute Verbose: 0 : SshRelayStream [TX: 1 TXA: 0 RX: 0 AQ: 1]: Received data (2 bytes)
Google.Solutions.Compute Verbose: 0 : SshRelayStream [TX: 1 TXA: 0 RX: 0 AQ: 1]: Received data (2 bytes)
Google.Solutions.Compute Verbose: 0 : SshRelayStream [TX: 1 TXA: 0 RX: 0 AQ: 1]: Received data (2 bytes)
Google.Solutions.Compute Verbose: 0 : SshRelayStream [TX: 1 TXA: 0 RX: 0 AQ: 1]: Received data (2 bytes)
Google.Solutions.Compute Verbose: 0 : SshRelayStream [TX: 1 TXA: 0 RX: 0 AQ: 1]: Received data (2 bytes)
Google.Solutions.Compute Verbose: 0 : SshRelayStream [TX: 1 TXA: 0 RX: 0 AQ: 1]: Received data (2 bytes)
Google.Solutions.Compute Verbose: 0 : SshRelayStream [TX: 1 TXA: 0 RX: 0 AQ: 1]: Received data (2 bytes)
Google.Solutions.Compute Verbose: 0 : SshRelayStream [TX: 1 TXA: 0 RX: 0 AQ: 1]: Received data (2 bytes)
Google.Solutions.Compute Verbose: 0 : SshRelayStream [TX: 1 TXA: 0 RX: 0 AQ: 1]: Received data (2 bytes)
Google.Solutions.Compute Verbose: 0 : SshRelayStream [TX: 1 TXA: 0 RX: 0 AQ: 1]: Received data (2 bytes)
Google.Solutions.Compute Verbose: 0 : SshRelayStream [TX: 1 TXA: 0 RX: 0 AQ: 1]: Received data (2 bytes)
Google.Solutions.Compute Verbose: 0 : SshRelayStream [TX: 1 TXA: 0 RX: 0 AQ: 1]: Received data (2 bytes)
Google.Solutions.Compute Verbose: 0 : SshRelayStream [TX: 1 TXA: 0 RX: 0 AQ: 1]: Received data (2 bytes)
Google.Solutions.Compute Verbose: 0 : SshRelayStream [TX: 1 TXA: 0 RX: 0 AQ: 1]: Received data (2 bytes)
Google.Solutions.Compute Verbose: 0 : SshRelayStream [TX: 1 TXA: 0 RX: 0 AQ: 1]: Received data (2 bytes)
Google.Solutions.Compute Verbose: 0 : SshRelayStream [TX: 1 TXA: 0 RX: 0 AQ: 1]: Received data (2 bytes)
Google.Solutions.Compute Verbose: 0 : SshRelayStream [TX: 1 TXA: 0 RX: 0 AQ: 1]: Received data (2 bytes)
Google.Solutions.Compute Verbose: 0 : SshRelayStream [TX: 1 TXA: 0 RX: 0 AQ: 1]: Received data (2 bytes)
Google.Solutions.Compute Verbose: 0 : SshRelayStream [TX: 1 TXA: 0 RX: 0 AQ: 1]: Received data (2 bytes)
Google.Solutions.Compute Verbose: 0 : SshRelayStream [TX: 1 TXA: 0 RX: 0 AQ: 1]: Received data (2 bytes)
Google.Solutions.Compute Verbose: 0 : SshRelayStream [TX: 1 TXA: 0 RX: 0 AQ: 1]: Received data (2 bytes)
Google.Solutions.Compute Verbose: 0 : SshRelayStream [TX: 1 TXA: 0 RX: 0 AQ: 1]: Received data (2 bytes)
Google.Solutions.Compute Verbose: 0 : SshRelayStream [TX: 1 TXA: 0 RX: 0 AQ: 1]: Received data (2 bytes)
Google.Solutions.Compute Verbose: 0 : SshRelayStream [TX: 1 TXA: 0 RX: 0 AQ: 1]: Received data (2 bytes)
Google.Solutions.Compute Verbose: 0 : SshRelayStream [TX: 1 TXA: 0 RX: 0 AQ: 1]: Received data (2 bytes)
Google.Solutions.Compute Verbose: 0 : SshRelayStream [TX: 1 TXA: 0 RX: 0 AQ: 1]: Received data (2 bytes)
Google.Solutions.Compute Verbose: 0 : SshRelayStream [TX: 1 TXA: 0 RX: 0 AQ: 1]: Received data (2 bytes)
Google.Solutions.Compute Verbose: 0 : SshRelayStream [TX: 1 TXA: 0 RX: 0 AQ: 1]: Received data (2 bytes)
Google.Solutions.Compute Verbose: 0 : SshRelayStream [TX: 1 TXA: 0 RX: 0 AQ: 1]: Received data (2 bytes)
Google.Solutions.Compute Verbose: 0 : SshRelayStream [TX: 1 TXA: 0 RX: 0 AQ: 1]: Received data (2 bytes)
Google.Solutions.Compute Verbose: 0 : SshRelayStream [TX: 1 TXA: 0 RX: 0 AQ: 1]: Received data (2 bytes)
Google.Solutions.Compute Verbose: 0 : SshRelayStream [TX: 1 TXA: 0 RX: 0 AQ: 1]: Received data (2 bytes)
Google.Solutions.Compute Verbose: 0 : SshRelayStream [TX: 1 TXA: 0 RX: 0 AQ: 1]: Received data (2 bytes)
Google.Solutions.Compute Verbose: 0 : SshRelayStream [TX: 1 TXA: 0 RX: 0 AQ: 1]: Received data (2 bytes)
Google.Solutions.Compute Verbose: 0 : SshRelayStream [TX: 1 TXA: 0 RX: 0 AQ: 1]: Received data (2 bytes)
Google.Solutions.Compute Verbose: 0 : SshRelayStream [TX: 1 TXA: 0 RX: 0 AQ: 1]: Received data (2 bytes)
Google.Solutions.Compute Verbose: 0 : SshRelayStream [TX: 1 TXA: 0 RX: 0 AQ: 1]: Received data (2 bytes)
Google.Solutions.Compute Verbose: 0 : SshRelayStream [TX: 1 TXA: 0 RX: 2 AQ: 1]: Sending ACK #2...
Google.Solutions.Compute Verbose: 0 : SshRelayStream [TX: 1 TXA: 0 RX: 2 AQ: 1]: Sending ACK #2...
Google.Solutions.Compute Verbose: 0 : SshRelayStream [TX: 1 TXA: 0 RX: 2 AQ: 1]: Sending ACK #2...
Google.Solutions.Compute Verbose: 0 : SshRelayStream [TX: 1 TXA: 0 RX: 2 AQ: 1]: Sending ACK #2...
Google.Solutions.Compute Verbose: 0 : SshRelayStream [TX: 1 TXA: 0 RX: 2 AQ: 1]: Sending ACK #2...
Google.Solutions.Compute Verbose: 0 : SshRelayStream [TX: 1 TXA: 0 RX: 2 AQ: 1]: Sending ACK #2...
Google.Solutions.Compute Verbose: 0 : SshRelayStream [TX: 1 TXA: 0 RX: 2 AQ: 1]: Sending ACK #2...
Google.Solutions.Compute Verbose: 0 : SshRelayStream [TX: 1 TXA: 0 RX: 2 AQ: 1]: Sending ACK #2...
Google.Solutions.Compute Verbose: 0 : SshRelayStream [TX: 1 TXA: 0 RX: 2 AQ: 1]: Sending ACK #2...
Google.Solutions.Compute Verbose: 0 : SshRelayStream [TX: 1 TXA: 0 RX: 2 AQ: 1]: Sending ACK #2...
Google.Solutions.Compute Verbose: 0 : SshRelayStream [TX: 1 TXA: 0 RX: 2 AQ: 1]: Sending ACK #2...
Google.Solutions.Compute Verbose: 0 : SshRelayStream [TX: 1 TXA: 0 RX: 2 AQ: 1]: Sending ACK #2...
Google.Solutions.Compute Verbose: 0 : SshRelayStream [TX: 1 TXA: 0 RX: 2 AQ: 1]: Sending ACK #2...
Google.Solutions.Compute Verbose: 0 : SshRelayStream [TX: 1 TXA: 0 RX: 2 AQ: 1]: Sending ACK #2...
Google.Solutions.Compute Verbose: 0 : SshRelayStream [TX: 1 TXA: 0 RX: 2 AQ: 1]: Sending ACK #2...
Google.Solutions.Compute Verbose: 0 : SshRelayStream [TX: 1 TXA: 0 RX: 2 AQ: 1]: Sending ACK #2...
Google.Solutions.Compute Verbose: 0 : SshRelayStream [TX: 1 TXA: 0 RX: 2 AQ: 1]: Sending ACK #2...
Google.Solutions.Compute Verbose: 0 : SshRelayStream [TX: 1 TXA: 0 RX: 2 AQ: 1]: Sending ACK #2...
Google.Solutions.Compute Verbose: 0 : SshRelayStream [TX: 1 TXA: 0 RX: 2 AQ: 1]: Sending ACK #2...
Google.Solutions.Compute Verbose: 0 : SshRelayStream [TX: 1 TXA: 0 RX: 2 AQ: 1]: Sending ACK #2...
Google.Solutions.Compute Verbose: 0 : SshRelayStream [TX: 1 TXA: 0 RX: 2 AQ: 1]: Sending ACK #2...
Google.Solutions.Compute Verbose: 0 : SshRelayStream [TX: 1 TXA: 0 RX: 2 AQ: 1]: Sending ACK #2...
Google.Solutions.Compute Verbose: 0 : SshRelayStream [TX: 1 TXA: 0 RX: 2 AQ: 1]: Sending ACK #2...
Google.Solutions.Compute Verbose: 0 : SshRelayStream [TX: 1 TXA: 0 RX: 2 AQ: 1]: Sending ACK #2...
Google.Solutions.Compute Verbose: 0 : SshRelayStream [TX: 1 TXA: 0 RX: 2 AQ: 1]: Sending ACK #2...
Google.Solutions.Compute Verbose: 0 : SshRelayStream [TX: 1 TXA: 0 RX: 2 AQ: 1]: Sending ACK #2...
Google.Solutions.Compute Verbose: 0 : SshRelayStream [TX: 1 TXA: 0 RX: 2 AQ: 1]: Sending ACK #2...
Google.Solutions.Compute Verbose: 0 : SshRelayStream [TX: 1 TXA: 0 RX: 2 AQ: 1]: Sending ACK #2...
Google.Solutions.Compute Verbose: 0 : SshRelayStream [TX: 1 TXA: 0 RX: 2 AQ: 1]: Sending ACK #2...
Google.Solutions.Compute Verbose: 0 : SshRelayStream [TX: 1 TXA: 0 RX: 2 AQ: 1]: Sending ACK #2...
Google.Solutions.Compute Verbose: 0 : SshRelayStream [TX: 1 TXA: 0 RX: 2 AQ: 1]: Sending ACK #2...
Google.Solutions.Compute Verbose: 0 : SshRelayStream [TX: 1 TXA: 0 RX: 2 AQ: 1]: Sending ACK #2...
Google.Solutions.Compute Verbose: 0 : SshRelayStream [TX: 1 TXA: 0 RX: 2 AQ: 1]: Sending ACK #2...
Google.Solutions.Compute Verbose: 0 : SshRelayStream [TX: 1 TXA: 0 RX: 2 AQ: 1]: Sending ACK #2...
Google.Solutions.Compute Verbose: 0 : SshRelayStream [TX: 1 TXA: 0 RX: 2 AQ: 1]: Sending ACK #2...
Google.Solutions.Compute Verbose: 0 : SshRelayStream [TX: 1 TXA: 0 RX: 2 AQ: 1]: Sending ACK #2...
Google.Solutions.Compute Verbose: 0 : SshRelayStream [TX: 1 TXA: 0 RX: 2 AQ: 1]: Sending ACK #2...
Google.Solutions.Compute Verbose: 0 : SshRelayStream [TX: 1 TXA: 0 RX: 2 AQ: 1]: Sending ACK #2...
Google.Solutions.Compute Verbose: 0 : SshRelayStream [TX: 1 TXA: 0 RX: 2 AQ: 1]: Sending ACK #2...
Google.Solutions.Compute Verbose: 0 : SshRelayStream [TX: 1 TXA: 0 RX: 2 AQ: 1]: Sending ACK #2...
Google.Solutions.Compute Verbose: 0 : SshRelayStream [TX: 1 TXA: 0 RX: 2 AQ: 1]: Sending ACK #2...
Google.Solutions.Compute Verbose: 0 : SshRelayStream [TX: 1 TXA: 0 RX: 2 AQ: 1]: Sending ACK #2...
Google.Solutions.Compute Verbose: 0 : SshRelayStream [TX: 1 TXA: 0 RX: 2 AQ: 1]: Sending ACK #2...
Google.Solutions.Compute Verbose: 0 : SshRelayStream [TX: 1 TXA: 0 RX: 2 AQ: 1]: Sending ACK #2...
Google.Solutions.Compute Verbose: 0 : SshRelayStream [TX: 1 TXA: 0 RX: 2 AQ: 1]: Sending ACK #2...
Google.Solutions.Compute Verbose: 0 : SshRelayStream [TX: 1 TXA: 0 RX: 2 AQ: 1]: Sending ACK #2...
Google.Solutions.Compute Verbose: 0 : SshRelayStream [TX: 1 TXA: 0 RX: 2 AQ: 1]: Sending ACK #2...
Google.Solutions.Compute Verbose: 0 : SshRelayStream [TX: 1 TXA: 0 RX: 2 AQ: 1]: Sending ACK #2...
Google.Solutions.Compute Verbose: 0 : SshRelayStream [TX: 1 TXA: 0 RX: 2 AQ: 1]: Sending ACK #2...
Google.Solutions.Compute Verbose: 0 : SshRelayStream [TX: 1 TXA: 0 RX: 2 AQ: 1]: Sending ACK #2...
Google.Solutions.Compute Verbose: 0 : SshRelayStream [TX: 1 TXA: 0 RX: 2 AQ: 1]: Sending ACK #2...
Google.Solutions.Compute Verbose: 0 : SshRelayStream [TX: 1 TXA: 0 RX: 2 AQ: 1]: Sending ACK #2...
Google.Solutions.Compute Verbose: 0 : SshRelayStream [TX: 1 TXA: 0 RX: 2 AQ: 1]: Sending ACK #2...
Google.Solutions.Compute Verbose: 0 : SshRelayStream [TX: 1 TXA: 0 RX: 2 AQ: 1]: Sending ACK #2...
Google.Solutions.Compute Verbose: 0 : SshRelayStream [TX: 1 TXA: 0 RX: 2 AQ: 1]: Sending ACK #2...
Google.Solutions.Compute Verbose: 0 : SshRelayStream [TX: 1 TXA: 0 RX: 2 AQ: 1]: Sending ACK #2...
Google.Solutions.Compute Verbose: 0 : SshRelayStream [TX: 1 TXA: 0 RX: 2 AQ: 1]: Sending ACK #2...
Google.Solutions.Compute Verbose: 0 : SshRelayStream [TX: 1 TXA: 0 RX: 2 AQ: 1]: Sending ACK #2...
Google.Solutions.Compute Verbose: 0 : SshRelayStream [TX: 1 TXA: 0 RX: 2 AQ: 1]: Sending ACK #2...
Google.Solutions.Compute Verbose: 0 : SshRelayStream [TX: 1 TXA: 0 RX: 2 AQ: 1]: Sending DATA #1...
Google.Solutions.Compute Verbose: 0 : SshRelayStream [TX: 1 TXA: 0 RX: 2 AQ: 1]: Sending DATA #1...
Google.Solutions.Compute Verbose: 0 : SshRelayStream [TX: 1 TXA: 0 RX: 2 AQ: 1]: Sending DATA #1...
Google.Solutions.Compute Verbose: 0 : SshRelayStream [TX: 1 TXA: 0 RX: 2 AQ: 1]: Sending DATA #1...
Google.Solutions.Compute Verbose: 0 : SshRelayStream [TX: 1 TXA: 0 RX: 2 AQ: 1]: Sending DATA #1...
Google.Solutions.Compute Verbose: 0 : SshRelayStream [TX: 1 TXA: 0 RX: 2 AQ: 1]: Sending DATA #1...
Google.Solutions.Compute Verbose: 0 : SshRelayStream [TX: 1 TXA: 0 RX: 2 AQ: 1]: Sending DATA #1...
Google.Solutions.Compute Verbose: 0 : SshRelayStream [TX: 1 TXA: 0 RX: 2 AQ: 1]: Sending DATA #1...
Google.Solutions.Compute Verbose: 0 : SshRelayStream [TX: 1 TXA: 0 RX: 2 AQ: 1]: Sending DATA #1...
Google.Solutions.Compute Verbose: 0 : SshRelayStream [TX: 1 TXA: 0 RX: 2 AQ: 1]: Sending DATA #1...
Google.Solutions.Compute Verbose: 0 : SshRelayStream [TX: 1 TXA: 0 RX: 2 AQ: 1]: Sending DATA #1...
Google.Solutions.Compute Verbose: 0 : SshRelayStream [TX: 1 TXA: 0 RX: 2 AQ: 1]: Sending DATA #1...
Google.Solutions.Compute Verbose: 0 : SshRelayStream [TX: 1 TXA: 0 RX: 2 AQ: 1]: Sending DATA #1...
Google.Solutions.Compute Verbose: 0 : SshRelayStream [TX: 1 TXA: 0 RX: 2 AQ: 1]: Sending DATA #1...
Google.Solutions.Compute Verbose: 0 : SshRelayStream [TX: 1 TXA: 0 RX: 2 AQ: 1]: Sending DATA #1...
Google.Solutions.Compute Verbose: 0 : SshRelayStream [TX: 1 TXA: 0 RX: 2 AQ: 1]: Sending DATA #1...
Google.Solutions.Compute Verbose: 0 : SshRelayStream [TX: 1 TXA: 0 RX: 2 AQ: 1]: Sending DATA #1...
Google.Solutions.Compute Verbose: 0 : SshRelayStream [TX: 1 TXA: 0 RX: 2 AQ: 1]: Sending DATA #1...
Google.Solutions.Compute Verbose: 0 : SshRelayStream [TX: 1 TXA: 0 RX: 2 AQ: 1]: Sending DATA #1...
Google.Solutions.Compute Verbose: 0 : SshRelayStream [TX: 1 TXA: 0 RX: 2 AQ: 1]: Sending DATA #1...
Google.Solutions.Compute Verbose: 0 : SshRelayStream [TX: 1 TXA: 0 RX: 2 AQ: 1]: Sending DATA #1...
Google.Solutions.Compute Verbose: 0 : SshRelayStream [TX: 1 TXA: 0 RX: 2 AQ: 1]: Sending DATA #1...
Google.Solutions.Compute Verbose: 0 : SshRelayStream [TX: 1 TXA: 0 RX: 2 AQ: 1]: Sending DATA #1...
Google.Solutions.Compute Verbose: 0 : SshRelayStream [TX: 1 TXA: 0 RX: 2 AQ: 1]: Sending DATA #1...
Google.Solutions.Compute Verbose: 0 : SshRelayStream [TX: 1 TXA: 0 RX: 2 AQ: 1]: Sending DATA #1...
Google.Solutions.Compute Verbose: 0 : SshRelayStream [TX: 1 TXA: 0 RX: 2 AQ: 1]: Sending DATA #1...
Google.Solutions.Compute Verbose: 0 : SshRelayStream [TX: 1 TXA: 0 RX: 2 AQ: 1]: Sending DATA #1...
Google.Solutions.Compute Verbose: 0 : SshRelayStream [TX: 1 TXA: 0 RX: 2 AQ: 1]: Sending DATA #1...
Google.Solutions.Compute Verbose: 0 : SshRelayStream [TX: 1 TXA: 0 RX: 2 AQ: 1]: Sending DATA #1...
Google.Solutions.Compute Verbose: 0 : SshRelayStream [TX: 1 TXA: 0 RX: 2 AQ: 1]: Sending DATA #1...
Google.Solutions.Compute Verbose: 0 : SshRelayStream [TX: 1 TXA: 0 RX: 2 AQ: 1]: Sending DATA #1...
Google.Solutions.Compute Verbose: 0 : SshRelayStream [TX: 1 TXA: 0 RX: 2 AQ: 1]: Sending DATA #1...
Google.Solutions.Compute Verbose: 0 : SshRelayStream [TX: 1 TXA: 0 RX: 2 AQ: 1]: Sending DATA #1...
Google.Solutions.Compute Verbose: 0 : SshRelayStream [TX: 1 TXA: 0 RX: 2 AQ: 1]: Sending DATA #1...
Google.Solutions.Compute Verbose: 0 : SshRelayStream [TX: 1 TXA: 0 RX: 2 AQ: 1]: Sending DATA #1...
Google.Solutions.Compute Verbose: 0 : SshRelayStream [TX: 1 TXA: 0 RX: 2 AQ: 1]: Sending DATA #1...
Google.Solutions.Compute Verbose: 0 : SshRelayStream [TX: 1 TXA: 0 RX: 2 AQ: 1]: Sending DATA #1...
Google.Solutions.Compute Verbose: 0 : SshRelayStream [TX: 1 TXA: 0 RX: 2 AQ: 1]: Sending DATA #1...
Google.Solutions.Compute Verbose: 0 : SshRelayStream [TX: 1 TXA: 0 RX: 2 AQ: 1]: Sending DATA #1...
Google.Solutions.Compute Verbose: 0 : SshRelayStream [TX: 1 TXA: 0 RX: 2 AQ: 1]: Sending DATA #1...
Google.Solutions.Compute Verbose: 0 : SshRelayStream [TX: 1 TXA: 0 RX: 2 AQ: 1]: Sending DATA #1...
Google.Solutions.Compute Verbose: 0 : SshRelayStream [TX: 1 TXA: 0 RX: 2 AQ: 1]: Sending DATA #1...
Google.Solutions.Compute Verbose: 0 : SshRelayStream [TX: 1 TXA: 0 RX: 2 AQ: 1]: Sending DATA #1...
Google.Solutions.Compute Verbose: 0 : SshRelayStream [TX: 1 TXA: 0 RX: 2 AQ: 1]: Sending DATA #1...
Google.Solutions.Compute Verbose: 0 : SshRelayStream [TX: 1 TXA: 0 RX: 2 AQ: 1]: Sending DATA #1...
Google.Solutions.Compute Verbose: 0 : SshRelayStream [TX: 1 TXA: 0 RX: 2 AQ: 1]: Sending DATA #1...
Google.Solutions.Compute Verbose: 0 : SshRelayStream [TX: 1 TXA: 0 RX: 2 AQ: 1]: Sending DATA #1...
Google.Solutions.Compute Verbose: 0 : SshRelayStream [TX: 1 TXA: 0 RX: 2 AQ: 1]: Sending DATA #1...
Google.Solutions.Compute Verbose: 0 : SshRelayStream [TX: 1 TXA: 0 RX: 2 AQ: 1]: Sending DATA #1...
Google.Solutions.Compute Verbose: 0 : SshRelayStream [TX: 1 TXA: 0 RX: 2 AQ: 1]: Sending DATA #1...
Google.Solutions.Compute Verbose: 0 : SshRelayStream [TX: 1 TXA: 0 RX: 2 AQ: 1]: Sending DATA #1...
Google.Solutions.Compute Verbose: 0 : SshRelayStream [TX: 1 TXA: 0 RX: 2 AQ: 1]: Sending DATA #1...
Google.Solutions.Compute Verbose: 0 : SshRelayStream [TX: 1 TXA: 0 RX: 2 AQ: 1]: Sending DATA #1...
Google.Solutions.Compute Verbose: 0 : SshRelayStream [TX: 1 TXA: 0 RX: 2 AQ: 1]: Sending DATA #1...
Google.Solutions.Compute Verbose: 0 : SshRelayStream [TX: 1 TXA: 0 RX: 2 AQ: 1]: Sending DATA #1...
Google.Solutions.Compute Verbose: 0 : SshRelayStream [TX: 1 TXA: 0 RX: 2 AQ: 1]: Sending DATA #1...
Google.Solutions.Compute Verbose: 0 : SshRelayStream [TX: 1 TXA: 0 RX: 2 AQ: 1]: Sending DATA #1...
Google.Solutions.Compute Verbose: 0 : SshRelayStream [TX: 1 TXA: 0 RX: 2 AQ: 1]: Sending DATA #1...
Google.Solutions.Compute Verbose: 0 : SshRelayStream [TX: 1 TXA: 0 RX: 2 AQ: 1]: Sending DATA #1...
Google.Solutions.Compute Verbose: 0 : SshRelayStream [TX: 2 TXA: 0 RX: 2 AQ: 2]: Sending DATA #2...
Google.Solutions.Compute Verbose: 0 : SshRelayStream [TX: 2 TXA: 0 RX: 2 AQ: 2]: Sending DATA #2...
Google.Solutions.Compute Verbose: 0 : SshRelayStream [TX: 2 TXA: 0 RX: 2 AQ: 2]: Sending DATA #2...
Google.Solutions.Compute Verbose: 0 : SshRelayStream [TX: 2 TXA: 0 RX: 2 AQ: 2]: Sending DATA #2...
Google.Solutions.Compute Verbose: 0 : SshRelayStream [TX: 2 TXA: 0 RX: 2 AQ: 2]: Sending DATA #2...
Google.Solutions.Compute Verbose: 0 : SshRelayStream [TX: 2 TXA: 0 RX: 2 AQ: 2]: Sending DATA #2...
Google.Solutions.Compute Verbose: 0 : SshRelayStream [TX: 2 TXA: 0 RX: 2 AQ: 2]: Sending DATA #2...
Google.Solutions.Compute Verbose: 0 : SshRelayStream [TX: 2 TXA: 0 RX: 2 AQ: 2]: Sending DATA #2...
Google.Solutions.Compute Verbose: 0 : SshRelayStream [TX: 2 TXA: 0 RX: 2 AQ: 2]: Sending DATA #2...
Google.Solutions.Compute Verbose: 0 : SshRelayStream [TX: 2 TXA: 0 RX: 2 AQ: 2]: Sending DATA #2...
Google.Solutions.Compute Verbose: 0 : SshRelayStream [TX: 2 TXA: 0 RX: 2 AQ: 2]: Sending DATA #2...
Google.Solutions.Compute Verbose: 0 : SshRelayStream [TX: 2 TXA: 0 RX: 2 AQ: 2]: Sending DATA #2...
Google.Solutions.Compute Verbose: 0 : SshRelayStream [TX: 2 TXA: 0 RX: 2 AQ: 2]: Sending DATA #2...
Google.Solutions.Compute Verbose: 0 : SshRelayStream [TX: 2 TXA: 0 RX: 2 AQ: 2]: Sending DATA #2...
Google.Solutions.Compute Verbose: 0 : SshRelayStream [TX: 2 TXA: 0 RX: 2 AQ: 2]: Sending DATA #2...
Google.Solutions.Compute Verbose: 0 : SshRelayStream [TX: 2 TXA: 0 RX: 2 AQ: 2]: Sending DATA #2...
Google.Solutions.Compute Verbose: 0 : SshRelayStream [TX: 2 TXA: 0 RX: 2 AQ: 2]: Sending DATA #2...
Google.Solutions.Compute Verbose: 0 : SshRelayStream [TX: 2 TXA: 0 RX: 2 AQ: 2]: Sending DATA #2...
Google.Solutions.Compute Verbose: 0 : SshRelayStream [TX: 2 TXA: 0 RX: 2 AQ: 2]: Sending DATA #2...
Google.Solutions.Compute Verbose: 0 : SshRelayStream [TX: 2 TXA: 0 RX: 2 AQ: 2]: Sending DATA #2...
Google.Solutions.Compute Verbose: 0 : SshRelayStream [TX: 2 TXA: 0 RX: 2 AQ: 2]: Sending DATA #2...
Google.Solutions.Compute Verbose: 0 : SshRelayStream [TX: 2 TXA: 0 RX: 2 AQ: 2]: Sending DATA #2...
Google.Solutions.Compute Verbose: 0 : SshRelayStream [TX: 2 TXA: 0 RX: 2 AQ: 2]: Sending DATA #2...
Google.Solutions.Compute Verbose: 0 : SshRelayStream [TX: 2 TXA: 0 RX: 2 AQ: 2]: Sending DATA #2...
Google.Solutions.Compute Verbose: 0 : SshRelayStream [TX: 2 TXA: 0 RX: 2 AQ: 2]: Sending DATA #2...
Google.Solutions.Compute Verbose: 0 : SshRelayStream [TX: 2 TXA: 0 RX: 2 AQ: 2]: Sending DATA #2...
Google.Solutions.Compute Verbose: 0 : SshRelayStream [TX: 2 TXA: 0 RX: 2 AQ: 2]: Sending DATA #2...
Google.Solutions.Compute Verbose: 0 : SshRelayStream [TX: 2 TXA: 0 RX: 2 AQ: 2]: Sending DATA #2...
Google.Solutions.Compute Verbose: 0 : SshRelayStream [TX: 2 TXA: 0 RX: 2 AQ: 2]: Sending DATA #2...
Google.Solutions.Compute Verbose: 0 : SshRelayStream [TX: 2 TXA: 0 RX: 2 AQ: 2]: Sending DATA #2...
Google.Solutions.Compute Verbose: 0 : SshRelayStream [TX: 2 TXA: 0 RX: 2 AQ: 2]: Sending DATA #2...
Google.Solutions.Compute Verbose: 0 : SshRelayStream [TX: 2 TXA: 0 RX: 2 AQ: 2]: Sending DATA #2...
Google.Solutions.Compute Verbose: 0 : SshRelayStream [TX: 2 TXA: 0 RX: 2 AQ: 2]: Sending DATA #2...
Google.Solutions.Compute Verbose: 0 : SshRelayStream [TX: 2 TXA: 0 RX: 2 AQ: 2]: Sending DATA #2...
Google.Solutions.Compute Verbose: 0 : SshRelayStream [TX: 2 TXA: 0 RX: 2 AQ: 2]: Sending DATA #2...
Google.Solutions.Compute Verbose: 0 : SshRelayStream [TX: 2 TXA: 0 RX: 2 AQ: 2]: Sending DATA #2...
Google.Solutions.Compute Verbose: 0 : SshRelayStream [TX: 2 TXA: 0 RX: 2 AQ: 2]: Sending DATA #2...
Google.Solutions.Compute Verbose: 0 : SshRelayStream [TX: 2 TXA: 0 RX: 2 AQ: 2]: Sending DATA #2...
Google.Solutions.Compute Verbose: 0 : SshRelayStream [TX: 2 TXA: 0 RX: 2 AQ: 2]: Sending DATA #2...
Google.Solutions.Compute Verbose: 0 : SshRelayStream [TX: 2 TXA: 0 RX: 2 AQ: 2]: Sending DATA #2...
Google.Solutions.Compute Verbose: 0 : SshRelayStream [TX: 2 TXA: 0 RX: 2 AQ: 2]: Sending DATA #2...
Google.Solutions.Compute Verbose: 0 : SshRelayStream [TX: 2 TXA: 0 RX: 2 AQ: 2]: Sending DATA #2...
Google.Solutions.Compute Verbose: 0 : SshRelayStream [TX: 2 TXA: 0 RX: 2 AQ: 2]: Sending DATA #2...
Google.Solutions.Compute Verbose: 0 : SshRelayStream [TX: 2 TXA: 0 RX: 2 AQ: 2]: Sending DATA #2...
Google.Solutions.Compute Verbose: 0 : SshRelayStream [TX: 2 TXA: 0 RX: 2 AQ: 2]: Sending DATA #2...
Google.Solutions.Compute Verbose: 0 : SshRelayStream [TX: 2 TXA: 0 RX: 2 AQ: 2]: Sending DATA #2...
Google.Solutions.Compute Verbose: 0 : SshRelayStream [TX: 2 TXA: 0 RX: 2 AQ: 2]: Sending DATA #2...
Google.Solutions.Compute Verbose: 0 : SshRelayStream [TX: 2 TXA: 0 RX: 2 AQ: 2]: Sending DATA #2...
Google.Solutions.Compute Verbose: 0 : SshRelayStream [TX: 2 TXA: 0 RX: 2 AQ: 2]: Sending DATA #2...
Google.Solutions.Compute Verbose: 0 : SshRelayStream [TX: 2 TXA: 0 RX: 2 AQ: 2]: Sending DATA #2...
Google.Solutions.Compute Verbose: 0 : SshRelayStream [TX: 2 TXA: 0 RX: 2 AQ: 2]: Sending DATA #2...
Google.Solutions.Compute Verbose: 0 : SshRelayStream [TX: 2 TXA: 0 RX: 2 AQ: 2]: Sending DATA #2...
Google.Solutions.Compute Verbose: 0 : SshRelayStream [TX: 2 TXA: 0 RX: 2 AQ: 2]: Sending DATA #2...
Google.Solutions.Compute Verbose: 0 : SshRelayStream [TX: 2 TXA: 0 RX: 2 AQ: 2]: Sending DATA #2...
Google.Solutions.Compute Verbose: 0 : SshRelayStream [TX: 2 TXA: 0 RX: 2 AQ: 2]: Sending DATA #2...
Google.Solutions.Compute Verbose: 0 : SshRelayStream [TX: 2 TXA: 0 RX: 2 AQ: 2]: Sending DATA #2...
Google.Solutions.Compute Verbose: 0 : SshRelayStream [TX: 2 TXA: 0 RX: 2 AQ: 2]: Sending DATA #2...
Google.Solutions.Compute Verbose: 0 : SshRelayStream [TX: 2 TXA: 0 RX: 2 AQ: 2]: Sending DATA #2...
Google.Solutions.Compute Verbose: 0 : SshRelayStream [TX: 2 TXA: 0 RX: 2 AQ: 2]: Sending DATA #2...
Google.Solutions.Compute Verbose: 0 : SshRelayStream [TX: 2 TXA: 0 RX: 2 AQ: 2]: Connection closed abnormally: 1003
Google.Solutions.Compute Verbose: 0 : SshRelayStream [TX: 2 TXA: 0 RX: 2 AQ: 2]: Connection closed abnormally: 1003
Google.Solutions.Compute Verbose: 0 : SshRelayStream [TX: 2 TXA: 0 RX: 2 AQ: 2]: Connection closed abnormally: 1003
Google.Solutions.Compute Verbose: 0 : SshRelayStream [TX: 2 TXA: 0 RX: 2 AQ: 2]: Connection closed abnormally: 1003
Google.Solutions.Compute Verbose: 0 : SshRelayStream [TX: 2 TXA: 0 RX: 2 AQ: 2]: Connection closed abnormally: 1003
Google.Solutions.Compute Verbose: 0 : SshRelayStream [TX: 2 TXA: 0 RX: 2 AQ: 2]: Connection closed abnormally: 1003
Google.Solutions.Compute Verbose: 0 : SshRelayStream [TX: 2 TXA: 0 RX: 2 AQ: 2]: Connection closed abnormally: 1003
Google.Solutions.Compute Verbose: 0 : SshRelayStream [TX: 2 TXA: 0 RX: 2 AQ: 2]: Connection closed abnormally: 1003
Google.Solutions.Compute Verbose: 0 : SshRelayStream [TX: 2 TXA: 0 RX: 2 AQ: 2]: Connection closed abnormally: 1003
Google.Solutions.Compute Verbose: 0 : SshRelayStream [TX: 2 TXA: 0 RX: 2 AQ: 2]: Connection closed abnormally: 1003
Google.Solutions.Compute Verbose: 0 : SshRelayStream [TX: 2 TXA: 0 RX: 2 AQ: 2]: Connection closed abnormally: 1003
Google.Solutions.Compute Verbose: 0 : SshRelayStream [TX: 2 TXA: 0 RX: 2 AQ: 2]: Connection closed abnormally: 1003
Google.Solutions.Compute Verbose: 0 : SshRelayStream [TX: 2 TXA: 0 RX: 2 AQ: 2]: Connection closed abnormally: 1003
Google.Solutions.Compute Verbose: 0 : SshRelayStream [TX: 2 TXA: 0 RX: 2 AQ: 2]: Connection closed abnormally: 1003
Google.Solutions.Compute Verbose: 0 : SshRelayStream [TX: 2 TXA: 0 RX: 2 AQ: 2]: Connection closed abnormally: 1003
Google.Solutions.Compute Verbose: 0 : SshRelayStream [TX: 2 TXA: 0 RX: 2 AQ: 2]: Connection closed abnormally: 1003
Google.Solutions.Compute Verbose: 0 : SshRelayStream [TX: 2 TXA: 0 RX: 2 AQ: 2]: Connection closed abnormally: 1003
Google.Solutions.Compute Verbose: 0 : SshRelayStream [TX: 2 TXA: 0 RX: 2 AQ: 2]: Connection closed abnormally: 1003
Google.Solutions.Compute Verbose: 0 : SshRelayStream [TX: 2 TXA: 0 RX: 2 AQ: 2]: Connection closed abnormally: 1003
Google.Solutions.Compute Verbose: 0 : SshRelayStream [TX: 2 TXA: 0 RX: 2 AQ: 2]: Connection closed abnormally: 1003
Google.Solutions.Compute Verbose: 0 : SshRelayStream [TX: 2 TXA: 0 RX: 2 AQ: 2]: Connection closed abnormally: 1003
Google.Solutions.Compute Verbose: 0 : SshRelayStream [TX: 2 TXA: 0 RX: 2 AQ: 2]: Connection closed abnormally: 1003
Google.Solutions.Compute Verbose: 0 : SshRelayStream [TX: 2 TXA: 0 RX: 2 AQ: 2]: Connection closed abnormally: 1003
Google.Solutions.Compute Verbose: 0 : SshRelayStream [TX: 2 TXA: 0 RX: 2 AQ: 2]: Connection closed abnormally: 1003
Google.Solutions.Compute Verbose: 0 : SshRelayStream [TX: 2 TXA: 0 RX: 2 AQ: 2]: Connection closed abnormally: 1003
Google.Solutions.Compute Verbose: 0 : SshRelayStream [TX: 2 TXA: 0 RX: 2 AQ: 2]: Connection closed abnormally: 1003
Google.Solutions.Compute Verbose: 0 : SshRelayStream [TX: 2 TXA: 0 RX: 2 AQ: 2]: Connection closed abnormally: 1003
Google.Solutions.Compute Verbose: 0 : SshRelayStream [TX: 2 TXA: 0 RX: 2 AQ: 2]: Connection closed abnormally: 1003
Google.Solutions.Compute Verbose: 0 : SshRelayStream [TX: 2 TXA: 0 RX: 2 AQ: 2]: Connection closed abnormally: 1003
Google.Solutions.Compute Verbose: 0 : SshRelayStream [TX: 2 TXA: 0 RX: 2 AQ: 2]: Connection closed abnormally: 1003
Google.Solutions.Compute Verbose: 0 : SshRelayStream [TX: 2 TXA: 0 RX: 2 AQ: 2]: Connection closed abnormally: 1003
Google.Solutions.Compute Verbose: 0 : SshRelayStream [TX: 2 TXA: 0 RX: 2 AQ: 2]: Connection closed abnormally: 1003
Google.Solutions.Compute Verbose: 0 : SshRelayStream [TX: 2 TXA: 0 RX: 2 AQ: 2]: Connection closed abnormally: 1003
Google.Solutions.Compute Verbose: 0 : SshRelayStream [TX: 2 TXA: 0 RX: 2 AQ: 2]: Connection closed abnormally: 1003
Google.Solutions.Compute Verbose: 0 : SshRelayStream [TX: 2 TXA: 0 RX: 2 AQ: 2]: Connection closed abnormally: 1003
Google.Solutions.Compute Verbose: 0 : SshRelayStream [TX: 2 TXA: 0 RX: 2 AQ: 2]: Connection closed abnormally: 1003
Google.Solutions.Compute Verbose: 0 : SshRelayStream [TX: 2 TXA: 0 RX: 2 AQ: 2]: Connection closed abnormally: 1003
Google.Solutions.Compute Verbose: 0 : SshRelayStream [TX: 2 TXA: 0 RX: 2 AQ: 2]: Connection closed abnormally: 1003
Google.Solutions.Compute Verbose: 0 : SshRelayStream [TX: 2 TXA: 0 RX: 2 AQ: 2]: Connection closed abnormally: 1003
Google.Solutions.Compute Verbose: 0 : SshRelayStream [TX: 2 TXA: 0 RX: 2 AQ: 2]: Connection closed abnormally: 1003
Google.Solutions.Compute Verbose: 0 : SshRelayStream [TX: 2 TXA: 0 RX: 2 AQ: 2]: Connection closed abnormally: 1003
Google.Solutions.Compute Verbose: 0 : SshRelayStream [TX: 2 TXA: 0 RX: 2 AQ: 2]: Connection closed abnormally: 1003
Google.Solutions.Compute Verbose: 0 : SshRelayStream [TX: 2 TXA: 0 RX: 2 AQ: 2]: Connection closed abnormally: 1003
Google.Solutions.Compute Verbose: 0 : SshRelayStream [TX: 2 TXA: 0 RX: 2 AQ: 2]: Connection closed abnormally: 1003
Google.Solutions.Compute Verbose: 0 : SshRelayStream [TX: 2 TXA: 0 RX: 2 AQ: 2]: Connection closed abnormally: 1003
Google.Solutions.Compute Verbose: 0 : SshRelayStream [TX: 2 TXA: 0 RX: 2 AQ: 2]: Connection closed abnormally: 1003
Google.Solutions.Compute Verbose: 0 : SshRelayStream [TX: 2 TXA: 0 RX: 2 AQ: 2]: Connection closed abnormally: 1003
Google.Solutions.Compute Verbose: 0 : SshRelayStream [TX: 2 TXA: 0 RX: 2 AQ: 2]: Connection closed abnormally: 1003
Google.Solutions.Compute Verbose: 0 : SshRelayStream [TX: 2 TXA: 0 RX: 2 AQ: 2]: Connection closed abnormally: 1003
Google.Solutions.Compute Verbose: 0 : SshRelayStream [TX: 2 TXA: 0 RX: 2 AQ: 2]: Connection closed abnormally: 1003
Google.Solutions.Compute Verbose: 0 : SshRelayStream [TX: 2 TXA: 0 RX: 2 AQ: 2]: Connection closed abnormally: 1003
Google.Solutions.Compute Verbose: 0 : SshRelayStream [TX: 2 TXA: 0 RX: 2 AQ: 2]: Connection closed abnormally: 1003
Google.Solutions.Compute Verbose: 0 : SshRelayStream [TX: 2 TXA: 0 RX: 2 AQ: 2]: Connection closed abnormally: 1003
Google.Solutions.Compute Verbose: 0 : SshRelayStream [TX: 2 TXA: 0 RX: 2 AQ: 2]: Connection closed abnormally: 1003
Google.Solutions.Compute Verbose: 0 : SshRelayStream [TX: 2 TXA: 0 RX: 2 AQ: 2]: Connection closed abnormally: 1003
Google.Solutions.Compute Verbose: 0 : SshRelayStream [TX: 2 TXA: 0 RX: 2 AQ: 2]: Connection closed abnormally: 1003
Google.Solutions.Compute Verbose: 0 : SshRelayStream [TX: 2 TXA: 0 RX: 2 AQ: 2]: Connection closed abnormally: 1003
Google.Solutions.Compute Verbose: 0 : SshRelayStream [TX: 2 TXA: 0 RX: 2 AQ: 2]: Connection closed abnormally: 1003
Google.Solutions.Compute Verbose: 0 : SshRelayStream [TX: 2 TXA: 0 RX: 2 AQ: 2]: Connection closed abnormally: 1003
Google.Solutions.Compute Verbose: 0 : SshRelayStream [TX: 2 TXA: 0 RX: 2 AQ: 2]: Disconnecting, preparing to reconnect
Google.Solutions.Compute Verbose: 0 : SshRelayStream [TX: 2 TXA: 0 RX: 2 AQ: 2]: Disconnecting, preparing to reconnect
Google.Solutions.Compute Verbose: 0 : SshRelayStream [TX: 2 TXA: 0 RX: 2 AQ: 2]: Disconnecting, preparing to reconnect
Google.Solutions.Compute Verbose: 0 : SshRelayStream [TX: 2 TXA: 0 RX: 2 AQ: 2]: Disconnecting, preparing to reconnect
Google.Solutions.Compute Verbose: 0 : SshRelayStream [TX: 2 TXA: 0 RX: 2 AQ: 2]: Disconnecting, preparing to reconnect
Google.Solutions.Compute Verbose: 0 : SshRelayStream [TX: 2 TXA: 0 RX: 2 AQ: 2]: Disconnecting, preparing to reconnect
Google.Solutions.Compute Verbose: 0 : SshRelayStream [TX: 2 TXA: 0 RX: 2 AQ: 2]: Disconnecting, preparing to reconnect
Google.Solutions.Compute Verbose: 0 : SshRelayStream [TX: 2 TXA: 0 RX: 2 AQ: 2]: Disconnecting, preparing to reconnect
Google.Solutions.Compute Verbose: 0 : SshRelayStream [TX: 2 TXA: 0 RX: 2 AQ: 2]: Disconnecting, preparing to reconnect
Google.Solutions.Compute Verbose: 0 : SshRelayStream [TX: 2 TXA: 0 RX: 2 AQ: 2]: Disconnecting, preparing to reconnect
Google.Solutions.Compute Verbose: 0 : SshRelayStream [TX: 2 TXA: 0 RX: 2 AQ: 2]: Disconnecting, preparing to reconnect
Google.Solutions.Compute Verbose: 0 : SshRelayStream [TX: 2 TXA: 0 RX: 2 AQ: 2]: Disconnecting, preparing to reconnect
Google.Solutions.Compute Verbose: 0 : SshRelayStream [TX: 2 TXA: 0 RX: 2 AQ: 2]: Disconnecting, preparing to reconnect
Google.Solutions.Compute Verbose: 0 : SshRelayStream [TX: 2 TXA: 0 RX: 2 AQ: 2]: Disconnecting, preparing to reconnect
Google.Solutions.Compute Verbose: 0 : SshRelayStream [TX: 2 TXA: 0 RX: 2 AQ: 2]: Disconnecting, preparing to reconnect
Google.Solutions.Compute Verbose: 0 : SshRelayStream [TX: 2 TXA: 0 RX: 2 AQ: 2]: Disconnecting, preparing to reconnect
Google.Solutions.Compute Verbose: 0 : SshRelayStream [TX: 2 TXA: 0 RX: 2 AQ: 2]: Disconnecting, preparing to reconnect
Google.Solutions.Compute Verbose: 0 : SshRelayStream [TX: 2 TXA: 0 RX: 2 AQ: 2]: Disconnecting, preparing to reconnect
Google.Solutions.Compute Verbose: 0 : SshRelayStream [TX: 2 TXA: 0 RX: 2 AQ: 2]: Disconnecting, preparing to reconnect
Google.Solutions.Compute Verbose: 0 : SshRelayStream [TX: 2 TXA: 0 RX: 2 AQ: 2]: Disconnecting, preparing to reconnect
Google.Solutions.Compute Verbose: 0 : SshRelayStream [TX: 2 TXA: 0 RX: 2 AQ: 2]: Disconnecting, preparing to reconnect
Google.Solutions.Compute Verbose: 0 : SshRelayStream [TX: 2 TXA: 0 RX: 2 AQ: 2]: Disconnecting, preparing to reconnect
Google.Solutions.Compute Verbose: 0 : SshRelayStream [TX: 2 TXA: 0 RX: 2 AQ: 2]: Disconnecting, preparing to reconnect
Google.Solutions.Compute Verbose: 0 : SshRelayStream [TX: 2 TXA: 0 RX: 2 AQ: 2]: Disconnecting, preparing to reconnect
Google.Solutions.Compute Verbose: 0 : SshRelayStream [TX: 2 TXA: 0 RX: 2 AQ: 2]: Disconnecting, preparing to reconnect
Google.Solutions.Compute Verbose: 0 : SshRelayStream [TX: 2 TXA: 0 RX: 2 AQ: 2]: Disconnecting, preparing to reconnect
Google.Solutions.Compute Verbose: 0 : SshRelayStream [TX: 2 TXA: 0 RX: 2 AQ: 2]: Disconnecting, preparing to reconnect
Google.Solutions.Compute Verbose: 0 : SshRelayStream [TX: 2 TXA: 0 RX: 2 AQ: 2]: Disconnecting, preparing to reconnect
Google.Solutions.Compute Verbose: 0 : SshRelayStream [TX: 2 TXA: 0 RX: 2 AQ: 2]: Disconnecting, preparing to reconnect
Google.Solutions.Compute Verbose: 0 : SshRelayStream [TX: 2 TXA: 0 RX: 2 AQ: 2]: Disconnecting, preparing to reconnect
Google.Solutions.Compute Verbose: 0 : SshRelayStream [TX: 2 TXA: 0 RX: 2 AQ: 2]: Disconnecting, preparing to reconnect
Google.Solutions.Compute Verbose: 0 : SshRelayStream [TX: 2 TXA: 0 RX: 2 AQ: 2]: Disconnecting, preparing to reconnect
Google.Solutions.Compute Verbose: 0 : SshRelayStream [TX: 2 TXA: 0 RX: 2 AQ: 2]: Disconnecting, preparing to reconnect
Google.Solutions.Compute Verbose: 0 : SshRelayStream [TX: 2 TXA: 0 RX: 2 AQ: 2]: Disconnecting, preparing to reconnect
Google.Solutions.Compute Verbose: 0 : SshRelayStream [TX: 2 TXA: 0 RX: 2 AQ: 2]: Disconnecting, preparing to reconnect
Google.Solutions.Compute Verbose: 0 : SshRelayStream [TX: 2 TXA: 0 RX: 2 AQ: 2]: Disconnecting, preparing to reconnect
Google.Solutions.Compute Verbose: 0 : SshRelayStream [TX: 2 TXA: 0 RX: 2 AQ: 2]: Disconnecting, preparing to reconnect
Google.Solutions.Compute Verbose: 0 : SshRelayStream [TX: 2 TXA: 0 RX: 2 AQ: 2]: Disconnecting, preparing to reconnect
Google.Solutions.Compute Verbose: 0 : SshRelayStream [TX: 2 TXA: 0 RX: 2 AQ: 2]: Disconnecting, preparing to reconnect
Google.Solutions.Compute Verbose: 0 : SshRelayStream [TX: 2 TXA: 0 RX: 2 AQ: 2]: Disconnecting, preparing to reconnect
Google.Solutions.Compute Verbose: 0 : SshRelayStream [TX: 2 TXA: 0 RX: 2 AQ: 2]: Disconnecting, preparing to reconnect
Google.Solutions.Compute Verbose: 0 : SshRelayStream [TX: 2 TXA: 0 RX: 2 AQ: 2]: Disconnecting, preparing to reconnect
Google.Solutions.Compute Verbose: 0 : SshRelayStream [TX: 2 TXA: 0 RX: 2 AQ: 2]: Disconnecting, preparing to reconnect
Google.Solutions.Compute Verbose: 0 : SshRelayStream [TX: 2 TXA: 0 RX: 2 AQ: 2]: Disconnecting, preparing to reconnect
Google.Solutions.Compute Verbose: 0 : SshRelayStream [TX: 2 TXA: 0 RX: 2 AQ: 2]: Disconnecting, preparing to reconnect
Google.Solutions.Compute Verbose: 0 : SshRelayStream [TX: 2 TXA: 0 RX: 2 AQ: 2]: Disconnecting, preparing to reconnect
Google.Solutions.Compute Verbose: 0 : SshRelayStream [TX: 2 TXA: 0 RX: 2 AQ: 2]: Disconnecting, preparing to reconnect
Google.Solutions.Compute Verbose: 0 : SshRelayStream [TX: 2 TXA: 0 RX: 2 AQ: 2]: Disconnecting, preparing to reconnect
Google.Solutions.Compute Verbose: 0 : SshRelayStream [TX: 2 TXA: 0 RX: 2 AQ: 2]: Disconnecting, preparing to reconnect
Google.Solutions.Compute Verbose: 0 : SshRelayStream [TX: 2 TXA: 0 RX: 2 AQ: 2]: Disconnecting, preparing to reconnect
Google.Solutions.Compute Verbose: 0 : SshRelayStream [TX: 2 TXA: 0 RX: 2 AQ: 2]: Disconnecting, preparing to reconnect
Google.Solutions.Compute Verbose: 0 : SshRelayStream [TX: 2 TXA: 0 RX: 2 AQ: 2]: Disconnecting, preparing to reconnect
Google.Solutions.Compute Verbose: 0 : SshRelayStream [TX: 2 TXA: 0 RX: 2 AQ: 2]: Disconnecting, preparing to reconnect
Google.Solutions.Compute Verbose: 0 : SshRelayStream [TX: 2 TXA: 0 RX: 2 AQ: 2]: Disconnecting, preparing to reconnect
Google.Solutions.Compute Verbose: 0 : SshRelayStream [TX: 2 TXA: 0 RX: 2 AQ: 2]: Disconnecting, preparing to reconnect
Google.Solutions.Compute Verbose: 0 : SshRelayStream [TX: 2 TXA: 0 RX: 2 AQ: 2]: Disconnecting, preparing to reconnect
Google.Solutions.Compute Verbose: 0 : SshRelayStream [TX: 2 TXA: 0 RX: 2 AQ: 2]: Disconnecting, preparing to reconnect
Google.Solutions.Compute Verbose: 0 : SshRelayStream [TX: 2 TXA: 0 RX: 2 AQ: 2]: Disconnecting, preparing to reconnect
Google.Solutions.Compute Verbose: 0 : SshRelayStream [TX: 2 TXA: 0 RX: 2 AQ: 2]: Disconnecting, preparing to reconnect
Google.Solutions.Compute Verbose: 0 : SshRelayStream [TX: 2 TXA: 0 RX: 2 AQ: 2]: Disonnected.
Google.Solutions.Compute Verbose: 0 : SshRelayStream [TX: 2 TXA: 0 RX: 2 AQ: 2]: Disonnected.
Google.Solutions.Compute Verbose: 0 : SshRelayStream [TX: 2 TXA: 0 RX: 2 AQ: 2]: Disonnected.
Google.Solutions.Compute Verbose: 0 : SshRelayStream [TX: 2 TXA: 0 RX: 2 AQ: 2]: Disonnected.
Google.Solutions.Compute Verbose: 0 : SshRelayStream [TX: 2 TXA: 0 RX: 2 AQ: 2]: Disonnected.
Google.Solutions.Compute Verbose: 0 : SshRelayStream [TX: 2 TXA: 0 RX: 2 AQ: 2]: Disonnected.
Google.Solutions.Compute Verbose: 0 : SshRelayStream [TX: 2 TXA: 0 RX: 2 AQ: 2]: Disonnected.
Google.Solutions.Compute Verbose: 0 : SshRelayStream [TX: 2 TXA: 0 RX: 2 AQ: 2]: Disonnected.
Google.Solutions.Compute Verbose: 0 : SshRelayStream [TX: 2 TXA: 0 RX: 2 AQ: 2]: Disonnected.
Google.Solutions.Compute Verbose: 0 : SshRelayStream [TX: 2 TXA: 0 RX: 2 AQ: 2]: Disonnected.
Google.Solutions.Compute Verbose: 0 : SshRelayStream [TX: 2 TXA: 0 RX: 2 AQ: 2]: Disonnected.
Google.Solutions.Compute Verbose: 0 : SshRelayStream [TX: 2 TXA: 0 RX: 2 AQ: 2]: Disonnected.
Google.Solutions.Compute Verbose: 0 : SshRelayStream [TX: 2 TXA: 0 RX: 2 AQ: 2]: Disonnected.
Google.Solutions.Compute Verbose: 0 : SshRelayStream [TX: 2 TXA: 0 RX: 2 AQ: 2]: Disonnected.
Google.Solutions.Compute Verbose: 0 : SshRelayStream [TX: 2 TXA: 0 RX: 2 AQ: 2]: Disonnected.
Google.Solutions.Compute Verbose: 0 : SshRelayStream [TX: 2 TXA: 0 RX: 2 AQ: 2]: Disonnected.
Google.Solutions.Compute Verbose: 0 : SshRelayStream [TX: 2 TXA: 0 RX: 2 AQ: 2]: Disonnected.
Google.Solutions.Compute Verbose: 0 : SshRelayStream [TX: 2 TXA: 0 RX: 2 AQ: 2]: Disonnected.
Google.Solutions.Compute Verbose: 0 : SshRelayStream [TX: 2 TXA: 0 RX: 2 AQ: 2]: Disonnected.
Google.Solutions.Compute Verbose: 0 : SshRelayStream [TX: 2 TXA: 0 RX: 2 AQ: 2]: Disonnected.
Google.Solutions.Compute Verbose: 0 : SshRelayStream [TX: 2 TXA: 0 RX: 2 AQ: 2]: Disonnected.
Google.Solutions.Compute Verbose: 0 : SshRelayStream [TX: 2 TXA: 0 RX: 2 AQ: 2]: Disonnected.
Google.Solutions.Compute Verbose: 0 : SshRelayStream [TX: 2 TXA: 0 RX: 2 AQ: 2]: Disonnected.
Google.Solutions.Compute Verbose: 0 : SshRelayStream [TX: 2 TXA: 0 RX: 2 AQ: 2]: Disonnected.
Google.Solutions.Compute Verbose: 0 : SshRelayStream [TX: 2 TXA: 0 RX: 2 AQ: 2]: Disonnected.
Google.Solutions.Compute Verbose: 0 : SshRelayStream [TX: 2 TXA: 0 RX: 2 AQ: 2]: Disonnected.
Google.Solutions.Compute Verbose: 0 : SshRelayStream [TX: 2 TXA: 0 RX: 2 AQ: 2]: Disonnected.
Google.Solutions.Compute Verbose: 0 : SshRelayStream [TX: 2 TXA: 0 RX: 2 AQ: 2]: Disonnected.
Google.Solutions.Compute Verbose: 0 : SshRelayStream [TX: 2 TXA: 0 RX: 2 AQ: 2]: Disonnected.
Google.Solutions.Compute Verbose: 0 : SshRelayStream [TX: 2 TXA: 0 RX: 2 AQ: 2]: Disonnected.
Google.Solutions.Compute Verbose: 0 : SshRelayStream [TX: 2 TXA: 0 RX: 2 AQ: 2]: Disonnected.
Google.Solutions.Compute Verbose: 0 : SshRelayStream [TX: 2 TXA: 0 RX: 2 AQ: 2]: Disonnected.
Google.Solutions.Compute Verbose: 0 : SshRelayStream [TX: 2 TXA: 0 RX: 2 AQ: 2]: Disonnected.
Google.Solutions.Compute Verbose: 0 : SshRelayStream [TX: 2 TXA: 0 RX: 2 AQ: 2]: Disonnected.
Google.Solutions.Compute Verbose: 0 : SshRelayStream [TX: 2 TXA: 0 RX: 2 AQ: 2]: Disonnected.
Google.Solutions.Compute Verbose: 0 : SshRelayStream [TX: 2 TXA: 0 RX: 2 AQ: 2]: Disonnected.
Google.Solutions.Compute Verbose: 0 : SshRelayStream [TX: 2 TXA: 0 RX: 2 AQ: 2]: Disonnected.
Google.Solutions.Compute Verbose: 0 : SshRelayStream [TX: 2 TXA: 0 RX: 2 AQ: 2]: Disonnected.
Google.Solutions.Compute Verbose: 0 : SshRelayStream [TX: 2 TXA: 0 RX: 2 AQ: 2]: Disonnected.
Google.Solutions.Compute Verbose: 0 : SshRelayStream [TX: 2 TXA: 0 RX: 2 AQ: 2]: Disonnected.
Google.Solutions.Compute Verbose: 0 : SshRelayStream [TX: 2 TXA: 0 RX: 2 AQ: 2]: Disonnected.
Google.Solutions.Compute Verbose: 0 : SshRelayStream [TX: 2 TXA: 0 RX: 2 AQ: 2]: Disonnected.
Google.Solutions.Compute Verbose: 0 : SshRelayStream [TX: 2 TXA: 0 RX: 2 AQ: 2]: Disonnected.
Google.Solutions.Compute Verbose: 0 : SshRelayStream [TX: 2 TXA: 0 RX: 2 AQ: 2]: Disonnected.
Google.Solutions.Compute Verbose: 0 : SshRelayStream [TX: 2 TXA: 0 RX: 2 AQ: 2]: Disonnected.
Google.Solutions.Compute Verbose: 0 : SshRelayStream [TX: 2 TXA: 0 RX: 2 AQ: 2]: Disonnected.
Google.Solutions.Compute Verbose: 0 : SshRelayStream [TX: 2 TXA: 0 RX: 2 AQ: 2]: Disonnected.
Google.Solutions.Compute Verbose: 0 : SshRelayStream [TX: 2 TXA: 0 RX: 2 AQ: 2]: Disonnected.
Google.Solutions.Compute Verbose: 0 : SshRelayStream [TX: 2 TXA: 0 RX: 2 AQ: 2]: Disonnected.
Google.Solutions.Compute Verbose: 0 : SshRelayStream [TX: 2 TXA: 0 RX: 2 AQ: 2]: Disonnected.
Google.Solutions.Compute Verbose: 0 : SshRelayStream [TX: 2 TXA: 0 RX: 2 AQ: 2]: Disonnected.
Google.Solutions.Compute Verbose: 0 : SshRelayStream [TX: 2 TXA: 0 RX: 2 AQ: 2]: Disonnected.
Google.Solutions.Compute Verbose: 0 : SshRelayStream [TX: 2 TXA: 0 RX: 2 AQ: 2]: Disonnected.
Google.Solutions.Compute Verbose: 0 : SshRelayStream [TX: 2 TXA: 0 RX: 2 AQ: 2]: Disonnected.
Google.Solutions.Compute Verbose: 0 : SshRelayStream [TX: 2 TXA: 0 RX: 2 AQ: 2]: Disonnected.
Google.Solutions.Compute Verbose: 0 : SshRelayStream [TX: 2 TXA: 0 RX: 2 AQ: 2]: Disonnected.
Google.Solutions.Compute Verbose: 0 : SshRelayStream [TX: 2 TXA: 0 RX: 2 AQ: 2]: Disonnected.
Google.Solutions.Compute Verbose: 0 : SshRelayStream [TX: 2 TXA: 0 RX: 2 AQ: 2]: Disonnected.
Google.Solutions.Compute Verbose: 0 : SshRelayStream [TX: 2 TXA: 0 RX: 2 AQ: 2]: Disonnected.
Google.Solutions.Compute Verbose: 0 : SshRelayStream [TX: 2 TXA: 0 RX: 2 AQ: 2]: Reconnecting...
Google.Solutions.Compute Verbose: 0 : SshRelayStream [TX: 2 TXA: 0 RX: 2 AQ: 2]: Reconnecting...
Google.Solutions.Compute Verbose: 0 : SshRelayStream [TX: 2 TXA: 0 RX: 2 AQ: 2]: Reconnecting...
Google.Solutions.Compute Verbose: 0 : SshRelayStream [TX: 2 TXA: 0 RX: 2 AQ: 2]: Reconnecting...
Google.Solutions.Compute Verbose: 0 : SshRelayStream [TX: 2 TXA: 0 RX: 2 AQ: 2]: Reconnecting...
Google.Solutions.Compute Verbose: 0 : SshRelayStream [TX: 2 TXA: 0 RX: 2 AQ: 2]: Reconnecting...
Google.Solutions.Compute Verbose: 0 : SshRelayStream [TX: 2 TXA: 0 RX: 2 AQ: 2]: Reconnecting...
Google.Solutions.Compute Verbose: 0 : SshRelayStream [TX: 2 TXA: 0 RX: 2 AQ: 2]: Reconnecting...
Google.Solutions.Compute Verbose: 0 : SshRelayStream [TX: 2 TXA: 0 RX: 2 AQ: 2]: Reconnecting...
Google.Solutions.Compute Verbose: 0 : SshRelayStream [TX: 2 TXA: 0 RX: 2 AQ: 2]: Reconnecting...
Google.Solutions.Compute Verbose: 0 : SshRelayStream [TX: 2 TXA: 0 RX: 2 AQ: 2]: Reconnecting...
Google.Solutions.Compute Verbose: 0 : SshRelayStream [TX: 2 TXA: 0 RX: 2 AQ: 2]: Reconnecting...
Google.Solutions.Compute Verbose: 0 : SshRelayStream [TX: 2 TXA: 0 RX: 2 AQ: 2]: Reconnecting...
Google.Solutions.Compute Verbose: 0 : SshRelayStream [TX: 2 TXA: 0 RX: 2 AQ: 2]: Reconnecting...
Google.Solutions.Compute Verbose: 0 : SshRelayStream [TX: 2 TXA: 0 RX: 2 AQ: 2]: Reconnecting...
Google.Solutions.Compute Verbose: 0 : SshRelayStream [TX: 2 TXA: 0 RX: 2 AQ: 2]: Reconnecting...
Google.Solutions.Compute Verbose: 0 : SshRelayStream [TX: 2 TXA: 0 RX: 2 AQ: 2]: Reconnecting...
Google.Solutions.Compute Verbose: 0 : SshRelayStream [TX: 2 TXA: 0 RX: 2 AQ: 2]: Reconnecting...
Google.Solutions.Compute Verbose: 0 : SshRelayStream [TX: 2 TXA: 0 RX: 2 AQ: 2]: Reconnecting...
Google.Solutions.Compute Verbose: 0 : SshRelayStream [TX: 2 TXA: 0 RX: 2 AQ: 2]: Reconnecting...
Google.Solutions.Compute Verbose: 0 : SshRelayStream [TX: 2 TXA: 0 RX: 2 AQ: 2]: Reconnecting...
Google.Solutions.Compute Verbose: 0 : SshRelayStream [TX: 2 TXA: 0 RX: 2 AQ: 2]: Reconnecting...
Google.Solutions.Compute Verbose: 0 : SshRelayStream [TX: 2 TXA: 0 RX: 2 AQ: 2]: Reconnecting...
Google.Solutions.Compute Verbose: 0 : SshRelayStream [TX: 2 TXA: 0 RX: 2 AQ: 2]: Reconnecting...
Google.Solutions.Compute Verbose: 0 : SshRelayStream [TX: 2 TXA: 0 RX: 2 AQ: 2]: Reconnecting...
Google.Solutions.Compute Verbose: 0 : SshRelayStream [TX: 2 TXA: 0 RX: 2 AQ: 2]: Reconnecting...
Google.Solutions.Compute Verbose: 0 : SshRelayStream [TX: 2 TXA: 0 RX: 2 AQ: 2]: Reconnecting...
Google.Solutions.Compute Verbose: 0 : SshRelayStream [TX: 2 TXA: 0 RX: 2 AQ: 2]: Reconnecting...
Google.Solutions.Compute Verbose: 0 : SshRelayStream [TX: 2 TXA: 0 RX: 2 AQ: 2]: Reconnecting...
Google.Solutions.Compute Verbose: 0 : SshRelayStream [TX: 2 TXA: 0 RX: 2 AQ: 2]: Reconnecting...
Google.Solutions.Compute Verbose: 0 : SshRelayStream [TX: 2 TXA: 0 RX: 2 AQ: 2]: Reconnecting...
Google.Solutions.Compute Verbose: 0 : SshRelayStream [TX: 2 TXA: 0 RX: 2 AQ: 2]: Reconnecting...
Google.Solutions.Compute Verbose: 0 : SshRelayStream [TX: 2 TXA: 0 RX: 2 AQ: 2]: Reconnecting...
Google.Solutions.Compute Verbose: 0 : SshRelayStream [TX: 2 TXA: 0 RX: 2 AQ: 2]: Reconnecting...
Google.Solutions.Compute Verbose: 0 : SshRelayStream [TX: 2 TXA: 0 RX: 2 AQ: 2]: Reconnecting...
Google.Solutions.Compute Verbose: 0 : SshRelayStream [TX: 2 TXA: 0 RX: 2 AQ: 2]: Reconnecting...
Google.Solutions.Compute Verbose: 0 : SshRelayStream [TX: 2 TXA: 0 RX: 2 AQ: 2]: Reconnecting...
Google.Solutions.Compute Verbose: 0 : SshRelayStream [TX: 2 TXA: 0 RX: 2 AQ: 2]: Reconnecting...
Google.Solutions.Compute Verbose: 0 : SshRelayStream [TX: 2 TXA: 0 RX: 2 AQ: 2]: Reconnecting...
Google.Solutions.Compute Verbose: 0 : SshRelayStream [TX: 2 TXA: 0 RX: 2 AQ: 2]: Reconnecting...
Google.Solutions.Compute Verbose: 0 : SshRelayStream [TX: 2 TXA: 0 RX: 2 AQ: 2]: Reconnecting...
Google.Solutions.Compute Verbose: 0 : SshRelayStream [TX: 2 TXA: 0 RX: 2 AQ: 2]: Reconnecting...
Google.Solutions.Compute Verbose: 0 : SshRelayStream [TX: 2 TXA: 0 RX: 2 AQ: 2]: Reconnecting...
Google.Solutions.Compute Verbose: 0 : SshRelayStream [TX: 2 TXA: 0 RX: 2 AQ: 2]: Reconnecting...
Google.Solutions.Compute Verbose: 0 : SshRelayStream [TX: 2 TXA: 0 RX: 2 AQ: 2]: Reconnecting...
Google.Solutions.Compute Verbose: 0 : SshRelayStream [TX: 2 TXA: 0 RX: 2 AQ: 2]: Reconnecting...
Google.Solutions.Compute Verbose: 0 : SshRelayStream [TX: 2 TXA: 0 RX: 2 AQ: 2]: Reconnecting...
Google.Solutions.Compute Verbose: 0 : SshRelayStream [TX: 2 TXA: 0 RX: 2 AQ: 2]: Reconnecting...
Google.Solutions.Compute Verbose: 0 : SshRelayStream [TX: 2 TXA: 0 RX: 2 AQ: 2]: Reconnecting...
Google.Solutions.Compute Verbose: 0 : SshRelayStream [TX: 2 TXA: 0 RX: 2 AQ: 2]: Reconnecting...
Google.Solutions.Compute Verbose: 0 : SshRelayStream [TX: 2 TXA: 0 RX: 2 AQ: 2]: Reconnecting...
Google.Solutions.Compute Verbose: 0 : SshRelayStream [TX: 2 TXA: 0 RX: 2 AQ: 2]: Reconnecting...
Google.Solutions.Compute Verbose: 0 : SshRelayStream [TX: 2 TXA: 0 RX: 2 AQ: 2]: Reconnecting...
Google.Solutions.Compute Verbose: 0 : SshRelayStream [TX: 2 TXA: 0 RX: 2 AQ: 2]: Reconnecting...
Google.Solutions.Compute Verbose: 0 : SshRelayStream [TX: 2 TXA: 0 RX: 2 AQ: 2]: Reconnecting...
Google.Solutions.Compute Verbose: 0 : SshRelayStream [TX: 2 TXA: 0 RX: 2 AQ: 2]: Reconnecting...
Google.Solutions.Compute Verbose: 0 : SshRelayStream [TX: 2 TXA: 0 RX: 2 AQ: 2]: Reconnecting...
Google.Solutions.Compute Verbose: 0 : SshRelayStream [TX: 2 TXA: 0 RX: 2 AQ: 2]: Reconnecting...
Google.Solutions.Compute Verbose: 0 : SshRelayStream [TX: 2 TXA: 0 RX: 2 AQ: 2]: Reconnecting...
Google.Solutions.Compute Verbose: 0 : SshRelayStream [TX: 2 TXA: 0 RX: 2 AQ: 1]: Resending DATA #0...
Google.Solutions.Compute Verbose: 0 : SshRelayStream [TX: 2 TXA: 0 RX: 2 AQ: 1]: Resending DATA #0...
Google.Solutions.Compute Verbose: 0 : SshRelayStream [TX: 2 TXA: 0 RX: 2 AQ: 1]: Resending DATA #0...
Google.Solutions.Compute Verbose: 0 : SshRelayStream [TX: 2 TXA: 0 RX: 2 AQ: 1]: Resending DATA #0...
Google.Solutions.Compute Verbose: 0 : SshRelayStream [TX: 2 TXA: 0 RX: 2 AQ: 1]: Resending DATA #0...
Google.Solutions.Compute Verbose: 0 : SshRelayStream [TX: 2 TXA: 0 RX: 2 AQ: 1]: Resending DATA #0...
Google.Solutions.Compute Verbose: 0 : SshRelayStream [TX: 2 TXA: 0 RX: 2 AQ: 1]: Resending DATA #0...
Google.Solutions.Compute Verbose: 0 : SshRelayStream [TX: 2 TXA: 0 RX: 2 AQ: 1]: Resending DATA #0...
Google.Solutions.Compute Verbose: 0 : SshRelayStream [TX: 2 TXA: 0 RX: 2 AQ: 1]: Resending DATA #0...
Google.Solutions.Compute Verbose: 0 : SshRelayStream [TX: 2 TXA: 0 RX: 2 AQ: 1]: Resending DATA #0...
Google.Solutions.Compute Verbose: 0 : SshRelayStream [TX: 2 TXA: 0 RX: 2 AQ: 1]: Resending DATA #0...
Google.Solutions.Compute Verbose: 0 : SshRelayStream [TX: 2 TXA: 0 RX: 2 AQ: 1]: Resending DATA #0...
Google.Solutions.Compute Verbose: 0 : SshRelayStream [TX: 2 TXA: 0 RX: 2 AQ: 1]: Resending DATA #0...
Google.Solutions.Compute Verbose: 0 : SshRelayStream [TX: 2 TXA: 0 RX: 2 AQ: 1]: Resending DATA #0...
Google.Solutions.Compute Verbose: 0 : SshRelayStream [TX: 2 TXA: 0 RX: 2 AQ: 1]: Resending DATA #0...
Google.Solutions.Compute Verbose: 0 : SshRelayStream [TX: 2 TXA: 0 RX: 2 AQ: 1]: Resending DATA #0...
Google.Solutions.Compute Verbose: 0 : SshRelayStream [TX: 2 TXA: 0 RX: 2 AQ: 1]: Resending DATA #0...
Google.Solutions.Compute Verbose: 0 : SshRelayStream [TX: 2 TXA: 0 RX: 2 AQ: 1]: Resending DATA #0...
Google.Solutions.Compute Verbose: 0 : SshRelayStream [TX: 2 TXA: 0 RX: 2 AQ: 1]: Resending DATA #0...
Google.Solutions.Compute Verbose: 0 : SshRelayStream [TX: 2 TXA: 0 RX: 2 AQ: 1]: Resending DATA #0...
Google.Solutions.Compute Verbose: 0 : SshRelayStream [TX: 2 TXA: 0 RX: 2 AQ: 1]: Resending DATA #0...
Google.Solutions.Compute Verbose: 0 : SshRelayStream [TX: 2 TXA: 0 RX: 2 AQ: 1]: Resending DATA #0...
Google.Solutions.Compute Verbose: 0 : SshRelayStream [TX: 2 TXA: 0 RX: 2 AQ: 1]: Resending DATA #0...
Google.Solutions.Compute Verbose: 0 : SshRelayStream [TX: 2 TXA: 0 RX: 2 AQ: 1]: Resending DATA #0...
Google.Solutions.Compute Verbose: 0 : SshRelayStream [TX: 2 TXA: 0 RX: 2 AQ: 1]: Resending DATA #0...
Google.Solutions.Compute Verbose: 0 : SshRelayStream [TX: 2 TXA: 0 RX: 2 AQ: 1]: Resending DATA #0...
Google.Solutions.Compute Verbose: 0 : SshRelayStream [TX: 2 TXA: 0 RX: 2 AQ: 1]: Resending DATA #0...
Google.Solutions.Compute Verbose: 0 : SshRelayStream [TX: 2 TXA: 0 RX: 2 AQ: 1]: Resending DATA #0...
Google.Solutions.Compute Verbose: 0 : SshRelayStream [TX: 2 TXA: 0 RX: 2 AQ: 1]: Resending DATA #0...
Google.Solutions.Compute Verbose: 0 : SshRelayStream [TX: 2 TXA: 0 RX: 2 AQ: 1]: Resending DATA #0...
Google.Solutions.Compute Verbose: 0 : SshRelayStream [TX: 2 TXA: 0 RX: 2 AQ: 1]: Resending DATA #0...
Google.Solutions.Compute Verbose: 0 : SshRelayStream [TX: 2 TXA: 0 RX: 2 AQ: 1]: Resending DATA #0...
Google.Solutions.Compute Verbose: 0 : SshRelayStream [TX: 2 TXA: 0 RX: 2 AQ: 1]: Resending DATA #0...
Google.Solutions.Compute Verbose: 0 : SshRelayStream [TX: 2 TXA: 0 RX: 2 AQ: 1]: Resending DATA #0...
Google.Solutions.Compute Verbose: 0 : SshRelayStream [TX: 2 TXA: 0 RX: 2 AQ: 1]: Resending DATA #0...
Google.Solutions.Compute Verbose: 0 : SshRelayStream [TX: 2 TXA: 0 RX: 2 AQ: 1]: Resending DATA #0...
Google.Solutions.Compute Verbose: 0 : SshRelayStream [TX: 2 TXA: 0 RX: 2 AQ: 1]: Resending DATA #0...
Google.Solutions.Compute Verbose: 0 : SshRelayStream [TX: 2 TXA: 0 RX: 2 AQ: 1]: Resending DATA #0...
Google.Solutions.Compute Verbose: 0 : SshRelayStream [TX: 2 TXA: 0 RX: 2 AQ: 1]: Resending DATA #0...
Google.Solutions.Compute Verbose: 0 : SshRelayStream [TX: 2 TXA: 0 RX: 2 AQ: 1]: Resending DATA #0...
Google.Solutions.Compute Verbose: 0 : SshRelayStream [TX: 2 TXA: 0 RX: 2 AQ: 1]: Resending DATA #0...
Google.Solutions.Compute Verbose: 0 : SshRelayStream [TX: 2 TXA: 0 RX: 2 AQ: 1]: Resending DATA #0...
Google.Solutions.Compute Verbose: 0 : SshRelayStream [TX: 2 TXA: 0 RX: 2 AQ: 1]: Resending DATA #0...
Google.Solutions.Compute Verbose: 0 : SshRelayStream [TX: 2 TXA: 0 RX: 2 AQ: 1]: Resending DATA #0...
Google.Solutions.Compute Verbose: 0 : SshRelayStream [TX: 2 TXA: 0 RX: 2 AQ: 1]: Resending DATA #0...
Google.Solutions.Compute Verbose: 0 : SshRelayStream [TX: 2 TXA: 0 RX: 2 AQ: 1]: Resending DATA #0...
Google.Solutions.Compute Verbose: 0 : SshRelayStream [TX: 2 TXA: 0 RX: 2 AQ: 1]: Resending DATA #0...
Google.Solutions.Compute Verbose: 0 : SshRelayStream [TX: 2 TXA: 0 RX: 2 AQ: 1]: Resending DATA #0...
Google.Solutions.Compute Verbose: 0 : SshRelayStream [TX: 2 TXA: 0 RX: 2 AQ: 1]: Resending DATA #0...
Google.Solutions.Compute Verbose: 0 : SshRelayStream [TX: 2 TXA: 0 RX: 2 AQ: 1]: Resending DATA #0...
Google.Solutions.Compute Verbose: 0 : SshRelayStream [TX: 2 TXA: 0 RX: 2 AQ: 1]: Resending DATA #0...
Google.Solutions.Compute Verbose: 0 : SshRelayStream [TX: 2 TXA: 0 RX: 2 AQ: 1]: Resending DATA #0...
Google.Solutions.Compute Verbose: 0 : SshRelayStream [TX: 2 TXA: 0 RX: 2 AQ: 1]: Resending DATA #0...
Google.Solutions.Compute Verbose: 0 : SshRelayStream [TX: 2 TXA: 0 RX: 2 AQ: 1]: Resending DATA #0...
Google.Solutions.Compute Verbose: 0 : SshRelayStream [TX: 2 TXA: 0 RX: 2 AQ: 1]: Resending DATA #0...
Google.Solutions.Compute Verbose: 0 : SshRelayStream [TX: 2 TXA: 0 RX: 2 AQ: 1]: Resending DATA #0...
Google.Solutions.Compute Verbose: 0 : SshRelayStream [TX: 2 TXA: 0 RX: 2 AQ: 1]: Resending DATA #0...
Google.Solutions.Compute Verbose: 0 : SshRelayStream [TX: 2 TXA: 0 RX: 2 AQ: 1]: Resending DATA #0...
Google.Solutions.Compute Verbose: 0 : SshRelayStream [TX: 2 TXA: 0 RX: 2 AQ: 1]: Resending DATA #0...
Google.Solutions.Compute Verbose: 0 : SshRelayStream [TX: 2 TXA: 0 RX: 2 AQ: 0]: Resending DATA #1...
Google.Solutions.Compute Verbose: 0 : SshRelayStream [TX: 2 TXA: 0 RX: 2 AQ: 0]: Resending DATA #1...
Google.Solutions.Compute Verbose: 0 : SshRelayStream [TX: 2 TXA: 0 RX: 2 AQ: 0]: Resending DATA #1...
Google.Solutions.Compute Verbose: 0 : SshRelayStream [TX: 2 TXA: 0 RX: 2 AQ: 0]: Resending DATA #1...
Google.Solutions.Compute Verbose: 0 : SshRelayStream [TX: 2 TXA: 0 RX: 2 AQ: 0]: Resending DATA #1...
Google.Solutions.Compute Verbose: 0 : SshRelayStream [TX: 2 TXA: 0 RX: 2 AQ: 0]: Resending DATA #1...
Google.Solutions.Compute Verbose: 0 : SshRelayStream [TX: 2 TXA: 0 RX: 2 AQ: 0]: Resending DATA #1...
Google.Solutions.Compute Verbose: 0 : SshRelayStream [TX: 2 TXA: 0 RX: 2 AQ: 0]: Resending DATA #1...
Google.Solutions.Compute Verbose: 0 : SshRelayStream [TX: 2 TXA: 0 RX: 2 AQ: 0]: Resending DATA #1...
Google.Solutions.Compute Verbose: 0 : SshRelayStream [TX: 2 TXA: 0 RX: 2 AQ: 0]: Resending DATA #1...
Google.Solutions.Compute Verbose: 0 : SshRelayStream [TX: 2 TXA: 0 RX: 2 AQ: 0]: Resending DATA #1...
Google.Solutions.Compute Verbose: 0 : SshRelayStream [TX: 2 TXA: 0 RX: 2 AQ: 0]: Resending DATA #1...
Google.Solutions.Compute Verbose: 0 : SshRelayStream [TX: 2 TXA: 0 RX: 2 AQ: 0]: Resending DATA #1...
Google.Solutions.Compute Verbose: 0 : SshRelayStream [TX: 2 TXA: 0 RX: 2 AQ: 0]: Resending DATA #1...
Google.Solutions.Compute Verbose: 0 : SshRelayStream [TX: 2 TXA: 0 RX: 2 AQ: 0]: Resending DATA #1...
Google.Solutions.Compute Verbose: 0 : SshRelayStream [TX: 2 TXA: 0 RX: 2 AQ: 0]: Resending DATA #1...
Google.Solutions.Compute Verbose: 0 : SshRelayStream [TX: 2 TXA: 0 RX: 2 AQ: 0]: Resending DATA #1...
Google.Solutions.Compute Verbose: 0 : SshRelayStream [TX: 2 TXA: 0 RX: 2 AQ: 0]: Resending DATA #1...
Google.Solutions.Compute Verbose: 0 : SshRelayStream [TX: 2 TXA: 0 RX: 2 AQ: 0]: Resending DATA #1...
Google.Solutions.Compute Verbose: 0 : SshRelayStream [TX: 2 TXA: 0 RX: 2 AQ: 0]: Resending DATA #1...
Google.Solutions.Compute Verbose: 0 : SshRelayStream [TX: 2 TXA: 0 RX: 2 AQ: 0]: Resending DATA #1...
Google.Solutions.Compute Verbose: 0 : SshRelayStream [TX: 2 TXA: 0 RX: 2 AQ: 0]: Resending DATA #1...
Google.Solutions.Compute Verbose: 0 : SshRelayStream [TX: 2 TXA: 0 RX: 2 AQ: 0]: Resending DATA #1...
Google.Solutions.Compute Verbose: 0 : SshRelayStream [TX: 2 TXA: 0 RX: 2 AQ: 0]: Resending DATA #1...
Google.Solutions.Compute Verbose: 0 : SshRelayStream [TX: 2 TXA: 0 RX: 2 AQ: 0]: Resending DATA #1...
Google.Solutions.Compute Verbose: 0 : SshRelayStream [TX: 2 TXA: 0 RX: 2 AQ: 0]: Resending DATA #1...
Google.Solutions.Compute Verbose: 0 : SshRelayStream [TX: 2 TXA: 0 RX: 2 AQ: 0]: Resending DATA #1...
Google.Solutions.Compute Verbose: 0 : SshRelayStream [TX: 2 TXA: 0 RX: 2 AQ: 0]: Resending DATA #1...
Google.Solutions.Compute Verbose: 0 : SshRelayStream [TX: 2 TXA: 0 RX: 2 AQ: 0]: Resending DATA #1...
Google.Solutions.Compute Verbose: 0 : SshRelayStream [TX: 2 TXA: 0 RX: 2 AQ: 0]: Resending DATA #1...
Google.Solutions.Compute Verbose: 0 : SshRelayStream [TX: 2 TXA: 0 RX: 2 AQ: 0]: Resending DATA #1...
Google.Solutions.Compute Verbose: 0 : SshRelayStream [TX: 2 TXA: 0 RX: 2 AQ: 0]: Resending DATA #1...
Google.Solutions.Compute Verbose: 0 : SshRelayStream [TX: 2 TXA: 0 RX: 2 AQ: 0]: Resending DATA #1...
Google.Solutions.Compute Verbose: 0 : SshRelayStream [TX: 2 TXA: 0 RX: 2 AQ: 0]: Resending DATA #1...
Google.Solutions.Compute Verbose: 0 : SshRelayStream [TX: 2 TXA: 0 RX: 2 AQ: 0]: Resending DATA #1...
Google.Solutions.Compute Verbose: 0 : SshRelayStream [TX: 2 TXA: 0 RX: 2 AQ: 0]: Resending DATA #1...
Google.Solutions.Compute Verbose: 0 : SshRelayStream [TX: 2 TXA: 0 RX: 2 AQ: 0]: Resending DATA #1...
Google.Solutions.Compute Verbose: 0 : SshRelayStream [TX: 2 TXA: 0 RX: 2 AQ: 0]: Resending DATA #1...
Google.Solutions.Compute Verbose: 0 : SshRelayStream [TX: 2 TXA: 0 RX: 2 AQ: 0]: Resending DATA #1...
Google.Solutions.Compute Verbose: 0 : SshRelayStream [TX: 2 TXA: 0 RX: 2 AQ: 0]: Resending DATA #1...
Google.Solutions.Compute Verbose: 0 : SshRelayStream [TX: 2 TXA: 0 RX: 2 AQ: 0]: Resending DATA #1...
Google.Solutions.Compute Verbose: 0 : SshRelayStream [TX: 2 TXA: 0 RX: 2 AQ: 0]: Resending DATA #1...
Google.Solutions.Compute Verbose: 0 : SshRelayStream [TX: 2 TXA: 0 RX: 2 AQ: 0]: Resending DATA #1...
Google.Solutions.Compute Verbose: 0 : SshRelayStream [TX: 2 TXA: 0 RX: 2 AQ: 0]: Resending DATA #1...
Google.Solutions.Compute Verbose: 0 : SshRelayStream [TX: 2 TXA: 0 RX: 2 AQ: 0]: Resending DATA #1...
Google.Solutions.Compute Verbose: 0 : SshRelayStream [TX: 2 TXA: 0 RX: 2 AQ: 0]: Resending DATA #1...
Google.Solutions.Compute Verbose: 0 : SshRelayStream [TX: 2 TXA: 0 RX: 2 AQ: 0]: Resending DATA #1...
Google.Solutions.Compute Verbose: 0 : SshRelayStream [TX: 2 TXA: 0 RX: 2 AQ: 0]: Resending DATA #1...
Google.Solutions.Compute Verbose: 0 : SshRelayStream [TX: 2 TXA: 0 RX: 2 AQ: 0]: Resending DATA #1...
Google.Solutions.Compute Verbose: 0 : SshRelayStream [TX: 2 TXA: 0 RX: 2 AQ: 0]: Resending DATA #1...
Google.Solutions.Compute Verbose: 0 : SshRelayStream [TX: 2 TXA: 0 RX: 2 AQ: 0]: Resending DATA #1...
Google.Solutions.Compute Verbose: 0 : SshRelayStream [TX: 2 TXA: 0 RX: 2 AQ: 0]: Resending DATA #1...
Google.Solutions.Compute Verbose: 0 : SshRelayStream [TX: 2 TXA: 0 RX: 2 AQ: 0]: Resending DATA #1...
Google.Solutions.Compute Verbose: 0 : SshRelayStream [TX: 2 TXA: 0 RX: 2 AQ: 0]: Resending DATA #1...
Google.Solutions.Compute Verbose: 0 : SshRelayStream [TX: 2 TXA: 0 RX: 2 AQ: 0]: Resending DATA #1...
Google.Solutions.Compute Verbose: 0 : SshRelayStream [TX: 2 TXA: 0 RX: 2 AQ: 0]: Resending DATA #1...
Google.Solutions.Compute Verbose: 0 : SshRelayStream [TX: 2 TXA: 0 RX: 2 AQ: 0]: Resending DATA #1...
Google.Solutions.Compute Verbose: 0 : SshRelayStream [TX: 2 TXA: 0 RX: 2 AQ: 0]: Resending DATA #1...
Google.Solutions.Compute Verbose: 0 : SshRelayStream [TX: 2 TXA: 0 RX: 2 AQ: 0]: Resending DATA #1...
Google.Solutions.Compute Verbose: 0 : SshRelayStream [TX: 2 TXA: 0 RX: 2 AQ: 0]: Sending DATA #2...
Google.Solutions.Compute Verbose: 0 : SshRelayStream [TX: 2 TXA: 0 RX: 2 AQ: 0]: Sending DATA #2...
Google.Solutions.Compute Verbose: 0 : SshRelayStream [TX: 2 TXA: 0 RX: 2 AQ: 0]: Sending DATA #2...
Google.Solutions.Compute Verbose: 0 : SshRelayStream [TX: 2 TXA: 0 RX: 2 AQ: 0]: Sending DATA #2...
Google.Solutions.Compute Verbose: 0 : SshRelayStream [TX: 2 TXA: 0 RX: 2 AQ: 0]: Sending DATA #2...
Google.Solutions.Compute Verbose: 0 : SshRelayStream [TX: 2 TXA: 0 RX: 2 AQ: 0]: Sending DATA #2...
Google.Solutions.Compute Verbose: 0 : SshRelayStream [TX: 2 TXA: 0 RX: 2 AQ: 0]: Sending DATA #2...
Google.Solutions.Compute Verbose: 0 : SshRelayStream [TX: 2 TXA: 0 RX: 2 AQ: 0]: Sending DATA #2...
Google.Solutions.Compute Verbose: 0 : SshRelayStream [TX: 2 TXA: 0 RX: 2 AQ: 0]: Sending DATA #2...
Google.Solutions.Compute Verbose: 0 : SshRelayStream [TX: 2 TXA: 0 RX: 2 AQ: 0]: Sending DATA #2...
Google.Solutions.Compute Verbose: 0 : SshRelayStream [TX: 2 TXA: 0 RX: 2 AQ: 0]: Sending DATA #2...
Google.Solutions.Compute Verbose: 0 : SshRelayStream [TX: 2 TXA: 0 RX: 2 AQ: 0]: Sending DATA #2...
Google.Solutions.Compute Verbose: 0 : SshRelayStream [TX: 2 TXA: 0 RX: 2 AQ: 0]: Sending DATA #2...
Google.Solutions.Compute Verbose: 0 : SshRelayStream [TX: 2 TXA: 0 RX: 2 AQ: 0]: Sending DATA #2...
Google.Solutions.Compute Verbose: 0 : SshRelayStream [TX: 2 TXA: 0 RX: 2 AQ: 0]: Sending DATA #2...
Google.Solutions.Compute Verbose: 0 : SshRelayStream [TX: 2 TXA: 0 RX: 2 AQ: 0]: Sending DATA #2...
Google.Solutions.Compute Verbose: 0 : SshRelayStream [TX: 2 TXA: 0 RX: 2 AQ: 0]: Sending DATA #2...
Google.Solutions.Compute Verbose: 0 : SshRelayStream [TX: 2 TXA: 0 RX: 2 AQ: 0]: Sending DATA #2...
Google.Solutions.Compute Verbose: 0 : SshRelayStream [TX: 2 TXA: 0 RX: 2 AQ: 0]: Sending DATA #2...
Google.Solutions.Compute Verbose: 0 : SshRelayStream [TX: 2 TXA: 0 RX: 2 AQ: 0]: Sending DATA #2...
Google.Solutions.Compute Verbose: 0 : SshRelayStream [TX: 2 TXA: 0 RX: 2 AQ: 0]: Sending DATA #2...
Google.Solutions.Compute Verbose: 0 : SshRelayStream [TX: 2 TXA: 0 RX: 2 AQ: 0]: Sending DATA #2...
Google.Solutions.Compute Verbose: 0 : SshRelayStream [TX: 2 TXA: 0 RX: 2 AQ: 0]: Sending DATA #2...
Google.Solutions.Compute Verbose: 0 : SshRelayStream [TX: 2 TXA: 0 RX: 2 AQ: 0]: Sending DATA #2...
Google.Solutions.Compute Verbose: 0 : SshRelayStream [TX: 2 TXA: 0 RX: 2 AQ: 0]: Sending DATA #2...
Google.Solutions.Compute Verbose: 0 : SshRelayStream [TX: 2 TXA: 0 RX: 2 AQ: 0]: Sending DATA #2...
Google.Solutions.Compute Verbose: 0 : SshRelayStream [TX: 2 TXA: 0 RX: 2 AQ: 0]: Sending DATA #2...
Google.Solutions.Compute Verbose: 0 : SshRelayStream [TX: 2 TXA: 0 RX: 2 AQ: 0]: Sending DATA #2...
Google.Solutions.Compute Verbose: 0 : SshRelayStream [TX: 2 TXA: 0 RX: 2 AQ: 0]: Sending DATA #2...
Google.Solutions.Compute Verbose: 0 : SshRelayStream [TX: 2 TXA: 0 RX: 2 AQ: 0]: Sending DATA #2...
Google.Solutions.Compute Verbose: 0 : SshRelayStream [TX: 2 TXA: 0 RX: 2 AQ: 0]: Sending DATA #2...
Google.Solutions.Compute Verbose: 0 : SshRelayStream [TX: 2 TXA: 0 RX: 2 AQ: 0]: Sending DATA #2...
Google.Solutions.Compute Verbose: 0 : SshRelayStream [TX: 2 TXA: 0 RX: 2 AQ: 0]: Sending DATA #2...
Google.Solutions.Compute Verbose: 0 : SshRelayStream [TX: 2 TXA: 0 RX: 2 AQ: 0]: Sending DATA #2...
Google.Solutions.Compute Verbose: 0 : SshRelayStream [TX: 2 TXA: 0 RX: 2 AQ: 0]: Sending DATA #2...
Google.Solutions.Compute Verbose: 0 : SshRelayStream [TX: 2 TXA: 0 RX: 2 AQ: 0]: Sending DATA #2...
Google.Solutions.Compute Verbose: 0 : SshRelayStream [TX: 2 TXA: 0 RX: 2 AQ: 0]: Sending DATA #2...
Google.Solutions.Compute Verbose: 0 : SshRelayStream [TX: 2 TXA: 0 RX: 2 AQ: 0]: Sending DATA #2...
Google.Solutions.Compute Verbose: 0 : SshRelayStream [TX: 2 TXA: 0 RX: 2 AQ: 0]: Sending DATA #2...
Google.Solutions.Compute Verbose: 0 : SshRelayStream [TX: 2 TXA: 0 RX: 2 AQ: 0]: Sending DATA #2...
Google.Solutions.Compute Verbose: 0 : SshRelayStream [TX: 2 TXA: 0 RX: 2 AQ: 0]: Sending DATA #2...
Google.Solutions.Compute Verbose: 0 : SshRelayStream [TX: 2 TXA: 0 RX: 2 AQ: 0]: Sending DATA #2...
Google.Solutions.Compute Verbose: 0 : SshRelayStream [TX: 2 TXA: 0 RX: 2 AQ: 0]: Sending DATA #2...
Google.Solutions.Compute Verbose: 0 : SshRelayStream [TX: 2 TXA: 0 RX: 2 AQ: 0]: Sending DATA #2...
Google.Solutions.Compute Verbose: 0 : SshRelayStream [TX: 2 TXA: 0 RX: 2 AQ: 0]: Sending DATA #2...
Google.Solutions.Compute Verbose: 0 : SshRelayStream [TX: 2 TXA: 0 RX: 2 AQ: 0]: Sending DATA #2...
Google.Solutions.Compute Verbose: 0 : SshRelayStream [TX: 2 TXA: 0 RX: 2 AQ: 0]: Sending DATA #2...
Google.Solutions.Compute Verbose: 0 : SshRelayStream [TX: 2 TXA: 0 RX: 2 AQ: 0]: Sending DATA #2...
Google.Solutions.Compute Verbose: 0 : SshRelayStream [TX: 2 TXA: 0 RX: 2 AQ: 0]: Sending DATA #2...
Google.Solutions.Compute Verbose: 0 : SshRelayStream [TX: 2 TXA: 0 RX: 2 AQ: 0]: Sending DATA #2...
Google.Solutions.Compute Verbose: 0 : SshRelayStream [TX: 2 TXA: 0 RX: 2 AQ: 0]: Sending DATA #2...
Google.Solutions.Compute Verbose: 0 : SshRelayStream [TX: 2 TXA: 0 RX: 2 AQ: 0]: Sending DATA #2...
Google.Solutions.Compute Verbose: 0 : SshRelayStream [TX: 2 TXA: 0 RX: 2 AQ: 0]: Sending DATA #2...
Google.Solutions.Compute Verbose: 0 : SshRelayStream [TX: 2 TXA: 0 RX: 2 AQ: 0]: Sending DATA #2...
Google.Solutions.Compute Verbose: 0 : SshRelayStream [TX: 2 TXA: 0 RX: 2 AQ: 0]: Sending DATA #2...
Google.Solutions.Compute Verbose: 0 : SshRelayStream [TX: 2 TXA: 0 RX: 2 AQ: 0]: Sending DATA #2...
Google.Solutions.Compute Verbose: 0 : SshRelayStream [TX: 2 TXA: 0 RX: 2 AQ: 0]: Sending DATA #2...
Google.Solutions.Compute Verbose: 0 : SshRelayStream [TX: 2 TXA: 0 RX: 2 AQ: 0]: Sending DATA #2...
Google.Solutions.Compute Verbose: 0 : SshRelayStream [TX: 2 TXA: 0 RX: 2 AQ: 0]: Sending DATA #2...
</system-out></testcase><testcase name="WriteAfterForcefulServerCloseCausesReconnectAndDataBeingResentIfDataReadBefore(ProtocolError)" assertions="9" time="0.001523" status="Passed" classname="Google.Solutions.Compute.Test.Iap.TestSshRelayStreamWriting"><system-out>Google.Solutions.Compute Verbose: 0 : SshRelayStream [TX: 0 TXA: 0 RX: 0 AQ: 0]: Connecting...
Google.Solutions.Compute Verbose: 0 : SshRelayStream [TX: 0 TXA: 0 RX: 0 AQ: 0]: Connecting...
Google.Solutions.Compute Verbose: 0 : SshRelayStream [TX: 0 TXA: 0 RX: 0 AQ: 0]: Connecting...
Google.Solutions.Compute Verbose: 0 : SshRelayStream [TX: 0 TXA: 0 RX: 0 AQ: 0]: Connecting...
Google.Solutions.Compute Verbose: 0 : SshRelayStream [TX: 0 TXA: 0 RX: 0 AQ: 0]: Connecting...
Google.Solutions.Compute Verbose: 0 : SshRelayStream [TX: 0 TXA: 0 RX: 0 AQ: 0]: Connecting...
Google.Solutions.Compute Verbose: 0 : SshRelayStream [TX: 0 TXA: 0 RX: 0 AQ: 0]: Connecting...
Google.Solutions.Compute Verbose: 0 : SshRelayStream [TX: 0 TXA: 0 RX: 0 AQ: 0]: Connecting...
Google.Solutions.Compute Verbose: 0 : SshRelayStream [TX: 0 TXA: 0 RX: 0 AQ: 0]: Connecting...
Google.Solutions.Compute Verbose: 0 : SshRelayStream [TX: 0 TXA: 0 RX: 0 AQ: 0]: Connecting...
Google.Solutions.Compute Verbose: 0 : SshRelayStream [TX: 0 TXA: 0 RX: 0 AQ: 0]: Connecting...
Google.Solutions.Compute Verbose: 0 : SshRelayStream [TX: 0 TXA: 0 RX: 0 AQ: 0]: Connecting...
Google.Solutions.Compute Verbose: 0 : SshRelayStream [TX: 0 TXA: 0 RX: 0 AQ: 0]: Connecting...
Google.Solutions.Compute Verbose: 0 : SshRelayStream [TX: 0 TXA: 0 RX: 0 AQ: 0]: Connecting...
Google.Solutions.Compute Verbose: 0 : SshRelayStream [TX: 0 TXA: 0 RX: 0 AQ: 0]: Connecting...
Google.Solutions.Compute Verbose: 0 : SshRelayStream [TX: 0 TXA: 0 RX: 0 AQ: 0]: Connecting...
Google.Solutions.Compute Verbose: 0 : SshRelayStream [TX: 0 TXA: 0 RX: 0 AQ: 0]: Connecting...
Google.Solutions.Compute Verbose: 0 : SshRelayStream [TX: 0 TXA: 0 RX: 0 AQ: 0]: Connecting...
Google.Solutions.Compute Verbose: 0 : SshRelayStream [TX: 0 TXA: 0 RX: 0 AQ: 0]: Connecting...
Google.Solutions.Compute Verbose: 0 : SshRelayStream [TX: 0 TXA: 0 RX: 0 AQ: 0]: Connecting...
Google.Solutions.Compute Verbose: 0 : SshRelayStream [TX: 0 TXA: 0 RX: 0 AQ: 0]: Connecting...
Google.Solutions.Compute Verbose: 0 : SshRelayStream [TX: 0 TXA: 0 RX: 0 AQ: 0]: Connecting...
Google.Solutions.Compute Verbose: 0 : SshRelayStream [TX: 0 TXA: 0 RX: 0 AQ: 0]: Connecting...
Google.Solutions.Compute Verbose: 0 : SshRelayStream [TX: 0 TXA: 0 RX: 0 AQ: 0]: Connecting...
Google.Solutions.Compute Verbose: 0 : SshRelayStream [TX: 0 TXA: 0 RX: 0 AQ: 0]: Connecting...
Google.Solutions.Compute Verbose: 0 : SshRelayStream [TX: 0 TXA: 0 RX: 0 AQ: 0]: Connecting...
Google.Solutions.Compute Verbose: 0 : SshRelayStream [TX: 0 TXA: 0 RX: 0 AQ: 0]: Connecting...
Google.Solutions.Compute Verbose: 0 : SshRelayStream [TX: 0 TXA: 0 RX: 0 AQ: 0]: Connecting...
Google.Solutions.Compute Verbose: 0 : SshRelayStream [TX: 0 TXA: 0 RX: 0 AQ: 0]: Connecting...
Google.Solutions.Compute Verbose: 0 : SshRelayStream [TX: 0 TXA: 0 RX: 0 AQ: 0]: Connecting...
Google.Solutions.Compute Verbose: 0 : SshRelayStream [TX: 0 TXA: 0 RX: 0 AQ: 0]: Connecting...
Google.Solutions.Compute Verbose: 0 : SshRelayStream [TX: 0 TXA: 0 RX: 0 AQ: 0]: Connecting...
Google.Solutions.Compute Verbose: 0 : SshRelayStream [TX: 0 TXA: 0 RX: 0 AQ: 0]: Connecting...
Google.Solutions.Compute Verbose: 0 : SshRelayStream [TX: 0 TXA: 0 RX: 0 AQ: 0]: Connecting...
Google.Solutions.Compute Verbose: 0 : SshRelayStream [TX: 0 TXA: 0 RX: 0 AQ: 0]: Connecting...
Google.Solutions.Compute Verbose: 0 : SshRelayStream [TX: 0 TXA: 0 RX: 0 AQ: 0]: Connecting...
Google.Solutions.Compute Verbose: 0 : SshRelayStream [TX: 0 TXA: 0 RX: 0 AQ: 0]: Connecting...
Google.Solutions.Compute Verbose: 0 : SshRelayStream [TX: 0 TXA: 0 RX: 0 AQ: 0]: Connecting...
Google.Solutions.Compute Verbose: 0 : SshRelayStream [TX: 0 TXA: 0 RX: 0 AQ: 0]: Connecting...
Google.Solutions.Compute Verbose: 0 : SshRelayStream [TX: 0 TXA: 0 RX: 0 AQ: 0]: Connecting...
Google.Solutions.Compute Verbose: 0 : SshRelayStream [TX: 0 TXA: 0 RX: 0 AQ: 0]: Connecting...
Google.Solutions.Compute Verbose: 0 : SshRelayStream [TX: 0 TXA: 0 RX: 0 AQ: 0]: Connecting...
Google.Solutions.Compute Verbose: 0 : SshRelayStream [TX: 0 TXA: 0 RX: 0 AQ: 0]: Connecting...
Google.Solutions.Compute Verbose: 0 : SshRelayStream [TX: 0 TXA: 0 RX: 0 AQ: 0]: Connecting...
Google.Solutions.Compute Verbose: 0 : SshRelayStream [TX: 0 TXA: 0 RX: 0 AQ: 0]: Connecting...
Google.Solutions.Compute Verbose: 0 : SshRelayStream [TX: 0 TXA: 0 RX: 0 AQ: 0]: Connecting...
Google.Solutions.Compute Verbose: 0 : SshRelayStream [TX: 0 TXA: 0 RX: 0 AQ: 0]: Connecting...
Google.Solutions.Compute Verbose: 0 : SshRelayStream [TX: 0 TXA: 0 RX: 0 AQ: 0]: Connecting...
Google.Solutions.Compute Verbose: 0 : SshRelayStream [TX: 0 TXA: 0 RX: 0 AQ: 0]: Connecting...
Google.Solutions.Compute Verbose: 0 : SshRelayStream [TX: 0 TXA: 0 RX: 0 AQ: 0]: Connecting...
Google.Solutions.Compute Verbose: 0 : SshRelayStream [TX: 0 TXA: 0 RX: 0 AQ: 0]: Connecting...
Google.Solutions.Compute Verbose: 0 : SshRelayStream [TX: 0 TXA: 0 RX: 0 AQ: 0]: Connecting...
Google.Solutions.Compute Verbose: 0 : SshRelayStream [TX: 0 TXA: 0 RX: 0 AQ: 0]: Connecting...
Google.Solutions.Compute Verbose: 0 : SshRelayStream [TX: 0 TXA: 0 RX: 0 AQ: 0]: Connecting...
Google.Solutions.Compute Verbose: 0 : SshRelayStream [TX: 0 TXA: 0 RX: 0 AQ: 0]: Connecting...
Google.Solutions.Compute Verbose: 0 : SshRelayStream [TX: 0 TXA: 0 RX: 0 AQ: 0]: Connecting...
Google.Solutions.Compute Verbose: 0 : SshRelayStream [TX: 0 TXA: 0 RX: 0 AQ: 0]: Connecting...
Google.Solutions.Compute Verbose: 0 : SshRelayStream [TX: 0 TXA: 0 RX: 0 AQ: 0]: Connecting...
Google.Solutions.Compute Verbose: 0 : SshRelayStream [TX: 0 TXA: 0 RX: 0 AQ: 0]: Connecting...
Google.Solutions.Compute Verbose: 0 : SshRelayStream [TX: 0 TXA: 0 RX: 0 AQ: 0]: Connecting...
Google.Solutions.Compute Verbose: 0 : SshRelayStream [TX: 0 TXA: 0 RX: 0 AQ: 0]: Sending DATA #0...
Google.Solutions.Compute Verbose: 0 : SshRelayStream [TX: 0 TXA: 0 RX: 0 AQ: 0]: Sending DATA #0...
Google.Solutions.Compute Verbose: 0 : SshRelayStream [TX: 0 TXA: 0 RX: 0 AQ: 0]: Sending DATA #0...
Google.Solutions.Compute Verbose: 0 : SshRelayStream [TX: 0 TXA: 0 RX: 0 AQ: 0]: Sending DATA #0...
Google.Solutions.Compute Verbose: 0 : SshRelayStream [TX: 0 TXA: 0 RX: 0 AQ: 0]: Sending DATA #0...
Google.Solutions.Compute Verbose: 0 : SshRelayStream [TX: 0 TXA: 0 RX: 0 AQ: 0]: Sending DATA #0...
Google.Solutions.Compute Verbose: 0 : SshRelayStream [TX: 0 TXA: 0 RX: 0 AQ: 0]: Sending DATA #0...
Google.Solutions.Compute Verbose: 0 : SshRelayStream [TX: 0 TXA: 0 RX: 0 AQ: 0]: Sending DATA #0...
Google.Solutions.Compute Verbose: 0 : SshRelayStream [TX: 0 TXA: 0 RX: 0 AQ: 0]: Sending DATA #0...
Google.Solutions.Compute Verbose: 0 : SshRelayStream [TX: 0 TXA: 0 RX: 0 AQ: 0]: Sending DATA #0...
Google.Solutions.Compute Verbose: 0 : SshRelayStream [TX: 0 TXA: 0 RX: 0 AQ: 0]: Sending DATA #0...
Google.Solutions.Compute Verbose: 0 : SshRelayStream [TX: 0 TXA: 0 RX: 0 AQ: 0]: Sending DATA #0...
Google.Solutions.Compute Verbose: 0 : SshRelayStream [TX: 0 TXA: 0 RX: 0 AQ: 0]: Sending DATA #0...
Google.Solutions.Compute Verbose: 0 : SshRelayStream [TX: 0 TXA: 0 RX: 0 AQ: 0]: Sending DATA #0...
Google.Solutions.Compute Verbose: 0 : SshRelayStream [TX: 0 TXA: 0 RX: 0 AQ: 0]: Sending DATA #0...
Google.Solutions.Compute Verbose: 0 : SshRelayStream [TX: 0 TXA: 0 RX: 0 AQ: 0]: Sending DATA #0...
Google.Solutions.Compute Verbose: 0 : SshRelayStream [TX: 0 TXA: 0 RX: 0 AQ: 0]: Sending DATA #0...
Google.Solutions.Compute Verbose: 0 : SshRelayStream [TX: 0 TXA: 0 RX: 0 AQ: 0]: Sending DATA #0...
Google.Solutions.Compute Verbose: 0 : SshRelayStream [TX: 0 TXA: 0 RX: 0 AQ: 0]: Sending DATA #0...
Google.Solutions.Compute Verbose: 0 : SshRelayStream [TX: 0 TXA: 0 RX: 0 AQ: 0]: Sending DATA #0...
Google.Solutions.Compute Verbose: 0 : SshRelayStream [TX: 0 TXA: 0 RX: 0 AQ: 0]: Sending DATA #0...
Google.Solutions.Compute Verbose: 0 : SshRelayStream [TX: 0 TXA: 0 RX: 0 AQ: 0]: Sending DATA #0...
Google.Solutions.Compute Verbose: 0 : SshRelayStream [TX: 0 TXA: 0 RX: 0 AQ: 0]: Sending DATA #0...
Google.Solutions.Compute Verbose: 0 : SshRelayStream [TX: 0 TXA: 0 RX: 0 AQ: 0]: Sending DATA #0...
Google.Solutions.Compute Verbose: 0 : SshRelayStream [TX: 0 TXA: 0 RX: 0 AQ: 0]: Sending DATA #0...
Google.Solutions.Compute Verbose: 0 : SshRelayStream [TX: 0 TXA: 0 RX: 0 AQ: 0]: Sending DATA #0...
Google.Solutions.Compute Verbose: 0 : SshRelayStream [TX: 0 TXA: 0 RX: 0 AQ: 0]: Sending DATA #0...
Google.Solutions.Compute Verbose: 0 : SshRelayStream [TX: 0 TXA: 0 RX: 0 AQ: 0]: Sending DATA #0...
Google.Solutions.Compute Verbose: 0 : SshRelayStream [TX: 0 TXA: 0 RX: 0 AQ: 0]: Sending DATA #0...
Google.Solutions.Compute Verbose: 0 : SshRelayStream [TX: 0 TXA: 0 RX: 0 AQ: 0]: Sending DATA #0...
Google.Solutions.Compute Verbose: 0 : SshRelayStream [TX: 0 TXA: 0 RX: 0 AQ: 0]: Sending DATA #0...
Google.Solutions.Compute Verbose: 0 : SshRelayStream [TX: 0 TXA: 0 RX: 0 AQ: 0]: Sending DATA #0...
Google.Solutions.Compute Verbose: 0 : SshRelayStream [TX: 0 TXA: 0 RX: 0 AQ: 0]: Sending DATA #0...
Google.Solutions.Compute Verbose: 0 : SshRelayStream [TX: 0 TXA: 0 RX: 0 AQ: 0]: Sending DATA #0...
Google.Solutions.Compute Verbose: 0 : SshRelayStream [TX: 0 TXA: 0 RX: 0 AQ: 0]: Sending DATA #0...
Google.Solutions.Compute Verbose: 0 : SshRelayStream [TX: 0 TXA: 0 RX: 0 AQ: 0]: Sending DATA #0...
Google.Solutions.Compute Verbose: 0 : SshRelayStream [TX: 0 TXA: 0 RX: 0 AQ: 0]: Sending DATA #0...
Google.Solutions.Compute Verbose: 0 : SshRelayStream [TX: 0 TXA: 0 RX: 0 AQ: 0]: Sending DATA #0...
Google.Solutions.Compute Verbose: 0 : SshRelayStream [TX: 0 TXA: 0 RX: 0 AQ: 0]: Sending DATA #0...
Google.Solutions.Compute Verbose: 0 : SshRelayStream [TX: 0 TXA: 0 RX: 0 AQ: 0]: Sending DATA #0...
Google.Solutions.Compute Verbose: 0 : SshRelayStream [TX: 0 TXA: 0 RX: 0 AQ: 0]: Sending DATA #0...
Google.Solutions.Compute Verbose: 0 : SshRelayStream [TX: 0 TXA: 0 RX: 0 AQ: 0]: Sending DATA #0...
Google.Solutions.Compute Verbose: 0 : SshRelayStream [TX: 0 TXA: 0 RX: 0 AQ: 0]: Sending DATA #0...
Google.Solutions.Compute Verbose: 0 : SshRelayStream [TX: 0 TXA: 0 RX: 0 AQ: 0]: Sending DATA #0...
Google.Solutions.Compute Verbose: 0 : SshRelayStream [TX: 0 TXA: 0 RX: 0 AQ: 0]: Sending DATA #0...
Google.Solutions.Compute Verbose: 0 : SshRelayStream [TX: 0 TXA: 0 RX: 0 AQ: 0]: Sending DATA #0...
Google.Solutions.Compute Verbose: 0 : SshRelayStream [TX: 0 TXA: 0 RX: 0 AQ: 0]: Sending DATA #0...
Google.Solutions.Compute Verbose: 0 : SshRelayStream [TX: 0 TXA: 0 RX: 0 AQ: 0]: Sending DATA #0...
Google.Solutions.Compute Verbose: 0 : SshRelayStream [TX: 0 TXA: 0 RX: 0 AQ: 0]: Sending DATA #0...
Google.Solutions.Compute Verbose: 0 : SshRelayStream [TX: 0 TXA: 0 RX: 0 AQ: 0]: Sending DATA #0...
Google.Solutions.Compute Verbose: 0 : SshRelayStream [TX: 0 TXA: 0 RX: 0 AQ: 0]: Sending DATA #0...
Google.Solutions.Compute Verbose: 0 : SshRelayStream [TX: 0 TXA: 0 RX: 0 AQ: 0]: Sending DATA #0...
Google.Solutions.Compute Verbose: 0 : SshRelayStream [TX: 0 TXA: 0 RX: 0 AQ: 0]: Sending DATA #0...
Google.Solutions.Compute Verbose: 0 : SshRelayStream [TX: 0 TXA: 0 RX: 0 AQ: 0]: Sending DATA #0...
Google.Solutions.Compute Verbose: 0 : SshRelayStream [TX: 0 TXA: 0 RX: 0 AQ: 0]: Sending DATA #0...
Google.Solutions.Compute Verbose: 0 : SshRelayStream [TX: 0 TXA: 0 RX: 0 AQ: 0]: Sending DATA #0...
Google.Solutions.Compute Verbose: 0 : SshRelayStream [TX: 0 TXA: 0 RX: 0 AQ: 0]: Sending DATA #0...
Google.Solutions.Compute Verbose: 0 : SshRelayStream [TX: 0 TXA: 0 RX: 0 AQ: 0]: Sending DATA #0...
Google.Solutions.Compute Verbose: 0 : SshRelayStream [TX: 0 TXA: 0 RX: 0 AQ: 0]: Sending DATA #0...
Google.Solutions.Compute Verbose: 0 : SshRelayStream [TX: 0 TXA: 0 RX: 0 AQ: 0]: Sending DATA #0...
Google.Solutions.Compute Verbose: 0 : SshRelayStream [TX: 1 TXA: 0 RX: 0 AQ: 1]: Connected session &lt;\u0000&gt;
Google.Solutions.Compute Verbose: 0 : SshRelayStream [TX: 1 TXA: 0 RX: 0 AQ: 1]: Connected session &lt;\u0000&gt;
Google.Solutions.Compute Verbose: 0 : SshRelayStream [TX: 1 TXA: 0 RX: 0 AQ: 1]: Connected session &lt;\u0000&gt;
Google.Solutions.Compute Verbose: 0 : SshRelayStream [TX: 1 TXA: 0 RX: 0 AQ: 1]: Connected session &lt;\u0000&gt;
Google.Solutions.Compute Verbose: 0 : SshRelayStream [TX: 1 TXA: 0 RX: 0 AQ: 1]: Connected session &lt;\u0000&gt;
Google.Solutions.Compute Verbose: 0 : SshRelayStream [TX: 1 TXA: 0 RX: 0 AQ: 1]: Connected session &lt;\u0000&gt;
Google.Solutions.Compute Verbose: 0 : SshRelayStream [TX: 1 TXA: 0 RX: 0 AQ: 1]: Connected session &lt;\u0000&gt;
Google.Solutions.Compute Verbose: 0 : SshRelayStream [TX: 1 TXA: 0 RX: 0 AQ: 1]: Connected session &lt;\u0000&gt;
Google.Solutions.Compute Verbose: 0 : SshRelayStream [TX: 1 TXA: 0 RX: 0 AQ: 1]: Connected session &lt;\u0000&gt;
Google.Solutions.Compute Verbose: 0 : SshRelayStream [TX: 1 TXA: 0 RX: 0 AQ: 1]: Connected session &lt;\u0000&gt;
Google.Solutions.Compute Verbose: 0 : SshRelayStream [TX: 1 TXA: 0 RX: 0 AQ: 1]: Connected session &lt;\u0000&gt;
Google.Solutions.Compute Verbose: 0 : SshRelayStream [TX: 1 TXA: 0 RX: 0 AQ: 1]: Connected session &lt;\u0000&gt;
Google.Solutions.Compute Verbose: 0 : SshRelayStream [TX: 1 TXA: 0 RX: 0 AQ: 1]: Connected session &lt;\u0000&gt;
Google.Solutions.Compute Verbose: 0 : SshRelayStream [TX: 1 TXA: 0 RX: 0 AQ: 1]: Connected session &lt;\u0000&gt;
Google.Solutions.Compute Verbose: 0 : SshRelayStream [TX: 1 TXA: 0 RX: 0 AQ: 1]: Connected session &lt;\u0000&gt;
Google.Solutions.Compute Verbose: 0 : SshRelayStream [TX: 1 TXA: 0 RX: 0 AQ: 1]: Connected session &lt;\u0000&gt;
Google.Solutions.Compute Verbose: 0 : SshRelayStream [TX: 1 TXA: 0 RX: 0 AQ: 1]: Connected session &lt;\u0000&gt;
Google.Solutions.Compute Verbose: 0 : SshRelayStream [TX: 1 TXA: 0 RX: 0 AQ: 1]: Connected session &lt;\u0000&gt;
Google.Solutions.Compute Verbose: 0 : SshRelayStream [TX: 1 TXA: 0 RX: 0 AQ: 1]: Connected session &lt;\u0000&gt;
Google.Solutions.Compute Verbose: 0 : SshRelayStream [TX: 1 TXA: 0 RX: 0 AQ: 1]: Connected session &lt;\u0000&gt;
Google.Solutions.Compute Verbose: 0 : SshRelayStream [TX: 1 TXA: 0 RX: 0 AQ: 1]: Connected session &lt;\u0000&gt;
Google.Solutions.Compute Verbose: 0 : SshRelayStream [TX: 1 TXA: 0 RX: 0 AQ: 1]: Connected session &lt;\u0000&gt;
Google.Solutions.Compute Verbose: 0 : SshRelayStream [TX: 1 TXA: 0 RX: 0 AQ: 1]: Connected session &lt;\u0000&gt;
Google.Solutions.Compute Verbose: 0 : SshRelayStream [TX: 1 TXA: 0 RX: 0 AQ: 1]: Connected session &lt;\u0000&gt;
Google.Solutions.Compute Verbose: 0 : SshRelayStream [TX: 1 TXA: 0 RX: 0 AQ: 1]: Connected session &lt;\u0000&gt;
Google.Solutions.Compute Verbose: 0 : SshRelayStream [TX: 1 TXA: 0 RX: 0 AQ: 1]: Connected session &lt;\u0000&gt;
Google.Solutions.Compute Verbose: 0 : SshRelayStream [TX: 1 TXA: 0 RX: 0 AQ: 1]: Connected session &lt;\u0000&gt;
Google.Solutions.Compute Verbose: 0 : SshRelayStream [TX: 1 TXA: 0 RX: 0 AQ: 1]: Connected session &lt;\u0000&gt;
Google.Solutions.Compute Verbose: 0 : SshRelayStream [TX: 1 TXA: 0 RX: 0 AQ: 1]: Connected session &lt;\u0000&gt;
Google.Solutions.Compute Verbose: 0 : SshRelayStream [TX: 1 TXA: 0 RX: 0 AQ: 1]: Connected session &lt;\u0000&gt;
Google.Solutions.Compute Verbose: 0 : SshRelayStream [TX: 1 TXA: 0 RX: 0 AQ: 1]: Connected session &lt;\u0000&gt;
Google.Solutions.Compute Verbose: 0 : SshRelayStream [TX: 1 TXA: 0 RX: 0 AQ: 1]: Connected session &lt;\u0000&gt;
Google.Solutions.Compute Verbose: 0 : SshRelayStream [TX: 1 TXA: 0 RX: 0 AQ: 1]: Connected session &lt;\u0000&gt;
Google.Solutions.Compute Verbose: 0 : SshRelayStream [TX: 1 TXA: 0 RX: 0 AQ: 1]: Connected session &lt;\u0000&gt;
Google.Solutions.Compute Verbose: 0 : SshRelayStream [TX: 1 TXA: 0 RX: 0 AQ: 1]: Connected session &lt;\u0000&gt;
Google.Solutions.Compute Verbose: 0 : SshRelayStream [TX: 1 TXA: 0 RX: 0 AQ: 1]: Connected session &lt;\u0000&gt;
Google.Solutions.Compute Verbose: 0 : SshRelayStream [TX: 1 TXA: 0 RX: 0 AQ: 1]: Connected session &lt;\u0000&gt;
Google.Solutions.Compute Verbose: 0 : SshRelayStream [TX: 1 TXA: 0 RX: 0 AQ: 1]: Connected session &lt;\u0000&gt;
Google.Solutions.Compute Verbose: 0 : SshRelayStream [TX: 1 TXA: 0 RX: 0 AQ: 1]: Connected session &lt;\u0000&gt;
Google.Solutions.Compute Verbose: 0 : SshRelayStream [TX: 1 TXA: 0 RX: 0 AQ: 1]: Connected session &lt;\u0000&gt;
Google.Solutions.Compute Verbose: 0 : SshRelayStream [TX: 1 TXA: 0 RX: 0 AQ: 1]: Connected session &lt;\u0000&gt;
Google.Solutions.Compute Verbose: 0 : SshRelayStream [TX: 1 TXA: 0 RX: 0 AQ: 1]: Connected session &lt;\u0000&gt;
Google.Solutions.Compute Verbose: 0 : SshRelayStream [TX: 1 TXA: 0 RX: 0 AQ: 1]: Connected session &lt;\u0000&gt;
Google.Solutions.Compute Verbose: 0 : SshRelayStream [TX: 1 TXA: 0 RX: 0 AQ: 1]: Connected session &lt;\u0000&gt;
Google.Solutions.Compute Verbose: 0 : SshRelayStream [TX: 1 TXA: 0 RX: 0 AQ: 1]: Connected session &lt;\u0000&gt;
Google.Solutions.Compute Verbose: 0 : SshRelayStream [TX: 1 TXA: 0 RX: 0 AQ: 1]: Connected session &lt;\u0000&gt;
Google.Solutions.Compute Verbose: 0 : SshRelayStream [TX: 1 TXA: 0 RX: 0 AQ: 1]: Connected session &lt;\u0000&gt;
Google.Solutions.Compute Verbose: 0 : SshRelayStream [TX: 1 TXA: 0 RX: 0 AQ: 1]: Connected session &lt;\u0000&gt;
Google.Solutions.Compute Verbose: 0 : SshRelayStream [TX: 1 TXA: 0 RX: 0 AQ: 1]: Connected session &lt;\u0000&gt;
Google.Solutions.Compute Verbose: 0 : SshRelayStream [TX: 1 TXA: 0 RX: 0 AQ: 1]: Connected session &lt;\u0000&gt;
Google.Solutions.Compute Verbose: 0 : SshRelayStream [TX: 1 TXA: 0 RX: 0 AQ: 1]: Connected session &lt;\u0000&gt;
Google.Solutions.Compute Verbose: 0 : SshRelayStream [TX: 1 TXA: 0 RX: 0 AQ: 1]: Connected session &lt;\u0000&gt;
Google.Solutions.Compute Verbose: 0 : SshRelayStream [TX: 1 TXA: 0 RX: 0 AQ: 1]: Connected session &lt;\u0000&gt;
Google.Solutions.Compute Verbose: 0 : SshRelayStream [TX: 1 TXA: 0 RX: 0 AQ: 1]: Connected session &lt;\u0000&gt;
Google.Solutions.Compute Verbose: 0 : SshRelayStream [TX: 1 TXA: 0 RX: 0 AQ: 1]: Connected session &lt;\u0000&gt;
Google.Solutions.Compute Verbose: 0 : SshRelayStream [TX: 1 TXA: 0 RX: 0 AQ: 1]: Connected session &lt;\u0000&gt;
Google.Solutions.Compute Verbose: 0 : SshRelayStream [TX: 1 TXA: 0 RX: 0 AQ: 1]: Connected session &lt;\u0000&gt;
Google.Solutions.Compute Verbose: 0 : SshRelayStream [TX: 1 TXA: 0 RX: 0 AQ: 1]: Connected session &lt;\u0000&gt;
Google.Solutions.Compute Verbose: 0 : SshRelayStream [TX: 1 TXA: 0 RX: 0 AQ: 1]: Connected session &lt;\u0000&gt;
Google.Solutions.Compute Verbose: 0 : SshRelayStream [TX: 1 TXA: 0 RX: 0 AQ: 1]: Connected session &lt;\u0000&gt;
Google.Solutions.Compute Verbose: 0 : SshRelayStream [TX: 1 TXA: 0 RX: 0 AQ: 1]: Received data (2 bytes)
Google.Solutions.Compute Verbose: 0 : SshRelayStream [TX: 1 TXA: 0 RX: 0 AQ: 1]: Received data (2 bytes)
Google.Solutions.Compute Verbose: 0 : SshRelayStream [TX: 1 TXA: 0 RX: 0 AQ: 1]: Received data (2 bytes)
Google.Solutions.Compute Verbose: 0 : SshRelayStream [TX: 1 TXA: 0 RX: 0 AQ: 1]: Received data (2 bytes)
Google.Solutions.Compute Verbose: 0 : SshRelayStream [TX: 1 TXA: 0 RX: 0 AQ: 1]: Received data (2 bytes)
Google.Solutions.Compute Verbose: 0 : SshRelayStream [TX: 1 TXA: 0 RX: 0 AQ: 1]: Received data (2 bytes)
Google.Solutions.Compute Verbose: 0 : SshRelayStream [TX: 1 TXA: 0 RX: 0 AQ: 1]: Received data (2 bytes)
Google.Solutions.Compute Verbose: 0 : SshRelayStream [TX: 1 TXA: 0 RX: 0 AQ: 1]: Received data (2 bytes)
Google.Solutions.Compute Verbose: 0 : SshRelayStream [TX: 1 TXA: 0 RX: 0 AQ: 1]: Received data (2 bytes)
Google.Solutions.Compute Verbose: 0 : SshRelayStream [TX: 1 TXA: 0 RX: 0 AQ: 1]: Received data (2 bytes)
Google.Solutions.Compute Verbose: 0 : SshRelayStream [TX: 1 TXA: 0 RX: 0 AQ: 1]: Received data (2 bytes)
Google.Solutions.Compute Verbose: 0 : SshRelayStream [TX: 1 TXA: 0 RX: 0 AQ: 1]: Received data (2 bytes)
Google.Solutions.Compute Verbose: 0 : SshRelayStream [TX: 1 TXA: 0 RX: 0 AQ: 1]: Received data (2 bytes)
Google.Solutions.Compute Verbose: 0 : SshRelayStream [TX: 1 TXA: 0 RX: 0 AQ: 1]: Received data (2 bytes)
Google.Solutions.Compute Verbose: 0 : SshRelayStream [TX: 1 TXA: 0 RX: 0 AQ: 1]: Received data (2 bytes)
Google.Solutions.Compute Verbose: 0 : SshRelayStream [TX: 1 TXA: 0 RX: 0 AQ: 1]: Received data (2 bytes)
Google.Solutions.Compute Verbose: 0 : SshRelayStream [TX: 1 TXA: 0 RX: 0 AQ: 1]: Received data (2 bytes)
Google.Solutions.Compute Verbose: 0 : SshRelayStream [TX: 1 TXA: 0 RX: 0 AQ: 1]: Received data (2 bytes)
Google.Solutions.Compute Verbose: 0 : SshRelayStream [TX: 1 TXA: 0 RX: 0 AQ: 1]: Received data (2 bytes)
Google.Solutions.Compute Verbose: 0 : SshRelayStream [TX: 1 TXA: 0 RX: 0 AQ: 1]: Received data (2 bytes)
Google.Solutions.Compute Verbose: 0 : SshRelayStream [TX: 1 TXA: 0 RX: 0 AQ: 1]: Received data (2 bytes)
Google.Solutions.Compute Verbose: 0 : SshRelayStream [TX: 1 TXA: 0 RX: 0 AQ: 1]: Received data (2 bytes)
Google.Solutions.Compute Verbose: 0 : SshRelayStream [TX: 1 TXA: 0 RX: 0 AQ: 1]: Received data (2 bytes)
Google.Solutions.Compute Verbose: 0 : SshRelayStream [TX: 1 TXA: 0 RX: 0 AQ: 1]: Received data (2 bytes)
Google.Solutions.Compute Verbose: 0 : SshRelayStream [TX: 1 TXA: 0 RX: 0 AQ: 1]: Received data (2 bytes)
Google.Solutions.Compute Verbose: 0 : SshRelayStream [TX: 1 TXA: 0 RX: 0 AQ: 1]: Received data (2 bytes)
Google.Solutions.Compute Verbose: 0 : SshRelayStream [TX: 1 TXA: 0 RX: 0 AQ: 1]: Received data (2 bytes)
Google.Solutions.Compute Verbose: 0 : SshRelayStream [TX: 1 TXA: 0 RX: 0 AQ: 1]: Received data (2 bytes)
Google.Solutions.Compute Verbose: 0 : SshRelayStream [TX: 1 TXA: 0 RX: 0 AQ: 1]: Received data (2 bytes)
Google.Solutions.Compute Verbose: 0 : SshRelayStream [TX: 1 TXA: 0 RX: 0 AQ: 1]: Received data (2 bytes)
Google.Solutions.Compute Verbose: 0 : SshRelayStream [TX: 1 TXA: 0 RX: 0 AQ: 1]: Received data (2 bytes)
Google.Solutions.Compute Verbose: 0 : SshRelayStream [TX: 1 TXA: 0 RX: 0 AQ: 1]: Received data (2 bytes)
Google.Solutions.Compute Verbose: 0 : SshRelayStream [TX: 1 TXA: 0 RX: 0 AQ: 1]: Received data (2 bytes)
Google.Solutions.Compute Verbose: 0 : SshRelayStream [TX: 1 TXA: 0 RX: 0 AQ: 1]: Received data (2 bytes)
Google.Solutions.Compute Verbose: 0 : SshRelayStream [TX: 1 TXA: 0 RX: 0 AQ: 1]: Received data (2 bytes)
Google.Solutions.Compute Verbose: 0 : SshRelayStream [TX: 1 TXA: 0 RX: 0 AQ: 1]: Received data (2 bytes)
Google.Solutions.Compute Verbose: 0 : SshRelayStream [TX: 1 TXA: 0 RX: 0 AQ: 1]: Received data (2 bytes)
Google.Solutions.Compute Verbose: 0 : SshRelayStream [TX: 1 TXA: 0 RX: 0 AQ: 1]: Received data (2 bytes)
Google.Solutions.Compute Verbose: 0 : SshRelayStream [TX: 1 TXA: 0 RX: 0 AQ: 1]: Received data (2 bytes)
Google.Solutions.Compute Verbose: 0 : SshRelayStream [TX: 1 TXA: 0 RX: 0 AQ: 1]: Received data (2 bytes)
Google.Solutions.Compute Verbose: 0 : SshRelayStream [TX: 1 TXA: 0 RX: 0 AQ: 1]: Received data (2 bytes)
Google.Solutions.Compute Verbose: 0 : SshRelayStream [TX: 1 TXA: 0 RX: 0 AQ: 1]: Received data (2 bytes)
Google.Solutions.Compute Verbose: 0 : SshRelayStream [TX: 1 TXA: 0 RX: 0 AQ: 1]: Received data (2 bytes)
Google.Solutions.Compute Verbose: 0 : SshRelayStream [TX: 1 TXA: 0 RX: 0 AQ: 1]: Received data (2 bytes)
Google.Solutions.Compute Verbose: 0 : SshRelayStream [TX: 1 TXA: 0 RX: 0 AQ: 1]: Received data (2 bytes)
Google.Solutions.Compute Verbose: 0 : SshRelayStream [TX: 1 TXA: 0 RX: 0 AQ: 1]: Received data (2 bytes)
Google.Solutions.Compute Verbose: 0 : SshRelayStream [TX: 1 TXA: 0 RX: 0 AQ: 1]: Received data (2 bytes)
Google.Solutions.Compute Verbose: 0 : SshRelayStream [TX: 1 TXA: 0 RX: 0 AQ: 1]: Received data (2 bytes)
Google.Solutions.Compute Verbose: 0 : SshRelayStream [TX: 1 TXA: 0 RX: 0 AQ: 1]: Received data (2 bytes)
Google.Solutions.Compute Verbose: 0 : SshRelayStream [TX: 1 TXA: 0 RX: 0 AQ: 1]: Received data (2 bytes)
Google.Solutions.Compute Verbose: 0 : SshRelayStream [TX: 1 TXA: 0 RX: 0 AQ: 1]: Received data (2 bytes)
Google.Solutions.Compute Verbose: 0 : SshRelayStream [TX: 1 TXA: 0 RX: 0 AQ: 1]: Received data (2 bytes)
Google.Solutions.Compute Verbose: 0 : SshRelayStream [TX: 1 TXA: 0 RX: 0 AQ: 1]: Received data (2 bytes)
Google.Solutions.Compute Verbose: 0 : SshRelayStream [TX: 1 TXA: 0 RX: 0 AQ: 1]: Received data (2 bytes)
Google.Solutions.Compute Verbose: 0 : SshRelayStream [TX: 1 TXA: 0 RX: 0 AQ: 1]: Received data (2 bytes)
Google.Solutions.Compute Verbose: 0 : SshRelayStream [TX: 1 TXA: 0 RX: 0 AQ: 1]: Received data (2 bytes)
Google.Solutions.Compute Verbose: 0 : SshRelayStream [TX: 1 TXA: 0 RX: 0 AQ: 1]: Received data (2 bytes)
Google.Solutions.Compute Verbose: 0 : SshRelayStream [TX: 1 TXA: 0 RX: 0 AQ: 1]: Received data (2 bytes)
Google.Solutions.Compute Verbose: 0 : SshRelayStream [TX: 1 TXA: 0 RX: 0 AQ: 1]: Received data (2 bytes)
Google.Solutions.Compute Verbose: 0 : SshRelayStream [TX: 1 TXA: 0 RX: 0 AQ: 1]: Received data (2 bytes)
Google.Solutions.Compute Verbose: 0 : SshRelayStream [TX: 1 TXA: 0 RX: 2 AQ: 1]: Sending ACK #2...
Google.Solutions.Compute Verbose: 0 : SshRelayStream [TX: 1 TXA: 0 RX: 2 AQ: 1]: Sending ACK #2...
Google.Solutions.Compute Verbose: 0 : SshRelayStream [TX: 1 TXA: 0 RX: 2 AQ: 1]: Sending ACK #2...
Google.Solutions.Compute Verbose: 0 : SshRelayStream [TX: 1 TXA: 0 RX: 2 AQ: 1]: Sending ACK #2...
Google.Solutions.Compute Verbose: 0 : SshRelayStream [TX: 1 TXA: 0 RX: 2 AQ: 1]: Sending ACK #2...
Google.Solutions.Compute Verbose: 0 : SshRelayStream [TX: 1 TXA: 0 RX: 2 AQ: 1]: Sending ACK #2...
Google.Solutions.Compute Verbose: 0 : SshRelayStream [TX: 1 TXA: 0 RX: 2 AQ: 1]: Sending ACK #2...
Google.Solutions.Compute Verbose: 0 : SshRelayStream [TX: 1 TXA: 0 RX: 2 AQ: 1]: Sending ACK #2...
Google.Solutions.Compute Verbose: 0 : SshRelayStream [TX: 1 TXA: 0 RX: 2 AQ: 1]: Sending ACK #2...
Google.Solutions.Compute Verbose: 0 : SshRelayStream [TX: 1 TXA: 0 RX: 2 AQ: 1]: Sending ACK #2...
Google.Solutions.Compute Verbose: 0 : SshRelayStream [TX: 1 TXA: 0 RX: 2 AQ: 1]: Sending ACK #2...
Google.Solutions.Compute Verbose: 0 : SshRelayStream [TX: 1 TXA: 0 RX: 2 AQ: 1]: Sending ACK #2...
Google.Solutions.Compute Verbose: 0 : SshRelayStream [TX: 1 TXA: 0 RX: 2 AQ: 1]: Sending ACK #2...
Google.Solutions.Compute Verbose: 0 : SshRelayStream [TX: 1 TXA: 0 RX: 2 AQ: 1]: Sending ACK #2...
Google.Solutions.Compute Verbose: 0 : SshRelayStream [TX: 1 TXA: 0 RX: 2 AQ: 1]: Sending ACK #2...
Google.Solutions.Compute Verbose: 0 : SshRelayStream [TX: 1 TXA: 0 RX: 2 AQ: 1]: Sending ACK #2...
Google.Solutions.Compute Verbose: 0 : SshRelayStream [TX: 1 TXA: 0 RX: 2 AQ: 1]: Sending ACK #2...
Google.Solutions.Compute Verbose: 0 : SshRelayStream [TX: 1 TXA: 0 RX: 2 AQ: 1]: Sending ACK #2...
Google.Solutions.Compute Verbose: 0 : SshRelayStream [TX: 1 TXA: 0 RX: 2 AQ: 1]: Sending ACK #2...
Google.Solutions.Compute Verbose: 0 : SshRelayStream [TX: 1 TXA: 0 RX: 2 AQ: 1]: Sending ACK #2...
Google.Solutions.Compute Verbose: 0 : SshRelayStream [TX: 1 TXA: 0 RX: 2 AQ: 1]: Sending ACK #2...
Google.Solutions.Compute Verbose: 0 : SshRelayStream [TX: 1 TXA: 0 RX: 2 AQ: 1]: Sending ACK #2...
Google.Solutions.Compute Verbose: 0 : SshRelayStream [TX: 1 TXA: 0 RX: 2 AQ: 1]: Sending ACK #2...
Google.Solutions.Compute Verbose: 0 : SshRelayStream [TX: 1 TXA: 0 RX: 2 AQ: 1]: Sending ACK #2...
Google.Solutions.Compute Verbose: 0 : SshRelayStream [TX: 1 TXA: 0 RX: 2 AQ: 1]: Sending ACK #2...
Google.Solutions.Compute Verbose: 0 : SshRelayStream [TX: 1 TXA: 0 RX: 2 AQ: 1]: Sending ACK #2...
Google.Solutions.Compute Verbose: 0 : SshRelayStream [TX: 1 TXA: 0 RX: 2 AQ: 1]: Sending ACK #2...
Google.Solutions.Compute Verbose: 0 : SshRelayStream [TX: 1 TXA: 0 RX: 2 AQ: 1]: Sending ACK #2...
Google.Solutions.Compute Verbose: 0 : SshRelayStream [TX: 1 TXA: 0 RX: 2 AQ: 1]: Sending ACK #2...
Google.Solutions.Compute Verbose: 0 : SshRelayStream [TX: 1 TXA: 0 RX: 2 AQ: 1]: Sending ACK #2...
Google.Solutions.Compute Verbose: 0 : SshRelayStream [TX: 1 TXA: 0 RX: 2 AQ: 1]: Sending ACK #2...
Google.Solutions.Compute Verbose: 0 : SshRelayStream [TX: 1 TXA: 0 RX: 2 AQ: 1]: Sending ACK #2...
Google.Solutions.Compute Verbose: 0 : SshRelayStream [TX: 1 TXA: 0 RX: 2 AQ: 1]: Sending ACK #2...
Google.Solutions.Compute Verbose: 0 : SshRelayStream [TX: 1 TXA: 0 RX: 2 AQ: 1]: Sending ACK #2...
Google.Solutions.Compute Verbose: 0 : SshRelayStream [TX: 1 TXA: 0 RX: 2 AQ: 1]: Sending ACK #2...
Google.Solutions.Compute Verbose: 0 : SshRelayStream [TX: 1 TXA: 0 RX: 2 AQ: 1]: Sending ACK #2...
Google.Solutions.Compute Verbose: 0 : SshRelayStream [TX: 1 TXA: 0 RX: 2 AQ: 1]: Sending ACK #2...
Google.Solutions.Compute Verbose: 0 : SshRelayStream [TX: 1 TXA: 0 RX: 2 AQ: 1]: Sending ACK #2...
Google.Solutions.Compute Verbose: 0 : SshRelayStream [TX: 1 TXA: 0 RX: 2 AQ: 1]: Sending ACK #2...
Google.Solutions.Compute Verbose: 0 : SshRelayStream [TX: 1 TXA: 0 RX: 2 AQ: 1]: Sending ACK #2...
Google.Solutions.Compute Verbose: 0 : SshRelayStream [TX: 1 TXA: 0 RX: 2 AQ: 1]: Sending ACK #2...
Google.Solutions.Compute Verbose: 0 : SshRelayStream [TX: 1 TXA: 0 RX: 2 AQ: 1]: Sending ACK #2...
Google.Solutions.Compute Verbose: 0 : SshRelayStream [TX: 1 TXA: 0 RX: 2 AQ: 1]: Sending ACK #2...
Google.Solutions.Compute Verbose: 0 : SshRelayStream [TX: 1 TXA: 0 RX: 2 AQ: 1]: Sending ACK #2...
Google.Solutions.Compute Verbose: 0 : SshRelayStream [TX: 1 TXA: 0 RX: 2 AQ: 1]: Sending ACK #2...
Google.Solutions.Compute Verbose: 0 : SshRelayStream [TX: 1 TXA: 0 RX: 2 AQ: 1]: Sending ACK #2...
Google.Solutions.Compute Verbose: 0 : SshRelayStream [TX: 1 TXA: 0 RX: 2 AQ: 1]: Sending ACK #2...
Google.Solutions.Compute Verbose: 0 : SshRelayStream [TX: 1 TXA: 0 RX: 2 AQ: 1]: Sending ACK #2...
Google.Solutions.Compute Verbose: 0 : SshRelayStream [TX: 1 TXA: 0 RX: 2 AQ: 1]: Sending ACK #2...
Google.Solutions.Compute Verbose: 0 : SshRelayStream [TX: 1 TXA: 0 RX: 2 AQ: 1]: Sending ACK #2...
Google.Solutions.Compute Verbose: 0 : SshRelayStream [TX: 1 TXA: 0 RX: 2 AQ: 1]: Sending ACK #2...
Google.Solutions.Compute Verbose: 0 : SshRelayStream [TX: 1 TXA: 0 RX: 2 AQ: 1]: Sending ACK #2...
Google.Solutions.Compute Verbose: 0 : SshRelayStream [TX: 1 TXA: 0 RX: 2 AQ: 1]: Sending ACK #2...
Google.Solutions.Compute Verbose: 0 : SshRelayStream [TX: 1 TXA: 0 RX: 2 AQ: 1]: Sending ACK #2...
Google.Solutions.Compute Verbose: 0 : SshRelayStream [TX: 1 TXA: 0 RX: 2 AQ: 1]: Sending ACK #2...
Google.Solutions.Compute Verbose: 0 : SshRelayStream [TX: 1 TXA: 0 RX: 2 AQ: 1]: Sending ACK #2...
Google.Solutions.Compute Verbose: 0 : SshRelayStream [TX: 1 TXA: 0 RX: 2 AQ: 1]: Sending ACK #2...
Google.Solutions.Compute Verbose: 0 : SshRelayStream [TX: 1 TXA: 0 RX: 2 AQ: 1]: Sending ACK #2...
Google.Solutions.Compute Verbose: 0 : SshRelayStream [TX: 1 TXA: 0 RX: 2 AQ: 1]: Sending ACK #2...
Google.Solutions.Compute Verbose: 0 : SshRelayStream [TX: 1 TXA: 0 RX: 2 AQ: 1]: Sending ACK #2...
Google.Solutions.Compute Verbose: 0 : SshRelayStream [TX: 1 TXA: 0 RX: 2 AQ: 1]: Sending DATA #1...
Google.Solutions.Compute Verbose: 0 : SshRelayStream [TX: 1 TXA: 0 RX: 2 AQ: 1]: Sending DATA #1...
Google.Solutions.Compute Verbose: 0 : SshRelayStream [TX: 1 TXA: 0 RX: 2 AQ: 1]: Sending DATA #1...
Google.Solutions.Compute Verbose: 0 : SshRelayStream [TX: 1 TXA: 0 RX: 2 AQ: 1]: Sending DATA #1...
Google.Solutions.Compute Verbose: 0 : SshRelayStream [TX: 1 TXA: 0 RX: 2 AQ: 1]: Sending DATA #1...
Google.Solutions.Compute Verbose: 0 : SshRelayStream [TX: 1 TXA: 0 RX: 2 AQ: 1]: Sending DATA #1...
Google.Solutions.Compute Verbose: 0 : SshRelayStream [TX: 1 TXA: 0 RX: 2 AQ: 1]: Sending DATA #1...
Google.Solutions.Compute Verbose: 0 : SshRelayStream [TX: 1 TXA: 0 RX: 2 AQ: 1]: Sending DATA #1...
Google.Solutions.Compute Verbose: 0 : SshRelayStream [TX: 1 TXA: 0 RX: 2 AQ: 1]: Sending DATA #1...
Google.Solutions.Compute Verbose: 0 : SshRelayStream [TX: 1 TXA: 0 RX: 2 AQ: 1]: Sending DATA #1...
Google.Solutions.Compute Verbose: 0 : SshRelayStream [TX: 1 TXA: 0 RX: 2 AQ: 1]: Sending DATA #1...
Google.Solutions.Compute Verbose: 0 : SshRelayStream [TX: 1 TXA: 0 RX: 2 AQ: 1]: Sending DATA #1...
Google.Solutions.Compute Verbose: 0 : SshRelayStream [TX: 1 TXA: 0 RX: 2 AQ: 1]: Sending DATA #1...
Google.Solutions.Compute Verbose: 0 : SshRelayStream [TX: 1 TXA: 0 RX: 2 AQ: 1]: Sending DATA #1...
Google.Solutions.Compute Verbose: 0 : SshRelayStream [TX: 1 TXA: 0 RX: 2 AQ: 1]: Sending DATA #1...
Google.Solutions.Compute Verbose: 0 : SshRelayStream [TX: 1 TXA: 0 RX: 2 AQ: 1]: Sending DATA #1...
Google.Solutions.Compute Verbose: 0 : SshRelayStream [TX: 1 TXA: 0 RX: 2 AQ: 1]: Sending DATA #1...
Google.Solutions.Compute Verbose: 0 : SshRelayStream [TX: 1 TXA: 0 RX: 2 AQ: 1]: Sending DATA #1...
Google.Solutions.Compute Verbose: 0 : SshRelayStream [TX: 1 TXA: 0 RX: 2 AQ: 1]: Sending DATA #1...
Google.Solutions.Compute Verbose: 0 : SshRelayStream [TX: 1 TXA: 0 RX: 2 AQ: 1]: Sending DATA #1...
Google.Solutions.Compute Verbose: 0 : SshRelayStream [TX: 1 TXA: 0 RX: 2 AQ: 1]: Sending DATA #1...
Google.Solutions.Compute Verbose: 0 : SshRelayStream [TX: 1 TXA: 0 RX: 2 AQ: 1]: Sending DATA #1...
Google.Solutions.Compute Verbose: 0 : SshRelayStream [TX: 1 TXA: 0 RX: 2 AQ: 1]: Sending DATA #1...
Google.Solutions.Compute Verbose: 0 : SshRelayStream [TX: 1 TXA: 0 RX: 2 AQ: 1]: Sending DATA #1...
Google.Solutions.Compute Verbose: 0 : SshRelayStream [TX: 1 TXA: 0 RX: 2 AQ: 1]: Sending DATA #1...
Google.Solutions.Compute Verbose: 0 : SshRelayStream [TX: 1 TXA: 0 RX: 2 AQ: 1]: Sending DATA #1...
Google.Solutions.Compute Verbose: 0 : SshRelayStream [TX: 1 TXA: 0 RX: 2 AQ: 1]: Sending DATA #1...
Google.Solutions.Compute Verbose: 0 : SshRelayStream [TX: 1 TXA: 0 RX: 2 AQ: 1]: Sending DATA #1...
Google.Solutions.Compute Verbose: 0 : SshRelayStream [TX: 1 TXA: 0 RX: 2 AQ: 1]: Sending DATA #1...
Google.Solutions.Compute Verbose: 0 : SshRelayStream [TX: 1 TXA: 0 RX: 2 AQ: 1]: Sending DATA #1...
Google.Solutions.Compute Verbose: 0 : SshRelayStream [TX: 1 TXA: 0 RX: 2 AQ: 1]: Sending DATA #1...
Google.Solutions.Compute Verbose: 0 : SshRelayStream [TX: 1 TXA: 0 RX: 2 AQ: 1]: Sending DATA #1...
Google.Solutions.Compute Verbose: 0 : SshRelayStream [TX: 1 TXA: 0 RX: 2 AQ: 1]: Sending DATA #1...
Google.Solutions.Compute Verbose: 0 : SshRelayStream [TX: 1 TXA: 0 RX: 2 AQ: 1]: Sending DATA #1...
Google.Solutions.Compute Verbose: 0 : SshRelayStream [TX: 1 TXA: 0 RX: 2 AQ: 1]: Sending DATA #1...
Google.Solutions.Compute Verbose: 0 : SshRelayStream [TX: 1 TXA: 0 RX: 2 AQ: 1]: Sending DATA #1...
Google.Solutions.Compute Verbose: 0 : SshRelayStream [TX: 1 TXA: 0 RX: 2 AQ: 1]: Sending DATA #1...
Google.Solutions.Compute Verbose: 0 : SshRelayStream [TX: 1 TXA: 0 RX: 2 AQ: 1]: Sending DATA #1...
Google.Solutions.Compute Verbose: 0 : SshRelayStream [TX: 1 TXA: 0 RX: 2 AQ: 1]: Sending DATA #1...
Google.Solutions.Compute Verbose: 0 : SshRelayStream [TX: 1 TXA: 0 RX: 2 AQ: 1]: Sending DATA #1...
Google.Solutions.Compute Verbose: 0 : SshRelayStream [TX: 1 TXA: 0 RX: 2 AQ: 1]: Sending DATA #1...
Google.Solutions.Compute Verbose: 0 : SshRelayStream [TX: 1 TXA: 0 RX: 2 AQ: 1]: Sending DATA #1...
Google.Solutions.Compute Verbose: 0 : SshRelayStream [TX: 1 TXA: 0 RX: 2 AQ: 1]: Sending DATA #1...
Google.Solutions.Compute Verbose: 0 : SshRelayStream [TX: 1 TXA: 0 RX: 2 AQ: 1]: Sending DATA #1...
Google.Solutions.Compute Verbose: 0 : SshRelayStream [TX: 1 TXA: 0 RX: 2 AQ: 1]: Sending DATA #1...
Google.Solutions.Compute Verbose: 0 : SshRelayStream [TX: 1 TXA: 0 RX: 2 AQ: 1]: Sending DATA #1...
Google.Solutions.Compute Verbose: 0 : SshRelayStream [TX: 1 TXA: 0 RX: 2 AQ: 1]: Sending DATA #1...
Google.Solutions.Compute Verbose: 0 : SshRelayStream [TX: 1 TXA: 0 RX: 2 AQ: 1]: Sending DATA #1...
Google.Solutions.Compute Verbose: 0 : SshRelayStream [TX: 1 TXA: 0 RX: 2 AQ: 1]: Sending DATA #1...
Google.Solutions.Compute Verbose: 0 : SshRelayStream [TX: 1 TXA: 0 RX: 2 AQ: 1]: Sending DATA #1...
Google.Solutions.Compute Verbose: 0 : SshRelayStream [TX: 1 TXA: 0 RX: 2 AQ: 1]: Sending DATA #1...
Google.Solutions.Compute Verbose: 0 : SshRelayStream [TX: 1 TXA: 0 RX: 2 AQ: 1]: Sending DATA #1...
Google.Solutions.Compute Verbose: 0 : SshRelayStream [TX: 1 TXA: 0 RX: 2 AQ: 1]: Sending DATA #1...
Google.Solutions.Compute Verbose: 0 : SshRelayStream [TX: 1 TXA: 0 RX: 2 AQ: 1]: Sending DATA #1...
Google.Solutions.Compute Verbose: 0 : SshRelayStream [TX: 1 TXA: 0 RX: 2 AQ: 1]: Sending DATA #1...
Google.Solutions.Compute Verbose: 0 : SshRelayStream [TX: 1 TXA: 0 RX: 2 AQ: 1]: Sending DATA #1...
Google.Solutions.Compute Verbose: 0 : SshRelayStream [TX: 1 TXA: 0 RX: 2 AQ: 1]: Sending DATA #1...
Google.Solutions.Compute Verbose: 0 : SshRelayStream [TX: 1 TXA: 0 RX: 2 AQ: 1]: Sending DATA #1...
Google.Solutions.Compute Verbose: 0 : SshRelayStream [TX: 1 TXA: 0 RX: 2 AQ: 1]: Sending DATA #1...
Google.Solutions.Compute Verbose: 0 : SshRelayStream [TX: 1 TXA: 0 RX: 2 AQ: 1]: Sending DATA #1...
Google.Solutions.Compute Verbose: 0 : SshRelayStream [TX: 2 TXA: 0 RX: 2 AQ: 2]: Sending DATA #2...
Google.Solutions.Compute Verbose: 0 : SshRelayStream [TX: 2 TXA: 0 RX: 2 AQ: 2]: Sending DATA #2...
Google.Solutions.Compute Verbose: 0 : SshRelayStream [TX: 2 TXA: 0 RX: 2 AQ: 2]: Sending DATA #2...
Google.Solutions.Compute Verbose: 0 : SshRelayStream [TX: 2 TXA: 0 RX: 2 AQ: 2]: Sending DATA #2...
Google.Solutions.Compute Verbose: 0 : SshRelayStream [TX: 2 TXA: 0 RX: 2 AQ: 2]: Sending DATA #2...
Google.Solutions.Compute Verbose: 0 : SshRelayStream [TX: 2 TXA: 0 RX: 2 AQ: 2]: Sending DATA #2...
Google.Solutions.Compute Verbose: 0 : SshRelayStream [TX: 2 TXA: 0 RX: 2 AQ: 2]: Sending DATA #2...
Google.Solutions.Compute Verbose: 0 : SshRelayStream [TX: 2 TXA: 0 RX: 2 AQ: 2]: Sending DATA #2...
Google.Solutions.Compute Verbose: 0 : SshRelayStream [TX: 2 TXA: 0 RX: 2 AQ: 2]: Sending DATA #2...
Google.Solutions.Compute Verbose: 0 : SshRelayStream [TX: 2 TXA: 0 RX: 2 AQ: 2]: Sending DATA #2...
Google.Solutions.Compute Verbose: 0 : SshRelayStream [TX: 2 TXA: 0 RX: 2 AQ: 2]: Sending DATA #2...
Google.Solutions.Compute Verbose: 0 : SshRelayStream [TX: 2 TXA: 0 RX: 2 AQ: 2]: Sending DATA #2...
Google.Solutions.Compute Verbose: 0 : SshRelayStream [TX: 2 TXA: 0 RX: 2 AQ: 2]: Sending DATA #2...
Google.Solutions.Compute Verbose: 0 : SshRelayStream [TX: 2 TXA: 0 RX: 2 AQ: 2]: Sending DATA #2...
Google.Solutions.Compute Verbose: 0 : SshRelayStream [TX: 2 TXA: 0 RX: 2 AQ: 2]: Sending DATA #2...
Google.Solutions.Compute Verbose: 0 : SshRelayStream [TX: 2 TXA: 0 RX: 2 AQ: 2]: Sending DATA #2...
Google.Solutions.Compute Verbose: 0 : SshRelayStream [TX: 2 TXA: 0 RX: 2 AQ: 2]: Sending DATA #2...
Google.Solutions.Compute Verbose: 0 : SshRelayStream [TX: 2 TXA: 0 RX: 2 AQ: 2]: Sending DATA #2...
Google.Solutions.Compute Verbose: 0 : SshRelayStream [TX: 2 TXA: 0 RX: 2 AQ: 2]: Sending DATA #2...
Google.Solutions.Compute Verbose: 0 : SshRelayStream [TX: 2 TXA: 0 RX: 2 AQ: 2]: Sending DATA #2...
Google.Solutions.Compute Verbose: 0 : SshRelayStream [TX: 2 TXA: 0 RX: 2 AQ: 2]: Sending DATA #2...
Google.Solutions.Compute Verbose: 0 : SshRelayStream [TX: 2 TXA: 0 RX: 2 AQ: 2]: Sending DATA #2...
Google.Solutions.Compute Verbose: 0 : SshRelayStream [TX: 2 TXA: 0 RX: 2 AQ: 2]: Sending DATA #2...
Google.Solutions.Compute Verbose: 0 : SshRelayStream [TX: 2 TXA: 0 RX: 2 AQ: 2]: Sending DATA #2...
Google.Solutions.Compute Verbose: 0 : SshRelayStream [TX: 2 TXA: 0 RX: 2 AQ: 2]: Sending DATA #2...
Google.Solutions.Compute Verbose: 0 : SshRelayStream [TX: 2 TXA: 0 RX: 2 AQ: 2]: Sending DATA #2...
Google.Solutions.Compute Verbose: 0 : SshRelayStream [TX: 2 TXA: 0 RX: 2 AQ: 2]: Sending DATA #2...
Google.Solutions.Compute Verbose: 0 : SshRelayStream [TX: 2 TXA: 0 RX: 2 AQ: 2]: Sending DATA #2...
Google.Solutions.Compute Verbose: 0 : SshRelayStream [TX: 2 TXA: 0 RX: 2 AQ: 2]: Sending DATA #2...
Google.Solutions.Compute Verbose: 0 : SshRelayStream [TX: 2 TXA: 0 RX: 2 AQ: 2]: Sending DATA #2...
Google.Solutions.Compute Verbose: 0 : SshRelayStream [TX: 2 TXA: 0 RX: 2 AQ: 2]: Sending DATA #2...
Google.Solutions.Compute Verbose: 0 : SshRelayStream [TX: 2 TXA: 0 RX: 2 AQ: 2]: Sending DATA #2...
Google.Solutions.Compute Verbose: 0 : SshRelayStream [TX: 2 TXA: 0 RX: 2 AQ: 2]: Sending DATA #2...
Google.Solutions.Compute Verbose: 0 : SshRelayStream [TX: 2 TXA: 0 RX: 2 AQ: 2]: Sending DATA #2...
Google.Solutions.Compute Verbose: 0 : SshRelayStream [TX: 2 TXA: 0 RX: 2 AQ: 2]: Sending DATA #2...
Google.Solutions.Compute Verbose: 0 : SshRelayStream [TX: 2 TXA: 0 RX: 2 AQ: 2]: Sending DATA #2...
Google.Solutions.Compute Verbose: 0 : SshRelayStream [TX: 2 TXA: 0 RX: 2 AQ: 2]: Sending DATA #2...
Google.Solutions.Compute Verbose: 0 : SshRelayStream [TX: 2 TXA: 0 RX: 2 AQ: 2]: Sending DATA #2...
Google.Solutions.Compute Verbose: 0 : SshRelayStream [TX: 2 TXA: 0 RX: 2 AQ: 2]: Sending DATA #2...
Google.Solutions.Compute Verbose: 0 : SshRelayStream [TX: 2 TXA: 0 RX: 2 AQ: 2]: Sending DATA #2...
Google.Solutions.Compute Verbose: 0 : SshRelayStream [TX: 2 TXA: 0 RX: 2 AQ: 2]: Sending DATA #2...
Google.Solutions.Compute Verbose: 0 : SshRelayStream [TX: 2 TXA: 0 RX: 2 AQ: 2]: Sending DATA #2...
Google.Solutions.Compute Verbose: 0 : SshRelayStream [TX: 2 TXA: 0 RX: 2 AQ: 2]: Sending DATA #2...
Google.Solutions.Compute Verbose: 0 : SshRelayStream [TX: 2 TXA: 0 RX: 2 AQ: 2]: Sending DATA #2...
Google.Solutions.Compute Verbose: 0 : SshRelayStream [TX: 2 TXA: 0 RX: 2 AQ: 2]: Sending DATA #2...
Google.Solutions.Compute Verbose: 0 : SshRelayStream [TX: 2 TXA: 0 RX: 2 AQ: 2]: Sending DATA #2...
Google.Solutions.Compute Verbose: 0 : SshRelayStream [TX: 2 TXA: 0 RX: 2 AQ: 2]: Sending DATA #2...
Google.Solutions.Compute Verbose: 0 : SshRelayStream [TX: 2 TXA: 0 RX: 2 AQ: 2]: Sending DATA #2...
Google.Solutions.Compute Verbose: 0 : SshRelayStream [TX: 2 TXA: 0 RX: 2 AQ: 2]: Sending DATA #2...
Google.Solutions.Compute Verbose: 0 : SshRelayStream [TX: 2 TXA: 0 RX: 2 AQ: 2]: Sending DATA #2...
Google.Solutions.Compute Verbose: 0 : SshRelayStream [TX: 2 TXA: 0 RX: 2 AQ: 2]: Sending DATA #2...
Google.Solutions.Compute Verbose: 0 : SshRelayStream [TX: 2 TXA: 0 RX: 2 AQ: 2]: Sending DATA #2...
Google.Solutions.Compute Verbose: 0 : SshRelayStream [TX: 2 TXA: 0 RX: 2 AQ: 2]: Sending DATA #2...
Google.Solutions.Compute Verbose: 0 : SshRelayStream [TX: 2 TXA: 0 RX: 2 AQ: 2]: Sending DATA #2...
Google.Solutions.Compute Verbose: 0 : SshRelayStream [TX: 2 TXA: 0 RX: 2 AQ: 2]: Sending DATA #2...
Google.Solutions.Compute Verbose: 0 : SshRelayStream [TX: 2 TXA: 0 RX: 2 AQ: 2]: Sending DATA #2...
Google.Solutions.Compute Verbose: 0 : SshRelayStream [TX: 2 TXA: 0 RX: 2 AQ: 2]: Sending DATA #2...
Google.Solutions.Compute Verbose: 0 : SshRelayStream [TX: 2 TXA: 0 RX: 2 AQ: 2]: Sending DATA #2...
Google.Solutions.Compute Verbose: 0 : SshRelayStream [TX: 2 TXA: 0 RX: 2 AQ: 2]: Sending DATA #2...
Google.Solutions.Compute Verbose: 0 : SshRelayStream [TX: 2 TXA: 0 RX: 2 AQ: 2]: Sending DATA #2...
Google.Solutions.Compute Verbose: 0 : SshRelayStream [TX: 2 TXA: 0 RX: 2 AQ: 2]: Connection closed abnormally: 1002
Google.Solutions.Compute Verbose: 0 : SshRelayStream [TX: 2 TXA: 0 RX: 2 AQ: 2]: Connection closed abnormally: 1002
Google.Solutions.Compute Verbose: 0 : SshRelayStream [TX: 2 TXA: 0 RX: 2 AQ: 2]: Connection closed abnormally: 1002
Google.Solutions.Compute Verbose: 0 : SshRelayStream [TX: 2 TXA: 0 RX: 2 AQ: 2]: Connection closed abnormally: 1002
Google.Solutions.Compute Verbose: 0 : SshRelayStream [TX: 2 TXA: 0 RX: 2 AQ: 2]: Connection closed abnormally: 1002
Google.Solutions.Compute Verbose: 0 : SshRelayStream [TX: 2 TXA: 0 RX: 2 AQ: 2]: Connection closed abnormally: 1002
Google.Solutions.Compute Verbose: 0 : SshRelayStream [TX: 2 TXA: 0 RX: 2 AQ: 2]: Connection closed abnormally: 1002
Google.Solutions.Compute Verbose: 0 : SshRelayStream [TX: 2 TXA: 0 RX: 2 AQ: 2]: Connection closed abnormally: 1002
Google.Solutions.Compute Verbose: 0 : SshRelayStream [TX: 2 TXA: 0 RX: 2 AQ: 2]: Connection closed abnormally: 1002
Google.Solutions.Compute Verbose: 0 : SshRelayStream [TX: 2 TXA: 0 RX: 2 AQ: 2]: Connection closed abnormally: 1002
Google.Solutions.Compute Verbose: 0 : SshRelayStream [TX: 2 TXA: 0 RX: 2 AQ: 2]: Connection closed abnormally: 1002
Google.Solutions.Compute Verbose: 0 : SshRelayStream [TX: 2 TXA: 0 RX: 2 AQ: 2]: Connection closed abnormally: 1002
Google.Solutions.Compute Verbose: 0 : SshRelayStream [TX: 2 TXA: 0 RX: 2 AQ: 2]: Connection closed abnormally: 1002
Google.Solutions.Compute Verbose: 0 : SshRelayStream [TX: 2 TXA: 0 RX: 2 AQ: 2]: Connection closed abnormally: 1002
Google.Solutions.Compute Verbose: 0 : SshRelayStream [TX: 2 TXA: 0 RX: 2 AQ: 2]: Connection closed abnormally: 1002
Google.Solutions.Compute Verbose: 0 : SshRelayStream [TX: 2 TXA: 0 RX: 2 AQ: 2]: Connection closed abnormally: 1002
Google.Solutions.Compute Verbose: 0 : SshRelayStream [TX: 2 TXA: 0 RX: 2 AQ: 2]: Connection closed abnormally: 1002
Google.Solutions.Compute Verbose: 0 : SshRelayStream [TX: 2 TXA: 0 RX: 2 AQ: 2]: Connection closed abnormally: 1002
Google.Solutions.Compute Verbose: 0 : SshRelayStream [TX: 2 TXA: 0 RX: 2 AQ: 2]: Connection closed abnormally: 1002
Google.Solutions.Compute Verbose: 0 : SshRelayStream [TX: 2 TXA: 0 RX: 2 AQ: 2]: Connection closed abnormally: 1002
Google.Solutions.Compute Verbose: 0 : SshRelayStream [TX: 2 TXA: 0 RX: 2 AQ: 2]: Connection closed abnormally: 1002
Google.Solutions.Compute Verbose: 0 : SshRelayStream [TX: 2 TXA: 0 RX: 2 AQ: 2]: Connection closed abnormally: 1002
Google.Solutions.Compute Verbose: 0 : SshRelayStream [TX: 2 TXA: 0 RX: 2 AQ: 2]: Connection closed abnormally: 1002
Google.Solutions.Compute Verbose: 0 : SshRelayStream [TX: 2 TXA: 0 RX: 2 AQ: 2]: Connection closed abnormally: 1002
Google.Solutions.Compute Verbose: 0 : SshRelayStream [TX: 2 TXA: 0 RX: 2 AQ: 2]: Connection closed abnormally: 1002
Google.Solutions.Compute Verbose: 0 : SshRelayStream [TX: 2 TXA: 0 RX: 2 AQ: 2]: Connection closed abnormally: 1002
Google.Solutions.Compute Verbose: 0 : SshRelayStream [TX: 2 TXA: 0 RX: 2 AQ: 2]: Connection closed abnormally: 1002
Google.Solutions.Compute Verbose: 0 : SshRelayStream [TX: 2 TXA: 0 RX: 2 AQ: 2]: Connection closed abnormally: 1002
Google.Solutions.Compute Verbose: 0 : SshRelayStream [TX: 2 TXA: 0 RX: 2 AQ: 2]: Connection closed abnormally: 1002
Google.Solutions.Compute Verbose: 0 : SshRelayStream [TX: 2 TXA: 0 RX: 2 AQ: 2]: Connection closed abnormally: 1002
Google.Solutions.Compute Verbose: 0 : SshRelayStream [TX: 2 TXA: 0 RX: 2 AQ: 2]: Connection closed abnormally: 1002
Google.Solutions.Compute Verbose: 0 : SshRelayStream [TX: 2 TXA: 0 RX: 2 AQ: 2]: Connection closed abnormally: 1002
Google.Solutions.Compute Verbose: 0 : SshRelayStream [TX: 2 TXA: 0 RX: 2 AQ: 2]: Connection closed abnormally: 1002
Google.Solutions.Compute Verbose: 0 : SshRelayStream [TX: 2 TXA: 0 RX: 2 AQ: 2]: Connection closed abnormally: 1002
Google.Solutions.Compute Verbose: 0 : SshRelayStream [TX: 2 TXA: 0 RX: 2 AQ: 2]: Connection closed abnormally: 1002
Google.Solutions.Compute Verbose: 0 : SshRelayStream [TX: 2 TXA: 0 RX: 2 AQ: 2]: Connection closed abnormally: 1002
Google.Solutions.Compute Verbose: 0 : SshRelayStream [TX: 2 TXA: 0 RX: 2 AQ: 2]: Connection closed abnormally: 1002
Google.Solutions.Compute Verbose: 0 : SshRelayStream [TX: 2 TXA: 0 RX: 2 AQ: 2]: Connection closed abnormally: 1002
Google.Solutions.Compute Verbose: 0 : SshRelayStream [TX: 2 TXA: 0 RX: 2 AQ: 2]: Connection closed abnormally: 1002
Google.Solutions.Compute Verbose: 0 : SshRelayStream [TX: 2 TXA: 0 RX: 2 AQ: 2]: Connection closed abnormally: 1002
Google.Solutions.Compute Verbose: 0 : SshRelayStream [TX: 2 TXA: 0 RX: 2 AQ: 2]: Connection closed abnormally: 1002
Google.Solutions.Compute Verbose: 0 : SshRelayStream [TX: 2 TXA: 0 RX: 2 AQ: 2]: Connection closed abnormally: 1002
Google.Solutions.Compute Verbose: 0 : SshRelayStream [TX: 2 TXA: 0 RX: 2 AQ: 2]: Connection closed abnormally: 1002
Google.Solutions.Compute Verbose: 0 : SshRelayStream [TX: 2 TXA: 0 RX: 2 AQ: 2]: Connection closed abnormally: 1002
Google.Solutions.Compute Verbose: 0 : SshRelayStream [TX: 2 TXA: 0 RX: 2 AQ: 2]: Connection closed abnormally: 1002
Google.Solutions.Compute Verbose: 0 : SshRelayStream [TX: 2 TXA: 0 RX: 2 AQ: 2]: Connection closed abnormally: 1002
Google.Solutions.Compute Verbose: 0 : SshRelayStream [TX: 2 TXA: 0 RX: 2 AQ: 2]: Connection closed abnormally: 1002
Google.Solutions.Compute Verbose: 0 : SshRelayStream [TX: 2 TXA: 0 RX: 2 AQ: 2]: Connection closed abnormally: 1002
Google.Solutions.Compute Verbose: 0 : SshRelayStream [TX: 2 TXA: 0 RX: 2 AQ: 2]: Connection closed abnormally: 1002
Google.Solutions.Compute Verbose: 0 : SshRelayStream [TX: 2 TXA: 0 RX: 2 AQ: 2]: Connection closed abnormally: 1002
Google.Solutions.Compute Verbose: 0 : SshRelayStream [TX: 2 TXA: 0 RX: 2 AQ: 2]: Connection closed abnormally: 1002
Google.Solutions.Compute Verbose: 0 : SshRelayStream [TX: 2 TXA: 0 RX: 2 AQ: 2]: Connection closed abnormally: 1002
Google.Solutions.Compute Verbose: 0 : SshRelayStream [TX: 2 TXA: 0 RX: 2 AQ: 2]: Connection closed abnormally: 1002
Google.Solutions.Compute Verbose: 0 : SshRelayStream [TX: 2 TXA: 0 RX: 2 AQ: 2]: Connection closed abnormally: 1002
Google.Solutions.Compute Verbose: 0 : SshRelayStream [TX: 2 TXA: 0 RX: 2 AQ: 2]: Connection closed abnormally: 1002
Google.Solutions.Compute Verbose: 0 : SshRelayStream [TX: 2 TXA: 0 RX: 2 AQ: 2]: Connection closed abnormally: 1002
Google.Solutions.Compute Verbose: 0 : SshRelayStream [TX: 2 TXA: 0 RX: 2 AQ: 2]: Connection closed abnormally: 1002
Google.Solutions.Compute Verbose: 0 : SshRelayStream [TX: 2 TXA: 0 RX: 2 AQ: 2]: Connection closed abnormally: 1002
Google.Solutions.Compute Verbose: 0 : SshRelayStream [TX: 2 TXA: 0 RX: 2 AQ: 2]: Connection closed abnormally: 1002
Google.Solutions.Compute Verbose: 0 : SshRelayStream [TX: 2 TXA: 0 RX: 2 AQ: 2]: Connection closed abnormally: 1002
Google.Solutions.Compute Verbose: 0 : SshRelayStream [TX: 2 TXA: 0 RX: 2 AQ: 2]: Disconnecting, preparing to reconnect
Google.Solutions.Compute Verbose: 0 : SshRelayStream [TX: 2 TXA: 0 RX: 2 AQ: 2]: Disconnecting, preparing to reconnect
Google.Solutions.Compute Verbose: 0 : SshRelayStream [TX: 2 TXA: 0 RX: 2 AQ: 2]: Disconnecting, preparing to reconnect
Google.Solutions.Compute Verbose: 0 : SshRelayStream [TX: 2 TXA: 0 RX: 2 AQ: 2]: Disconnecting, preparing to reconnect
Google.Solutions.Compute Verbose: 0 : SshRelayStream [TX: 2 TXA: 0 RX: 2 AQ: 2]: Disconnecting, preparing to reconnect
Google.Solutions.Compute Verbose: 0 : SshRelayStream [TX: 2 TXA: 0 RX: 2 AQ: 2]: Disconnecting, preparing to reconnect
Google.Solutions.Compute Verbose: 0 : SshRelayStream [TX: 2 TXA: 0 RX: 2 AQ: 2]: Disconnecting, preparing to reconnect
Google.Solutions.Compute Verbose: 0 : SshRelayStream [TX: 2 TXA: 0 RX: 2 AQ: 2]: Disconnecting, preparing to reconnect
Google.Solutions.Compute Verbose: 0 : SshRelayStream [TX: 2 TXA: 0 RX: 2 AQ: 2]: Disconnecting, preparing to reconnect
Google.Solutions.Compute Verbose: 0 : SshRelayStream [TX: 2 TXA: 0 RX: 2 AQ: 2]: Disconnecting, preparing to reconnect
Google.Solutions.Compute Verbose: 0 : SshRelayStream [TX: 2 TXA: 0 RX: 2 AQ: 2]: Disconnecting, preparing to reconnect
Google.Solutions.Compute Verbose: 0 : SshRelayStream [TX: 2 TXA: 0 RX: 2 AQ: 2]: Disconnecting, preparing to reconnect
Google.Solutions.Compute Verbose: 0 : SshRelayStream [TX: 2 TXA: 0 RX: 2 AQ: 2]: Disconnecting, preparing to reconnect
Google.Solutions.Compute Verbose: 0 : SshRelayStream [TX: 2 TXA: 0 RX: 2 AQ: 2]: Disconnecting, preparing to reconnect
Google.Solutions.Compute Verbose: 0 : SshRelayStream [TX: 2 TXA: 0 RX: 2 AQ: 2]: Disconnecting, preparing to reconnect
Google.Solutions.Compute Verbose: 0 : SshRelayStream [TX: 2 TXA: 0 RX: 2 AQ: 2]: Disconnecting, preparing to reconnect
Google.Solutions.Compute Verbose: 0 : SshRelayStream [TX: 2 TXA: 0 RX: 2 AQ: 2]: Disconnecting, preparing to reconnect
Google.Solutions.Compute Verbose: 0 : SshRelayStream [TX: 2 TXA: 0 RX: 2 AQ: 2]: Disconnecting, preparing to reconnect
Google.Solutions.Compute Verbose: 0 : SshRelayStream [TX: 2 TXA: 0 RX: 2 AQ: 2]: Disconnecting, preparing to reconnect
Google.Solutions.Compute Verbose: 0 : SshRelayStream [TX: 2 TXA: 0 RX: 2 AQ: 2]: Disconnecting, preparing to reconnect
Google.Solutions.Compute Verbose: 0 : SshRelayStream [TX: 2 TXA: 0 RX: 2 AQ: 2]: Disconnecting, preparing to reconnect
Google.Solutions.Compute Verbose: 0 : SshRelayStream [TX: 2 TXA: 0 RX: 2 AQ: 2]: Disconnecting, preparing to reconnect
Google.Solutions.Compute Verbose: 0 : SshRelayStream [TX: 2 TXA: 0 RX: 2 AQ: 2]: Disconnecting, preparing to reconnect
Google.Solutions.Compute Verbose: 0 : SshRelayStream [TX: 2 TXA: 0 RX: 2 AQ: 2]: Disconnecting, preparing to reconnect
Google.Solutions.Compute Verbose: 0 : SshRelayStream [TX: 2 TXA: 0 RX: 2 AQ: 2]: Disconnecting, preparing to reconnect
Google.Solutions.Compute Verbose: 0 : SshRelayStream [TX: 2 TXA: 0 RX: 2 AQ: 2]: Disconnecting, preparing to reconnect
Google.Solutions.Compute Verbose: 0 : SshRelayStream [TX: 2 TXA: 0 RX: 2 AQ: 2]: Disconnecting, preparing to reconnect
Google.Solutions.Compute Verbose: 0 : SshRelayStream [TX: 2 TXA: 0 RX: 2 AQ: 2]: Disconnecting, preparing to reconnect
Google.Solutions.Compute Verbose: 0 : SshRelayStream [TX: 2 TXA: 0 RX: 2 AQ: 2]: Disconnecting, preparing to reconnect
Google.Solutions.Compute Verbose: 0 : SshRelayStream [TX: 2 TXA: 0 RX: 2 AQ: 2]: Disconnecting, preparing to reconnect
Google.Solutions.Compute Verbose: 0 : SshRelayStream [TX: 2 TXA: 0 RX: 2 AQ: 2]: Disconnecting, preparing to reconnect
Google.Solutions.Compute Verbose: 0 : SshRelayStream [TX: 2 TXA: 0 RX: 2 AQ: 2]: Disconnecting, preparing to reconnect
Google.Solutions.Compute Verbose: 0 : SshRelayStream [TX: 2 TXA: 0 RX: 2 AQ: 2]: Disconnecting, preparing to reconnect
Google.Solutions.Compute Verbose: 0 : SshRelayStream [TX: 2 TXA: 0 RX: 2 AQ: 2]: Disconnecting, preparing to reconnect
Google.Solutions.Compute Verbose: 0 : SshRelayStream [TX: 2 TXA: 0 RX: 2 AQ: 2]: Disconnecting, preparing to reconnect
Google.Solutions.Compute Verbose: 0 : SshRelayStream [TX: 2 TXA: 0 RX: 2 AQ: 2]: Disconnecting, preparing to reconnect
Google.Solutions.Compute Verbose: 0 : SshRelayStream [TX: 2 TXA: 0 RX: 2 AQ: 2]: Disconnecting, preparing to reconnect
Google.Solutions.Compute Verbose: 0 : SshRelayStream [TX: 2 TXA: 0 RX: 2 AQ: 2]: Disconnecting, preparing to reconnect
Google.Solutions.Compute Verbose: 0 : SshRelayStream [TX: 2 TXA: 0 RX: 2 AQ: 2]: Disconnecting, preparing to reconnect
Google.Solutions.Compute Verbose: 0 : SshRelayStream [TX: 2 TXA: 0 RX: 2 AQ: 2]: Disconnecting, preparing to reconnect
Google.Solutions.Compute Verbose: 0 : SshRelayStream [TX: 2 TXA: 0 RX: 2 AQ: 2]: Disconnecting, preparing to reconnect
Google.Solutions.Compute Verbose: 0 : SshRelayStream [TX: 2 TXA: 0 RX: 2 AQ: 2]: Disconnecting, preparing to reconnect
Google.Solutions.Compute Verbose: 0 : SshRelayStream [TX: 2 TXA: 0 RX: 2 AQ: 2]: Disconnecting, preparing to reconnect
Google.Solutions.Compute Verbose: 0 : SshRelayStream [TX: 2 TXA: 0 RX: 2 AQ: 2]: Disconnecting, preparing to reconnect
Google.Solutions.Compute Verbose: 0 : SshRelayStream [TX: 2 TXA: 0 RX: 2 AQ: 2]: Disconnecting, preparing to reconnect
Google.Solutions.Compute Verbose: 0 : SshRelayStream [TX: 2 TXA: 0 RX: 2 AQ: 2]: Disconnecting, preparing to reconnect
Google.Solutions.Compute Verbose: 0 : SshRelayStream [TX: 2 TXA: 0 RX: 2 AQ: 2]: Disconnecting, preparing to reconnect
Google.Solutions.Compute Verbose: 0 : SshRelayStream [TX: 2 TXA: 0 RX: 2 AQ: 2]: Disconnecting, preparing to reconnect
Google.Solutions.Compute Verbose: 0 : SshRelayStream [TX: 2 TXA: 0 RX: 2 AQ: 2]: Disconnecting, preparing to reconnect
Google.Solutions.Compute Verbose: 0 : SshRelayStream [TX: 2 TXA: 0 RX: 2 AQ: 2]: Disconnecting, preparing to reconnect
Google.Solutions.Compute Verbose: 0 : SshRelayStream [TX: 2 TXA: 0 RX: 2 AQ: 2]: Disconnecting, preparing to reconnect
Google.Solutions.Compute Verbose: 0 : SshRelayStream [TX: 2 TXA: 0 RX: 2 AQ: 2]: Disconnecting, preparing to reconnect
Google.Solutions.Compute Verbose: 0 : SshRelayStream [TX: 2 TXA: 0 RX: 2 AQ: 2]: Disconnecting, preparing to reconnect
Google.Solutions.Compute Verbose: 0 : SshRelayStream [TX: 2 TXA: 0 RX: 2 AQ: 2]: Disconnecting, preparing to reconnect
Google.Solutions.Compute Verbose: 0 : SshRelayStream [TX: 2 TXA: 0 RX: 2 AQ: 2]: Disconnecting, preparing to reconnect
Google.Solutions.Compute Verbose: 0 : SshRelayStream [TX: 2 TXA: 0 RX: 2 AQ: 2]: Disconnecting, preparing to reconnect
Google.Solutions.Compute Verbose: 0 : SshRelayStream [TX: 2 TXA: 0 RX: 2 AQ: 2]: Disconnecting, preparing to reconnect
Google.Solutions.Compute Verbose: 0 : SshRelayStream [TX: 2 TXA: 0 RX: 2 AQ: 2]: Disconnecting, preparing to reconnect
Google.Solutions.Compute Verbose: 0 : SshRelayStream [TX: 2 TXA: 0 RX: 2 AQ: 2]: Disconnecting, preparing to reconnect
Google.Solutions.Compute Verbose: 0 : SshRelayStream [TX: 2 TXA: 0 RX: 2 AQ: 2]: Disconnecting, preparing to reconnect
Google.Solutions.Compute Verbose: 0 : SshRelayStream [TX: 2 TXA: 0 RX: 2 AQ: 2]: Disonnected.
Google.Solutions.Compute Verbose: 0 : SshRelayStream [TX: 2 TXA: 0 RX: 2 AQ: 2]: Disonnected.
Google.Solutions.Compute Verbose: 0 : SshRelayStream [TX: 2 TXA: 0 RX: 2 AQ: 2]: Disonnected.
Google.Solutions.Compute Verbose: 0 : SshRelayStream [TX: 2 TXA: 0 RX: 2 AQ: 2]: Disonnected.
Google.Solutions.Compute Verbose: 0 : SshRelayStream [TX: 2 TXA: 0 RX: 2 AQ: 2]: Disonnected.
Google.Solutions.Compute Verbose: 0 : SshRelayStream [TX: 2 TXA: 0 RX: 2 AQ: 2]: Disonnected.
Google.Solutions.Compute Verbose: 0 : SshRelayStream [TX: 2 TXA: 0 RX: 2 AQ: 2]: Disonnected.
Google.Solutions.Compute Verbose: 0 : SshRelayStream [TX: 2 TXA: 0 RX: 2 AQ: 2]: Disonnected.
Google.Solutions.Compute Verbose: 0 : SshRelayStream [TX: 2 TXA: 0 RX: 2 AQ: 2]: Disonnected.
Google.Solutions.Compute Verbose: 0 : SshRelayStream [TX: 2 TXA: 0 RX: 2 AQ: 2]: Disonnected.
Google.Solutions.Compute Verbose: 0 : SshRelayStream [TX: 2 TXA: 0 RX: 2 AQ: 2]: Disonnected.
Google.Solutions.Compute Verbose: 0 : SshRelayStream [TX: 2 TXA: 0 RX: 2 AQ: 2]: Disonnected.
Google.Solutions.Compute Verbose: 0 : SshRelayStream [TX: 2 TXA: 0 RX: 2 AQ: 2]: Disonnected.
Google.Solutions.Compute Verbose: 0 : SshRelayStream [TX: 2 TXA: 0 RX: 2 AQ: 2]: Disonnected.
Google.Solutions.Compute Verbose: 0 : SshRelayStream [TX: 2 TXA: 0 RX: 2 AQ: 2]: Disonnected.
Google.Solutions.Compute Verbose: 0 : SshRelayStream [TX: 2 TXA: 0 RX: 2 AQ: 2]: Disonnected.
Google.Solutions.Compute Verbose: 0 : SshRelayStream [TX: 2 TXA: 0 RX: 2 AQ: 2]: Disonnected.
Google.Solutions.Compute Verbose: 0 : SshRelayStream [TX: 2 TXA: 0 RX: 2 AQ: 2]: Disonnected.
Google.Solutions.Compute Verbose: 0 : SshRelayStream [TX: 2 TXA: 0 RX: 2 AQ: 2]: Disonnected.
Google.Solutions.Compute Verbose: 0 : SshRelayStream [TX: 2 TXA: 0 RX: 2 AQ: 2]: Disonnected.
Google.Solutions.Compute Verbose: 0 : SshRelayStream [TX: 2 TXA: 0 RX: 2 AQ: 2]: Disonnected.
Google.Solutions.Compute Verbose: 0 : SshRelayStream [TX: 2 TXA: 0 RX: 2 AQ: 2]: Disonnected.
Google.Solutions.Compute Verbose: 0 : SshRelayStream [TX: 2 TXA: 0 RX: 2 AQ: 2]: Disonnected.
Google.Solutions.Compute Verbose: 0 : SshRelayStream [TX: 2 TXA: 0 RX: 2 AQ: 2]: Disonnected.
Google.Solutions.Compute Verbose: 0 : SshRelayStream [TX: 2 TXA: 0 RX: 2 AQ: 2]: Disonnected.
Google.Solutions.Compute Verbose: 0 : SshRelayStream [TX: 2 TXA: 0 RX: 2 AQ: 2]: Disonnected.
Google.Solutions.Compute Verbose: 0 : SshRelayStream [TX: 2 TXA: 0 RX: 2 AQ: 2]: Disonnected.
Google.Solutions.Compute Verbose: 0 : SshRelayStream [TX: 2 TXA: 0 RX: 2 AQ: 2]: Disonnected.
Google.Solutions.Compute Verbose: 0 : SshRelayStream [TX: 2 TXA: 0 RX: 2 AQ: 2]: Disonnected.
Google.Solutions.Compute Verbose: 0 : SshRelayStream [TX: 2 TXA: 0 RX: 2 AQ: 2]: Disonnected.
Google.Solutions.Compute Verbose: 0 : SshRelayStream [TX: 2 TXA: 0 RX: 2 AQ: 2]: Disonnected.
Google.Solutions.Compute Verbose: 0 : SshRelayStream [TX: 2 TXA: 0 RX: 2 AQ: 2]: Disonnected.
Google.Solutions.Compute Verbose: 0 : SshRelayStream [TX: 2 TXA: 0 RX: 2 AQ: 2]: Disonnected.
Google.Solutions.Compute Verbose: 0 : SshRelayStream [TX: 2 TXA: 0 RX: 2 AQ: 2]: Disonnected.
Google.Solutions.Compute Verbose: 0 : SshRelayStream [TX: 2 TXA: 0 RX: 2 AQ: 2]: Disonnected.
Google.Solutions.Compute Verbose: 0 : SshRelayStream [TX: 2 TXA: 0 RX: 2 AQ: 2]: Disonnected.
Google.Solutions.Compute Verbose: 0 : SshRelayStream [TX: 2 TXA: 0 RX: 2 AQ: 2]: Disonnected.
Google.Solutions.Compute Verbose: 0 : SshRelayStream [TX: 2 TXA: 0 RX: 2 AQ: 2]: Disonnected.
Google.Solutions.Compute Verbose: 0 : SshRelayStream [TX: 2 TXA: 0 RX: 2 AQ: 2]: Disonnected.
Google.Solutions.Compute Verbose: 0 : SshRelayStream [TX: 2 TXA: 0 RX: 2 AQ: 2]: Disonnected.
Google.Solutions.Compute Verbose: 0 : SshRelayStream [TX: 2 TXA: 0 RX: 2 AQ: 2]: Disonnected.
Google.Solutions.Compute Verbose: 0 : SshRelayStream [TX: 2 TXA: 0 RX: 2 AQ: 2]: Disonnected.
Google.Solutions.Compute Verbose: 0 : SshRelayStream [TX: 2 TXA: 0 RX: 2 AQ: 2]: Disonnected.
Google.Solutions.Compute Verbose: 0 : SshRelayStream [TX: 2 TXA: 0 RX: 2 AQ: 2]: Disonnected.
Google.Solutions.Compute Verbose: 0 : SshRelayStream [TX: 2 TXA: 0 RX: 2 AQ: 2]: Disonnected.
Google.Solutions.Compute Verbose: 0 : SshRelayStream [TX: 2 TXA: 0 RX: 2 AQ: 2]: Disonnected.
Google.Solutions.Compute Verbose: 0 : SshRelayStream [TX: 2 TXA: 0 RX: 2 AQ: 2]: Disonnected.
Google.Solutions.Compute Verbose: 0 : SshRelayStream [TX: 2 TXA: 0 RX: 2 AQ: 2]: Disonnected.
Google.Solutions.Compute Verbose: 0 : SshRelayStream [TX: 2 TXA: 0 RX: 2 AQ: 2]: Disonnected.
Google.Solutions.Compute Verbose: 0 : SshRelayStream [TX: 2 TXA: 0 RX: 2 AQ: 2]: Disonnected.
Google.Solutions.Compute Verbose: 0 : SshRelayStream [TX: 2 TXA: 0 RX: 2 AQ: 2]: Disonnected.
Google.Solutions.Compute Verbose: 0 : SshRelayStream [TX: 2 TXA: 0 RX: 2 AQ: 2]: Disonnected.
Google.Solutions.Compute Verbose: 0 : SshRelayStream [TX: 2 TXA: 0 RX: 2 AQ: 2]: Disonnected.
Google.Solutions.Compute Verbose: 0 : SshRelayStream [TX: 2 TXA: 0 RX: 2 AQ: 2]: Disonnected.
Google.Solutions.Compute Verbose: 0 : SshRelayStream [TX: 2 TXA: 0 RX: 2 AQ: 2]: Disonnected.
Google.Solutions.Compute Verbose: 0 : SshRelayStream [TX: 2 TXA: 0 RX: 2 AQ: 2]: Disonnected.
Google.Solutions.Compute Verbose: 0 : SshRelayStream [TX: 2 TXA: 0 RX: 2 AQ: 2]: Disonnected.
Google.Solutions.Compute Verbose: 0 : SshRelayStream [TX: 2 TXA: 0 RX: 2 AQ: 2]: Disonnected.
Google.Solutions.Compute Verbose: 0 : SshRelayStream [TX: 2 TXA: 0 RX: 2 AQ: 2]: Disonnected.
Google.Solutions.Compute Verbose: 0 : SshRelayStream [TX: 2 TXA: 0 RX: 2 AQ: 2]: Disonnected.
Google.Solutions.Compute Verbose: 0 : SshRelayStream [TX: 2 TXA: 0 RX: 2 AQ: 2]: Reconnecting...
Google.Solutions.Compute Verbose: 0 : SshRelayStream [TX: 2 TXA: 0 RX: 2 AQ: 2]: Reconnecting...
Google.Solutions.Compute Verbose: 0 : SshRelayStream [TX: 2 TXA: 0 RX: 2 AQ: 2]: Reconnecting...
Google.Solutions.Compute Verbose: 0 : SshRelayStream [TX: 2 TXA: 0 RX: 2 AQ: 2]: Reconnecting...
Google.Solutions.Compute Verbose: 0 : SshRelayStream [TX: 2 TXA: 0 RX: 2 AQ: 2]: Reconnecting...
Google.Solutions.Compute Verbose: 0 : SshRelayStream [TX: 2 TXA: 0 RX: 2 AQ: 2]: Reconnecting...
Google.Solutions.Compute Verbose: 0 : SshRelayStream [TX: 2 TXA: 0 RX: 2 AQ: 2]: Reconnecting...
Google.Solutions.Compute Verbose: 0 : SshRelayStream [TX: 2 TXA: 0 RX: 2 AQ: 2]: Reconnecting...
Google.Solutions.Compute Verbose: 0 : SshRelayStream [TX: 2 TXA: 0 RX: 2 AQ: 2]: Reconnecting...
Google.Solutions.Compute Verbose: 0 : SshRelayStream [TX: 2 TXA: 0 RX: 2 AQ: 2]: Reconnecting...
Google.Solutions.Compute Verbose: 0 : SshRelayStream [TX: 2 TXA: 0 RX: 2 AQ: 2]: Reconnecting...
Google.Solutions.Compute Verbose: 0 : SshRelayStream [TX: 2 TXA: 0 RX: 2 AQ: 2]: Reconnecting...
Google.Solutions.Compute Verbose: 0 : SshRelayStream [TX: 2 TXA: 0 RX: 2 AQ: 2]: Reconnecting...
Google.Solutions.Compute Verbose: 0 : SshRelayStream [TX: 2 TXA: 0 RX: 2 AQ: 2]: Reconnecting...
Google.Solutions.Compute Verbose: 0 : SshRelayStream [TX: 2 TXA: 0 RX: 2 AQ: 2]: Reconnecting...
Google.Solutions.Compute Verbose: 0 : SshRelayStream [TX: 2 TXA: 0 RX: 2 AQ: 2]: Reconnecting...
Google.Solutions.Compute Verbose: 0 : SshRelayStream [TX: 2 TXA: 0 RX: 2 AQ: 2]: Reconnecting...
Google.Solutions.Compute Verbose: 0 : SshRelayStream [TX: 2 TXA: 0 RX: 2 AQ: 2]: Reconnecting...
Google.Solutions.Compute Verbose: 0 : SshRelayStream [TX: 2 TXA: 0 RX: 2 AQ: 2]: Reconnecting...
Google.Solutions.Compute Verbose: 0 : SshRelayStream [TX: 2 TXA: 0 RX: 2 AQ: 2]: Reconnecting...
Google.Solutions.Compute Verbose: 0 : SshRelayStream [TX: 2 TXA: 0 RX: 2 AQ: 2]: Reconnecting...
Google.Solutions.Compute Verbose: 0 : SshRelayStream [TX: 2 TXA: 0 RX: 2 AQ: 2]: Reconnecting...
Google.Solutions.Compute Verbose: 0 : SshRelayStream [TX: 2 TXA: 0 RX: 2 AQ: 2]: Reconnecting...
Google.Solutions.Compute Verbose: 0 : SshRelayStream [TX: 2 TXA: 0 RX: 2 AQ: 2]: Reconnecting...
Google.Solutions.Compute Verbose: 0 : SshRelayStream [TX: 2 TXA: 0 RX: 2 AQ: 2]: Reconnecting...
Google.Solutions.Compute Verbose: 0 : SshRelayStream [TX: 2 TXA: 0 RX: 2 AQ: 2]: Reconnecting...
Google.Solutions.Compute Verbose: 0 : SshRelayStream [TX: 2 TXA: 0 RX: 2 AQ: 2]: Reconnecting...
Google.Solutions.Compute Verbose: 0 : SshRelayStream [TX: 2 TXA: 0 RX: 2 AQ: 2]: Reconnecting...
Google.Solutions.Compute Verbose: 0 : SshRelayStream [TX: 2 TXA: 0 RX: 2 AQ: 2]: Reconnecting...
Google.Solutions.Compute Verbose: 0 : SshRelayStream [TX: 2 TXA: 0 RX: 2 AQ: 2]: Reconnecting...
Google.Solutions.Compute Verbose: 0 : SshRelayStream [TX: 2 TXA: 0 RX: 2 AQ: 2]: Reconnecting...
Google.Solutions.Compute Verbose: 0 : SshRelayStream [TX: 2 TXA: 0 RX: 2 AQ: 2]: Reconnecting...
Google.Solutions.Compute Verbose: 0 : SshRelayStream [TX: 2 TXA: 0 RX: 2 AQ: 2]: Reconnecting...
Google.Solutions.Compute Verbose: 0 : SshRelayStream [TX: 2 TXA: 0 RX: 2 AQ: 2]: Reconnecting...
Google.Solutions.Compute Verbose: 0 : SshRelayStream [TX: 2 TXA: 0 RX: 2 AQ: 2]: Reconnecting...
Google.Solutions.Compute Verbose: 0 : SshRelayStream [TX: 2 TXA: 0 RX: 2 AQ: 2]: Reconnecting...
Google.Solutions.Compute Verbose: 0 : SshRelayStream [TX: 2 TXA: 0 RX: 2 AQ: 2]: Reconnecting...
Google.Solutions.Compute Verbose: 0 : SshRelayStream [TX: 2 TXA: 0 RX: 2 AQ: 2]: Reconnecting...
Google.Solutions.Compute Verbose: 0 : SshRelayStream [TX: 2 TXA: 0 RX: 2 AQ: 2]: Reconnecting...
Google.Solutions.Compute Verbose: 0 : SshRelayStream [TX: 2 TXA: 0 RX: 2 AQ: 2]: Reconnecting...
Google.Solutions.Compute Verbose: 0 : SshRelayStream [TX: 2 TXA: 0 RX: 2 AQ: 2]: Reconnecting...
Google.Solutions.Compute Verbose: 0 : SshRelayStream [TX: 2 TXA: 0 RX: 2 AQ: 2]: Reconnecting...
Google.Solutions.Compute Verbose: 0 : SshRelayStream [TX: 2 TXA: 0 RX: 2 AQ: 2]: Reconnecting...
Google.Solutions.Compute Verbose: 0 : SshRelayStream [TX: 2 TXA: 0 RX: 2 AQ: 2]: Reconnecting...
Google.Solutions.Compute Verbose: 0 : SshRelayStream [TX: 2 TXA: 0 RX: 2 AQ: 2]: Reconnecting...
Google.Solutions.Compute Verbose: 0 : SshRelayStream [TX: 2 TXA: 0 RX: 2 AQ: 2]: Reconnecting...
Google.Solutions.Compute Verbose: 0 : SshRelayStream [TX: 2 TXA: 0 RX: 2 AQ: 2]: Reconnecting...
Google.Solutions.Compute Verbose: 0 : SshRelayStream [TX: 2 TXA: 0 RX: 2 AQ: 2]: Reconnecting...
Google.Solutions.Compute Verbose: 0 : SshRelayStream [TX: 2 TXA: 0 RX: 2 AQ: 2]: Reconnecting...
Google.Solutions.Compute Verbose: 0 : SshRelayStream [TX: 2 TXA: 0 RX: 2 AQ: 2]: Reconnecting...
Google.Solutions.Compute Verbose: 0 : SshRelayStream [TX: 2 TXA: 0 RX: 2 AQ: 2]: Reconnecting...
Google.Solutions.Compute Verbose: 0 : SshRelayStream [TX: 2 TXA: 0 RX: 2 AQ: 2]: Reconnecting...
Google.Solutions.Compute Verbose: 0 : SshRelayStream [TX: 2 TXA: 0 RX: 2 AQ: 2]: Reconnecting...
Google.Solutions.Compute Verbose: 0 : SshRelayStream [TX: 2 TXA: 0 RX: 2 AQ: 2]: Reconnecting...
Google.Solutions.Compute Verbose: 0 : SshRelayStream [TX: 2 TXA: 0 RX: 2 AQ: 2]: Reconnecting...
Google.Solutions.Compute Verbose: 0 : SshRelayStream [TX: 2 TXA: 0 RX: 2 AQ: 2]: Reconnecting...
Google.Solutions.Compute Verbose: 0 : SshRelayStream [TX: 2 TXA: 0 RX: 2 AQ: 2]: Reconnecting...
Google.Solutions.Compute Verbose: 0 : SshRelayStream [TX: 2 TXA: 0 RX: 2 AQ: 2]: Reconnecting...
Google.Solutions.Compute Verbose: 0 : SshRelayStream [TX: 2 TXA: 0 RX: 2 AQ: 2]: Reconnecting...
Google.Solutions.Compute Verbose: 0 : SshRelayStream [TX: 2 TXA: 0 RX: 2 AQ: 2]: Reconnecting...
Google.Solutions.Compute Verbose: 0 : SshRelayStream [TX: 2 TXA: 0 RX: 2 AQ: 1]: Resending DATA #0...
Google.Solutions.Compute Verbose: 0 : SshRelayStream [TX: 2 TXA: 0 RX: 2 AQ: 1]: Resending DATA #0...
Google.Solutions.Compute Verbose: 0 : SshRelayStream [TX: 2 TXA: 0 RX: 2 AQ: 1]: Resending DATA #0...
Google.Solutions.Compute Verbose: 0 : SshRelayStream [TX: 2 TXA: 0 RX: 2 AQ: 1]: Resending DATA #0...
Google.Solutions.Compute Verbose: 0 : SshRelayStream [TX: 2 TXA: 0 RX: 2 AQ: 1]: Resending DATA #0...
Google.Solutions.Compute Verbose: 0 : SshRelayStream [TX: 2 TXA: 0 RX: 2 AQ: 1]: Resending DATA #0...
Google.Solutions.Compute Verbose: 0 : SshRelayStream [TX: 2 TXA: 0 RX: 2 AQ: 1]: Resending DATA #0...
Google.Solutions.Compute Verbose: 0 : SshRelayStream [TX: 2 TXA: 0 RX: 2 AQ: 1]: Resending DATA #0...
Google.Solutions.Compute Verbose: 0 : SshRelayStream [TX: 2 TXA: 0 RX: 2 AQ: 1]: Resending DATA #0...
Google.Solutions.Compute Verbose: 0 : SshRelayStream [TX: 2 TXA: 0 RX: 2 AQ: 1]: Resending DATA #0...
Google.Solutions.Compute Verbose: 0 : SshRelayStream [TX: 2 TXA: 0 RX: 2 AQ: 1]: Resending DATA #0...
Google.Solutions.Compute Verbose: 0 : SshRelayStream [TX: 2 TXA: 0 RX: 2 AQ: 1]: Resending DATA #0...
Google.Solutions.Compute Verbose: 0 : SshRelayStream [TX: 2 TXA: 0 RX: 2 AQ: 1]: Resending DATA #0...
Google.Solutions.Compute Verbose: 0 : SshRelayStream [TX: 2 TXA: 0 RX: 2 AQ: 1]: Resending DATA #0...
Google.Solutions.Compute Verbose: 0 : SshRelayStream [TX: 2 TXA: 0 RX: 2 AQ: 1]: Resending DATA #0...
Google.Solutions.Compute Verbose: 0 : SshRelayStream [TX: 2 TXA: 0 RX: 2 AQ: 1]: Resending DATA #0...
Google.Solutions.Compute Verbose: 0 : SshRelayStream [TX: 2 TXA: 0 RX: 2 AQ: 1]: Resending DATA #0...
Google.Solutions.Compute Verbose: 0 : SshRelayStream [TX: 2 TXA: 0 RX: 2 AQ: 1]: Resending DATA #0...
Google.Solutions.Compute Verbose: 0 : SshRelayStream [TX: 2 TXA: 0 RX: 2 AQ: 1]: Resending DATA #0...
Google.Solutions.Compute Verbose: 0 : SshRelayStream [TX: 2 TXA: 0 RX: 2 AQ: 1]: Resending DATA #0...
Google.Solutions.Compute Verbose: 0 : SshRelayStream [TX: 2 TXA: 0 RX: 2 AQ: 1]: Resending DATA #0...
Google.Solutions.Compute Verbose: 0 : SshRelayStream [TX: 2 TXA: 0 RX: 2 AQ: 1]: Resending DATA #0...
Google.Solutions.Compute Verbose: 0 : SshRelayStream [TX: 2 TXA: 0 RX: 2 AQ: 1]: Resending DATA #0...
Google.Solutions.Compute Verbose: 0 : SshRelayStream [TX: 2 TXA: 0 RX: 2 AQ: 1]: Resending DATA #0...
Google.Solutions.Compute Verbose: 0 : SshRelayStream [TX: 2 TXA: 0 RX: 2 AQ: 1]: Resending DATA #0...
Google.Solutions.Compute Verbose: 0 : SshRelayStream [TX: 2 TXA: 0 RX: 2 AQ: 1]: Resending DATA #0...
Google.Solutions.Compute Verbose: 0 : SshRelayStream [TX: 2 TXA: 0 RX: 2 AQ: 1]: Resending DATA #0...
Google.Solutions.Compute Verbose: 0 : SshRelayStream [TX: 2 TXA: 0 RX: 2 AQ: 1]: Resending DATA #0...
Google.Solutions.Compute Verbose: 0 : SshRelayStream [TX: 2 TXA: 0 RX: 2 AQ: 1]: Resending DATA #0...
Google.Solutions.Compute Verbose: 0 : SshRelayStream [TX: 2 TXA: 0 RX: 2 AQ: 1]: Resending DATA #0...
Google.Solutions.Compute Verbose: 0 : SshRelayStream [TX: 2 TXA: 0 RX: 2 AQ: 1]: Resending DATA #0...
Google.Solutions.Compute Verbose: 0 : SshRelayStream [TX: 2 TXA: 0 RX: 2 AQ: 1]: Resending DATA #0...
Google.Solutions.Compute Verbose: 0 : SshRelayStream [TX: 2 TXA: 0 RX: 2 AQ: 1]: Resending DATA #0...
Google.Solutions.Compute Verbose: 0 : SshRelayStream [TX: 2 TXA: 0 RX: 2 AQ: 1]: Resending DATA #0...
Google.Solutions.Compute Verbose: 0 : SshRelayStream [TX: 2 TXA: 0 RX: 2 AQ: 1]: Resending DATA #0...
Google.Solutions.Compute Verbose: 0 : SshRelayStream [TX: 2 TXA: 0 RX: 2 AQ: 1]: Resending DATA #0...
Google.Solutions.Compute Verbose: 0 : SshRelayStream [TX: 2 TXA: 0 RX: 2 AQ: 1]: Resending DATA #0...
Google.Solutions.Compute Verbose: 0 : SshRelayStream [TX: 2 TXA: 0 RX: 2 AQ: 1]: Resending DATA #0...
Google.Solutions.Compute Verbose: 0 : SshRelayStream [TX: 2 TXA: 0 RX: 2 AQ: 1]: Resending DATA #0...
Google.Solutions.Compute Verbose: 0 : SshRelayStream [TX: 2 TXA: 0 RX: 2 AQ: 1]: Resending DATA #0...
Google.Solutions.Compute Verbose: 0 : SshRelayStream [TX: 2 TXA: 0 RX: 2 AQ: 1]: Resending DATA #0...
Google.Solutions.Compute Verbose: 0 : SshRelayStream [TX: 2 TXA: 0 RX: 2 AQ: 1]: Resending DATA #0...
Google.Solutions.Compute Verbose: 0 : SshRelayStream [TX: 2 TXA: 0 RX: 2 AQ: 1]: Resending DATA #0...
Google.Solutions.Compute Verbose: 0 : SshRelayStream [TX: 2 TXA: 0 RX: 2 AQ: 1]: Resending DATA #0...
Google.Solutions.Compute Verbose: 0 : SshRelayStream [TX: 2 TXA: 0 RX: 2 AQ: 1]: Resending DATA #0...
Google.Solutions.Compute Verbose: 0 : SshRelayStream [TX: 2 TXA: 0 RX: 2 AQ: 1]: Resending DATA #0...
Google.Solutions.Compute Verbose: 0 : SshRelayStream [TX: 2 TXA: 0 RX: 2 AQ: 1]: Resending DATA #0...
Google.Solutions.Compute Verbose: 0 : SshRelayStream [TX: 2 TXA: 0 RX: 2 AQ: 1]: Resending DATA #0...
Google.Solutions.Compute Verbose: 0 : SshRelayStream [TX: 2 TXA: 0 RX: 2 AQ: 1]: Resending DATA #0...
Google.Solutions.Compute Verbose: 0 : SshRelayStream [TX: 2 TXA: 0 RX: 2 AQ: 1]: Resending DATA #0...
Google.Solutions.Compute Verbose: 0 : SshRelayStream [TX: 2 TXA: 0 RX: 2 AQ: 1]: Resending DATA #0...
Google.Solutions.Compute Verbose: 0 : SshRelayStream [TX: 2 TXA: 0 RX: 2 AQ: 1]: Resending DATA #0...
Google.Solutions.Compute Verbose: 0 : SshRelayStream [TX: 2 TXA: 0 RX: 2 AQ: 1]: Resending DATA #0...
Google.Solutions.Compute Verbose: 0 : SshRelayStream [TX: 2 TXA: 0 RX: 2 AQ: 1]: Resending DATA #0...
Google.Solutions.Compute Verbose: 0 : SshRelayStream [TX: 2 TXA: 0 RX: 2 AQ: 1]: Resending DATA #0...
Google.Solutions.Compute Verbose: 0 : SshRelayStream [TX: 2 TXA: 0 RX: 2 AQ: 1]: Resending DATA #0...
Google.Solutions.Compute Verbose: 0 : SshRelayStream [TX: 2 TXA: 0 RX: 2 AQ: 1]: Resending DATA #0...
Google.Solutions.Compute Verbose: 0 : SshRelayStream [TX: 2 TXA: 0 RX: 2 AQ: 1]: Resending DATA #0...
Google.Solutions.Compute Verbose: 0 : SshRelayStream [TX: 2 TXA: 0 RX: 2 AQ: 1]: Resending DATA #0...
Google.Solutions.Compute Verbose: 0 : SshRelayStream [TX: 2 TXA: 0 RX: 2 AQ: 1]: Resending DATA #0...
Google.Solutions.Compute Verbose: 0 : SshRelayStream [TX: 2 TXA: 0 RX: 2 AQ: 0]: Resending DATA #1...
Google.Solutions.Compute Verbose: 0 : SshRelayStream [TX: 2 TXA: 0 RX: 2 AQ: 0]: Resending DATA #1...
Google.Solutions.Compute Verbose: 0 : SshRelayStream [TX: 2 TXA: 0 RX: 2 AQ: 0]: Resending DATA #1...
Google.Solutions.Compute Verbose: 0 : SshRelayStream [TX: 2 TXA: 0 RX: 2 AQ: 0]: Resending DATA #1...
Google.Solutions.Compute Verbose: 0 : SshRelayStream [TX: 2 TXA: 0 RX: 2 AQ: 0]: Resending DATA #1...
Google.Solutions.Compute Verbose: 0 : SshRelayStream [TX: 2 TXA: 0 RX: 2 AQ: 0]: Resending DATA #1...
Google.Solutions.Compute Verbose: 0 : SshRelayStream [TX: 2 TXA: 0 RX: 2 AQ: 0]: Resending DATA #1...
Google.Solutions.Compute Verbose: 0 : SshRelayStream [TX: 2 TXA: 0 RX: 2 AQ: 0]: Resending DATA #1...
Google.Solutions.Compute Verbose: 0 : SshRelayStream [TX: 2 TXA: 0 RX: 2 AQ: 0]: Resending DATA #1...
Google.Solutions.Compute Verbose: 0 : SshRelayStream [TX: 2 TXA: 0 RX: 2 AQ: 0]: Resending DATA #1...
Google.Solutions.Compute Verbose: 0 : SshRelayStream [TX: 2 TXA: 0 RX: 2 AQ: 0]: Resending DATA #1...
Google.Solutions.Compute Verbose: 0 : SshRelayStream [TX: 2 TXA: 0 RX: 2 AQ: 0]: Resending DATA #1...
Google.Solutions.Compute Verbose: 0 : SshRelayStream [TX: 2 TXA: 0 RX: 2 AQ: 0]: Resending DATA #1...
Google.Solutions.Compute Verbose: 0 : SshRelayStream [TX: 2 TXA: 0 RX: 2 AQ: 0]: Resending DATA #1...
Google.Solutions.Compute Verbose: 0 : SshRelayStream [TX: 2 TXA: 0 RX: 2 AQ: 0]: Resending DATA #1...
Google.Solutions.Compute Verbose: 0 : SshRelayStream [TX: 2 TXA: 0 RX: 2 AQ: 0]: Resending DATA #1...
Google.Solutions.Compute Verbose: 0 : SshRelayStream [TX: 2 TXA: 0 RX: 2 AQ: 0]: Resending DATA #1...
Google.Solutions.Compute Verbose: 0 : SshRelayStream [TX: 2 TXA: 0 RX: 2 AQ: 0]: Resending DATA #1...
Google.Solutions.Compute Verbose: 0 : SshRelayStream [TX: 2 TXA: 0 RX: 2 AQ: 0]: Resending DATA #1...
Google.Solutions.Compute Verbose: 0 : SshRelayStream [TX: 2 TXA: 0 RX: 2 AQ: 0]: Resending DATA #1...
Google.Solutions.Compute Verbose: 0 : SshRelayStream [TX: 2 TXA: 0 RX: 2 AQ: 0]: Resending DATA #1...
Google.Solutions.Compute Verbose: 0 : SshRelayStream [TX: 2 TXA: 0 RX: 2 AQ: 0]: Resending DATA #1...
Google.Solutions.Compute Verbose: 0 : SshRelayStream [TX: 2 TXA: 0 RX: 2 AQ: 0]: Resending DATA #1...
Google.Solutions.Compute Verbose: 0 : SshRelayStream [TX: 2 TXA: 0 RX: 2 AQ: 0]: Resending DATA #1...
Google.Solutions.Compute Verbose: 0 : SshRelayStream [TX: 2 TXA: 0 RX: 2 AQ: 0]: Resending DATA #1...
Google.Solutions.Compute Verbose: 0 : SshRelayStream [TX: 2 TXA: 0 RX: 2 AQ: 0]: Resending DATA #1...
Google.Solutions.Compute Verbose: 0 : SshRelayStream [TX: 2 TXA: 0 RX: 2 AQ: 0]: Resending DATA #1...
Google.Solutions.Compute Verbose: 0 : SshRelayStream [TX: 2 TXA: 0 RX: 2 AQ: 0]: Resending DATA #1...
Google.Solutions.Compute Verbose: 0 : SshRelayStream [TX: 2 TXA: 0 RX: 2 AQ: 0]: Resending DATA #1...
Google.Solutions.Compute Verbose: 0 : SshRelayStream [TX: 2 TXA: 0 RX: 2 AQ: 0]: Resending DATA #1...
Google.Solutions.Compute Verbose: 0 : SshRelayStream [TX: 2 TXA: 0 RX: 2 AQ: 0]: Resending DATA #1...
Google.Solutions.Compute Verbose: 0 : SshRelayStream [TX: 2 TXA: 0 RX: 2 AQ: 0]: Resending DATA #1...
Google.Solutions.Compute Verbose: 0 : SshRelayStream [TX: 2 TXA: 0 RX: 2 AQ: 0]: Resending DATA #1...
Google.Solutions.Compute Verbose: 0 : SshRelayStream [TX: 2 TXA: 0 RX: 2 AQ: 0]: Resending DATA #1...
Google.Solutions.Compute Verbose: 0 : SshRelayStream [TX: 2 TXA: 0 RX: 2 AQ: 0]: Resending DATA #1...
Google.Solutions.Compute Verbose: 0 : SshRelayStream [TX: 2 TXA: 0 RX: 2 AQ: 0]: Resending DATA #1...
Google.Solutions.Compute Verbose: 0 : SshRelayStream [TX: 2 TXA: 0 RX: 2 AQ: 0]: Resending DATA #1...
Google.Solutions.Compute Verbose: 0 : SshRelayStream [TX: 2 TXA: 0 RX: 2 AQ: 0]: Resending DATA #1...
Google.Solutions.Compute Verbose: 0 : SshRelayStream [TX: 2 TXA: 0 RX: 2 AQ: 0]: Resending DATA #1...
Google.Solutions.Compute Verbose: 0 : SshRelayStream [TX: 2 TXA: 0 RX: 2 AQ: 0]: Resending DATA #1...
Google.Solutions.Compute Verbose: 0 : SshRelayStream [TX: 2 TXA: 0 RX: 2 AQ: 0]: Resending DATA #1...
Google.Solutions.Compute Verbose: 0 : SshRelayStream [TX: 2 TXA: 0 RX: 2 AQ: 0]: Resending DATA #1...
Google.Solutions.Compute Verbose: 0 : SshRelayStream [TX: 2 TXA: 0 RX: 2 AQ: 0]: Resending DATA #1...
Google.Solutions.Compute Verbose: 0 : SshRelayStream [TX: 2 TXA: 0 RX: 2 AQ: 0]: Resending DATA #1...
Google.Solutions.Compute Verbose: 0 : SshRelayStream [TX: 2 TXA: 0 RX: 2 AQ: 0]: Resending DATA #1...
Google.Solutions.Compute Verbose: 0 : SshRelayStream [TX: 2 TXA: 0 RX: 2 AQ: 0]: Resending DATA #1...
Google.Solutions.Compute Verbose: 0 : SshRelayStream [TX: 2 TXA: 0 RX: 2 AQ: 0]: Resending DATA #1...
Google.Solutions.Compute Verbose: 0 : SshRelayStream [TX: 2 TXA: 0 RX: 2 AQ: 0]: Resending DATA #1...
Google.Solutions.Compute Verbose: 0 : SshRelayStream [TX: 2 TXA: 0 RX: 2 AQ: 0]: Resending DATA #1...
Google.Solutions.Compute Verbose: 0 : SshRelayStream [TX: 2 TXA: 0 RX: 2 AQ: 0]: Resending DATA #1...
Google.Solutions.Compute Verbose: 0 : SshRelayStream [TX: 2 TXA: 0 RX: 2 AQ: 0]: Resending DATA #1...
Google.Solutions.Compute Verbose: 0 : SshRelayStream [TX: 2 TXA: 0 RX: 2 AQ: 0]: Resending DATA #1...
Google.Solutions.Compute Verbose: 0 : SshRelayStream [TX: 2 TXA: 0 RX: 2 AQ: 0]: Resending DATA #1...
Google.Solutions.Compute Verbose: 0 : SshRelayStream [TX: 2 TXA: 0 RX: 2 AQ: 0]: Resending DATA #1...
Google.Solutions.Compute Verbose: 0 : SshRelayStream [TX: 2 TXA: 0 RX: 2 AQ: 0]: Resending DATA #1...
Google.Solutions.Compute Verbose: 0 : SshRelayStream [TX: 2 TXA: 0 RX: 2 AQ: 0]: Resending DATA #1...
Google.Solutions.Compute Verbose: 0 : SshRelayStream [TX: 2 TXA: 0 RX: 2 AQ: 0]: Resending DATA #1...
Google.Solutions.Compute Verbose: 0 : SshRelayStream [TX: 2 TXA: 0 RX: 2 AQ: 0]: Resending DATA #1...
Google.Solutions.Compute Verbose: 0 : SshRelayStream [TX: 2 TXA: 0 RX: 2 AQ: 0]: Resending DATA #1...
Google.Solutions.Compute Verbose: 0 : SshRelayStream [TX: 2 TXA: 0 RX: 2 AQ: 0]: Resending DATA #1...
Google.Solutions.Compute Verbose: 0 : SshRelayStream [TX: 2 TXA: 0 RX: 2 AQ: 0]: Sending DATA #2...
Google.Solutions.Compute Verbose: 0 : SshRelayStream [TX: 2 TXA: 0 RX: 2 AQ: 0]: Sending DATA #2...
Google.Solutions.Compute Verbose: 0 : SshRelayStream [TX: 2 TXA: 0 RX: 2 AQ: 0]: Sending DATA #2...
Google.Solutions.Compute Verbose: 0 : SshRelayStream [TX: 2 TXA: 0 RX: 2 AQ: 0]: Sending DATA #2...
Google.Solutions.Compute Verbose: 0 : SshRelayStream [TX: 2 TXA: 0 RX: 2 AQ: 0]: Sending DATA #2...
Google.Solutions.Compute Verbose: 0 : SshRelayStream [TX: 2 TXA: 0 RX: 2 AQ: 0]: Sending DATA #2...
Google.Solutions.Compute Verbose: 0 : SshRelayStream [TX: 2 TXA: 0 RX: 2 AQ: 0]: Sending DATA #2...
Google.Solutions.Compute Verbose: 0 : SshRelayStream [TX: 2 TXA: 0 RX: 2 AQ: 0]: Sending DATA #2...
Google.Solutions.Compute Verbose: 0 : SshRelayStream [TX: 2 TXA: 0 RX: 2 AQ: 0]: Sending DATA #2...
Google.Solutions.Compute Verbose: 0 : SshRelayStream [TX: 2 TXA: 0 RX: 2 AQ: 0]: Sending DATA #2...
Google.Solutions.Compute Verbose: 0 : SshRelayStream [TX: 2 TXA: 0 RX: 2 AQ: 0]: Sending DATA #2...
Google.Solutions.Compute Verbose: 0 : SshRelayStream [TX: 2 TXA: 0 RX: 2 AQ: 0]: Sending DATA #2...
Google.Solutions.Compute Verbose: 0 : SshRelayStream [TX: 2 TXA: 0 RX: 2 AQ: 0]: Sending DATA #2...
Google.Solutions.Compute Verbose: 0 : SshRelayStream [TX: 2 TXA: 0 RX: 2 AQ: 0]: Sending DATA #2...
Google.Solutions.Compute Verbose: 0 : SshRelayStream [TX: 2 TXA: 0 RX: 2 AQ: 0]: Sending DATA #2...
Google.Solutions.Compute Verbose: 0 : SshRelayStream [TX: 2 TXA: 0 RX: 2 AQ: 0]: Sending DATA #2...
Google.Solutions.Compute Verbose: 0 : SshRelayStream [TX: 2 TXA: 0 RX: 2 AQ: 0]: Sending DATA #2...
Google.Solutions.Compute Verbose: 0 : SshRelayStream [TX: 2 TXA: 0 RX: 2 AQ: 0]: Sending DATA #2...
Google.Solutions.Compute Verbose: 0 : SshRelayStream [TX: 2 TXA: 0 RX: 2 AQ: 0]: Sending DATA #2...
Google.Solutions.Compute Verbose: 0 : SshRelayStream [TX: 2 TXA: 0 RX: 2 AQ: 0]: Sending DATA #2...
Google.Solutions.Compute Verbose: 0 : SshRelayStream [TX: 2 TXA: 0 RX: 2 AQ: 0]: Sending DATA #2...
Google.Solutions.Compute Verbose: 0 : SshRelayStream [TX: 2 TXA: 0 RX: 2 AQ: 0]: Sending DATA #2...
Google.Solutions.Compute Verbose: 0 : SshRelayStream [TX: 2 TXA: 0 RX: 2 AQ: 0]: Sending DATA #2...
Google.Solutions.Compute Verbose: 0 : SshRelayStream [TX: 2 TXA: 0 RX: 2 AQ: 0]: Sending DATA #2...
Google.Solutions.Compute Verbose: 0 : SshRelayStream [TX: 2 TXA: 0 RX: 2 AQ: 0]: Sending DATA #2...
Google.Solutions.Compute Verbose: 0 : SshRelayStream [TX: 2 TXA: 0 RX: 2 AQ: 0]: Sending DATA #2...
Google.Solutions.Compute Verbose: 0 : SshRelayStream [TX: 2 TXA: 0 RX: 2 AQ: 0]: Sending DATA #2...
Google.Solutions.Compute Verbose: 0 : SshRelayStream [TX: 2 TXA: 0 RX: 2 AQ: 0]: Sending DATA #2...
Google.Solutions.Compute Verbose: 0 : SshRelayStream [TX: 2 TXA: 0 RX: 2 AQ: 0]: Sending DATA #2...
Google.Solutions.Compute Verbose: 0 : SshRelayStream [TX: 2 TXA: 0 RX: 2 AQ: 0]: Sending DATA #2...
Google.Solutions.Compute Verbose: 0 : SshRelayStream [TX: 2 TXA: 0 RX: 2 AQ: 0]: Sending DATA #2...
Google.Solutions.Compute Verbose: 0 : SshRelayStream [TX: 2 TXA: 0 RX: 2 AQ: 0]: Sending DATA #2...
Google.Solutions.Compute Verbose: 0 : SshRelayStream [TX: 2 TXA: 0 RX: 2 AQ: 0]: Sending DATA #2...
Google.Solutions.Compute Verbose: 0 : SshRelayStream [TX: 2 TXA: 0 RX: 2 AQ: 0]: Sending DATA #2...
Google.Solutions.Compute Verbose: 0 : SshRelayStream [TX: 2 TXA: 0 RX: 2 AQ: 0]: Sending DATA #2...
Google.Solutions.Compute Verbose: 0 : SshRelayStream [TX: 2 TXA: 0 RX: 2 AQ: 0]: Sending DATA #2...
Google.Solutions.Compute Verbose: 0 : SshRelayStream [TX: 2 TXA: 0 RX: 2 AQ: 0]: Sending DATA #2...
Google.Solutions.Compute Verbose: 0 : SshRelayStream [TX: 2 TXA: 0 RX: 2 AQ: 0]: Sending DATA #2...
Google.Solutions.Compute Verbose: 0 : SshRelayStream [TX: 2 TXA: 0 RX: 2 AQ: 0]: Sending DATA #2...
Google.Solutions.Compute Verbose: 0 : SshRelayStream [TX: 2 TXA: 0 RX: 2 AQ: 0]: Sending DATA #2...
Google.Solutions.Compute Verbose: 0 : SshRelayStream [TX: 2 TXA: 0 RX: 2 AQ: 0]: Sending DATA #2...
Google.Solutions.Compute Verbose: 0 : SshRelayStream [TX: 2 TXA: 0 RX: 2 AQ: 0]: Sending DATA #2...
Google.Solutions.Compute Verbose: 0 : SshRelayStream [TX: 2 TXA: 0 RX: 2 AQ: 0]: Sending DATA #2...
Google.Solutions.Compute Verbose: 0 : SshRelayStream [TX: 2 TXA: 0 RX: 2 AQ: 0]: Sending DATA #2...
Google.Solutions.Compute Verbose: 0 : SshRelayStream [TX: 2 TXA: 0 RX: 2 AQ: 0]: Sending DATA #2...
Google.Solutions.Compute Verbose: 0 : SshRelayStream [TX: 2 TXA: 0 RX: 2 AQ: 0]: Sending DATA #2...
Google.Solutions.Compute Verbose: 0 : SshRelayStream [TX: 2 TXA: 0 RX: 2 AQ: 0]: Sending DATA #2...
Google.Solutions.Compute Verbose: 0 : SshRelayStream [TX: 2 TXA: 0 RX: 2 AQ: 0]: Sending DATA #2...
Google.Solutions.Compute Verbose: 0 : SshRelayStream [TX: 2 TXA: 0 RX: 2 AQ: 0]: Sending DATA #2...
Google.Solutions.Compute Verbose: 0 : SshRelayStream [TX: 2 TXA: 0 RX: 2 AQ: 0]: Sending DATA #2...
Google.Solutions.Compute Verbose: 0 : SshRelayStream [TX: 2 TXA: 0 RX: 2 AQ: 0]: Sending DATA #2...
Google.Solutions.Compute Verbose: 0 : SshRelayStream [TX: 2 TXA: 0 RX: 2 AQ: 0]: Sending DATA #2...
Google.Solutions.Compute Verbose: 0 : SshRelayStream [TX: 2 TXA: 0 RX: 2 AQ: 0]: Sending DATA #2...
Google.Solutions.Compute Verbose: 0 : SshRelayStream [TX: 2 TXA: 0 RX: 2 AQ: 0]: Sending DATA #2...
Google.Solutions.Compute Verbose: 0 : SshRelayStream [TX: 2 TXA: 0 RX: 2 AQ: 0]: Sending DATA #2...
Google.Solutions.Compute Verbose: 0 : SshRelayStream [TX: 2 TXA: 0 RX: 2 AQ: 0]: Sending DATA #2...
Google.Solutions.Compute Verbose: 0 : SshRelayStream [TX: 2 TXA: 0 RX: 2 AQ: 0]: Sending DATA #2...
Google.Solutions.Compute Verbose: 0 : SshRelayStream [TX: 2 TXA: 0 RX: 2 AQ: 0]: Sending DATA #2...
Google.Solutions.Compute Verbose: 0 : SshRelayStream [TX: 2 TXA: 0 RX: 2 AQ: 0]: Sending DATA #2...
Google.Solutions.Compute Verbose: 0 : SshRelayStream [TX: 2 TXA: 0 RX: 2 AQ: 0]: Sending DATA #2...
</system-out></testcase><testcase name="WriteAfterForcefulServerCloseCausesReconnectAndDataBeingResentIfDataReadBefore(4005)" assertions="9" time="0.001389" status="Passed" classname="Google.Solutions.Compute.Test.Iap.TestSshRelayStreamWriting"><system-out>Google.Solutions.Compute Verbose: 0 : SshRelayStream [TX: 0 TXA: 0 RX: 0 AQ: 0]: Connecting...
Google.Solutions.Compute Verbose: 0 : SshRelayStream [TX: 0 TXA: 0 RX: 0 AQ: 0]: Connecting...
Google.Solutions.Compute Verbose: 0 : SshRelayStream [TX: 0 TXA: 0 RX: 0 AQ: 0]: Connecting...
Google.Solutions.Compute Verbose: 0 : SshRelayStream [TX: 0 TXA: 0 RX: 0 AQ: 0]: Connecting...
Google.Solutions.Compute Verbose: 0 : SshRelayStream [TX: 0 TXA: 0 RX: 0 AQ: 0]: Connecting...
Google.Solutions.Compute Verbose: 0 : SshRelayStream [TX: 0 TXA: 0 RX: 0 AQ: 0]: Connecting...
Google.Solutions.Compute Verbose: 0 : SshRelayStream [TX: 0 TXA: 0 RX: 0 AQ: 0]: Connecting...
Google.Solutions.Compute Verbose: 0 : SshRelayStream [TX: 0 TXA: 0 RX: 0 AQ: 0]: Connecting...
Google.Solutions.Compute Verbose: 0 : SshRelayStream [TX: 0 TXA: 0 RX: 0 AQ: 0]: Connecting...
Google.Solutions.Compute Verbose: 0 : SshRelayStream [TX: 0 TXA: 0 RX: 0 AQ: 0]: Connecting...
Google.Solutions.Compute Verbose: 0 : SshRelayStream [TX: 0 TXA: 0 RX: 0 AQ: 0]: Connecting...
Google.Solutions.Compute Verbose: 0 : SshRelayStream [TX: 0 TXA: 0 RX: 0 AQ: 0]: Connecting...
Google.Solutions.Compute Verbose: 0 : SshRelayStream [TX: 0 TXA: 0 RX: 0 AQ: 0]: Connecting...
Google.Solutions.Compute Verbose: 0 : SshRelayStream [TX: 0 TXA: 0 RX: 0 AQ: 0]: Connecting...
Google.Solutions.Compute Verbose: 0 : SshRelayStream [TX: 0 TXA: 0 RX: 0 AQ: 0]: Connecting...
Google.Solutions.Compute Verbose: 0 : SshRelayStream [TX: 0 TXA: 0 RX: 0 AQ: 0]: Connecting...
Google.Solutions.Compute Verbose: 0 : SshRelayStream [TX: 0 TXA: 0 RX: 0 AQ: 0]: Connecting...
Google.Solutions.Compute Verbose: 0 : SshRelayStream [TX: 0 TXA: 0 RX: 0 AQ: 0]: Connecting...
Google.Solutions.Compute Verbose: 0 : SshRelayStream [TX: 0 TXA: 0 RX: 0 AQ: 0]: Connecting...
Google.Solutions.Compute Verbose: 0 : SshRelayStream [TX: 0 TXA: 0 RX: 0 AQ: 0]: Connecting...
Google.Solutions.Compute Verbose: 0 : SshRelayStream [TX: 0 TXA: 0 RX: 0 AQ: 0]: Connecting...
Google.Solutions.Compute Verbose: 0 : SshRelayStream [TX: 0 TXA: 0 RX: 0 AQ: 0]: Connecting...
Google.Solutions.Compute Verbose: 0 : SshRelayStream [TX: 0 TXA: 0 RX: 0 AQ: 0]: Connecting...
Google.Solutions.Compute Verbose: 0 : SshRelayStream [TX: 0 TXA: 0 RX: 0 AQ: 0]: Connecting...
Google.Solutions.Compute Verbose: 0 : SshRelayStream [TX: 0 TXA: 0 RX: 0 AQ: 0]: Connecting...
Google.Solutions.Compute Verbose: 0 : SshRelayStream [TX: 0 TXA: 0 RX: 0 AQ: 0]: Connecting...
Google.Solutions.Compute Verbose: 0 : SshRelayStream [TX: 0 TXA: 0 RX: 0 AQ: 0]: Connecting...
Google.Solutions.Compute Verbose: 0 : SshRelayStream [TX: 0 TXA: 0 RX: 0 AQ: 0]: Connecting...
Google.Solutions.Compute Verbose: 0 : SshRelayStream [TX: 0 TXA: 0 RX: 0 AQ: 0]: Connecting...
Google.Solutions.Compute Verbose: 0 : SshRelayStream [TX: 0 TXA: 0 RX: 0 AQ: 0]: Connecting...
Google.Solutions.Compute Verbose: 0 : SshRelayStream [TX: 0 TXA: 0 RX: 0 AQ: 0]: Connecting...
Google.Solutions.Compute Verbose: 0 : SshRelayStream [TX: 0 TXA: 0 RX: 0 AQ: 0]: Connecting...
Google.Solutions.Compute Verbose: 0 : SshRelayStream [TX: 0 TXA: 0 RX: 0 AQ: 0]: Connecting...
Google.Solutions.Compute Verbose: 0 : SshRelayStream [TX: 0 TXA: 0 RX: 0 AQ: 0]: Connecting...
Google.Solutions.Compute Verbose: 0 : SshRelayStream [TX: 0 TXA: 0 RX: 0 AQ: 0]: Connecting...
Google.Solutions.Compute Verbose: 0 : SshRelayStream [TX: 0 TXA: 0 RX: 0 AQ: 0]: Connecting...
Google.Solutions.Compute Verbose: 0 : SshRelayStream [TX: 0 TXA: 0 RX: 0 AQ: 0]: Connecting...
Google.Solutions.Compute Verbose: 0 : SshRelayStream [TX: 0 TXA: 0 RX: 0 AQ: 0]: Connecting...
Google.Solutions.Compute Verbose: 0 : SshRelayStream [TX: 0 TXA: 0 RX: 0 AQ: 0]: Connecting...
Google.Solutions.Compute Verbose: 0 : SshRelayStream [TX: 0 TXA: 0 RX: 0 AQ: 0]: Connecting...
Google.Solutions.Compute Verbose: 0 : SshRelayStream [TX: 0 TXA: 0 RX: 0 AQ: 0]: Connecting...
Google.Solutions.Compute Verbose: 0 : SshRelayStream [TX: 0 TXA: 0 RX: 0 AQ: 0]: Connecting...
Google.Solutions.Compute Verbose: 0 : SshRelayStream [TX: 0 TXA: 0 RX: 0 AQ: 0]: Connecting...
Google.Solutions.Compute Verbose: 0 : SshRelayStream [TX: 0 TXA: 0 RX: 0 AQ: 0]: Connecting...
Google.Solutions.Compute Verbose: 0 : SshRelayStream [TX: 0 TXA: 0 RX: 0 AQ: 0]: Connecting...
Google.Solutions.Compute Verbose: 0 : SshRelayStream [TX: 0 TXA: 0 RX: 0 AQ: 0]: Connecting...
Google.Solutions.Compute Verbose: 0 : SshRelayStream [TX: 0 TXA: 0 RX: 0 AQ: 0]: Connecting...
Google.Solutions.Compute Verbose: 0 : SshRelayStream [TX: 0 TXA: 0 RX: 0 AQ: 0]: Connecting...
Google.Solutions.Compute Verbose: 0 : SshRelayStream [TX: 0 TXA: 0 RX: 0 AQ: 0]: Connecting...
Google.Solutions.Compute Verbose: 0 : SshRelayStream [TX: 0 TXA: 0 RX: 0 AQ: 0]: Connecting...
Google.Solutions.Compute Verbose: 0 : SshRelayStream [TX: 0 TXA: 0 RX: 0 AQ: 0]: Connecting...
Google.Solutions.Compute Verbose: 0 : SshRelayStream [TX: 0 TXA: 0 RX: 0 AQ: 0]: Connecting...
Google.Solutions.Compute Verbose: 0 : SshRelayStream [TX: 0 TXA: 0 RX: 0 AQ: 0]: Connecting...
Google.Solutions.Compute Verbose: 0 : SshRelayStream [TX: 0 TXA: 0 RX: 0 AQ: 0]: Connecting...
Google.Solutions.Compute Verbose: 0 : SshRelayStream [TX: 0 TXA: 0 RX: 0 AQ: 0]: Connecting...
Google.Solutions.Compute Verbose: 0 : SshRelayStream [TX: 0 TXA: 0 RX: 0 AQ: 0]: Connecting...
Google.Solutions.Compute Verbose: 0 : SshRelayStream [TX: 0 TXA: 0 RX: 0 AQ: 0]: Connecting...
Google.Solutions.Compute Verbose: 0 : SshRelayStream [TX: 0 TXA: 0 RX: 0 AQ: 0]: Connecting...
Google.Solutions.Compute Verbose: 0 : SshRelayStream [TX: 0 TXA: 0 RX: 0 AQ: 0]: Connecting...
Google.Solutions.Compute Verbose: 0 : SshRelayStream [TX: 0 TXA: 0 RX: 0 AQ: 0]: Connecting...
Google.Solutions.Compute Verbose: 0 : SshRelayStream [TX: 0 TXA: 0 RX: 0 AQ: 0]: Connecting...
Google.Solutions.Compute Verbose: 0 : SshRelayStream [TX: 0 TXA: 0 RX: 0 AQ: 0]: Sending DATA #0...
Google.Solutions.Compute Verbose: 0 : SshRelayStream [TX: 0 TXA: 0 RX: 0 AQ: 0]: Sending DATA #0...
Google.Solutions.Compute Verbose: 0 : SshRelayStream [TX: 0 TXA: 0 RX: 0 AQ: 0]: Sending DATA #0...
Google.Solutions.Compute Verbose: 0 : SshRelayStream [TX: 0 TXA: 0 RX: 0 AQ: 0]: Sending DATA #0...
Google.Solutions.Compute Verbose: 0 : SshRelayStream [TX: 0 TXA: 0 RX: 0 AQ: 0]: Sending DATA #0...
Google.Solutions.Compute Verbose: 0 : SshRelayStream [TX: 0 TXA: 0 RX: 0 AQ: 0]: Sending DATA #0...
Google.Solutions.Compute Verbose: 0 : SshRelayStream [TX: 0 TXA: 0 RX: 0 AQ: 0]: Sending DATA #0...
Google.Solutions.Compute Verbose: 0 : SshRelayStream [TX: 0 TXA: 0 RX: 0 AQ: 0]: Sending DATA #0...
Google.Solutions.Compute Verbose: 0 : SshRelayStream [TX: 0 TXA: 0 RX: 0 AQ: 0]: Sending DATA #0...
Google.Solutions.Compute Verbose: 0 : SshRelayStream [TX: 0 TXA: 0 RX: 0 AQ: 0]: Sending DATA #0...
Google.Solutions.Compute Verbose: 0 : SshRelayStream [TX: 0 TXA: 0 RX: 0 AQ: 0]: Sending DATA #0...
Google.Solutions.Compute Verbose: 0 : SshRelayStream [TX: 0 TXA: 0 RX: 0 AQ: 0]: Sending DATA #0...
Google.Solutions.Compute Verbose: 0 : SshRelayStream [TX: 0 TXA: 0 RX: 0 AQ: 0]: Sending DATA #0...
Google.Solutions.Compute Verbose: 0 : SshRelayStream [TX: 0 TXA: 0 RX: 0 AQ: 0]: Sending DATA #0...
Google.Solutions.Compute Verbose: 0 : SshRelayStream [TX: 0 TXA: 0 RX: 0 AQ: 0]: Sending DATA #0...
Google.Solutions.Compute Verbose: 0 : SshRelayStream [TX: 0 TXA: 0 RX: 0 AQ: 0]: Sending DATA #0...
Google.Solutions.Compute Verbose: 0 : SshRelayStream [TX: 0 TXA: 0 RX: 0 AQ: 0]: Sending DATA #0...
Google.Solutions.Compute Verbose: 0 : SshRelayStream [TX: 0 TXA: 0 RX: 0 AQ: 0]: Sending DATA #0...
Google.Solutions.Compute Verbose: 0 : SshRelayStream [TX: 0 TXA: 0 RX: 0 AQ: 0]: Sending DATA #0...
Google.Solutions.Compute Verbose: 0 : SshRelayStream [TX: 0 TXA: 0 RX: 0 AQ: 0]: Sending DATA #0...
Google.Solutions.Compute Verbose: 0 : SshRelayStream [TX: 0 TXA: 0 RX: 0 AQ: 0]: Sending DATA #0...
Google.Solutions.Compute Verbose: 0 : SshRelayStream [TX: 0 TXA: 0 RX: 0 AQ: 0]: Sending DATA #0...
Google.Solutions.Compute Verbose: 0 : SshRelayStream [TX: 0 TXA: 0 RX: 0 AQ: 0]: Sending DATA #0...
Google.Solutions.Compute Verbose: 0 : SshRelayStream [TX: 0 TXA: 0 RX: 0 AQ: 0]: Sending DATA #0...
Google.Solutions.Compute Verbose: 0 : SshRelayStream [TX: 0 TXA: 0 RX: 0 AQ: 0]: Sending DATA #0...
Google.Solutions.Compute Verbose: 0 : SshRelayStream [TX: 0 TXA: 0 RX: 0 AQ: 0]: Sending DATA #0...
Google.Solutions.Compute Verbose: 0 : SshRelayStream [TX: 0 TXA: 0 RX: 0 AQ: 0]: Sending DATA #0...
Google.Solutions.Compute Verbose: 0 : SshRelayStream [TX: 0 TXA: 0 RX: 0 AQ: 0]: Sending DATA #0...
Google.Solutions.Compute Verbose: 0 : SshRelayStream [TX: 0 TXA: 0 RX: 0 AQ: 0]: Sending DATA #0...
Google.Solutions.Compute Verbose: 0 : SshRelayStream [TX: 0 TXA: 0 RX: 0 AQ: 0]: Sending DATA #0...
Google.Solutions.Compute Verbose: 0 : SshRelayStream [TX: 0 TXA: 0 RX: 0 AQ: 0]: Sending DATA #0...
Google.Solutions.Compute Verbose: 0 : SshRelayStream [TX: 0 TXA: 0 RX: 0 AQ: 0]: Sending DATA #0...
Google.Solutions.Compute Verbose: 0 : SshRelayStream [TX: 0 TXA: 0 RX: 0 AQ: 0]: Sending DATA #0...
Google.Solutions.Compute Verbose: 0 : SshRelayStream [TX: 0 TXA: 0 RX: 0 AQ: 0]: Sending DATA #0...
Google.Solutions.Compute Verbose: 0 : SshRelayStream [TX: 0 TXA: 0 RX: 0 AQ: 0]: Sending DATA #0...
Google.Solutions.Compute Verbose: 0 : SshRelayStream [TX: 0 TXA: 0 RX: 0 AQ: 0]: Sending DATA #0...
Google.Solutions.Compute Verbose: 0 : SshRelayStream [TX: 0 TXA: 0 RX: 0 AQ: 0]: Sending DATA #0...
Google.Solutions.Compute Verbose: 0 : SshRelayStream [TX: 0 TXA: 0 RX: 0 AQ: 0]: Sending DATA #0...
Google.Solutions.Compute Verbose: 0 : SshRelayStream [TX: 0 TXA: 0 RX: 0 AQ: 0]: Sending DATA #0...
Google.Solutions.Compute Verbose: 0 : SshRelayStream [TX: 0 TXA: 0 RX: 0 AQ: 0]: Sending DATA #0...
Google.Solutions.Compute Verbose: 0 : SshRelayStream [TX: 0 TXA: 0 RX: 0 AQ: 0]: Sending DATA #0...
Google.Solutions.Compute Verbose: 0 : SshRelayStream [TX: 0 TXA: 0 RX: 0 AQ: 0]: Sending DATA #0...
Google.Solutions.Compute Verbose: 0 : SshRelayStream [TX: 0 TXA: 0 RX: 0 AQ: 0]: Sending DATA #0...
Google.Solutions.Compute Verbose: 0 : SshRelayStream [TX: 0 TXA: 0 RX: 0 AQ: 0]: Sending DATA #0...
Google.Solutions.Compute Verbose: 0 : SshRelayStream [TX: 0 TXA: 0 RX: 0 AQ: 0]: Sending DATA #0...
Google.Solutions.Compute Verbose: 0 : SshRelayStream [TX: 0 TXA: 0 RX: 0 AQ: 0]: Sending DATA #0...
Google.Solutions.Compute Verbose: 0 : SshRelayStream [TX: 0 TXA: 0 RX: 0 AQ: 0]: Sending DATA #0...
Google.Solutions.Compute Verbose: 0 : SshRelayStream [TX: 0 TXA: 0 RX: 0 AQ: 0]: Sending DATA #0...
Google.Solutions.Compute Verbose: 0 : SshRelayStream [TX: 0 TXA: 0 RX: 0 AQ: 0]: Sending DATA #0...
Google.Solutions.Compute Verbose: 0 : SshRelayStream [TX: 0 TXA: 0 RX: 0 AQ: 0]: Sending DATA #0...
Google.Solutions.Compute Verbose: 0 : SshRelayStream [TX: 0 TXA: 0 RX: 0 AQ: 0]: Sending DATA #0...
Google.Solutions.Compute Verbose: 0 : SshRelayStream [TX: 0 TXA: 0 RX: 0 AQ: 0]: Sending DATA #0...
Google.Solutions.Compute Verbose: 0 : SshRelayStream [TX: 0 TXA: 0 RX: 0 AQ: 0]: Sending DATA #0...
Google.Solutions.Compute Verbose: 0 : SshRelayStream [TX: 0 TXA: 0 RX: 0 AQ: 0]: Sending DATA #0...
Google.Solutions.Compute Verbose: 0 : SshRelayStream [TX: 0 TXA: 0 RX: 0 AQ: 0]: Sending DATA #0...
Google.Solutions.Compute Verbose: 0 : SshRelayStream [TX: 0 TXA: 0 RX: 0 AQ: 0]: Sending DATA #0...
Google.Solutions.Compute Verbose: 0 : SshRelayStream [TX: 0 TXA: 0 RX: 0 AQ: 0]: Sending DATA #0...
Google.Solutions.Compute Verbose: 0 : SshRelayStream [TX: 0 TXA: 0 RX: 0 AQ: 0]: Sending DATA #0...
Google.Solutions.Compute Verbose: 0 : SshRelayStream [TX: 0 TXA: 0 RX: 0 AQ: 0]: Sending DATA #0...
Google.Solutions.Compute Verbose: 0 : SshRelayStream [TX: 0 TXA: 0 RX: 0 AQ: 0]: Sending DATA #0...
Google.Solutions.Compute Verbose: 0 : SshRelayStream [TX: 0 TXA: 0 RX: 0 AQ: 0]: Sending DATA #0...
Google.Solutions.Compute Verbose: 0 : SshRelayStream [TX: 1 TXA: 0 RX: 0 AQ: 1]: Connected session &lt;\u0000&gt;
Google.Solutions.Compute Verbose: 0 : SshRelayStream [TX: 1 TXA: 0 RX: 0 AQ: 1]: Connected session &lt;\u0000&gt;
Google.Solutions.Compute Verbose: 0 : SshRelayStream [TX: 1 TXA: 0 RX: 0 AQ: 1]: Connected session &lt;\u0000&gt;
Google.Solutions.Compute Verbose: 0 : SshRelayStream [TX: 1 TXA: 0 RX: 0 AQ: 1]: Connected session &lt;\u0000&gt;
Google.Solutions.Compute Verbose: 0 : SshRelayStream [TX: 1 TXA: 0 RX: 0 AQ: 1]: Connected session &lt;\u0000&gt;
Google.Solutions.Compute Verbose: 0 : SshRelayStream [TX: 1 TXA: 0 RX: 0 AQ: 1]: Connected session &lt;\u0000&gt;
Google.Solutions.Compute Verbose: 0 : SshRelayStream [TX: 1 TXA: 0 RX: 0 AQ: 1]: Connected session &lt;\u0000&gt;
Google.Solutions.Compute Verbose: 0 : SshRelayStream [TX: 1 TXA: 0 RX: 0 AQ: 1]: Connected session &lt;\u0000&gt;
Google.Solutions.Compute Verbose: 0 : SshRelayStream [TX: 1 TXA: 0 RX: 0 AQ: 1]: Connected session &lt;\u0000&gt;
Google.Solutions.Compute Verbose: 0 : SshRelayStream [TX: 1 TXA: 0 RX: 0 AQ: 1]: Connected session &lt;\u0000&gt;
Google.Solutions.Compute Verbose: 0 : SshRelayStream [TX: 1 TXA: 0 RX: 0 AQ: 1]: Connected session &lt;\u0000&gt;
Google.Solutions.Compute Verbose: 0 : SshRelayStream [TX: 1 TXA: 0 RX: 0 AQ: 1]: Connected session &lt;\u0000&gt;
Google.Solutions.Compute Verbose: 0 : SshRelayStream [TX: 1 TXA: 0 RX: 0 AQ: 1]: Connected session &lt;\u0000&gt;
Google.Solutions.Compute Verbose: 0 : SshRelayStream [TX: 1 TXA: 0 RX: 0 AQ: 1]: Connected session &lt;\u0000&gt;
Google.Solutions.Compute Verbose: 0 : SshRelayStream [TX: 1 TXA: 0 RX: 0 AQ: 1]: Connected session &lt;\u0000&gt;
Google.Solutions.Compute Verbose: 0 : SshRelayStream [TX: 1 TXA: 0 RX: 0 AQ: 1]: Connected session &lt;\u0000&gt;
Google.Solutions.Compute Verbose: 0 : SshRelayStream [TX: 1 TXA: 0 RX: 0 AQ: 1]: Connected session &lt;\u0000&gt;
Google.Solutions.Compute Verbose: 0 : SshRelayStream [TX: 1 TXA: 0 RX: 0 AQ: 1]: Connected session &lt;\u0000&gt;
Google.Solutions.Compute Verbose: 0 : SshRelayStream [TX: 1 TXA: 0 RX: 0 AQ: 1]: Connected session &lt;\u0000&gt;
Google.Solutions.Compute Verbose: 0 : SshRelayStream [TX: 1 TXA: 0 RX: 0 AQ: 1]: Connected session &lt;\u0000&gt;
Google.Solutions.Compute Verbose: 0 : SshRelayStream [TX: 1 TXA: 0 RX: 0 AQ: 1]: Connected session &lt;\u0000&gt;
Google.Solutions.Compute Verbose: 0 : SshRelayStream [TX: 1 TXA: 0 RX: 0 AQ: 1]: Connected session &lt;\u0000&gt;
Google.Solutions.Compute Verbose: 0 : SshRelayStream [TX: 1 TXA: 0 RX: 0 AQ: 1]: Connected session &lt;\u0000&gt;
Google.Solutions.Compute Verbose: 0 : SshRelayStream [TX: 1 TXA: 0 RX: 0 AQ: 1]: Connected session &lt;\u0000&gt;
Google.Solutions.Compute Verbose: 0 : SshRelayStream [TX: 1 TXA: 0 RX: 0 AQ: 1]: Connected session &lt;\u0000&gt;
Google.Solutions.Compute Verbose: 0 : SshRelayStream [TX: 1 TXA: 0 RX: 0 AQ: 1]: Connected session &lt;\u0000&gt;
Google.Solutions.Compute Verbose: 0 : SshRelayStream [TX: 1 TXA: 0 RX: 0 AQ: 1]: Connected session &lt;\u0000&gt;
Google.Solutions.Compute Verbose: 0 : SshRelayStream [TX: 1 TXA: 0 RX: 0 AQ: 1]: Connected session &lt;\u0000&gt;
Google.Solutions.Compute Verbose: 0 : SshRelayStream [TX: 1 TXA: 0 RX: 0 AQ: 1]: Connected session &lt;\u0000&gt;
Google.Solutions.Compute Verbose: 0 : SshRelayStream [TX: 1 TXA: 0 RX: 0 AQ: 1]: Connected session &lt;\u0000&gt;
Google.Solutions.Compute Verbose: 0 : SshRelayStream [TX: 1 TXA: 0 RX: 0 AQ: 1]: Connected session &lt;\u0000&gt;
Google.Solutions.Compute Verbose: 0 : SshRelayStream [TX: 1 TXA: 0 RX: 0 AQ: 1]: Connected session &lt;\u0000&gt;
Google.Solutions.Compute Verbose: 0 : SshRelayStream [TX: 1 TXA: 0 RX: 0 AQ: 1]: Connected session &lt;\u0000&gt;
Google.Solutions.Compute Verbose: 0 : SshRelayStream [TX: 1 TXA: 0 RX: 0 AQ: 1]: Connected session &lt;\u0000&gt;
Google.Solutions.Compute Verbose: 0 : SshRelayStream [TX: 1 TXA: 0 RX: 0 AQ: 1]: Connected session &lt;\u0000&gt;
Google.Solutions.Compute Verbose: 0 : SshRelayStream [TX: 1 TXA: 0 RX: 0 AQ: 1]: Connected session &lt;\u0000&gt;
Google.Solutions.Compute Verbose: 0 : SshRelayStream [TX: 1 TXA: 0 RX: 0 AQ: 1]: Connected session &lt;\u0000&gt;
Google.Solutions.Compute Verbose: 0 : SshRelayStream [TX: 1 TXA: 0 RX: 0 AQ: 1]: Connected session &lt;\u0000&gt;
Google.Solutions.Compute Verbose: 0 : SshRelayStream [TX: 1 TXA: 0 RX: 0 AQ: 1]: Connected session &lt;\u0000&gt;
Google.Solutions.Compute Verbose: 0 : SshRelayStream [TX: 1 TXA: 0 RX: 0 AQ: 1]: Connected session &lt;\u0000&gt;
Google.Solutions.Compute Verbose: 0 : SshRelayStream [TX: 1 TXA: 0 RX: 0 AQ: 1]: Connected session &lt;\u0000&gt;
Google.Solutions.Compute Verbose: 0 : SshRelayStream [TX: 1 TXA: 0 RX: 0 AQ: 1]: Connected session &lt;\u0000&gt;
Google.Solutions.Compute Verbose: 0 : SshRelayStream [TX: 1 TXA: 0 RX: 0 AQ: 1]: Connected session &lt;\u0000&gt;
Google.Solutions.Compute Verbose: 0 : SshRelayStream [TX: 1 TXA: 0 RX: 0 AQ: 1]: Connected session &lt;\u0000&gt;
Google.Solutions.Compute Verbose: 0 : SshRelayStream [TX: 1 TXA: 0 RX: 0 AQ: 1]: Connected session &lt;\u0000&gt;
Google.Solutions.Compute Verbose: 0 : SshRelayStream [TX: 1 TXA: 0 RX: 0 AQ: 1]: Connected session &lt;\u0000&gt;
Google.Solutions.Compute Verbose: 0 : SshRelayStream [TX: 1 TXA: 0 RX: 0 AQ: 1]: Connected session &lt;\u0000&gt;
Google.Solutions.Compute Verbose: 0 : SshRelayStream [TX: 1 TXA: 0 RX: 0 AQ: 1]: Connected session &lt;\u0000&gt;
Google.Solutions.Compute Verbose: 0 : SshRelayStream [TX: 1 TXA: 0 RX: 0 AQ: 1]: Connected session &lt;\u0000&gt;
Google.Solutions.Compute Verbose: 0 : SshRelayStream [TX: 1 TXA: 0 RX: 0 AQ: 1]: Connected session &lt;\u0000&gt;
Google.Solutions.Compute Verbose: 0 : SshRelayStream [TX: 1 TXA: 0 RX: 0 AQ: 1]: Connected session &lt;\u0000&gt;
Google.Solutions.Compute Verbose: 0 : SshRelayStream [TX: 1 TXA: 0 RX: 0 AQ: 1]: Connected session &lt;\u0000&gt;
Google.Solutions.Compute Verbose: 0 : SshRelayStream [TX: 1 TXA: 0 RX: 0 AQ: 1]: Connected session &lt;\u0000&gt;
Google.Solutions.Compute Verbose: 0 : SshRelayStream [TX: 1 TXA: 0 RX: 0 AQ: 1]: Connected session &lt;\u0000&gt;
Google.Solutions.Compute Verbose: 0 : SshRelayStream [TX: 1 TXA: 0 RX: 0 AQ: 1]: Connected session &lt;\u0000&gt;
Google.Solutions.Compute Verbose: 0 : SshRelayStream [TX: 1 TXA: 0 RX: 0 AQ: 1]: Connected session &lt;\u0000&gt;
Google.Solutions.Compute Verbose: 0 : SshRelayStream [TX: 1 TXA: 0 RX: 0 AQ: 1]: Connected session &lt;\u0000&gt;
Google.Solutions.Compute Verbose: 0 : SshRelayStream [TX: 1 TXA: 0 RX: 0 AQ: 1]: Connected session &lt;\u0000&gt;
Google.Solutions.Compute Verbose: 0 : SshRelayStream [TX: 1 TXA: 0 RX: 0 AQ: 1]: Connected session &lt;\u0000&gt;
Google.Solutions.Compute Verbose: 0 : SshRelayStream [TX: 1 TXA: 0 RX: 0 AQ: 1]: Connected session &lt;\u0000&gt;
Google.Solutions.Compute Verbose: 0 : SshRelayStream [TX: 1 TXA: 0 RX: 0 AQ: 1]: Connected session &lt;\u0000&gt;
Google.Solutions.Compute Verbose: 0 : SshRelayStream [TX: 1 TXA: 0 RX: 0 AQ: 1]: Received data (2 bytes)
Google.Solutions.Compute Verbose: 0 : SshRelayStream [TX: 1 TXA: 0 RX: 0 AQ: 1]: Received data (2 bytes)
Google.Solutions.Compute Verbose: 0 : SshRelayStream [TX: 1 TXA: 0 RX: 0 AQ: 1]: Received data (2 bytes)
Google.Solutions.Compute Verbose: 0 : SshRelayStream [TX: 1 TXA: 0 RX: 0 AQ: 1]: Received data (2 bytes)
Google.Solutions.Compute Verbose: 0 : SshRelayStream [TX: 1 TXA: 0 RX: 0 AQ: 1]: Received data (2 bytes)
Google.Solutions.Compute Verbose: 0 : SshRelayStream [TX: 1 TXA: 0 RX: 0 AQ: 1]: Received data (2 bytes)
Google.Solutions.Compute Verbose: 0 : SshRelayStream [TX: 1 TXA: 0 RX: 0 AQ: 1]: Received data (2 bytes)
Google.Solutions.Compute Verbose: 0 : SshRelayStream [TX: 1 TXA: 0 RX: 0 AQ: 1]: Received data (2 bytes)
Google.Solutions.Compute Verbose: 0 : SshRelayStream [TX: 1 TXA: 0 RX: 0 AQ: 1]: Received data (2 bytes)
Google.Solutions.Compute Verbose: 0 : SshRelayStream [TX: 1 TXA: 0 RX: 0 AQ: 1]: Received data (2 bytes)
Google.Solutions.Compute Verbose: 0 : SshRelayStream [TX: 1 TXA: 0 RX: 0 AQ: 1]: Received data (2 bytes)
Google.Solutions.Compute Verbose: 0 : SshRelayStream [TX: 1 TXA: 0 RX: 0 AQ: 1]: Received data (2 bytes)
Google.Solutions.Compute Verbose: 0 : SshRelayStream [TX: 1 TXA: 0 RX: 0 AQ: 1]: Received data (2 bytes)
Google.Solutions.Compute Verbose: 0 : SshRelayStream [TX: 1 TXA: 0 RX: 0 AQ: 1]: Received data (2 bytes)
Google.Solutions.Compute Verbose: 0 : SshRelayStream [TX: 1 TXA: 0 RX: 0 AQ: 1]: Received data (2 bytes)
Google.Solutions.Compute Verbose: 0 : SshRelayStream [TX: 1 TXA: 0 RX: 0 AQ: 1]: Received data (2 bytes)
Google.Solutions.Compute Verbose: 0 : SshRelayStream [TX: 1 TXA: 0 RX: 0 AQ: 1]: Received data (2 bytes)
Google.Solutions.Compute Verbose: 0 : SshRelayStream [TX: 1 TXA: 0 RX: 0 AQ: 1]: Received data (2 bytes)
Google.Solutions.Compute Verbose: 0 : SshRelayStream [TX: 1 TXA: 0 RX: 0 AQ: 1]: Received data (2 bytes)
Google.Solutions.Compute Verbose: 0 : SshRelayStream [TX: 1 TXA: 0 RX: 0 AQ: 1]: Received data (2 bytes)
Google.Solutions.Compute Verbose: 0 : SshRelayStream [TX: 1 TXA: 0 RX: 0 AQ: 1]: Received data (2 bytes)
Google.Solutions.Compute Verbose: 0 : SshRelayStream [TX: 1 TXA: 0 RX: 0 AQ: 1]: Received data (2 bytes)
Google.Solutions.Compute Verbose: 0 : SshRelayStream [TX: 1 TXA: 0 RX: 0 AQ: 1]: Received data (2 bytes)
Google.Solutions.Compute Verbose: 0 : SshRelayStream [TX: 1 TXA: 0 RX: 0 AQ: 1]: Received data (2 bytes)
Google.Solutions.Compute Verbose: 0 : SshRelayStream [TX: 1 TXA: 0 RX: 0 AQ: 1]: Received data (2 bytes)
Google.Solutions.Compute Verbose: 0 : SshRelayStream [TX: 1 TXA: 0 RX: 0 AQ: 1]: Received data (2 bytes)
Google.Solutions.Compute Verbose: 0 : SshRelayStream [TX: 1 TXA: 0 RX: 0 AQ: 1]: Received data (2 bytes)
Google.Solutions.Compute Verbose: 0 : SshRelayStream [TX: 1 TXA: 0 RX: 0 AQ: 1]: Received data (2 bytes)
Google.Solutions.Compute Verbose: 0 : SshRelayStream [TX: 1 TXA: 0 RX: 0 AQ: 1]: Received data (2 bytes)
Google.Solutions.Compute Verbose: 0 : SshRelayStream [TX: 1 TXA: 0 RX: 0 AQ: 1]: Received data (2 bytes)
Google.Solutions.Compute Verbose: 0 : SshRelayStream [TX: 1 TXA: 0 RX: 0 AQ: 1]: Received data (2 bytes)
Google.Solutions.Compute Verbose: 0 : SshRelayStream [TX: 1 TXA: 0 RX: 0 AQ: 1]: Received data (2 bytes)
Google.Solutions.Compute Verbose: 0 : SshRelayStream [TX: 1 TXA: 0 RX: 0 AQ: 1]: Received data (2 bytes)
Google.Solutions.Compute Verbose: 0 : SshRelayStream [TX: 1 TXA: 0 RX: 0 AQ: 1]: Received data (2 bytes)
Google.Solutions.Compute Verbose: 0 : SshRelayStream [TX: 1 TXA: 0 RX: 0 AQ: 1]: Received data (2 bytes)
Google.Solutions.Compute Verbose: 0 : SshRelayStream [TX: 1 TXA: 0 RX: 0 AQ: 1]: Received data (2 bytes)
Google.Solutions.Compute Verbose: 0 : SshRelayStream [TX: 1 TXA: 0 RX: 0 AQ: 1]: Received data (2 bytes)
Google.Solutions.Compute Verbose: 0 : SshRelayStream [TX: 1 TXA: 0 RX: 0 AQ: 1]: Received data (2 bytes)
Google.Solutions.Compute Verbose: 0 : SshRelayStream [TX: 1 TXA: 0 RX: 0 AQ: 1]: Received data (2 bytes)
Google.Solutions.Compute Verbose: 0 : SshRelayStream [TX: 1 TXA: 0 RX: 0 AQ: 1]: Received data (2 bytes)
Google.Solutions.Compute Verbose: 0 : SshRelayStream [TX: 1 TXA: 0 RX: 0 AQ: 1]: Received data (2 bytes)
Google.Solutions.Compute Verbose: 0 : SshRelayStream [TX: 1 TXA: 0 RX: 0 AQ: 1]: Received data (2 bytes)
Google.Solutions.Compute Verbose: 0 : SshRelayStream [TX: 1 TXA: 0 RX: 0 AQ: 1]: Received data (2 bytes)
Google.Solutions.Compute Verbose: 0 : SshRelayStream [TX: 1 TXA: 0 RX: 0 AQ: 1]: Received data (2 bytes)
Google.Solutions.Compute Verbose: 0 : SshRelayStream [TX: 1 TXA: 0 RX: 0 AQ: 1]: Received data (2 bytes)
Google.Solutions.Compute Verbose: 0 : SshRelayStream [TX: 1 TXA: 0 RX: 0 AQ: 1]: Received data (2 bytes)
Google.Solutions.Compute Verbose: 0 : SshRelayStream [TX: 1 TXA: 0 RX: 0 AQ: 1]: Received data (2 bytes)
Google.Solutions.Compute Verbose: 0 : SshRelayStream [TX: 1 TXA: 0 RX: 0 AQ: 1]: Received data (2 bytes)
Google.Solutions.Compute Verbose: 0 : SshRelayStream [TX: 1 TXA: 0 RX: 0 AQ: 1]: Received data (2 bytes)
Google.Solutions.Compute Verbose: 0 : SshRelayStream [TX: 1 TXA: 0 RX: 0 AQ: 1]: Received data (2 bytes)
Google.Solutions.Compute Verbose: 0 : SshRelayStream [TX: 1 TXA: 0 RX: 0 AQ: 1]: Received data (2 bytes)
Google.Solutions.Compute Verbose: 0 : SshRelayStream [TX: 1 TXA: 0 RX: 0 AQ: 1]: Received data (2 bytes)
Google.Solutions.Compute Verbose: 0 : SshRelayStream [TX: 1 TXA: 0 RX: 0 AQ: 1]: Received data (2 bytes)
Google.Solutions.Compute Verbose: 0 : SshRelayStream [TX: 1 TXA: 0 RX: 0 AQ: 1]: Received data (2 bytes)
Google.Solutions.Compute Verbose: 0 : SshRelayStream [TX: 1 TXA: 0 RX: 0 AQ: 1]: Received data (2 bytes)
Google.Solutions.Compute Verbose: 0 : SshRelayStream [TX: 1 TXA: 0 RX: 0 AQ: 1]: Received data (2 bytes)
Google.Solutions.Compute Verbose: 0 : SshRelayStream [TX: 1 TXA: 0 RX: 0 AQ: 1]: Received data (2 bytes)
Google.Solutions.Compute Verbose: 0 : SshRelayStream [TX: 1 TXA: 0 RX: 0 AQ: 1]: Received data (2 bytes)
Google.Solutions.Compute Verbose: 0 : SshRelayStream [TX: 1 TXA: 0 RX: 0 AQ: 1]: Received data (2 bytes)
Google.Solutions.Compute Verbose: 0 : SshRelayStream [TX: 1 TXA: 0 RX: 0 AQ: 1]: Received data (2 bytes)
Google.Solutions.Compute Verbose: 0 : SshRelayStream [TX: 1 TXA: 0 RX: 0 AQ: 1]: Received data (2 bytes)
Google.Solutions.Compute Verbose: 0 : SshRelayStream [TX: 1 TXA: 0 RX: 2 AQ: 1]: Sending ACK #2...
Google.Solutions.Compute Verbose: 0 : SshRelayStream [TX: 1 TXA: 0 RX: 2 AQ: 1]: Sending ACK #2...
Google.Solutions.Compute Verbose: 0 : SshRelayStream [TX: 1 TXA: 0 RX: 2 AQ: 1]: Sending ACK #2...
Google.Solutions.Compute Verbose: 0 : SshRelayStream [TX: 1 TXA: 0 RX: 2 AQ: 1]: Sending ACK #2...
Google.Solutions.Compute Verbose: 0 : SshRelayStream [TX: 1 TXA: 0 RX: 2 AQ: 1]: Sending ACK #2...
Google.Solutions.Compute Verbose: 0 : SshRelayStream [TX: 1 TXA: 0 RX: 2 AQ: 1]: Sending ACK #2...
Google.Solutions.Compute Verbose: 0 : SshRelayStream [TX: 1 TXA: 0 RX: 2 AQ: 1]: Sending ACK #2...
Google.Solutions.Compute Verbose: 0 : SshRelayStream [TX: 1 TXA: 0 RX: 2 AQ: 1]: Sending ACK #2...
Google.Solutions.Compute Verbose: 0 : SshRelayStream [TX: 1 TXA: 0 RX: 2 AQ: 1]: Sending ACK #2...
Google.Solutions.Compute Verbose: 0 : SshRelayStream [TX: 1 TXA: 0 RX: 2 AQ: 1]: Sending ACK #2...
Google.Solutions.Compute Verbose: 0 : SshRelayStream [TX: 1 TXA: 0 RX: 2 AQ: 1]: Sending ACK #2...
Google.Solutions.Compute Verbose: 0 : SshRelayStream [TX: 1 TXA: 0 RX: 2 AQ: 1]: Sending ACK #2...
Google.Solutions.Compute Verbose: 0 : SshRelayStream [TX: 1 TXA: 0 RX: 2 AQ: 1]: Sending ACK #2...
Google.Solutions.Compute Verbose: 0 : SshRelayStream [TX: 1 TXA: 0 RX: 2 AQ: 1]: Sending ACK #2...
Google.Solutions.Compute Verbose: 0 : SshRelayStream [TX: 1 TXA: 0 RX: 2 AQ: 1]: Sending ACK #2...
Google.Solutions.Compute Verbose: 0 : SshRelayStream [TX: 1 TXA: 0 RX: 2 AQ: 1]: Sending ACK #2...
Google.Solutions.Compute Verbose: 0 : SshRelayStream [TX: 1 TXA: 0 RX: 2 AQ: 1]: Sending ACK #2...
Google.Solutions.Compute Verbose: 0 : SshRelayStream [TX: 1 TXA: 0 RX: 2 AQ: 1]: Sending ACK #2...
Google.Solutions.Compute Verbose: 0 : SshRelayStream [TX: 1 TXA: 0 RX: 2 AQ: 1]: Sending ACK #2...
Google.Solutions.Compute Verbose: 0 : SshRelayStream [TX: 1 TXA: 0 RX: 2 AQ: 1]: Sending ACK #2...
Google.Solutions.Compute Verbose: 0 : SshRelayStream [TX: 1 TXA: 0 RX: 2 AQ: 1]: Sending ACK #2...
Google.Solutions.Compute Verbose: 0 : SshRelayStream [TX: 1 TXA: 0 RX: 2 AQ: 1]: Sending ACK #2...
Google.Solutions.Compute Verbose: 0 : SshRelayStream [TX: 1 TXA: 0 RX: 2 AQ: 1]: Sending ACK #2...
Google.Solutions.Compute Verbose: 0 : SshRelayStream [TX: 1 TXA: 0 RX: 2 AQ: 1]: Sending ACK #2...
Google.Solutions.Compute Verbose: 0 : SshRelayStream [TX: 1 TXA: 0 RX: 2 AQ: 1]: Sending ACK #2...
Google.Solutions.Compute Verbose: 0 : SshRelayStream [TX: 1 TXA: 0 RX: 2 AQ: 1]: Sending ACK #2...
Google.Solutions.Compute Verbose: 0 : SshRelayStream [TX: 1 TXA: 0 RX: 2 AQ: 1]: Sending ACK #2...
Google.Solutions.Compute Verbose: 0 : SshRelayStream [TX: 1 TXA: 0 RX: 2 AQ: 1]: Sending ACK #2...
Google.Solutions.Compute Verbose: 0 : SshRelayStream [TX: 1 TXA: 0 RX: 2 AQ: 1]: Sending ACK #2...
Google.Solutions.Compute Verbose: 0 : SshRelayStream [TX: 1 TXA: 0 RX: 2 AQ: 1]: Sending ACK #2...
Google.Solutions.Compute Verbose: 0 : SshRelayStream [TX: 1 TXA: 0 RX: 2 AQ: 1]: Sending ACK #2...
Google.Solutions.Compute Verbose: 0 : SshRelayStream [TX: 1 TXA: 0 RX: 2 AQ: 1]: Sending ACK #2...
Google.Solutions.Compute Verbose: 0 : SshRelayStream [TX: 1 TXA: 0 RX: 2 AQ: 1]: Sending ACK #2...
Google.Solutions.Compute Verbose: 0 : SshRelayStream [TX: 1 TXA: 0 RX: 2 AQ: 1]: Sending ACK #2...
Google.Solutions.Compute Verbose: 0 : SshRelayStream [TX: 1 TXA: 0 RX: 2 AQ: 1]: Sending ACK #2...
Google.Solutions.Compute Verbose: 0 : SshRelayStream [TX: 1 TXA: 0 RX: 2 AQ: 1]: Sending ACK #2...
Google.Solutions.Compute Verbose: 0 : SshRelayStream [TX: 1 TXA: 0 RX: 2 AQ: 1]: Sending ACK #2...
Google.Solutions.Compute Verbose: 0 : SshRelayStream [TX: 1 TXA: 0 RX: 2 AQ: 1]: Sending ACK #2...
Google.Solutions.Compute Verbose: 0 : SshRelayStream [TX: 1 TXA: 0 RX: 2 AQ: 1]: Sending ACK #2...
Google.Solutions.Compute Verbose: 0 : SshRelayStream [TX: 1 TXA: 0 RX: 2 AQ: 1]: Sending ACK #2...
Google.Solutions.Compute Verbose: 0 : SshRelayStream [TX: 1 TXA: 0 RX: 2 AQ: 1]: Sending ACK #2...
Google.Solutions.Compute Verbose: 0 : SshRelayStream [TX: 1 TXA: 0 RX: 2 AQ: 1]: Sending ACK #2...
Google.Solutions.Compute Verbose: 0 : SshRelayStream [TX: 1 TXA: 0 RX: 2 AQ: 1]: Sending ACK #2...
Google.Solutions.Compute Verbose: 0 : SshRelayStream [TX: 1 TXA: 0 RX: 2 AQ: 1]: Sending ACK #2...
Google.Solutions.Compute Verbose: 0 : SshRelayStream [TX: 1 TXA: 0 RX: 2 AQ: 1]: Sending ACK #2...
Google.Solutions.Compute Verbose: 0 : SshRelayStream [TX: 1 TXA: 0 RX: 2 AQ: 1]: Sending ACK #2...
Google.Solutions.Compute Verbose: 0 : SshRelayStream [TX: 1 TXA: 0 RX: 2 AQ: 1]: Sending ACK #2...
Google.Solutions.Compute Verbose: 0 : SshRelayStream [TX: 1 TXA: 0 RX: 2 AQ: 1]: Sending ACK #2...
Google.Solutions.Compute Verbose: 0 : SshRelayStream [TX: 1 TXA: 0 RX: 2 AQ: 1]: Sending ACK #2...
Google.Solutions.Compute Verbose: 0 : SshRelayStream [TX: 1 TXA: 0 RX: 2 AQ: 1]: Sending ACK #2...
Google.Solutions.Compute Verbose: 0 : SshRelayStream [TX: 1 TXA: 0 RX: 2 AQ: 1]: Sending ACK #2...
Google.Solutions.Compute Verbose: 0 : SshRelayStream [TX: 1 TXA: 0 RX: 2 AQ: 1]: Sending ACK #2...
Google.Solutions.Compute Verbose: 0 : SshRelayStream [TX: 1 TXA: 0 RX: 2 AQ: 1]: Sending ACK #2...
Google.Solutions.Compute Verbose: 0 : SshRelayStream [TX: 1 TXA: 0 RX: 2 AQ: 1]: Sending ACK #2...
Google.Solutions.Compute Verbose: 0 : SshRelayStream [TX: 1 TXA: 0 RX: 2 AQ: 1]: Sending ACK #2...
Google.Solutions.Compute Verbose: 0 : SshRelayStream [TX: 1 TXA: 0 RX: 2 AQ: 1]: Sending ACK #2...
Google.Solutions.Compute Verbose: 0 : SshRelayStream [TX: 1 TXA: 0 RX: 2 AQ: 1]: Sending ACK #2...
Google.Solutions.Compute Verbose: 0 : SshRelayStream [TX: 1 TXA: 0 RX: 2 AQ: 1]: Sending ACK #2...
Google.Solutions.Compute Verbose: 0 : SshRelayStream [TX: 1 TXA: 0 RX: 2 AQ: 1]: Sending ACK #2...
Google.Solutions.Compute Verbose: 0 : SshRelayStream [TX: 1 TXA: 0 RX: 2 AQ: 1]: Sending ACK #2...
Google.Solutions.Compute Verbose: 0 : SshRelayStream [TX: 1 TXA: 0 RX: 2 AQ: 1]: Sending ACK #2...
Google.Solutions.Compute Verbose: 0 : SshRelayStream [TX: 1 TXA: 0 RX: 2 AQ: 1]: Sending DATA #1...
Google.Solutions.Compute Verbose: 0 : SshRelayStream [TX: 1 TXA: 0 RX: 2 AQ: 1]: Sending DATA #1...
Google.Solutions.Compute Verbose: 0 : SshRelayStream [TX: 1 TXA: 0 RX: 2 AQ: 1]: Sending DATA #1...
Google.Solutions.Compute Verbose: 0 : SshRelayStream [TX: 1 TXA: 0 RX: 2 AQ: 1]: Sending DATA #1...
Google.Solutions.Compute Verbose: 0 : SshRelayStream [TX: 1 TXA: 0 RX: 2 AQ: 1]: Sending DATA #1...
Google.Solutions.Compute Verbose: 0 : SshRelayStream [TX: 1 TXA: 0 RX: 2 AQ: 1]: Sending DATA #1...
Google.Solutions.Compute Verbose: 0 : SshRelayStream [TX: 1 TXA: 0 RX: 2 AQ: 1]: Sending DATA #1...
Google.Solutions.Compute Verbose: 0 : SshRelayStream [TX: 1 TXA: 0 RX: 2 AQ: 1]: Sending DATA #1...
Google.Solutions.Compute Verbose: 0 : SshRelayStream [TX: 1 TXA: 0 RX: 2 AQ: 1]: Sending DATA #1...
Google.Solutions.Compute Verbose: 0 : SshRelayStream [TX: 1 TXA: 0 RX: 2 AQ: 1]: Sending DATA #1...
Google.Solutions.Compute Verbose: 0 : SshRelayStream [TX: 1 TXA: 0 RX: 2 AQ: 1]: Sending DATA #1...
Google.Solutions.Compute Verbose: 0 : SshRelayStream [TX: 1 TXA: 0 RX: 2 AQ: 1]: Sending DATA #1...
Google.Solutions.Compute Verbose: 0 : SshRelayStream [TX: 1 TXA: 0 RX: 2 AQ: 1]: Sending DATA #1...
Google.Solutions.Compute Verbose: 0 : SshRelayStream [TX: 1 TXA: 0 RX: 2 AQ: 1]: Sending DATA #1...
Google.Solutions.Compute Verbose: 0 : SshRelayStream [TX: 1 TXA: 0 RX: 2 AQ: 1]: Sending DATA #1...
Google.Solutions.Compute Verbose: 0 : SshRelayStream [TX: 1 TXA: 0 RX: 2 AQ: 1]: Sending DATA #1...
Google.Solutions.Compute Verbose: 0 : SshRelayStream [TX: 1 TXA: 0 RX: 2 AQ: 1]: Sending DATA #1...
Google.Solutions.Compute Verbose: 0 : SshRelayStream [TX: 1 TXA: 0 RX: 2 AQ: 1]: Sending DATA #1...
Google.Solutions.Compute Verbose: 0 : SshRelayStream [TX: 1 TXA: 0 RX: 2 AQ: 1]: Sending DATA #1...
Google.Solutions.Compute Verbose: 0 : SshRelayStream [TX: 1 TXA: 0 RX: 2 AQ: 1]: Sending DATA #1...
Google.Solutions.Compute Verbose: 0 : SshRelayStream [TX: 1 TXA: 0 RX: 2 AQ: 1]: Sending DATA #1...
Google.Solutions.Compute Verbose: 0 : SshRelayStream [TX: 1 TXA: 0 RX: 2 AQ: 1]: Sending DATA #1...
Google.Solutions.Compute Verbose: 0 : SshRelayStream [TX: 1 TXA: 0 RX: 2 AQ: 1]: Sending DATA #1...
Google.Solutions.Compute Verbose: 0 : SshRelayStream [TX: 1 TXA: 0 RX: 2 AQ: 1]: Sending DATA #1...
Google.Solutions.Compute Verbose: 0 : SshRelayStream [TX: 1 TXA: 0 RX: 2 AQ: 1]: Sending DATA #1...
Google.Solutions.Compute Verbose: 0 : SshRelayStream [TX: 1 TXA: 0 RX: 2 AQ: 1]: Sending DATA #1...
Google.Solutions.Compute Verbose: 0 : SshRelayStream [TX: 1 TXA: 0 RX: 2 AQ: 1]: Sending DATA #1...
Google.Solutions.Compute Verbose: 0 : SshRelayStream [TX: 1 TXA: 0 RX: 2 AQ: 1]: Sending DATA #1...
Google.Solutions.Compute Verbose: 0 : SshRelayStream [TX: 1 TXA: 0 RX: 2 AQ: 1]: Sending DATA #1...
Google.Solutions.Compute Verbose: 0 : SshRelayStream [TX: 1 TXA: 0 RX: 2 AQ: 1]: Sending DATA #1...
Google.Solutions.Compute Verbose: 0 : SshRelayStream [TX: 1 TXA: 0 RX: 2 AQ: 1]: Sending DATA #1...
Google.Solutions.Compute Verbose: 0 : SshRelayStream [TX: 1 TXA: 0 RX: 2 AQ: 1]: Sending DATA #1...
Google.Solutions.Compute Verbose: 0 : SshRelayStream [TX: 1 TXA: 0 RX: 2 AQ: 1]: Sending DATA #1...
Google.Solutions.Compute Verbose: 0 : SshRelayStream [TX: 1 TXA: 0 RX: 2 AQ: 1]: Sending DATA #1...
Google.Solutions.Compute Verbose: 0 : SshRelayStream [TX: 1 TXA: 0 RX: 2 AQ: 1]: Sending DATA #1...
Google.Solutions.Compute Verbose: 0 : SshRelayStream [TX: 1 TXA: 0 RX: 2 AQ: 1]: Sending DATA #1...
Google.Solutions.Compute Verbose: 0 : SshRelayStream [TX: 1 TXA: 0 RX: 2 AQ: 1]: Sending DATA #1...
Google.Solutions.Compute Verbose: 0 : SshRelayStream [TX: 1 TXA: 0 RX: 2 AQ: 1]: Sending DATA #1...
Google.Solutions.Compute Verbose: 0 : SshRelayStream [TX: 1 TXA: 0 RX: 2 AQ: 1]: Sending DATA #1...
Google.Solutions.Compute Verbose: 0 : SshRelayStream [TX: 1 TXA: 0 RX: 2 AQ: 1]: Sending DATA #1...
Google.Solutions.Compute Verbose: 0 : SshRelayStream [TX: 1 TXA: 0 RX: 2 AQ: 1]: Sending DATA #1...
Google.Solutions.Compute Verbose: 0 : SshRelayStream [TX: 1 TXA: 0 RX: 2 AQ: 1]: Sending DATA #1...
Google.Solutions.Compute Verbose: 0 : SshRelayStream [TX: 1 TXA: 0 RX: 2 AQ: 1]: Sending DATA #1...
Google.Solutions.Compute Verbose: 0 : SshRelayStream [TX: 1 TXA: 0 RX: 2 AQ: 1]: Sending DATA #1...
Google.Solutions.Compute Verbose: 0 : SshRelayStream [TX: 1 TXA: 0 RX: 2 AQ: 1]: Sending DATA #1...
Google.Solutions.Compute Verbose: 0 : SshRelayStream [TX: 1 TXA: 0 RX: 2 AQ: 1]: Sending DATA #1...
Google.Solutions.Compute Verbose: 0 : SshRelayStream [TX: 1 TXA: 0 RX: 2 AQ: 1]: Sending DATA #1...
Google.Solutions.Compute Verbose: 0 : SshRelayStream [TX: 1 TXA: 0 RX: 2 AQ: 1]: Sending DATA #1...
Google.Solutions.Compute Verbose: 0 : SshRelayStream [TX: 1 TXA: 0 RX: 2 AQ: 1]: Sending DATA #1...
Google.Solutions.Compute Verbose: 0 : SshRelayStream [TX: 1 TXA: 0 RX: 2 AQ: 1]: Sending DATA #1...
Google.Solutions.Compute Verbose: 0 : SshRelayStream [TX: 1 TXA: 0 RX: 2 AQ: 1]: Sending DATA #1...
Google.Solutions.Compute Verbose: 0 : SshRelayStream [TX: 1 TXA: 0 RX: 2 AQ: 1]: Sending DATA #1...
Google.Solutions.Compute Verbose: 0 : SshRelayStream [TX: 1 TXA: 0 RX: 2 AQ: 1]: Sending DATA #1...
Google.Solutions.Compute Verbose: 0 : SshRelayStream [TX: 1 TXA: 0 RX: 2 AQ: 1]: Sending DATA #1...
Google.Solutions.Compute Verbose: 0 : SshRelayStream [TX: 1 TXA: 0 RX: 2 AQ: 1]: Sending DATA #1...
Google.Solutions.Compute Verbose: 0 : SshRelayStream [TX: 1 TXA: 0 RX: 2 AQ: 1]: Sending DATA #1...
Google.Solutions.Compute Verbose: 0 : SshRelayStream [TX: 1 TXA: 0 RX: 2 AQ: 1]: Sending DATA #1...
Google.Solutions.Compute Verbose: 0 : SshRelayStream [TX: 1 TXA: 0 RX: 2 AQ: 1]: Sending DATA #1...
Google.Solutions.Compute Verbose: 0 : SshRelayStream [TX: 1 TXA: 0 RX: 2 AQ: 1]: Sending DATA #1...
Google.Solutions.Compute Verbose: 0 : SshRelayStream [TX: 1 TXA: 0 RX: 2 AQ: 1]: Sending DATA #1...
Google.Solutions.Compute Verbose: 0 : SshRelayStream [TX: 1 TXA: 0 RX: 2 AQ: 1]: Sending DATA #1...
Google.Solutions.Compute Verbose: 0 : SshRelayStream [TX: 2 TXA: 0 RX: 2 AQ: 2]: Sending DATA #2...
Google.Solutions.Compute Verbose: 0 : SshRelayStream [TX: 2 TXA: 0 RX: 2 AQ: 2]: Sending DATA #2...
Google.Solutions.Compute Verbose: 0 : SshRelayStream [TX: 2 TXA: 0 RX: 2 AQ: 2]: Sending DATA #2...
Google.Solutions.Compute Verbose: 0 : SshRelayStream [TX: 2 TXA: 0 RX: 2 AQ: 2]: Sending DATA #2...
Google.Solutions.Compute Verbose: 0 : SshRelayStream [TX: 2 TXA: 0 RX: 2 AQ: 2]: Sending DATA #2...
Google.Solutions.Compute Verbose: 0 : SshRelayStream [TX: 2 TXA: 0 RX: 2 AQ: 2]: Sending DATA #2...
Google.Solutions.Compute Verbose: 0 : SshRelayStream [TX: 2 TXA: 0 RX: 2 AQ: 2]: Sending DATA #2...
Google.Solutions.Compute Verbose: 0 : SshRelayStream [TX: 2 TXA: 0 RX: 2 AQ: 2]: Sending DATA #2...
Google.Solutions.Compute Verbose: 0 : SshRelayStream [TX: 2 TXA: 0 RX: 2 AQ: 2]: Sending DATA #2...
Google.Solutions.Compute Verbose: 0 : SshRelayStream [TX: 2 TXA: 0 RX: 2 AQ: 2]: Sending DATA #2...
Google.Solutions.Compute Verbose: 0 : SshRelayStream [TX: 2 TXA: 0 RX: 2 AQ: 2]: Sending DATA #2...
Google.Solutions.Compute Verbose: 0 : SshRelayStream [TX: 2 TXA: 0 RX: 2 AQ: 2]: Sending DATA #2...
Google.Solutions.Compute Verbose: 0 : SshRelayStream [TX: 2 TXA: 0 RX: 2 AQ: 2]: Sending DATA #2...
Google.Solutions.Compute Verbose: 0 : SshRelayStream [TX: 2 TXA: 0 RX: 2 AQ: 2]: Sending DATA #2...
Google.Solutions.Compute Verbose: 0 : SshRelayStream [TX: 2 TXA: 0 RX: 2 AQ: 2]: Sending DATA #2...
Google.Solutions.Compute Verbose: 0 : SshRelayStream [TX: 2 TXA: 0 RX: 2 AQ: 2]: Sending DATA #2...
Google.Solutions.Compute Verbose: 0 : SshRelayStream [TX: 2 TXA: 0 RX: 2 AQ: 2]: Sending DATA #2...
Google.Solutions.Compute Verbose: 0 : SshRelayStream [TX: 2 TXA: 0 RX: 2 AQ: 2]: Sending DATA #2...
Google.Solutions.Compute Verbose: 0 : SshRelayStream [TX: 2 TXA: 0 RX: 2 AQ: 2]: Sending DATA #2...
Google.Solutions.Compute Verbose: 0 : SshRelayStream [TX: 2 TXA: 0 RX: 2 AQ: 2]: Sending DATA #2...
Google.Solutions.Compute Verbose: 0 : SshRelayStream [TX: 2 TXA: 0 RX: 2 AQ: 2]: Sending DATA #2...
Google.Solutions.Compute Verbose: 0 : SshRelayStream [TX: 2 TXA: 0 RX: 2 AQ: 2]: Sending DATA #2...
Google.Solutions.Compute Verbose: 0 : SshRelayStream [TX: 2 TXA: 0 RX: 2 AQ: 2]: Sending DATA #2...
Google.Solutions.Compute Verbose: 0 : SshRelayStream [TX: 2 TXA: 0 RX: 2 AQ: 2]: Sending DATA #2...
Google.Solutions.Compute Verbose: 0 : SshRelayStream [TX: 2 TXA: 0 RX: 2 AQ: 2]: Sending DATA #2...
Google.Solutions.Compute Verbose: 0 : SshRelayStream [TX: 2 TXA: 0 RX: 2 AQ: 2]: Sending DATA #2...
Google.Solutions.Compute Verbose: 0 : SshRelayStream [TX: 2 TXA: 0 RX: 2 AQ: 2]: Sending DATA #2...
Google.Solutions.Compute Verbose: 0 : SshRelayStream [TX: 2 TXA: 0 RX: 2 AQ: 2]: Sending DATA #2...
Google.Solutions.Compute Verbose: 0 : SshRelayStream [TX: 2 TXA: 0 RX: 2 AQ: 2]: Sending DATA #2...
Google.Solutions.Compute Verbose: 0 : SshRelayStream [TX: 2 TXA: 0 RX: 2 AQ: 2]: Sending DATA #2...
Google.Solutions.Compute Verbose: 0 : SshRelayStream [TX: 2 TXA: 0 RX: 2 AQ: 2]: Sending DATA #2...
Google.Solutions.Compute Verbose: 0 : SshRelayStream [TX: 2 TXA: 0 RX: 2 AQ: 2]: Sending DATA #2...
Google.Solutions.Compute Verbose: 0 : SshRelayStream [TX: 2 TXA: 0 RX: 2 AQ: 2]: Sending DATA #2...
Google.Solutions.Compute Verbose: 0 : SshRelayStream [TX: 2 TXA: 0 RX: 2 AQ: 2]: Sending DATA #2...
Google.Solutions.Compute Verbose: 0 : SshRelayStream [TX: 2 TXA: 0 RX: 2 AQ: 2]: Sending DATA #2...
Google.Solutions.Compute Verbose: 0 : SshRelayStream [TX: 2 TXA: 0 RX: 2 AQ: 2]: Sending DATA #2...
Google.Solutions.Compute Verbose: 0 : SshRelayStream [TX: 2 TXA: 0 RX: 2 AQ: 2]: Sending DATA #2...
Google.Solutions.Compute Verbose: 0 : SshRelayStream [TX: 2 TXA: 0 RX: 2 AQ: 2]: Sending DATA #2...
Google.Solutions.Compute Verbose: 0 : SshRelayStream [TX: 2 TXA: 0 RX: 2 AQ: 2]: Sending DATA #2...
Google.Solutions.Compute Verbose: 0 : SshRelayStream [TX: 2 TXA: 0 RX: 2 AQ: 2]: Sending DATA #2...
Google.Solutions.Compute Verbose: 0 : SshRelayStream [TX: 2 TXA: 0 RX: 2 AQ: 2]: Sending DATA #2...
Google.Solutions.Compute Verbose: 0 : SshRelayStream [TX: 2 TXA: 0 RX: 2 AQ: 2]: Sending DATA #2...
Google.Solutions.Compute Verbose: 0 : SshRelayStream [TX: 2 TXA: 0 RX: 2 AQ: 2]: Sending DATA #2...
Google.Solutions.Compute Verbose: 0 : SshRelayStream [TX: 2 TXA: 0 RX: 2 AQ: 2]: Sending DATA #2...
Google.Solutions.Compute Verbose: 0 : SshRelayStream [TX: 2 TXA: 0 RX: 2 AQ: 2]: Sending DATA #2...
Google.Solutions.Compute Verbose: 0 : SshRelayStream [TX: 2 TXA: 0 RX: 2 AQ: 2]: Sending DATA #2...
Google.Solutions.Compute Verbose: 0 : SshRelayStream [TX: 2 TXA: 0 RX: 2 AQ: 2]: Sending DATA #2...
Google.Solutions.Compute Verbose: 0 : SshRelayStream [TX: 2 TXA: 0 RX: 2 AQ: 2]: Sending DATA #2...
Google.Solutions.Compute Verbose: 0 : SshRelayStream [TX: 2 TXA: 0 RX: 2 AQ: 2]: Sending DATA #2...
Google.Solutions.Compute Verbose: 0 : SshRelayStream [TX: 2 TXA: 0 RX: 2 AQ: 2]: Sending DATA #2...
Google.Solutions.Compute Verbose: 0 : SshRelayStream [TX: 2 TXA: 0 RX: 2 AQ: 2]: Sending DATA #2...
Google.Solutions.Compute Verbose: 0 : SshRelayStream [TX: 2 TXA: 0 RX: 2 AQ: 2]: Sending DATA #2...
Google.Solutions.Compute Verbose: 0 : SshRelayStream [TX: 2 TXA: 0 RX: 2 AQ: 2]: Sending DATA #2...
Google.Solutions.Compute Verbose: 0 : SshRelayStream [TX: 2 TXA: 0 RX: 2 AQ: 2]: Sending DATA #2...
Google.Solutions.Compute Verbose: 0 : SshRelayStream [TX: 2 TXA: 0 RX: 2 AQ: 2]: Sending DATA #2...
Google.Solutions.Compute Verbose: 0 : SshRelayStream [TX: 2 TXA: 0 RX: 2 AQ: 2]: Sending DATA #2...
Google.Solutions.Compute Verbose: 0 : SshRelayStream [TX: 2 TXA: 0 RX: 2 AQ: 2]: Sending DATA #2...
Google.Solutions.Compute Verbose: 0 : SshRelayStream [TX: 2 TXA: 0 RX: 2 AQ: 2]: Sending DATA #2...
Google.Solutions.Compute Verbose: 0 : SshRelayStream [TX: 2 TXA: 0 RX: 2 AQ: 2]: Sending DATA #2...
Google.Solutions.Compute Verbose: 0 : SshRelayStream [TX: 2 TXA: 0 RX: 2 AQ: 2]: Sending DATA #2...
Google.Solutions.Compute Verbose: 0 : SshRelayStream [TX: 2 TXA: 0 RX: 2 AQ: 2]: Sending DATA #2...
Google.Solutions.Compute Verbose: 0 : SshRelayStream [TX: 2 TXA: 0 RX: 2 AQ: 2]: Connection closed abnormally: BAD_ACK
Google.Solutions.Compute Verbose: 0 : SshRelayStream [TX: 2 TXA: 0 RX: 2 AQ: 2]: Connection closed abnormally: BAD_ACK
Google.Solutions.Compute Verbose: 0 : SshRelayStream [TX: 2 TXA: 0 RX: 2 AQ: 2]: Connection closed abnormally: BAD_ACK
Google.Solutions.Compute Verbose: 0 : SshRelayStream [TX: 2 TXA: 0 RX: 2 AQ: 2]: Connection closed abnormally: BAD_ACK
Google.Solutions.Compute Verbose: 0 : SshRelayStream [TX: 2 TXA: 0 RX: 2 AQ: 2]: Connection closed abnormally: BAD_ACK
Google.Solutions.Compute Verbose: 0 : SshRelayStream [TX: 2 TXA: 0 RX: 2 AQ: 2]: Connection closed abnormally: BAD_ACK
Google.Solutions.Compute Verbose: 0 : SshRelayStream [TX: 2 TXA: 0 RX: 2 AQ: 2]: Connection closed abnormally: BAD_ACK
Google.Solutions.Compute Verbose: 0 : SshRelayStream [TX: 2 TXA: 0 RX: 2 AQ: 2]: Connection closed abnormally: BAD_ACK
Google.Solutions.Compute Verbose: 0 : SshRelayStream [TX: 2 TXA: 0 RX: 2 AQ: 2]: Connection closed abnormally: BAD_ACK
Google.Solutions.Compute Verbose: 0 : SshRelayStream [TX: 2 TXA: 0 RX: 2 AQ: 2]: Connection closed abnormally: BAD_ACK
Google.Solutions.Compute Verbose: 0 : SshRelayStream [TX: 2 TXA: 0 RX: 2 AQ: 2]: Connection closed abnormally: BAD_ACK
Google.Solutions.Compute Verbose: 0 : SshRelayStream [TX: 2 TXA: 0 RX: 2 AQ: 2]: Connection closed abnormally: BAD_ACK
Google.Solutions.Compute Verbose: 0 : SshRelayStream [TX: 2 TXA: 0 RX: 2 AQ: 2]: Connection closed abnormally: BAD_ACK
Google.Solutions.Compute Verbose: 0 : SshRelayStream [TX: 2 TXA: 0 RX: 2 AQ: 2]: Connection closed abnormally: BAD_ACK
Google.Solutions.Compute Verbose: 0 : SshRelayStream [TX: 2 TXA: 0 RX: 2 AQ: 2]: Connection closed abnormally: BAD_ACK
Google.Solutions.Compute Verbose: 0 : SshRelayStream [TX: 2 TXA: 0 RX: 2 AQ: 2]: Connection closed abnormally: BAD_ACK
Google.Solutions.Compute Verbose: 0 : SshRelayStream [TX: 2 TXA: 0 RX: 2 AQ: 2]: Connection closed abnormally: BAD_ACK
Google.Solutions.Compute Verbose: 0 : SshRelayStream [TX: 2 TXA: 0 RX: 2 AQ: 2]: Connection closed abnormally: BAD_ACK
Google.Solutions.Compute Verbose: 0 : SshRelayStream [TX: 2 TXA: 0 RX: 2 AQ: 2]: Connection closed abnormally: BAD_ACK
Google.Solutions.Compute Verbose: 0 : SshRelayStream [TX: 2 TXA: 0 RX: 2 AQ: 2]: Connection closed abnormally: BAD_ACK
Google.Solutions.Compute Verbose: 0 : SshRelayStream [TX: 2 TXA: 0 RX: 2 AQ: 2]: Connection closed abnormally: BAD_ACK
Google.Solutions.Compute Verbose: 0 : SshRelayStream [TX: 2 TXA: 0 RX: 2 AQ: 2]: Connection closed abnormally: BAD_ACK
Google.Solutions.Compute Verbose: 0 : SshRelayStream [TX: 2 TXA: 0 RX: 2 AQ: 2]: Connection closed abnormally: BAD_ACK
Google.Solutions.Compute Verbose: 0 : SshRelayStream [TX: 2 TXA: 0 RX: 2 AQ: 2]: Connection closed abnormally: BAD_ACK
Google.Solutions.Compute Verbose: 0 : SshRelayStream [TX: 2 TXA: 0 RX: 2 AQ: 2]: Connection closed abnormally: BAD_ACK
Google.Solutions.Compute Verbose: 0 : SshRelayStream [TX: 2 TXA: 0 RX: 2 AQ: 2]: Connection closed abnormally: BAD_ACK
Google.Solutions.Compute Verbose: 0 : SshRelayStream [TX: 2 TXA: 0 RX: 2 AQ: 2]: Connection closed abnormally: BAD_ACK
Google.Solutions.Compute Verbose: 0 : SshRelayStream [TX: 2 TXA: 0 RX: 2 AQ: 2]: Connection closed abnormally: BAD_ACK
Google.Solutions.Compute Verbose: 0 : SshRelayStream [TX: 2 TXA: 0 RX: 2 AQ: 2]: Connection closed abnormally: BAD_ACK
Google.Solutions.Compute Verbose: 0 : SshRelayStream [TX: 2 TXA: 0 RX: 2 AQ: 2]: Connection closed abnormally: BAD_ACK
Google.Solutions.Compute Verbose: 0 : SshRelayStream [TX: 2 TXA: 0 RX: 2 AQ: 2]: Connection closed abnormally: BAD_ACK
Google.Solutions.Compute Verbose: 0 : SshRelayStream [TX: 2 TXA: 0 RX: 2 AQ: 2]: Connection closed abnormally: BAD_ACK
Google.Solutions.Compute Verbose: 0 : SshRelayStream [TX: 2 TXA: 0 RX: 2 AQ: 2]: Connection closed abnormally: BAD_ACK
Google.Solutions.Compute Verbose: 0 : SshRelayStream [TX: 2 TXA: 0 RX: 2 AQ: 2]: Connection closed abnormally: BAD_ACK
Google.Solutions.Compute Verbose: 0 : SshRelayStream [TX: 2 TXA: 0 RX: 2 AQ: 2]: Connection closed abnormally: BAD_ACK
Google.Solutions.Compute Verbose: 0 : SshRelayStream [TX: 2 TXA: 0 RX: 2 AQ: 2]: Connection closed abnormally: BAD_ACK
Google.Solutions.Compute Verbose: 0 : SshRelayStream [TX: 2 TXA: 0 RX: 2 AQ: 2]: Connection closed abnormally: BAD_ACK
Google.Solutions.Compute Verbose: 0 : SshRelayStream [TX: 2 TXA: 0 RX: 2 AQ: 2]: Connection closed abnormally: BAD_ACK
Google.Solutions.Compute Verbose: 0 : SshRelayStream [TX: 2 TXA: 0 RX: 2 AQ: 2]: Connection closed abnormally: BAD_ACK
Google.Solutions.Compute Verbose: 0 : SshRelayStream [TX: 2 TXA: 0 RX: 2 AQ: 2]: Connection closed abnormally: BAD_ACK
Google.Solutions.Compute Verbose: 0 : SshRelayStream [TX: 2 TXA: 0 RX: 2 AQ: 2]: Connection closed abnormally: BAD_ACK
Google.Solutions.Compute Verbose: 0 : SshRelayStream [TX: 2 TXA: 0 RX: 2 AQ: 2]: Connection closed abnormally: BAD_ACK
Google.Solutions.Compute Verbose: 0 : SshRelayStream [TX: 2 TXA: 0 RX: 2 AQ: 2]: Connection closed abnormally: BAD_ACK
Google.Solutions.Compute Verbose: 0 : SshRelayStream [TX: 2 TXA: 0 RX: 2 AQ: 2]: Connection closed abnormally: BAD_ACK
Google.Solutions.Compute Verbose: 0 : SshRelayStream [TX: 2 TXA: 0 RX: 2 AQ: 2]: Connection closed abnormally: BAD_ACK
Google.Solutions.Compute Verbose: 0 : SshRelayStream [TX: 2 TXA: 0 RX: 2 AQ: 2]: Connection closed abnormally: BAD_ACK
Google.Solutions.Compute Verbose: 0 : SshRelayStream [TX: 2 TXA: 0 RX: 2 AQ: 2]: Connection closed abnormally: BAD_ACK
Google.Solutions.Compute Verbose: 0 : SshRelayStream [TX: 2 TXA: 0 RX: 2 AQ: 2]: Connection closed abnormally: BAD_ACK
Google.Solutions.Compute Verbose: 0 : SshRelayStream [TX: 2 TXA: 0 RX: 2 AQ: 2]: Connection closed abnormally: BAD_ACK
Google.Solutions.Compute Verbose: 0 : SshRelayStream [TX: 2 TXA: 0 RX: 2 AQ: 2]: Connection closed abnormally: BAD_ACK
Google.Solutions.Compute Verbose: 0 : SshRelayStream [TX: 2 TXA: 0 RX: 2 AQ: 2]: Connection closed abnormally: BAD_ACK
Google.Solutions.Compute Verbose: 0 : SshRelayStream [TX: 2 TXA: 0 RX: 2 AQ: 2]: Connection closed abnormally: BAD_ACK
Google.Solutions.Compute Verbose: 0 : SshRelayStream [TX: 2 TXA: 0 RX: 2 AQ: 2]: Connection closed abnormally: BAD_ACK
Google.Solutions.Compute Verbose: 0 : SshRelayStream [TX: 2 TXA: 0 RX: 2 AQ: 2]: Connection closed abnormally: BAD_ACK
Google.Solutions.Compute Verbose: 0 : SshRelayStream [TX: 2 TXA: 0 RX: 2 AQ: 2]: Connection closed abnormally: BAD_ACK
Google.Solutions.Compute Verbose: 0 : SshRelayStream [TX: 2 TXA: 0 RX: 2 AQ: 2]: Connection closed abnormally: BAD_ACK
Google.Solutions.Compute Verbose: 0 : SshRelayStream [TX: 2 TXA: 0 RX: 2 AQ: 2]: Connection closed abnormally: BAD_ACK
Google.Solutions.Compute Verbose: 0 : SshRelayStream [TX: 2 TXA: 0 RX: 2 AQ: 2]: Connection closed abnormally: BAD_ACK
Google.Solutions.Compute Verbose: 0 : SshRelayStream [TX: 2 TXA: 0 RX: 2 AQ: 2]: Connection closed abnormally: BAD_ACK
Google.Solutions.Compute Verbose: 0 : SshRelayStream [TX: 2 TXA: 0 RX: 2 AQ: 2]: Connection closed abnormally: BAD_ACK
Google.Solutions.Compute Verbose: 0 : SshRelayStream [TX: 2 TXA: 0 RX: 2 AQ: 2]: Connection closed abnormally: BAD_ACK
Google.Solutions.Compute Verbose: 0 : SshRelayStream [TX: 2 TXA: 0 RX: 2 AQ: 2]: Disconnecting, preparing to reconnect
Google.Solutions.Compute Verbose: 0 : SshRelayStream [TX: 2 TXA: 0 RX: 2 AQ: 2]: Disconnecting, preparing to reconnect
Google.Solutions.Compute Verbose: 0 : SshRelayStream [TX: 2 TXA: 0 RX: 2 AQ: 2]: Disconnecting, preparing to reconnect
Google.Solutions.Compute Verbose: 0 : SshRelayStream [TX: 2 TXA: 0 RX: 2 AQ: 2]: Disconnecting, preparing to reconnect
Google.Solutions.Compute Verbose: 0 : SshRelayStream [TX: 2 TXA: 0 RX: 2 AQ: 2]: Disconnecting, preparing to reconnect
Google.Solutions.Compute Verbose: 0 : SshRelayStream [TX: 2 TXA: 0 RX: 2 AQ: 2]: Disconnecting, preparing to reconnect
Google.Solutions.Compute Verbose: 0 : SshRelayStream [TX: 2 TXA: 0 RX: 2 AQ: 2]: Disconnecting, preparing to reconnect
Google.Solutions.Compute Verbose: 0 : SshRelayStream [TX: 2 TXA: 0 RX: 2 AQ: 2]: Disconnecting, preparing to reconnect
Google.Solutions.Compute Verbose: 0 : SshRelayStream [TX: 2 TXA: 0 RX: 2 AQ: 2]: Disconnecting, preparing to reconnect
Google.Solutions.Compute Verbose: 0 : SshRelayStream [TX: 2 TXA: 0 RX: 2 AQ: 2]: Disconnecting, preparing to reconnect
Google.Solutions.Compute Verbose: 0 : SshRelayStream [TX: 2 TXA: 0 RX: 2 AQ: 2]: Disconnecting, preparing to reconnect
Google.Solutions.Compute Verbose: 0 : SshRelayStream [TX: 2 TXA: 0 RX: 2 AQ: 2]: Disconnecting, preparing to reconnect
Google.Solutions.Compute Verbose: 0 : SshRelayStream [TX: 2 TXA: 0 RX: 2 AQ: 2]: Disconnecting, preparing to reconnect
Google.Solutions.Compute Verbose: 0 : SshRelayStream [TX: 2 TXA: 0 RX: 2 AQ: 2]: Disconnecting, preparing to reconnect
Google.Solutions.Compute Verbose: 0 : SshRelayStream [TX: 2 TXA: 0 RX: 2 AQ: 2]: Disconnecting, preparing to reconnect
Google.Solutions.Compute Verbose: 0 : SshRelayStream [TX: 2 TXA: 0 RX: 2 AQ: 2]: Disconnecting, preparing to reconnect
Google.Solutions.Compute Verbose: 0 : SshRelayStream [TX: 2 TXA: 0 RX: 2 AQ: 2]: Disconnecting, preparing to reconnect
Google.Solutions.Compute Verbose: 0 : SshRelayStream [TX: 2 TXA: 0 RX: 2 AQ: 2]: Disconnecting, preparing to reconnect
Google.Solutions.Compute Verbose: 0 : SshRelayStream [TX: 2 TXA: 0 RX: 2 AQ: 2]: Disconnecting, preparing to reconnect
Google.Solutions.Compute Verbose: 0 : SshRelayStream [TX: 2 TXA: 0 RX: 2 AQ: 2]: Disconnecting, preparing to reconnect
Google.Solutions.Compute Verbose: 0 : SshRelayStream [TX: 2 TXA: 0 RX: 2 AQ: 2]: Disconnecting, preparing to reconnect
Google.Solutions.Compute Verbose: 0 : SshRelayStream [TX: 2 TXA: 0 RX: 2 AQ: 2]: Disconnecting, preparing to reconnect
Google.Solutions.Compute Verbose: 0 : SshRelayStream [TX: 2 TXA: 0 RX: 2 AQ: 2]: Disconnecting, preparing to reconnect
Google.Solutions.Compute Verbose: 0 : SshRelayStream [TX: 2 TXA: 0 RX: 2 AQ: 2]: Disconnecting, preparing to reconnect
Google.Solutions.Compute Verbose: 0 : SshRelayStream [TX: 2 TXA: 0 RX: 2 AQ: 2]: Disconnecting, preparing to reconnect
Google.Solutions.Compute Verbose: 0 : SshRelayStream [TX: 2 TXA: 0 RX: 2 AQ: 2]: Disconnecting, preparing to reconnect
Google.Solutions.Compute Verbose: 0 : SshRelayStream [TX: 2 TXA: 0 RX: 2 AQ: 2]: Disconnecting, preparing to reconnect
Google.Solutions.Compute Verbose: 0 : SshRelayStream [TX: 2 TXA: 0 RX: 2 AQ: 2]: Disconnecting, preparing to reconnect
Google.Solutions.Compute Verbose: 0 : SshRelayStream [TX: 2 TXA: 0 RX: 2 AQ: 2]: Disconnecting, preparing to reconnect
Google.Solutions.Compute Verbose: 0 : SshRelayStream [TX: 2 TXA: 0 RX: 2 AQ: 2]: Disconnecting, preparing to reconnect
Google.Solutions.Compute Verbose: 0 : SshRelayStream [TX: 2 TXA: 0 RX: 2 AQ: 2]: Disconnecting, preparing to reconnect
Google.Solutions.Compute Verbose: 0 : SshRelayStream [TX: 2 TXA: 0 RX: 2 AQ: 2]: Disconnecting, preparing to reconnect
Google.Solutions.Compute Verbose: 0 : SshRelayStream [TX: 2 TXA: 0 RX: 2 AQ: 2]: Disconnecting, preparing to reconnect
Google.Solutions.Compute Verbose: 0 : SshRelayStream [TX: 2 TXA: 0 RX: 2 AQ: 2]: Disconnecting, preparing to reconnect
Google.Solutions.Compute Verbose: 0 : SshRelayStream [TX: 2 TXA: 0 RX: 2 AQ: 2]: Disconnecting, preparing to reconnect
Google.Solutions.Compute Verbose: 0 : SshRelayStream [TX: 2 TXA: 0 RX: 2 AQ: 2]: Disconnecting, preparing to reconnect
Google.Solutions.Compute Verbose: 0 : SshRelayStream [TX: 2 TXA: 0 RX: 2 AQ: 2]: Disconnecting, preparing to reconnect
Google.Solutions.Compute Verbose: 0 : SshRelayStream [TX: 2 TXA: 0 RX: 2 AQ: 2]: Disconnecting, preparing to reconnect
Google.Solutions.Compute Verbose: 0 : SshRelayStream [TX: 2 TXA: 0 RX: 2 AQ: 2]: Disconnecting, preparing to reconnect
Google.Solutions.Compute Verbose: 0 : SshRelayStream [TX: 2 TXA: 0 RX: 2 AQ: 2]: Disconnecting, preparing to reconnect
Google.Solutions.Compute Verbose: 0 : SshRelayStream [TX: 2 TXA: 0 RX: 2 AQ: 2]: Disconnecting, preparing to reconnect
Google.Solutions.Compute Verbose: 0 : SshRelayStream [TX: 2 TXA: 0 RX: 2 AQ: 2]: Disconnecting, preparing to reconnect
Google.Solutions.Compute Verbose: 0 : SshRelayStream [TX: 2 TXA: 0 RX: 2 AQ: 2]: Disconnecting, preparing to reconnect
Google.Solutions.Compute Verbose: 0 : SshRelayStream [TX: 2 TXA: 0 RX: 2 AQ: 2]: Disconnecting, preparing to reconnect
Google.Solutions.Compute Verbose: 0 : SshRelayStream [TX: 2 TXA: 0 RX: 2 AQ: 2]: Disconnecting, preparing to reconnect
Google.Solutions.Compute Verbose: 0 : SshRelayStream [TX: 2 TXA: 0 RX: 2 AQ: 2]: Disconnecting, preparing to reconnect
Google.Solutions.Compute Verbose: 0 : SshRelayStream [TX: 2 TXA: 0 RX: 2 AQ: 2]: Disconnecting, preparing to reconnect
Google.Solutions.Compute Verbose: 0 : SshRelayStream [TX: 2 TXA: 0 RX: 2 AQ: 2]: Disconnecting, preparing to reconnect
Google.Solutions.Compute Verbose: 0 : SshRelayStream [TX: 2 TXA: 0 RX: 2 AQ: 2]: Disconnecting, preparing to reconnect
Google.Solutions.Compute Verbose: 0 : SshRelayStream [TX: 2 TXA: 0 RX: 2 AQ: 2]: Disconnecting, preparing to reconnect
Google.Solutions.Compute Verbose: 0 : SshRelayStream [TX: 2 TXA: 0 RX: 2 AQ: 2]: Disconnecting, preparing to reconnect
Google.Solutions.Compute Verbose: 0 : SshRelayStream [TX: 2 TXA: 0 RX: 2 AQ: 2]: Disconnecting, preparing to reconnect
Google.Solutions.Compute Verbose: 0 : SshRelayStream [TX: 2 TXA: 0 RX: 2 AQ: 2]: Disconnecting, preparing to reconnect
Google.Solutions.Compute Verbose: 0 : SshRelayStream [TX: 2 TXA: 0 RX: 2 AQ: 2]: Disconnecting, preparing to reconnect
Google.Solutions.Compute Verbose: 0 : SshRelayStream [TX: 2 TXA: 0 RX: 2 AQ: 2]: Disconnecting, preparing to reconnect
Google.Solutions.Compute Verbose: 0 : SshRelayStream [TX: 2 TXA: 0 RX: 2 AQ: 2]: Disconnecting, preparing to reconnect
Google.Solutions.Compute Verbose: 0 : SshRelayStream [TX: 2 TXA: 0 RX: 2 AQ: 2]: Disconnecting, preparing to reconnect
Google.Solutions.Compute Verbose: 0 : SshRelayStream [TX: 2 TXA: 0 RX: 2 AQ: 2]: Disconnecting, preparing to reconnect
Google.Solutions.Compute Verbose: 0 : SshRelayStream [TX: 2 TXA: 0 RX: 2 AQ: 2]: Disconnecting, preparing to reconnect
Google.Solutions.Compute Verbose: 0 : SshRelayStream [TX: 2 TXA: 0 RX: 2 AQ: 2]: Disconnecting, preparing to reconnect
Google.Solutions.Compute Verbose: 0 : SshRelayStream [TX: 2 TXA: 0 RX: 2 AQ: 2]: Disconnecting, preparing to reconnect
Google.Solutions.Compute Verbose: 0 : SshRelayStream [TX: 2 TXA: 0 RX: 2 AQ: 2]: Disonnected.
Google.Solutions.Compute Verbose: 0 : SshRelayStream [TX: 2 TXA: 0 RX: 2 AQ: 2]: Disonnected.
Google.Solutions.Compute Verbose: 0 : SshRelayStream [TX: 2 TXA: 0 RX: 2 AQ: 2]: Disonnected.
Google.Solutions.Compute Verbose: 0 : SshRelayStream [TX: 2 TXA: 0 RX: 2 AQ: 2]: Disonnected.
Google.Solutions.Compute Verbose: 0 : SshRelayStream [TX: 2 TXA: 0 RX: 2 AQ: 2]: Disonnected.
Google.Solutions.Compute Verbose: 0 : SshRelayStream [TX: 2 TXA: 0 RX: 2 AQ: 2]: Disonnected.
Google.Solutions.Compute Verbose: 0 : SshRelayStream [TX: 2 TXA: 0 RX: 2 AQ: 2]: Disonnected.
Google.Solutions.Compute Verbose: 0 : SshRelayStream [TX: 2 TXA: 0 RX: 2 AQ: 2]: Disonnected.
Google.Solutions.Compute Verbose: 0 : SshRelayStream [TX: 2 TXA: 0 RX: 2 AQ: 2]: Disonnected.
Google.Solutions.Compute Verbose: 0 : SshRelayStream [TX: 2 TXA: 0 RX: 2 AQ: 2]: Disonnected.
Google.Solutions.Compute Verbose: 0 : SshRelayStream [TX: 2 TXA: 0 RX: 2 AQ: 2]: Disonnected.
Google.Solutions.Compute Verbose: 0 : SshRelayStream [TX: 2 TXA: 0 RX: 2 AQ: 2]: Disonnected.
Google.Solutions.Compute Verbose: 0 : SshRelayStream [TX: 2 TXA: 0 RX: 2 AQ: 2]: Disonnected.
Google.Solutions.Compute Verbose: 0 : SshRelayStream [TX: 2 TXA: 0 RX: 2 AQ: 2]: Disonnected.
Google.Solutions.Compute Verbose: 0 : SshRelayStream [TX: 2 TXA: 0 RX: 2 AQ: 2]: Disonnected.
Google.Solutions.Compute Verbose: 0 : SshRelayStream [TX: 2 TXA: 0 RX: 2 AQ: 2]: Disonnected.
Google.Solutions.Compute Verbose: 0 : SshRelayStream [TX: 2 TXA: 0 RX: 2 AQ: 2]: Disonnected.
Google.Solutions.Compute Verbose: 0 : SshRelayStream [TX: 2 TXA: 0 RX: 2 AQ: 2]: Disonnected.
Google.Solutions.Compute Verbose: 0 : SshRelayStream [TX: 2 TXA: 0 RX: 2 AQ: 2]: Disonnected.
Google.Solutions.Compute Verbose: 0 : SshRelayStream [TX: 2 TXA: 0 RX: 2 AQ: 2]: Disonnected.
Google.Solutions.Compute Verbose: 0 : SshRelayStream [TX: 2 TXA: 0 RX: 2 AQ: 2]: Disonnected.
Google.Solutions.Compute Verbose: 0 : SshRelayStream [TX: 2 TXA: 0 RX: 2 AQ: 2]: Disonnected.
Google.Solutions.Compute Verbose: 0 : SshRelayStream [TX: 2 TXA: 0 RX: 2 AQ: 2]: Disonnected.
Google.Solutions.Compute Verbose: 0 : SshRelayStream [TX: 2 TXA: 0 RX: 2 AQ: 2]: Disonnected.
Google.Solutions.Compute Verbose: 0 : SshRelayStream [TX: 2 TXA: 0 RX: 2 AQ: 2]: Disonnected.
Google.Solutions.Compute Verbose: 0 : SshRelayStream [TX: 2 TXA: 0 RX: 2 AQ: 2]: Disonnected.
Google.Solutions.Compute Verbose: 0 : SshRelayStream [TX: 2 TXA: 0 RX: 2 AQ: 2]: Disonnected.
Google.Solutions.Compute Verbose: 0 : SshRelayStream [TX: 2 TXA: 0 RX: 2 AQ: 2]: Disonnected.
Google.Solutions.Compute Verbose: 0 : SshRelayStream [TX: 2 TXA: 0 RX: 2 AQ: 2]: Disonnected.
Google.Solutions.Compute Verbose: 0 : SshRelayStream [TX: 2 TXA: 0 RX: 2 AQ: 2]: Disonnected.
Google.Solutions.Compute Verbose: 0 : SshRelayStream [TX: 2 TXA: 0 RX: 2 AQ: 2]: Disonnected.
Google.Solutions.Compute Verbose: 0 : SshRelayStream [TX: 2 TXA: 0 RX: 2 AQ: 2]: Disonnected.
Google.Solutions.Compute Verbose: 0 : SshRelayStream [TX: 2 TXA: 0 RX: 2 AQ: 2]: Disonnected.
Google.Solutions.Compute Verbose: 0 : SshRelayStream [TX: 2 TXA: 0 RX: 2 AQ: 2]: Disonnected.
Google.Solutions.Compute Verbose: 0 : SshRelayStream [TX: 2 TXA: 0 RX: 2 AQ: 2]: Disonnected.
Google.Solutions.Compute Verbose: 0 : SshRelayStream [TX: 2 TXA: 0 RX: 2 AQ: 2]: Disonnected.
Google.Solutions.Compute Verbose: 0 : SshRelayStream [TX: 2 TXA: 0 RX: 2 AQ: 2]: Disonnected.
Google.Solutions.Compute Verbose: 0 : SshRelayStream [TX: 2 TXA: 0 RX: 2 AQ: 2]: Disonnected.
Google.Solutions.Compute Verbose: 0 : SshRelayStream [TX: 2 TXA: 0 RX: 2 AQ: 2]: Disonnected.
Google.Solutions.Compute Verbose: 0 : SshRelayStream [TX: 2 TXA: 0 RX: 2 AQ: 2]: Disonnected.
Google.Solutions.Compute Verbose: 0 : SshRelayStream [TX: 2 TXA: 0 RX: 2 AQ: 2]: Disonnected.
Google.Solutions.Compute Verbose: 0 : SshRelayStream [TX: 2 TXA: 0 RX: 2 AQ: 2]: Disonnected.
Google.Solutions.Compute Verbose: 0 : SshRelayStream [TX: 2 TXA: 0 RX: 2 AQ: 2]: Disonnected.
Google.Solutions.Compute Verbose: 0 : SshRelayStream [TX: 2 TXA: 0 RX: 2 AQ: 2]: Disonnected.
Google.Solutions.Compute Verbose: 0 : SshRelayStream [TX: 2 TXA: 0 RX: 2 AQ: 2]: Disonnected.
Google.Solutions.Compute Verbose: 0 : SshRelayStream [TX: 2 TXA: 0 RX: 2 AQ: 2]: Disonnected.
Google.Solutions.Compute Verbose: 0 : SshRelayStream [TX: 2 TXA: 0 RX: 2 AQ: 2]: Disonnected.
Google.Solutions.Compute Verbose: 0 : SshRelayStream [TX: 2 TXA: 0 RX: 2 AQ: 2]: Disonnected.
Google.Solutions.Compute Verbose: 0 : SshRelayStream [TX: 2 TXA: 0 RX: 2 AQ: 2]: Disonnected.
Google.Solutions.Compute Verbose: 0 : SshRelayStream [TX: 2 TXA: 0 RX: 2 AQ: 2]: Disonnected.
Google.Solutions.Compute Verbose: 0 : SshRelayStream [TX: 2 TXA: 0 RX: 2 AQ: 2]: Disonnected.
Google.Solutions.Compute Verbose: 0 : SshRelayStream [TX: 2 TXA: 0 RX: 2 AQ: 2]: Disonnected.
Google.Solutions.Compute Verbose: 0 : SshRelayStream [TX: 2 TXA: 0 RX: 2 AQ: 2]: Disonnected.
Google.Solutions.Compute Verbose: 0 : SshRelayStream [TX: 2 TXA: 0 RX: 2 AQ: 2]: Disonnected.
Google.Solutions.Compute Verbose: 0 : SshRelayStream [TX: 2 TXA: 0 RX: 2 AQ: 2]: Disonnected.
Google.Solutions.Compute Verbose: 0 : SshRelayStream [TX: 2 TXA: 0 RX: 2 AQ: 2]: Disonnected.
Google.Solutions.Compute Verbose: 0 : SshRelayStream [TX: 2 TXA: 0 RX: 2 AQ: 2]: Disonnected.
Google.Solutions.Compute Verbose: 0 : SshRelayStream [TX: 2 TXA: 0 RX: 2 AQ: 2]: Disonnected.
Google.Solutions.Compute Verbose: 0 : SshRelayStream [TX: 2 TXA: 0 RX: 2 AQ: 2]: Disonnected.
Google.Solutions.Compute Verbose: 0 : SshRelayStream [TX: 2 TXA: 0 RX: 2 AQ: 2]: Disonnected.
Google.Solutions.Compute Verbose: 0 : SshRelayStream [TX: 2 TXA: 0 RX: 2 AQ: 2]: Disonnected.
Google.Solutions.Compute Verbose: 0 : SshRelayStream [TX: 2 TXA: 0 RX: 2 AQ: 2]: Reconnecting...
Google.Solutions.Compute Verbose: 0 : SshRelayStream [TX: 2 TXA: 0 RX: 2 AQ: 2]: Reconnecting...
Google.Solutions.Compute Verbose: 0 : SshRelayStream [TX: 2 TXA: 0 RX: 2 AQ: 2]: Reconnecting...
Google.Solutions.Compute Verbose: 0 : SshRelayStream [TX: 2 TXA: 0 RX: 2 AQ: 2]: Reconnecting...
Google.Solutions.Compute Verbose: 0 : SshRelayStream [TX: 2 TXA: 0 RX: 2 AQ: 2]: Reconnecting...
Google.Solutions.Compute Verbose: 0 : SshRelayStream [TX: 2 TXA: 0 RX: 2 AQ: 2]: Reconnecting...
Google.Solutions.Compute Verbose: 0 : SshRelayStream [TX: 2 TXA: 0 RX: 2 AQ: 2]: Reconnecting...
Google.Solutions.Compute Verbose: 0 : SshRelayStream [TX: 2 TXA: 0 RX: 2 AQ: 2]: Reconnecting...
Google.Solutions.Compute Verbose: 0 : SshRelayStream [TX: 2 TXA: 0 RX: 2 AQ: 2]: Reconnecting...
Google.Solutions.Compute Verbose: 0 : SshRelayStream [TX: 2 TXA: 0 RX: 2 AQ: 2]: Reconnecting...
Google.Solutions.Compute Verbose: 0 : SshRelayStream [TX: 2 TXA: 0 RX: 2 AQ: 2]: Reconnecting...
Google.Solutions.Compute Verbose: 0 : SshRelayStream [TX: 2 TXA: 0 RX: 2 AQ: 2]: Reconnecting...
Google.Solutions.Compute Verbose: 0 : SshRelayStream [TX: 2 TXA: 0 RX: 2 AQ: 2]: Reconnecting...
Google.Solutions.Compute Verbose: 0 : SshRelayStream [TX: 2 TXA: 0 RX: 2 AQ: 2]: Reconnecting...
Google.Solutions.Compute Verbose: 0 : SshRelayStream [TX: 2 TXA: 0 RX: 2 AQ: 2]: Reconnecting...
Google.Solutions.Compute Verbose: 0 : SshRelayStream [TX: 2 TXA: 0 RX: 2 AQ: 2]: Reconnecting...
Google.Solutions.Compute Verbose: 0 : SshRelayStream [TX: 2 TXA: 0 RX: 2 AQ: 2]: Reconnecting...
Google.Solutions.Compute Verbose: 0 : SshRelayStream [TX: 2 TXA: 0 RX: 2 AQ: 2]: Reconnecting...
Google.Solutions.Compute Verbose: 0 : SshRelayStream [TX: 2 TXA: 0 RX: 2 AQ: 2]: Reconnecting...
Google.Solutions.Compute Verbose: 0 : SshRelayStream [TX: 2 TXA: 0 RX: 2 AQ: 2]: Reconnecting...
Google.Solutions.Compute Verbose: 0 : SshRelayStream [TX: 2 TXA: 0 RX: 2 AQ: 2]: Reconnecting...
Google.Solutions.Compute Verbose: 0 : SshRelayStream [TX: 2 TXA: 0 RX: 2 AQ: 2]: Reconnecting...
Google.Solutions.Compute Verbose: 0 : SshRelayStream [TX: 2 TXA: 0 RX: 2 AQ: 2]: Reconnecting...
Google.Solutions.Compute Verbose: 0 : SshRelayStream [TX: 2 TXA: 0 RX: 2 AQ: 2]: Reconnecting...
Google.Solutions.Compute Verbose: 0 : SshRelayStream [TX: 2 TXA: 0 RX: 2 AQ: 2]: Reconnecting...
Google.Solutions.Compute Verbose: 0 : SshRelayStream [TX: 2 TXA: 0 RX: 2 AQ: 2]: Reconnecting...
Google.Solutions.Compute Verbose: 0 : SshRelayStream [TX: 2 TXA: 0 RX: 2 AQ: 2]: Reconnecting...
Google.Solutions.Compute Verbose: 0 : SshRelayStream [TX: 2 TXA: 0 RX: 2 AQ: 2]: Reconnecting...
Google.Solutions.Compute Verbose: 0 : SshRelayStream [TX: 2 TXA: 0 RX: 2 AQ: 2]: Reconnecting...
Google.Solutions.Compute Verbose: 0 : SshRelayStream [TX: 2 TXA: 0 RX: 2 AQ: 2]: Reconnecting...
Google.Solutions.Compute Verbose: 0 : SshRelayStream [TX: 2 TXA: 0 RX: 2 AQ: 2]: Reconnecting...
Google.Solutions.Compute Verbose: 0 : SshRelayStream [TX: 2 TXA: 0 RX: 2 AQ: 2]: Reconnecting...
Google.Solutions.Compute Verbose: 0 : SshRelayStream [TX: 2 TXA: 0 RX: 2 AQ: 2]: Reconnecting...
Google.Solutions.Compute Verbose: 0 : SshRelayStream [TX: 2 TXA: 0 RX: 2 AQ: 2]: Reconnecting...
Google.Solutions.Compute Verbose: 0 : SshRelayStream [TX: 2 TXA: 0 RX: 2 AQ: 2]: Reconnecting...
Google.Solutions.Compute Verbose: 0 : SshRelayStream [TX: 2 TXA: 0 RX: 2 AQ: 2]: Reconnecting...
Google.Solutions.Compute Verbose: 0 : SshRelayStream [TX: 2 TXA: 0 RX: 2 AQ: 2]: Reconnecting...
Google.Solutions.Compute Verbose: 0 : SshRelayStream [TX: 2 TXA: 0 RX: 2 AQ: 2]: Reconnecting...
Google.Solutions.Compute Verbose: 0 : SshRelayStream [TX: 2 TXA: 0 RX: 2 AQ: 2]: Reconnecting...
Google.Solutions.Compute Verbose: 0 : SshRelayStream [TX: 2 TXA: 0 RX: 2 AQ: 2]: Reconnecting...
Google.Solutions.Compute Verbose: 0 : SshRelayStream [TX: 2 TXA: 0 RX: 2 AQ: 2]: Reconnecting...
Google.Solutions.Compute Verbose: 0 : SshRelayStream [TX: 2 TXA: 0 RX: 2 AQ: 2]: Reconnecting...
Google.Solutions.Compute Verbose: 0 : SshRelayStream [TX: 2 TXA: 0 RX: 2 AQ: 2]: Reconnecting...
Google.Solutions.Compute Verbose: 0 : SshRelayStream [TX: 2 TXA: 0 RX: 2 AQ: 2]: Reconnecting...
Google.Solutions.Compute Verbose: 0 : SshRelayStream [TX: 2 TXA: 0 RX: 2 AQ: 2]: Reconnecting...
Google.Solutions.Compute Verbose: 0 : SshRelayStream [TX: 2 TXA: 0 RX: 2 AQ: 2]: Reconnecting...
Google.Solutions.Compute Verbose: 0 : SshRelayStream [TX: 2 TXA: 0 RX: 2 AQ: 2]: Reconnecting...
Google.Solutions.Compute Verbose: 0 : SshRelayStream [TX: 2 TXA: 0 RX: 2 AQ: 2]: Reconnecting...
Google.Solutions.Compute Verbose: 0 : SshRelayStream [TX: 2 TXA: 0 RX: 2 AQ: 2]: Reconnecting...
Google.Solutions.Compute Verbose: 0 : SshRelayStream [TX: 2 TXA: 0 RX: 2 AQ: 2]: Reconnecting...
Google.Solutions.Compute Verbose: 0 : SshRelayStream [TX: 2 TXA: 0 RX: 2 AQ: 2]: Reconnecting...
Google.Solutions.Compute Verbose: 0 : SshRelayStream [TX: 2 TXA: 0 RX: 2 AQ: 2]: Reconnecting...
Google.Solutions.Compute Verbose: 0 : SshRelayStream [TX: 2 TXA: 0 RX: 2 AQ: 2]: Reconnecting...
Google.Solutions.Compute Verbose: 0 : SshRelayStream [TX: 2 TXA: 0 RX: 2 AQ: 2]: Reconnecting...
Google.Solutions.Compute Verbose: 0 : SshRelayStream [TX: 2 TXA: 0 RX: 2 AQ: 2]: Reconnecting...
Google.Solutions.Compute Verbose: 0 : SshRelayStream [TX: 2 TXA: 0 RX: 2 AQ: 2]: Reconnecting...
Google.Solutions.Compute Verbose: 0 : SshRelayStream [TX: 2 TXA: 0 RX: 2 AQ: 2]: Reconnecting...
Google.Solutions.Compute Verbose: 0 : SshRelayStream [TX: 2 TXA: 0 RX: 2 AQ: 2]: Reconnecting...
Google.Solutions.Compute Verbose: 0 : SshRelayStream [TX: 2 TXA: 0 RX: 2 AQ: 2]: Reconnecting...
Google.Solutions.Compute Verbose: 0 : SshRelayStream [TX: 2 TXA: 0 RX: 2 AQ: 2]: Reconnecting...
Google.Solutions.Compute Verbose: 0 : SshRelayStream [TX: 2 TXA: 0 RX: 2 AQ: 2]: Reconnecting...
Google.Solutions.Compute Verbose: 0 : SshRelayStream [TX: 2 TXA: 0 RX: 2 AQ: 1]: Resending DATA #0...
Google.Solutions.Compute Verbose: 0 : SshRelayStream [TX: 2 TXA: 0 RX: 2 AQ: 1]: Resending DATA #0...
Google.Solutions.Compute Verbose: 0 : SshRelayStream [TX: 2 TXA: 0 RX: 2 AQ: 1]: Resending DATA #0...
Google.Solutions.Compute Verbose: 0 : SshRelayStream [TX: 2 TXA: 0 RX: 2 AQ: 1]: Resending DATA #0...
Google.Solutions.Compute Verbose: 0 : SshRelayStream [TX: 2 TXA: 0 RX: 2 AQ: 1]: Resending DATA #0...
Google.Solutions.Compute Verbose: 0 : SshRelayStream [TX: 2 TXA: 0 RX: 2 AQ: 1]: Resending DATA #0...
Google.Solutions.Compute Verbose: 0 : SshRelayStream [TX: 2 TXA: 0 RX: 2 AQ: 1]: Resending DATA #0...
Google.Solutions.Compute Verbose: 0 : SshRelayStream [TX: 2 TXA: 0 RX: 2 AQ: 1]: Resending DATA #0...
Google.Solutions.Compute Verbose: 0 : SshRelayStream [TX: 2 TXA: 0 RX: 2 AQ: 1]: Resending DATA #0...
Google.Solutions.Compute Verbose: 0 : SshRelayStream [TX: 2 TXA: 0 RX: 2 AQ: 1]: Resending DATA #0...
Google.Solutions.Compute Verbose: 0 : SshRelayStream [TX: 2 TXA: 0 RX: 2 AQ: 1]: Resending DATA #0...
Google.Solutions.Compute Verbose: 0 : SshRelayStream [TX: 2 TXA: 0 RX: 2 AQ: 1]: Resending DATA #0...
Google.Solutions.Compute Verbose: 0 : SshRelayStream [TX: 2 TXA: 0 RX: 2 AQ: 1]: Resending DATA #0...
Google.Solutions.Compute Verbose: 0 : SshRelayStream [TX: 2 TXA: 0 RX: 2 AQ: 1]: Resending DATA #0...
Google.Solutions.Compute Verbose: 0 : SshRelayStream [TX: 2 TXA: 0 RX: 2 AQ: 1]: Resending DATA #0...
Google.Solutions.Compute Verbose: 0 : SshRelayStream [TX: 2 TXA: 0 RX: 2 AQ: 1]: Resending DATA #0...
Google.Solutions.Compute Verbose: 0 : SshRelayStream [TX: 2 TXA: 0 RX: 2 AQ: 1]: Resending DATA #0...
Google.Solutions.Compute Verbose: 0 : SshRelayStream [TX: 2 TXA: 0 RX: 2 AQ: 1]: Resending DATA #0...
Google.Solutions.Compute Verbose: 0 : SshRelayStream [TX: 2 TXA: 0 RX: 2 AQ: 1]: Resending DATA #0...
Google.Solutions.Compute Verbose: 0 : SshRelayStream [TX: 2 TXA: 0 RX: 2 AQ: 1]: Resending DATA #0...
Google.Solutions.Compute Verbose: 0 : SshRelayStream [TX: 2 TXA: 0 RX: 2 AQ: 1]: Resending DATA #0...
Google.Solutions.Compute Verbose: 0 : SshRelayStream [TX: 2 TXA: 0 RX: 2 AQ: 1]: Resending DATA #0...
Google.Solutions.Compute Verbose: 0 : SshRelayStream [TX: 2 TXA: 0 RX: 2 AQ: 1]: Resending DATA #0...
Google.Solutions.Compute Verbose: 0 : SshRelayStream [TX: 2 TXA: 0 RX: 2 AQ: 1]: Resending DATA #0...
Google.Solutions.Compute Verbose: 0 : SshRelayStream [TX: 2 TXA: 0 RX: 2 AQ: 1]: Resending DATA #0...
Google.Solutions.Compute Verbose: 0 : SshRelayStream [TX: 2 TXA: 0 RX: 2 AQ: 1]: Resending DATA #0...
Google.Solutions.Compute Verbose: 0 : SshRelayStream [TX: 2 TXA: 0 RX: 2 AQ: 1]: Resending DATA #0...
Google.Solutions.Compute Verbose: 0 : SshRelayStream [TX: 2 TXA: 0 RX: 2 AQ: 1]: Resending DATA #0...
Google.Solutions.Compute Verbose: 0 : SshRelayStream [TX: 2 TXA: 0 RX: 2 AQ: 1]: Resending DATA #0...
Google.Solutions.Compute Verbose: 0 : SshRelayStream [TX: 2 TXA: 0 RX: 2 AQ: 1]: Resending DATA #0...
Google.Solutions.Compute Verbose: 0 : SshRelayStream [TX: 2 TXA: 0 RX: 2 AQ: 1]: Resending DATA #0...
Google.Solutions.Compute Verbose: 0 : SshRelayStream [TX: 2 TXA: 0 RX: 2 AQ: 1]: Resending DATA #0...
Google.Solutions.Compute Verbose: 0 : SshRelayStream [TX: 2 TXA: 0 RX: 2 AQ: 1]: Resending DATA #0...
Google.Solutions.Compute Verbose: 0 : SshRelayStream [TX: 2 TXA: 0 RX: 2 AQ: 1]: Resending DATA #0...
Google.Solutions.Compute Verbose: 0 : SshRelayStream [TX: 2 TXA: 0 RX: 2 AQ: 1]: Resending DATA #0...
Google.Solutions.Compute Verbose: 0 : SshRelayStream [TX: 2 TXA: 0 RX: 2 AQ: 1]: Resending DATA #0...
Google.Solutions.Compute Verbose: 0 : SshRelayStream [TX: 2 TXA: 0 RX: 2 AQ: 1]: Resending DATA #0...
Google.Solutions.Compute Verbose: 0 : SshRelayStream [TX: 2 TXA: 0 RX: 2 AQ: 1]: Resending DATA #0...
Google.Solutions.Compute Verbose: 0 : SshRelayStream [TX: 2 TXA: 0 RX: 2 AQ: 1]: Resending DATA #0...
Google.Solutions.Compute Verbose: 0 : SshRelayStream [TX: 2 TXA: 0 RX: 2 AQ: 1]: Resending DATA #0...
Google.Solutions.Compute Verbose: 0 : SshRelayStream [TX: 2 TXA: 0 RX: 2 AQ: 1]: Resending DATA #0...
Google.Solutions.Compute Verbose: 0 : SshRelayStream [TX: 2 TXA: 0 RX: 2 AQ: 1]: Resending DATA #0...
Google.Solutions.Compute Verbose: 0 : SshRelayStream [TX: 2 TXA: 0 RX: 2 AQ: 1]: Resending DATA #0...
Google.Solutions.Compute Verbose: 0 : SshRelayStream [TX: 2 TXA: 0 RX: 2 AQ: 1]: Resending DATA #0...
Google.Solutions.Compute Verbose: 0 : SshRelayStream [TX: 2 TXA: 0 RX: 2 AQ: 1]: Resending DATA #0...
Google.Solutions.Compute Verbose: 0 : SshRelayStream [TX: 2 TXA: 0 RX: 2 AQ: 1]: Resending DATA #0...
Google.Solutions.Compute Verbose: 0 : SshRelayStream [TX: 2 TXA: 0 RX: 2 AQ: 1]: Resending DATA #0...
Google.Solutions.Compute Verbose: 0 : SshRelayStream [TX: 2 TXA: 0 RX: 2 AQ: 1]: Resending DATA #0...
Google.Solutions.Compute Verbose: 0 : SshRelayStream [TX: 2 TXA: 0 RX: 2 AQ: 1]: Resending DATA #0...
Google.Solutions.Compute Verbose: 0 : SshRelayStream [TX: 2 TXA: 0 RX: 2 AQ: 1]: Resending DATA #0...
Google.Solutions.Compute Verbose: 0 : SshRelayStream [TX: 2 TXA: 0 RX: 2 AQ: 1]: Resending DATA #0...
Google.Solutions.Compute Verbose: 0 : SshRelayStream [TX: 2 TXA: 0 RX: 2 AQ: 1]: Resending DATA #0...
Google.Solutions.Compute Verbose: 0 : SshRelayStream [TX: 2 TXA: 0 RX: 2 AQ: 1]: Resending DATA #0...
Google.Solutions.Compute Verbose: 0 : SshRelayStream [TX: 2 TXA: 0 RX: 2 AQ: 1]: Resending DATA #0...
Google.Solutions.Compute Verbose: 0 : SshRelayStream [TX: 2 TXA: 0 RX: 2 AQ: 1]: Resending DATA #0...
Google.Solutions.Compute Verbose: 0 : SshRelayStream [TX: 2 TXA: 0 RX: 2 AQ: 1]: Resending DATA #0...
Google.Solutions.Compute Verbose: 0 : SshRelayStream [TX: 2 TXA: 0 RX: 2 AQ: 1]: Resending DATA #0...
Google.Solutions.Compute Verbose: 0 : SshRelayStream [TX: 2 TXA: 0 RX: 2 AQ: 1]: Resending DATA #0...
Google.Solutions.Compute Verbose: 0 : SshRelayStream [TX: 2 TXA: 0 RX: 2 AQ: 1]: Resending DATA #0...
Google.Solutions.Compute Verbose: 0 : SshRelayStream [TX: 2 TXA: 0 RX: 2 AQ: 1]: Resending DATA #0...
Google.Solutions.Compute Verbose: 0 : SshRelayStream [TX: 2 TXA: 0 RX: 2 AQ: 1]: Resending DATA #0...
Google.Solutions.Compute Verbose: 0 : SshRelayStream [TX: 2 TXA: 0 RX: 2 AQ: 0]: Resending DATA #1...
Google.Solutions.Compute Verbose: 0 : SshRelayStream [TX: 2 TXA: 0 RX: 2 AQ: 0]: Resending DATA #1...
Google.Solutions.Compute Verbose: 0 : SshRelayStream [TX: 2 TXA: 0 RX: 2 AQ: 0]: Resending DATA #1...
Google.Solutions.Compute Verbose: 0 : SshRelayStream [TX: 2 TXA: 0 RX: 2 AQ: 0]: Resending DATA #1...
Google.Solutions.Compute Verbose: 0 : SshRelayStream [TX: 2 TXA: 0 RX: 2 AQ: 0]: Resending DATA #1...
Google.Solutions.Compute Verbose: 0 : SshRelayStream [TX: 2 TXA: 0 RX: 2 AQ: 0]: Resending DATA #1...
Google.Solutions.Compute Verbose: 0 : SshRelayStream [TX: 2 TXA: 0 RX: 2 AQ: 0]: Resending DATA #1...
Google.Solutions.Compute Verbose: 0 : SshRelayStream [TX: 2 TXA: 0 RX: 2 AQ: 0]: Resending DATA #1...
Google.Solutions.Compute Verbose: 0 : SshRelayStream [TX: 2 TXA: 0 RX: 2 AQ: 0]: Resending DATA #1...
Google.Solutions.Compute Verbose: 0 : SshRelayStream [TX: 2 TXA: 0 RX: 2 AQ: 0]: Resending DATA #1...
Google.Solutions.Compute Verbose: 0 : SshRelayStream [TX: 2 TXA: 0 RX: 2 AQ: 0]: Resending DATA #1...
Google.Solutions.Compute Verbose: 0 : SshRelayStream [TX: 2 TXA: 0 RX: 2 AQ: 0]: Resending DATA #1...
Google.Solutions.Compute Verbose: 0 : SshRelayStream [TX: 2 TXA: 0 RX: 2 AQ: 0]: Resending DATA #1...
Google.Solutions.Compute Verbose: 0 : SshRelayStream [TX: 2 TXA: 0 RX: 2 AQ: 0]: Resending DATA #1...
Google.Solutions.Compute Verbose: 0 : SshRelayStream [TX: 2 TXA: 0 RX: 2 AQ: 0]: Resending DATA #1...
Google.Solutions.Compute Verbose: 0 : SshRelayStream [TX: 2 TXA: 0 RX: 2 AQ: 0]: Resending DATA #1...
Google.Solutions.Compute Verbose: 0 : SshRelayStream [TX: 2 TXA: 0 RX: 2 AQ: 0]: Resending DATA #1...
Google.Solutions.Compute Verbose: 0 : SshRelayStream [TX: 2 TXA: 0 RX: 2 AQ: 0]: Resending DATA #1...
Google.Solutions.Compute Verbose: 0 : SshRelayStream [TX: 2 TXA: 0 RX: 2 AQ: 0]: Resending DATA #1...
Google.Solutions.Compute Verbose: 0 : SshRelayStream [TX: 2 TXA: 0 RX: 2 AQ: 0]: Resending DATA #1...
Google.Solutions.Compute Verbose: 0 : SshRelayStream [TX: 2 TXA: 0 RX: 2 AQ: 0]: Resending DATA #1...
Google.Solutions.Compute Verbose: 0 : SshRelayStream [TX: 2 TXA: 0 RX: 2 AQ: 0]: Resending DATA #1...
Google.Solutions.Compute Verbose: 0 : SshRelayStream [TX: 2 TXA: 0 RX: 2 AQ: 0]: Resending DATA #1...
Google.Solutions.Compute Verbose: 0 : SshRelayStream [TX: 2 TXA: 0 RX: 2 AQ: 0]: Resending DATA #1...
Google.Solutions.Compute Verbose: 0 : SshRelayStream [TX: 2 TXA: 0 RX: 2 AQ: 0]: Resending DATA #1...
Google.Solutions.Compute Verbose: 0 : SshRelayStream [TX: 2 TXA: 0 RX: 2 AQ: 0]: Resending DATA #1...
Google.Solutions.Compute Verbose: 0 : SshRelayStream [TX: 2 TXA: 0 RX: 2 AQ: 0]: Resending DATA #1...
Google.Solutions.Compute Verbose: 0 : SshRelayStream [TX: 2 TXA: 0 RX: 2 AQ: 0]: Resending DATA #1...
Google.Solutions.Compute Verbose: 0 : SshRelayStream [TX: 2 TXA: 0 RX: 2 AQ: 0]: Resending DATA #1...
Google.Solutions.Compute Verbose: 0 : SshRelayStream [TX: 2 TXA: 0 RX: 2 AQ: 0]: Resending DATA #1...
Google.Solutions.Compute Verbose: 0 : SshRelayStream [TX: 2 TXA: 0 RX: 2 AQ: 0]: Resending DATA #1...
Google.Solutions.Compute Verbose: 0 : SshRelayStream [TX: 2 TXA: 0 RX: 2 AQ: 0]: Resending DATA #1...
Google.Solutions.Compute Verbose: 0 : SshRelayStream [TX: 2 TXA: 0 RX: 2 AQ: 0]: Resending DATA #1...
Google.Solutions.Compute Verbose: 0 : SshRelayStream [TX: 2 TXA: 0 RX: 2 AQ: 0]: Resending DATA #1...
Google.Solutions.Compute Verbose: 0 : SshRelayStream [TX: 2 TXA: 0 RX: 2 AQ: 0]: Resending DATA #1...
Google.Solutions.Compute Verbose: 0 : SshRelayStream [TX: 2 TXA: 0 RX: 2 AQ: 0]: Resending DATA #1...
Google.Solutions.Compute Verbose: 0 : SshRelayStream [TX: 2 TXA: 0 RX: 2 AQ: 0]: Resending DATA #1...
Google.Solutions.Compute Verbose: 0 : SshRelayStream [TX: 2 TXA: 0 RX: 2 AQ: 0]: Resending DATA #1...
Google.Solutions.Compute Verbose: 0 : SshRelayStream [TX: 2 TXA: 0 RX: 2 AQ: 0]: Resending DATA #1...
Google.Solutions.Compute Verbose: 0 : SshRelayStream [TX: 2 TXA: 0 RX: 2 AQ: 0]: Resending DATA #1...
Google.Solutions.Compute Verbose: 0 : SshRelayStream [TX: 2 TXA: 0 RX: 2 AQ: 0]: Resending DATA #1...
Google.Solutions.Compute Verbose: 0 : SshRelayStream [TX: 2 TXA: 0 RX: 2 AQ: 0]: Resending DATA #1...
Google.Solutions.Compute Verbose: 0 : SshRelayStream [TX: 2 TXA: 0 RX: 2 AQ: 0]: Resending DATA #1...
Google.Solutions.Compute Verbose: 0 : SshRelayStream [TX: 2 TXA: 0 RX: 2 AQ: 0]: Resending DATA #1...
Google.Solutions.Compute Verbose: 0 : SshRelayStream [TX: 2 TXA: 0 RX: 2 AQ: 0]: Resending DATA #1...
Google.Solutions.Compute Verbose: 0 : SshRelayStream [TX: 2 TXA: 0 RX: 2 AQ: 0]: Resending DATA #1...
Google.Solutions.Compute Verbose: 0 : SshRelayStream [TX: 2 TXA: 0 RX: 2 AQ: 0]: Resending DATA #1...
Google.Solutions.Compute Verbose: 0 : SshRelayStream [TX: 2 TXA: 0 RX: 2 AQ: 0]: Resending DATA #1...
Google.Solutions.Compute Verbose: 0 : SshRelayStream [TX: 2 TXA: 0 RX: 2 AQ: 0]: Resending DATA #1...
Google.Solutions.Compute Verbose: 0 : SshRelayStream [TX: 2 TXA: 0 RX: 2 AQ: 0]: Resending DATA #1...
Google.Solutions.Compute Verbose: 0 : SshRelayStream [TX: 2 TXA: 0 RX: 2 AQ: 0]: Resending DATA #1...
Google.Solutions.Compute Verbose: 0 : SshRelayStream [TX: 2 TXA: 0 RX: 2 AQ: 0]: Resending DATA #1...
Google.Solutions.Compute Verbose: 0 : SshRelayStream [TX: 2 TXA: 0 RX: 2 AQ: 0]: Resending DATA #1...
Google.Solutions.Compute Verbose: 0 : SshRelayStream [TX: 2 TXA: 0 RX: 2 AQ: 0]: Resending DATA #1...
Google.Solutions.Compute Verbose: 0 : SshRelayStream [TX: 2 TXA: 0 RX: 2 AQ: 0]: Resending DATA #1...
Google.Solutions.Compute Verbose: 0 : SshRelayStream [TX: 2 TXA: 0 RX: 2 AQ: 0]: Resending DATA #1...
Google.Solutions.Compute Verbose: 0 : SshRelayStream [TX: 2 TXA: 0 RX: 2 AQ: 0]: Resending DATA #1...
Google.Solutions.Compute Verbose: 0 : SshRelayStream [TX: 2 TXA: 0 RX: 2 AQ: 0]: Resending DATA #1...
Google.Solutions.Compute Verbose: 0 : SshRelayStream [TX: 2 TXA: 0 RX: 2 AQ: 0]: Resending DATA #1...
Google.Solutions.Compute Verbose: 0 : SshRelayStream [TX: 2 TXA: 0 RX: 2 AQ: 0]: Resending DATA #1...
Google.Solutions.Compute Verbose: 0 : SshRelayStream [TX: 2 TXA: 0 RX: 2 AQ: 0]: Resending DATA #1...
Google.Solutions.Compute Verbose: 0 : SshRelayStream [TX: 2 TXA: 0 RX: 2 AQ: 0]: Sending DATA #2...
Google.Solutions.Compute Verbose: 0 : SshRelayStream [TX: 2 TXA: 0 RX: 2 AQ: 0]: Sending DATA #2...
Google.Solutions.Compute Verbose: 0 : SshRelayStream [TX: 2 TXA: 0 RX: 2 AQ: 0]: Sending DATA #2...
Google.Solutions.Compute Verbose: 0 : SshRelayStream [TX: 2 TXA: 0 RX: 2 AQ: 0]: Sending DATA #2...
Google.Solutions.Compute Verbose: 0 : SshRelayStream [TX: 2 TXA: 0 RX: 2 AQ: 0]: Sending DATA #2...
Google.Solutions.Compute Verbose: 0 : SshRelayStream [TX: 2 TXA: 0 RX: 2 AQ: 0]: Sending DATA #2...
Google.Solutions.Compute Verbose: 0 : SshRelayStream [TX: 2 TXA: 0 RX: 2 AQ: 0]: Sending DATA #2...
Google.Solutions.Compute Verbose: 0 : SshRelayStream [TX: 2 TXA: 0 RX: 2 AQ: 0]: Sending DATA #2...
Google.Solutions.Compute Verbose: 0 : SshRelayStream [TX: 2 TXA: 0 RX: 2 AQ: 0]: Sending DATA #2...
Google.Solutions.Compute Verbose: 0 : SshRelayStream [TX: 2 TXA: 0 RX: 2 AQ: 0]: Sending DATA #2...
Google.Solutions.Compute Verbose: 0 : SshRelayStream [TX: 2 TXA: 0 RX: 2 AQ: 0]: Sending DATA #2...
Google.Solutions.Compute Verbose: 0 : SshRelayStream [TX: 2 TXA: 0 RX: 2 AQ: 0]: Sending DATA #2...
Google.Solutions.Compute Verbose: 0 : SshRelayStream [TX: 2 TXA: 0 RX: 2 AQ: 0]: Sending DATA #2...
Google.Solutions.Compute Verbose: 0 : SshRelayStream [TX: 2 TXA: 0 RX: 2 AQ: 0]: Sending DATA #2...
Google.Solutions.Compute Verbose: 0 : SshRelayStream [TX: 2 TXA: 0 RX: 2 AQ: 0]: Sending DATA #2...
Google.Solutions.Compute Verbose: 0 : SshRelayStream [TX: 2 TXA: 0 RX: 2 AQ: 0]: Sending DATA #2...
Google.Solutions.Compute Verbose: 0 : SshRelayStream [TX: 2 TXA: 0 RX: 2 AQ: 0]: Sending DATA #2...
Google.Solutions.Compute Verbose: 0 : SshRelayStream [TX: 2 TXA: 0 RX: 2 AQ: 0]: Sending DATA #2...
Google.Solutions.Compute Verbose: 0 : SshRelayStream [TX: 2 TXA: 0 RX: 2 AQ: 0]: Sending DATA #2...
Google.Solutions.Compute Verbose: 0 : SshRelayStream [TX: 2 TXA: 0 RX: 2 AQ: 0]: Sending DATA #2...
Google.Solutions.Compute Verbose: 0 : SshRelayStream [TX: 2 TXA: 0 RX: 2 AQ: 0]: Sending DATA #2...
Google.Solutions.Compute Verbose: 0 : SshRelayStream [TX: 2 TXA: 0 RX: 2 AQ: 0]: Sending DATA #2...
Google.Solutions.Compute Verbose: 0 : SshRelayStream [TX: 2 TXA: 0 RX: 2 AQ: 0]: Sending DATA #2...
Google.Solutions.Compute Verbose: 0 : SshRelayStream [TX: 2 TXA: 0 RX: 2 AQ: 0]: Sending DATA #2...
Google.Solutions.Compute Verbose: 0 : SshRelayStream [TX: 2 TXA: 0 RX: 2 AQ: 0]: Sending DATA #2...
Google.Solutions.Compute Verbose: 0 : SshRelayStream [TX: 2 TXA: 0 RX: 2 AQ: 0]: Sending DATA #2...
Google.Solutions.Compute Verbose: 0 : SshRelayStream [TX: 2 TXA: 0 RX: 2 AQ: 0]: Sending DATA #2...
Google.Solutions.Compute Verbose: 0 : SshRelayStream [TX: 2 TXA: 0 RX: 2 AQ: 0]: Sending DATA #2...
Google.Solutions.Compute Verbose: 0 : SshRelayStream [TX: 2 TXA: 0 RX: 2 AQ: 0]: Sending DATA #2...
Google.Solutions.Compute Verbose: 0 : SshRelayStream [TX: 2 TXA: 0 RX: 2 AQ: 0]: Sending DATA #2...
Google.Solutions.Compute Verbose: 0 : SshRelayStream [TX: 2 TXA: 0 RX: 2 AQ: 0]: Sending DATA #2...
Google.Solutions.Compute Verbose: 0 : SshRelayStream [TX: 2 TXA: 0 RX: 2 AQ: 0]: Sending DATA #2...
Google.Solutions.Compute Verbose: 0 : SshRelayStream [TX: 2 TXA: 0 RX: 2 AQ: 0]: Sending DATA #2...
Google.Solutions.Compute Verbose: 0 : SshRelayStream [TX: 2 TXA: 0 RX: 2 AQ: 0]: Sending DATA #2...
Google.Solutions.Compute Verbose: 0 : SshRelayStream [TX: 2 TXA: 0 RX: 2 AQ: 0]: Sending DATA #2...
Google.Solutions.Compute Verbose: 0 : SshRelayStream [TX: 2 TXA: 0 RX: 2 AQ: 0]: Sending DATA #2...
Google.Solutions.Compute Verbose: 0 : SshRelayStream [TX: 2 TXA: 0 RX: 2 AQ: 0]: Sending DATA #2...
Google.Solutions.Compute Verbose: 0 : SshRelayStream [TX: 2 TXA: 0 RX: 2 AQ: 0]: Sending DATA #2...
Google.Solutions.Compute Verbose: 0 : SshRelayStream [TX: 2 TXA: 0 RX: 2 AQ: 0]: Sending DATA #2...
Google.Solutions.Compute Verbose: 0 : SshRelayStream [TX: 2 TXA: 0 RX: 2 AQ: 0]: Sending DATA #2...
Google.Solutions.Compute Verbose: 0 : SshRelayStream [TX: 2 TXA: 0 RX: 2 AQ: 0]: Sending DATA #2...
Google.Solutions.Compute Verbose: 0 : SshRelayStream [TX: 2 TXA: 0 RX: 2 AQ: 0]: Sending DATA #2...
Google.Solutions.Compute Verbose: 0 : SshRelayStream [TX: 2 TXA: 0 RX: 2 AQ: 0]: Sending DATA #2...
Google.Solutions.Compute Verbose: 0 : SshRelayStream [TX: 2 TXA: 0 RX: 2 AQ: 0]: Sending DATA #2...
Google.Solutions.Compute Verbose: 0 : SshRelayStream [TX: 2 TXA: 0 RX: 2 AQ: 0]: Sending DATA #2...
Google.Solutions.Compute Verbose: 0 : SshRelayStream [TX: 2 TXA: 0 RX: 2 AQ: 0]: Sending DATA #2...
Google.Solutions.Compute Verbose: 0 : SshRelayStream [TX: 2 TXA: 0 RX: 2 AQ: 0]: Sending DATA #2...
Google.Solutions.Compute Verbose: 0 : SshRelayStream [TX: 2 TXA: 0 RX: 2 AQ: 0]: Sending DATA #2...
Google.Solutions.Compute Verbose: 0 : SshRelayStream [TX: 2 TXA: 0 RX: 2 AQ: 0]: Sending DATA #2...
Google.Solutions.Compute Verbose: 0 : SshRelayStream [TX: 2 TXA: 0 RX: 2 AQ: 0]: Sending DATA #2...
Google.Solutions.Compute Verbose: 0 : SshRelayStream [TX: 2 TXA: 0 RX: 2 AQ: 0]: Sending DATA #2...
Google.Solutions.Compute Verbose: 0 : SshRelayStream [TX: 2 TXA: 0 RX: 2 AQ: 0]: Sending DATA #2...
Google.Solutions.Compute Verbose: 0 : SshRelayStream [TX: 2 TXA: 0 RX: 2 AQ: 0]: Sending DATA #2...
Google.Solutions.Compute Verbose: 0 : SshRelayStream [TX: 2 TXA: 0 RX: 2 AQ: 0]: Sending DATA #2...
Google.Solutions.Compute Verbose: 0 : SshRelayStream [TX: 2 TXA: 0 RX: 2 AQ: 0]: Sending DATA #2...
Google.Solutions.Compute Verbose: 0 : SshRelayStream [TX: 2 TXA: 0 RX: 2 AQ: 0]: Sending DATA #2...
Google.Solutions.Compute Verbose: 0 : SshRelayStream [TX: 2 TXA: 0 RX: 2 AQ: 0]: Sending DATA #2...
Google.Solutions.Compute Verbose: 0 : SshRelayStream [TX: 2 TXA: 0 RX: 2 AQ: 0]: Sending DATA #2...
Google.Solutions.Compute Verbose: 0 : SshRelayStream [TX: 2 TXA: 0 RX: 2 AQ: 0]: Sending DATA #2...
Google.Solutions.Compute Verbose: 0 : SshRelayStream [TX: 2 TXA: 0 RX: 2 AQ: 0]: Sending DATA #2...
Google.Solutions.Compute Verbose: 0 : SshRelayStream [TX: 2 TXA: 0 RX: 2 AQ: 0]: Sending DATA #2...
</system-out></testcase><testcase name="WriteAfterForcefulServerCloseCausesReconnectAndDataBeingResentIfDataReadBefore(4000)" assertions="9" time="0.001875" status="Passed" classname="Google.Solutions.Compute.Test.Iap.TestSshRelayStreamWriting"><system-out>Google.Solutions.Compute Verbose: 0 : SshRelayStream [TX: 0 TXA: 0 RX: 0 AQ: 0]: Connecting...
Google.Solutions.Compute Verbose: 0 : SshRelayStream [TX: 0 TXA: 0 RX: 0 AQ: 0]: Connecting...
Google.Solutions.Compute Verbose: 0 : SshRelayStream [TX: 0 TXA: 0 RX: 0 AQ: 0]: Connecting...
Google.Solutions.Compute Verbose: 0 : SshRelayStream [TX: 0 TXA: 0 RX: 0 AQ: 0]: Connecting...
Google.Solutions.Compute Verbose: 0 : SshRelayStream [TX: 0 TXA: 0 RX: 0 AQ: 0]: Connecting...
Google.Solutions.Compute Verbose: 0 : SshRelayStream [TX: 0 TXA: 0 RX: 0 AQ: 0]: Connecting...
Google.Solutions.Compute Verbose: 0 : SshRelayStream [TX: 0 TXA: 0 RX: 0 AQ: 0]: Connecting...
Google.Solutions.Compute Verbose: 0 : SshRelayStream [TX: 0 TXA: 0 RX: 0 AQ: 0]: Connecting...
Google.Solutions.Compute Verbose: 0 : SshRelayStream [TX: 0 TXA: 0 RX: 0 AQ: 0]: Connecting...
Google.Solutions.Compute Verbose: 0 : SshRelayStream [TX: 0 TXA: 0 RX: 0 AQ: 0]: Connecting...
Google.Solutions.Compute Verbose: 0 : SshRelayStream [TX: 0 TXA: 0 RX: 0 AQ: 0]: Connecting...
Google.Solutions.Compute Verbose: 0 : SshRelayStream [TX: 0 TXA: 0 RX: 0 AQ: 0]: Connecting...
Google.Solutions.Compute Verbose: 0 : SshRelayStream [TX: 0 TXA: 0 RX: 0 AQ: 0]: Connecting...
Google.Solutions.Compute Verbose: 0 : SshRelayStream [TX: 0 TXA: 0 RX: 0 AQ: 0]: Connecting...
Google.Solutions.Compute Verbose: 0 : SshRelayStream [TX: 0 TXA: 0 RX: 0 AQ: 0]: Connecting...
Google.Solutions.Compute Verbose: 0 : SshRelayStream [TX: 0 TXA: 0 RX: 0 AQ: 0]: Connecting...
Google.Solutions.Compute Verbose: 0 : SshRelayStream [TX: 0 TXA: 0 RX: 0 AQ: 0]: Connecting...
Google.Solutions.Compute Verbose: 0 : SshRelayStream [TX: 0 TXA: 0 RX: 0 AQ: 0]: Connecting...
Google.Solutions.Compute Verbose: 0 : SshRelayStream [TX: 0 TXA: 0 RX: 0 AQ: 0]: Connecting...
Google.Solutions.Compute Verbose: 0 : SshRelayStream [TX: 0 TXA: 0 RX: 0 AQ: 0]: Connecting...
Google.Solutions.Compute Verbose: 0 : SshRelayStream [TX: 0 TXA: 0 RX: 0 AQ: 0]: Connecting...
Google.Solutions.Compute Verbose: 0 : SshRelayStream [TX: 0 TXA: 0 RX: 0 AQ: 0]: Connecting...
Google.Solutions.Compute Verbose: 0 : SshRelayStream [TX: 0 TXA: 0 RX: 0 AQ: 0]: Connecting...
Google.Solutions.Compute Verbose: 0 : SshRelayStream [TX: 0 TXA: 0 RX: 0 AQ: 0]: Connecting...
Google.Solutions.Compute Verbose: 0 : SshRelayStream [TX: 0 TXA: 0 RX: 0 AQ: 0]: Connecting...
Google.Solutions.Compute Verbose: 0 : SshRelayStream [TX: 0 TXA: 0 RX: 0 AQ: 0]: Connecting...
Google.Solutions.Compute Verbose: 0 : SshRelayStream [TX: 0 TXA: 0 RX: 0 AQ: 0]: Connecting...
Google.Solutions.Compute Verbose: 0 : SshRelayStream [TX: 0 TXA: 0 RX: 0 AQ: 0]: Connecting...
Google.Solutions.Compute Verbose: 0 : SshRelayStream [TX: 0 TXA: 0 RX: 0 AQ: 0]: Connecting...
Google.Solutions.Compute Verbose: 0 : SshRelayStream [TX: 0 TXA: 0 RX: 0 AQ: 0]: Connecting...
Google.Solutions.Compute Verbose: 0 : SshRelayStream [TX: 0 TXA: 0 RX: 0 AQ: 0]: Connecting...
Google.Solutions.Compute Verbose: 0 : SshRelayStream [TX: 0 TXA: 0 RX: 0 AQ: 0]: Connecting...
Google.Solutions.Compute Verbose: 0 : SshRelayStream [TX: 0 TXA: 0 RX: 0 AQ: 0]: Connecting...
Google.Solutions.Compute Verbose: 0 : SshRelayStream [TX: 0 TXA: 0 RX: 0 AQ: 0]: Connecting...
Google.Solutions.Compute Verbose: 0 : SshRelayStream [TX: 0 TXA: 0 RX: 0 AQ: 0]: Connecting...
Google.Solutions.Compute Verbose: 0 : SshRelayStream [TX: 0 TXA: 0 RX: 0 AQ: 0]: Connecting...
Google.Solutions.Compute Verbose: 0 : SshRelayStream [TX: 0 TXA: 0 RX: 0 AQ: 0]: Connecting...
Google.Solutions.Compute Verbose: 0 : SshRelayStream [TX: 0 TXA: 0 RX: 0 AQ: 0]: Connecting...
Google.Solutions.Compute Verbose: 0 : SshRelayStream [TX: 0 TXA: 0 RX: 0 AQ: 0]: Connecting...
Google.Solutions.Compute Verbose: 0 : SshRelayStream [TX: 0 TXA: 0 RX: 0 AQ: 0]: Connecting...
Google.Solutions.Compute Verbose: 0 : SshRelayStream [TX: 0 TXA: 0 RX: 0 AQ: 0]: Connecting...
Google.Solutions.Compute Verbose: 0 : SshRelayStream [TX: 0 TXA: 0 RX: 0 AQ: 0]: Connecting...
Google.Solutions.Compute Verbose: 0 : SshRelayStream [TX: 0 TXA: 0 RX: 0 AQ: 0]: Connecting...
Google.Solutions.Compute Verbose: 0 : SshRelayStream [TX: 0 TXA: 0 RX: 0 AQ: 0]: Connecting...
Google.Solutions.Compute Verbose: 0 : SshRelayStream [TX: 0 TXA: 0 RX: 0 AQ: 0]: Connecting...
Google.Solutions.Compute Verbose: 0 : SshRelayStream [TX: 0 TXA: 0 RX: 0 AQ: 0]: Connecting...
Google.Solutions.Compute Verbose: 0 : SshRelayStream [TX: 0 TXA: 0 RX: 0 AQ: 0]: Connecting...
Google.Solutions.Compute Verbose: 0 : SshRelayStream [TX: 0 TXA: 0 RX: 0 AQ: 0]: Connecting...
Google.Solutions.Compute Verbose: 0 : SshRelayStream [TX: 0 TXA: 0 RX: 0 AQ: 0]: Connecting...
Google.Solutions.Compute Verbose: 0 : SshRelayStream [TX: 0 TXA: 0 RX: 0 AQ: 0]: Connecting...
Google.Solutions.Compute Verbose: 0 : SshRelayStream [TX: 0 TXA: 0 RX: 0 AQ: 0]: Connecting...
Google.Solutions.Compute Verbose: 0 : SshRelayStream [TX: 0 TXA: 0 RX: 0 AQ: 0]: Connecting...
Google.Solutions.Compute Verbose: 0 : SshRelayStream [TX: 0 TXA: 0 RX: 0 AQ: 0]: Connecting...
Google.Solutions.Compute Verbose: 0 : SshRelayStream [TX: 0 TXA: 0 RX: 0 AQ: 0]: Connecting...
Google.Solutions.Compute Verbose: 0 : SshRelayStream [TX: 0 TXA: 0 RX: 0 AQ: 0]: Connecting...
Google.Solutions.Compute Verbose: 0 : SshRelayStream [TX: 0 TXA: 0 RX: 0 AQ: 0]: Connecting...
Google.Solutions.Compute Verbose: 0 : SshRelayStream [TX: 0 TXA: 0 RX: 0 AQ: 0]: Connecting...
Google.Solutions.Compute Verbose: 0 : SshRelayStream [TX: 0 TXA: 0 RX: 0 AQ: 0]: Connecting...
Google.Solutions.Compute Verbose: 0 : SshRelayStream [TX: 0 TXA: 0 RX: 0 AQ: 0]: Connecting...
Google.Solutions.Compute Verbose: 0 : SshRelayStream [TX: 0 TXA: 0 RX: 0 AQ: 0]: Connecting...
Google.Solutions.Compute Verbose: 0 : SshRelayStream [TX: 0 TXA: 0 RX: 0 AQ: 0]: Connecting...
Google.Solutions.Compute Verbose: 0 : SshRelayStream [TX: 0 TXA: 0 RX: 0 AQ: 0]: Connecting...
Google.Solutions.Compute Verbose: 0 : SshRelayStream [TX: 0 TXA: 0 RX: 0 AQ: 0]: Sending DATA #0...
Google.Solutions.Compute Verbose: 0 : SshRelayStream [TX: 0 TXA: 0 RX: 0 AQ: 0]: Sending DATA #0...
Google.Solutions.Compute Verbose: 0 : SshRelayStream [TX: 0 TXA: 0 RX: 0 AQ: 0]: Sending DATA #0...
Google.Solutions.Compute Verbose: 0 : SshRelayStream [TX: 0 TXA: 0 RX: 0 AQ: 0]: Sending DATA #0...
Google.Solutions.Compute Verbose: 0 : SshRelayStream [TX: 0 TXA: 0 RX: 0 AQ: 0]: Sending DATA #0...
Google.Solutions.Compute Verbose: 0 : SshRelayStream [TX: 0 TXA: 0 RX: 0 AQ: 0]: Sending DATA #0...
Google.Solutions.Compute Verbose: 0 : SshRelayStream [TX: 0 TXA: 0 RX: 0 AQ: 0]: Sending DATA #0...
Google.Solutions.Compute Verbose: 0 : SshRelayStream [TX: 0 TXA: 0 RX: 0 AQ: 0]: Sending DATA #0...
Google.Solutions.Compute Verbose: 0 : SshRelayStream [TX: 0 TXA: 0 RX: 0 AQ: 0]: Sending DATA #0...
Google.Solutions.Compute Verbose: 0 : SshRelayStream [TX: 0 TXA: 0 RX: 0 AQ: 0]: Sending DATA #0...
Google.Solutions.Compute Verbose: 0 : SshRelayStream [TX: 0 TXA: 0 RX: 0 AQ: 0]: Sending DATA #0...
Google.Solutions.Compute Verbose: 0 : SshRelayStream [TX: 0 TXA: 0 RX: 0 AQ: 0]: Sending DATA #0...
Google.Solutions.Compute Verbose: 0 : SshRelayStream [TX: 0 TXA: 0 RX: 0 AQ: 0]: Sending DATA #0...
Google.Solutions.Compute Verbose: 0 : SshRelayStream [TX: 0 TXA: 0 RX: 0 AQ: 0]: Sending DATA #0...
Google.Solutions.Compute Verbose: 0 : SshRelayStream [TX: 0 TXA: 0 RX: 0 AQ: 0]: Sending DATA #0...
Google.Solutions.Compute Verbose: 0 : SshRelayStream [TX: 0 TXA: 0 RX: 0 AQ: 0]: Sending DATA #0...
Google.Solutions.Compute Verbose: 0 : SshRelayStream [TX: 0 TXA: 0 RX: 0 AQ: 0]: Sending DATA #0...
Google.Solutions.Compute Verbose: 0 : SshRelayStream [TX: 0 TXA: 0 RX: 0 AQ: 0]: Sending DATA #0...
Google.Solutions.Compute Verbose: 0 : SshRelayStream [TX: 0 TXA: 0 RX: 0 AQ: 0]: Sending DATA #0...
Google.Solutions.Compute Verbose: 0 : SshRelayStream [TX: 0 TXA: 0 RX: 0 AQ: 0]: Sending DATA #0...
Google.Solutions.Compute Verbose: 0 : SshRelayStream [TX: 0 TXA: 0 RX: 0 AQ: 0]: Sending DATA #0...
Google.Solutions.Compute Verbose: 0 : SshRelayStream [TX: 0 TXA: 0 RX: 0 AQ: 0]: Sending DATA #0...
Google.Solutions.Compute Verbose: 0 : SshRelayStream [TX: 0 TXA: 0 RX: 0 AQ: 0]: Sending DATA #0...
Google.Solutions.Compute Verbose: 0 : SshRelayStream [TX: 0 TXA: 0 RX: 0 AQ: 0]: Sending DATA #0...
Google.Solutions.Compute Verbose: 0 : SshRelayStream [TX: 0 TXA: 0 RX: 0 AQ: 0]: Sending DATA #0...
Google.Solutions.Compute Verbose: 0 : SshRelayStream [TX: 0 TXA: 0 RX: 0 AQ: 0]: Sending DATA #0...
Google.Solutions.Compute Verbose: 0 : SshRelayStream [TX: 0 TXA: 0 RX: 0 AQ: 0]: Sending DATA #0...
Google.Solutions.Compute Verbose: 0 : SshRelayStream [TX: 0 TXA: 0 RX: 0 AQ: 0]: Sending DATA #0...
Google.Solutions.Compute Verbose: 0 : SshRelayStream [TX: 0 TXA: 0 RX: 0 AQ: 0]: Sending DATA #0...
Google.Solutions.Compute Verbose: 0 : SshRelayStream [TX: 0 TXA: 0 RX: 0 AQ: 0]: Sending DATA #0...
Google.Solutions.Compute Verbose: 0 : SshRelayStream [TX: 0 TXA: 0 RX: 0 AQ: 0]: Sending DATA #0...
Google.Solutions.Compute Verbose: 0 : SshRelayStream [TX: 0 TXA: 0 RX: 0 AQ: 0]: Sending DATA #0...
Google.Solutions.Compute Verbose: 0 : SshRelayStream [TX: 0 TXA: 0 RX: 0 AQ: 0]: Sending DATA #0...
Google.Solutions.Compute Verbose: 0 : SshRelayStream [TX: 0 TXA: 0 RX: 0 AQ: 0]: Sending DATA #0...
Google.Solutions.Compute Verbose: 0 : SshRelayStream [TX: 0 TXA: 0 RX: 0 AQ: 0]: Sending DATA #0...
Google.Solutions.Compute Verbose: 0 : SshRelayStream [TX: 0 TXA: 0 RX: 0 AQ: 0]: Sending DATA #0...
Google.Solutions.Compute Verbose: 0 : SshRelayStream [TX: 0 TXA: 0 RX: 0 AQ: 0]: Sending DATA #0...
Google.Solutions.Compute Verbose: 0 : SshRelayStream [TX: 0 TXA: 0 RX: 0 AQ: 0]: Sending DATA #0...
Google.Solutions.Compute Verbose: 0 : SshRelayStream [TX: 0 TXA: 0 RX: 0 AQ: 0]: Sending DATA #0...
Google.Solutions.Compute Verbose: 0 : SshRelayStream [TX: 0 TXA: 0 RX: 0 AQ: 0]: Sending DATA #0...
Google.Solutions.Compute Verbose: 0 : SshRelayStream [TX: 0 TXA: 0 RX: 0 AQ: 0]: Sending DATA #0...
Google.Solutions.Compute Verbose: 0 : SshRelayStream [TX: 0 TXA: 0 RX: 0 AQ: 0]: Sending DATA #0...
Google.Solutions.Compute Verbose: 0 : SshRelayStream [TX: 0 TXA: 0 RX: 0 AQ: 0]: Sending DATA #0...
Google.Solutions.Compute Verbose: 0 : SshRelayStream [TX: 0 TXA: 0 RX: 0 AQ: 0]: Sending DATA #0...
Google.Solutions.Compute Verbose: 0 : SshRelayStream [TX: 0 TXA: 0 RX: 0 AQ: 0]: Sending DATA #0...
Google.Solutions.Compute Verbose: 0 : SshRelayStream [TX: 0 TXA: 0 RX: 0 AQ: 0]: Sending DATA #0...
Google.Solutions.Compute Verbose: 0 : SshRelayStream [TX: 0 TXA: 0 RX: 0 AQ: 0]: Sending DATA #0...
Google.Solutions.Compute Verbose: 0 : SshRelayStream [TX: 0 TXA: 0 RX: 0 AQ: 0]: Sending DATA #0...
Google.Solutions.Compute Verbose: 0 : SshRelayStream [TX: 0 TXA: 0 RX: 0 AQ: 0]: Sending DATA #0...
Google.Solutions.Compute Verbose: 0 : SshRelayStream [TX: 0 TXA: 0 RX: 0 AQ: 0]: Sending DATA #0...
Google.Solutions.Compute Verbose: 0 : SshRelayStream [TX: 0 TXA: 0 RX: 0 AQ: 0]: Sending DATA #0...
Google.Solutions.Compute Verbose: 0 : SshRelayStream [TX: 0 TXA: 0 RX: 0 AQ: 0]: Sending DATA #0...
Google.Solutions.Compute Verbose: 0 : SshRelayStream [TX: 0 TXA: 0 RX: 0 AQ: 0]: Sending DATA #0...
Google.Solutions.Compute Verbose: 0 : SshRelayStream [TX: 0 TXA: 0 RX: 0 AQ: 0]: Sending DATA #0...
Google.Solutions.Compute Verbose: 0 : SshRelayStream [TX: 0 TXA: 0 RX: 0 AQ: 0]: Sending DATA #0...
Google.Solutions.Compute Verbose: 0 : SshRelayStream [TX: 0 TXA: 0 RX: 0 AQ: 0]: Sending DATA #0...
Google.Solutions.Compute Verbose: 0 : SshRelayStream [TX: 0 TXA: 0 RX: 0 AQ: 0]: Sending DATA #0...
Google.Solutions.Compute Verbose: 0 : SshRelayStream [TX: 0 TXA: 0 RX: 0 AQ: 0]: Sending DATA #0...
Google.Solutions.Compute Verbose: 0 : SshRelayStream [TX: 0 TXA: 0 RX: 0 AQ: 0]: Sending DATA #0...
Google.Solutions.Compute Verbose: 0 : SshRelayStream [TX: 0 TXA: 0 RX: 0 AQ: 0]: Sending DATA #0...
Google.Solutions.Compute Verbose: 0 : SshRelayStream [TX: 0 TXA: 0 RX: 0 AQ: 0]: Sending DATA #0...
Google.Solutions.Compute Verbose: 0 : SshRelayStream [TX: 0 TXA: 0 RX: 0 AQ: 0]: Sending DATA #0...
Google.Solutions.Compute Verbose: 0 : SshRelayStream [TX: 1 TXA: 0 RX: 0 AQ: 1]: Connected session &lt;\u0000&gt;
Google.Solutions.Compute Verbose: 0 : SshRelayStream [TX: 1 TXA: 0 RX: 0 AQ: 1]: Connected session &lt;\u0000&gt;
Google.Solutions.Compute Verbose: 0 : SshRelayStream [TX: 1 TXA: 0 RX: 0 AQ: 1]: Connected session &lt;\u0000&gt;
Google.Solutions.Compute Verbose: 0 : SshRelayStream [TX: 1 TXA: 0 RX: 0 AQ: 1]: Connected session &lt;\u0000&gt;
Google.Solutions.Compute Verbose: 0 : SshRelayStream [TX: 1 TXA: 0 RX: 0 AQ: 1]: Connected session &lt;\u0000&gt;
Google.Solutions.Compute Verbose: 0 : SshRelayStream [TX: 1 TXA: 0 RX: 0 AQ: 1]: Connected session &lt;\u0000&gt;
Google.Solutions.Compute Verbose: 0 : SshRelayStream [TX: 1 TXA: 0 RX: 0 AQ: 1]: Connected session &lt;\u0000&gt;
Google.Solutions.Compute Verbose: 0 : SshRelayStream [TX: 1 TXA: 0 RX: 0 AQ: 1]: Connected session &lt;\u0000&gt;
Google.Solutions.Compute Verbose: 0 : SshRelayStream [TX: 1 TXA: 0 RX: 0 AQ: 1]: Connected session &lt;\u0000&gt;
Google.Solutions.Compute Verbose: 0 : SshRelayStream [TX: 1 TXA: 0 RX: 0 AQ: 1]: Connected session &lt;\u0000&gt;
Google.Solutions.Compute Verbose: 0 : SshRelayStream [TX: 1 TXA: 0 RX: 0 AQ: 1]: Connected session &lt;\u0000&gt;
Google.Solutions.Compute Verbose: 0 : SshRelayStream [TX: 1 TXA: 0 RX: 0 AQ: 1]: Connected session &lt;\u0000&gt;
Google.Solutions.Compute Verbose: 0 : SshRelayStream [TX: 1 TXA: 0 RX: 0 AQ: 1]: Connected session &lt;\u0000&gt;
Google.Solutions.Compute Verbose: 0 : SshRelayStream [TX: 1 TXA: 0 RX: 0 AQ: 1]: Connected session &lt;\u0000&gt;
Google.Solutions.Compute Verbose: 0 : SshRelayStream [TX: 1 TXA: 0 RX: 0 AQ: 1]: Connected session &lt;\u0000&gt;
Google.Solutions.Compute Verbose: 0 : SshRelayStream [TX: 1 TXA: 0 RX: 0 AQ: 1]: Connected session &lt;\u0000&gt;
Google.Solutions.Compute Verbose: 0 : SshRelayStream [TX: 1 TXA: 0 RX: 0 AQ: 1]: Connected session &lt;\u0000&gt;
Google.Solutions.Compute Verbose: 0 : SshRelayStream [TX: 1 TXA: 0 RX: 0 AQ: 1]: Connected session &lt;\u0000&gt;
Google.Solutions.Compute Verbose: 0 : SshRelayStream [TX: 1 TXA: 0 RX: 0 AQ: 1]: Connected session &lt;\u0000&gt;
Google.Solutions.Compute Verbose: 0 : SshRelayStream [TX: 1 TXA: 0 RX: 0 AQ: 1]: Connected session &lt;\u0000&gt;
Google.Solutions.Compute Verbose: 0 : SshRelayStream [TX: 1 TXA: 0 RX: 0 AQ: 1]: Connected session &lt;\u0000&gt;
Google.Solutions.Compute Verbose: 0 : SshRelayStream [TX: 1 TXA: 0 RX: 0 AQ: 1]: Connected session &lt;\u0000&gt;
Google.Solutions.Compute Verbose: 0 : SshRelayStream [TX: 1 TXA: 0 RX: 0 AQ: 1]: Connected session &lt;\u0000&gt;
Google.Solutions.Compute Verbose: 0 : SshRelayStream [TX: 1 TXA: 0 RX: 0 AQ: 1]: Connected session &lt;\u0000&gt;
Google.Solutions.Compute Verbose: 0 : SshRelayStream [TX: 1 TXA: 0 RX: 0 AQ: 1]: Connected session &lt;\u0000&gt;
Google.Solutions.Compute Verbose: 0 : SshRelayStream [TX: 1 TXA: 0 RX: 0 AQ: 1]: Connected session &lt;\u0000&gt;
Google.Solutions.Compute Verbose: 0 : SshRelayStream [TX: 1 TXA: 0 RX: 0 AQ: 1]: Connected session &lt;\u0000&gt;
Google.Solutions.Compute Verbose: 0 : SshRelayStream [TX: 1 TXA: 0 RX: 0 AQ: 1]: Connected session &lt;\u0000&gt;
Google.Solutions.Compute Verbose: 0 : SshRelayStream [TX: 1 TXA: 0 RX: 0 AQ: 1]: Connected session &lt;\u0000&gt;
Google.Solutions.Compute Verbose: 0 : SshRelayStream [TX: 1 TXA: 0 RX: 0 AQ: 1]: Connected session &lt;\u0000&gt;
Google.Solutions.Compute Verbose: 0 : SshRelayStream [TX: 1 TXA: 0 RX: 0 AQ: 1]: Connected session &lt;\u0000&gt;
Google.Solutions.Compute Verbose: 0 : SshRelayStream [TX: 1 TXA: 0 RX: 0 AQ: 1]: Connected session &lt;\u0000&gt;
Google.Solutions.Compute Verbose: 0 : SshRelayStream [TX: 1 TXA: 0 RX: 0 AQ: 1]: Connected session &lt;\u0000&gt;
Google.Solutions.Compute Verbose: 0 : SshRelayStream [TX: 1 TXA: 0 RX: 0 AQ: 1]: Connected session &lt;\u0000&gt;
Google.Solutions.Compute Verbose: 0 : SshRelayStream [TX: 1 TXA: 0 RX: 0 AQ: 1]: Connected session &lt;\u0000&gt;
Google.Solutions.Compute Verbose: 0 : SshRelayStream [TX: 1 TXA: 0 RX: 0 AQ: 1]: Connected session &lt;\u0000&gt;
Google.Solutions.Compute Verbose: 0 : SshRelayStream [TX: 1 TXA: 0 RX: 0 AQ: 1]: Connected session &lt;\u0000&gt;
Google.Solutions.Compute Verbose: 0 : SshRelayStream [TX: 1 TXA: 0 RX: 0 AQ: 1]: Connected session &lt;\u0000&gt;
Google.Solutions.Compute Verbose: 0 : SshRelayStream [TX: 1 TXA: 0 RX: 0 AQ: 1]: Connected session &lt;\u0000&gt;
Google.Solutions.Compute Verbose: 0 : SshRelayStream [TX: 1 TXA: 0 RX: 0 AQ: 1]: Connected session &lt;\u0000&gt;
Google.Solutions.Compute Verbose: 0 : SshRelayStream [TX: 1 TXA: 0 RX: 0 AQ: 1]: Connected session &lt;\u0000&gt;
Google.Solutions.Compute Verbose: 0 : SshRelayStream [TX: 1 TXA: 0 RX: 0 AQ: 1]: Connected session &lt;\u0000&gt;
Google.Solutions.Compute Verbose: 0 : SshRelayStream [TX: 1 TXA: 0 RX: 0 AQ: 1]: Connected session &lt;\u0000&gt;
Google.Solutions.Compute Verbose: 0 : SshRelayStream [TX: 1 TXA: 0 RX: 0 AQ: 1]: Connected session &lt;\u0000&gt;
Google.Solutions.Compute Verbose: 0 : SshRelayStream [TX: 1 TXA: 0 RX: 0 AQ: 1]: Connected session &lt;\u0000&gt;
Google.Solutions.Compute Verbose: 0 : SshRelayStream [TX: 1 TXA: 0 RX: 0 AQ: 1]: Connected session &lt;\u0000&gt;
Google.Solutions.Compute Verbose: 0 : SshRelayStream [TX: 1 TXA: 0 RX: 0 AQ: 1]: Connected session &lt;\u0000&gt;
Google.Solutions.Compute Verbose: 0 : SshRelayStream [TX: 1 TXA: 0 RX: 0 AQ: 1]: Connected session &lt;\u0000&gt;
Google.Solutions.Compute Verbose: 0 : SshRelayStream [TX: 1 TXA: 0 RX: 0 AQ: 1]: Connected session &lt;\u0000&gt;
Google.Solutions.Compute Verbose: 0 : SshRelayStream [TX: 1 TXA: 0 RX: 0 AQ: 1]: Connected session &lt;\u0000&gt;
Google.Solutions.Compute Verbose: 0 : SshRelayStream [TX: 1 TXA: 0 RX: 0 AQ: 1]: Connected session &lt;\u0000&gt;
Google.Solutions.Compute Verbose: 0 : SshRelayStream [TX: 1 TXA: 0 RX: 0 AQ: 1]: Connected session &lt;\u0000&gt;
Google.Solutions.Compute Verbose: 0 : SshRelayStream [TX: 1 TXA: 0 RX: 0 AQ: 1]: Connected session &lt;\u0000&gt;
Google.Solutions.Compute Verbose: 0 : SshRelayStream [TX: 1 TXA: 0 RX: 0 AQ: 1]: Connected session &lt;\u0000&gt;
Google.Solutions.Compute Verbose: 0 : SshRelayStream [TX: 1 TXA: 0 RX: 0 AQ: 1]: Connected session &lt;\u0000&gt;
Google.Solutions.Compute Verbose: 0 : SshRelayStream [TX: 1 TXA: 0 RX: 0 AQ: 1]: Connected session &lt;\u0000&gt;
Google.Solutions.Compute Verbose: 0 : SshRelayStream [TX: 1 TXA: 0 RX: 0 AQ: 1]: Connected session &lt;\u0000&gt;
Google.Solutions.Compute Verbose: 0 : SshRelayStream [TX: 1 TXA: 0 RX: 0 AQ: 1]: Connected session &lt;\u0000&gt;
Google.Solutions.Compute Verbose: 0 : SshRelayStream [TX: 1 TXA: 0 RX: 0 AQ: 1]: Connected session &lt;\u0000&gt;
Google.Solutions.Compute Verbose: 0 : SshRelayStream [TX: 1 TXA: 0 RX: 0 AQ: 1]: Connected session &lt;\u0000&gt;
Google.Solutions.Compute Verbose: 0 : SshRelayStream [TX: 1 TXA: 0 RX: 0 AQ: 1]: Connected session &lt;\u0000&gt;
Google.Solutions.Compute Verbose: 0 : SshRelayStream [TX: 1 TXA: 0 RX: 0 AQ: 1]: Connected session &lt;\u0000&gt;
Google.Solutions.Compute Verbose: 0 : SshRelayStream [TX: 1 TXA: 0 RX: 0 AQ: 1]: Received data (2 bytes)
Google.Solutions.Compute Verbose: 0 : SshRelayStream [TX: 1 TXA: 0 RX: 0 AQ: 1]: Received data (2 bytes)
Google.Solutions.Compute Verbose: 0 : SshRelayStream [TX: 1 TXA: 0 RX: 0 AQ: 1]: Received data (2 bytes)
Google.Solutions.Compute Verbose: 0 : SshRelayStream [TX: 1 TXA: 0 RX: 0 AQ: 1]: Received data (2 bytes)
Google.Solutions.Compute Verbose: 0 : SshRelayStream [TX: 1 TXA: 0 RX: 0 AQ: 1]: Received data (2 bytes)
Google.Solutions.Compute Verbose: 0 : SshRelayStream [TX: 1 TXA: 0 RX: 0 AQ: 1]: Received data (2 bytes)
Google.Solutions.Compute Verbose: 0 : SshRelayStream [TX: 1 TXA: 0 RX: 0 AQ: 1]: Received data (2 bytes)
Google.Solutions.Compute Verbose: 0 : SshRelayStream [TX: 1 TXA: 0 RX: 0 AQ: 1]: Received data (2 bytes)
Google.Solutions.Compute Verbose: 0 : SshRelayStream [TX: 1 TXA: 0 RX: 0 AQ: 1]: Received data (2 bytes)
Google.Solutions.Compute Verbose: 0 : SshRelayStream [TX: 1 TXA: 0 RX: 0 AQ: 1]: Received data (2 bytes)
Google.Solutions.Compute Verbose: 0 : SshRelayStream [TX: 1 TXA: 0 RX: 0 AQ: 1]: Received data (2 bytes)
Google.Solutions.Compute Verbose: 0 : SshRelayStream [TX: 1 TXA: 0 RX: 0 AQ: 1]: Received data (2 bytes)
Google.Solutions.Compute Verbose: 0 : SshRelayStream [TX: 1 TXA: 0 RX: 0 AQ: 1]: Received data (2 bytes)
Google.Solutions.Compute Verbose: 0 : SshRelayStream [TX: 1 TXA: 0 RX: 0 AQ: 1]: Received data (2 bytes)
Google.Solutions.Compute Verbose: 0 : SshRelayStream [TX: 1 TXA: 0 RX: 0 AQ: 1]: Received data (2 bytes)
Google.Solutions.Compute Verbose: 0 : SshRelayStream [TX: 1 TXA: 0 RX: 0 AQ: 1]: Received data (2 bytes)
Google.Solutions.Compute Verbose: 0 : SshRelayStream [TX: 1 TXA: 0 RX: 0 AQ: 1]: Received data (2 bytes)
Google.Solutions.Compute Verbose: 0 : SshRelayStream [TX: 1 TXA: 0 RX: 0 AQ: 1]: Received data (2 bytes)
Google.Solutions.Compute Verbose: 0 : SshRelayStream [TX: 1 TXA: 0 RX: 0 AQ: 1]: Received data (2 bytes)
Google.Solutions.Compute Verbose: 0 : SshRelayStream [TX: 1 TXA: 0 RX: 0 AQ: 1]: Received data (2 bytes)
Google.Solutions.Compute Verbose: 0 : SshRelayStream [TX: 1 TXA: 0 RX: 0 AQ: 1]: Received data (2 bytes)
Google.Solutions.Compute Verbose: 0 : SshRelayStream [TX: 1 TXA: 0 RX: 0 AQ: 1]: Received data (2 bytes)
Google.Solutions.Compute Verbose: 0 : SshRelayStream [TX: 1 TXA: 0 RX: 0 AQ: 1]: Received data (2 bytes)
Google.Solutions.Compute Verbose: 0 : SshRelayStream [TX: 1 TXA: 0 RX: 0 AQ: 1]: Received data (2 bytes)
Google.Solutions.Compute Verbose: 0 : SshRelayStream [TX: 1 TXA: 0 RX: 0 AQ: 1]: Received data (2 bytes)
Google.Solutions.Compute Verbose: 0 : SshRelayStream [TX: 1 TXA: 0 RX: 0 AQ: 1]: Received data (2 bytes)
Google.Solutions.Compute Verbose: 0 : SshRelayStream [TX: 1 TXA: 0 RX: 0 AQ: 1]: Received data (2 bytes)
Google.Solutions.Compute Verbose: 0 : SshRelayStream [TX: 1 TXA: 0 RX: 0 AQ: 1]: Received data (2 bytes)
Google.Solutions.Compute Verbose: 0 : SshRelayStream [TX: 1 TXA: 0 RX: 0 AQ: 1]: Received data (2 bytes)
Google.Solutions.Compute Verbose: 0 : SshRelayStream [TX: 1 TXA: 0 RX: 0 AQ: 1]: Received data (2 bytes)
Google.Solutions.Compute Verbose: 0 : SshRelayStream [TX: 1 TXA: 0 RX: 0 AQ: 1]: Received data (2 bytes)
Google.Solutions.Compute Verbose: 0 : SshRelayStream [TX: 1 TXA: 0 RX: 0 AQ: 1]: Received data (2 bytes)
Google.Solutions.Compute Verbose: 0 : SshRelayStream [TX: 1 TXA: 0 RX: 0 AQ: 1]: Received data (2 bytes)
Google.Solutions.Compute Verbose: 0 : SshRelayStream [TX: 1 TXA: 0 RX: 0 AQ: 1]: Received data (2 bytes)
Google.Solutions.Compute Verbose: 0 : SshRelayStream [TX: 1 TXA: 0 RX: 0 AQ: 1]: Received data (2 bytes)
Google.Solutions.Compute Verbose: 0 : SshRelayStream [TX: 1 TXA: 0 RX: 0 AQ: 1]: Received data (2 bytes)
Google.Solutions.Compute Verbose: 0 : SshRelayStream [TX: 1 TXA: 0 RX: 0 AQ: 1]: Received data (2 bytes)
Google.Solutions.Compute Verbose: 0 : SshRelayStream [TX: 1 TXA: 0 RX: 0 AQ: 1]: Received data (2 bytes)
Google.Solutions.Compute Verbose: 0 : SshRelayStream [TX: 1 TXA: 0 RX: 0 AQ: 1]: Received data (2 bytes)
Google.Solutions.Compute Verbose: 0 : SshRelayStream [TX: 1 TXA: 0 RX: 0 AQ: 1]: Received data (2 bytes)
Google.Solutions.Compute Verbose: 0 : SshRelayStream [TX: 1 TXA: 0 RX: 0 AQ: 1]: Received data (2 bytes)
Google.Solutions.Compute Verbose: 0 : SshRelayStream [TX: 1 TXA: 0 RX: 0 AQ: 1]: Received data (2 bytes)
Google.Solutions.Compute Verbose: 0 : SshRelayStream [TX: 1 TXA: 0 RX: 0 AQ: 1]: Received data (2 bytes)
Google.Solutions.Compute Verbose: 0 : SshRelayStream [TX: 1 TXA: 0 RX: 0 AQ: 1]: Received data (2 bytes)
Google.Solutions.Compute Verbose: 0 : SshRelayStream [TX: 1 TXA: 0 RX: 0 AQ: 1]: Received data (2 bytes)
Google.Solutions.Compute Verbose: 0 : SshRelayStream [TX: 1 TXA: 0 RX: 0 AQ: 1]: Received data (2 bytes)
Google.Solutions.Compute Verbose: 0 : SshRelayStream [TX: 1 TXA: 0 RX: 0 AQ: 1]: Received data (2 bytes)
Google.Solutions.Compute Verbose: 0 : SshRelayStream [TX: 1 TXA: 0 RX: 0 AQ: 1]: Received data (2 bytes)
Google.Solutions.Compute Verbose: 0 : SshRelayStream [TX: 1 TXA: 0 RX: 0 AQ: 1]: Received data (2 bytes)
Google.Solutions.Compute Verbose: 0 : SshRelayStream [TX: 1 TXA: 0 RX: 0 AQ: 1]: Received data (2 bytes)
Google.Solutions.Compute Verbose: 0 : SshRelayStream [TX: 1 TXA: 0 RX: 0 AQ: 1]: Received data (2 bytes)
Google.Solutions.Compute Verbose: 0 : SshRelayStream [TX: 1 TXA: 0 RX: 0 AQ: 1]: Received data (2 bytes)
Google.Solutions.Compute Verbose: 0 : SshRelayStream [TX: 1 TXA: 0 RX: 0 AQ: 1]: Received data (2 bytes)
Google.Solutions.Compute Verbose: 0 : SshRelayStream [TX: 1 TXA: 0 RX: 0 AQ: 1]: Received data (2 bytes)
Google.Solutions.Compute Verbose: 0 : SshRelayStream [TX: 1 TXA: 0 RX: 0 AQ: 1]: Received data (2 bytes)
Google.Solutions.Compute Verbose: 0 : SshRelayStream [TX: 1 TXA: 0 RX: 0 AQ: 1]: Received data (2 bytes)
Google.Solutions.Compute Verbose: 0 : SshRelayStream [TX: 1 TXA: 0 RX: 0 AQ: 1]: Received data (2 bytes)
Google.Solutions.Compute Verbose: 0 : SshRelayStream [TX: 1 TXA: 0 RX: 0 AQ: 1]: Received data (2 bytes)
Google.Solutions.Compute Verbose: 0 : SshRelayStream [TX: 1 TXA: 0 RX: 0 AQ: 1]: Received data (2 bytes)
Google.Solutions.Compute Verbose: 0 : SshRelayStream [TX: 1 TXA: 0 RX: 0 AQ: 1]: Received data (2 bytes)
Google.Solutions.Compute Verbose: 0 : SshRelayStream [TX: 1 TXA: 0 RX: 0 AQ: 1]: Received data (2 bytes)
Google.Solutions.Compute Verbose: 0 : SshRelayStream [TX: 1 TXA: 0 RX: 0 AQ: 1]: Received data (2 bytes)
Google.Solutions.Compute Verbose: 0 : SshRelayStream [TX: 1 TXA: 0 RX: 2 AQ: 1]: Sending ACK #2...
Google.Solutions.Compute Verbose: 0 : SshRelayStream [TX: 1 TXA: 0 RX: 2 AQ: 1]: Sending ACK #2...
Google.Solutions.Compute Verbose: 0 : SshRelayStream [TX: 1 TXA: 0 RX: 2 AQ: 1]: Sending ACK #2...
Google.Solutions.Compute Verbose: 0 : SshRelayStream [TX: 1 TXA: 0 RX: 2 AQ: 1]: Sending ACK #2...
Google.Solutions.Compute Verbose: 0 : SshRelayStream [TX: 1 TXA: 0 RX: 2 AQ: 1]: Sending ACK #2...
Google.Solutions.Compute Verbose: 0 : SshRelayStream [TX: 1 TXA: 0 RX: 2 AQ: 1]: Sending ACK #2...
Google.Solutions.Compute Verbose: 0 : SshRelayStream [TX: 1 TXA: 0 RX: 2 AQ: 1]: Sending ACK #2...
Google.Solutions.Compute Verbose: 0 : SshRelayStream [TX: 1 TXA: 0 RX: 2 AQ: 1]: Sending ACK #2...
Google.Solutions.Compute Verbose: 0 : SshRelayStream [TX: 1 TXA: 0 RX: 2 AQ: 1]: Sending ACK #2...
Google.Solutions.Compute Verbose: 0 : SshRelayStream [TX: 1 TXA: 0 RX: 2 AQ: 1]: Sending ACK #2...
Google.Solutions.Compute Verbose: 0 : SshRelayStream [TX: 1 TXA: 0 RX: 2 AQ: 1]: Sending ACK #2...
Google.Solutions.Compute Verbose: 0 : SshRelayStream [TX: 1 TXA: 0 RX: 2 AQ: 1]: Sending ACK #2...
Google.Solutions.Compute Verbose: 0 : SshRelayStream [TX: 1 TXA: 0 RX: 2 AQ: 1]: Sending ACK #2...
Google.Solutions.Compute Verbose: 0 : SshRelayStream [TX: 1 TXA: 0 RX: 2 AQ: 1]: Sending ACK #2...
Google.Solutions.Compute Verbose: 0 : SshRelayStream [TX: 1 TXA: 0 RX: 2 AQ: 1]: Sending ACK #2...
Google.Solutions.Compute Verbose: 0 : SshRelayStream [TX: 1 TXA: 0 RX: 2 AQ: 1]: Sending ACK #2...
Google.Solutions.Compute Verbose: 0 : SshRelayStream [TX: 1 TXA: 0 RX: 2 AQ: 1]: Sending ACK #2...
Google.Solutions.Compute Verbose: 0 : SshRelayStream [TX: 1 TXA: 0 RX: 2 AQ: 1]: Sending ACK #2...
Google.Solutions.Compute Verbose: 0 : SshRelayStream [TX: 1 TXA: 0 RX: 2 AQ: 1]: Sending ACK #2...
Google.Solutions.Compute Verbose: 0 : SshRelayStream [TX: 1 TXA: 0 RX: 2 AQ: 1]: Sending ACK #2...
Google.Solutions.Compute Verbose: 0 : SshRelayStream [TX: 1 TXA: 0 RX: 2 AQ: 1]: Sending ACK #2...
Google.Solutions.Compute Verbose: 0 : SshRelayStream [TX: 1 TXA: 0 RX: 2 AQ: 1]: Sending ACK #2...
Google.Solutions.Compute Verbose: 0 : SshRelayStream [TX: 1 TXA: 0 RX: 2 AQ: 1]: Sending ACK #2...
Google.Solutions.Compute Verbose: 0 : SshRelayStream [TX: 1 TXA: 0 RX: 2 AQ: 1]: Sending ACK #2...
Google.Solutions.Compute Verbose: 0 : SshRelayStream [TX: 1 TXA: 0 RX: 2 AQ: 1]: Sending ACK #2...
Google.Solutions.Compute Verbose: 0 : SshRelayStream [TX: 1 TXA: 0 RX: 2 AQ: 1]: Sending ACK #2...
Google.Solutions.Compute Verbose: 0 : SshRelayStream [TX: 1 TXA: 0 RX: 2 AQ: 1]: Sending ACK #2...
Google.Solutions.Compute Verbose: 0 : SshRelayStream [TX: 1 TXA: 0 RX: 2 AQ: 1]: Sending ACK #2...
Google.Solutions.Compute Verbose: 0 : SshRelayStream [TX: 1 TXA: 0 RX: 2 AQ: 1]: Sending ACK #2...
Google.Solutions.Compute Verbose: 0 : SshRelayStream [TX: 1 TXA: 0 RX: 2 AQ: 1]: Sending ACK #2...
Google.Solutions.Compute Verbose: 0 : SshRelayStream [TX: 1 TXA: 0 RX: 2 AQ: 1]: Sending ACK #2...
Google.Solutions.Compute Verbose: 0 : SshRelayStream [TX: 1 TXA: 0 RX: 2 AQ: 1]: Sending ACK #2...
Google.Solutions.Compute Verbose: 0 : SshRelayStream [TX: 1 TXA: 0 RX: 2 AQ: 1]: Sending ACK #2...
Google.Solutions.Compute Verbose: 0 : SshRelayStream [TX: 1 TXA: 0 RX: 2 AQ: 1]: Sending ACK #2...
Google.Solutions.Compute Verbose: 0 : SshRelayStream [TX: 1 TXA: 0 RX: 2 AQ: 1]: Sending ACK #2...
Google.Solutions.Compute Verbose: 0 : SshRelayStream [TX: 1 TXA: 0 RX: 2 AQ: 1]: Sending ACK #2...
Google.Solutions.Compute Verbose: 0 : SshRelayStream [TX: 1 TXA: 0 RX: 2 AQ: 1]: Sending ACK #2...
Google.Solutions.Compute Verbose: 0 : SshRelayStream [TX: 1 TXA: 0 RX: 2 AQ: 1]: Sending ACK #2...
Google.Solutions.Compute Verbose: 0 : SshRelayStream [TX: 1 TXA: 0 RX: 2 AQ: 1]: Sending ACK #2...
Google.Solutions.Compute Verbose: 0 : SshRelayStream [TX: 1 TXA: 0 RX: 2 AQ: 1]: Sending ACK #2...
Google.Solutions.Compute Verbose: 0 : SshRelayStream [TX: 1 TXA: 0 RX: 2 AQ: 1]: Sending ACK #2...
Google.Solutions.Compute Verbose: 0 : SshRelayStream [TX: 1 TXA: 0 RX: 2 AQ: 1]: Sending ACK #2...
Google.Solutions.Compute Verbose: 0 : SshRelayStream [TX: 1 TXA: 0 RX: 2 AQ: 1]: Sending ACK #2...
Google.Solutions.Compute Verbose: 0 : SshRelayStream [TX: 1 TXA: 0 RX: 2 AQ: 1]: Sending ACK #2...
Google.Solutions.Compute Verbose: 0 : SshRelayStream [TX: 1 TXA: 0 RX: 2 AQ: 1]: Sending ACK #2...
Google.Solutions.Compute Verbose: 0 : SshRelayStream [TX: 1 TXA: 0 RX: 2 AQ: 1]: Sending ACK #2...
Google.Solutions.Compute Verbose: 0 : SshRelayStream [TX: 1 TXA: 0 RX: 2 AQ: 1]: Sending ACK #2...
Google.Solutions.Compute Verbose: 0 : SshRelayStream [TX: 1 TXA: 0 RX: 2 AQ: 1]: Sending ACK #2...
Google.Solutions.Compute Verbose: 0 : SshRelayStream [TX: 1 TXA: 0 RX: 2 AQ: 1]: Sending ACK #2...
Google.Solutions.Compute Verbose: 0 : SshRelayStream [TX: 1 TXA: 0 RX: 2 AQ: 1]: Sending ACK #2...
Google.Solutions.Compute Verbose: 0 : SshRelayStream [TX: 1 TXA: 0 RX: 2 AQ: 1]: Sending ACK #2...
Google.Solutions.Compute Verbose: 0 : SshRelayStream [TX: 1 TXA: 0 RX: 2 AQ: 1]: Sending ACK #2...
Google.Solutions.Compute Verbose: 0 : SshRelayStream [TX: 1 TXA: 0 RX: 2 AQ: 1]: Sending ACK #2...
Google.Solutions.Compute Verbose: 0 : SshRelayStream [TX: 1 TXA: 0 RX: 2 AQ: 1]: Sending ACK #2...
Google.Solutions.Compute Verbose: 0 : SshRelayStream [TX: 1 TXA: 0 RX: 2 AQ: 1]: Sending ACK #2...
Google.Solutions.Compute Verbose: 0 : SshRelayStream [TX: 1 TXA: 0 RX: 2 AQ: 1]: Sending ACK #2...
Google.Solutions.Compute Verbose: 0 : SshRelayStream [TX: 1 TXA: 0 RX: 2 AQ: 1]: Sending ACK #2...
Google.Solutions.Compute Verbose: 0 : SshRelayStream [TX: 1 TXA: 0 RX: 2 AQ: 1]: Sending ACK #2...
Google.Solutions.Compute Verbose: 0 : SshRelayStream [TX: 1 TXA: 0 RX: 2 AQ: 1]: Sending ACK #2...
Google.Solutions.Compute Verbose: 0 : SshRelayStream [TX: 1 TXA: 0 RX: 2 AQ: 1]: Sending ACK #2...
Google.Solutions.Compute Verbose: 0 : SshRelayStream [TX: 1 TXA: 0 RX: 2 AQ: 1]: Sending ACK #2...
Google.Solutions.Compute Verbose: 0 : SshRelayStream [TX: 1 TXA: 0 RX: 2 AQ: 1]: Sending ACK #2...
Google.Solutions.Compute Verbose: 0 : SshRelayStream [TX: 1 TXA: 0 RX: 2 AQ: 1]: Sending DATA #1...
Google.Solutions.Compute Verbose: 0 : SshRelayStream [TX: 1 TXA: 0 RX: 2 AQ: 1]: Sending DATA #1...
Google.Solutions.Compute Verbose: 0 : SshRelayStream [TX: 1 TXA: 0 RX: 2 AQ: 1]: Sending DATA #1...
Google.Solutions.Compute Verbose: 0 : SshRelayStream [TX: 1 TXA: 0 RX: 2 AQ: 1]: Sending DATA #1...
Google.Solutions.Compute Verbose: 0 : SshRelayStream [TX: 1 TXA: 0 RX: 2 AQ: 1]: Sending DATA #1...
Google.Solutions.Compute Verbose: 0 : SshRelayStream [TX: 1 TXA: 0 RX: 2 AQ: 1]: Sending DATA #1...
Google.Solutions.Compute Verbose: 0 : SshRelayStream [TX: 1 TXA: 0 RX: 2 AQ: 1]: Sending DATA #1...
Google.Solutions.Compute Verbose: 0 : SshRelayStream [TX: 1 TXA: 0 RX: 2 AQ: 1]: Sending DATA #1...
Google.Solutions.Compute Verbose: 0 : SshRelayStream [TX: 1 TXA: 0 RX: 2 AQ: 1]: Sending DATA #1...
Google.Solutions.Compute Verbose: 0 : SshRelayStream [TX: 1 TXA: 0 RX: 2 AQ: 1]: Sending DATA #1...
Google.Solutions.Compute Verbose: 0 : SshRelayStream [TX: 1 TXA: 0 RX: 2 AQ: 1]: Sending DATA #1...
Google.Solutions.Compute Verbose: 0 : SshRelayStream [TX: 1 TXA: 0 RX: 2 AQ: 1]: Sending DATA #1...
Google.Solutions.Compute Verbose: 0 : SshRelayStream [TX: 1 TXA: 0 RX: 2 AQ: 1]: Sending DATA #1...
Google.Solutions.Compute Verbose: 0 : SshRelayStream [TX: 1 TXA: 0 RX: 2 AQ: 1]: Sending DATA #1...
Google.Solutions.Compute Verbose: 0 : SshRelayStream [TX: 1 TXA: 0 RX: 2 AQ: 1]: Sending DATA #1...
Google.Solutions.Compute Verbose: 0 : SshRelayStream [TX: 1 TXA: 0 RX: 2 AQ: 1]: Sending DATA #1...
Google.Solutions.Compute Verbose: 0 : SshRelayStream [TX: 1 TXA: 0 RX: 2 AQ: 1]: Sending DATA #1...
Google.Solutions.Compute Verbose: 0 : SshRelayStream [TX: 1 TXA: 0 RX: 2 AQ: 1]: Sending DATA #1...
Google.Solutions.Compute Verbose: 0 : SshRelayStream [TX: 1 TXA: 0 RX: 2 AQ: 1]: Sending DATA #1...
Google.Solutions.Compute Verbose: 0 : SshRelayStream [TX: 1 TXA: 0 RX: 2 AQ: 1]: Sending DATA #1...
Google.Solutions.Compute Verbose: 0 : SshRelayStream [TX: 1 TXA: 0 RX: 2 AQ: 1]: Sending DATA #1...
Google.Solutions.Compute Verbose: 0 : SshRelayStream [TX: 1 TXA: 0 RX: 2 AQ: 1]: Sending DATA #1...
Google.Solutions.Compute Verbose: 0 : SshRelayStream [TX: 1 TXA: 0 RX: 2 AQ: 1]: Sending DATA #1...
Google.Solutions.Compute Verbose: 0 : SshRelayStream [TX: 1 TXA: 0 RX: 2 AQ: 1]: Sending DATA #1...
Google.Solutions.Compute Verbose: 0 : SshRelayStream [TX: 1 TXA: 0 RX: 2 AQ: 1]: Sending DATA #1...
Google.Solutions.Compute Verbose: 0 : SshRelayStream [TX: 1 TXA: 0 RX: 2 AQ: 1]: Sending DATA #1...
Google.Solutions.Compute Verbose: 0 : SshRelayStream [TX: 1 TXA: 0 RX: 2 AQ: 1]: Sending DATA #1...
Google.Solutions.Compute Verbose: 0 : SshRelayStream [TX: 1 TXA: 0 RX: 2 AQ: 1]: Sending DATA #1...
Google.Solutions.Compute Verbose: 0 : SshRelayStream [TX: 1 TXA: 0 RX: 2 AQ: 1]: Sending DATA #1...
Google.Solutions.Compute Verbose: 0 : SshRelayStream [TX: 1 TXA: 0 RX: 2 AQ: 1]: Sending DATA #1...
Google.Solutions.Compute Verbose: 0 : SshRelayStream [TX: 1 TXA: 0 RX: 2 AQ: 1]: Sending DATA #1...
Google.Solutions.Compute Verbose: 0 : SshRelayStream [TX: 1 TXA: 0 RX: 2 AQ: 1]: Sending DATA #1...
Google.Solutions.Compute Verbose: 0 : SshRelayStream [TX: 1 TXA: 0 RX: 2 AQ: 1]: Sending DATA #1...
Google.Solutions.Compute Verbose: 0 : SshRelayStream [TX: 1 TXA: 0 RX: 2 AQ: 1]: Sending DATA #1...
Google.Solutions.Compute Verbose: 0 : SshRelayStream [TX: 1 TXA: 0 RX: 2 AQ: 1]: Sending DATA #1...
Google.Solutions.Compute Verbose: 0 : SshRelayStream [TX: 1 TXA: 0 RX: 2 AQ: 1]: Sending DATA #1...
Google.Solutions.Compute Verbose: 0 : SshRelayStream [TX: 1 TXA: 0 RX: 2 AQ: 1]: Sending DATA #1...
Google.Solutions.Compute Verbose: 0 : SshRelayStream [TX: 1 TXA: 0 RX: 2 AQ: 1]: Sending DATA #1...
Google.Solutions.Compute Verbose: 0 : SshRelayStream [TX: 1 TXA: 0 RX: 2 AQ: 1]: Sending DATA #1...
Google.Solutions.Compute Verbose: 0 : SshRelayStream [TX: 1 TXA: 0 RX: 2 AQ: 1]: Sending DATA #1...
Google.Solutions.Compute Verbose: 0 : SshRelayStream [TX: 1 TXA: 0 RX: 2 AQ: 1]: Sending DATA #1...
Google.Solutions.Compute Verbose: 0 : SshRelayStream [TX: 1 TXA: 0 RX: 2 AQ: 1]: Sending DATA #1...
Google.Solutions.Compute Verbose: 0 : SshRelayStream [TX: 1 TXA: 0 RX: 2 AQ: 1]: Sending DATA #1...
Google.Solutions.Compute Verbose: 0 : SshRelayStream [TX: 1 TXA: 0 RX: 2 AQ: 1]: Sending DATA #1...
Google.Solutions.Compute Verbose: 0 : SshRelayStream [TX: 1 TXA: 0 RX: 2 AQ: 1]: Sending DATA #1...
Google.Solutions.Compute Verbose: 0 : SshRelayStream [TX: 1 TXA: 0 RX: 2 AQ: 1]: Sending DATA #1...
Google.Solutions.Compute Verbose: 0 : SshRelayStream [TX: 1 TXA: 0 RX: 2 AQ: 1]: Sending DATA #1...
Google.Solutions.Compute Verbose: 0 : SshRelayStream [TX: 1 TXA: 0 RX: 2 AQ: 1]: Sending DATA #1...
Google.Solutions.Compute Verbose: 0 : SshRelayStream [TX: 1 TXA: 0 RX: 2 AQ: 1]: Sending DATA #1...
Google.Solutions.Compute Verbose: 0 : SshRelayStream [TX: 1 TXA: 0 RX: 2 AQ: 1]: Sending DATA #1...
Google.Solutions.Compute Verbose: 0 : SshRelayStream [TX: 1 TXA: 0 RX: 2 AQ: 1]: Sending DATA #1...
Google.Solutions.Compute Verbose: 0 : SshRelayStream [TX: 1 TXA: 0 RX: 2 AQ: 1]: Sending DATA #1...
Google.Solutions.Compute Verbose: 0 : SshRelayStream [TX: 1 TXA: 0 RX: 2 AQ: 1]: Sending DATA #1...
Google.Solutions.Compute Verbose: 0 : SshRelayStream [TX: 1 TXA: 0 RX: 2 AQ: 1]: Sending DATA #1...
Google.Solutions.Compute Verbose: 0 : SshRelayStream [TX: 1 TXA: 0 RX: 2 AQ: 1]: Sending DATA #1...
Google.Solutions.Compute Verbose: 0 : SshRelayStream [TX: 1 TXA: 0 RX: 2 AQ: 1]: Sending DATA #1...
Google.Solutions.Compute Verbose: 0 : SshRelayStream [TX: 1 TXA: 0 RX: 2 AQ: 1]: Sending DATA #1...
Google.Solutions.Compute Verbose: 0 : SshRelayStream [TX: 1 TXA: 0 RX: 2 AQ: 1]: Sending DATA #1...
Google.Solutions.Compute Verbose: 0 : SshRelayStream [TX: 1 TXA: 0 RX: 2 AQ: 1]: Sending DATA #1...
Google.Solutions.Compute Verbose: 0 : SshRelayStream [TX: 1 TXA: 0 RX: 2 AQ: 1]: Sending DATA #1...
Google.Solutions.Compute Verbose: 0 : SshRelayStream [TX: 1 TXA: 0 RX: 2 AQ: 1]: Sending DATA #1...
Google.Solutions.Compute Verbose: 0 : SshRelayStream [TX: 1 TXA: 0 RX: 2 AQ: 1]: Sending DATA #1...
Google.Solutions.Compute Verbose: 0 : SshRelayStream [TX: 2 TXA: 0 RX: 2 AQ: 2]: Sending DATA #2...
Google.Solutions.Compute Verbose: 0 : SshRelayStream [TX: 2 TXA: 0 RX: 2 AQ: 2]: Sending DATA #2...
Google.Solutions.Compute Verbose: 0 : SshRelayStream [TX: 2 TXA: 0 RX: 2 AQ: 2]: Sending DATA #2...
Google.Solutions.Compute Verbose: 0 : SshRelayStream [TX: 2 TXA: 0 RX: 2 AQ: 2]: Sending DATA #2...
Google.Solutions.Compute Verbose: 0 : SshRelayStream [TX: 2 TXA: 0 RX: 2 AQ: 2]: Sending DATA #2...
Google.Solutions.Compute Verbose: 0 : SshRelayStream [TX: 2 TXA: 0 RX: 2 AQ: 2]: Sending DATA #2...
Google.Solutions.Compute Verbose: 0 : SshRelayStream [TX: 2 TXA: 0 RX: 2 AQ: 2]: Sending DATA #2...
Google.Solutions.Compute Verbose: 0 : SshRelayStream [TX: 2 TXA: 0 RX: 2 AQ: 2]: Sending DATA #2...
Google.Solutions.Compute Verbose: 0 : SshRelayStream [TX: 2 TXA: 0 RX: 2 AQ: 2]: Sending DATA #2...
Google.Solutions.Compute Verbose: 0 : SshRelayStream [TX: 2 TXA: 0 RX: 2 AQ: 2]: Sending DATA #2...
Google.Solutions.Compute Verbose: 0 : SshRelayStream [TX: 2 TXA: 0 RX: 2 AQ: 2]: Sending DATA #2...
Google.Solutions.Compute Verbose: 0 : SshRelayStream [TX: 2 TXA: 0 RX: 2 AQ: 2]: Sending DATA #2...
Google.Solutions.Compute Verbose: 0 : SshRelayStream [TX: 2 TXA: 0 RX: 2 AQ: 2]: Sending DATA #2...
Google.Solutions.Compute Verbose: 0 : SshRelayStream [TX: 2 TXA: 0 RX: 2 AQ: 2]: Sending DATA #2...
Google.Solutions.Compute Verbose: 0 : SshRelayStream [TX: 2 TXA: 0 RX: 2 AQ: 2]: Sending DATA #2...
Google.Solutions.Compute Verbose: 0 : SshRelayStream [TX: 2 TXA: 0 RX: 2 AQ: 2]: Sending DATA #2...
Google.Solutions.Compute Verbose: 0 : SshRelayStream [TX: 2 TXA: 0 RX: 2 AQ: 2]: Sending DATA #2...
Google.Solutions.Compute Verbose: 0 : SshRelayStream [TX: 2 TXA: 0 RX: 2 AQ: 2]: Sending DATA #2...
Google.Solutions.Compute Verbose: 0 : SshRelayStream [TX: 2 TXA: 0 RX: 2 AQ: 2]: Sending DATA #2...
Google.Solutions.Compute Verbose: 0 : SshRelayStream [TX: 2 TXA: 0 RX: 2 AQ: 2]: Sending DATA #2...
Google.Solutions.Compute Verbose: 0 : SshRelayStream [TX: 2 TXA: 0 RX: 2 AQ: 2]: Sending DATA #2...
Google.Solutions.Compute Verbose: 0 : SshRelayStream [TX: 2 TXA: 0 RX: 2 AQ: 2]: Sending DATA #2...
Google.Solutions.Compute Verbose: 0 : SshRelayStream [TX: 2 TXA: 0 RX: 2 AQ: 2]: Sending DATA #2...
Google.Solutions.Compute Verbose: 0 : SshRelayStream [TX: 2 TXA: 0 RX: 2 AQ: 2]: Sending DATA #2...
Google.Solutions.Compute Verbose: 0 : SshRelayStream [TX: 2 TXA: 0 RX: 2 AQ: 2]: Sending DATA #2...
Google.Solutions.Compute Verbose: 0 : SshRelayStream [TX: 2 TXA: 0 RX: 2 AQ: 2]: Sending DATA #2...
Google.Solutions.Compute Verbose: 0 : SshRelayStream [TX: 2 TXA: 0 RX: 2 AQ: 2]: Sending DATA #2...
Google.Solutions.Compute Verbose: 0 : SshRelayStream [TX: 2 TXA: 0 RX: 2 AQ: 2]: Sending DATA #2...
Google.Solutions.Compute Verbose: 0 : SshRelayStream [TX: 2 TXA: 0 RX: 2 AQ: 2]: Sending DATA #2...
Google.Solutions.Compute Verbose: 0 : SshRelayStream [TX: 2 TXA: 0 RX: 2 AQ: 2]: Sending DATA #2...
Google.Solutions.Compute Verbose: 0 : SshRelayStream [TX: 2 TXA: 0 RX: 2 AQ: 2]: Sending DATA #2...
Google.Solutions.Compute Verbose: 0 : SshRelayStream [TX: 2 TXA: 0 RX: 2 AQ: 2]: Sending DATA #2...
Google.Solutions.Compute Verbose: 0 : SshRelayStream [TX: 2 TXA: 0 RX: 2 AQ: 2]: Sending DATA #2...
Google.Solutions.Compute Verbose: 0 : SshRelayStream [TX: 2 TXA: 0 RX: 2 AQ: 2]: Sending DATA #2...
Google.Solutions.Compute Verbose: 0 : SshRelayStream [TX: 2 TXA: 0 RX: 2 AQ: 2]: Sending DATA #2...
Google.Solutions.Compute Verbose: 0 : SshRelayStream [TX: 2 TXA: 0 RX: 2 AQ: 2]: Sending DATA #2...
Google.Solutions.Compute Verbose: 0 : SshRelayStream [TX: 2 TXA: 0 RX: 2 AQ: 2]: Sending DATA #2...
Google.Solutions.Compute Verbose: 0 : SshRelayStream [TX: 2 TXA: 0 RX: 2 AQ: 2]: Sending DATA #2...
Google.Solutions.Compute Verbose: 0 : SshRelayStream [TX: 2 TXA: 0 RX: 2 AQ: 2]: Sending DATA #2...
Google.Solutions.Compute Verbose: 0 : SshRelayStream [TX: 2 TXA: 0 RX: 2 AQ: 2]: Sending DATA #2...
Google.Solutions.Compute Verbose: 0 : SshRelayStream [TX: 2 TXA: 0 RX: 2 AQ: 2]: Sending DATA #2...
Google.Solutions.Compute Verbose: 0 : SshRelayStream [TX: 2 TXA: 0 RX: 2 AQ: 2]: Sending DATA #2...
Google.Solutions.Compute Verbose: 0 : SshRelayStream [TX: 2 TXA: 0 RX: 2 AQ: 2]: Sending DATA #2...
Google.Solutions.Compute Verbose: 0 : SshRelayStream [TX: 2 TXA: 0 RX: 2 AQ: 2]: Sending DATA #2...
Google.Solutions.Compute Verbose: 0 : SshRelayStream [TX: 2 TXA: 0 RX: 2 AQ: 2]: Sending DATA #2...
Google.Solutions.Compute Verbose: 0 : SshRelayStream [TX: 2 TXA: 0 RX: 2 AQ: 2]: Sending DATA #2...
Google.Solutions.Compute Verbose: 0 : SshRelayStream [TX: 2 TXA: 0 RX: 2 AQ: 2]: Sending DATA #2...
Google.Solutions.Compute Verbose: 0 : SshRelayStream [TX: 2 TXA: 0 RX: 2 AQ: 2]: Sending DATA #2...
Google.Solutions.Compute Verbose: 0 : SshRelayStream [TX: 2 TXA: 0 RX: 2 AQ: 2]: Sending DATA #2...
Google.Solutions.Compute Verbose: 0 : SshRelayStream [TX: 2 TXA: 0 RX: 2 AQ: 2]: Sending DATA #2...
Google.Solutions.Compute Verbose: 0 : SshRelayStream [TX: 2 TXA: 0 RX: 2 AQ: 2]: Sending DATA #2...
Google.Solutions.Compute Verbose: 0 : SshRelayStream [TX: 2 TXA: 0 RX: 2 AQ: 2]: Sending DATA #2...
Google.Solutions.Compute Verbose: 0 : SshRelayStream [TX: 2 TXA: 0 RX: 2 AQ: 2]: Sending DATA #2...
Google.Solutions.Compute Verbose: 0 : SshRelayStream [TX: 2 TXA: 0 RX: 2 AQ: 2]: Sending DATA #2...
Google.Solutions.Compute Verbose: 0 : SshRelayStream [TX: 2 TXA: 0 RX: 2 AQ: 2]: Sending DATA #2...
Google.Solutions.Compute Verbose: 0 : SshRelayStream [TX: 2 TXA: 0 RX: 2 AQ: 2]: Sending DATA #2...
Google.Solutions.Compute Verbose: 0 : SshRelayStream [TX: 2 TXA: 0 RX: 2 AQ: 2]: Sending DATA #2...
Google.Solutions.Compute Verbose: 0 : SshRelayStream [TX: 2 TXA: 0 RX: 2 AQ: 2]: Sending DATA #2...
Google.Solutions.Compute Verbose: 0 : SshRelayStream [TX: 2 TXA: 0 RX: 2 AQ: 2]: Sending DATA #2...
Google.Solutions.Compute Verbose: 0 : SshRelayStream [TX: 2 TXA: 0 RX: 2 AQ: 2]: Sending DATA #2...
Google.Solutions.Compute Verbose: 0 : SshRelayStream [TX: 2 TXA: 0 RX: 2 AQ: 2]: Sending DATA #2...
Google.Solutions.Compute Verbose: 0 : SshRelayStream [TX: 2 TXA: 0 RX: 2 AQ: 2]: Sending DATA #2...
Google.Solutions.Compute Verbose: 0 : SshRelayStream [TX: 2 TXA: 0 RX: 2 AQ: 2]: Connection closed abnormally: ERROR_UNKNOWN
Google.Solutions.Compute Verbose: 0 : SshRelayStream [TX: 2 TXA: 0 RX: 2 AQ: 2]: Connection closed abnormally: ERROR_UNKNOWN
Google.Solutions.Compute Verbose: 0 : SshRelayStream [TX: 2 TXA: 0 RX: 2 AQ: 2]: Connection closed abnormally: ERROR_UNKNOWN
Google.Solutions.Compute Verbose: 0 : SshRelayStream [TX: 2 TXA: 0 RX: 2 AQ: 2]: Connection closed abnormally: ERROR_UNKNOWN
Google.Solutions.Compute Verbose: 0 : SshRelayStream [TX: 2 TXA: 0 RX: 2 AQ: 2]: Connection closed abnormally: ERROR_UNKNOWN
Google.Solutions.Compute Verbose: 0 : SshRelayStream [TX: 2 TXA: 0 RX: 2 AQ: 2]: Connection closed abnormally: ERROR_UNKNOWN
Google.Solutions.Compute Verbose: 0 : SshRelayStream [TX: 2 TXA: 0 RX: 2 AQ: 2]: Connection closed abnormally: ERROR_UNKNOWN
Google.Solutions.Compute Verbose: 0 : SshRelayStream [TX: 2 TXA: 0 RX: 2 AQ: 2]: Connection closed abnormally: ERROR_UNKNOWN
Google.Solutions.Compute Verbose: 0 : SshRelayStream [TX: 2 TXA: 0 RX: 2 AQ: 2]: Connection closed abnormally: ERROR_UNKNOWN
Google.Solutions.Compute Verbose: 0 : SshRelayStream [TX: 2 TXA: 0 RX: 2 AQ: 2]: Connection closed abnormally: ERROR_UNKNOWN
Google.Solutions.Compute Verbose: 0 : SshRelayStream [TX: 2 TXA: 0 RX: 2 AQ: 2]: Connection closed abnormally: ERROR_UNKNOWN
Google.Solutions.Compute Verbose: 0 : SshRelayStream [TX: 2 TXA: 0 RX: 2 AQ: 2]: Connection closed abnormally: ERROR_UNKNOWN
Google.Solutions.Compute Verbose: 0 : SshRelayStream [TX: 2 TXA: 0 RX: 2 AQ: 2]: Connection closed abnormally: ERROR_UNKNOWN
Google.Solutions.Compute Verbose: 0 : SshRelayStream [TX: 2 TXA: 0 RX: 2 AQ: 2]: Connection closed abnormally: ERROR_UNKNOWN
Google.Solutions.Compute Verbose: 0 : SshRelayStream [TX: 2 TXA: 0 RX: 2 AQ: 2]: Connection closed abnormally: ERROR_UNKNOWN
Google.Solutions.Compute Verbose: 0 : SshRelayStream [TX: 2 TXA: 0 RX: 2 AQ: 2]: Connection closed abnormally: ERROR_UNKNOWN
Google.Solutions.Compute Verbose: 0 : SshRelayStream [TX: 2 TXA: 0 RX: 2 AQ: 2]: Connection closed abnormally: ERROR_UNKNOWN
Google.Solutions.Compute Verbose: 0 : SshRelayStream [TX: 2 TXA: 0 RX: 2 AQ: 2]: Connection closed abnormally: ERROR_UNKNOWN
Google.Solutions.Compute Verbose: 0 : SshRelayStream [TX: 2 TXA: 0 RX: 2 AQ: 2]: Connection closed abnormally: ERROR_UNKNOWN
Google.Solutions.Compute Verbose: 0 : SshRelayStream [TX: 2 TXA: 0 RX: 2 AQ: 2]: Connection closed abnormally: ERROR_UNKNOWN
Google.Solutions.Compute Verbose: 0 : SshRelayStream [TX: 2 TXA: 0 RX: 2 AQ: 2]: Connection closed abnormally: ERROR_UNKNOWN
Google.Solutions.Compute Verbose: 0 : SshRelayStream [TX: 2 TXA: 0 RX: 2 AQ: 2]: Connection closed abnormally: ERROR_UNKNOWN
Google.Solutions.Compute Verbose: 0 : SshRelayStream [TX: 2 TXA: 0 RX: 2 AQ: 2]: Connection closed abnormally: ERROR_UNKNOWN
Google.Solutions.Compute Verbose: 0 : SshRelayStream [TX: 2 TXA: 0 RX: 2 AQ: 2]: Connection closed abnormally: ERROR_UNKNOWN
Google.Solutions.Compute Verbose: 0 : SshRelayStream [TX: 2 TXA: 0 RX: 2 AQ: 2]: Connection closed abnormally: ERROR_UNKNOWN
Google.Solutions.Compute Verbose: 0 : SshRelayStream [TX: 2 TXA: 0 RX: 2 AQ: 2]: Connection closed abnormally: ERROR_UNKNOWN
Google.Solutions.Compute Verbose: 0 : SshRelayStream [TX: 2 TXA: 0 RX: 2 AQ: 2]: Connection closed abnormally: ERROR_UNKNOWN
Google.Solutions.Compute Verbose: 0 : SshRelayStream [TX: 2 TXA: 0 RX: 2 AQ: 2]: Connection closed abnormally: ERROR_UNKNOWN
Google.Solutions.Compute Verbose: 0 : SshRelayStream [TX: 2 TXA: 0 RX: 2 AQ: 2]: Connection closed abnormally: ERROR_UNKNOWN
Google.Solutions.Compute Verbose: 0 : SshRelayStream [TX: 2 TXA: 0 RX: 2 AQ: 2]: Connection closed abnormally: ERROR_UNKNOWN
Google.Solutions.Compute Verbose: 0 : SshRelayStream [TX: 2 TXA: 0 RX: 2 AQ: 2]: Connection closed abnormally: ERROR_UNKNOWN
Google.Solutions.Compute Verbose: 0 : SshRelayStream [TX: 2 TXA: 0 RX: 2 AQ: 2]: Connection closed abnormally: ERROR_UNKNOWN
Google.Solutions.Compute Verbose: 0 : SshRelayStream [TX: 2 TXA: 0 RX: 2 AQ: 2]: Connection closed abnormally: ERROR_UNKNOWN
Google.Solutions.Compute Verbose: 0 : SshRelayStream [TX: 2 TXA: 0 RX: 2 AQ: 2]: Connection closed abnormally: ERROR_UNKNOWN
Google.Solutions.Compute Verbose: 0 : SshRelayStream [TX: 2 TXA: 0 RX: 2 AQ: 2]: Connection closed abnormally: ERROR_UNKNOWN
Google.Solutions.Compute Verbose: 0 : SshRelayStream [TX: 2 TXA: 0 RX: 2 AQ: 2]: Connection closed abnormally: ERROR_UNKNOWN
Google.Solutions.Compute Verbose: 0 : SshRelayStream [TX: 2 TXA: 0 RX: 2 AQ: 2]: Connection closed abnormally: ERROR_UNKNOWN
Google.Solutions.Compute Verbose: 0 : SshRelayStream [TX: 2 TXA: 0 RX: 2 AQ: 2]: Connection closed abnormally: ERROR_UNKNOWN
Google.Solutions.Compute Verbose: 0 : SshRelayStream [TX: 2 TXA: 0 RX: 2 AQ: 2]: Connection closed abnormally: ERROR_UNKNOWN
Google.Solutions.Compute Verbose: 0 : SshRelayStream [TX: 2 TXA: 0 RX: 2 AQ: 2]: Connection closed abnormally: ERROR_UNKNOWN
Google.Solutions.Compute Verbose: 0 : SshRelayStream [TX: 2 TXA: 0 RX: 2 AQ: 2]: Connection closed abnormally: ERROR_UNKNOWN
Google.Solutions.Compute Verbose: 0 : SshRelayStream [TX: 2 TXA: 0 RX: 2 AQ: 2]: Connection closed abnormally: ERROR_UNKNOWN
Google.Solutions.Compute Verbose: 0 : SshRelayStream [TX: 2 TXA: 0 RX: 2 AQ: 2]: Connection closed abnormally: ERROR_UNKNOWN
Google.Solutions.Compute Verbose: 0 : SshRelayStream [TX: 2 TXA: 0 RX: 2 AQ: 2]: Connection closed abnormally: ERROR_UNKNOWN
Google.Solutions.Compute Verbose: 0 : SshRelayStream [TX: 2 TXA: 0 RX: 2 AQ: 2]: Connection closed abnormally: ERROR_UNKNOWN
Google.Solutions.Compute Verbose: 0 : SshRelayStream [TX: 2 TXA: 0 RX: 2 AQ: 2]: Connection closed abnormally: ERROR_UNKNOWN
Google.Solutions.Compute Verbose: 0 : SshRelayStream [TX: 2 TXA: 0 RX: 2 AQ: 2]: Connection closed abnormally: ERROR_UNKNOWN
Google.Solutions.Compute Verbose: 0 : SshRelayStream [TX: 2 TXA: 0 RX: 2 AQ: 2]: Connection closed abnormally: ERROR_UNKNOWN
Google.Solutions.Compute Verbose: 0 : SshRelayStream [TX: 2 TXA: 0 RX: 2 AQ: 2]: Connection closed abnormally: ERROR_UNKNOWN
Google.Solutions.Compute Verbose: 0 : SshRelayStream [TX: 2 TXA: 0 RX: 2 AQ: 2]: Connection closed abnormally: ERROR_UNKNOWN
Google.Solutions.Compute Verbose: 0 : SshRelayStream [TX: 2 TXA: 0 RX: 2 AQ: 2]: Connection closed abnormally: ERROR_UNKNOWN
Google.Solutions.Compute Verbose: 0 : SshRelayStream [TX: 2 TXA: 0 RX: 2 AQ: 2]: Connection closed abnormally: ERROR_UNKNOWN
Google.Solutions.Compute Verbose: 0 : SshRelayStream [TX: 2 TXA: 0 RX: 2 AQ: 2]: Connection closed abnormally: ERROR_UNKNOWN
Google.Solutions.Compute Verbose: 0 : SshRelayStream [TX: 2 TXA: 0 RX: 2 AQ: 2]: Connection closed abnormally: ERROR_UNKNOWN
Google.Solutions.Compute Verbose: 0 : SshRelayStream [TX: 2 TXA: 0 RX: 2 AQ: 2]: Connection closed abnormally: ERROR_UNKNOWN
Google.Solutions.Compute Verbose: 0 : SshRelayStream [TX: 2 TXA: 0 RX: 2 AQ: 2]: Connection closed abnormally: ERROR_UNKNOWN
Google.Solutions.Compute Verbose: 0 : SshRelayStream [TX: 2 TXA: 0 RX: 2 AQ: 2]: Connection closed abnormally: ERROR_UNKNOWN
Google.Solutions.Compute Verbose: 0 : SshRelayStream [TX: 2 TXA: 0 RX: 2 AQ: 2]: Connection closed abnormally: ERROR_UNKNOWN
Google.Solutions.Compute Verbose: 0 : SshRelayStream [TX: 2 TXA: 0 RX: 2 AQ: 2]: Connection closed abnormally: ERROR_UNKNOWN
Google.Solutions.Compute Verbose: 0 : SshRelayStream [TX: 2 TXA: 0 RX: 2 AQ: 2]: Connection closed abnormally: ERROR_UNKNOWN
Google.Solutions.Compute Verbose: 0 : SshRelayStream [TX: 2 TXA: 0 RX: 2 AQ: 2]: Connection closed abnormally: ERROR_UNKNOWN
Google.Solutions.Compute Verbose: 0 : SshRelayStream [TX: 2 TXA: 0 RX: 2 AQ: 2]: Connection closed abnormally: ERROR_UNKNOWN
Google.Solutions.Compute Verbose: 0 : SshRelayStream [TX: 2 TXA: 0 RX: 2 AQ: 2]: Disconnecting, preparing to reconnect
Google.Solutions.Compute Verbose: 0 : SshRelayStream [TX: 2 TXA: 0 RX: 2 AQ: 2]: Disconnecting, preparing to reconnect
Google.Solutions.Compute Verbose: 0 : SshRelayStream [TX: 2 TXA: 0 RX: 2 AQ: 2]: Disconnecting, preparing to reconnect
Google.Solutions.Compute Verbose: 0 : SshRelayStream [TX: 2 TXA: 0 RX: 2 AQ: 2]: Disconnecting, preparing to reconnect
Google.Solutions.Compute Verbose: 0 : SshRelayStream [TX: 2 TXA: 0 RX: 2 AQ: 2]: Disconnecting, preparing to reconnect
Google.Solutions.Compute Verbose: 0 : SshRelayStream [TX: 2 TXA: 0 RX: 2 AQ: 2]: Disconnecting, preparing to reconnect
Google.Solutions.Compute Verbose: 0 : SshRelayStream [TX: 2 TXA: 0 RX: 2 AQ: 2]: Disconnecting, preparing to reconnect
Google.Solutions.Compute Verbose: 0 : SshRelayStream [TX: 2 TXA: 0 RX: 2 AQ: 2]: Disconnecting, preparing to reconnect
Google.Solutions.Compute Verbose: 0 : SshRelayStream [TX: 2 TXA: 0 RX: 2 AQ: 2]: Disconnecting, preparing to reconnect
Google.Solutions.Compute Verbose: 0 : SshRelayStream [TX: 2 TXA: 0 RX: 2 AQ: 2]: Disconnecting, preparing to reconnect
Google.Solutions.Compute Verbose: 0 : SshRelayStream [TX: 2 TXA: 0 RX: 2 AQ: 2]: Disconnecting, preparing to reconnect
Google.Solutions.Compute Verbose: 0 : SshRelayStream [TX: 2 TXA: 0 RX: 2 AQ: 2]: Disconnecting, preparing to reconnect
Google.Solutions.Compute Verbose: 0 : SshRelayStream [TX: 2 TXA: 0 RX: 2 AQ: 2]: Disconnecting, preparing to reconnect
Google.Solutions.Compute Verbose: 0 : SshRelayStream [TX: 2 TXA: 0 RX: 2 AQ: 2]: Disconnecting, preparing to reconnect
Google.Solutions.Compute Verbose: 0 : SshRelayStream [TX: 2 TXA: 0 RX: 2 AQ: 2]: Disconnecting, preparing to reconnect
Google.Solutions.Compute Verbose: 0 : SshRelayStream [TX: 2 TXA: 0 RX: 2 AQ: 2]: Disconnecting, preparing to reconnect
Google.Solutions.Compute Verbose: 0 : SshRelayStream [TX: 2 TXA: 0 RX: 2 AQ: 2]: Disconnecting, preparing to reconnect
Google.Solutions.Compute Verbose: 0 : SshRelayStream [TX: 2 TXA: 0 RX: 2 AQ: 2]: Disconnecting, preparing to reconnect
Google.Solutions.Compute Verbose: 0 : SshRelayStream [TX: 2 TXA: 0 RX: 2 AQ: 2]: Disconnecting, preparing to reconnect
Google.Solutions.Compute Verbose: 0 : SshRelayStream [TX: 2 TXA: 0 RX: 2 AQ: 2]: Disconnecting, preparing to reconnect
Google.Solutions.Compute Verbose: 0 : SshRelayStream [TX: 2 TXA: 0 RX: 2 AQ: 2]: Disconnecting, preparing to reconnect
Google.Solutions.Compute Verbose: 0 : SshRelayStream [TX: 2 TXA: 0 RX: 2 AQ: 2]: Disconnecting, preparing to reconnect
Google.Solutions.Compute Verbose: 0 : SshRelayStream [TX: 2 TXA: 0 RX: 2 AQ: 2]: Disconnecting, preparing to reconnect
Google.Solutions.Compute Verbose: 0 : SshRelayStream [TX: 2 TXA: 0 RX: 2 AQ: 2]: Disconnecting, preparing to reconnect
Google.Solutions.Compute Verbose: 0 : SshRelayStream [TX: 2 TXA: 0 RX: 2 AQ: 2]: Disconnecting, preparing to reconnect
Google.Solutions.Compute Verbose: 0 : SshRelayStream [TX: 2 TXA: 0 RX: 2 AQ: 2]: Disconnecting, preparing to reconnect
Google.Solutions.Compute Verbose: 0 : SshRelayStream [TX: 2 TXA: 0 RX: 2 AQ: 2]: Disconnecting, preparing to reconnect
Google.Solutions.Compute Verbose: 0 : SshRelayStream [TX: 2 TXA: 0 RX: 2 AQ: 2]: Disconnecting, preparing to reconnect
Google.Solutions.Compute Verbose: 0 : SshRelayStream [TX: 2 TXA: 0 RX: 2 AQ: 2]: Disconnecting, preparing to reconnect
Google.Solutions.Compute Verbose: 0 : SshRelayStream [TX: 2 TXA: 0 RX: 2 AQ: 2]: Disconnecting, preparing to reconnect
Google.Solutions.Compute Verbose: 0 : SshRelayStream [TX: 2 TXA: 0 RX: 2 AQ: 2]: Disconnecting, preparing to reconnect
Google.Solutions.Compute Verbose: 0 : SshRelayStream [TX: 2 TXA: 0 RX: 2 AQ: 2]: Disconnecting, preparing to reconnect
Google.Solutions.Compute Verbose: 0 : SshRelayStream [TX: 2 TXA: 0 RX: 2 AQ: 2]: Disconnecting, preparing to reconnect
Google.Solutions.Compute Verbose: 0 : SshRelayStream [TX: 2 TXA: 0 RX: 2 AQ: 2]: Disconnecting, preparing to reconnect
Google.Solutions.Compute Verbose: 0 : SshRelayStream [TX: 2 TXA: 0 RX: 2 AQ: 2]: Disconnecting, preparing to reconnect
Google.Solutions.Compute Verbose: 0 : SshRelayStream [TX: 2 TXA: 0 RX: 2 AQ: 2]: Disconnecting, preparing to reconnect
Google.Solutions.Compute Verbose: 0 : SshRelayStream [TX: 2 TXA: 0 RX: 2 AQ: 2]: Disconnecting, preparing to reconnect
Google.Solutions.Compute Verbose: 0 : SshRelayStream [TX: 2 TXA: 0 RX: 2 AQ: 2]: Disconnecting, preparing to reconnect
Google.Solutions.Compute Verbose: 0 : SshRelayStream [TX: 2 TXA: 0 RX: 2 AQ: 2]: Disconnecting, preparing to reconnect
Google.Solutions.Compute Verbose: 0 : SshRelayStream [TX: 2 TXA: 0 RX: 2 AQ: 2]: Disconnecting, preparing to reconnect
Google.Solutions.Compute Verbose: 0 : SshRelayStream [TX: 2 TXA: 0 RX: 2 AQ: 2]: Disconnecting, preparing to reconnect
Google.Solutions.Compute Verbose: 0 : SshRelayStream [TX: 2 TXA: 0 RX: 2 AQ: 2]: Disconnecting, preparing to reconnect
Google.Solutions.Compute Verbose: 0 : SshRelayStream [TX: 2 TXA: 0 RX: 2 AQ: 2]: Disconnecting, preparing to reconnect
Google.Solutions.Compute Verbose: 0 : SshRelayStream [TX: 2 TXA: 0 RX: 2 AQ: 2]: Disconnecting, preparing to reconnect
Google.Solutions.Compute Verbose: 0 : SshRelayStream [TX: 2 TXA: 0 RX: 2 AQ: 2]: Disconnecting, preparing to reconnect
Google.Solutions.Compute Verbose: 0 : SshRelayStream [TX: 2 TXA: 0 RX: 2 AQ: 2]: Disconnecting, preparing to reconnect
Google.Solutions.Compute Verbose: 0 : SshRelayStream [TX: 2 TXA: 0 RX: 2 AQ: 2]: Disconnecting, preparing to reconnect
Google.Solutions.Compute Verbose: 0 : SshRelayStream [TX: 2 TXA: 0 RX: 2 AQ: 2]: Disconnecting, preparing to reconnect
Google.Solutions.Compute Verbose: 0 : SshRelayStream [TX: 2 TXA: 0 RX: 2 AQ: 2]: Disconnecting, preparing to reconnect
Google.Solutions.Compute Verbose: 0 : SshRelayStream [TX: 2 TXA: 0 RX: 2 AQ: 2]: Disconnecting, preparing to reconnect
Google.Solutions.Compute Verbose: 0 : SshRelayStream [TX: 2 TXA: 0 RX: 2 AQ: 2]: Disconnecting, preparing to reconnect
Google.Solutions.Compute Verbose: 0 : SshRelayStream [TX: 2 TXA: 0 RX: 2 AQ: 2]: Disconnecting, preparing to reconnect
Google.Solutions.Compute Verbose: 0 : SshRelayStream [TX: 2 TXA: 0 RX: 2 AQ: 2]: Disconnecting, preparing to reconnect
Google.Solutions.Compute Verbose: 0 : SshRelayStream [TX: 2 TXA: 0 RX: 2 AQ: 2]: Disconnecting, preparing to reconnect
Google.Solutions.Compute Verbose: 0 : SshRelayStream [TX: 2 TXA: 0 RX: 2 AQ: 2]: Disconnecting, preparing to reconnect
Google.Solutions.Compute Verbose: 0 : SshRelayStream [TX: 2 TXA: 0 RX: 2 AQ: 2]: Disconnecting, preparing to reconnect
Google.Solutions.Compute Verbose: 0 : SshRelayStream [TX: 2 TXA: 0 RX: 2 AQ: 2]: Disconnecting, preparing to reconnect
Google.Solutions.Compute Verbose: 0 : SshRelayStream [TX: 2 TXA: 0 RX: 2 AQ: 2]: Disconnecting, preparing to reconnect
Google.Solutions.Compute Verbose: 0 : SshRelayStream [TX: 2 TXA: 0 RX: 2 AQ: 2]: Disconnecting, preparing to reconnect
Google.Solutions.Compute Verbose: 0 : SshRelayStream [TX: 2 TXA: 0 RX: 2 AQ: 2]: Disconnecting, preparing to reconnect
Google.Solutions.Compute Verbose: 0 : SshRelayStream [TX: 2 TXA: 0 RX: 2 AQ: 2]: Disconnecting, preparing to reconnect
Google.Solutions.Compute Verbose: 0 : SshRelayStream [TX: 2 TXA: 0 RX: 2 AQ: 2]: Disconnecting, preparing to reconnect
Google.Solutions.Compute Verbose: 0 : SshRelayStream [TX: 2 TXA: 0 RX: 2 AQ: 2]: Disonnected.
Google.Solutions.Compute Verbose: 0 : SshRelayStream [TX: 2 TXA: 0 RX: 2 AQ: 2]: Disonnected.
Google.Solutions.Compute Verbose: 0 : SshRelayStream [TX: 2 TXA: 0 RX: 2 AQ: 2]: Disonnected.
Google.Solutions.Compute Verbose: 0 : SshRelayStream [TX: 2 TXA: 0 RX: 2 AQ: 2]: Disonnected.
Google.Solutions.Compute Verbose: 0 : SshRelayStream [TX: 2 TXA: 0 RX: 2 AQ: 2]: Disonnected.
Google.Solutions.Compute Verbose: 0 : SshRelayStream [TX: 2 TXA: 0 RX: 2 AQ: 2]: Disonnected.
Google.Solutions.Compute Verbose: 0 : SshRelayStream [TX: 2 TXA: 0 RX: 2 AQ: 2]: Disonnected.
Google.Solutions.Compute Verbose: 0 : SshRelayStream [TX: 2 TXA: 0 RX: 2 AQ: 2]: Disonnected.
Google.Solutions.Compute Verbose: 0 : SshRelayStream [TX: 2 TXA: 0 RX: 2 AQ: 2]: Disonnected.
Google.Solutions.Compute Verbose: 0 : SshRelayStream [TX: 2 TXA: 0 RX: 2 AQ: 2]: Disonnected.
Google.Solutions.Compute Verbose: 0 : SshRelayStream [TX: 2 TXA: 0 RX: 2 AQ: 2]: Disonnected.
Google.Solutions.Compute Verbose: 0 : SshRelayStream [TX: 2 TXA: 0 RX: 2 AQ: 2]: Disonnected.
Google.Solutions.Compute Verbose: 0 : SshRelayStream [TX: 2 TXA: 0 RX: 2 AQ: 2]: Disonnected.
Google.Solutions.Compute Verbose: 0 : SshRelayStream [TX: 2 TXA: 0 RX: 2 AQ: 2]: Disonnected.
Google.Solutions.Compute Verbose: 0 : SshRelayStream [TX: 2 TXA: 0 RX: 2 AQ: 2]: Disonnected.
Google.Solutions.Compute Verbose: 0 : SshRelayStream [TX: 2 TXA: 0 RX: 2 AQ: 2]: Disonnected.
Google.Solutions.Compute Verbose: 0 : SshRelayStream [TX: 2 TXA: 0 RX: 2 AQ: 2]: Disonnected.
Google.Solutions.Compute Verbose: 0 : SshRelayStream [TX: 2 TXA: 0 RX: 2 AQ: 2]: Disonnected.
Google.Solutions.Compute Verbose: 0 : SshRelayStream [TX: 2 TXA: 0 RX: 2 AQ: 2]: Disonnected.
Google.Solutions.Compute Verbose: 0 : SshRelayStream [TX: 2 TXA: 0 RX: 2 AQ: 2]: Disonnected.
Google.Solutions.Compute Verbose: 0 : SshRelayStream [TX: 2 TXA: 0 RX: 2 AQ: 2]: Disonnected.
Google.Solutions.Compute Verbose: 0 : SshRelayStream [TX: 2 TXA: 0 RX: 2 AQ: 2]: Disonnected.
Google.Solutions.Compute Verbose: 0 : SshRelayStream [TX: 2 TXA: 0 RX: 2 AQ: 2]: Disonnected.
Google.Solutions.Compute Verbose: 0 : SshRelayStream [TX: 2 TXA: 0 RX: 2 AQ: 2]: Disonnected.
Google.Solutions.Compute Verbose: 0 : SshRelayStream [TX: 2 TXA: 0 RX: 2 AQ: 2]: Disonnected.
Google.Solutions.Compute Verbose: 0 : SshRelayStream [TX: 2 TXA: 0 RX: 2 AQ: 2]: Disonnected.
Google.Solutions.Compute Verbose: 0 : SshRelayStream [TX: 2 TXA: 0 RX: 2 AQ: 2]: Disonnected.
Google.Solutions.Compute Verbose: 0 : SshRelayStream [TX: 2 TXA: 0 RX: 2 AQ: 2]: Disonnected.
Google.Solutions.Compute Verbose: 0 : SshRelayStream [TX: 2 TXA: 0 RX: 2 AQ: 2]: Disonnected.
Google.Solutions.Compute Verbose: 0 : SshRelayStream [TX: 2 TXA: 0 RX: 2 AQ: 2]: Disonnected.
Google.Solutions.Compute Verbose: 0 : SshRelayStream [TX: 2 TXA: 0 RX: 2 AQ: 2]: Disonnected.
Google.Solutions.Compute Verbose: 0 : SshRelayStream [TX: 2 TXA: 0 RX: 2 AQ: 2]: Disonnected.
Google.Solutions.Compute Verbose: 0 : SshRelayStream [TX: 2 TXA: 0 RX: 2 AQ: 2]: Disonnected.
Google.Solutions.Compute Verbose: 0 : SshRelayStream [TX: 2 TXA: 0 RX: 2 AQ: 2]: Disonnected.
Google.Solutions.Compute Verbose: 0 : SshRelayStream [TX: 2 TXA: 0 RX: 2 AQ: 2]: Disonnected.
Google.Solutions.Compute Verbose: 0 : SshRelayStream [TX: 2 TXA: 0 RX: 2 AQ: 2]: Disonnected.
Google.Solutions.Compute Verbose: 0 : SshRelayStream [TX: 2 TXA: 0 RX: 2 AQ: 2]: Disonnected.
Google.Solutions.Compute Verbose: 0 : SshRelayStream [TX: 2 TXA: 0 RX: 2 AQ: 2]: Disonnected.
Google.Solutions.Compute Verbose: 0 : SshRelayStream [TX: 2 TXA: 0 RX: 2 AQ: 2]: Disonnected.
Google.Solutions.Compute Verbose: 0 : SshRelayStream [TX: 2 TXA: 0 RX: 2 AQ: 2]: Disonnected.
Google.Solutions.Compute Verbose: 0 : SshRelayStream [TX: 2 TXA: 0 RX: 2 AQ: 2]: Disonnected.
Google.Solutions.Compute Verbose: 0 : SshRelayStream [TX: 2 TXA: 0 RX: 2 AQ: 2]: Disonnected.
Google.Solutions.Compute Verbose: 0 : SshRelayStream [TX: 2 TXA: 0 RX: 2 AQ: 2]: Disonnected.
Google.Solutions.Compute Verbose: 0 : SshRelayStream [TX: 2 TXA: 0 RX: 2 AQ: 2]: Disonnected.
Google.Solutions.Compute Verbose: 0 : SshRelayStream [TX: 2 TXA: 0 RX: 2 AQ: 2]: Disonnected.
Google.Solutions.Compute Verbose: 0 : SshRelayStream [TX: 2 TXA: 0 RX: 2 AQ: 2]: Disonnected.
Google.Solutions.Compute Verbose: 0 : SshRelayStream [TX: 2 TXA: 0 RX: 2 AQ: 2]: Disonnected.
Google.Solutions.Compute Verbose: 0 : SshRelayStream [TX: 2 TXA: 0 RX: 2 AQ: 2]: Disonnected.
Google.Solutions.Compute Verbose: 0 : SshRelayStream [TX: 2 TXA: 0 RX: 2 AQ: 2]: Disonnected.
Google.Solutions.Compute Verbose: 0 : SshRelayStream [TX: 2 TXA: 0 RX: 2 AQ: 2]: Disonnected.
Google.Solutions.Compute Verbose: 0 : SshRelayStream [TX: 2 TXA: 0 RX: 2 AQ: 2]: Disonnected.
Google.Solutions.Compute Verbose: 0 : SshRelayStream [TX: 2 TXA: 0 RX: 2 AQ: 2]: Disonnected.
Google.Solutions.Compute Verbose: 0 : SshRelayStream [TX: 2 TXA: 0 RX: 2 AQ: 2]: Disonnected.
Google.Solutions.Compute Verbose: 0 : SshRelayStream [TX: 2 TXA: 0 RX: 2 AQ: 2]: Disonnected.
Google.Solutions.Compute Verbose: 0 : SshRelayStream [TX: 2 TXA: 0 RX: 2 AQ: 2]: Disonnected.
Google.Solutions.Compute Verbose: 0 : SshRelayStream [TX: 2 TXA: 0 RX: 2 AQ: 2]: Disonnected.
Google.Solutions.Compute Verbose: 0 : SshRelayStream [TX: 2 TXA: 0 RX: 2 AQ: 2]: Disonnected.
Google.Solutions.Compute Verbose: 0 : SshRelayStream [TX: 2 TXA: 0 RX: 2 AQ: 2]: Disonnected.
Google.Solutions.Compute Verbose: 0 : SshRelayStream [TX: 2 TXA: 0 RX: 2 AQ: 2]: Disonnected.
Google.Solutions.Compute Verbose: 0 : SshRelayStream [TX: 2 TXA: 0 RX: 2 AQ: 2]: Disonnected.
Google.Solutions.Compute Verbose: 0 : SshRelayStream [TX: 2 TXA: 0 RX: 2 AQ: 2]: Disonnected.
Google.Solutions.Compute Verbose: 0 : SshRelayStream [TX: 2 TXA: 0 RX: 2 AQ: 2]: Disonnected.
Google.Solutions.Compute Verbose: 0 : SshRelayStream [TX: 2 TXA: 0 RX: 2 AQ: 2]: Reconnecting...
Google.Solutions.Compute Verbose: 0 : SshRelayStream [TX: 2 TXA: 0 RX: 2 AQ: 2]: Reconnecting...
Google.Solutions.Compute Verbose: 0 : SshRelayStream [TX: 2 TXA: 0 RX: 2 AQ: 2]: Reconnecting...
Google.Solutions.Compute Verbose: 0 : SshRelayStream [TX: 2 TXA: 0 RX: 2 AQ: 2]: Reconnecting...
Google.Solutions.Compute Verbose: 0 : SshRelayStream [TX: 2 TXA: 0 RX: 2 AQ: 2]: Reconnecting...
Google.Solutions.Compute Verbose: 0 : SshRelayStream [TX: 2 TXA: 0 RX: 2 AQ: 2]: Reconnecting...
Google.Solutions.Compute Verbose: 0 : SshRelayStream [TX: 2 TXA: 0 RX: 2 AQ: 2]: Reconnecting...
Google.Solutions.Compute Verbose: 0 : SshRelayStream [TX: 2 TXA: 0 RX: 2 AQ: 2]: Reconnecting...
Google.Solutions.Compute Verbose: 0 : SshRelayStream [TX: 2 TXA: 0 RX: 2 AQ: 2]: Reconnecting...
Google.Solutions.Compute Verbose: 0 : SshRelayStream [TX: 2 TXA: 0 RX: 2 AQ: 2]: Reconnecting...
Google.Solutions.Compute Verbose: 0 : SshRelayStream [TX: 2 TXA: 0 RX: 2 AQ: 2]: Reconnecting...
Google.Solutions.Compute Verbose: 0 : SshRelayStream [TX: 2 TXA: 0 RX: 2 AQ: 2]: Reconnecting...
Google.Solutions.Compute Verbose: 0 : SshRelayStream [TX: 2 TXA: 0 RX: 2 AQ: 2]: Reconnecting...
Google.Solutions.Compute Verbose: 0 : SshRelayStream [TX: 2 TXA: 0 RX: 2 AQ: 2]: Reconnecting...
Google.Solutions.Compute Verbose: 0 : SshRelayStream [TX: 2 TXA: 0 RX: 2 AQ: 2]: Reconnecting...
Google.Solutions.Compute Verbose: 0 : SshRelayStream [TX: 2 TXA: 0 RX: 2 AQ: 2]: Reconnecting...
Google.Solutions.Compute Verbose: 0 : SshRelayStream [TX: 2 TXA: 0 RX: 2 AQ: 2]: Reconnecting...
Google.Solutions.Compute Verbose: 0 : SshRelayStream [TX: 2 TXA: 0 RX: 2 AQ: 2]: Reconnecting...
Google.Solutions.Compute Verbose: 0 : SshRelayStream [TX: 2 TXA: 0 RX: 2 AQ: 2]: Reconnecting...
Google.Solutions.Compute Verbose: 0 : SshRelayStream [TX: 2 TXA: 0 RX: 2 AQ: 2]: Reconnecting...
Google.Solutions.Compute Verbose: 0 : SshRelayStream [TX: 2 TXA: 0 RX: 2 AQ: 2]: Reconnecting...
Google.Solutions.Compute Verbose: 0 : SshRelayStream [TX: 2 TXA: 0 RX: 2 AQ: 2]: Reconnecting...
Google.Solutions.Compute Verbose: 0 : SshRelayStream [TX: 2 TXA: 0 RX: 2 AQ: 2]: Reconnecting...
Google.Solutions.Compute Verbose: 0 : SshRelayStream [TX: 2 TXA: 0 RX: 2 AQ: 2]: Reconnecting...
Google.Solutions.Compute Verbose: 0 : SshRelayStream [TX: 2 TXA: 0 RX: 2 AQ: 2]: Reconnecting...
Google.Solutions.Compute Verbose: 0 : SshRelayStream [TX: 2 TXA: 0 RX: 2 AQ: 2]: Reconnecting...
Google.Solutions.Compute Verbose: 0 : SshRelayStream [TX: 2 TXA: 0 RX: 2 AQ: 2]: Reconnecting...
Google.Solutions.Compute Verbose: 0 : SshRelayStream [TX: 2 TXA: 0 RX: 2 AQ: 2]: Reconnecting...
Google.Solutions.Compute Verbose: 0 : SshRelayStream [TX: 2 TXA: 0 RX: 2 AQ: 2]: Reconnecting...
Google.Solutions.Compute Verbose: 0 : SshRelayStream [TX: 2 TXA: 0 RX: 2 AQ: 2]: Reconnecting...
Google.Solutions.Compute Verbose: 0 : SshRelayStream [TX: 2 TXA: 0 RX: 2 AQ: 2]: Reconnecting...
Google.Solutions.Compute Verbose: 0 : SshRelayStream [TX: 2 TXA: 0 RX: 2 AQ: 2]: Reconnecting...
Google.Solutions.Compute Verbose: 0 : SshRelayStream [TX: 2 TXA: 0 RX: 2 AQ: 2]: Reconnecting...
Google.Solutions.Compute Verbose: 0 : SshRelayStream [TX: 2 TXA: 0 RX: 2 AQ: 2]: Reconnecting...
Google.Solutions.Compute Verbose: 0 : SshRelayStream [TX: 2 TXA: 0 RX: 2 AQ: 2]: Reconnecting...
Google.Solutions.Compute Verbose: 0 : SshRelayStream [TX: 2 TXA: 0 RX: 2 AQ: 2]: Reconnecting...
Google.Solutions.Compute Verbose: 0 : SshRelayStream [TX: 2 TXA: 0 RX: 2 AQ: 2]: Reconnecting...
Google.Solutions.Compute Verbose: 0 : SshRelayStream [TX: 2 TXA: 0 RX: 2 AQ: 2]: Reconnecting...
Google.Solutions.Compute Verbose: 0 : SshRelayStream [TX: 2 TXA: 0 RX: 2 AQ: 2]: Reconnecting...
Google.Solutions.Compute Verbose: 0 : SshRelayStream [TX: 2 TXA: 0 RX: 2 AQ: 2]: Reconnecting...
Google.Solutions.Compute Verbose: 0 : SshRelayStream [TX: 2 TXA: 0 RX: 2 AQ: 2]: Reconnecting...
Google.Solutions.Compute Verbose: 0 : SshRelayStream [TX: 2 TXA: 0 RX: 2 AQ: 2]: Reconnecting...
Google.Solutions.Compute Verbose: 0 : SshRelayStream [TX: 2 TXA: 0 RX: 2 AQ: 2]: Reconnecting...
Google.Solutions.Compute Verbose: 0 : SshRelayStream [TX: 2 TXA: 0 RX: 2 AQ: 2]: Reconnecting...
Google.Solutions.Compute Verbose: 0 : SshRelayStream [TX: 2 TXA: 0 RX: 2 AQ: 2]: Reconnecting...
Google.Solutions.Compute Verbose: 0 : SshRelayStream [TX: 2 TXA: 0 RX: 2 AQ: 2]: Reconnecting...
Google.Solutions.Compute Verbose: 0 : SshRelayStream [TX: 2 TXA: 0 RX: 2 AQ: 2]: Reconnecting...
Google.Solutions.Compute Verbose: 0 : SshRelayStream [TX: 2 TXA: 0 RX: 2 AQ: 2]: Reconnecting...
Google.Solutions.Compute Verbose: 0 : SshRelayStream [TX: 2 TXA: 0 RX: 2 AQ: 2]: Reconnecting...
Google.Solutions.Compute Verbose: 0 : SshRelayStream [TX: 2 TXA: 0 RX: 2 AQ: 2]: Reconnecting...
Google.Solutions.Compute Verbose: 0 : SshRelayStream [TX: 2 TXA: 0 RX: 2 AQ: 2]: Reconnecting...
Google.Solutions.Compute Verbose: 0 : SshRelayStream [TX: 2 TXA: 0 RX: 2 AQ: 2]: Reconnecting...
Google.Solutions.Compute Verbose: 0 : SshRelayStream [TX: 2 TXA: 0 RX: 2 AQ: 2]: Reconnecting...
Google.Solutions.Compute Verbose: 0 : SshRelayStream [TX: 2 TXA: 0 RX: 2 AQ: 2]: Reconnecting...
Google.Solutions.Compute Verbose: 0 : SshRelayStream [TX: 2 TXA: 0 RX: 2 AQ: 2]: Reconnecting...
Google.Solutions.Compute Verbose: 0 : SshRelayStream [TX: 2 TXA: 0 RX: 2 AQ: 2]: Reconnecting...
Google.Solutions.Compute Verbose: 0 : SshRelayStream [TX: 2 TXA: 0 RX: 2 AQ: 2]: Reconnecting...
Google.Solutions.Compute Verbose: 0 : SshRelayStream [TX: 2 TXA: 0 RX: 2 AQ: 2]: Reconnecting...
Google.Solutions.Compute Verbose: 0 : SshRelayStream [TX: 2 TXA: 0 RX: 2 AQ: 2]: Reconnecting...
Google.Solutions.Compute Verbose: 0 : SshRelayStream [TX: 2 TXA: 0 RX: 2 AQ: 2]: Reconnecting...
Google.Solutions.Compute Verbose: 0 : SshRelayStream [TX: 2 TXA: 0 RX: 2 AQ: 2]: Reconnecting...
Google.Solutions.Compute Verbose: 0 : SshRelayStream [TX: 2 TXA: 0 RX: 2 AQ: 2]: Reconnecting...
Google.Solutions.Compute Verbose: 0 : SshRelayStream [TX: 2 TXA: 0 RX: 2 AQ: 1]: Resending DATA #0...
Google.Solutions.Compute Verbose: 0 : SshRelayStream [TX: 2 TXA: 0 RX: 2 AQ: 1]: Resending DATA #0...
Google.Solutions.Compute Verbose: 0 : SshRelayStream [TX: 2 TXA: 0 RX: 2 AQ: 1]: Resending DATA #0...
Google.Solutions.Compute Verbose: 0 : SshRelayStream [TX: 2 TXA: 0 RX: 2 AQ: 1]: Resending DATA #0...
Google.Solutions.Compute Verbose: 0 : SshRelayStream [TX: 2 TXA: 0 RX: 2 AQ: 1]: Resending DATA #0...
Google.Solutions.Compute Verbose: 0 : SshRelayStream [TX: 2 TXA: 0 RX: 2 AQ: 1]: Resending DATA #0...
Google.Solutions.Compute Verbose: 0 : SshRelayStream [TX: 2 TXA: 0 RX: 2 AQ: 1]: Resending DATA #0...
Google.Solutions.Compute Verbose: 0 : SshRelayStream [TX: 2 TXA: 0 RX: 2 AQ: 1]: Resending DATA #0...
Google.Solutions.Compute Verbose: 0 : SshRelayStream [TX: 2 TXA: 0 RX: 2 AQ: 1]: Resending DATA #0...
Google.Solutions.Compute Verbose: 0 : SshRelayStream [TX: 2 TXA: 0 RX: 2 AQ: 1]: Resending DATA #0...
Google.Solutions.Compute Verbose: 0 : SshRelayStream [TX: 2 TXA: 0 RX: 2 AQ: 1]: Resending DATA #0...
Google.Solutions.Compute Verbose: 0 : SshRelayStream [TX: 2 TXA: 0 RX: 2 AQ: 1]: Resending DATA #0...
Google.Solutions.Compute Verbose: 0 : SshRelayStream [TX: 2 TXA: 0 RX: 2 AQ: 1]: Resending DATA #0...
Google.Solutions.Compute Verbose: 0 : SshRelayStream [TX: 2 TXA: 0 RX: 2 AQ: 1]: Resending DATA #0...
Google.Solutions.Compute Verbose: 0 : SshRelayStream [TX: 2 TXA: 0 RX: 2 AQ: 1]: Resending DATA #0...
Google.Solutions.Compute Verbose: 0 : SshRelayStream [TX: 2 TXA: 0 RX: 2 AQ: 1]: Resending DATA #0...
Google.Solutions.Compute Verbose: 0 : SshRelayStream [TX: 2 TXA: 0 RX: 2 AQ: 1]: Resending DATA #0...
Google.Solutions.Compute Verbose: 0 : SshRelayStream [TX: 2 TXA: 0 RX: 2 AQ: 1]: Resending DATA #0...
Google.Solutions.Compute Verbose: 0 : SshRelayStream [TX: 2 TXA: 0 RX: 2 AQ: 1]: Resending DATA #0...
Google.Solutions.Compute Verbose: 0 : SshRelayStream [TX: 2 TXA: 0 RX: 2 AQ: 1]: Resending DATA #0...
Google.Solutions.Compute Verbose: 0 : SshRelayStream [TX: 2 TXA: 0 RX: 2 AQ: 1]: Resending DATA #0...
Google.Solutions.Compute Verbose: 0 : SshRelayStream [TX: 2 TXA: 0 RX: 2 AQ: 1]: Resending DATA #0...
Google.Solutions.Compute Verbose: 0 : SshRelayStream [TX: 2 TXA: 0 RX: 2 AQ: 1]: Resending DATA #0...
Google.Solutions.Compute Verbose: 0 : SshRelayStream [TX: 2 TXA: 0 RX: 2 AQ: 1]: Resending DATA #0...
Google.Solutions.Compute Verbose: 0 : SshRelayStream [TX: 2 TXA: 0 RX: 2 AQ: 1]: Resending DATA #0...
Google.Solutions.Compute Verbose: 0 : SshRelayStream [TX: 2 TXA: 0 RX: 2 AQ: 1]: Resending DATA #0...
Google.Solutions.Compute Verbose: 0 : SshRelayStream [TX: 2 TXA: 0 RX: 2 AQ: 1]: Resending DATA #0...
Google.Solutions.Compute Verbose: 0 : SshRelayStream [TX: 2 TXA: 0 RX: 2 AQ: 1]: Resending DATA #0...
Google.Solutions.Compute Verbose: 0 : SshRelayStream [TX: 2 TXA: 0 RX: 2 AQ: 1]: Resending DATA #0...
Google.Solutions.Compute Verbose: 0 : SshRelayStream [TX: 2 TXA: 0 RX: 2 AQ: 1]: Resending DATA #0...
Google.Solutions.Compute Verbose: 0 : SshRelayStream [TX: 2 TXA: 0 RX: 2 AQ: 1]: Resending DATA #0...
Google.Solutions.Compute Verbose: 0 : SshRelayStream [TX: 2 TXA: 0 RX: 2 AQ: 1]: Resending DATA #0...
Google.Solutions.Compute Verbose: 0 : SshRelayStream [TX: 2 TXA: 0 RX: 2 AQ: 1]: Resending DATA #0...
Google.Solutions.Compute Verbose: 0 : SshRelayStream [TX: 2 TXA: 0 RX: 2 AQ: 1]: Resending DATA #0...
Google.Solutions.Compute Verbose: 0 : SshRelayStream [TX: 2 TXA: 0 RX: 2 AQ: 1]: Resending DATA #0...
Google.Solutions.Compute Verbose: 0 : SshRelayStream [TX: 2 TXA: 0 RX: 2 AQ: 1]: Resending DATA #0...
Google.Solutions.Compute Verbose: 0 : SshRelayStream [TX: 2 TXA: 0 RX: 2 AQ: 1]: Resending DATA #0...
Google.Solutions.Compute Verbose: 0 : SshRelayStream [TX: 2 TXA: 0 RX: 2 AQ: 1]: Resending DATA #0...
Google.Solutions.Compute Verbose: 0 : SshRelayStream [TX: 2 TXA: 0 RX: 2 AQ: 1]: Resending DATA #0...
Google.Solutions.Compute Verbose: 0 : SshRelayStream [TX: 2 TXA: 0 RX: 2 AQ: 1]: Resending DATA #0...
Google.Solutions.Compute Verbose: 0 : SshRelayStream [TX: 2 TXA: 0 RX: 2 AQ: 1]: Resending DATA #0...
Google.Solutions.Compute Verbose: 0 : SshRelayStream [TX: 2 TXA: 0 RX: 2 AQ: 1]: Resending DATA #0...
Google.Solutions.Compute Verbose: 0 : SshRelayStream [TX: 2 TXA: 0 RX: 2 AQ: 1]: Resending DATA #0...
Google.Solutions.Compute Verbose: 0 : SshRelayStream [TX: 2 TXA: 0 RX: 2 AQ: 1]: Resending DATA #0...
Google.Solutions.Compute Verbose: 0 : SshRelayStream [TX: 2 TXA: 0 RX: 2 AQ: 1]: Resending DATA #0...
Google.Solutions.Compute Verbose: 0 : SshRelayStream [TX: 2 TXA: 0 RX: 2 AQ: 1]: Resending DATA #0...
Google.Solutions.Compute Verbose: 0 : SshRelayStream [TX: 2 TXA: 0 RX: 2 AQ: 1]: Resending DATA #0...
Google.Solutions.Compute Verbose: 0 : SshRelayStream [TX: 2 TXA: 0 RX: 2 AQ: 1]: Resending DATA #0...
Google.Solutions.Compute Verbose: 0 : SshRelayStream [TX: 2 TXA: 0 RX: 2 AQ: 1]: Resending DATA #0...
Google.Solutions.Compute Verbose: 0 : SshRelayStream [TX: 2 TXA: 0 RX: 2 AQ: 1]: Resending DATA #0...
Google.Solutions.Compute Verbose: 0 : SshRelayStream [TX: 2 TXA: 0 RX: 2 AQ: 1]: Resending DATA #0...
Google.Solutions.Compute Verbose: 0 : SshRelayStream [TX: 2 TXA: 0 RX: 2 AQ: 1]: Resending DATA #0...
Google.Solutions.Compute Verbose: 0 : SshRelayStream [TX: 2 TXA: 0 RX: 2 AQ: 1]: Resending DATA #0...
Google.Solutions.Compute Verbose: 0 : SshRelayStream [TX: 2 TXA: 0 RX: 2 AQ: 1]: Resending DATA #0...
Google.Solutions.Compute Verbose: 0 : SshRelayStream [TX: 2 TXA: 0 RX: 2 AQ: 1]: Resending DATA #0...
Google.Solutions.Compute Verbose: 0 : SshRelayStream [TX: 2 TXA: 0 RX: 2 AQ: 1]: Resending DATA #0...
Google.Solutions.Compute Verbose: 0 : SshRelayStream [TX: 2 TXA: 0 RX: 2 AQ: 1]: Resending DATA #0...
Google.Solutions.Compute Verbose: 0 : SshRelayStream [TX: 2 TXA: 0 RX: 2 AQ: 1]: Resending DATA #0...
Google.Solutions.Compute Verbose: 0 : SshRelayStream [TX: 2 TXA: 0 RX: 2 AQ: 1]: Resending DATA #0...
Google.Solutions.Compute Verbose: 0 : SshRelayStream [TX: 2 TXA: 0 RX: 2 AQ: 1]: Resending DATA #0...
Google.Solutions.Compute Verbose: 0 : SshRelayStream [TX: 2 TXA: 0 RX: 2 AQ: 1]: Resending DATA #0...
Google.Solutions.Compute Verbose: 0 : SshRelayStream [TX: 2 TXA: 0 RX: 2 AQ: 1]: Resending DATA #0...
Google.Solutions.Compute Verbose: 0 : SshRelayStream [TX: 2 TXA: 0 RX: 2 AQ: 0]: Resending DATA #1...
Google.Solutions.Compute Verbose: 0 : SshRelayStream [TX: 2 TXA: 0 RX: 2 AQ: 0]: Resending DATA #1...
Google.Solutions.Compute Verbose: 0 : SshRelayStream [TX: 2 TXA: 0 RX: 2 AQ: 0]: Resending DATA #1...
Google.Solutions.Compute Verbose: 0 : SshRelayStream [TX: 2 TXA: 0 RX: 2 AQ: 0]: Resending DATA #1...
Google.Solutions.Compute Verbose: 0 : SshRelayStream [TX: 2 TXA: 0 RX: 2 AQ: 0]: Resending DATA #1...
Google.Solutions.Compute Verbose: 0 : SshRelayStream [TX: 2 TXA: 0 RX: 2 AQ: 0]: Resending DATA #1...
Google.Solutions.Compute Verbose: 0 : SshRelayStream [TX: 2 TXA: 0 RX: 2 AQ: 0]: Resending DATA #1...
Google.Solutions.Compute Verbose: 0 : SshRelayStream [TX: 2 TXA: 0 RX: 2 AQ: 0]: Resending DATA #1...
Google.Solutions.Compute Verbose: 0 : SshRelayStream [TX: 2 TXA: 0 RX: 2 AQ: 0]: Resending DATA #1...
Google.Solutions.Compute Verbose: 0 : SshRelayStream [TX: 2 TXA: 0 RX: 2 AQ: 0]: Resending DATA #1...
Google.Solutions.Compute Verbose: 0 : SshRelayStream [TX: 2 TXA: 0 RX: 2 AQ: 0]: Resending DATA #1...
Google.Solutions.Compute Verbose: 0 : SshRelayStream [TX: 2 TXA: 0 RX: 2 AQ: 0]: Resending DATA #1...
Google.Solutions.Compute Verbose: 0 : SshRelayStream [TX: 2 TXA: 0 RX: 2 AQ: 0]: Resending DATA #1...
Google.Solutions.Compute Verbose: 0 : SshRelayStream [TX: 2 TXA: 0 RX: 2 AQ: 0]: Resending DATA #1...
Google.Solutions.Compute Verbose: 0 : SshRelayStream [TX: 2 TXA: 0 RX: 2 AQ: 0]: Resending DATA #1...
Google.Solutions.Compute Verbose: 0 : SshRelayStream [TX: 2 TXA: 0 RX: 2 AQ: 0]: Resending DATA #1...
Google.Solutions.Compute Verbose: 0 : SshRelayStream [TX: 2 TXA: 0 RX: 2 AQ: 0]: Resending DATA #1...
Google.Solutions.Compute Verbose: 0 : SshRelayStream [TX: 2 TXA: 0 RX: 2 AQ: 0]: Resending DATA #1...
Google.Solutions.Compute Verbose: 0 : SshRelayStream [TX: 2 TXA: 0 RX: 2 AQ: 0]: Resending DATA #1...
Google.Solutions.Compute Verbose: 0 : SshRelayStream [TX: 2 TXA: 0 RX: 2 AQ: 0]: Resending DATA #1...
Google.Solutions.Compute Verbose: 0 : SshRelayStream [TX: 2 TXA: 0 RX: 2 AQ: 0]: Resending DATA #1...
Google.Solutions.Compute Verbose: 0 : SshRelayStream [TX: 2 TXA: 0 RX: 2 AQ: 0]: Resending DATA #1...
Google.Solutions.Compute Verbose: 0 : SshRelayStream [TX: 2 TXA: 0 RX: 2 AQ: 0]: Resending DATA #1...
Google.Solutions.Compute Verbose: 0 : SshRelayStream [TX: 2 TXA: 0 RX: 2 AQ: 0]: Resending DATA #1...
Google.Solutions.Compute Verbose: 0 : SshRelayStream [TX: 2 TXA: 0 RX: 2 AQ: 0]: Resending DATA #1...
Google.Solutions.Compute Verbose: 0 : SshRelayStream [TX: 2 TXA: 0 RX: 2 AQ: 0]: Resending DATA #1...
Google.Solutions.Compute Verbose: 0 : SshRelayStream [TX: 2 TXA: 0 RX: 2 AQ: 0]: Resending DATA #1...
Google.Solutions.Compute Verbose: 0 : SshRelayStream [TX: 2 TXA: 0 RX: 2 AQ: 0]: Resending DATA #1...
Google.Solutions.Compute Verbose: 0 : SshRelayStream [TX: 2 TXA: 0 RX: 2 AQ: 0]: Resending DATA #1...
Google.Solutions.Compute Verbose: 0 : SshRelayStream [TX: 2 TXA: 0 RX: 2 AQ: 0]: Resending DATA #1...
Google.Solutions.Compute Verbose: 0 : SshRelayStream [TX: 2 TXA: 0 RX: 2 AQ: 0]: Resending DATA #1...
Google.Solutions.Compute Verbose: 0 : SshRelayStream [TX: 2 TXA: 0 RX: 2 AQ: 0]: Resending DATA #1...
Google.Solutions.Compute Verbose: 0 : SshRelayStream [TX: 2 TXA: 0 RX: 2 AQ: 0]: Resending DATA #1...
Google.Solutions.Compute Verbose: 0 : SshRelayStream [TX: 2 TXA: 0 RX: 2 AQ: 0]: Resending DATA #1...
Google.Solutions.Compute Verbose: 0 : SshRelayStream [TX: 2 TXA: 0 RX: 2 AQ: 0]: Resending DATA #1...
Google.Solutions.Compute Verbose: 0 : SshRelayStream [TX: 2 TXA: 0 RX: 2 AQ: 0]: Resending DATA #1...
Google.Solutions.Compute Verbose: 0 : SshRelayStream [TX: 2 TXA: 0 RX: 2 AQ: 0]: Resending DATA #1...
Google.Solutions.Compute Verbose: 0 : SshRelayStream [TX: 2 TXA: 0 RX: 2 AQ: 0]: Resending DATA #1...
Google.Solutions.Compute Verbose: 0 : SshRelayStream [TX: 2 TXA: 0 RX: 2 AQ: 0]: Resending DATA #1...
Google.Solutions.Compute Verbose: 0 : SshRelayStream [TX: 2 TXA: 0 RX: 2 AQ: 0]: Resending DATA #1...
Google.Solutions.Compute Verbose: 0 : SshRelayStream [TX: 2 TXA: 0 RX: 2 AQ: 0]: Resending DATA #1...
Google.Solutions.Compute Verbose: 0 : SshRelayStream [TX: 2 TXA: 0 RX: 2 AQ: 0]: Resending DATA #1...
Google.Solutions.Compute Verbose: 0 : SshRelayStream [TX: 2 TXA: 0 RX: 2 AQ: 0]: Resending DATA #1...
Google.Solutions.Compute Verbose: 0 : SshRelayStream [TX: 2 TXA: 0 RX: 2 AQ: 0]: Resending DATA #1...
Google.Solutions.Compute Verbose: 0 : SshRelayStream [TX: 2 TXA: 0 RX: 2 AQ: 0]: Resending DATA #1...
Google.Solutions.Compute Verbose: 0 : SshRelayStream [TX: 2 TXA: 0 RX: 2 AQ: 0]: Resending DATA #1...
Google.Solutions.Compute Verbose: 0 : SshRelayStream [TX: 2 TXA: 0 RX: 2 AQ: 0]: Resending DATA #1...
Google.Solutions.Compute Verbose: 0 : SshRelayStream [TX: 2 TXA: 0 RX: 2 AQ: 0]: Resending DATA #1...
Google.Solutions.Compute Verbose: 0 : SshRelayStream [TX: 2 TXA: 0 RX: 2 AQ: 0]: Resending DATA #1...
Google.Solutions.Compute Verbose: 0 : SshRelayStream [TX: 2 TXA: 0 RX: 2 AQ: 0]: Resending DATA #1...
Google.Solutions.Compute Verbose: 0 : SshRelayStream [TX: 2 TXA: 0 RX: 2 AQ: 0]: Resending DATA #1...
Google.Solutions.Compute Verbose: 0 : SshRelayStream [TX: 2 TXA: 0 RX: 2 AQ: 0]: Resending DATA #1...
Google.Solutions.Compute Verbose: 0 : SshRelayStream [TX: 2 TXA: 0 RX: 2 AQ: 0]: Resending DATA #1...
Google.Solutions.Compute Verbose: 0 : SshRelayStream [TX: 2 TXA: 0 RX: 2 AQ: 0]: Resending DATA #1...
Google.Solutions.Compute Verbose: 0 : SshRelayStream [TX: 2 TXA: 0 RX: 2 AQ: 0]: Resending DATA #1...
Google.Solutions.Compute Verbose: 0 : SshRelayStream [TX: 2 TXA: 0 RX: 2 AQ: 0]: Resending DATA #1...
Google.Solutions.Compute Verbose: 0 : SshRelayStream [TX: 2 TXA: 0 RX: 2 AQ: 0]: Resending DATA #1...
Google.Solutions.Compute Verbose: 0 : SshRelayStream [TX: 2 TXA: 0 RX: 2 AQ: 0]: Resending DATA #1...
Google.Solutions.Compute Verbose: 0 : SshRelayStream [TX: 2 TXA: 0 RX: 2 AQ: 0]: Resending DATA #1...
Google.Solutions.Compute Verbose: 0 : SshRelayStream [TX: 2 TXA: 0 RX: 2 AQ: 0]: Resending DATA #1...
Google.Solutions.Compute Verbose: 0 : SshRelayStream [TX: 2 TXA: 0 RX: 2 AQ: 0]: Resending DATA #1...
Google.Solutions.Compute Verbose: 0 : SshRelayStream [TX: 2 TXA: 0 RX: 2 AQ: 0]: Resending DATA #1...
Google.Solutions.Compute Verbose: 0 : SshRelayStream [TX: 2 TXA: 0 RX: 2 AQ: 0]: Sending DATA #2...
Google.Solutions.Compute Verbose: 0 : SshRelayStream [TX: 2 TXA: 0 RX: 2 AQ: 0]: Sending DATA #2...
Google.Solutions.Compute Verbose: 0 : SshRelayStream [TX: 2 TXA: 0 RX: 2 AQ: 0]: Sending DATA #2...
Google.Solutions.Compute Verbose: 0 : SshRelayStream [TX: 2 TXA: 0 RX: 2 AQ: 0]: Sending DATA #2...
Google.Solutions.Compute Verbose: 0 : SshRelayStream [TX: 2 TXA: 0 RX: 2 AQ: 0]: Sending DATA #2...
Google.Solutions.Compute Verbose: 0 : SshRelayStream [TX: 2 TXA: 0 RX: 2 AQ: 0]: Sending DATA #2...
Google.Solutions.Compute Verbose: 0 : SshRelayStream [TX: 2 TXA: 0 RX: 2 AQ: 0]: Sending DATA #2...
Google.Solutions.Compute Verbose: 0 : SshRelayStream [TX: 2 TXA: 0 RX: 2 AQ: 0]: Sending DATA #2...
Google.Solutions.Compute Verbose: 0 : SshRelayStream [TX: 2 TXA: 0 RX: 2 AQ: 0]: Sending DATA #2...
Google.Solutions.Compute Verbose: 0 : SshRelayStream [TX: 2 TXA: 0 RX: 2 AQ: 0]: Sending DATA #2...
Google.Solutions.Compute Verbose: 0 : SshRelayStream [TX: 2 TXA: 0 RX: 2 AQ: 0]: Sending DATA #2...
Google.Solutions.Compute Verbose: 0 : SshRelayStream [TX: 2 TXA: 0 RX: 2 AQ: 0]: Sending DATA #2...
Google.Solutions.Compute Verbose: 0 : SshRelayStream [TX: 2 TXA: 0 RX: 2 AQ: 0]: Sending DATA #2...
Google.Solutions.Compute Verbose: 0 : SshRelayStream [TX: 2 TXA: 0 RX: 2 AQ: 0]: Sending DATA #2...
Google.Solutions.Compute Verbose: 0 : SshRelayStream [TX: 2 TXA: 0 RX: 2 AQ: 0]: Sending DATA #2...
Google.Solutions.Compute Verbose: 0 : SshRelayStream [TX: 2 TXA: 0 RX: 2 AQ: 0]: Sending DATA #2...
Google.Solutions.Compute Verbose: 0 : SshRelayStream [TX: 2 TXA: 0 RX: 2 AQ: 0]: Sending DATA #2...
Google.Solutions.Compute Verbose: 0 : SshRelayStream [TX: 2 TXA: 0 RX: 2 AQ: 0]: Sending DATA #2...
Google.Solutions.Compute Verbose: 0 : SshRelayStream [TX: 2 TXA: 0 RX: 2 AQ: 0]: Sending DATA #2...
Google.Solutions.Compute Verbose: 0 : SshRelayStream [TX: 2 TXA: 0 RX: 2 AQ: 0]: Sending DATA #2...
Google.Solutions.Compute Verbose: 0 : SshRelayStream [TX: 2 TXA: 0 RX: 2 AQ: 0]: Sending DATA #2...
Google.Solutions.Compute Verbose: 0 : SshRelayStream [TX: 2 TXA: 0 RX: 2 AQ: 0]: Sending DATA #2...
Google.Solutions.Compute Verbose: 0 : SshRelayStream [TX: 2 TXA: 0 RX: 2 AQ: 0]: Sending DATA #2...
Google.Solutions.Compute Verbose: 0 : SshRelayStream [TX: 2 TXA: 0 RX: 2 AQ: 0]: Sending DATA #2...
Google.Solutions.Compute Verbose: 0 : SshRelayStream [TX: 2 TXA: 0 RX: 2 AQ: 0]: Sending DATA #2...
Google.Solutions.Compute Verbose: 0 : SshRelayStream [TX: 2 TXA: 0 RX: 2 AQ: 0]: Sending DATA #2...
Google.Solutions.Compute Verbose: 0 : SshRelayStream [TX: 2 TXA: 0 RX: 2 AQ: 0]: Sending DATA #2...
Google.Solutions.Compute Verbose: 0 : SshRelayStream [TX: 2 TXA: 0 RX: 2 AQ: 0]: Sending DATA #2...
Google.Solutions.Compute Verbose: 0 : SshRelayStream [TX: 2 TXA: 0 RX: 2 AQ: 0]: Sending DATA #2...
Google.Solutions.Compute Verbose: 0 : SshRelayStream [TX: 2 TXA: 0 RX: 2 AQ: 0]: Sending DATA #2...
Google.Solutions.Compute Verbose: 0 : SshRelayStream [TX: 2 TXA: 0 RX: 2 AQ: 0]: Sending DATA #2...
Google.Solutions.Compute Verbose: 0 : SshRelayStream [TX: 2 TXA: 0 RX: 2 AQ: 0]: Sending DATA #2...
Google.Solutions.Compute Verbose: 0 : SshRelayStream [TX: 2 TXA: 0 RX: 2 AQ: 0]: Sending DATA #2...
Google.Solutions.Compute Verbose: 0 : SshRelayStream [TX: 2 TXA: 0 RX: 2 AQ: 0]: Sending DATA #2...
Google.Solutions.Compute Verbose: 0 : SshRelayStream [TX: 2 TXA: 0 RX: 2 AQ: 0]: Sending DATA #2...
Google.Solutions.Compute Verbose: 0 : SshRelayStream [TX: 2 TXA: 0 RX: 2 AQ: 0]: Sending DATA #2...
Google.Solutions.Compute Verbose: 0 : SshRelayStream [TX: 2 TXA: 0 RX: 2 AQ: 0]: Sending DATA #2...
Google.Solutions.Compute Verbose: 0 : SshRelayStream [TX: 2 TXA: 0 RX: 2 AQ: 0]: Sending DATA #2...
Google.Solutions.Compute Verbose: 0 : SshRelayStream [TX: 2 TXA: 0 RX: 2 AQ: 0]: Sending DATA #2...
Google.Solutions.Compute Verbose: 0 : SshRelayStream [TX: 2 TXA: 0 RX: 2 AQ: 0]: Sending DATA #2...
Google.Solutions.Compute Verbose: 0 : SshRelayStream [TX: 2 TXA: 0 RX: 2 AQ: 0]: Sending DATA #2...
Google.Solutions.Compute Verbose: 0 : SshRelayStream [TX: 2 TXA: 0 RX: 2 AQ: 0]: Sending DATA #2...
Google.Solutions.Compute Verbose: 0 : SshRelayStream [TX: 2 TXA: 0 RX: 2 AQ: 0]: Sending DATA #2...
Google.Solutions.Compute Verbose: 0 : SshRelayStream [TX: 2 TXA: 0 RX: 2 AQ: 0]: Sending DATA #2...
Google.Solutions.Compute Verbose: 0 : SshRelayStream [TX: 2 TXA: 0 RX: 2 AQ: 0]: Sending DATA #2...
Google.Solutions.Compute Verbose: 0 : SshRelayStream [TX: 2 TXA: 0 RX: 2 AQ: 0]: Sending DATA #2...
Google.Solutions.Compute Verbose: 0 : SshRelayStream [TX: 2 TXA: 0 RX: 2 AQ: 0]: Sending DATA #2...
Google.Solutions.Compute Verbose: 0 : SshRelayStream [TX: 2 TXA: 0 RX: 2 AQ: 0]: Sending DATA #2...
Google.Solutions.Compute Verbose: 0 : SshRelayStream [TX: 2 TXA: 0 RX: 2 AQ: 0]: Sending DATA #2...
Google.Solutions.Compute Verbose: 0 : SshRelayStream [TX: 2 TXA: 0 RX: 2 AQ: 0]: Sending DATA #2...
Google.Solutions.Compute Verbose: 0 : SshRelayStream [TX: 2 TXA: 0 RX: 2 AQ: 0]: Sending DATA #2...
Google.Solutions.Compute Verbose: 0 : SshRelayStream [TX: 2 TXA: 0 RX: 2 AQ: 0]: Sending DATA #2...
Google.Solutions.Compute Verbose: 0 : SshRelayStream [TX: 2 TXA: 0 RX: 2 AQ: 0]: Sending DATA #2...
Google.Solutions.Compute Verbose: 0 : SshRelayStream [TX: 2 TXA: 0 RX: 2 AQ: 0]: Sending DATA #2...
Google.Solutions.Compute Verbose: 0 : SshRelayStream [TX: 2 TXA: 0 RX: 2 AQ: 0]: Sending DATA #2...
Google.Solutions.Compute Verbose: 0 : SshRelayStream [TX: 2 TXA: 0 RX: 2 AQ: 0]: Sending DATA #2...
Google.Solutions.Compute Verbose: 0 : SshRelayStream [TX: 2 TXA: 0 RX: 2 AQ: 0]: Sending DATA #2...
Google.Solutions.Compute Verbose: 0 : SshRelayStream [TX: 2 TXA: 0 RX: 2 AQ: 0]: Sending DATA #2...
Google.Solutions.Compute Verbose: 0 : SshRelayStream [TX: 2 TXA: 0 RX: 2 AQ: 0]: Sending DATA #2...
Google.Solutions.Compute Verbose: 0 : SshRelayStream [TX: 2 TXA: 0 RX: 2 AQ: 0]: Sending DATA #2...
Google.Solutions.Compute Verbose: 0 : SshRelayStream [TX: 2 TXA: 0 RX: 2 AQ: 0]: Sending DATA #2...
Google.Solutions.Compute Verbose: 0 : SshRelayStream [TX: 2 TXA: 0 RX: 2 AQ: 0]: Sending DATA #2...
</system-out></testcase><testcase name="WriteAfterForcefulServerCloseCausesReconnectAndDataBeingResentIfDataReadBefore(4008)" assertions="9" time="0.002290" status="Passed" classname="Google.Solutions.Compute.Test.Iap.TestSshRelayStreamWriting"><system-out>Google.Solutions.Compute Verbose: 0 : SshRelayStream [TX: 0 TXA: 0 RX: 0 AQ: 0]: Connecting...
Google.Solutions.Compute Verbose: 0 : SshRelayStream [TX: 0 TXA: 0 RX: 0 AQ: 0]: Connecting...
Google.Solutions.Compute Verbose: 0 : SshRelayStream [TX: 0 TXA: 0 RX: 0 AQ: 0]: Connecting...
Google.Solutions.Compute Verbose: 0 : SshRelayStream [TX: 0 TXA: 0 RX: 0 AQ: 0]: Connecting...
Google.Solutions.Compute Verbose: 0 : SshRelayStream [TX: 0 TXA: 0 RX: 0 AQ: 0]: Connecting...
Google.Solutions.Compute Verbose: 0 : SshRelayStream [TX: 0 TXA: 0 RX: 0 AQ: 0]: Connecting...
Google.Solutions.Compute Verbose: 0 : SshRelayStream [TX: 0 TXA: 0 RX: 0 AQ: 0]: Connecting...
Google.Solutions.Compute Verbose: 0 : SshRelayStream [TX: 0 TXA: 0 RX: 0 AQ: 0]: Connecting...
Google.Solutions.Compute Verbose: 0 : SshRelayStream [TX: 0 TXA: 0 RX: 0 AQ: 0]: Connecting...
Google.Solutions.Compute Verbose: 0 : SshRelayStream [TX: 0 TXA: 0 RX: 0 AQ: 0]: Connecting...
Google.Solutions.Compute Verbose: 0 : SshRelayStream [TX: 0 TXA: 0 RX: 0 AQ: 0]: Connecting...
Google.Solutions.Compute Verbose: 0 : SshRelayStream [TX: 0 TXA: 0 RX: 0 AQ: 0]: Connecting...
Google.Solutions.Compute Verbose: 0 : SshRelayStream [TX: 0 TXA: 0 RX: 0 AQ: 0]: Connecting...
Google.Solutions.Compute Verbose: 0 : SshRelayStream [TX: 0 TXA: 0 RX: 0 AQ: 0]: Connecting...
Google.Solutions.Compute Verbose: 0 : SshRelayStream [TX: 0 TXA: 0 RX: 0 AQ: 0]: Connecting...
Google.Solutions.Compute Verbose: 0 : SshRelayStream [TX: 0 TXA: 0 RX: 0 AQ: 0]: Connecting...
Google.Solutions.Compute Verbose: 0 : SshRelayStream [TX: 0 TXA: 0 RX: 0 AQ: 0]: Connecting...
Google.Solutions.Compute Verbose: 0 : SshRelayStream [TX: 0 TXA: 0 RX: 0 AQ: 0]: Connecting...
Google.Solutions.Compute Verbose: 0 : SshRelayStream [TX: 0 TXA: 0 RX: 0 AQ: 0]: Connecting...
Google.Solutions.Compute Verbose: 0 : SshRelayStream [TX: 0 TXA: 0 RX: 0 AQ: 0]: Connecting...
Google.Solutions.Compute Verbose: 0 : SshRelayStream [TX: 0 TXA: 0 RX: 0 AQ: 0]: Connecting...
Google.Solutions.Compute Verbose: 0 : SshRelayStream [TX: 0 TXA: 0 RX: 0 AQ: 0]: Connecting...
Google.Solutions.Compute Verbose: 0 : SshRelayStream [TX: 0 TXA: 0 RX: 0 AQ: 0]: Connecting...
Google.Solutions.Compute Verbose: 0 : SshRelayStream [TX: 0 TXA: 0 RX: 0 AQ: 0]: Connecting...
Google.Solutions.Compute Verbose: 0 : SshRelayStream [TX: 0 TXA: 0 RX: 0 AQ: 0]: Connecting...
Google.Solutions.Compute Verbose: 0 : SshRelayStream [TX: 0 TXA: 0 RX: 0 AQ: 0]: Connecting...
Google.Solutions.Compute Verbose: 0 : SshRelayStream [TX: 0 TXA: 0 RX: 0 AQ: 0]: Connecting...
Google.Solutions.Compute Verbose: 0 : SshRelayStream [TX: 0 TXA: 0 RX: 0 AQ: 0]: Connecting...
Google.Solutions.Compute Verbose: 0 : SshRelayStream [TX: 0 TXA: 0 RX: 0 AQ: 0]: Connecting...
Google.Solutions.Compute Verbose: 0 : SshRelayStream [TX: 0 TXA: 0 RX: 0 AQ: 0]: Connecting...
Google.Solutions.Compute Verbose: 0 : SshRelayStream [TX: 0 TXA: 0 RX: 0 AQ: 0]: Connecting...
Google.Solutions.Compute Verbose: 0 : SshRelayStream [TX: 0 TXA: 0 RX: 0 AQ: 0]: Connecting...
Google.Solutions.Compute Verbose: 0 : SshRelayStream [TX: 0 TXA: 0 RX: 0 AQ: 0]: Connecting...
Google.Solutions.Compute Verbose: 0 : SshRelayStream [TX: 0 TXA: 0 RX: 0 AQ: 0]: Connecting...
Google.Solutions.Compute Verbose: 0 : SshRelayStream [TX: 0 TXA: 0 RX: 0 AQ: 0]: Connecting...
Google.Solutions.Compute Verbose: 0 : SshRelayStream [TX: 0 TXA: 0 RX: 0 AQ: 0]: Connecting...
Google.Solutions.Compute Verbose: 0 : SshRelayStream [TX: 0 TXA: 0 RX: 0 AQ: 0]: Connecting...
Google.Solutions.Compute Verbose: 0 : SshRelayStream [TX: 0 TXA: 0 RX: 0 AQ: 0]: Connecting...
Google.Solutions.Compute Verbose: 0 : SshRelayStream [TX: 0 TXA: 0 RX: 0 AQ: 0]: Connecting...
Google.Solutions.Compute Verbose: 0 : SshRelayStream [TX: 0 TXA: 0 RX: 0 AQ: 0]: Connecting...
Google.Solutions.Compute Verbose: 0 : SshRelayStream [TX: 0 TXA: 0 RX: 0 AQ: 0]: Connecting...
Google.Solutions.Compute Verbose: 0 : SshRelayStream [TX: 0 TXA: 0 RX: 0 AQ: 0]: Connecting...
Google.Solutions.Compute Verbose: 0 : SshRelayStream [TX: 0 TXA: 0 RX: 0 AQ: 0]: Connecting...
Google.Solutions.Compute Verbose: 0 : SshRelayStream [TX: 0 TXA: 0 RX: 0 AQ: 0]: Connecting...
Google.Solutions.Compute Verbose: 0 : SshRelayStream [TX: 0 TXA: 0 RX: 0 AQ: 0]: Connecting...
Google.Solutions.Compute Verbose: 0 : SshRelayStream [TX: 0 TXA: 0 RX: 0 AQ: 0]: Connecting...
Google.Solutions.Compute Verbose: 0 : SshRelayStream [TX: 0 TXA: 0 RX: 0 AQ: 0]: Connecting...
Google.Solutions.Compute Verbose: 0 : SshRelayStream [TX: 0 TXA: 0 RX: 0 AQ: 0]: Connecting...
Google.Solutions.Compute Verbose: 0 : SshRelayStream [TX: 0 TXA: 0 RX: 0 AQ: 0]: Connecting...
Google.Solutions.Compute Verbose: 0 : SshRelayStream [TX: 0 TXA: 0 RX: 0 AQ: 0]: Connecting...
Google.Solutions.Compute Verbose: 0 : SshRelayStream [TX: 0 TXA: 0 RX: 0 AQ: 0]: Connecting...
Google.Solutions.Compute Verbose: 0 : SshRelayStream [TX: 0 TXA: 0 RX: 0 AQ: 0]: Connecting...
Google.Solutions.Compute Verbose: 0 : SshRelayStream [TX: 0 TXA: 0 RX: 0 AQ: 0]: Connecting...
Google.Solutions.Compute Verbose: 0 : SshRelayStream [TX: 0 TXA: 0 RX: 0 AQ: 0]: Connecting...
Google.Solutions.Compute Verbose: 0 : SshRelayStream [TX: 0 TXA: 0 RX: 0 AQ: 0]: Connecting...
Google.Solutions.Compute Verbose: 0 : SshRelayStream [TX: 0 TXA: 0 RX: 0 AQ: 0]: Connecting...
Google.Solutions.Compute Verbose: 0 : SshRelayStream [TX: 0 TXA: 0 RX: 0 AQ: 0]: Connecting...
Google.Solutions.Compute Verbose: 0 : SshRelayStream [TX: 0 TXA: 0 RX: 0 AQ: 0]: Connecting...
Google.Solutions.Compute Verbose: 0 : SshRelayStream [TX: 0 TXA: 0 RX: 0 AQ: 0]: Connecting...
Google.Solutions.Compute Verbose: 0 : SshRelayStream [TX: 0 TXA: 0 RX: 0 AQ: 0]: Connecting...
Google.Solutions.Compute Verbose: 0 : SshRelayStream [TX: 0 TXA: 0 RX: 0 AQ: 0]: Connecting...
Google.Solutions.Compute Verbose: 0 : SshRelayStream [TX: 0 TXA: 0 RX: 0 AQ: 0]: Connecting...
Google.Solutions.Compute Verbose: 0 : SshRelayStream [TX: 0 TXA: 0 RX: 0 AQ: 0]: Connecting...
Google.Solutions.Compute Verbose: 0 : SshRelayStream [TX: 0 TXA: 0 RX: 0 AQ: 0]: Sending DATA #0...
Google.Solutions.Compute Verbose: 0 : SshRelayStream [TX: 0 TXA: 0 RX: 0 AQ: 0]: Sending DATA #0...
Google.Solutions.Compute Verbose: 0 : SshRelayStream [TX: 0 TXA: 0 RX: 0 AQ: 0]: Sending DATA #0...
Google.Solutions.Compute Verbose: 0 : SshRelayStream [TX: 0 TXA: 0 RX: 0 AQ: 0]: Sending DATA #0...
Google.Solutions.Compute Verbose: 0 : SshRelayStream [TX: 0 TXA: 0 RX: 0 AQ: 0]: Sending DATA #0...
Google.Solutions.Compute Verbose: 0 : SshRelayStream [TX: 0 TXA: 0 RX: 0 AQ: 0]: Sending DATA #0...
Google.Solutions.Compute Verbose: 0 : SshRelayStream [TX: 0 TXA: 0 RX: 0 AQ: 0]: Sending DATA #0...
Google.Solutions.Compute Verbose: 0 : SshRelayStream [TX: 0 TXA: 0 RX: 0 AQ: 0]: Sending DATA #0...
Google.Solutions.Compute Verbose: 0 : SshRelayStream [TX: 0 TXA: 0 RX: 0 AQ: 0]: Sending DATA #0...
Google.Solutions.Compute Verbose: 0 : SshRelayStream [TX: 0 TXA: 0 RX: 0 AQ: 0]: Sending DATA #0...
Google.Solutions.Compute Verbose: 0 : SshRelayStream [TX: 0 TXA: 0 RX: 0 AQ: 0]: Sending DATA #0...
Google.Solutions.Compute Verbose: 0 : SshRelayStream [TX: 0 TXA: 0 RX: 0 AQ: 0]: Sending DATA #0...
Google.Solutions.Compute Verbose: 0 : SshRelayStream [TX: 0 TXA: 0 RX: 0 AQ: 0]: Sending DATA #0...
Google.Solutions.Compute Verbose: 0 : SshRelayStream [TX: 0 TXA: 0 RX: 0 AQ: 0]: Sending DATA #0...
Google.Solutions.Compute Verbose: 0 : SshRelayStream [TX: 0 TXA: 0 RX: 0 AQ: 0]: Sending DATA #0...
Google.Solutions.Compute Verbose: 0 : SshRelayStream [TX: 0 TXA: 0 RX: 0 AQ: 0]: Sending DATA #0...
Google.Solutions.Compute Verbose: 0 : SshRelayStream [TX: 0 TXA: 0 RX: 0 AQ: 0]: Sending DATA #0...
Google.Solutions.Compute Verbose: 0 : SshRelayStream [TX: 0 TXA: 0 RX: 0 AQ: 0]: Sending DATA #0...
Google.Solutions.Compute Verbose: 0 : SshRelayStream [TX: 0 TXA: 0 RX: 0 AQ: 0]: Sending DATA #0...
Google.Solutions.Compute Verbose: 0 : SshRelayStream [TX: 0 TXA: 0 RX: 0 AQ: 0]: Sending DATA #0...
Google.Solutions.Compute Verbose: 0 : SshRelayStream [TX: 0 TXA: 0 RX: 0 AQ: 0]: Sending DATA #0...
Google.Solutions.Compute Verbose: 0 : SshRelayStream [TX: 0 TXA: 0 RX: 0 AQ: 0]: Sending DATA #0...
Google.Solutions.Compute Verbose: 0 : SshRelayStream [TX: 0 TXA: 0 RX: 0 AQ: 0]: Sending DATA #0...
Google.Solutions.Compute Verbose: 0 : SshRelayStream [TX: 0 TXA: 0 RX: 0 AQ: 0]: Sending DATA #0...
Google.Solutions.Compute Verbose: 0 : SshRelayStream [TX: 0 TXA: 0 RX: 0 AQ: 0]: Sending DATA #0...
Google.Solutions.Compute Verbose: 0 : SshRelayStream [TX: 0 TXA: 0 RX: 0 AQ: 0]: Sending DATA #0...
Google.Solutions.Compute Verbose: 0 : SshRelayStream [TX: 0 TXA: 0 RX: 0 AQ: 0]: Sending DATA #0...
Google.Solutions.Compute Verbose: 0 : SshRelayStream [TX: 0 TXA: 0 RX: 0 AQ: 0]: Sending DATA #0...
Google.Solutions.Compute Verbose: 0 : SshRelayStream [TX: 0 TXA: 0 RX: 0 AQ: 0]: Sending DATA #0...
Google.Solutions.Compute Verbose: 0 : SshRelayStream [TX: 0 TXA: 0 RX: 0 AQ: 0]: Sending DATA #0...
Google.Solutions.Compute Verbose: 0 : SshRelayStream [TX: 0 TXA: 0 RX: 0 AQ: 0]: Sending DATA #0...
Google.Solutions.Compute Verbose: 0 : SshRelayStream [TX: 0 TXA: 0 RX: 0 AQ: 0]: Sending DATA #0...
Google.Solutions.Compute Verbose: 0 : SshRelayStream [TX: 0 TXA: 0 RX: 0 AQ: 0]: Sending DATA #0...
Google.Solutions.Compute Verbose: 0 : SshRelayStream [TX: 0 TXA: 0 RX: 0 AQ: 0]: Sending DATA #0...
Google.Solutions.Compute Verbose: 0 : SshRelayStream [TX: 0 TXA: 0 RX: 0 AQ: 0]: Sending DATA #0...
Google.Solutions.Compute Verbose: 0 : SshRelayStream [TX: 0 TXA: 0 RX: 0 AQ: 0]: Sending DATA #0...
Google.Solutions.Compute Verbose: 0 : SshRelayStream [TX: 0 TXA: 0 RX: 0 AQ: 0]: Sending DATA #0...
Google.Solutions.Compute Verbose: 0 : SshRelayStream [TX: 0 TXA: 0 RX: 0 AQ: 0]: Sending DATA #0...
Google.Solutions.Compute Verbose: 0 : SshRelayStream [TX: 0 TXA: 0 RX: 0 AQ: 0]: Sending DATA #0...
Google.Solutions.Compute Verbose: 0 : SshRelayStream [TX: 0 TXA: 0 RX: 0 AQ: 0]: Sending DATA #0...
Google.Solutions.Compute Verbose: 0 : SshRelayStream [TX: 0 TXA: 0 RX: 0 AQ: 0]: Sending DATA #0...
Google.Solutions.Compute Verbose: 0 : SshRelayStream [TX: 0 TXA: 0 RX: 0 AQ: 0]: Sending DATA #0...
Google.Solutions.Compute Verbose: 0 : SshRelayStream [TX: 0 TXA: 0 RX: 0 AQ: 0]: Sending DATA #0...
Google.Solutions.Compute Verbose: 0 : SshRelayStream [TX: 0 TXA: 0 RX: 0 AQ: 0]: Sending DATA #0...
Google.Solutions.Compute Verbose: 0 : SshRelayStream [TX: 0 TXA: 0 RX: 0 AQ: 0]: Sending DATA #0...
Google.Solutions.Compute Verbose: 0 : SshRelayStream [TX: 0 TXA: 0 RX: 0 AQ: 0]: Sending DATA #0...
Google.Solutions.Compute Verbose: 0 : SshRelayStream [TX: 0 TXA: 0 RX: 0 AQ: 0]: Sending DATA #0...
Google.Solutions.Compute Verbose: 0 : SshRelayStream [TX: 0 TXA: 0 RX: 0 AQ: 0]: Sending DATA #0...
Google.Solutions.Compute Verbose: 0 : SshRelayStream [TX: 0 TXA: 0 RX: 0 AQ: 0]: Sending DATA #0...
Google.Solutions.Compute Verbose: 0 : SshRelayStream [TX: 0 TXA: 0 RX: 0 AQ: 0]: Sending DATA #0...
Google.Solutions.Compute Verbose: 0 : SshRelayStream [TX: 0 TXA: 0 RX: 0 AQ: 0]: Sending DATA #0...
Google.Solutions.Compute Verbose: 0 : SshRelayStream [TX: 0 TXA: 0 RX: 0 AQ: 0]: Sending DATA #0...
Google.Solutions.Compute Verbose: 0 : SshRelayStream [TX: 0 TXA: 0 RX: 0 AQ: 0]: Sending DATA #0...
Google.Solutions.Compute Verbose: 0 : SshRelayStream [TX: 0 TXA: 0 RX: 0 AQ: 0]: Sending DATA #0...
Google.Solutions.Compute Verbose: 0 : SshRelayStream [TX: 0 TXA: 0 RX: 0 AQ: 0]: Sending DATA #0...
Google.Solutions.Compute Verbose: 0 : SshRelayStream [TX: 0 TXA: 0 RX: 0 AQ: 0]: Sending DATA #0...
Google.Solutions.Compute Verbose: 0 : SshRelayStream [TX: 0 TXA: 0 RX: 0 AQ: 0]: Sending DATA #0...
Google.Solutions.Compute Verbose: 0 : SshRelayStream [TX: 0 TXA: 0 RX: 0 AQ: 0]: Sending DATA #0...
Google.Solutions.Compute Verbose: 0 : SshRelayStream [TX: 0 TXA: 0 RX: 0 AQ: 0]: Sending DATA #0...
Google.Solutions.Compute Verbose: 0 : SshRelayStream [TX: 0 TXA: 0 RX: 0 AQ: 0]: Sending DATA #0...
Google.Solutions.Compute Verbose: 0 : SshRelayStream [TX: 0 TXA: 0 RX: 0 AQ: 0]: Sending DATA #0...
Google.Solutions.Compute Verbose: 0 : SshRelayStream [TX: 0 TXA: 0 RX: 0 AQ: 0]: Sending DATA #0...
Google.Solutions.Compute Verbose: 0 : SshRelayStream [TX: 0 TXA: 0 RX: 0 AQ: 0]: Sending DATA #0...
Google.Solutions.Compute Verbose: 0 : SshRelayStream [TX: 1 TXA: 0 RX: 0 AQ: 1]: Connected session &lt;\u0000&gt;
Google.Solutions.Compute Verbose: 0 : SshRelayStream [TX: 1 TXA: 0 RX: 0 AQ: 1]: Connected session &lt;\u0000&gt;
Google.Solutions.Compute Verbose: 0 : SshRelayStream [TX: 1 TXA: 0 RX: 0 AQ: 1]: Connected session &lt;\u0000&gt;
Google.Solutions.Compute Verbose: 0 : SshRelayStream [TX: 1 TXA: 0 RX: 0 AQ: 1]: Connected session &lt;\u0000&gt;
Google.Solutions.Compute Verbose: 0 : SshRelayStream [TX: 1 TXA: 0 RX: 0 AQ: 1]: Connected session &lt;\u0000&gt;
Google.Solutions.Compute Verbose: 0 : SshRelayStream [TX: 1 TXA: 0 RX: 0 AQ: 1]: Connected session &lt;\u0000&gt;
Google.Solutions.Compute Verbose: 0 : SshRelayStream [TX: 1 TXA: 0 RX: 0 AQ: 1]: Connected session &lt;\u0000&gt;
Google.Solutions.Compute Verbose: 0 : SshRelayStream [TX: 1 TXA: 0 RX: 0 AQ: 1]: Connected session &lt;\u0000&gt;
Google.Solutions.Compute Verbose: 0 : SshRelayStream [TX: 1 TXA: 0 RX: 0 AQ: 1]: Connected session &lt;\u0000&gt;
Google.Solutions.Compute Verbose: 0 : SshRelayStream [TX: 1 TXA: 0 RX: 0 AQ: 1]: Connected session &lt;\u0000&gt;
Google.Solutions.Compute Verbose: 0 : SshRelayStream [TX: 1 TXA: 0 RX: 0 AQ: 1]: Connected session &lt;\u0000&gt;
Google.Solutions.Compute Verbose: 0 : SshRelayStream [TX: 1 TXA: 0 RX: 0 AQ: 1]: Connected session &lt;\u0000&gt;
Google.Solutions.Compute Verbose: 0 : SshRelayStream [TX: 1 TXA: 0 RX: 0 AQ: 1]: Connected session &lt;\u0000&gt;
Google.Solutions.Compute Verbose: 0 : SshRelayStream [TX: 1 TXA: 0 RX: 0 AQ: 1]: Connected session &lt;\u0000&gt;
Google.Solutions.Compute Verbose: 0 : SshRelayStream [TX: 1 TXA: 0 RX: 0 AQ: 1]: Connected session &lt;\u0000&gt;
Google.Solutions.Compute Verbose: 0 : SshRelayStream [TX: 1 TXA: 0 RX: 0 AQ: 1]: Connected session &lt;\u0000&gt;
Google.Solutions.Compute Verbose: 0 : SshRelayStream [TX: 1 TXA: 0 RX: 0 AQ: 1]: Connected session &lt;\u0000&gt;
Google.Solutions.Compute Verbose: 0 : SshRelayStream [TX: 1 TXA: 0 RX: 0 AQ: 1]: Connected session &lt;\u0000&gt;
Google.Solutions.Compute Verbose: 0 : SshRelayStream [TX: 1 TXA: 0 RX: 0 AQ: 1]: Connected session &lt;\u0000&gt;
Google.Solutions.Compute Verbose: 0 : SshRelayStream [TX: 1 TXA: 0 RX: 0 AQ: 1]: Connected session &lt;\u0000&gt;
Google.Solutions.Compute Verbose: 0 : SshRelayStream [TX: 1 TXA: 0 RX: 0 AQ: 1]: Connected session &lt;\u0000&gt;
Google.Solutions.Compute Verbose: 0 : SshRelayStream [TX: 1 TXA: 0 RX: 0 AQ: 1]: Connected session &lt;\u0000&gt;
Google.Solutions.Compute Verbose: 0 : SshRelayStream [TX: 1 TXA: 0 RX: 0 AQ: 1]: Connected session &lt;\u0000&gt;
Google.Solutions.Compute Verbose: 0 : SshRelayStream [TX: 1 TXA: 0 RX: 0 AQ: 1]: Connected session &lt;\u0000&gt;
Google.Solutions.Compute Verbose: 0 : SshRelayStream [TX: 1 TXA: 0 RX: 0 AQ: 1]: Connected session &lt;\u0000&gt;
Google.Solutions.Compute Verbose: 0 : SshRelayStream [TX: 1 TXA: 0 RX: 0 AQ: 1]: Connected session &lt;\u0000&gt;
Google.Solutions.Compute Verbose: 0 : SshRelayStream [TX: 1 TXA: 0 RX: 0 AQ: 1]: Connected session &lt;\u0000&gt;
Google.Solutions.Compute Verbose: 0 : SshRelayStream [TX: 1 TXA: 0 RX: 0 AQ: 1]: Connected session &lt;\u0000&gt;
Google.Solutions.Compute Verbose: 0 : SshRelayStream [TX: 1 TXA: 0 RX: 0 AQ: 1]: Connected session &lt;\u0000&gt;
Google.Solutions.Compute Verbose: 0 : SshRelayStream [TX: 1 TXA: 0 RX: 0 AQ: 1]: Connected session &lt;\u0000&gt;
Google.Solutions.Compute Verbose: 0 : SshRelayStream [TX: 1 TXA: 0 RX: 0 AQ: 1]: Connected session &lt;\u0000&gt;
Google.Solutions.Compute Verbose: 0 : SshRelayStream [TX: 1 TXA: 0 RX: 0 AQ: 1]: Connected session &lt;\u0000&gt;
Google.Solutions.Compute Verbose: 0 : SshRelayStream [TX: 1 TXA: 0 RX: 0 AQ: 1]: Connected session &lt;\u0000&gt;
Google.Solutions.Compute Verbose: 0 : SshRelayStream [TX: 1 TXA: 0 RX: 0 AQ: 1]: Connected session &lt;\u0000&gt;
Google.Solutions.Compute Verbose: 0 : SshRelayStream [TX: 1 TXA: 0 RX: 0 AQ: 1]: Connected session &lt;\u0000&gt;
Google.Solutions.Compute Verbose: 0 : SshRelayStream [TX: 1 TXA: 0 RX: 0 AQ: 1]: Connected session &lt;\u0000&gt;
Google.Solutions.Compute Verbose: 0 : SshRelayStream [TX: 1 TXA: 0 RX: 0 AQ: 1]: Connected session &lt;\u0000&gt;
Google.Solutions.Compute Verbose: 0 : SshRelayStream [TX: 1 TXA: 0 RX: 0 AQ: 1]: Connected session &lt;\u0000&gt;
Google.Solutions.Compute Verbose: 0 : SshRelayStream [TX: 1 TXA: 0 RX: 0 AQ: 1]: Connected session &lt;\u0000&gt;
Google.Solutions.Compute Verbose: 0 : SshRelayStream [TX: 1 TXA: 0 RX: 0 AQ: 1]: Connected session &lt;\u0000&gt;
Google.Solutions.Compute Verbose: 0 : SshRelayStream [TX: 1 TXA: 0 RX: 0 AQ: 1]: Connected session &lt;\u0000&gt;
Google.Solutions.Compute Verbose: 0 : SshRelayStream [TX: 1 TXA: 0 RX: 0 AQ: 1]: Connected session &lt;\u0000&gt;
Google.Solutions.Compute Verbose: 0 : SshRelayStream [TX: 1 TXA: 0 RX: 0 AQ: 1]: Connected session &lt;\u0000&gt;
Google.Solutions.Compute Verbose: 0 : SshRelayStream [TX: 1 TXA: 0 RX: 0 AQ: 1]: Connected session &lt;\u0000&gt;
Google.Solutions.Compute Verbose: 0 : SshRelayStream [TX: 1 TXA: 0 RX: 0 AQ: 1]: Connected session &lt;\u0000&gt;
Google.Solutions.Compute Verbose: 0 : SshRelayStream [TX: 1 TXA: 0 RX: 0 AQ: 1]: Connected session &lt;\u0000&gt;
Google.Solutions.Compute Verbose: 0 : SshRelayStream [TX: 1 TXA: 0 RX: 0 AQ: 1]: Connected session &lt;\u0000&gt;
Google.Solutions.Compute Verbose: 0 : SshRelayStream [TX: 1 TXA: 0 RX: 0 AQ: 1]: Connected session &lt;\u0000&gt;
Google.Solutions.Compute Verbose: 0 : SshRelayStream [TX: 1 TXA: 0 RX: 0 AQ: 1]: Connected session &lt;\u0000&gt;
Google.Solutions.Compute Verbose: 0 : SshRelayStream [TX: 1 TXA: 0 RX: 0 AQ: 1]: Connected session &lt;\u0000&gt;
Google.Solutions.Compute Verbose: 0 : SshRelayStream [TX: 1 TXA: 0 RX: 0 AQ: 1]: Connected session &lt;\u0000&gt;
Google.Solutions.Compute Verbose: 0 : SshRelayStream [TX: 1 TXA: 0 RX: 0 AQ: 1]: Connected session &lt;\u0000&gt;
Google.Solutions.Compute Verbose: 0 : SshRelayStream [TX: 1 TXA: 0 RX: 0 AQ: 1]: Connected session &lt;\u0000&gt;
Google.Solutions.Compute Verbose: 0 : SshRelayStream [TX: 1 TXA: 0 RX: 0 AQ: 1]: Connected session &lt;\u0000&gt;
Google.Solutions.Compute Verbose: 0 : SshRelayStream [TX: 1 TXA: 0 RX: 0 AQ: 1]: Connected session &lt;\u0000&gt;
Google.Solutions.Compute Verbose: 0 : SshRelayStream [TX: 1 TXA: 0 RX: 0 AQ: 1]: Connected session &lt;\u0000&gt;
Google.Solutions.Compute Verbose: 0 : SshRelayStream [TX: 1 TXA: 0 RX: 0 AQ: 1]: Connected session &lt;\u0000&gt;
Google.Solutions.Compute Verbose: 0 : SshRelayStream [TX: 1 TXA: 0 RX: 0 AQ: 1]: Connected session &lt;\u0000&gt;
Google.Solutions.Compute Verbose: 0 : SshRelayStream [TX: 1 TXA: 0 RX: 0 AQ: 1]: Connected session &lt;\u0000&gt;
Google.Solutions.Compute Verbose: 0 : SshRelayStream [TX: 1 TXA: 0 RX: 0 AQ: 1]: Connected session &lt;\u0000&gt;
Google.Solutions.Compute Verbose: 0 : SshRelayStream [TX: 1 TXA: 0 RX: 0 AQ: 1]: Connected session &lt;\u0000&gt;
Google.Solutions.Compute Verbose: 0 : SshRelayStream [TX: 1 TXA: 0 RX: 0 AQ: 1]: Connected session &lt;\u0000&gt;
Google.Solutions.Compute Verbose: 0 : SshRelayStream [TX: 1 TXA: 0 RX: 0 AQ: 1]: Connected session &lt;\u0000&gt;
Google.Solutions.Compute Verbose: 0 : SshRelayStream [TX: 1 TXA: 0 RX: 0 AQ: 1]: Received data (2 bytes)
Google.Solutions.Compute Verbose: 0 : SshRelayStream [TX: 1 TXA: 0 RX: 0 AQ: 1]: Received data (2 bytes)
Google.Solutions.Compute Verbose: 0 : SshRelayStream [TX: 1 TXA: 0 RX: 0 AQ: 1]: Received data (2 bytes)
Google.Solutions.Compute Verbose: 0 : SshRelayStream [TX: 1 TXA: 0 RX: 0 AQ: 1]: Received data (2 bytes)
Google.Solutions.Compute Verbose: 0 : SshRelayStream [TX: 1 TXA: 0 RX: 0 AQ: 1]: Received data (2 bytes)
Google.Solutions.Compute Verbose: 0 : SshRelayStream [TX: 1 TXA: 0 RX: 0 AQ: 1]: Received data (2 bytes)
Google.Solutions.Compute Verbose: 0 : SshRelayStream [TX: 1 TXA: 0 RX: 0 AQ: 1]: Received data (2 bytes)
Google.Solutions.Compute Verbose: 0 : SshRelayStream [TX: 1 TXA: 0 RX: 0 AQ: 1]: Received data (2 bytes)
Google.Solutions.Compute Verbose: 0 : SshRelayStream [TX: 1 TXA: 0 RX: 0 AQ: 1]: Received data (2 bytes)
Google.Solutions.Compute Verbose: 0 : SshRelayStream [TX: 1 TXA: 0 RX: 0 AQ: 1]: Received data (2 bytes)
Google.Solutions.Compute Verbose: 0 : SshRelayStream [TX: 1 TXA: 0 RX: 0 AQ: 1]: Received data (2 bytes)
Google.Solutions.Compute Verbose: 0 : SshRelayStream [TX: 1 TXA: 0 RX: 0 AQ: 1]: Received data (2 bytes)
Google.Solutions.Compute Verbose: 0 : SshRelayStream [TX: 1 TXA: 0 RX: 0 AQ: 1]: Received data (2 bytes)
Google.Solutions.Compute Verbose: 0 : SshRelayStream [TX: 1 TXA: 0 RX: 0 AQ: 1]: Received data (2 bytes)
Google.Solutions.Compute Verbose: 0 : SshRelayStream [TX: 1 TXA: 0 RX: 0 AQ: 1]: Received data (2 bytes)
Google.Solutions.Compute Verbose: 0 : SshRelayStream [TX: 1 TXA: 0 RX: 0 AQ: 1]: Received data (2 bytes)
Google.Solutions.Compute Verbose: 0 : SshRelayStream [TX: 1 TXA: 0 RX: 0 AQ: 1]: Received data (2 bytes)
Google.Solutions.Compute Verbose: 0 : SshRelayStream [TX: 1 TXA: 0 RX: 0 AQ: 1]: Received data (2 bytes)
Google.Solutions.Compute Verbose: 0 : SshRelayStream [TX: 1 TXA: 0 RX: 0 AQ: 1]: Received data (2 bytes)
Google.Solutions.Compute Verbose: 0 : SshRelayStream [TX: 1 TXA: 0 RX: 0 AQ: 1]: Received data (2 bytes)
Google.Solutions.Compute Verbose: 0 : SshRelayStream [TX: 1 TXA: 0 RX: 0 AQ: 1]: Received data (2 bytes)
Google.Solutions.Compute Verbose: 0 : SshRelayStream [TX: 1 TXA: 0 RX: 0 AQ: 1]: Received data (2 bytes)
Google.Solutions.Compute Verbose: 0 : SshRelayStream [TX: 1 TXA: 0 RX: 0 AQ: 1]: Received data (2 bytes)
Google.Solutions.Compute Verbose: 0 : SshRelayStream [TX: 1 TXA: 0 RX: 0 AQ: 1]: Received data (2 bytes)
Google.Solutions.Compute Verbose: 0 : SshRelayStream [TX: 1 TXA: 0 RX: 0 AQ: 1]: Received data (2 bytes)
Google.Solutions.Compute Verbose: 0 : SshRelayStream [TX: 1 TXA: 0 RX: 0 AQ: 1]: Received data (2 bytes)
Google.Solutions.Compute Verbose: 0 : SshRelayStream [TX: 1 TXA: 0 RX: 0 AQ: 1]: Received data (2 bytes)
Google.Solutions.Compute Verbose: 0 : SshRelayStream [TX: 1 TXA: 0 RX: 0 AQ: 1]: Received data (2 bytes)
Google.Solutions.Compute Verbose: 0 : SshRelayStream [TX: 1 TXA: 0 RX: 0 AQ: 1]: Received data (2 bytes)
Google.Solutions.Compute Verbose: 0 : SshRelayStream [TX: 1 TXA: 0 RX: 0 AQ: 1]: Received data (2 bytes)
Google.Solutions.Compute Verbose: 0 : SshRelayStream [TX: 1 TXA: 0 RX: 0 AQ: 1]: Received data (2 bytes)
Google.Solutions.Compute Verbose: 0 : SshRelayStream [TX: 1 TXA: 0 RX: 0 AQ: 1]: Received data (2 bytes)
Google.Solutions.Compute Verbose: 0 : SshRelayStream [TX: 1 TXA: 0 RX: 0 AQ: 1]: Received data (2 bytes)
Google.Solutions.Compute Verbose: 0 : SshRelayStream [TX: 1 TXA: 0 RX: 0 AQ: 1]: Received data (2 bytes)
Google.Solutions.Compute Verbose: 0 : SshRelayStream [TX: 1 TXA: 0 RX: 0 AQ: 1]: Received data (2 bytes)
Google.Solutions.Compute Verbose: 0 : SshRelayStream [TX: 1 TXA: 0 RX: 0 AQ: 1]: Received data (2 bytes)
Google.Solutions.Compute Verbose: 0 : SshRelayStream [TX: 1 TXA: 0 RX: 0 AQ: 1]: Received data (2 bytes)
Google.Solutions.Compute Verbose: 0 : SshRelayStream [TX: 1 TXA: 0 RX: 0 AQ: 1]: Received data (2 bytes)
Google.Solutions.Compute Verbose: 0 : SshRelayStream [TX: 1 TXA: 0 RX: 0 AQ: 1]: Received data (2 bytes)
Google.Solutions.Compute Verbose: 0 : SshRelayStream [TX: 1 TXA: 0 RX: 0 AQ: 1]: Received data (2 bytes)
Google.Solutions.Compute Verbose: 0 : SshRelayStream [TX: 1 TXA: 0 RX: 0 AQ: 1]: Received data (2 bytes)
Google.Solutions.Compute Verbose: 0 : SshRelayStream [TX: 1 TXA: 0 RX: 0 AQ: 1]: Received data (2 bytes)
Google.Solutions.Compute Verbose: 0 : SshRelayStream [TX: 1 TXA: 0 RX: 0 AQ: 1]: Received data (2 bytes)
Google.Solutions.Compute Verbose: 0 : SshRelayStream [TX: 1 TXA: 0 RX: 0 AQ: 1]: Received data (2 bytes)
Google.Solutions.Compute Verbose: 0 : SshRelayStream [TX: 1 TXA: 0 RX: 0 AQ: 1]: Received data (2 bytes)
Google.Solutions.Compute Verbose: 0 : SshRelayStream [TX: 1 TXA: 0 RX: 0 AQ: 1]: Received data (2 bytes)
Google.Solutions.Compute Verbose: 0 : SshRelayStream [TX: 1 TXA: 0 RX: 0 AQ: 1]: Received data (2 bytes)
Google.Solutions.Compute Verbose: 0 : SshRelayStream [TX: 1 TXA: 0 RX: 0 AQ: 1]: Received data (2 bytes)
Google.Solutions.Compute Verbose: 0 : SshRelayStream [TX: 1 TXA: 0 RX: 0 AQ: 1]: Received data (2 bytes)
Google.Solutions.Compute Verbose: 0 : SshRelayStream [TX: 1 TXA: 0 RX: 0 AQ: 1]: Received data (2 bytes)
Google.Solutions.Compute Verbose: 0 : SshRelayStream [TX: 1 TXA: 0 RX: 0 AQ: 1]: Received data (2 bytes)
Google.Solutions.Compute Verbose: 0 : SshRelayStream [TX: 1 TXA: 0 RX: 0 AQ: 1]: Received data (2 bytes)
Google.Solutions.Compute Verbose: 0 : SshRelayStream [TX: 1 TXA: 0 RX: 0 AQ: 1]: Received data (2 bytes)
Google.Solutions.Compute Verbose: 0 : SshRelayStream [TX: 1 TXA: 0 RX: 0 AQ: 1]: Received data (2 bytes)
Google.Solutions.Compute Verbose: 0 : SshRelayStream [TX: 1 TXA: 0 RX: 0 AQ: 1]: Received data (2 bytes)
Google.Solutions.Compute Verbose: 0 : SshRelayStream [TX: 1 TXA: 0 RX: 0 AQ: 1]: Received data (2 bytes)
Google.Solutions.Compute Verbose: 0 : SshRelayStream [TX: 1 TXA: 0 RX: 0 AQ: 1]: Received data (2 bytes)
Google.Solutions.Compute Verbose: 0 : SshRelayStream [TX: 1 TXA: 0 RX: 0 AQ: 1]: Received data (2 bytes)
Google.Solutions.Compute Verbose: 0 : SshRelayStream [TX: 1 TXA: 0 RX: 0 AQ: 1]: Received data (2 bytes)
Google.Solutions.Compute Verbose: 0 : SshRelayStream [TX: 1 TXA: 0 RX: 0 AQ: 1]: Received data (2 bytes)
Google.Solutions.Compute Verbose: 0 : SshRelayStream [TX: 1 TXA: 0 RX: 0 AQ: 1]: Received data (2 bytes)
Google.Solutions.Compute Verbose: 0 : SshRelayStream [TX: 1 TXA: 0 RX: 0 AQ: 1]: Received data (2 bytes)
Google.Solutions.Compute Verbose: 0 : SshRelayStream [TX: 1 TXA: 0 RX: 0 AQ: 1]: Received data (2 bytes)
Google.Solutions.Compute Verbose: 0 : SshRelayStream [TX: 1 TXA: 0 RX: 2 AQ: 1]: Sending ACK #2...
Google.Solutions.Compute Verbose: 0 : SshRelayStream [TX: 1 TXA: 0 RX: 2 AQ: 1]: Sending ACK #2...
Google.Solutions.Compute Verbose: 0 : SshRelayStream [TX: 1 TXA: 0 RX: 2 AQ: 1]: Sending ACK #2...
Google.Solutions.Compute Verbose: 0 : SshRelayStream [TX: 1 TXA: 0 RX: 2 AQ: 1]: Sending ACK #2...
Google.Solutions.Compute Verbose: 0 : SshRelayStream [TX: 1 TXA: 0 RX: 2 AQ: 1]: Sending ACK #2...
Google.Solutions.Compute Verbose: 0 : SshRelayStream [TX: 1 TXA: 0 RX: 2 AQ: 1]: Sending ACK #2...
Google.Solutions.Compute Verbose: 0 : SshRelayStream [TX: 1 TXA: 0 RX: 2 AQ: 1]: Sending ACK #2...
Google.Solutions.Compute Verbose: 0 : SshRelayStream [TX: 1 TXA: 0 RX: 2 AQ: 1]: Sending ACK #2...
Google.Solutions.Compute Verbose: 0 : SshRelayStream [TX: 1 TXA: 0 RX: 2 AQ: 1]: Sending ACK #2...
Google.Solutions.Compute Verbose: 0 : SshRelayStream [TX: 1 TXA: 0 RX: 2 AQ: 1]: Sending ACK #2...
Google.Solutions.Compute Verbose: 0 : SshRelayStream [TX: 1 TXA: 0 RX: 2 AQ: 1]: Sending ACK #2...
Google.Solutions.Compute Verbose: 0 : SshRelayStream [TX: 1 TXA: 0 RX: 2 AQ: 1]: Sending ACK #2...
Google.Solutions.Compute Verbose: 0 : SshRelayStream [TX: 1 TXA: 0 RX: 2 AQ: 1]: Sending ACK #2...
Google.Solutions.Compute Verbose: 0 : SshRelayStream [TX: 1 TXA: 0 RX: 2 AQ: 1]: Sending ACK #2...
Google.Solutions.Compute Verbose: 0 : SshRelayStream [TX: 1 TXA: 0 RX: 2 AQ: 1]: Sending ACK #2...
Google.Solutions.Compute Verbose: 0 : SshRelayStream [TX: 1 TXA: 0 RX: 2 AQ: 1]: Sending ACK #2...
Google.Solutions.Compute Verbose: 0 : SshRelayStream [TX: 1 TXA: 0 RX: 2 AQ: 1]: Sending ACK #2...
Google.Solutions.Compute Verbose: 0 : SshRelayStream [TX: 1 TXA: 0 RX: 2 AQ: 1]: Sending ACK #2...
Google.Solutions.Compute Verbose: 0 : SshRelayStream [TX: 1 TXA: 0 RX: 2 AQ: 1]: Sending ACK #2...
Google.Solutions.Compute Verbose: 0 : SshRelayStream [TX: 1 TXA: 0 RX: 2 AQ: 1]: Sending ACK #2...
Google.Solutions.Compute Verbose: 0 : SshRelayStream [TX: 1 TXA: 0 RX: 2 AQ: 1]: Sending ACK #2...
Google.Solutions.Compute Verbose: 0 : SshRelayStream [TX: 1 TXA: 0 RX: 2 AQ: 1]: Sending ACK #2...
Google.Solutions.Compute Verbose: 0 : SshRelayStream [TX: 1 TXA: 0 RX: 2 AQ: 1]: Sending ACK #2...
Google.Solutions.Compute Verbose: 0 : SshRelayStream [TX: 1 TXA: 0 RX: 2 AQ: 1]: Sending ACK #2...
Google.Solutions.Compute Verbose: 0 : SshRelayStream [TX: 1 TXA: 0 RX: 2 AQ: 1]: Sending ACK #2...
Google.Solutions.Compute Verbose: 0 : SshRelayStream [TX: 1 TXA: 0 RX: 2 AQ: 1]: Sending ACK #2...
Google.Solutions.Compute Verbose: 0 : SshRelayStream [TX: 1 TXA: 0 RX: 2 AQ: 1]: Sending ACK #2...
Google.Solutions.Compute Verbose: 0 : SshRelayStream [TX: 1 TXA: 0 RX: 2 AQ: 1]: Sending ACK #2...
Google.Solutions.Compute Verbose: 0 : SshRelayStream [TX: 1 TXA: 0 RX: 2 AQ: 1]: Sending ACK #2...
Google.Solutions.Compute Verbose: 0 : SshRelayStream [TX: 1 TXA: 0 RX: 2 AQ: 1]: Sending ACK #2...
Google.Solutions.Compute Verbose: 0 : SshRelayStream [TX: 1 TXA: 0 RX: 2 AQ: 1]: Sending ACK #2...
Google.Solutions.Compute Verbose: 0 : SshRelayStream [TX: 1 TXA: 0 RX: 2 AQ: 1]: Sending ACK #2...
Google.Solutions.Compute Verbose: 0 : SshRelayStream [TX: 1 TXA: 0 RX: 2 AQ: 1]: Sending ACK #2...
Google.Solutions.Compute Verbose: 0 : SshRelayStream [TX: 1 TXA: 0 RX: 2 AQ: 1]: Sending ACK #2...
Google.Solutions.Compute Verbose: 0 : SshRelayStream [TX: 1 TXA: 0 RX: 2 AQ: 1]: Sending ACK #2...
Google.Solutions.Compute Verbose: 0 : SshRelayStream [TX: 1 TXA: 0 RX: 2 AQ: 1]: Sending ACK #2...
Google.Solutions.Compute Verbose: 0 : SshRelayStream [TX: 1 TXA: 0 RX: 2 AQ: 1]: Sending ACK #2...
Google.Solutions.Compute Verbose: 0 : SshRelayStream [TX: 1 TXA: 0 RX: 2 AQ: 1]: Sending ACK #2...
Google.Solutions.Compute Verbose: 0 : SshRelayStream [TX: 1 TXA: 0 RX: 2 AQ: 1]: Sending ACK #2...
Google.Solutions.Compute Verbose: 0 : SshRelayStream [TX: 1 TXA: 0 RX: 2 AQ: 1]: Sending ACK #2...
Google.Solutions.Compute Verbose: 0 : SshRelayStream [TX: 1 TXA: 0 RX: 2 AQ: 1]: Sending ACK #2...
Google.Solutions.Compute Verbose: 0 : SshRelayStream [TX: 1 TXA: 0 RX: 2 AQ: 1]: Sending ACK #2...
Google.Solutions.Compute Verbose: 0 : SshRelayStream [TX: 1 TXA: 0 RX: 2 AQ: 1]: Sending ACK #2...
Google.Solutions.Compute Verbose: 0 : SshRelayStream [TX: 1 TXA: 0 RX: 2 AQ: 1]: Sending ACK #2...
Google.Solutions.Compute Verbose: 0 : SshRelayStream [TX: 1 TXA: 0 RX: 2 AQ: 1]: Sending ACK #2...
Google.Solutions.Compute Verbose: 0 : SshRelayStream [TX: 1 TXA: 0 RX: 2 AQ: 1]: Sending ACK #2...
Google.Solutions.Compute Verbose: 0 : SshRelayStream [TX: 1 TXA: 0 RX: 2 AQ: 1]: Sending ACK #2...
Google.Solutions.Compute Verbose: 0 : SshRelayStream [TX: 1 TXA: 0 RX: 2 AQ: 1]: Sending ACK #2...
Google.Solutions.Compute Verbose: 0 : SshRelayStream [TX: 1 TXA: 0 RX: 2 AQ: 1]: Sending ACK #2...
Google.Solutions.Compute Verbose: 0 : SshRelayStream [TX: 1 TXA: 0 RX: 2 AQ: 1]: Sending ACK #2...
Google.Solutions.Compute Verbose: 0 : SshRelayStream [TX: 1 TXA: 0 RX: 2 AQ: 1]: Sending ACK #2...
Google.Solutions.Compute Verbose: 0 : SshRelayStream [TX: 1 TXA: 0 RX: 2 AQ: 1]: Sending ACK #2...
Google.Solutions.Compute Verbose: 0 : SshRelayStream [TX: 1 TXA: 0 RX: 2 AQ: 1]: Sending ACK #2...
Google.Solutions.Compute Verbose: 0 : SshRelayStream [TX: 1 TXA: 0 RX: 2 AQ: 1]: Sending ACK #2...
Google.Solutions.Compute Verbose: 0 : SshRelayStream [TX: 1 TXA: 0 RX: 2 AQ: 1]: Sending ACK #2...
Google.Solutions.Compute Verbose: 0 : SshRelayStream [TX: 1 TXA: 0 RX: 2 AQ: 1]: Sending ACK #2...
Google.Solutions.Compute Verbose: 0 : SshRelayStream [TX: 1 TXA: 0 RX: 2 AQ: 1]: Sending ACK #2...
Google.Solutions.Compute Verbose: 0 : SshRelayStream [TX: 1 TXA: 0 RX: 2 AQ: 1]: Sending ACK #2...
Google.Solutions.Compute Verbose: 0 : SshRelayStream [TX: 1 TXA: 0 RX: 2 AQ: 1]: Sending ACK #2...
Google.Solutions.Compute Verbose: 0 : SshRelayStream [TX: 1 TXA: 0 RX: 2 AQ: 1]: Sending ACK #2...
Google.Solutions.Compute Verbose: 0 : SshRelayStream [TX: 1 TXA: 0 RX: 2 AQ: 1]: Sending ACK #2...
Google.Solutions.Compute Verbose: 0 : SshRelayStream [TX: 1 TXA: 0 RX: 2 AQ: 1]: Sending ACK #2...
Google.Solutions.Compute Verbose: 0 : SshRelayStream [TX: 1 TXA: 0 RX: 2 AQ: 1]: Sending ACK #2...
Google.Solutions.Compute Verbose: 0 : SshRelayStream [TX: 1 TXA: 0 RX: 2 AQ: 1]: Sending DATA #1...
Google.Solutions.Compute Verbose: 0 : SshRelayStream [TX: 1 TXA: 0 RX: 2 AQ: 1]: Sending DATA #1...
Google.Solutions.Compute Verbose: 0 : SshRelayStream [TX: 1 TXA: 0 RX: 2 AQ: 1]: Sending DATA #1...
Google.Solutions.Compute Verbose: 0 : SshRelayStream [TX: 1 TXA: 0 RX: 2 AQ: 1]: Sending DATA #1...
Google.Solutions.Compute Verbose: 0 : SshRelayStream [TX: 1 TXA: 0 RX: 2 AQ: 1]: Sending DATA #1...
Google.Solutions.Compute Verbose: 0 : SshRelayStream [TX: 1 TXA: 0 RX: 2 AQ: 1]: Sending DATA #1...
Google.Solutions.Compute Verbose: 0 : SshRelayStream [TX: 1 TXA: 0 RX: 2 AQ: 1]: Sending DATA #1...
Google.Solutions.Compute Verbose: 0 : SshRelayStream [TX: 1 TXA: 0 RX: 2 AQ: 1]: Sending DATA #1...
Google.Solutions.Compute Verbose: 0 : SshRelayStream [TX: 1 TXA: 0 RX: 2 AQ: 1]: Sending DATA #1...
Google.Solutions.Compute Verbose: 0 : SshRelayStream [TX: 1 TXA: 0 RX: 2 AQ: 1]: Sending DATA #1...
Google.Solutions.Compute Verbose: 0 : SshRelayStream [TX: 1 TXA: 0 RX: 2 AQ: 1]: Sending DATA #1...
Google.Solutions.Compute Verbose: 0 : SshRelayStream [TX: 1 TXA: 0 RX: 2 AQ: 1]: Sending DATA #1...
Google.Solutions.Compute Verbose: 0 : SshRelayStream [TX: 1 TXA: 0 RX: 2 AQ: 1]: Sending DATA #1...
Google.Solutions.Compute Verbose: 0 : SshRelayStream [TX: 1 TXA: 0 RX: 2 AQ: 1]: Sending DATA #1...
Google.Solutions.Compute Verbose: 0 : SshRelayStream [TX: 1 TXA: 0 RX: 2 AQ: 1]: Sending DATA #1...
Google.Solutions.Compute Verbose: 0 : SshRelayStream [TX: 1 TXA: 0 RX: 2 AQ: 1]: Sending DATA #1...
Google.Solutions.Compute Verbose: 0 : SshRelayStream [TX: 1 TXA: 0 RX: 2 AQ: 1]: Sending DATA #1...
Google.Solutions.Compute Verbose: 0 : SshRelayStream [TX: 1 TXA: 0 RX: 2 AQ: 1]: Sending DATA #1...
Google.Solutions.Compute Verbose: 0 : SshRelayStream [TX: 1 TXA: 0 RX: 2 AQ: 1]: Sending DATA #1...
Google.Solutions.Compute Verbose: 0 : SshRelayStream [TX: 1 TXA: 0 RX: 2 AQ: 1]: Sending DATA #1...
Google.Solutions.Compute Verbose: 0 : SshRelayStream [TX: 1 TXA: 0 RX: 2 AQ: 1]: Sending DATA #1...
Google.Solutions.Compute Verbose: 0 : SshRelayStream [TX: 1 TXA: 0 RX: 2 AQ: 1]: Sending DATA #1...
Google.Solutions.Compute Verbose: 0 : SshRelayStream [TX: 1 TXA: 0 RX: 2 AQ: 1]: Sending DATA #1...
Google.Solutions.Compute Verbose: 0 : SshRelayStream [TX: 1 TXA: 0 RX: 2 AQ: 1]: Sending DATA #1...
Google.Solutions.Compute Verbose: 0 : SshRelayStream [TX: 1 TXA: 0 RX: 2 AQ: 1]: Sending DATA #1...
Google.Solutions.Compute Verbose: 0 : SshRelayStream [TX: 1 TXA: 0 RX: 2 AQ: 1]: Sending DATA #1...
Google.Solutions.Compute Verbose: 0 : SshRelayStream [TX: 1 TXA: 0 RX: 2 AQ: 1]: Sending DATA #1...
Google.Solutions.Compute Verbose: 0 : SshRelayStream [TX: 1 TXA: 0 RX: 2 AQ: 1]: Sending DATA #1...
Google.Solutions.Compute Verbose: 0 : SshRelayStream [TX: 1 TXA: 0 RX: 2 AQ: 1]: Sending DATA #1...
Google.Solutions.Compute Verbose: 0 : SshRelayStream [TX: 1 TXA: 0 RX: 2 AQ: 1]: Sending DATA #1...
Google.Solutions.Compute Verbose: 0 : SshRelayStream [TX: 1 TXA: 0 RX: 2 AQ: 1]: Sending DATA #1...
Google.Solutions.Compute Verbose: 0 : SshRelayStream [TX: 1 TXA: 0 RX: 2 AQ: 1]: Sending DATA #1...
Google.Solutions.Compute Verbose: 0 : SshRelayStream [TX: 1 TXA: 0 RX: 2 AQ: 1]: Sending DATA #1...
Google.Solutions.Compute Verbose: 0 : SshRelayStream [TX: 1 TXA: 0 RX: 2 AQ: 1]: Sending DATA #1...
Google.Solutions.Compute Verbose: 0 : SshRelayStream [TX: 1 TXA: 0 RX: 2 AQ: 1]: Sending DATA #1...
Google.Solutions.Compute Verbose: 0 : SshRelayStream [TX: 1 TXA: 0 RX: 2 AQ: 1]: Sending DATA #1...
Google.Solutions.Compute Verbose: 0 : SshRelayStream [TX: 1 TXA: 0 RX: 2 AQ: 1]: Sending DATA #1...
Google.Solutions.Compute Verbose: 0 : SshRelayStream [TX: 1 TXA: 0 RX: 2 AQ: 1]: Sending DATA #1...
Google.Solutions.Compute Verbose: 0 : SshRelayStream [TX: 1 TXA: 0 RX: 2 AQ: 1]: Sending DATA #1...
Google.Solutions.Compute Verbose: 0 : SshRelayStream [TX: 1 TXA: 0 RX: 2 AQ: 1]: Sending DATA #1...
Google.Solutions.Compute Verbose: 0 : SshRelayStream [TX: 1 TXA: 0 RX: 2 AQ: 1]: Sending DATA #1...
Google.Solutions.Compute Verbose: 0 : SshRelayStream [TX: 1 TXA: 0 RX: 2 AQ: 1]: Sending DATA #1...
Google.Solutions.Compute Verbose: 0 : SshRelayStream [TX: 1 TXA: 0 RX: 2 AQ: 1]: Sending DATA #1...
Google.Solutions.Compute Verbose: 0 : SshRelayStream [TX: 1 TXA: 0 RX: 2 AQ: 1]: Sending DATA #1...
Google.Solutions.Compute Verbose: 0 : SshRelayStream [TX: 1 TXA: 0 RX: 2 AQ: 1]: Sending DATA #1...
Google.Solutions.Compute Verbose: 0 : SshRelayStream [TX: 1 TXA: 0 RX: 2 AQ: 1]: Sending DATA #1...
Google.Solutions.Compute Verbose: 0 : SshRelayStream [TX: 1 TXA: 0 RX: 2 AQ: 1]: Sending DATA #1...
Google.Solutions.Compute Verbose: 0 : SshRelayStream [TX: 1 TXA: 0 RX: 2 AQ: 1]: Sending DATA #1...
Google.Solutions.Compute Verbose: 0 : SshRelayStream [TX: 1 TXA: 0 RX: 2 AQ: 1]: Sending DATA #1...
Google.Solutions.Compute Verbose: 0 : SshRelayStream [TX: 1 TXA: 0 RX: 2 AQ: 1]: Sending DATA #1...
Google.Solutions.Compute Verbose: 0 : SshRelayStream [TX: 1 TXA: 0 RX: 2 AQ: 1]: Sending DATA #1...
Google.Solutions.Compute Verbose: 0 : SshRelayStream [TX: 1 TXA: 0 RX: 2 AQ: 1]: Sending DATA #1...
Google.Solutions.Compute Verbose: 0 : SshRelayStream [TX: 1 TXA: 0 RX: 2 AQ: 1]: Sending DATA #1...
Google.Solutions.Compute Verbose: 0 : SshRelayStream [TX: 1 TXA: 0 RX: 2 AQ: 1]: Sending DATA #1...
Google.Solutions.Compute Verbose: 0 : SshRelayStream [TX: 1 TXA: 0 RX: 2 AQ: 1]: Sending DATA #1...
Google.Solutions.Compute Verbose: 0 : SshRelayStream [TX: 1 TXA: 0 RX: 2 AQ: 1]: Sending DATA #1...
Google.Solutions.Compute Verbose: 0 : SshRelayStream [TX: 1 TXA: 0 RX: 2 AQ: 1]: Sending DATA #1...
Google.Solutions.Compute Verbose: 0 : SshRelayStream [TX: 1 TXA: 0 RX: 2 AQ: 1]: Sending DATA #1...
Google.Solutions.Compute Verbose: 0 : SshRelayStream [TX: 1 TXA: 0 RX: 2 AQ: 1]: Sending DATA #1...
Google.Solutions.Compute Verbose: 0 : SshRelayStream [TX: 1 TXA: 0 RX: 2 AQ: 1]: Sending DATA #1...
Google.Solutions.Compute Verbose: 0 : SshRelayStream [TX: 1 TXA: 0 RX: 2 AQ: 1]: Sending DATA #1...
Google.Solutions.Compute Verbose: 0 : SshRelayStream [TX: 1 TXA: 0 RX: 2 AQ: 1]: Sending DATA #1...
Google.Solutions.Compute Verbose: 0 : SshRelayStream [TX: 1 TXA: 0 RX: 2 AQ: 1]: Sending DATA #1...
Google.Solutions.Compute Verbose: 0 : SshRelayStream [TX: 2 TXA: 0 RX: 2 AQ: 2]: Sending DATA #2...
Google.Solutions.Compute Verbose: 0 : SshRelayStream [TX: 2 TXA: 0 RX: 2 AQ: 2]: Sending DATA #2...
Google.Solutions.Compute Verbose: 0 : SshRelayStream [TX: 2 TXA: 0 RX: 2 AQ: 2]: Sending DATA #2...
Google.Solutions.Compute Verbose: 0 : SshRelayStream [TX: 2 TXA: 0 RX: 2 AQ: 2]: Sending DATA #2...
Google.Solutions.Compute Verbose: 0 : SshRelayStream [TX: 2 TXA: 0 RX: 2 AQ: 2]: Sending DATA #2...
Google.Solutions.Compute Verbose: 0 : SshRelayStream [TX: 2 TXA: 0 RX: 2 AQ: 2]: Sending DATA #2...
Google.Solutions.Compute Verbose: 0 : SshRelayStream [TX: 2 TXA: 0 RX: 2 AQ: 2]: Sending DATA #2...
Google.Solutions.Compute Verbose: 0 : SshRelayStream [TX: 2 TXA: 0 RX: 2 AQ: 2]: Sending DATA #2...
Google.Solutions.Compute Verbose: 0 : SshRelayStream [TX: 2 TXA: 0 RX: 2 AQ: 2]: Sending DATA #2...
Google.Solutions.Compute Verbose: 0 : SshRelayStream [TX: 2 TXA: 0 RX: 2 AQ: 2]: Sending DATA #2...
Google.Solutions.Compute Verbose: 0 : SshRelayStream [TX: 2 TXA: 0 RX: 2 AQ: 2]: Sending DATA #2...
Google.Solutions.Compute Verbose: 0 : SshRelayStream [TX: 2 TXA: 0 RX: 2 AQ: 2]: Sending DATA #2...
Google.Solutions.Compute Verbose: 0 : SshRelayStream [TX: 2 TXA: 0 RX: 2 AQ: 2]: Sending DATA #2...
Google.Solutions.Compute Verbose: 0 : SshRelayStream [TX: 2 TXA: 0 RX: 2 AQ: 2]: Sending DATA #2...
Google.Solutions.Compute Verbose: 0 : SshRelayStream [TX: 2 TXA: 0 RX: 2 AQ: 2]: Sending DATA #2...
Google.Solutions.Compute Verbose: 0 : SshRelayStream [TX: 2 TXA: 0 RX: 2 AQ: 2]: Sending DATA #2...
Google.Solutions.Compute Verbose: 0 : SshRelayStream [TX: 2 TXA: 0 RX: 2 AQ: 2]: Sending DATA #2...
Google.Solutions.Compute Verbose: 0 : SshRelayStream [TX: 2 TXA: 0 RX: 2 AQ: 2]: Sending DATA #2...
Google.Solutions.Compute Verbose: 0 : SshRelayStream [TX: 2 TXA: 0 RX: 2 AQ: 2]: Sending DATA #2...
Google.Solutions.Compute Verbose: 0 : SshRelayStream [TX: 2 TXA: 0 RX: 2 AQ: 2]: Sending DATA #2...
Google.Solutions.Compute Verbose: 0 : SshRelayStream [TX: 2 TXA: 0 RX: 2 AQ: 2]: Sending DATA #2...
Google.Solutions.Compute Verbose: 0 : SshRelayStream [TX: 2 TXA: 0 RX: 2 AQ: 2]: Sending DATA #2...
Google.Solutions.Compute Verbose: 0 : SshRelayStream [TX: 2 TXA: 0 RX: 2 AQ: 2]: Sending DATA #2...
Google.Solutions.Compute Verbose: 0 : SshRelayStream [TX: 2 TXA: 0 RX: 2 AQ: 2]: Sending DATA #2...
Google.Solutions.Compute Verbose: 0 : SshRelayStream [TX: 2 TXA: 0 RX: 2 AQ: 2]: Sending DATA #2...
Google.Solutions.Compute Verbose: 0 : SshRelayStream [TX: 2 TXA: 0 RX: 2 AQ: 2]: Sending DATA #2...
Google.Solutions.Compute Verbose: 0 : SshRelayStream [TX: 2 TXA: 0 RX: 2 AQ: 2]: Sending DATA #2...
Google.Solutions.Compute Verbose: 0 : SshRelayStream [TX: 2 TXA: 0 RX: 2 AQ: 2]: Sending DATA #2...
Google.Solutions.Compute Verbose: 0 : SshRelayStream [TX: 2 TXA: 0 RX: 2 AQ: 2]: Sending DATA #2...
Google.Solutions.Compute Verbose: 0 : SshRelayStream [TX: 2 TXA: 0 RX: 2 AQ: 2]: Sending DATA #2...
Google.Solutions.Compute Verbose: 0 : SshRelayStream [TX: 2 TXA: 0 RX: 2 AQ: 2]: Sending DATA #2...
Google.Solutions.Compute Verbose: 0 : SshRelayStream [TX: 2 TXA: 0 RX: 2 AQ: 2]: Sending DATA #2...
Google.Solutions.Compute Verbose: 0 : SshRelayStream [TX: 2 TXA: 0 RX: 2 AQ: 2]: Sending DATA #2...
Google.Solutions.Compute Verbose: 0 : SshRelayStream [TX: 2 TXA: 0 RX: 2 AQ: 2]: Sending DATA #2...
Google.Solutions.Compute Verbose: 0 : SshRelayStream [TX: 2 TXA: 0 RX: 2 AQ: 2]: Sending DATA #2...
Google.Solutions.Compute Verbose: 0 : SshRelayStream [TX: 2 TXA: 0 RX: 2 AQ: 2]: Sending DATA #2...
Google.Solutions.Compute Verbose: 0 : SshRelayStream [TX: 2 TXA: 0 RX: 2 AQ: 2]: Sending DATA #2...
Google.Solutions.Compute Verbose: 0 : SshRelayStream [TX: 2 TXA: 0 RX: 2 AQ: 2]: Sending DATA #2...
Google.Solutions.Compute Verbose: 0 : SshRelayStream [TX: 2 TXA: 0 RX: 2 AQ: 2]: Sending DATA #2...
Google.Solutions.Compute Verbose: 0 : SshRelayStream [TX: 2 TXA: 0 RX: 2 AQ: 2]: Sending DATA #2...
Google.Solutions.Compute Verbose: 0 : SshRelayStream [TX: 2 TXA: 0 RX: 2 AQ: 2]: Sending DATA #2...
Google.Solutions.Compute Verbose: 0 : SshRelayStream [TX: 2 TXA: 0 RX: 2 AQ: 2]: Sending DATA #2...
Google.Solutions.Compute Verbose: 0 : SshRelayStream [TX: 2 TXA: 0 RX: 2 AQ: 2]: Sending DATA #2...
Google.Solutions.Compute Verbose: 0 : SshRelayStream [TX: 2 TXA: 0 RX: 2 AQ: 2]: Sending DATA #2...
Google.Solutions.Compute Verbose: 0 : SshRelayStream [TX: 2 TXA: 0 RX: 2 AQ: 2]: Sending DATA #2...
Google.Solutions.Compute Verbose: 0 : SshRelayStream [TX: 2 TXA: 0 RX: 2 AQ: 2]: Sending DATA #2...
Google.Solutions.Compute Verbose: 0 : SshRelayStream [TX: 2 TXA: 0 RX: 2 AQ: 2]: Sending DATA #2...
Google.Solutions.Compute Verbose: 0 : SshRelayStream [TX: 2 TXA: 0 RX: 2 AQ: 2]: Sending DATA #2...
Google.Solutions.Compute Verbose: 0 : SshRelayStream [TX: 2 TXA: 0 RX: 2 AQ: 2]: Sending DATA #2...
Google.Solutions.Compute Verbose: 0 : SshRelayStream [TX: 2 TXA: 0 RX: 2 AQ: 2]: Sending DATA #2...
Google.Solutions.Compute Verbose: 0 : SshRelayStream [TX: 2 TXA: 0 RX: 2 AQ: 2]: Sending DATA #2...
Google.Solutions.Compute Verbose: 0 : SshRelayStream [TX: 2 TXA: 0 RX: 2 AQ: 2]: Sending DATA #2...
Google.Solutions.Compute Verbose: 0 : SshRelayStream [TX: 2 TXA: 0 RX: 2 AQ: 2]: Sending DATA #2...
Google.Solutions.Compute Verbose: 0 : SshRelayStream [TX: 2 TXA: 0 RX: 2 AQ: 2]: Sending DATA #2...
Google.Solutions.Compute Verbose: 0 : SshRelayStream [TX: 2 TXA: 0 RX: 2 AQ: 2]: Sending DATA #2...
Google.Solutions.Compute Verbose: 0 : SshRelayStream [TX: 2 TXA: 0 RX: 2 AQ: 2]: Sending DATA #2...
Google.Solutions.Compute Verbose: 0 : SshRelayStream [TX: 2 TXA: 0 RX: 2 AQ: 2]: Sending DATA #2...
Google.Solutions.Compute Verbose: 0 : SshRelayStream [TX: 2 TXA: 0 RX: 2 AQ: 2]: Sending DATA #2...
Google.Solutions.Compute Verbose: 0 : SshRelayStream [TX: 2 TXA: 0 RX: 2 AQ: 2]: Sending DATA #2...
Google.Solutions.Compute Verbose: 0 : SshRelayStream [TX: 2 TXA: 0 RX: 2 AQ: 2]: Sending DATA #2...
Google.Solutions.Compute Verbose: 0 : SshRelayStream [TX: 2 TXA: 0 RX: 2 AQ: 2]: Sending DATA #2...
Google.Solutions.Compute Verbose: 0 : SshRelayStream [TX: 2 TXA: 0 RX: 2 AQ: 2]: Sending DATA #2...
Google.Solutions.Compute Verbose: 0 : SshRelayStream [TX: 2 TXA: 0 RX: 2 AQ: 2]: Sending DATA #2...
Google.Solutions.Compute Verbose: 0 : SshRelayStream [TX: 2 TXA: 0 RX: 2 AQ: 2]: Connection closed abnormally: INVALID_TAG
Google.Solutions.Compute Verbose: 0 : SshRelayStream [TX: 2 TXA: 0 RX: 2 AQ: 2]: Connection closed abnormally: INVALID_TAG
Google.Solutions.Compute Verbose: 0 : SshRelayStream [TX: 2 TXA: 0 RX: 2 AQ: 2]: Connection closed abnormally: INVALID_TAG
Google.Solutions.Compute Verbose: 0 : SshRelayStream [TX: 2 TXA: 0 RX: 2 AQ: 2]: Connection closed abnormally: INVALID_TAG
Google.Solutions.Compute Verbose: 0 : SshRelayStream [TX: 2 TXA: 0 RX: 2 AQ: 2]: Connection closed abnormally: INVALID_TAG
Google.Solutions.Compute Verbose: 0 : SshRelayStream [TX: 2 TXA: 0 RX: 2 AQ: 2]: Connection closed abnormally: INVALID_TAG
Google.Solutions.Compute Verbose: 0 : SshRelayStream [TX: 2 TXA: 0 RX: 2 AQ: 2]: Connection closed abnormally: INVALID_TAG
Google.Solutions.Compute Verbose: 0 : SshRelayStream [TX: 2 TXA: 0 RX: 2 AQ: 2]: Connection closed abnormally: INVALID_TAG
Google.Solutions.Compute Verbose: 0 : SshRelayStream [TX: 2 TXA: 0 RX: 2 AQ: 2]: Connection closed abnormally: INVALID_TAG
Google.Solutions.Compute Verbose: 0 : SshRelayStream [TX: 2 TXA: 0 RX: 2 AQ: 2]: Connection closed abnormally: INVALID_TAG
Google.Solutions.Compute Verbose: 0 : SshRelayStream [TX: 2 TXA: 0 RX: 2 AQ: 2]: Connection closed abnormally: INVALID_TAG
Google.Solutions.Compute Verbose: 0 : SshRelayStream [TX: 2 TXA: 0 RX: 2 AQ: 2]: Connection closed abnormally: INVALID_TAG
Google.Solutions.Compute Verbose: 0 : SshRelayStream [TX: 2 TXA: 0 RX: 2 AQ: 2]: Connection closed abnormally: INVALID_TAG
Google.Solutions.Compute Verbose: 0 : SshRelayStream [TX: 2 TXA: 0 RX: 2 AQ: 2]: Connection closed abnormally: INVALID_TAG
Google.Solutions.Compute Verbose: 0 : SshRelayStream [TX: 2 TXA: 0 RX: 2 AQ: 2]: Connection closed abnormally: INVALID_TAG
Google.Solutions.Compute Verbose: 0 : SshRelayStream [TX: 2 TXA: 0 RX: 2 AQ: 2]: Connection closed abnormally: INVALID_TAG
Google.Solutions.Compute Verbose: 0 : SshRelayStream [TX: 2 TXA: 0 RX: 2 AQ: 2]: Connection closed abnormally: INVALID_TAG
Google.Solutions.Compute Verbose: 0 : SshRelayStream [TX: 2 TXA: 0 RX: 2 AQ: 2]: Connection closed abnormally: INVALID_TAG
Google.Solutions.Compute Verbose: 0 : SshRelayStream [TX: 2 TXA: 0 RX: 2 AQ: 2]: Connection closed abnormally: INVALID_TAG
Google.Solutions.Compute Verbose: 0 : SshRelayStream [TX: 2 TXA: 0 RX: 2 AQ: 2]: Connection closed abnormally: INVALID_TAG
Google.Solutions.Compute Verbose: 0 : SshRelayStream [TX: 2 TXA: 0 RX: 2 AQ: 2]: Connection closed abnormally: INVALID_TAG
Google.Solutions.Compute Verbose: 0 : SshRelayStream [TX: 2 TXA: 0 RX: 2 AQ: 2]: Connection closed abnormally: INVALID_TAG
Google.Solutions.Compute Verbose: 0 : SshRelayStream [TX: 2 TXA: 0 RX: 2 AQ: 2]: Connection closed abnormally: INVALID_TAG
Google.Solutions.Compute Verbose: 0 : SshRelayStream [TX: 2 TXA: 0 RX: 2 AQ: 2]: Connection closed abnormally: INVALID_TAG
Google.Solutions.Compute Verbose: 0 : SshRelayStream [TX: 2 TXA: 0 RX: 2 AQ: 2]: Connection closed abnormally: INVALID_TAG
Google.Solutions.Compute Verbose: 0 : SshRelayStream [TX: 2 TXA: 0 RX: 2 AQ: 2]: Connection closed abnormally: INVALID_TAG
Google.Solutions.Compute Verbose: 0 : SshRelayStream [TX: 2 TXA: 0 RX: 2 AQ: 2]: Connection closed abnormally: INVALID_TAG
Google.Solutions.Compute Verbose: 0 : SshRelayStream [TX: 2 TXA: 0 RX: 2 AQ: 2]: Connection closed abnormally: INVALID_TAG
Google.Solutions.Compute Verbose: 0 : SshRelayStream [TX: 2 TXA: 0 RX: 2 AQ: 2]: Connection closed abnormally: INVALID_TAG
Google.Solutions.Compute Verbose: 0 : SshRelayStream [TX: 2 TXA: 0 RX: 2 AQ: 2]: Connection closed abnormally: INVALID_TAG
Google.Solutions.Compute Verbose: 0 : SshRelayStream [TX: 2 TXA: 0 RX: 2 AQ: 2]: Connection closed abnormally: INVALID_TAG
Google.Solutions.Compute Verbose: 0 : SshRelayStream [TX: 2 TXA: 0 RX: 2 AQ: 2]: Connection closed abnormally: INVALID_TAG
Google.Solutions.Compute Verbose: 0 : SshRelayStream [TX: 2 TXA: 0 RX: 2 AQ: 2]: Connection closed abnormally: INVALID_TAG
Google.Solutions.Compute Verbose: 0 : SshRelayStream [TX: 2 TXA: 0 RX: 2 AQ: 2]: Connection closed abnormally: INVALID_TAG
Google.Solutions.Compute Verbose: 0 : SshRelayStream [TX: 2 TXA: 0 RX: 2 AQ: 2]: Connection closed abnormally: INVALID_TAG
Google.Solutions.Compute Verbose: 0 : SshRelayStream [TX: 2 TXA: 0 RX: 2 AQ: 2]: Connection closed abnormally: INVALID_TAG
Google.Solutions.Compute Verbose: 0 : SshRelayStream [TX: 2 TXA: 0 RX: 2 AQ: 2]: Connection closed abnormally: INVALID_TAG
Google.Solutions.Compute Verbose: 0 : SshRelayStream [TX: 2 TXA: 0 RX: 2 AQ: 2]: Connection closed abnormally: INVALID_TAG
Google.Solutions.Compute Verbose: 0 : SshRelayStream [TX: 2 TXA: 0 RX: 2 AQ: 2]: Connection closed abnormally: INVALID_TAG
Google.Solutions.Compute Verbose: 0 : SshRelayStream [TX: 2 TXA: 0 RX: 2 AQ: 2]: Connection closed abnormally: INVALID_TAG
Google.Solutions.Compute Verbose: 0 : SshRelayStream [TX: 2 TXA: 0 RX: 2 AQ: 2]: Connection closed abnormally: INVALID_TAG
Google.Solutions.Compute Verbose: 0 : SshRelayStream [TX: 2 TXA: 0 RX: 2 AQ: 2]: Connection closed abnormally: INVALID_TAG
Google.Solutions.Compute Verbose: 0 : SshRelayStream [TX: 2 TXA: 0 RX: 2 AQ: 2]: Connection closed abnormally: INVALID_TAG
Google.Solutions.Compute Verbose: 0 : SshRelayStream [TX: 2 TXA: 0 RX: 2 AQ: 2]: Connection closed abnormally: INVALID_TAG
Google.Solutions.Compute Verbose: 0 : SshRelayStream [TX: 2 TXA: 0 RX: 2 AQ: 2]: Connection closed abnormally: INVALID_TAG
Google.Solutions.Compute Verbose: 0 : SshRelayStream [TX: 2 TXA: 0 RX: 2 AQ: 2]: Connection closed abnormally: INVALID_TAG
Google.Solutions.Compute Verbose: 0 : SshRelayStream [TX: 2 TXA: 0 RX: 2 AQ: 2]: Connection closed abnormally: INVALID_TAG
Google.Solutions.Compute Verbose: 0 : SshRelayStream [TX: 2 TXA: 0 RX: 2 AQ: 2]: Connection closed abnormally: INVALID_TAG
Google.Solutions.Compute Verbose: 0 : SshRelayStream [TX: 2 TXA: 0 RX: 2 AQ: 2]: Connection closed abnormally: INVALID_TAG
Google.Solutions.Compute Verbose: 0 : SshRelayStream [TX: 2 TXA: 0 RX: 2 AQ: 2]: Connection closed abnormally: INVALID_TAG
Google.Solutions.Compute Verbose: 0 : SshRelayStream [TX: 2 TXA: 0 RX: 2 AQ: 2]: Connection closed abnormally: INVALID_TAG
Google.Solutions.Compute Verbose: 0 : SshRelayStream [TX: 2 TXA: 0 RX: 2 AQ: 2]: Connection closed abnormally: INVALID_TAG
Google.Solutions.Compute Verbose: 0 : SshRelayStream [TX: 2 TXA: 0 RX: 2 AQ: 2]: Connection closed abnormally: INVALID_TAG
Google.Solutions.Compute Verbose: 0 : SshRelayStream [TX: 2 TXA: 0 RX: 2 AQ: 2]: Connection closed abnormally: INVALID_TAG
Google.Solutions.Compute Verbose: 0 : SshRelayStream [TX: 2 TXA: 0 RX: 2 AQ: 2]: Connection closed abnormally: INVALID_TAG
Google.Solutions.Compute Verbose: 0 : SshRelayStream [TX: 2 TXA: 0 RX: 2 AQ: 2]: Connection closed abnormally: INVALID_TAG
Google.Solutions.Compute Verbose: 0 : SshRelayStream [TX: 2 TXA: 0 RX: 2 AQ: 2]: Connection closed abnormally: INVALID_TAG
Google.Solutions.Compute Verbose: 0 : SshRelayStream [TX: 2 TXA: 0 RX: 2 AQ: 2]: Connection closed abnormally: INVALID_TAG
Google.Solutions.Compute Verbose: 0 : SshRelayStream [TX: 2 TXA: 0 RX: 2 AQ: 2]: Connection closed abnormally: INVALID_TAG
Google.Solutions.Compute Verbose: 0 : SshRelayStream [TX: 2 TXA: 0 RX: 2 AQ: 2]: Connection closed abnormally: INVALID_TAG
Google.Solutions.Compute Verbose: 0 : SshRelayStream [TX: 2 TXA: 0 RX: 2 AQ: 2]: Connection closed abnormally: INVALID_TAG
Google.Solutions.Compute Verbose: 0 : SshRelayStream [TX: 2 TXA: 0 RX: 2 AQ: 2]: Connection closed abnormally: INVALID_TAG
Google.Solutions.Compute Verbose: 0 : SshRelayStream [TX: 2 TXA: 0 RX: 2 AQ: 2]: Connection closed abnormally: INVALID_TAG
Google.Solutions.Compute Verbose: 0 : SshRelayStream [TX: 2 TXA: 0 RX: 2 AQ: 2]: Disconnecting, preparing to reconnect
Google.Solutions.Compute Verbose: 0 : SshRelayStream [TX: 2 TXA: 0 RX: 2 AQ: 2]: Disconnecting, preparing to reconnect
Google.Solutions.Compute Verbose: 0 : SshRelayStream [TX: 2 TXA: 0 RX: 2 AQ: 2]: Disconnecting, preparing to reconnect
Google.Solutions.Compute Verbose: 0 : SshRelayStream [TX: 2 TXA: 0 RX: 2 AQ: 2]: Disconnecting, preparing to reconnect
Google.Solutions.Compute Verbose: 0 : SshRelayStream [TX: 2 TXA: 0 RX: 2 AQ: 2]: Disconnecting, preparing to reconnect
Google.Solutions.Compute Verbose: 0 : SshRelayStream [TX: 2 TXA: 0 RX: 2 AQ: 2]: Disconnecting, preparing to reconnect
Google.Solutions.Compute Verbose: 0 : SshRelayStream [TX: 2 TXA: 0 RX: 2 AQ: 2]: Disconnecting, preparing to reconnect
Google.Solutions.Compute Verbose: 0 : SshRelayStream [TX: 2 TXA: 0 RX: 2 AQ: 2]: Disconnecting, preparing to reconnect
Google.Solutions.Compute Verbose: 0 : SshRelayStream [TX: 2 TXA: 0 RX: 2 AQ: 2]: Disconnecting, preparing to reconnect
Google.Solutions.Compute Verbose: 0 : SshRelayStream [TX: 2 TXA: 0 RX: 2 AQ: 2]: Disconnecting, preparing to reconnect
Google.Solutions.Compute Verbose: 0 : SshRelayStream [TX: 2 TXA: 0 RX: 2 AQ: 2]: Disconnecting, preparing to reconnect
Google.Solutions.Compute Verbose: 0 : SshRelayStream [TX: 2 TXA: 0 RX: 2 AQ: 2]: Disconnecting, preparing to reconnect
Google.Solutions.Compute Verbose: 0 : SshRelayStream [TX: 2 TXA: 0 RX: 2 AQ: 2]: Disconnecting, preparing to reconnect
Google.Solutions.Compute Verbose: 0 : SshRelayStream [TX: 2 TXA: 0 RX: 2 AQ: 2]: Disconnecting, preparing to reconnect
Google.Solutions.Compute Verbose: 0 : SshRelayStream [TX: 2 TXA: 0 RX: 2 AQ: 2]: Disconnecting, preparing to reconnect
Google.Solutions.Compute Verbose: 0 : SshRelayStream [TX: 2 TXA: 0 RX: 2 AQ: 2]: Disconnecting, preparing to reconnect
Google.Solutions.Compute Verbose: 0 : SshRelayStream [TX: 2 TXA: 0 RX: 2 AQ: 2]: Disconnecting, preparing to reconnect
Google.Solutions.Compute Verbose: 0 : SshRelayStream [TX: 2 TXA: 0 RX: 2 AQ: 2]: Disconnecting, preparing to reconnect
Google.Solutions.Compute Verbose: 0 : SshRelayStream [TX: 2 TXA: 0 RX: 2 AQ: 2]: Disconnecting, preparing to reconnect
Google.Solutions.Compute Verbose: 0 : SshRelayStream [TX: 2 TXA: 0 RX: 2 AQ: 2]: Disconnecting, preparing to reconnect
Google.Solutions.Compute Verbose: 0 : SshRelayStream [TX: 2 TXA: 0 RX: 2 AQ: 2]: Disconnecting, preparing to reconnect
Google.Solutions.Compute Verbose: 0 : SshRelayStream [TX: 2 TXA: 0 RX: 2 AQ: 2]: Disconnecting, preparing to reconnect
Google.Solutions.Compute Verbose: 0 : SshRelayStream [TX: 2 TXA: 0 RX: 2 AQ: 2]: Disconnecting, preparing to reconnect
Google.Solutions.Compute Verbose: 0 : SshRelayStream [TX: 2 TXA: 0 RX: 2 AQ: 2]: Disconnecting, preparing to reconnect
Google.Solutions.Compute Verbose: 0 : SshRelayStream [TX: 2 TXA: 0 RX: 2 AQ: 2]: Disconnecting, preparing to reconnect
Google.Solutions.Compute Verbose: 0 : SshRelayStream [TX: 2 TXA: 0 RX: 2 AQ: 2]: Disconnecting, preparing to reconnect
Google.Solutions.Compute Verbose: 0 : SshRelayStream [TX: 2 TXA: 0 RX: 2 AQ: 2]: Disconnecting, preparing to reconnect
Google.Solutions.Compute Verbose: 0 : SshRelayStream [TX: 2 TXA: 0 RX: 2 AQ: 2]: Disconnecting, preparing to reconnect
Google.Solutions.Compute Verbose: 0 : SshRelayStream [TX: 2 TXA: 0 RX: 2 AQ: 2]: Disconnecting, preparing to reconnect
Google.Solutions.Compute Verbose: 0 : SshRelayStream [TX: 2 TXA: 0 RX: 2 AQ: 2]: Disconnecting, preparing to reconnect
Google.Solutions.Compute Verbose: 0 : SshRelayStream [TX: 2 TXA: 0 RX: 2 AQ: 2]: Disconnecting, preparing to reconnect
Google.Solutions.Compute Verbose: 0 : SshRelayStream [TX: 2 TXA: 0 RX: 2 AQ: 2]: Disconnecting, preparing to reconnect
Google.Solutions.Compute Verbose: 0 : SshRelayStream [TX: 2 TXA: 0 RX: 2 AQ: 2]: Disconnecting, preparing to reconnect
Google.Solutions.Compute Verbose: 0 : SshRelayStream [TX: 2 TXA: 0 RX: 2 AQ: 2]: Disconnecting, preparing to reconnect
Google.Solutions.Compute Verbose: 0 : SshRelayStream [TX: 2 TXA: 0 RX: 2 AQ: 2]: Disconnecting, preparing to reconnect
Google.Solutions.Compute Verbose: 0 : SshRelayStream [TX: 2 TXA: 0 RX: 2 AQ: 2]: Disconnecting, preparing to reconnect
Google.Solutions.Compute Verbose: 0 : SshRelayStream [TX: 2 TXA: 0 RX: 2 AQ: 2]: Disconnecting, preparing to reconnect
Google.Solutions.Compute Verbose: 0 : SshRelayStream [TX: 2 TXA: 0 RX: 2 AQ: 2]: Disconnecting, preparing to reconnect
Google.Solutions.Compute Verbose: 0 : SshRelayStream [TX: 2 TXA: 0 RX: 2 AQ: 2]: Disconnecting, preparing to reconnect
Google.Solutions.Compute Verbose: 0 : SshRelayStream [TX: 2 TXA: 0 RX: 2 AQ: 2]: Disconnecting, preparing to reconnect
Google.Solutions.Compute Verbose: 0 : SshRelayStream [TX: 2 TXA: 0 RX: 2 AQ: 2]: Disconnecting, preparing to reconnect
Google.Solutions.Compute Verbose: 0 : SshRelayStream [TX: 2 TXA: 0 RX: 2 AQ: 2]: Disconnecting, preparing to reconnect
Google.Solutions.Compute Verbose: 0 : SshRelayStream [TX: 2 TXA: 0 RX: 2 AQ: 2]: Disconnecting, preparing to reconnect
Google.Solutions.Compute Verbose: 0 : SshRelayStream [TX: 2 TXA: 0 RX: 2 AQ: 2]: Disconnecting, preparing to reconnect
Google.Solutions.Compute Verbose: 0 : SshRelayStream [TX: 2 TXA: 0 RX: 2 AQ: 2]: Disconnecting, preparing to reconnect
Google.Solutions.Compute Verbose: 0 : SshRelayStream [TX: 2 TXA: 0 RX: 2 AQ: 2]: Disconnecting, preparing to reconnect
Google.Solutions.Compute Verbose: 0 : SshRelayStream [TX: 2 TXA: 0 RX: 2 AQ: 2]: Disconnecting, preparing to reconnect
Google.Solutions.Compute Verbose: 0 : SshRelayStream [TX: 2 TXA: 0 RX: 2 AQ: 2]: Disconnecting, preparing to reconnect
Google.Solutions.Compute Verbose: 0 : SshRelayStream [TX: 2 TXA: 0 RX: 2 AQ: 2]: Disconnecting, preparing to reconnect
Google.Solutions.Compute Verbose: 0 : SshRelayStream [TX: 2 TXA: 0 RX: 2 AQ: 2]: Disconnecting, preparing to reconnect
Google.Solutions.Compute Verbose: 0 : SshRelayStream [TX: 2 TXA: 0 RX: 2 AQ: 2]: Disconnecting, preparing to reconnect
Google.Solutions.Compute Verbose: 0 : SshRelayStream [TX: 2 TXA: 0 RX: 2 AQ: 2]: Disconnecting, preparing to reconnect
Google.Solutions.Compute Verbose: 0 : SshRelayStream [TX: 2 TXA: 0 RX: 2 AQ: 2]: Disconnecting, preparing to reconnect
Google.Solutions.Compute Verbose: 0 : SshRelayStream [TX: 2 TXA: 0 RX: 2 AQ: 2]: Disconnecting, preparing to reconnect
Google.Solutions.Compute Verbose: 0 : SshRelayStream [TX: 2 TXA: 0 RX: 2 AQ: 2]: Disconnecting, preparing to reconnect
Google.Solutions.Compute Verbose: 0 : SshRelayStream [TX: 2 TXA: 0 RX: 2 AQ: 2]: Disconnecting, preparing to reconnect
Google.Solutions.Compute Verbose: 0 : SshRelayStream [TX: 2 TXA: 0 RX: 2 AQ: 2]: Disconnecting, preparing to reconnect
Google.Solutions.Compute Verbose: 0 : SshRelayStream [TX: 2 TXA: 0 RX: 2 AQ: 2]: Disconnecting, preparing to reconnect
Google.Solutions.Compute Verbose: 0 : SshRelayStream [TX: 2 TXA: 0 RX: 2 AQ: 2]: Disconnecting, preparing to reconnect
Google.Solutions.Compute Verbose: 0 : SshRelayStream [TX: 2 TXA: 0 RX: 2 AQ: 2]: Disconnecting, preparing to reconnect
Google.Solutions.Compute Verbose: 0 : SshRelayStream [TX: 2 TXA: 0 RX: 2 AQ: 2]: Disconnecting, preparing to reconnect
Google.Solutions.Compute Verbose: 0 : SshRelayStream [TX: 2 TXA: 0 RX: 2 AQ: 2]: Disconnecting, preparing to reconnect
Google.Solutions.Compute Verbose: 0 : SshRelayStream [TX: 2 TXA: 0 RX: 2 AQ: 2]: Disconnecting, preparing to reconnect
Google.Solutions.Compute Verbose: 0 : SshRelayStream [TX: 2 TXA: 0 RX: 2 AQ: 2]: Disonnected.
Google.Solutions.Compute Verbose: 0 : SshRelayStream [TX: 2 TXA: 0 RX: 2 AQ: 2]: Disonnected.
Google.Solutions.Compute Verbose: 0 : SshRelayStream [TX: 2 TXA: 0 RX: 2 AQ: 2]: Disonnected.
Google.Solutions.Compute Verbose: 0 : SshRelayStream [TX: 2 TXA: 0 RX: 2 AQ: 2]: Disonnected.
Google.Solutions.Compute Verbose: 0 : SshRelayStream [TX: 2 TXA: 0 RX: 2 AQ: 2]: Disonnected.
Google.Solutions.Compute Verbose: 0 : SshRelayStream [TX: 2 TXA: 0 RX: 2 AQ: 2]: Disonnected.
Google.Solutions.Compute Verbose: 0 : SshRelayStream [TX: 2 TXA: 0 RX: 2 AQ: 2]: Disonnected.
Google.Solutions.Compute Verbose: 0 : SshRelayStream [TX: 2 TXA: 0 RX: 2 AQ: 2]: Disonnected.
Google.Solutions.Compute Verbose: 0 : SshRelayStream [TX: 2 TXA: 0 RX: 2 AQ: 2]: Disonnected.
Google.Solutions.Compute Verbose: 0 : SshRelayStream [TX: 2 TXA: 0 RX: 2 AQ: 2]: Disonnected.
Google.Solutions.Compute Verbose: 0 : SshRelayStream [TX: 2 TXA: 0 RX: 2 AQ: 2]: Disonnected.
Google.Solutions.Compute Verbose: 0 : SshRelayStream [TX: 2 TXA: 0 RX: 2 AQ: 2]: Disonnected.
Google.Solutions.Compute Verbose: 0 : SshRelayStream [TX: 2 TXA: 0 RX: 2 AQ: 2]: Disonnected.
Google.Solutions.Compute Verbose: 0 : SshRelayStream [TX: 2 TXA: 0 RX: 2 AQ: 2]: Disonnected.
Google.Solutions.Compute Verbose: 0 : SshRelayStream [TX: 2 TXA: 0 RX: 2 AQ: 2]: Disonnected.
Google.Solutions.Compute Verbose: 0 : SshRelayStream [TX: 2 TXA: 0 RX: 2 AQ: 2]: Disonnected.
Google.Solutions.Compute Verbose: 0 : SshRelayStream [TX: 2 TXA: 0 RX: 2 AQ: 2]: Disonnected.
Google.Solutions.Compute Verbose: 0 : SshRelayStream [TX: 2 TXA: 0 RX: 2 AQ: 2]: Disonnected.
Google.Solutions.Compute Verbose: 0 : SshRelayStream [TX: 2 TXA: 0 RX: 2 AQ: 2]: Disonnected.
Google.Solutions.Compute Verbose: 0 : SshRelayStream [TX: 2 TXA: 0 RX: 2 AQ: 2]: Disonnected.
Google.Solutions.Compute Verbose: 0 : SshRelayStream [TX: 2 TXA: 0 RX: 2 AQ: 2]: Disonnected.
Google.Solutions.Compute Verbose: 0 : SshRelayStream [TX: 2 TXA: 0 RX: 2 AQ: 2]: Disonnected.
Google.Solutions.Compute Verbose: 0 : SshRelayStream [TX: 2 TXA: 0 RX: 2 AQ: 2]: Disonnected.
Google.Solutions.Compute Verbose: 0 : SshRelayStream [TX: 2 TXA: 0 RX: 2 AQ: 2]: Disonnected.
Google.Solutions.Compute Verbose: 0 : SshRelayStream [TX: 2 TXA: 0 RX: 2 AQ: 2]: Disonnected.
Google.Solutions.Compute Verbose: 0 : SshRelayStream [TX: 2 TXA: 0 RX: 2 AQ: 2]: Disonnected.
Google.Solutions.Compute Verbose: 0 : SshRelayStream [TX: 2 TXA: 0 RX: 2 AQ: 2]: Disonnected.
Google.Solutions.Compute Verbose: 0 : SshRelayStream [TX: 2 TXA: 0 RX: 2 AQ: 2]: Disonnected.
Google.Solutions.Compute Verbose: 0 : SshRelayStream [TX: 2 TXA: 0 RX: 2 AQ: 2]: Disonnected.
Google.Solutions.Compute Verbose: 0 : SshRelayStream [TX: 2 TXA: 0 RX: 2 AQ: 2]: Disonnected.
Google.Solutions.Compute Verbose: 0 : SshRelayStream [TX: 2 TXA: 0 RX: 2 AQ: 2]: Disonnected.
Google.Solutions.Compute Verbose: 0 : SshRelayStream [TX: 2 TXA: 0 RX: 2 AQ: 2]: Disonnected.
Google.Solutions.Compute Verbose: 0 : SshRelayStream [TX: 2 TXA: 0 RX: 2 AQ: 2]: Disonnected.
Google.Solutions.Compute Verbose: 0 : SshRelayStream [TX: 2 TXA: 0 RX: 2 AQ: 2]: Disonnected.
Google.Solutions.Compute Verbose: 0 : SshRelayStream [TX: 2 TXA: 0 RX: 2 AQ: 2]: Disonnected.
Google.Solutions.Compute Verbose: 0 : SshRelayStream [TX: 2 TXA: 0 RX: 2 AQ: 2]: Disonnected.
Google.Solutions.Compute Verbose: 0 : SshRelayStream [TX: 2 TXA: 0 RX: 2 AQ: 2]: Disonnected.
Google.Solutions.Compute Verbose: 0 : SshRelayStream [TX: 2 TXA: 0 RX: 2 AQ: 2]: Disonnected.
Google.Solutions.Compute Verbose: 0 : SshRelayStream [TX: 2 TXA: 0 RX: 2 AQ: 2]: Disonnected.
Google.Solutions.Compute Verbose: 0 : SshRelayStream [TX: 2 TXA: 0 RX: 2 AQ: 2]: Disonnected.
Google.Solutions.Compute Verbose: 0 : SshRelayStream [TX: 2 TXA: 0 RX: 2 AQ: 2]: Disonnected.
Google.Solutions.Compute Verbose: 0 : SshRelayStream [TX: 2 TXA: 0 RX: 2 AQ: 2]: Disonnected.
Google.Solutions.Compute Verbose: 0 : SshRelayStream [TX: 2 TXA: 0 RX: 2 AQ: 2]: Disonnected.
Google.Solutions.Compute Verbose: 0 : SshRelayStream [TX: 2 TXA: 0 RX: 2 AQ: 2]: Disonnected.
Google.Solutions.Compute Verbose: 0 : SshRelayStream [TX: 2 TXA: 0 RX: 2 AQ: 2]: Disonnected.
Google.Solutions.Compute Verbose: 0 : SshRelayStream [TX: 2 TXA: 0 RX: 2 AQ: 2]: Disonnected.
Google.Solutions.Compute Verbose: 0 : SshRelayStream [TX: 2 TXA: 0 RX: 2 AQ: 2]: Disonnected.
Google.Solutions.Compute Verbose: 0 : SshRelayStream [TX: 2 TXA: 0 RX: 2 AQ: 2]: Disonnected.
Google.Solutions.Compute Verbose: 0 : SshRelayStream [TX: 2 TXA: 0 RX: 2 AQ: 2]: Disonnected.
Google.Solutions.Compute Verbose: 0 : SshRelayStream [TX: 2 TXA: 0 RX: 2 AQ: 2]: Disonnected.
Google.Solutions.Compute Verbose: 0 : SshRelayStream [TX: 2 TXA: 0 RX: 2 AQ: 2]: Disonnected.
Google.Solutions.Compute Verbose: 0 : SshRelayStream [TX: 2 TXA: 0 RX: 2 AQ: 2]: Disonnected.
Google.Solutions.Compute Verbose: 0 : SshRelayStream [TX: 2 TXA: 0 RX: 2 AQ: 2]: Disonnected.
Google.Solutions.Compute Verbose: 0 : SshRelayStream [TX: 2 TXA: 0 RX: 2 AQ: 2]: Disonnected.
Google.Solutions.Compute Verbose: 0 : SshRelayStream [TX: 2 TXA: 0 RX: 2 AQ: 2]: Disonnected.
Google.Solutions.Compute Verbose: 0 : SshRelayStream [TX: 2 TXA: 0 RX: 2 AQ: 2]: Disonnected.
Google.Solutions.Compute Verbose: 0 : SshRelayStream [TX: 2 TXA: 0 RX: 2 AQ: 2]: Disonnected.
Google.Solutions.Compute Verbose: 0 : SshRelayStream [TX: 2 TXA: 0 RX: 2 AQ: 2]: Disonnected.
Google.Solutions.Compute Verbose: 0 : SshRelayStream [TX: 2 TXA: 0 RX: 2 AQ: 2]: Disonnected.
Google.Solutions.Compute Verbose: 0 : SshRelayStream [TX: 2 TXA: 0 RX: 2 AQ: 2]: Disonnected.
Google.Solutions.Compute Verbose: 0 : SshRelayStream [TX: 2 TXA: 0 RX: 2 AQ: 2]: Disonnected.
Google.Solutions.Compute Verbose: 0 : SshRelayStream [TX: 2 TXA: 0 RX: 2 AQ: 2]: Disonnected.
Google.Solutions.Compute Verbose: 0 : SshRelayStream [TX: 2 TXA: 0 RX: 2 AQ: 2]: Disonnected.
Google.Solutions.Compute Verbose: 0 : SshRelayStream [TX: 2 TXA: 0 RX: 2 AQ: 2]: Reconnecting...
Google.Solutions.Compute Verbose: 0 : SshRelayStream [TX: 2 TXA: 0 RX: 2 AQ: 2]: Reconnecting...
Google.Solutions.Compute Verbose: 0 : SshRelayStream [TX: 2 TXA: 0 RX: 2 AQ: 2]: Reconnecting...
Google.Solutions.Compute Verbose: 0 : SshRelayStream [TX: 2 TXA: 0 RX: 2 AQ: 2]: Reconnecting...
Google.Solutions.Compute Verbose: 0 : SshRelayStream [TX: 2 TXA: 0 RX: 2 AQ: 2]: Reconnecting...
Google.Solutions.Compute Verbose: 0 : SshRelayStream [TX: 2 TXA: 0 RX: 2 AQ: 2]: Reconnecting...
Google.Solutions.Compute Verbose: 0 : SshRelayStream [TX: 2 TXA: 0 RX: 2 AQ: 2]: Reconnecting...
Google.Solutions.Compute Verbose: 0 : SshRelayStream [TX: 2 TXA: 0 RX: 2 AQ: 2]: Reconnecting...
Google.Solutions.Compute Verbose: 0 : SshRelayStream [TX: 2 TXA: 0 RX: 2 AQ: 2]: Reconnecting...
Google.Solutions.Compute Verbose: 0 : SshRelayStream [TX: 2 TXA: 0 RX: 2 AQ: 2]: Reconnecting...
Google.Solutions.Compute Verbose: 0 : SshRelayStream [TX: 2 TXA: 0 RX: 2 AQ: 2]: Reconnecting...
Google.Solutions.Compute Verbose: 0 : SshRelayStream [TX: 2 TXA: 0 RX: 2 AQ: 2]: Reconnecting...
Google.Solutions.Compute Verbose: 0 : SshRelayStream [TX: 2 TXA: 0 RX: 2 AQ: 2]: Reconnecting...
Google.Solutions.Compute Verbose: 0 : SshRelayStream [TX: 2 TXA: 0 RX: 2 AQ: 2]: Reconnecting...
Google.Solutions.Compute Verbose: 0 : SshRelayStream [TX: 2 TXA: 0 RX: 2 AQ: 2]: Reconnecting...
Google.Solutions.Compute Verbose: 0 : SshRelayStream [TX: 2 TXA: 0 RX: 2 AQ: 2]: Reconnecting...
Google.Solutions.Compute Verbose: 0 : SshRelayStream [TX: 2 TXA: 0 RX: 2 AQ: 2]: Reconnecting...
Google.Solutions.Compute Verbose: 0 : SshRelayStream [TX: 2 TXA: 0 RX: 2 AQ: 2]: Reconnecting...
Google.Solutions.Compute Verbose: 0 : SshRelayStream [TX: 2 TXA: 0 RX: 2 AQ: 2]: Reconnecting...
Google.Solutions.Compute Verbose: 0 : SshRelayStream [TX: 2 TXA: 0 RX: 2 AQ: 2]: Reconnecting...
Google.Solutions.Compute Verbose: 0 : SshRelayStream [TX: 2 TXA: 0 RX: 2 AQ: 2]: Reconnecting...
Google.Solutions.Compute Verbose: 0 : SshRelayStream [TX: 2 TXA: 0 RX: 2 AQ: 2]: Reconnecting...
Google.Solutions.Compute Verbose: 0 : SshRelayStream [TX: 2 TXA: 0 RX: 2 AQ: 2]: Reconnecting...
Google.Solutions.Compute Verbose: 0 : SshRelayStream [TX: 2 TXA: 0 RX: 2 AQ: 2]: Reconnecting...
Google.Solutions.Compute Verbose: 0 : SshRelayStream [TX: 2 TXA: 0 RX: 2 AQ: 2]: Reconnecting...
Google.Solutions.Compute Verbose: 0 : SshRelayStream [TX: 2 TXA: 0 RX: 2 AQ: 2]: Reconnecting...
Google.Solutions.Compute Verbose: 0 : SshRelayStream [TX: 2 TXA: 0 RX: 2 AQ: 2]: Reconnecting...
Google.Solutions.Compute Verbose: 0 : SshRelayStream [TX: 2 TXA: 0 RX: 2 AQ: 2]: Reconnecting...
Google.Solutions.Compute Verbose: 0 : SshRelayStream [TX: 2 TXA: 0 RX: 2 AQ: 2]: Reconnecting...
Google.Solutions.Compute Verbose: 0 : SshRelayStream [TX: 2 TXA: 0 RX: 2 AQ: 2]: Reconnecting...
Google.Solutions.Compute Verbose: 0 : SshRelayStream [TX: 2 TXA: 0 RX: 2 AQ: 2]: Reconnecting...
Google.Solutions.Compute Verbose: 0 : SshRelayStream [TX: 2 TXA: 0 RX: 2 AQ: 2]: Reconnecting...
Google.Solutions.Compute Verbose: 0 : SshRelayStream [TX: 2 TXA: 0 RX: 2 AQ: 2]: Reconnecting...
Google.Solutions.Compute Verbose: 0 : SshRelayStream [TX: 2 TXA: 0 RX: 2 AQ: 2]: Reconnecting...
Google.Solutions.Compute Verbose: 0 : SshRelayStream [TX: 2 TXA: 0 RX: 2 AQ: 2]: Reconnecting...
Google.Solutions.Compute Verbose: 0 : SshRelayStream [TX: 2 TXA: 0 RX: 2 AQ: 2]: Reconnecting...
Google.Solutions.Compute Verbose: 0 : SshRelayStream [TX: 2 TXA: 0 RX: 2 AQ: 2]: Reconnecting...
Google.Solutions.Compute Verbose: 0 : SshRelayStream [TX: 2 TXA: 0 RX: 2 AQ: 2]: Reconnecting...
Google.Solutions.Compute Verbose: 0 : SshRelayStream [TX: 2 TXA: 0 RX: 2 AQ: 2]: Reconnecting...
Google.Solutions.Compute Verbose: 0 : SshRelayStream [TX: 2 TXA: 0 RX: 2 AQ: 2]: Reconnecting...
Google.Solutions.Compute Verbose: 0 : SshRelayStream [TX: 2 TXA: 0 RX: 2 AQ: 2]: Reconnecting...
Google.Solutions.Compute Verbose: 0 : SshRelayStream [TX: 2 TXA: 0 RX: 2 AQ: 2]: Reconnecting...
Google.Solutions.Compute Verbose: 0 : SshRelayStream [TX: 2 TXA: 0 RX: 2 AQ: 2]: Reconnecting...
Google.Solutions.Compute Verbose: 0 : SshRelayStream [TX: 2 TXA: 0 RX: 2 AQ: 2]: Reconnecting...
Google.Solutions.Compute Verbose: 0 : SshRelayStream [TX: 2 TXA: 0 RX: 2 AQ: 2]: Reconnecting...
Google.Solutions.Compute Verbose: 0 : SshRelayStream [TX: 2 TXA: 0 RX: 2 AQ: 2]: Reconnecting...
Google.Solutions.Compute Verbose: 0 : SshRelayStream [TX: 2 TXA: 0 RX: 2 AQ: 2]: Reconnecting...
Google.Solutions.Compute Verbose: 0 : SshRelayStream [TX: 2 TXA: 0 RX: 2 AQ: 2]: Reconnecting...
Google.Solutions.Compute Verbose: 0 : SshRelayStream [TX: 2 TXA: 0 RX: 2 AQ: 2]: Reconnecting...
Google.Solutions.Compute Verbose: 0 : SshRelayStream [TX: 2 TXA: 0 RX: 2 AQ: 2]: Reconnecting...
Google.Solutions.Compute Verbose: 0 : SshRelayStream [TX: 2 TXA: 0 RX: 2 AQ: 2]: Reconnecting...
Google.Solutions.Compute Verbose: 0 : SshRelayStream [TX: 2 TXA: 0 RX: 2 AQ: 2]: Reconnecting...
Google.Solutions.Compute Verbose: 0 : SshRelayStream [TX: 2 TXA: 0 RX: 2 AQ: 2]: Reconnecting...
Google.Solutions.Compute Verbose: 0 : SshRelayStream [TX: 2 TXA: 0 RX: 2 AQ: 2]: Reconnecting...
Google.Solutions.Compute Verbose: 0 : SshRelayStream [TX: 2 TXA: 0 RX: 2 AQ: 2]: Reconnecting...
Google.Solutions.Compute Verbose: 0 : SshRelayStream [TX: 2 TXA: 0 RX: 2 AQ: 2]: Reconnecting...
Google.Solutions.Compute Verbose: 0 : SshRelayStream [TX: 2 TXA: 0 RX: 2 AQ: 2]: Reconnecting...
Google.Solutions.Compute Verbose: 0 : SshRelayStream [TX: 2 TXA: 0 RX: 2 AQ: 2]: Reconnecting...
Google.Solutions.Compute Verbose: 0 : SshRelayStream [TX: 2 TXA: 0 RX: 2 AQ: 2]: Reconnecting...
Google.Solutions.Compute Verbose: 0 : SshRelayStream [TX: 2 TXA: 0 RX: 2 AQ: 2]: Reconnecting...
Google.Solutions.Compute Verbose: 0 : SshRelayStream [TX: 2 TXA: 0 RX: 2 AQ: 2]: Reconnecting...
Google.Solutions.Compute Verbose: 0 : SshRelayStream [TX: 2 TXA: 0 RX: 2 AQ: 2]: Reconnecting...
Google.Solutions.Compute Verbose: 0 : SshRelayStream [TX: 2 TXA: 0 RX: 2 AQ: 2]: Reconnecting...
Google.Solutions.Compute Verbose: 0 : SshRelayStream [TX: 2 TXA: 0 RX: 2 AQ: 1]: Resending DATA #0...
Google.Solutions.Compute Verbose: 0 : SshRelayStream [TX: 2 TXA: 0 RX: 2 AQ: 1]: Resending DATA #0...
Google.Solutions.Compute Verbose: 0 : SshRelayStream [TX: 2 TXA: 0 RX: 2 AQ: 1]: Resending DATA #0...
Google.Solutions.Compute Verbose: 0 : SshRelayStream [TX: 2 TXA: 0 RX: 2 AQ: 1]: Resending DATA #0...
Google.Solutions.Compute Verbose: 0 : SshRelayStream [TX: 2 TXA: 0 RX: 2 AQ: 1]: Resending DATA #0...
Google.Solutions.Compute Verbose: 0 : SshRelayStream [TX: 2 TXA: 0 RX: 2 AQ: 1]: Resending DATA #0...
Google.Solutions.Compute Verbose: 0 : SshRelayStream [TX: 2 TXA: 0 RX: 2 AQ: 1]: Resending DATA #0...
Google.Solutions.Compute Verbose: 0 : SshRelayStream [TX: 2 TXA: 0 RX: 2 AQ: 1]: Resending DATA #0...
Google.Solutions.Compute Verbose: 0 : SshRelayStream [TX: 2 TXA: 0 RX: 2 AQ: 1]: Resending DATA #0...
Google.Solutions.Compute Verbose: 0 : SshRelayStream [TX: 2 TXA: 0 RX: 2 AQ: 1]: Resending DATA #0...
Google.Solutions.Compute Verbose: 0 : SshRelayStream [TX: 2 TXA: 0 RX: 2 AQ: 1]: Resending DATA #0...
Google.Solutions.Compute Verbose: 0 : SshRelayStream [TX: 2 TXA: 0 RX: 2 AQ: 1]: Resending DATA #0...
Google.Solutions.Compute Verbose: 0 : SshRelayStream [TX: 2 TXA: 0 RX: 2 AQ: 1]: Resending DATA #0...
Google.Solutions.Compute Verbose: 0 : SshRelayStream [TX: 2 TXA: 0 RX: 2 AQ: 1]: Resending DATA #0...
Google.Solutions.Compute Verbose: 0 : SshRelayStream [TX: 2 TXA: 0 RX: 2 AQ: 1]: Resending DATA #0...
Google.Solutions.Compute Verbose: 0 : SshRelayStream [TX: 2 TXA: 0 RX: 2 AQ: 1]: Resending DATA #0...
Google.Solutions.Compute Verbose: 0 : SshRelayStream [TX: 2 TXA: 0 RX: 2 AQ: 1]: Resending DATA #0...
Google.Solutions.Compute Verbose: 0 : SshRelayStream [TX: 2 TXA: 0 RX: 2 AQ: 1]: Resending DATA #0...
Google.Solutions.Compute Verbose: 0 : SshRelayStream [TX: 2 TXA: 0 RX: 2 AQ: 1]: Resending DATA #0...
Google.Solutions.Compute Verbose: 0 : SshRelayStream [TX: 2 TXA: 0 RX: 2 AQ: 1]: Resending DATA #0...
Google.Solutions.Compute Verbose: 0 : SshRelayStream [TX: 2 TXA: 0 RX: 2 AQ: 1]: Resending DATA #0...
Google.Solutions.Compute Verbose: 0 : SshRelayStream [TX: 2 TXA: 0 RX: 2 AQ: 1]: Resending DATA #0...
Google.Solutions.Compute Verbose: 0 : SshRelayStream [TX: 2 TXA: 0 RX: 2 AQ: 1]: Resending DATA #0...
Google.Solutions.Compute Verbose: 0 : SshRelayStream [TX: 2 TXA: 0 RX: 2 AQ: 1]: Resending DATA #0...
Google.Solutions.Compute Verbose: 0 : SshRelayStream [TX: 2 TXA: 0 RX: 2 AQ: 1]: Resending DATA #0...
Google.Solutions.Compute Verbose: 0 : SshRelayStream [TX: 2 TXA: 0 RX: 2 AQ: 1]: Resending DATA #0...
Google.Solutions.Compute Verbose: 0 : SshRelayStream [TX: 2 TXA: 0 RX: 2 AQ: 1]: Resending DATA #0...
Google.Solutions.Compute Verbose: 0 : SshRelayStream [TX: 2 TXA: 0 RX: 2 AQ: 1]: Resending DATA #0...
Google.Solutions.Compute Verbose: 0 : SshRelayStream [TX: 2 TXA: 0 RX: 2 AQ: 1]: Resending DATA #0...
Google.Solutions.Compute Verbose: 0 : SshRelayStream [TX: 2 TXA: 0 RX: 2 AQ: 1]: Resending DATA #0...
Google.Solutions.Compute Verbose: 0 : SshRelayStream [TX: 2 TXA: 0 RX: 2 AQ: 1]: Resending DATA #0...
Google.Solutions.Compute Verbose: 0 : SshRelayStream [TX: 2 TXA: 0 RX: 2 AQ: 1]: Resending DATA #0...
Google.Solutions.Compute Verbose: 0 : SshRelayStream [TX: 2 TXA: 0 RX: 2 AQ: 1]: Resending DATA #0...
Google.Solutions.Compute Verbose: 0 : SshRelayStream [TX: 2 TXA: 0 RX: 2 AQ: 1]: Resending DATA #0...
Google.Solutions.Compute Verbose: 0 : SshRelayStream [TX: 2 TXA: 0 RX: 2 AQ: 1]: Resending DATA #0...
Google.Solutions.Compute Verbose: 0 : SshRelayStream [TX: 2 TXA: 0 RX: 2 AQ: 1]: Resending DATA #0...
Google.Solutions.Compute Verbose: 0 : SshRelayStream [TX: 2 TXA: 0 RX: 2 AQ: 1]: Resending DATA #0...
Google.Solutions.Compute Verbose: 0 : SshRelayStream [TX: 2 TXA: 0 RX: 2 AQ: 1]: Resending DATA #0...
Google.Solutions.Compute Verbose: 0 : SshRelayStream [TX: 2 TXA: 0 RX: 2 AQ: 1]: Resending DATA #0...
Google.Solutions.Compute Verbose: 0 : SshRelayStream [TX: 2 TXA: 0 RX: 2 AQ: 1]: Resending DATA #0...
Google.Solutions.Compute Verbose: 0 : SshRelayStream [TX: 2 TXA: 0 RX: 2 AQ: 1]: Resending DATA #0...
Google.Solutions.Compute Verbose: 0 : SshRelayStream [TX: 2 TXA: 0 RX: 2 AQ: 1]: Resending DATA #0...
Google.Solutions.Compute Verbose: 0 : SshRelayStream [TX: 2 TXA: 0 RX: 2 AQ: 1]: Resending DATA #0...
Google.Solutions.Compute Verbose: 0 : SshRelayStream [TX: 2 TXA: 0 RX: 2 AQ: 1]: Resending DATA #0...
Google.Solutions.Compute Verbose: 0 : SshRelayStream [TX: 2 TXA: 0 RX: 2 AQ: 1]: Resending DATA #0...
Google.Solutions.Compute Verbose: 0 : SshRelayStream [TX: 2 TXA: 0 RX: 2 AQ: 1]: Resending DATA #0...
Google.Solutions.Compute Verbose: 0 : SshRelayStream [TX: 2 TXA: 0 RX: 2 AQ: 1]: Resending DATA #0...
Google.Solutions.Compute Verbose: 0 : SshRelayStream [TX: 2 TXA: 0 RX: 2 AQ: 1]: Resending DATA #0...
Google.Solutions.Compute Verbose: 0 : SshRelayStream [TX: 2 TXA: 0 RX: 2 AQ: 1]: Resending DATA #0...
Google.Solutions.Compute Verbose: 0 : SshRelayStream [TX: 2 TXA: 0 RX: 2 AQ: 1]: Resending DATA #0...
Google.Solutions.Compute Verbose: 0 : SshRelayStream [TX: 2 TXA: 0 RX: 2 AQ: 1]: Resending DATA #0...
Google.Solutions.Compute Verbose: 0 : SshRelayStream [TX: 2 TXA: 0 RX: 2 AQ: 1]: Resending DATA #0...
Google.Solutions.Compute Verbose: 0 : SshRelayStream [TX: 2 TXA: 0 RX: 2 AQ: 1]: Resending DATA #0...
Google.Solutions.Compute Verbose: 0 : SshRelayStream [TX: 2 TXA: 0 RX: 2 AQ: 1]: Resending DATA #0...
Google.Solutions.Compute Verbose: 0 : SshRelayStream [TX: 2 TXA: 0 RX: 2 AQ: 1]: Resending DATA #0...
Google.Solutions.Compute Verbose: 0 : SshRelayStream [TX: 2 TXA: 0 RX: 2 AQ: 1]: Resending DATA #0...
Google.Solutions.Compute Verbose: 0 : SshRelayStream [TX: 2 TXA: 0 RX: 2 AQ: 1]: Resending DATA #0...
Google.Solutions.Compute Verbose: 0 : SshRelayStream [TX: 2 TXA: 0 RX: 2 AQ: 1]: Resending DATA #0...
Google.Solutions.Compute Verbose: 0 : SshRelayStream [TX: 2 TXA: 0 RX: 2 AQ: 1]: Resending DATA #0...
Google.Solutions.Compute Verbose: 0 : SshRelayStream [TX: 2 TXA: 0 RX: 2 AQ: 1]: Resending DATA #0...
Google.Solutions.Compute Verbose: 0 : SshRelayStream [TX: 2 TXA: 0 RX: 2 AQ: 1]: Resending DATA #0...
Google.Solutions.Compute Verbose: 0 : SshRelayStream [TX: 2 TXA: 0 RX: 2 AQ: 1]: Resending DATA #0...
Google.Solutions.Compute Verbose: 0 : SshRelayStream [TX: 2 TXA: 0 RX: 2 AQ: 1]: Resending DATA #0...
Google.Solutions.Compute Verbose: 0 : SshRelayStream [TX: 2 TXA: 0 RX: 2 AQ: 0]: Resending DATA #1...
Google.Solutions.Compute Verbose: 0 : SshRelayStream [TX: 2 TXA: 0 RX: 2 AQ: 0]: Resending DATA #1...
Google.Solutions.Compute Verbose: 0 : SshRelayStream [TX: 2 TXA: 0 RX: 2 AQ: 0]: Resending DATA #1...
Google.Solutions.Compute Verbose: 0 : SshRelayStream [TX: 2 TXA: 0 RX: 2 AQ: 0]: Resending DATA #1...
Google.Solutions.Compute Verbose: 0 : SshRelayStream [TX: 2 TXA: 0 RX: 2 AQ: 0]: Resending DATA #1...
Google.Solutions.Compute Verbose: 0 : SshRelayStream [TX: 2 TXA: 0 RX: 2 AQ: 0]: Resending DATA #1...
Google.Solutions.Compute Verbose: 0 : SshRelayStream [TX: 2 TXA: 0 RX: 2 AQ: 0]: Resending DATA #1...
Google.Solutions.Compute Verbose: 0 : SshRelayStream [TX: 2 TXA: 0 RX: 2 AQ: 0]: Resending DATA #1...
Google.Solutions.Compute Verbose: 0 : SshRelayStream [TX: 2 TXA: 0 RX: 2 AQ: 0]: Resending DATA #1...
Google.Solutions.Compute Verbose: 0 : SshRelayStream [TX: 2 TXA: 0 RX: 2 AQ: 0]: Resending DATA #1...
Google.Solutions.Compute Verbose: 0 : SshRelayStream [TX: 2 TXA: 0 RX: 2 AQ: 0]: Resending DATA #1...
Google.Solutions.Compute Verbose: 0 : SshRelayStream [TX: 2 TXA: 0 RX: 2 AQ: 0]: Resending DATA #1...
Google.Solutions.Compute Verbose: 0 : SshRelayStream [TX: 2 TXA: 0 RX: 2 AQ: 0]: Resending DATA #1...
Google.Solutions.Compute Verbose: 0 : SshRelayStream [TX: 2 TXA: 0 RX: 2 AQ: 0]: Resending DATA #1...
Google.Solutions.Compute Verbose: 0 : SshRelayStream [TX: 2 TXA: 0 RX: 2 AQ: 0]: Resending DATA #1...
Google.Solutions.Compute Verbose: 0 : SshRelayStream [TX: 2 TXA: 0 RX: 2 AQ: 0]: Resending DATA #1...
Google.Solutions.Compute Verbose: 0 : SshRelayStream [TX: 2 TXA: 0 RX: 2 AQ: 0]: Resending DATA #1...
Google.Solutions.Compute Verbose: 0 : SshRelayStream [TX: 2 TXA: 0 RX: 2 AQ: 0]: Resending DATA #1...
Google.Solutions.Compute Verbose: 0 : SshRelayStream [TX: 2 TXA: 0 RX: 2 AQ: 0]: Resending DATA #1...
Google.Solutions.Compute Verbose: 0 : SshRelayStream [TX: 2 TXA: 0 RX: 2 AQ: 0]: Resending DATA #1...
Google.Solutions.Compute Verbose: 0 : SshRelayStream [TX: 2 TXA: 0 RX: 2 AQ: 0]: Resending DATA #1...
Google.Solutions.Compute Verbose: 0 : SshRelayStream [TX: 2 TXA: 0 RX: 2 AQ: 0]: Resending DATA #1...
Google.Solutions.Compute Verbose: 0 : SshRelayStream [TX: 2 TXA: 0 RX: 2 AQ: 0]: Resending DATA #1...
Google.Solutions.Compute Verbose: 0 : SshRelayStream [TX: 2 TXA: 0 RX: 2 AQ: 0]: Resending DATA #1...
Google.Solutions.Compute Verbose: 0 : SshRelayStream [TX: 2 TXA: 0 RX: 2 AQ: 0]: Resending DATA #1...
Google.Solutions.Compute Verbose: 0 : SshRelayStream [TX: 2 TXA: 0 RX: 2 AQ: 0]: Resending DATA #1...
Google.Solutions.Compute Verbose: 0 : SshRelayStream [TX: 2 TXA: 0 RX: 2 AQ: 0]: Resending DATA #1...
Google.Solutions.Compute Verbose: 0 : SshRelayStream [TX: 2 TXA: 0 RX: 2 AQ: 0]: Resending DATA #1...
Google.Solutions.Compute Verbose: 0 : SshRelayStream [TX: 2 TXA: 0 RX: 2 AQ: 0]: Resending DATA #1...
Google.Solutions.Compute Verbose: 0 : SshRelayStream [TX: 2 TXA: 0 RX: 2 AQ: 0]: Resending DATA #1...
Google.Solutions.Compute Verbose: 0 : SshRelayStream [TX: 2 TXA: 0 RX: 2 AQ: 0]: Resending DATA #1...
Google.Solutions.Compute Verbose: 0 : SshRelayStream [TX: 2 TXA: 0 RX: 2 AQ: 0]: Resending DATA #1...
Google.Solutions.Compute Verbose: 0 : SshRelayStream [TX: 2 TXA: 0 RX: 2 AQ: 0]: Resending DATA #1...
Google.Solutions.Compute Verbose: 0 : SshRelayStream [TX: 2 TXA: 0 RX: 2 AQ: 0]: Resending DATA #1...
Google.Solutions.Compute Verbose: 0 : SshRelayStream [TX: 2 TXA: 0 RX: 2 AQ: 0]: Resending DATA #1...
Google.Solutions.Compute Verbose: 0 : SshRelayStream [TX: 2 TXA: 0 RX: 2 AQ: 0]: Resending DATA #1...
Google.Solutions.Compute Verbose: 0 : SshRelayStream [TX: 2 TXA: 0 RX: 2 AQ: 0]: Resending DATA #1...
Google.Solutions.Compute Verbose: 0 : SshRelayStream [TX: 2 TXA: 0 RX: 2 AQ: 0]: Resending DATA #1...
Google.Solutions.Compute Verbose: 0 : SshRelayStream [TX: 2 TXA: 0 RX: 2 AQ: 0]: Resending DATA #1...
Google.Solutions.Compute Verbose: 0 : SshRelayStream [TX: 2 TXA: 0 RX: 2 AQ: 0]: Resending DATA #1...
Google.Solutions.Compute Verbose: 0 : SshRelayStream [TX: 2 TXA: 0 RX: 2 AQ: 0]: Resending DATA #1...
Google.Solutions.Compute Verbose: 0 : SshRelayStream [TX: 2 TXA: 0 RX: 2 AQ: 0]: Resending DATA #1...
Google.Solutions.Compute Verbose: 0 : SshRelayStream [TX: 2 TXA: 0 RX: 2 AQ: 0]: Resending DATA #1...
Google.Solutions.Compute Verbose: 0 : SshRelayStream [TX: 2 TXA: 0 RX: 2 AQ: 0]: Resending DATA #1...
Google.Solutions.Compute Verbose: 0 : SshRelayStream [TX: 2 TXA: 0 RX: 2 AQ: 0]: Resending DATA #1...
Google.Solutions.Compute Verbose: 0 : SshRelayStream [TX: 2 TXA: 0 RX: 2 AQ: 0]: Resending DATA #1...
Google.Solutions.Compute Verbose: 0 : SshRelayStream [TX: 2 TXA: 0 RX: 2 AQ: 0]: Resending DATA #1...
Google.Solutions.Compute Verbose: 0 : SshRelayStream [TX: 2 TXA: 0 RX: 2 AQ: 0]: Resending DATA #1...
Google.Solutions.Compute Verbose: 0 : SshRelayStream [TX: 2 TXA: 0 RX: 2 AQ: 0]: Resending DATA #1...
Google.Solutions.Compute Verbose: 0 : SshRelayStream [TX: 2 TXA: 0 RX: 2 AQ: 0]: Resending DATA #1...
Google.Solutions.Compute Verbose: 0 : SshRelayStream [TX: 2 TXA: 0 RX: 2 AQ: 0]: Resending DATA #1...
Google.Solutions.Compute Verbose: 0 : SshRelayStream [TX: 2 TXA: 0 RX: 2 AQ: 0]: Resending DATA #1...
Google.Solutions.Compute Verbose: 0 : SshRelayStream [TX: 2 TXA: 0 RX: 2 AQ: 0]: Resending DATA #1...
Google.Solutions.Compute Verbose: 0 : SshRelayStream [TX: 2 TXA: 0 RX: 2 AQ: 0]: Resending DATA #1...
Google.Solutions.Compute Verbose: 0 : SshRelayStream [TX: 2 TXA: 0 RX: 2 AQ: 0]: Resending DATA #1...
Google.Solutions.Compute Verbose: 0 : SshRelayStream [TX: 2 TXA: 0 RX: 2 AQ: 0]: Resending DATA #1...
Google.Solutions.Compute Verbose: 0 : SshRelayStream [TX: 2 TXA: 0 RX: 2 AQ: 0]: Resending DATA #1...
Google.Solutions.Compute Verbose: 0 : SshRelayStream [TX: 2 TXA: 0 RX: 2 AQ: 0]: Resending DATA #1...
Google.Solutions.Compute Verbose: 0 : SshRelayStream [TX: 2 TXA: 0 RX: 2 AQ: 0]: Resending DATA #1...
Google.Solutions.Compute Verbose: 0 : SshRelayStream [TX: 2 TXA: 0 RX: 2 AQ: 0]: Resending DATA #1...
Google.Solutions.Compute Verbose: 0 : SshRelayStream [TX: 2 TXA: 0 RX: 2 AQ: 0]: Resending DATA #1...
Google.Solutions.Compute Verbose: 0 : SshRelayStream [TX: 2 TXA: 0 RX: 2 AQ: 0]: Resending DATA #1...
Google.Solutions.Compute Verbose: 0 : SshRelayStream [TX: 2 TXA: 0 RX: 2 AQ: 0]: Resending DATA #1...
Google.Solutions.Compute Verbose: 0 : SshRelayStream [TX: 2 TXA: 0 RX: 2 AQ: 0]: Sending DATA #2...
Google.Solutions.Compute Verbose: 0 : SshRelayStream [TX: 2 TXA: 0 RX: 2 AQ: 0]: Sending DATA #2...
Google.Solutions.Compute Verbose: 0 : SshRelayStream [TX: 2 TXA: 0 RX: 2 AQ: 0]: Sending DATA #2...
Google.Solutions.Compute Verbose: 0 : SshRelayStream [TX: 2 TXA: 0 RX: 2 AQ: 0]: Sending DATA #2...
Google.Solutions.Compute Verbose: 0 : SshRelayStream [TX: 2 TXA: 0 RX: 2 AQ: 0]: Sending DATA #2...
Google.Solutions.Compute Verbose: 0 : SshRelayStream [TX: 2 TXA: 0 RX: 2 AQ: 0]: Sending DATA #2...
Google.Solutions.Compute Verbose: 0 : SshRelayStream [TX: 2 TXA: 0 RX: 2 AQ: 0]: Sending DATA #2...
Google.Solutions.Compute Verbose: 0 : SshRelayStream [TX: 2 TXA: 0 RX: 2 AQ: 0]: Sending DATA #2...
Google.Solutions.Compute Verbose: 0 : SshRelayStream [TX: 2 TXA: 0 RX: 2 AQ: 0]: Sending DATA #2...
Google.Solutions.Compute Verbose: 0 : SshRelayStream [TX: 2 TXA: 0 RX: 2 AQ: 0]: Sending DATA #2...
Google.Solutions.Compute Verbose: 0 : SshRelayStream [TX: 2 TXA: 0 RX: 2 AQ: 0]: Sending DATA #2...
Google.Solutions.Compute Verbose: 0 : SshRelayStream [TX: 2 TXA: 0 RX: 2 AQ: 0]: Sending DATA #2...
Google.Solutions.Compute Verbose: 0 : SshRelayStream [TX: 2 TXA: 0 RX: 2 AQ: 0]: Sending DATA #2...
Google.Solutions.Compute Verbose: 0 : SshRelayStream [TX: 2 TXA: 0 RX: 2 AQ: 0]: Sending DATA #2...
Google.Solutions.Compute Verbose: 0 : SshRelayStream [TX: 2 TXA: 0 RX: 2 AQ: 0]: Sending DATA #2...
Google.Solutions.Compute Verbose: 0 : SshRelayStream [TX: 2 TXA: 0 RX: 2 AQ: 0]: Sending DATA #2...
Google.Solutions.Compute Verbose: 0 : SshRelayStream [TX: 2 TXA: 0 RX: 2 AQ: 0]: Sending DATA #2...
Google.Solutions.Compute Verbose: 0 : SshRelayStream [TX: 2 TXA: 0 RX: 2 AQ: 0]: Sending DATA #2...
Google.Solutions.Compute Verbose: 0 : SshRelayStream [TX: 2 TXA: 0 RX: 2 AQ: 0]: Sending DATA #2...
Google.Solutions.Compute Verbose: 0 : SshRelayStream [TX: 2 TXA: 0 RX: 2 AQ: 0]: Sending DATA #2...
Google.Solutions.Compute Verbose: 0 : SshRelayStream [TX: 2 TXA: 0 RX: 2 AQ: 0]: Sending DATA #2...
Google.Solutions.Compute Verbose: 0 : SshRelayStream [TX: 2 TXA: 0 RX: 2 AQ: 0]: Sending DATA #2...
Google.Solutions.Compute Verbose: 0 : SshRelayStream [TX: 2 TXA: 0 RX: 2 AQ: 0]: Sending DATA #2...
Google.Solutions.Compute Verbose: 0 : SshRelayStream [TX: 2 TXA: 0 RX: 2 AQ: 0]: Sending DATA #2...
Google.Solutions.Compute Verbose: 0 : SshRelayStream [TX: 2 TXA: 0 RX: 2 AQ: 0]: Sending DATA #2...
Google.Solutions.Compute Verbose: 0 : SshRelayStream [TX: 2 TXA: 0 RX: 2 AQ: 0]: Sending DATA #2...
Google.Solutions.Compute Verbose: 0 : SshRelayStream [TX: 2 TXA: 0 RX: 2 AQ: 0]: Sending DATA #2...
Google.Solutions.Compute Verbose: 0 : SshRelayStream [TX: 2 TXA: 0 RX: 2 AQ: 0]: Sending DATA #2...
Google.Solutions.Compute Verbose: 0 : SshRelayStream [TX: 2 TXA: 0 RX: 2 AQ: 0]: Sending DATA #2...
Google.Solutions.Compute Verbose: 0 : SshRelayStream [TX: 2 TXA: 0 RX: 2 AQ: 0]: Sending DATA #2...
Google.Solutions.Compute Verbose: 0 : SshRelayStream [TX: 2 TXA: 0 RX: 2 AQ: 0]: Sending DATA #2...
Google.Solutions.Compute Verbose: 0 : SshRelayStream [TX: 2 TXA: 0 RX: 2 AQ: 0]: Sending DATA #2...
Google.Solutions.Compute Verbose: 0 : SshRelayStream [TX: 2 TXA: 0 RX: 2 AQ: 0]: Sending DATA #2...
Google.Solutions.Compute Verbose: 0 : SshRelayStream [TX: 2 TXA: 0 RX: 2 AQ: 0]: Sending DATA #2...
Google.Solutions.Compute Verbose: 0 : SshRelayStream [TX: 2 TXA: 0 RX: 2 AQ: 0]: Sending DATA #2...
Google.Solutions.Compute Verbose: 0 : SshRelayStream [TX: 2 TXA: 0 RX: 2 AQ: 0]: Sending DATA #2...
Google.Solutions.Compute Verbose: 0 : SshRelayStream [TX: 2 TXA: 0 RX: 2 AQ: 0]: Sending DATA #2...
Google.Solutions.Compute Verbose: 0 : SshRelayStream [TX: 2 TXA: 0 RX: 2 AQ: 0]: Sending DATA #2...
Google.Solutions.Compute Verbose: 0 : SshRelayStream [TX: 2 TXA: 0 RX: 2 AQ: 0]: Sending DATA #2...
Google.Solutions.Compute Verbose: 0 : SshRelayStream [TX: 2 TXA: 0 RX: 2 AQ: 0]: Sending DATA #2...
Google.Solutions.Compute Verbose: 0 : SshRelayStream [TX: 2 TXA: 0 RX: 2 AQ: 0]: Sending DATA #2...
Google.Solutions.Compute Verbose: 0 : SshRelayStream [TX: 2 TXA: 0 RX: 2 AQ: 0]: Sending DATA #2...
Google.Solutions.Compute Verbose: 0 : SshRelayStream [TX: 2 TXA: 0 RX: 2 AQ: 0]: Sending DATA #2...
Google.Solutions.Compute Verbose: 0 : SshRelayStream [TX: 2 TXA: 0 RX: 2 AQ: 0]: Sending DATA #2...
Google.Solutions.Compute Verbose: 0 : SshRelayStream [TX: 2 TXA: 0 RX: 2 AQ: 0]: Sending DATA #2...
Google.Solutions.Compute Verbose: 0 : SshRelayStream [TX: 2 TXA: 0 RX: 2 AQ: 0]: Sending DATA #2...
Google.Solutions.Compute Verbose: 0 : SshRelayStream [TX: 2 TXA: 0 RX: 2 AQ: 0]: Sending DATA #2...
Google.Solutions.Compute Verbose: 0 : SshRelayStream [TX: 2 TXA: 0 RX: 2 AQ: 0]: Sending DATA #2...
Google.Solutions.Compute Verbose: 0 : SshRelayStream [TX: 2 TXA: 0 RX: 2 AQ: 0]: Sending DATA #2...
Google.Solutions.Compute Verbose: 0 : SshRelayStream [TX: 2 TXA: 0 RX: 2 AQ: 0]: Sending DATA #2...
Google.Solutions.Compute Verbose: 0 : SshRelayStream [TX: 2 TXA: 0 RX: 2 AQ: 0]: Sending DATA #2...
Google.Solutions.Compute Verbose: 0 : SshRelayStream [TX: 2 TXA: 0 RX: 2 AQ: 0]: Sending DATA #2...
Google.Solutions.Compute Verbose: 0 : SshRelayStream [TX: 2 TXA: 0 RX: 2 AQ: 0]: Sending DATA #2...
Google.Solutions.Compute Verbose: 0 : SshRelayStream [TX: 2 TXA: 0 RX: 2 AQ: 0]: Sending DATA #2...
Google.Solutions.Compute Verbose: 0 : SshRelayStream [TX: 2 TXA: 0 RX: 2 AQ: 0]: Sending DATA #2...
Google.Solutions.Compute Verbose: 0 : SshRelayStream [TX: 2 TXA: 0 RX: 2 AQ: 0]: Sending DATA #2...
Google.Solutions.Compute Verbose: 0 : SshRelayStream [TX: 2 TXA: 0 RX: 2 AQ: 0]: Sending DATA #2...
Google.Solutions.Compute Verbose: 0 : SshRelayStream [TX: 2 TXA: 0 RX: 2 AQ: 0]: Sending DATA #2...
Google.Solutions.Compute Verbose: 0 : SshRelayStream [TX: 2 TXA: 0 RX: 2 AQ: 0]: Sending DATA #2...
Google.Solutions.Compute Verbose: 0 : SshRelayStream [TX: 2 TXA: 0 RX: 2 AQ: 0]: Sending DATA #2...
Google.Solutions.Compute Verbose: 0 : SshRelayStream [TX: 2 TXA: 0 RX: 2 AQ: 0]: Sending DATA #2...
Google.Solutions.Compute Verbose: 0 : SshRelayStream [TX: 2 TXA: 0 RX: 2 AQ: 0]: Sending DATA #2...
Google.Solutions.Compute Verbose: 0 : SshRelayStream [TX: 2 TXA: 0 RX: 2 AQ: 0]: Sending DATA #2...
</system-out></testcase><testcase name="WriteAfterForcefulServerCloseCausesReconnectAndDataBeingResentIfDataReadBefore(4001)" assertions="9" time="0.001722" status="Passed" classname="Google.Solutions.Compute.Test.Iap.TestSshRelayStreamWriting"><system-out>Google.Solutions.Compute Verbose: 0 : SshRelayStream [TX: 0 TXA: 0 RX: 0 AQ: 0]: Connecting...
Google.Solutions.Compute Verbose: 0 : SshRelayStream [TX: 0 TXA: 0 RX: 0 AQ: 0]: Connecting...
Google.Solutions.Compute Verbose: 0 : SshRelayStream [TX: 0 TXA: 0 RX: 0 AQ: 0]: Connecting...
Google.Solutions.Compute Verbose: 0 : SshRelayStream [TX: 0 TXA: 0 RX: 0 AQ: 0]: Connecting...
Google.Solutions.Compute Verbose: 0 : SshRelayStream [TX: 0 TXA: 0 RX: 0 AQ: 0]: Connecting...
Google.Solutions.Compute Verbose: 0 : SshRelayStream [TX: 0 TXA: 0 RX: 0 AQ: 0]: Connecting...
Google.Solutions.Compute Verbose: 0 : SshRelayStream [TX: 0 TXA: 0 RX: 0 AQ: 0]: Connecting...
Google.Solutions.Compute Verbose: 0 : SshRelayStream [TX: 0 TXA: 0 RX: 0 AQ: 0]: Connecting...
Google.Solutions.Compute Verbose: 0 : SshRelayStream [TX: 0 TXA: 0 RX: 0 AQ: 0]: Connecting...
Google.Solutions.Compute Verbose: 0 : SshRelayStream [TX: 0 TXA: 0 RX: 0 AQ: 0]: Connecting...
Google.Solutions.Compute Verbose: 0 : SshRelayStream [TX: 0 TXA: 0 RX: 0 AQ: 0]: Connecting...
Google.Solutions.Compute Verbose: 0 : SshRelayStream [TX: 0 TXA: 0 RX: 0 AQ: 0]: Connecting...
Google.Solutions.Compute Verbose: 0 : SshRelayStream [TX: 0 TXA: 0 RX: 0 AQ: 0]: Connecting...
Google.Solutions.Compute Verbose: 0 : SshRelayStream [TX: 0 TXA: 0 RX: 0 AQ: 0]: Connecting...
Google.Solutions.Compute Verbose: 0 : SshRelayStream [TX: 0 TXA: 0 RX: 0 AQ: 0]: Connecting...
Google.Solutions.Compute Verbose: 0 : SshRelayStream [TX: 0 TXA: 0 RX: 0 AQ: 0]: Connecting...
Google.Solutions.Compute Verbose: 0 : SshRelayStream [TX: 0 TXA: 0 RX: 0 AQ: 0]: Connecting...
Google.Solutions.Compute Verbose: 0 : SshRelayStream [TX: 0 TXA: 0 RX: 0 AQ: 0]: Connecting...
Google.Solutions.Compute Verbose: 0 : SshRelayStream [TX: 0 TXA: 0 RX: 0 AQ: 0]: Connecting...
Google.Solutions.Compute Verbose: 0 : SshRelayStream [TX: 0 TXA: 0 RX: 0 AQ: 0]: Connecting...
Google.Solutions.Compute Verbose: 0 : SshRelayStream [TX: 0 TXA: 0 RX: 0 AQ: 0]: Connecting...
Google.Solutions.Compute Verbose: 0 : SshRelayStream [TX: 0 TXA: 0 RX: 0 AQ: 0]: Connecting...
Google.Solutions.Compute Verbose: 0 : SshRelayStream [TX: 0 TXA: 0 RX: 0 AQ: 0]: Connecting...
Google.Solutions.Compute Verbose: 0 : SshRelayStream [TX: 0 TXA: 0 RX: 0 AQ: 0]: Connecting...
Google.Solutions.Compute Verbose: 0 : SshRelayStream [TX: 0 TXA: 0 RX: 0 AQ: 0]: Connecting...
Google.Solutions.Compute Verbose: 0 : SshRelayStream [TX: 0 TXA: 0 RX: 0 AQ: 0]: Connecting...
Google.Solutions.Compute Verbose: 0 : SshRelayStream [TX: 0 TXA: 0 RX: 0 AQ: 0]: Connecting...
Google.Solutions.Compute Verbose: 0 : SshRelayStream [TX: 0 TXA: 0 RX: 0 AQ: 0]: Connecting...
Google.Solutions.Compute Verbose: 0 : SshRelayStream [TX: 0 TXA: 0 RX: 0 AQ: 0]: Connecting...
Google.Solutions.Compute Verbose: 0 : SshRelayStream [TX: 0 TXA: 0 RX: 0 AQ: 0]: Connecting...
Google.Solutions.Compute Verbose: 0 : SshRelayStream [TX: 0 TXA: 0 RX: 0 AQ: 0]: Connecting...
Google.Solutions.Compute Verbose: 0 : SshRelayStream [TX: 0 TXA: 0 RX: 0 AQ: 0]: Connecting...
Google.Solutions.Compute Verbose: 0 : SshRelayStream [TX: 0 TXA: 0 RX: 0 AQ: 0]: Connecting...
Google.Solutions.Compute Verbose: 0 : SshRelayStream [TX: 0 TXA: 0 RX: 0 AQ: 0]: Connecting...
Google.Solutions.Compute Verbose: 0 : SshRelayStream [TX: 0 TXA: 0 RX: 0 AQ: 0]: Connecting...
Google.Solutions.Compute Verbose: 0 : SshRelayStream [TX: 0 TXA: 0 RX: 0 AQ: 0]: Connecting...
Google.Solutions.Compute Verbose: 0 : SshRelayStream [TX: 0 TXA: 0 RX: 0 AQ: 0]: Connecting...
Google.Solutions.Compute Verbose: 0 : SshRelayStream [TX: 0 TXA: 0 RX: 0 AQ: 0]: Connecting...
Google.Solutions.Compute Verbose: 0 : SshRelayStream [TX: 0 TXA: 0 RX: 0 AQ: 0]: Connecting...
Google.Solutions.Compute Verbose: 0 : SshRelayStream [TX: 0 TXA: 0 RX: 0 AQ: 0]: Connecting...
Google.Solutions.Compute Verbose: 0 : SshRelayStream [TX: 0 TXA: 0 RX: 0 AQ: 0]: Connecting...
Google.Solutions.Compute Verbose: 0 : SshRelayStream [TX: 0 TXA: 0 RX: 0 AQ: 0]: Connecting...
Google.Solutions.Compute Verbose: 0 : SshRelayStream [TX: 0 TXA: 0 RX: 0 AQ: 0]: Connecting...
Google.Solutions.Compute Verbose: 0 : SshRelayStream [TX: 0 TXA: 0 RX: 0 AQ: 0]: Connecting...
Google.Solutions.Compute Verbose: 0 : SshRelayStream [TX: 0 TXA: 0 RX: 0 AQ: 0]: Connecting...
Google.Solutions.Compute Verbose: 0 : SshRelayStream [TX: 0 TXA: 0 RX: 0 AQ: 0]: Connecting...
Google.Solutions.Compute Verbose: 0 : SshRelayStream [TX: 0 TXA: 0 RX: 0 AQ: 0]: Connecting...
Google.Solutions.Compute Verbose: 0 : SshRelayStream [TX: 0 TXA: 0 RX: 0 AQ: 0]: Connecting...
Google.Solutions.Compute Verbose: 0 : SshRelayStream [TX: 0 TXA: 0 RX: 0 AQ: 0]: Connecting...
Google.Solutions.Compute Verbose: 0 : SshRelayStream [TX: 0 TXA: 0 RX: 0 AQ: 0]: Connecting...
Google.Solutions.Compute Verbose: 0 : SshRelayStream [TX: 0 TXA: 0 RX: 0 AQ: 0]: Connecting...
Google.Solutions.Compute Verbose: 0 : SshRelayStream [TX: 0 TXA: 0 RX: 0 AQ: 0]: Connecting...
Google.Solutions.Compute Verbose: 0 : SshRelayStream [TX: 0 TXA: 0 RX: 0 AQ: 0]: Connecting...
Google.Solutions.Compute Verbose: 0 : SshRelayStream [TX: 0 TXA: 0 RX: 0 AQ: 0]: Connecting...
Google.Solutions.Compute Verbose: 0 : SshRelayStream [TX: 0 TXA: 0 RX: 0 AQ: 0]: Connecting...
Google.Solutions.Compute Verbose: 0 : SshRelayStream [TX: 0 TXA: 0 RX: 0 AQ: 0]: Connecting...
Google.Solutions.Compute Verbose: 0 : SshRelayStream [TX: 0 TXA: 0 RX: 0 AQ: 0]: Connecting...
Google.Solutions.Compute Verbose: 0 : SshRelayStream [TX: 0 TXA: 0 RX: 0 AQ: 0]: Connecting...
Google.Solutions.Compute Verbose: 0 : SshRelayStream [TX: 0 TXA: 0 RX: 0 AQ: 0]: Connecting...
Google.Solutions.Compute Verbose: 0 : SshRelayStream [TX: 0 TXA: 0 RX: 0 AQ: 0]: Connecting...
Google.Solutions.Compute Verbose: 0 : SshRelayStream [TX: 0 TXA: 0 RX: 0 AQ: 0]: Connecting...
Google.Solutions.Compute Verbose: 0 : SshRelayStream [TX: 0 TXA: 0 RX: 0 AQ: 0]: Connecting...
Google.Solutions.Compute Verbose: 0 : SshRelayStream [TX: 0 TXA: 0 RX: 0 AQ: 0]: Connecting...
Google.Solutions.Compute Verbose: 0 : SshRelayStream [TX: 0 TXA: 0 RX: 0 AQ: 0]: Connecting...
Google.Solutions.Compute Verbose: 0 : SshRelayStream [TX: 0 TXA: 0 RX: 0 AQ: 0]: Sending DATA #0...
Google.Solutions.Compute Verbose: 0 : SshRelayStream [TX: 0 TXA: 0 RX: 0 AQ: 0]: Sending DATA #0...
Google.Solutions.Compute Verbose: 0 : SshRelayStream [TX: 0 TXA: 0 RX: 0 AQ: 0]: Sending DATA #0...
Google.Solutions.Compute Verbose: 0 : SshRelayStream [TX: 0 TXA: 0 RX: 0 AQ: 0]: Sending DATA #0...
Google.Solutions.Compute Verbose: 0 : SshRelayStream [TX: 0 TXA: 0 RX: 0 AQ: 0]: Sending DATA #0...
Google.Solutions.Compute Verbose: 0 : SshRelayStream [TX: 0 TXA: 0 RX: 0 AQ: 0]: Sending DATA #0...
Google.Solutions.Compute Verbose: 0 : SshRelayStream [TX: 0 TXA: 0 RX: 0 AQ: 0]: Sending DATA #0...
Google.Solutions.Compute Verbose: 0 : SshRelayStream [TX: 0 TXA: 0 RX: 0 AQ: 0]: Sending DATA #0...
Google.Solutions.Compute Verbose: 0 : SshRelayStream [TX: 0 TXA: 0 RX: 0 AQ: 0]: Sending DATA #0...
Google.Solutions.Compute Verbose: 0 : SshRelayStream [TX: 0 TXA: 0 RX: 0 AQ: 0]: Sending DATA #0...
Google.Solutions.Compute Verbose: 0 : SshRelayStream [TX: 0 TXA: 0 RX: 0 AQ: 0]: Sending DATA #0...
Google.Solutions.Compute Verbose: 0 : SshRelayStream [TX: 0 TXA: 0 RX: 0 AQ: 0]: Sending DATA #0...
Google.Solutions.Compute Verbose: 0 : SshRelayStream [TX: 0 TXA: 0 RX: 0 AQ: 0]: Sending DATA #0...
Google.Solutions.Compute Verbose: 0 : SshRelayStream [TX: 0 TXA: 0 RX: 0 AQ: 0]: Sending DATA #0...
Google.Solutions.Compute Verbose: 0 : SshRelayStream [TX: 0 TXA: 0 RX: 0 AQ: 0]: Sending DATA #0...
Google.Solutions.Compute Verbose: 0 : SshRelayStream [TX: 0 TXA: 0 RX: 0 AQ: 0]: Sending DATA #0...
Google.Solutions.Compute Verbose: 0 : SshRelayStream [TX: 0 TXA: 0 RX: 0 AQ: 0]: Sending DATA #0...
Google.Solutions.Compute Verbose: 0 : SshRelayStream [TX: 0 TXA: 0 RX: 0 AQ: 0]: Sending DATA #0...
Google.Solutions.Compute Verbose: 0 : SshRelayStream [TX: 0 TXA: 0 RX: 0 AQ: 0]: Sending DATA #0...
Google.Solutions.Compute Verbose: 0 : SshRelayStream [TX: 0 TXA: 0 RX: 0 AQ: 0]: Sending DATA #0...
Google.Solutions.Compute Verbose: 0 : SshRelayStream [TX: 0 TXA: 0 RX: 0 AQ: 0]: Sending DATA #0...
Google.Solutions.Compute Verbose: 0 : SshRelayStream [TX: 0 TXA: 0 RX: 0 AQ: 0]: Sending DATA #0...
Google.Solutions.Compute Verbose: 0 : SshRelayStream [TX: 0 TXA: 0 RX: 0 AQ: 0]: Sending DATA #0...
Google.Solutions.Compute Verbose: 0 : SshRelayStream [TX: 0 TXA: 0 RX: 0 AQ: 0]: Sending DATA #0...
Google.Solutions.Compute Verbose: 0 : SshRelayStream [TX: 0 TXA: 0 RX: 0 AQ: 0]: Sending DATA #0...
Google.Solutions.Compute Verbose: 0 : SshRelayStream [TX: 0 TXA: 0 RX: 0 AQ: 0]: Sending DATA #0...
Google.Solutions.Compute Verbose: 0 : SshRelayStream [TX: 0 TXA: 0 RX: 0 AQ: 0]: Sending DATA #0...
Google.Solutions.Compute Verbose: 0 : SshRelayStream [TX: 0 TXA: 0 RX: 0 AQ: 0]: Sending DATA #0...
Google.Solutions.Compute Verbose: 0 : SshRelayStream [TX: 0 TXA: 0 RX: 0 AQ: 0]: Sending DATA #0...
Google.Solutions.Compute Verbose: 0 : SshRelayStream [TX: 0 TXA: 0 RX: 0 AQ: 0]: Sending DATA #0...
Google.Solutions.Compute Verbose: 0 : SshRelayStream [TX: 0 TXA: 0 RX: 0 AQ: 0]: Sending DATA #0...
Google.Solutions.Compute Verbose: 0 : SshRelayStream [TX: 0 TXA: 0 RX: 0 AQ: 0]: Sending DATA #0...
Google.Solutions.Compute Verbose: 0 : SshRelayStream [TX: 0 TXA: 0 RX: 0 AQ: 0]: Sending DATA #0...
Google.Solutions.Compute Verbose: 0 : SshRelayStream [TX: 0 TXA: 0 RX: 0 AQ: 0]: Sending DATA #0...
Google.Solutions.Compute Verbose: 0 : SshRelayStream [TX: 0 TXA: 0 RX: 0 AQ: 0]: Sending DATA #0...
Google.Solutions.Compute Verbose: 0 : SshRelayStream [TX: 0 TXA: 0 RX: 0 AQ: 0]: Sending DATA #0...
Google.Solutions.Compute Verbose: 0 : SshRelayStream [TX: 0 TXA: 0 RX: 0 AQ: 0]: Sending DATA #0...
Google.Solutions.Compute Verbose: 0 : SshRelayStream [TX: 0 TXA: 0 RX: 0 AQ: 0]: Sending DATA #0...
Google.Solutions.Compute Verbose: 0 : SshRelayStream [TX: 0 TXA: 0 RX: 0 AQ: 0]: Sending DATA #0...
Google.Solutions.Compute Verbose: 0 : SshRelayStream [TX: 0 TXA: 0 RX: 0 AQ: 0]: Sending DATA #0...
Google.Solutions.Compute Verbose: 0 : SshRelayStream [TX: 0 TXA: 0 RX: 0 AQ: 0]: Sending DATA #0...
Google.Solutions.Compute Verbose: 0 : SshRelayStream [TX: 0 TXA: 0 RX: 0 AQ: 0]: Sending DATA #0...
Google.Solutions.Compute Verbose: 0 : SshRelayStream [TX: 0 TXA: 0 RX: 0 AQ: 0]: Sending DATA #0...
Google.Solutions.Compute Verbose: 0 : SshRelayStream [TX: 0 TXA: 0 RX: 0 AQ: 0]: Sending DATA #0...
Google.Solutions.Compute Verbose: 0 : SshRelayStream [TX: 0 TXA: 0 RX: 0 AQ: 0]: Sending DATA #0...
Google.Solutions.Compute Verbose: 0 : SshRelayStream [TX: 0 TXA: 0 RX: 0 AQ: 0]: Sending DATA #0...
Google.Solutions.Compute Verbose: 0 : SshRelayStream [TX: 0 TXA: 0 RX: 0 AQ: 0]: Sending DATA #0...
Google.Solutions.Compute Verbose: 0 : SshRelayStream [TX: 0 TXA: 0 RX: 0 AQ: 0]: Sending DATA #0...
Google.Solutions.Compute Verbose: 0 : SshRelayStream [TX: 0 TXA: 0 RX: 0 AQ: 0]: Sending DATA #0...
Google.Solutions.Compute Verbose: 0 : SshRelayStream [TX: 0 TXA: 0 RX: 0 AQ: 0]: Sending DATA #0...
Google.Solutions.Compute Verbose: 0 : SshRelayStream [TX: 0 TXA: 0 RX: 0 AQ: 0]: Sending DATA #0...
Google.Solutions.Compute Verbose: 0 : SshRelayStream [TX: 0 TXA: 0 RX: 0 AQ: 0]: Sending DATA #0...
Google.Solutions.Compute Verbose: 0 : SshRelayStream [TX: 0 TXA: 0 RX: 0 AQ: 0]: Sending DATA #0...
Google.Solutions.Compute Verbose: 0 : SshRelayStream [TX: 0 TXA: 0 RX: 0 AQ: 0]: Sending DATA #0...
Google.Solutions.Compute Verbose: 0 : SshRelayStream [TX: 0 TXA: 0 RX: 0 AQ: 0]: Sending DATA #0...
Google.Solutions.Compute Verbose: 0 : SshRelayStream [TX: 0 TXA: 0 RX: 0 AQ: 0]: Sending DATA #0...
Google.Solutions.Compute Verbose: 0 : SshRelayStream [TX: 0 TXA: 0 RX: 0 AQ: 0]: Sending DATA #0...
Google.Solutions.Compute Verbose: 0 : SshRelayStream [TX: 0 TXA: 0 RX: 0 AQ: 0]: Sending DATA #0...
Google.Solutions.Compute Verbose: 0 : SshRelayStream [TX: 0 TXA: 0 RX: 0 AQ: 0]: Sending DATA #0...
Google.Solutions.Compute Verbose: 0 : SshRelayStream [TX: 0 TXA: 0 RX: 0 AQ: 0]: Sending DATA #0...
Google.Solutions.Compute Verbose: 0 : SshRelayStream [TX: 0 TXA: 0 RX: 0 AQ: 0]: Sending DATA #0...
Google.Solutions.Compute Verbose: 0 : SshRelayStream [TX: 0 TXA: 0 RX: 0 AQ: 0]: Sending DATA #0...
Google.Solutions.Compute Verbose: 0 : SshRelayStream [TX: 0 TXA: 0 RX: 0 AQ: 0]: Sending DATA #0...
Google.Solutions.Compute Verbose: 0 : SshRelayStream [TX: 0 TXA: 0 RX: 0 AQ: 0]: Sending DATA #0...
Google.Solutions.Compute Verbose: 0 : SshRelayStream [TX: 1 TXA: 0 RX: 0 AQ: 1]: Connected session &lt;\u0000&gt;
Google.Solutions.Compute Verbose: 0 : SshRelayStream [TX: 1 TXA: 0 RX: 0 AQ: 1]: Connected session &lt;\u0000&gt;
Google.Solutions.Compute Verbose: 0 : SshRelayStream [TX: 1 TXA: 0 RX: 0 AQ: 1]: Connected session &lt;\u0000&gt;
Google.Solutions.Compute Verbose: 0 : SshRelayStream [TX: 1 TXA: 0 RX: 0 AQ: 1]: Connected session &lt;\u0000&gt;
Google.Solutions.Compute Verbose: 0 : SshRelayStream [TX: 1 TXA: 0 RX: 0 AQ: 1]: Connected session &lt;\u0000&gt;
Google.Solutions.Compute Verbose: 0 : SshRelayStream [TX: 1 TXA: 0 RX: 0 AQ: 1]: Connected session &lt;\u0000&gt;
Google.Solutions.Compute Verbose: 0 : SshRelayStream [TX: 1 TXA: 0 RX: 0 AQ: 1]: Connected session &lt;\u0000&gt;
Google.Solutions.Compute Verbose: 0 : SshRelayStream [TX: 1 TXA: 0 RX: 0 AQ: 1]: Connected session &lt;\u0000&gt;
Google.Solutions.Compute Verbose: 0 : SshRelayStream [TX: 1 TXA: 0 RX: 0 AQ: 1]: Connected session &lt;\u0000&gt;
Google.Solutions.Compute Verbose: 0 : SshRelayStream [TX: 1 TXA: 0 RX: 0 AQ: 1]: Connected session &lt;\u0000&gt;
Google.Solutions.Compute Verbose: 0 : SshRelayStream [TX: 1 TXA: 0 RX: 0 AQ: 1]: Connected session &lt;\u0000&gt;
Google.Solutions.Compute Verbose: 0 : SshRelayStream [TX: 1 TXA: 0 RX: 0 AQ: 1]: Connected session &lt;\u0000&gt;
Google.Solutions.Compute Verbose: 0 : SshRelayStream [TX: 1 TXA: 0 RX: 0 AQ: 1]: Connected session &lt;\u0000&gt;
Google.Solutions.Compute Verbose: 0 : SshRelayStream [TX: 1 TXA: 0 RX: 0 AQ: 1]: Connected session &lt;\u0000&gt;
Google.Solutions.Compute Verbose: 0 : SshRelayStream [TX: 1 TXA: 0 RX: 0 AQ: 1]: Connected session &lt;\u0000&gt;
Google.Solutions.Compute Verbose: 0 : SshRelayStream [TX: 1 TXA: 0 RX: 0 AQ: 1]: Connected session &lt;\u0000&gt;
Google.Solutions.Compute Verbose: 0 : SshRelayStream [TX: 1 TXA: 0 RX: 0 AQ: 1]: Connected session &lt;\u0000&gt;
Google.Solutions.Compute Verbose: 0 : SshRelayStream [TX: 1 TXA: 0 RX: 0 AQ: 1]: Connected session &lt;\u0000&gt;
Google.Solutions.Compute Verbose: 0 : SshRelayStream [TX: 1 TXA: 0 RX: 0 AQ: 1]: Connected session &lt;\u0000&gt;
Google.Solutions.Compute Verbose: 0 : SshRelayStream [TX: 1 TXA: 0 RX: 0 AQ: 1]: Connected session &lt;\u0000&gt;
Google.Solutions.Compute Verbose: 0 : SshRelayStream [TX: 1 TXA: 0 RX: 0 AQ: 1]: Connected session &lt;\u0000&gt;
Google.Solutions.Compute Verbose: 0 : SshRelayStream [TX: 1 TXA: 0 RX: 0 AQ: 1]: Connected session &lt;\u0000&gt;
Google.Solutions.Compute Verbose: 0 : SshRelayStream [TX: 1 TXA: 0 RX: 0 AQ: 1]: Connected session &lt;\u0000&gt;
Google.Solutions.Compute Verbose: 0 : SshRelayStream [TX: 1 TXA: 0 RX: 0 AQ: 1]: Connected session &lt;\u0000&gt;
Google.Solutions.Compute Verbose: 0 : SshRelayStream [TX: 1 TXA: 0 RX: 0 AQ: 1]: Connected session &lt;\u0000&gt;
Google.Solutions.Compute Verbose: 0 : SshRelayStream [TX: 1 TXA: 0 RX: 0 AQ: 1]: Connected session &lt;\u0000&gt;
Google.Solutions.Compute Verbose: 0 : SshRelayStream [TX: 1 TXA: 0 RX: 0 AQ: 1]: Connected session &lt;\u0000&gt;
Google.Solutions.Compute Verbose: 0 : SshRelayStream [TX: 1 TXA: 0 RX: 0 AQ: 1]: Connected session &lt;\u0000&gt;
Google.Solutions.Compute Verbose: 0 : SshRelayStream [TX: 1 TXA: 0 RX: 0 AQ: 1]: Connected session &lt;\u0000&gt;
Google.Solutions.Compute Verbose: 0 : SshRelayStream [TX: 1 TXA: 0 RX: 0 AQ: 1]: Connected session &lt;\u0000&gt;
Google.Solutions.Compute Verbose: 0 : SshRelayStream [TX: 1 TXA: 0 RX: 0 AQ: 1]: Connected session &lt;\u0000&gt;
Google.Solutions.Compute Verbose: 0 : SshRelayStream [TX: 1 TXA: 0 RX: 0 AQ: 1]: Connected session &lt;\u0000&gt;
Google.Solutions.Compute Verbose: 0 : SshRelayStream [TX: 1 TXA: 0 RX: 0 AQ: 1]: Connected session &lt;\u0000&gt;
Google.Solutions.Compute Verbose: 0 : SshRelayStream [TX: 1 TXA: 0 RX: 0 AQ: 1]: Connected session &lt;\u0000&gt;
Google.Solutions.Compute Verbose: 0 : SshRelayStream [TX: 1 TXA: 0 RX: 0 AQ: 1]: Connected session &lt;\u0000&gt;
Google.Solutions.Compute Verbose: 0 : SshRelayStream [TX: 1 TXA: 0 RX: 0 AQ: 1]: Connected session &lt;\u0000&gt;
Google.Solutions.Compute Verbose: 0 : SshRelayStream [TX: 1 TXA: 0 RX: 0 AQ: 1]: Connected session &lt;\u0000&gt;
Google.Solutions.Compute Verbose: 0 : SshRelayStream [TX: 1 TXA: 0 RX: 0 AQ: 1]: Connected session &lt;\u0000&gt;
Google.Solutions.Compute Verbose: 0 : SshRelayStream [TX: 1 TXA: 0 RX: 0 AQ: 1]: Connected session &lt;\u0000&gt;
Google.Solutions.Compute Verbose: 0 : SshRelayStream [TX: 1 TXA: 0 RX: 0 AQ: 1]: Connected session &lt;\u0000&gt;
Google.Solutions.Compute Verbose: 0 : SshRelayStream [TX: 1 TXA: 0 RX: 0 AQ: 1]: Connected session &lt;\u0000&gt;
Google.Solutions.Compute Verbose: 0 : SshRelayStream [TX: 1 TXA: 0 RX: 0 AQ: 1]: Connected session &lt;\u0000&gt;
Google.Solutions.Compute Verbose: 0 : SshRelayStream [TX: 1 TXA: 0 RX: 0 AQ: 1]: Connected session &lt;\u0000&gt;
Google.Solutions.Compute Verbose: 0 : SshRelayStream [TX: 1 TXA: 0 RX: 0 AQ: 1]: Connected session &lt;\u0000&gt;
Google.Solutions.Compute Verbose: 0 : SshRelayStream [TX: 1 TXA: 0 RX: 0 AQ: 1]: Connected session &lt;\u0000&gt;
Google.Solutions.Compute Verbose: 0 : SshRelayStream [TX: 1 TXA: 0 RX: 0 AQ: 1]: Connected session &lt;\u0000&gt;
Google.Solutions.Compute Verbose: 0 : SshRelayStream [TX: 1 TXA: 0 RX: 0 AQ: 1]: Connected session &lt;\u0000&gt;
Google.Solutions.Compute Verbose: 0 : SshRelayStream [TX: 1 TXA: 0 RX: 0 AQ: 1]: Connected session &lt;\u0000&gt;
Google.Solutions.Compute Verbose: 0 : SshRelayStream [TX: 1 TXA: 0 RX: 0 AQ: 1]: Connected session &lt;\u0000&gt;
Google.Solutions.Compute Verbose: 0 : SshRelayStream [TX: 1 TXA: 0 RX: 0 AQ: 1]: Connected session &lt;\u0000&gt;
Google.Solutions.Compute Verbose: 0 : SshRelayStream [TX: 1 TXA: 0 RX: 0 AQ: 1]: Connected session &lt;\u0000&gt;
Google.Solutions.Compute Verbose: 0 : SshRelayStream [TX: 1 TXA: 0 RX: 0 AQ: 1]: Connected session &lt;\u0000&gt;
Google.Solutions.Compute Verbose: 0 : SshRelayStream [TX: 1 TXA: 0 RX: 0 AQ: 1]: Connected session &lt;\u0000&gt;
Google.Solutions.Compute Verbose: 0 : SshRelayStream [TX: 1 TXA: 0 RX: 0 AQ: 1]: Connected session &lt;\u0000&gt;
Google.Solutions.Compute Verbose: 0 : SshRelayStream [TX: 1 TXA: 0 RX: 0 AQ: 1]: Connected session &lt;\u0000&gt;
Google.Solutions.Compute Verbose: 0 : SshRelayStream [TX: 1 TXA: 0 RX: 0 AQ: 1]: Connected session &lt;\u0000&gt;
Google.Solutions.Compute Verbose: 0 : SshRelayStream [TX: 1 TXA: 0 RX: 0 AQ: 1]: Connected session &lt;\u0000&gt;
Google.Solutions.Compute Verbose: 0 : SshRelayStream [TX: 1 TXA: 0 RX: 0 AQ: 1]: Connected session &lt;\u0000&gt;
Google.Solutions.Compute Verbose: 0 : SshRelayStream [TX: 1 TXA: 0 RX: 0 AQ: 1]: Connected session &lt;\u0000&gt;
Google.Solutions.Compute Verbose: 0 : SshRelayStream [TX: 1 TXA: 0 RX: 0 AQ: 1]: Connected session &lt;\u0000&gt;
Google.Solutions.Compute Verbose: 0 : SshRelayStream [TX: 1 TXA: 0 RX: 0 AQ: 1]: Connected session &lt;\u0000&gt;
Google.Solutions.Compute Verbose: 0 : SshRelayStream [TX: 1 TXA: 0 RX: 0 AQ: 1]: Connected session &lt;\u0000&gt;
Google.Solutions.Compute Verbose: 0 : SshRelayStream [TX: 1 TXA: 0 RX: 0 AQ: 1]: Connected session &lt;\u0000&gt;
Google.Solutions.Compute Verbose: 0 : SshRelayStream [TX: 1 TXA: 0 RX: 0 AQ: 1]: Connected session &lt;\u0000&gt;
Google.Solutions.Compute Verbose: 0 : SshRelayStream [TX: 1 TXA: 0 RX: 0 AQ: 1]: Received data (2 bytes)
Google.Solutions.Compute Verbose: 0 : SshRelayStream [TX: 1 TXA: 0 RX: 0 AQ: 1]: Received data (2 bytes)
Google.Solutions.Compute Verbose: 0 : SshRelayStream [TX: 1 TXA: 0 RX: 0 AQ: 1]: Received data (2 bytes)
Google.Solutions.Compute Verbose: 0 : SshRelayStream [TX: 1 TXA: 0 RX: 0 AQ: 1]: Received data (2 bytes)
Google.Solutions.Compute Verbose: 0 : SshRelayStream [TX: 1 TXA: 0 RX: 0 AQ: 1]: Received data (2 bytes)
Google.Solutions.Compute Verbose: 0 : SshRelayStream [TX: 1 TXA: 0 RX: 0 AQ: 1]: Received data (2 bytes)
Google.Solutions.Compute Verbose: 0 : SshRelayStream [TX: 1 TXA: 0 RX: 0 AQ: 1]: Received data (2 bytes)
Google.Solutions.Compute Verbose: 0 : SshRelayStream [TX: 1 TXA: 0 RX: 0 AQ: 1]: Received data (2 bytes)
Google.Solutions.Compute Verbose: 0 : SshRelayStream [TX: 1 TXA: 0 RX: 0 AQ: 1]: Received data (2 bytes)
Google.Solutions.Compute Verbose: 0 : SshRelayStream [TX: 1 TXA: 0 RX: 0 AQ: 1]: Received data (2 bytes)
Google.Solutions.Compute Verbose: 0 : SshRelayStream [TX: 1 TXA: 0 RX: 0 AQ: 1]: Received data (2 bytes)
Google.Solutions.Compute Verbose: 0 : SshRelayStream [TX: 1 TXA: 0 RX: 0 AQ: 1]: Received data (2 bytes)
Google.Solutions.Compute Verbose: 0 : SshRelayStream [TX: 1 TXA: 0 RX: 0 AQ: 1]: Received data (2 bytes)
Google.Solutions.Compute Verbose: 0 : SshRelayStream [TX: 1 TXA: 0 RX: 0 AQ: 1]: Received data (2 bytes)
Google.Solutions.Compute Verbose: 0 : SshRelayStream [TX: 1 TXA: 0 RX: 0 AQ: 1]: Received data (2 bytes)
Google.Solutions.Compute Verbose: 0 : SshRelayStream [TX: 1 TXA: 0 RX: 0 AQ: 1]: Received data (2 bytes)
Google.Solutions.Compute Verbose: 0 : SshRelayStream [TX: 1 TXA: 0 RX: 0 AQ: 1]: Received data (2 bytes)
Google.Solutions.Compute Verbose: 0 : SshRelayStream [TX: 1 TXA: 0 RX: 0 AQ: 1]: Received data (2 bytes)
Google.Solutions.Compute Verbose: 0 : SshRelayStream [TX: 1 TXA: 0 RX: 0 AQ: 1]: Received data (2 bytes)
Google.Solutions.Compute Verbose: 0 : SshRelayStream [TX: 1 TXA: 0 RX: 0 AQ: 1]: Received data (2 bytes)
Google.Solutions.Compute Verbose: 0 : SshRelayStream [TX: 1 TXA: 0 RX: 0 AQ: 1]: Received data (2 bytes)
Google.Solutions.Compute Verbose: 0 : SshRelayStream [TX: 1 TXA: 0 RX: 0 AQ: 1]: Received data (2 bytes)
Google.Solutions.Compute Verbose: 0 : SshRelayStream [TX: 1 TXA: 0 RX: 0 AQ: 1]: Received data (2 bytes)
Google.Solutions.Compute Verbose: 0 : SshRelayStream [TX: 1 TXA: 0 RX: 0 AQ: 1]: Received data (2 bytes)
Google.Solutions.Compute Verbose: 0 : SshRelayStream [TX: 1 TXA: 0 RX: 0 AQ: 1]: Received data (2 bytes)
Google.Solutions.Compute Verbose: 0 : SshRelayStream [TX: 1 TXA: 0 RX: 0 AQ: 1]: Received data (2 bytes)
Google.Solutions.Compute Verbose: 0 : SshRelayStream [TX: 1 TXA: 0 RX: 0 AQ: 1]: Received data (2 bytes)
Google.Solutions.Compute Verbose: 0 : SshRelayStream [TX: 1 TXA: 0 RX: 0 AQ: 1]: Received data (2 bytes)
Google.Solutions.Compute Verbose: 0 : SshRelayStream [TX: 1 TXA: 0 RX: 0 AQ: 1]: Received data (2 bytes)
Google.Solutions.Compute Verbose: 0 : SshRelayStream [TX: 1 TXA: 0 RX: 0 AQ: 1]: Received data (2 bytes)
Google.Solutions.Compute Verbose: 0 : SshRelayStream [TX: 1 TXA: 0 RX: 0 AQ: 1]: Received data (2 bytes)
Google.Solutions.Compute Verbose: 0 : SshRelayStream [TX: 1 TXA: 0 RX: 0 AQ: 1]: Received data (2 bytes)
Google.Solutions.Compute Verbose: 0 : SshRelayStream [TX: 1 TXA: 0 RX: 0 AQ: 1]: Received data (2 bytes)
Google.Solutions.Compute Verbose: 0 : SshRelayStream [TX: 1 TXA: 0 RX: 0 AQ: 1]: Received data (2 bytes)
Google.Solutions.Compute Verbose: 0 : SshRelayStream [TX: 1 TXA: 0 RX: 0 AQ: 1]: Received data (2 bytes)
Google.Solutions.Compute Verbose: 0 : SshRelayStream [TX: 1 TXA: 0 RX: 0 AQ: 1]: Received data (2 bytes)
Google.Solutions.Compute Verbose: 0 : SshRelayStream [TX: 1 TXA: 0 RX: 0 AQ: 1]: Received data (2 bytes)
Google.Solutions.Compute Verbose: 0 : SshRelayStream [TX: 1 TXA: 0 RX: 0 AQ: 1]: Received data (2 bytes)
Google.Solutions.Compute Verbose: 0 : SshRelayStream [TX: 1 TXA: 0 RX: 0 AQ: 1]: Received data (2 bytes)
Google.Solutions.Compute Verbose: 0 : SshRelayStream [TX: 1 TXA: 0 RX: 0 AQ: 1]: Received data (2 bytes)
Google.Solutions.Compute Verbose: 0 : SshRelayStream [TX: 1 TXA: 0 RX: 0 AQ: 1]: Received data (2 bytes)
Google.Solutions.Compute Verbose: 0 : SshRelayStream [TX: 1 TXA: 0 RX: 0 AQ: 1]: Received data (2 bytes)
Google.Solutions.Compute Verbose: 0 : SshRelayStream [TX: 1 TXA: 0 RX: 0 AQ: 1]: Received data (2 bytes)
Google.Solutions.Compute Verbose: 0 : SshRelayStream [TX: 1 TXA: 0 RX: 0 AQ: 1]: Received data (2 bytes)
Google.Solutions.Compute Verbose: 0 : SshRelayStream [TX: 1 TXA: 0 RX: 0 AQ: 1]: Received data (2 bytes)
Google.Solutions.Compute Verbose: 0 : SshRelayStream [TX: 1 TXA: 0 RX: 0 AQ: 1]: Received data (2 bytes)
Google.Solutions.Compute Verbose: 0 : SshRelayStream [TX: 1 TXA: 0 RX: 0 AQ: 1]: Received data (2 bytes)
Google.Solutions.Compute Verbose: 0 : SshRelayStream [TX: 1 TXA: 0 RX: 0 AQ: 1]: Received data (2 bytes)
Google.Solutions.Compute Verbose: 0 : SshRelayStream [TX: 1 TXA: 0 RX: 0 AQ: 1]: Received data (2 bytes)
Google.Solutions.Compute Verbose: 0 : SshRelayStream [TX: 1 TXA: 0 RX: 0 AQ: 1]: Received data (2 bytes)
Google.Solutions.Compute Verbose: 0 : SshRelayStream [TX: 1 TXA: 0 RX: 0 AQ: 1]: Received data (2 bytes)
Google.Solutions.Compute Verbose: 0 : SshRelayStream [TX: 1 TXA: 0 RX: 0 AQ: 1]: Received data (2 bytes)
Google.Solutions.Compute Verbose: 0 : SshRelayStream [TX: 1 TXA: 0 RX: 0 AQ: 1]: Received data (2 bytes)
Google.Solutions.Compute Verbose: 0 : SshRelayStream [TX: 1 TXA: 0 RX: 0 AQ: 1]: Received data (2 bytes)
Google.Solutions.Compute Verbose: 0 : SshRelayStream [TX: 1 TXA: 0 RX: 0 AQ: 1]: Received data (2 bytes)
Google.Solutions.Compute Verbose: 0 : SshRelayStream [TX: 1 TXA: 0 RX: 0 AQ: 1]: Received data (2 bytes)
Google.Solutions.Compute Verbose: 0 : SshRelayStream [TX: 1 TXA: 0 RX: 0 AQ: 1]: Received data (2 bytes)
Google.Solutions.Compute Verbose: 0 : SshRelayStream [TX: 1 TXA: 0 RX: 0 AQ: 1]: Received data (2 bytes)
Google.Solutions.Compute Verbose: 0 : SshRelayStream [TX: 1 TXA: 0 RX: 0 AQ: 1]: Received data (2 bytes)
Google.Solutions.Compute Verbose: 0 : SshRelayStream [TX: 1 TXA: 0 RX: 0 AQ: 1]: Received data (2 bytes)
Google.Solutions.Compute Verbose: 0 : SshRelayStream [TX: 1 TXA: 0 RX: 0 AQ: 1]: Received data (2 bytes)
Google.Solutions.Compute Verbose: 0 : SshRelayStream [TX: 1 TXA: 0 RX: 0 AQ: 1]: Received data (2 bytes)
Google.Solutions.Compute Verbose: 0 : SshRelayStream [TX: 1 TXA: 0 RX: 0 AQ: 1]: Received data (2 bytes)
Google.Solutions.Compute Verbose: 0 : SshRelayStream [TX: 1 TXA: 0 RX: 0 AQ: 1]: Received data (2 bytes)
Google.Solutions.Compute Verbose: 0 : SshRelayStream [TX: 1 TXA: 0 RX: 2 AQ: 1]: Sending ACK #2...
Google.Solutions.Compute Verbose: 0 : SshRelayStream [TX: 1 TXA: 0 RX: 2 AQ: 1]: Sending ACK #2...
Google.Solutions.Compute Verbose: 0 : SshRelayStream [TX: 1 TXA: 0 RX: 2 AQ: 1]: Sending ACK #2...
Google.Solutions.Compute Verbose: 0 : SshRelayStream [TX: 1 TXA: 0 RX: 2 AQ: 1]: Sending ACK #2...
Google.Solutions.Compute Verbose: 0 : SshRelayStream [TX: 1 TXA: 0 RX: 2 AQ: 1]: Sending ACK #2...
Google.Solutions.Compute Verbose: 0 : SshRelayStream [TX: 1 TXA: 0 RX: 2 AQ: 1]: Sending ACK #2...
Google.Solutions.Compute Verbose: 0 : SshRelayStream [TX: 1 TXA: 0 RX: 2 AQ: 1]: Sending ACK #2...
Google.Solutions.Compute Verbose: 0 : SshRelayStream [TX: 1 TXA: 0 RX: 2 AQ: 1]: Sending ACK #2...
Google.Solutions.Compute Verbose: 0 : SshRelayStream [TX: 1 TXA: 0 RX: 2 AQ: 1]: Sending ACK #2...
Google.Solutions.Compute Verbose: 0 : SshRelayStream [TX: 1 TXA: 0 RX: 2 AQ: 1]: Sending ACK #2...
Google.Solutions.Compute Verbose: 0 : SshRelayStream [TX: 1 TXA: 0 RX: 2 AQ: 1]: Sending ACK #2...
Google.Solutions.Compute Verbose: 0 : SshRelayStream [TX: 1 TXA: 0 RX: 2 AQ: 1]: Sending ACK #2...
Google.Solutions.Compute Verbose: 0 : SshRelayStream [TX: 1 TXA: 0 RX: 2 AQ: 1]: Sending ACK #2...
Google.Solutions.Compute Verbose: 0 : SshRelayStream [TX: 1 TXA: 0 RX: 2 AQ: 1]: Sending ACK #2...
Google.Solutions.Compute Verbose: 0 : SshRelayStream [TX: 1 TXA: 0 RX: 2 AQ: 1]: Sending ACK #2...
Google.Solutions.Compute Verbose: 0 : SshRelayStream [TX: 1 TXA: 0 RX: 2 AQ: 1]: Sending ACK #2...
Google.Solutions.Compute Verbose: 0 : SshRelayStream [TX: 1 TXA: 0 RX: 2 AQ: 1]: Sending ACK #2...
Google.Solutions.Compute Verbose: 0 : SshRelayStream [TX: 1 TXA: 0 RX: 2 AQ: 1]: Sending ACK #2...
Google.Solutions.Compute Verbose: 0 : SshRelayStream [TX: 1 TXA: 0 RX: 2 AQ: 1]: Sending ACK #2...
Google.Solutions.Compute Verbose: 0 : SshRelayStream [TX: 1 TXA: 0 RX: 2 AQ: 1]: Sending ACK #2...
Google.Solutions.Compute Verbose: 0 : SshRelayStream [TX: 1 TXA: 0 RX: 2 AQ: 1]: Sending ACK #2...
Google.Solutions.Compute Verbose: 0 : SshRelayStream [TX: 1 TXA: 0 RX: 2 AQ: 1]: Sending ACK #2...
Google.Solutions.Compute Verbose: 0 : SshRelayStream [TX: 1 TXA: 0 RX: 2 AQ: 1]: Sending ACK #2...
Google.Solutions.Compute Verbose: 0 : SshRelayStream [TX: 1 TXA: 0 RX: 2 AQ: 1]: Sending ACK #2...
Google.Solutions.Compute Verbose: 0 : SshRelayStream [TX: 1 TXA: 0 RX: 2 AQ: 1]: Sending ACK #2...
Google.Solutions.Compute Verbose: 0 : SshRelayStream [TX: 1 TXA: 0 RX: 2 AQ: 1]: Sending ACK #2...
Google.Solutions.Compute Verbose: 0 : SshRelayStream [TX: 1 TXA: 0 RX: 2 AQ: 1]: Sending ACK #2...
Google.Solutions.Compute Verbose: 0 : SshRelayStream [TX: 1 TXA: 0 RX: 2 AQ: 1]: Sending ACK #2...
Google.Solutions.Compute Verbose: 0 : SshRelayStream [TX: 1 TXA: 0 RX: 2 AQ: 1]: Sending ACK #2...
Google.Solutions.Compute Verbose: 0 : SshRelayStream [TX: 1 TXA: 0 RX: 2 AQ: 1]: Sending ACK #2...
Google.Solutions.Compute Verbose: 0 : SshRelayStream [TX: 1 TXA: 0 RX: 2 AQ: 1]: Sending ACK #2...
Google.Solutions.Compute Verbose: 0 : SshRelayStream [TX: 1 TXA: 0 RX: 2 AQ: 1]: Sending ACK #2...
Google.Solutions.Compute Verbose: 0 : SshRelayStream [TX: 1 TXA: 0 RX: 2 AQ: 1]: Sending ACK #2...
Google.Solutions.Compute Verbose: 0 : SshRelayStream [TX: 1 TXA: 0 RX: 2 AQ: 1]: Sending ACK #2...
Google.Solutions.Compute Verbose: 0 : SshRelayStream [TX: 1 TXA: 0 RX: 2 AQ: 1]: Sending ACK #2...
Google.Solutions.Compute Verbose: 0 : SshRelayStream [TX: 1 TXA: 0 RX: 2 AQ: 1]: Sending ACK #2...
Google.Solutions.Compute Verbose: 0 : SshRelayStream [TX: 1 TXA: 0 RX: 2 AQ: 1]: Sending ACK #2...
Google.Solutions.Compute Verbose: 0 : SshRelayStream [TX: 1 TXA: 0 RX: 2 AQ: 1]: Sending ACK #2...
Google.Solutions.Compute Verbose: 0 : SshRelayStream [TX: 1 TXA: 0 RX: 2 AQ: 1]: Sending ACK #2...
Google.Solutions.Compute Verbose: 0 : SshRelayStream [TX: 1 TXA: 0 RX: 2 AQ: 1]: Sending ACK #2...
Google.Solutions.Compute Verbose: 0 : SshRelayStream [TX: 1 TXA: 0 RX: 2 AQ: 1]: Sending ACK #2...
Google.Solutions.Compute Verbose: 0 : SshRelayStream [TX: 1 TXA: 0 RX: 2 AQ: 1]: Sending ACK #2...
Google.Solutions.Compute Verbose: 0 : SshRelayStream [TX: 1 TXA: 0 RX: 2 AQ: 1]: Sending ACK #2...
Google.Solutions.Compute Verbose: 0 : SshRelayStream [TX: 1 TXA: 0 RX: 2 AQ: 1]: Sending ACK #2...
Google.Solutions.Compute Verbose: 0 : SshRelayStream [TX: 1 TXA: 0 RX: 2 AQ: 1]: Sending ACK #2...
Google.Solutions.Compute Verbose: 0 : SshRelayStream [TX: 1 TXA: 0 RX: 2 AQ: 1]: Sending ACK #2...
Google.Solutions.Compute Verbose: 0 : SshRelayStream [TX: 1 TXA: 0 RX: 2 AQ: 1]: Sending ACK #2...
Google.Solutions.Compute Verbose: 0 : SshRelayStream [TX: 1 TXA: 0 RX: 2 AQ: 1]: Sending ACK #2...
Google.Solutions.Compute Verbose: 0 : SshRelayStream [TX: 1 TXA: 0 RX: 2 AQ: 1]: Sending ACK #2...
Google.Solutions.Compute Verbose: 0 : SshRelayStream [TX: 1 TXA: 0 RX: 2 AQ: 1]: Sending ACK #2...
Google.Solutions.Compute Verbose: 0 : SshRelayStream [TX: 1 TXA: 0 RX: 2 AQ: 1]: Sending ACK #2...
Google.Solutions.Compute Verbose: 0 : SshRelayStream [TX: 1 TXA: 0 RX: 2 AQ: 1]: Sending ACK #2...
Google.Solutions.Compute Verbose: 0 : SshRelayStream [TX: 1 TXA: 0 RX: 2 AQ: 1]: Sending ACK #2...
Google.Solutions.Compute Verbose: 0 : SshRelayStream [TX: 1 TXA: 0 RX: 2 AQ: 1]: Sending ACK #2...
Google.Solutions.Compute Verbose: 0 : SshRelayStream [TX: 1 TXA: 0 RX: 2 AQ: 1]: Sending ACK #2...
Google.Solutions.Compute Verbose: 0 : SshRelayStream [TX: 1 TXA: 0 RX: 2 AQ: 1]: Sending ACK #2...
Google.Solutions.Compute Verbose: 0 : SshRelayStream [TX: 1 TXA: 0 RX: 2 AQ: 1]: Sending ACK #2...
Google.Solutions.Compute Verbose: 0 : SshRelayStream [TX: 1 TXA: 0 RX: 2 AQ: 1]: Sending ACK #2...
Google.Solutions.Compute Verbose: 0 : SshRelayStream [TX: 1 TXA: 0 RX: 2 AQ: 1]: Sending ACK #2...
Google.Solutions.Compute Verbose: 0 : SshRelayStream [TX: 1 TXA: 0 RX: 2 AQ: 1]: Sending ACK #2...
Google.Solutions.Compute Verbose: 0 : SshRelayStream [TX: 1 TXA: 0 RX: 2 AQ: 1]: Sending ACK #2...
Google.Solutions.Compute Verbose: 0 : SshRelayStream [TX: 1 TXA: 0 RX: 2 AQ: 1]: Sending ACK #2...
Google.Solutions.Compute Verbose: 0 : SshRelayStream [TX: 1 TXA: 0 RX: 2 AQ: 1]: Sending ACK #2...
Google.Solutions.Compute Verbose: 0 : SshRelayStream [TX: 1 TXA: 0 RX: 2 AQ: 1]: Sending ACK #2...
Google.Solutions.Compute Verbose: 0 : SshRelayStream [TX: 1 TXA: 0 RX: 2 AQ: 1]: Sending DATA #1...
Google.Solutions.Compute Verbose: 0 : SshRelayStream [TX: 1 TXA: 0 RX: 2 AQ: 1]: Sending DATA #1...
Google.Solutions.Compute Verbose: 0 : SshRelayStream [TX: 1 TXA: 0 RX: 2 AQ: 1]: Sending DATA #1...
Google.Solutions.Compute Verbose: 0 : SshRelayStream [TX: 1 TXA: 0 RX: 2 AQ: 1]: Sending DATA #1...
Google.Solutions.Compute Verbose: 0 : SshRelayStream [TX: 1 TXA: 0 RX: 2 AQ: 1]: Sending DATA #1...
Google.Solutions.Compute Verbose: 0 : SshRelayStream [TX: 1 TXA: 0 RX: 2 AQ: 1]: Sending DATA #1...
Google.Solutions.Compute Verbose: 0 : SshRelayStream [TX: 1 TXA: 0 RX: 2 AQ: 1]: Sending DATA #1...
Google.Solutions.Compute Verbose: 0 : SshRelayStream [TX: 1 TXA: 0 RX: 2 AQ: 1]: Sending DATA #1...
Google.Solutions.Compute Verbose: 0 : SshRelayStream [TX: 1 TXA: 0 RX: 2 AQ: 1]: Sending DATA #1...
Google.Solutions.Compute Verbose: 0 : SshRelayStream [TX: 1 TXA: 0 RX: 2 AQ: 1]: Sending DATA #1...
Google.Solutions.Compute Verbose: 0 : SshRelayStream [TX: 1 TXA: 0 RX: 2 AQ: 1]: Sending DATA #1...
Google.Solutions.Compute Verbose: 0 : SshRelayStream [TX: 1 TXA: 0 RX: 2 AQ: 1]: Sending DATA #1...
Google.Solutions.Compute Verbose: 0 : SshRelayStream [TX: 1 TXA: 0 RX: 2 AQ: 1]: Sending DATA #1...
Google.Solutions.Compute Verbose: 0 : SshRelayStream [TX: 1 TXA: 0 RX: 2 AQ: 1]: Sending DATA #1...
Google.Solutions.Compute Verbose: 0 : SshRelayStream [TX: 1 TXA: 0 RX: 2 AQ: 1]: Sending DATA #1...
Google.Solutions.Compute Verbose: 0 : SshRelayStream [TX: 1 TXA: 0 RX: 2 AQ: 1]: Sending DATA #1...
Google.Solutions.Compute Verbose: 0 : SshRelayStream [TX: 1 TXA: 0 RX: 2 AQ: 1]: Sending DATA #1...
Google.Solutions.Compute Verbose: 0 : SshRelayStream [TX: 1 TXA: 0 RX: 2 AQ: 1]: Sending DATA #1...
Google.Solutions.Compute Verbose: 0 : SshRelayStream [TX: 1 TXA: 0 RX: 2 AQ: 1]: Sending DATA #1...
Google.Solutions.Compute Verbose: 0 : SshRelayStream [TX: 1 TXA: 0 RX: 2 AQ: 1]: Sending DATA #1...
Google.Solutions.Compute Verbose: 0 : SshRelayStream [TX: 1 TXA: 0 RX: 2 AQ: 1]: Sending DATA #1...
Google.Solutions.Compute Verbose: 0 : SshRelayStream [TX: 1 TXA: 0 RX: 2 AQ: 1]: Sending DATA #1...
Google.Solutions.Compute Verbose: 0 : SshRelayStream [TX: 1 TXA: 0 RX: 2 AQ: 1]: Sending DATA #1...
Google.Solutions.Compute Verbose: 0 : SshRelayStream [TX: 1 TXA: 0 RX: 2 AQ: 1]: Sending DATA #1...
Google.Solutions.Compute Verbose: 0 : SshRelayStream [TX: 1 TXA: 0 RX: 2 AQ: 1]: Sending DATA #1...
Google.Solutions.Compute Verbose: 0 : SshRelayStream [TX: 1 TXA: 0 RX: 2 AQ: 1]: Sending DATA #1...
Google.Solutions.Compute Verbose: 0 : SshRelayStream [TX: 1 TXA: 0 RX: 2 AQ: 1]: Sending DATA #1...
Google.Solutions.Compute Verbose: 0 : SshRelayStream [TX: 1 TXA: 0 RX: 2 AQ: 1]: Sending DATA #1...
Google.Solutions.Compute Verbose: 0 : SshRelayStream [TX: 1 TXA: 0 RX: 2 AQ: 1]: Sending DATA #1...
Google.Solutions.Compute Verbose: 0 : SshRelayStream [TX: 1 TXA: 0 RX: 2 AQ: 1]: Sending DATA #1...
Google.Solutions.Compute Verbose: 0 : SshRelayStream [TX: 1 TXA: 0 RX: 2 AQ: 1]: Sending DATA #1...
Google.Solutions.Compute Verbose: 0 : SshRelayStream [TX: 1 TXA: 0 RX: 2 AQ: 1]: Sending DATA #1...
Google.Solutions.Compute Verbose: 0 : SshRelayStream [TX: 1 TXA: 0 RX: 2 AQ: 1]: Sending DATA #1...
Google.Solutions.Compute Verbose: 0 : SshRelayStream [TX: 1 TXA: 0 RX: 2 AQ: 1]: Sending DATA #1...
Google.Solutions.Compute Verbose: 0 : SshRelayStream [TX: 1 TXA: 0 RX: 2 AQ: 1]: Sending DATA #1...
Google.Solutions.Compute Verbose: 0 : SshRelayStream [TX: 1 TXA: 0 RX: 2 AQ: 1]: Sending DATA #1...
Google.Solutions.Compute Verbose: 0 : SshRelayStream [TX: 1 TXA: 0 RX: 2 AQ: 1]: Sending DATA #1...
Google.Solutions.Compute Verbose: 0 : SshRelayStream [TX: 1 TXA: 0 RX: 2 AQ: 1]: Sending DATA #1...
Google.Solutions.Compute Verbose: 0 : SshRelayStream [TX: 1 TXA: 0 RX: 2 AQ: 1]: Sending DATA #1...
Google.Solutions.Compute Verbose: 0 : SshRelayStream [TX: 1 TXA: 0 RX: 2 AQ: 1]: Sending DATA #1...
Google.Solutions.Compute Verbose: 0 : SshRelayStream [TX: 1 TXA: 0 RX: 2 AQ: 1]: Sending DATA #1...
Google.Solutions.Compute Verbose: 0 : SshRelayStream [TX: 1 TXA: 0 RX: 2 AQ: 1]: Sending DATA #1...
Google.Solutions.Compute Verbose: 0 : SshRelayStream [TX: 1 TXA: 0 RX: 2 AQ: 1]: Sending DATA #1...
Google.Solutions.Compute Verbose: 0 : SshRelayStream [TX: 1 TXA: 0 RX: 2 AQ: 1]: Sending DATA #1...
Google.Solutions.Compute Verbose: 0 : SshRelayStream [TX: 1 TXA: 0 RX: 2 AQ: 1]: Sending DATA #1...
Google.Solutions.Compute Verbose: 0 : SshRelayStream [TX: 1 TXA: 0 RX: 2 AQ: 1]: Sending DATA #1...
Google.Solutions.Compute Verbose: 0 : SshRelayStream [TX: 1 TXA: 0 RX: 2 AQ: 1]: Sending DATA #1...
Google.Solutions.Compute Verbose: 0 : SshRelayStream [TX: 1 TXA: 0 RX: 2 AQ: 1]: Sending DATA #1...
Google.Solutions.Compute Verbose: 0 : SshRelayStream [TX: 1 TXA: 0 RX: 2 AQ: 1]: Sending DATA #1...
Google.Solutions.Compute Verbose: 0 : SshRelayStream [TX: 1 TXA: 0 RX: 2 AQ: 1]: Sending DATA #1...
Google.Solutions.Compute Verbose: 0 : SshRelayStream [TX: 1 TXA: 0 RX: 2 AQ: 1]: Sending DATA #1...
Google.Solutions.Compute Verbose: 0 : SshRelayStream [TX: 1 TXA: 0 RX: 2 AQ: 1]: Sending DATA #1...
Google.Solutions.Compute Verbose: 0 : SshRelayStream [TX: 1 TXA: 0 RX: 2 AQ: 1]: Sending DATA #1...
Google.Solutions.Compute Verbose: 0 : SshRelayStream [TX: 1 TXA: 0 RX: 2 AQ: 1]: Sending DATA #1...
Google.Solutions.Compute Verbose: 0 : SshRelayStream [TX: 1 TXA: 0 RX: 2 AQ: 1]: Sending DATA #1...
Google.Solutions.Compute Verbose: 0 : SshRelayStream [TX: 1 TXA: 0 RX: 2 AQ: 1]: Sending DATA #1...
Google.Solutions.Compute Verbose: 0 : SshRelayStream [TX: 1 TXA: 0 RX: 2 AQ: 1]: Sending DATA #1...
Google.Solutions.Compute Verbose: 0 : SshRelayStream [TX: 1 TXA: 0 RX: 2 AQ: 1]: Sending DATA #1...
Google.Solutions.Compute Verbose: 0 : SshRelayStream [TX: 1 TXA: 0 RX: 2 AQ: 1]: Sending DATA #1...
Google.Solutions.Compute Verbose: 0 : SshRelayStream [TX: 1 TXA: 0 RX: 2 AQ: 1]: Sending DATA #1...
Google.Solutions.Compute Verbose: 0 : SshRelayStream [TX: 1 TXA: 0 RX: 2 AQ: 1]: Sending DATA #1...
Google.Solutions.Compute Verbose: 0 : SshRelayStream [TX: 1 TXA: 0 RX: 2 AQ: 1]: Sending DATA #1...
Google.Solutions.Compute Verbose: 0 : SshRelayStream [TX: 1 TXA: 0 RX: 2 AQ: 1]: Sending DATA #1...
Google.Solutions.Compute Verbose: 0 : SshRelayStream [TX: 1 TXA: 0 RX: 2 AQ: 1]: Sending DATA #1...
Google.Solutions.Compute Verbose: 0 : SshRelayStream [TX: 2 TXA: 0 RX: 2 AQ: 2]: Sending DATA #2...
Google.Solutions.Compute Verbose: 0 : SshRelayStream [TX: 2 TXA: 0 RX: 2 AQ: 2]: Sending DATA #2...
Google.Solutions.Compute Verbose: 0 : SshRelayStream [TX: 2 TXA: 0 RX: 2 AQ: 2]: Sending DATA #2...
Google.Solutions.Compute Verbose: 0 : SshRelayStream [TX: 2 TXA: 0 RX: 2 AQ: 2]: Sending DATA #2...
Google.Solutions.Compute Verbose: 0 : SshRelayStream [TX: 2 TXA: 0 RX: 2 AQ: 2]: Sending DATA #2...
Google.Solutions.Compute Verbose: 0 : SshRelayStream [TX: 2 TXA: 0 RX: 2 AQ: 2]: Sending DATA #2...
Google.Solutions.Compute Verbose: 0 : SshRelayStream [TX: 2 TXA: 0 RX: 2 AQ: 2]: Sending DATA #2...
Google.Solutions.Compute Verbose: 0 : SshRelayStream [TX: 2 TXA: 0 RX: 2 AQ: 2]: Sending DATA #2...
Google.Solutions.Compute Verbose: 0 : SshRelayStream [TX: 2 TXA: 0 RX: 2 AQ: 2]: Sending DATA #2...
Google.Solutions.Compute Verbose: 0 : SshRelayStream [TX: 2 TXA: 0 RX: 2 AQ: 2]: Sending DATA #2...
Google.Solutions.Compute Verbose: 0 : SshRelayStream [TX: 2 TXA: 0 RX: 2 AQ: 2]: Sending DATA #2...
Google.Solutions.Compute Verbose: 0 : SshRelayStream [TX: 2 TXA: 0 RX: 2 AQ: 2]: Sending DATA #2...
Google.Solutions.Compute Verbose: 0 : SshRelayStream [TX: 2 TXA: 0 RX: 2 AQ: 2]: Sending DATA #2...
Google.Solutions.Compute Verbose: 0 : SshRelayStream [TX: 2 TXA: 0 RX: 2 AQ: 2]: Sending DATA #2...
Google.Solutions.Compute Verbose: 0 : SshRelayStream [TX: 2 TXA: 0 RX: 2 AQ: 2]: Sending DATA #2...
Google.Solutions.Compute Verbose: 0 : SshRelayStream [TX: 2 TXA: 0 RX: 2 AQ: 2]: Sending DATA #2...
Google.Solutions.Compute Verbose: 0 : SshRelayStream [TX: 2 TXA: 0 RX: 2 AQ: 2]: Sending DATA #2...
Google.Solutions.Compute Verbose: 0 : SshRelayStream [TX: 2 TXA: 0 RX: 2 AQ: 2]: Sending DATA #2...
Google.Solutions.Compute Verbose: 0 : SshRelayStream [TX: 2 TXA: 0 RX: 2 AQ: 2]: Sending DATA #2...
Google.Solutions.Compute Verbose: 0 : SshRelayStream [TX: 2 TXA: 0 RX: 2 AQ: 2]: Sending DATA #2...
Google.Solutions.Compute Verbose: 0 : SshRelayStream [TX: 2 TXA: 0 RX: 2 AQ: 2]: Sending DATA #2...
Google.Solutions.Compute Verbose: 0 : SshRelayStream [TX: 2 TXA: 0 RX: 2 AQ: 2]: Sending DATA #2...
Google.Solutions.Compute Verbose: 0 : SshRelayStream [TX: 2 TXA: 0 RX: 2 AQ: 2]: Sending DATA #2...
Google.Solutions.Compute Verbose: 0 : SshRelayStream [TX: 2 TXA: 0 RX: 2 AQ: 2]: Sending DATA #2...
Google.Solutions.Compute Verbose: 0 : SshRelayStream [TX: 2 TXA: 0 RX: 2 AQ: 2]: Sending DATA #2...
Google.Solutions.Compute Verbose: 0 : SshRelayStream [TX: 2 TXA: 0 RX: 2 AQ: 2]: Sending DATA #2...
Google.Solutions.Compute Verbose: 0 : SshRelayStream [TX: 2 TXA: 0 RX: 2 AQ: 2]: Sending DATA #2...
Google.Solutions.Compute Verbose: 0 : SshRelayStream [TX: 2 TXA: 0 RX: 2 AQ: 2]: Sending DATA #2...
Google.Solutions.Compute Verbose: 0 : SshRelayStream [TX: 2 TXA: 0 RX: 2 AQ: 2]: Sending DATA #2...
Google.Solutions.Compute Verbose: 0 : SshRelayStream [TX: 2 TXA: 0 RX: 2 AQ: 2]: Sending DATA #2...
Google.Solutions.Compute Verbose: 0 : SshRelayStream [TX: 2 TXA: 0 RX: 2 AQ: 2]: Sending DATA #2...
Google.Solutions.Compute Verbose: 0 : SshRelayStream [TX: 2 TXA: 0 RX: 2 AQ: 2]: Sending DATA #2...
Google.Solutions.Compute Verbose: 0 : SshRelayStream [TX: 2 TXA: 0 RX: 2 AQ: 2]: Sending DATA #2...
Google.Solutions.Compute Verbose: 0 : SshRelayStream [TX: 2 TXA: 0 RX: 2 AQ: 2]: Sending DATA #2...
Google.Solutions.Compute Verbose: 0 : SshRelayStream [TX: 2 TXA: 0 RX: 2 AQ: 2]: Sending DATA #2...
Google.Solutions.Compute Verbose: 0 : SshRelayStream [TX: 2 TXA: 0 RX: 2 AQ: 2]: Sending DATA #2...
Google.Solutions.Compute Verbose: 0 : SshRelayStream [TX: 2 TXA: 0 RX: 2 AQ: 2]: Sending DATA #2...
Google.Solutions.Compute Verbose: 0 : SshRelayStream [TX: 2 TXA: 0 RX: 2 AQ: 2]: Sending DATA #2...
Google.Solutions.Compute Verbose: 0 : SshRelayStream [TX: 2 TXA: 0 RX: 2 AQ: 2]: Sending DATA #2...
Google.Solutions.Compute Verbose: 0 : SshRelayStream [TX: 2 TXA: 0 RX: 2 AQ: 2]: Sending DATA #2...
Google.Solutions.Compute Verbose: 0 : SshRelayStream [TX: 2 TXA: 0 RX: 2 AQ: 2]: Sending DATA #2...
Google.Solutions.Compute Verbose: 0 : SshRelayStream [TX: 2 TXA: 0 RX: 2 AQ: 2]: Sending DATA #2...
Google.Solutions.Compute Verbose: 0 : SshRelayStream [TX: 2 TXA: 0 RX: 2 AQ: 2]: Sending DATA #2...
Google.Solutions.Compute Verbose: 0 : SshRelayStream [TX: 2 TXA: 0 RX: 2 AQ: 2]: Sending DATA #2...
Google.Solutions.Compute Verbose: 0 : SshRelayStream [TX: 2 TXA: 0 RX: 2 AQ: 2]: Sending DATA #2...
Google.Solutions.Compute Verbose: 0 : SshRelayStream [TX: 2 TXA: 0 RX: 2 AQ: 2]: Sending DATA #2...
Google.Solutions.Compute Verbose: 0 : SshRelayStream [TX: 2 TXA: 0 RX: 2 AQ: 2]: Sending DATA #2...
Google.Solutions.Compute Verbose: 0 : SshRelayStream [TX: 2 TXA: 0 RX: 2 AQ: 2]: Sending DATA #2...
Google.Solutions.Compute Verbose: 0 : SshRelayStream [TX: 2 TXA: 0 RX: 2 AQ: 2]: Sending DATA #2...
Google.Solutions.Compute Verbose: 0 : SshRelayStream [TX: 2 TXA: 0 RX: 2 AQ: 2]: Sending DATA #2...
Google.Solutions.Compute Verbose: 0 : SshRelayStream [TX: 2 TXA: 0 RX: 2 AQ: 2]: Sending DATA #2...
Google.Solutions.Compute Verbose: 0 : SshRelayStream [TX: 2 TXA: 0 RX: 2 AQ: 2]: Sending DATA #2...
Google.Solutions.Compute Verbose: 0 : SshRelayStream [TX: 2 TXA: 0 RX: 2 AQ: 2]: Sending DATA #2...
Google.Solutions.Compute Verbose: 0 : SshRelayStream [TX: 2 TXA: 0 RX: 2 AQ: 2]: Sending DATA #2...
Google.Solutions.Compute Verbose: 0 : SshRelayStream [TX: 2 TXA: 0 RX: 2 AQ: 2]: Sending DATA #2...
Google.Solutions.Compute Verbose: 0 : SshRelayStream [TX: 2 TXA: 0 RX: 2 AQ: 2]: Sending DATA #2...
Google.Solutions.Compute Verbose: 0 : SshRelayStream [TX: 2 TXA: 0 RX: 2 AQ: 2]: Sending DATA #2...
Google.Solutions.Compute Verbose: 0 : SshRelayStream [TX: 2 TXA: 0 RX: 2 AQ: 2]: Sending DATA #2...
Google.Solutions.Compute Verbose: 0 : SshRelayStream [TX: 2 TXA: 0 RX: 2 AQ: 2]: Sending DATA #2...
Google.Solutions.Compute Verbose: 0 : SshRelayStream [TX: 2 TXA: 0 RX: 2 AQ: 2]: Sending DATA #2...
Google.Solutions.Compute Verbose: 0 : SshRelayStream [TX: 2 TXA: 0 RX: 2 AQ: 2]: Sending DATA #2...
Google.Solutions.Compute Verbose: 0 : SshRelayStream [TX: 2 TXA: 0 RX: 2 AQ: 2]: Sending DATA #2...
Google.Solutions.Compute Verbose: 0 : SshRelayStream [TX: 2 TXA: 0 RX: 2 AQ: 2]: Sending DATA #2...
Google.Solutions.Compute Verbose: 0 : SshRelayStream [TX: 2 TXA: 0 RX: 2 AQ: 2]: Sending DATA #2...
Google.Solutions.Compute Verbose: 0 : SshRelayStream [TX: 2 TXA: 0 RX: 2 AQ: 2]: Connection closed abnormally: SID_UNKNOWN
Google.Solutions.Compute Verbose: 0 : SshRelayStream [TX: 2 TXA: 0 RX: 2 AQ: 2]: Connection closed abnormally: SID_UNKNOWN
Google.Solutions.Compute Verbose: 0 : SshRelayStream [TX: 2 TXA: 0 RX: 2 AQ: 2]: Connection closed abnormally: SID_UNKNOWN
Google.Solutions.Compute Verbose: 0 : SshRelayStream [TX: 2 TXA: 0 RX: 2 AQ: 2]: Connection closed abnormally: SID_UNKNOWN
Google.Solutions.Compute Verbose: 0 : SshRelayStream [TX: 2 TXA: 0 RX: 2 AQ: 2]: Connection closed abnormally: SID_UNKNOWN
Google.Solutions.Compute Verbose: 0 : SshRelayStream [TX: 2 TXA: 0 RX: 2 AQ: 2]: Connection closed abnormally: SID_UNKNOWN
Google.Solutions.Compute Verbose: 0 : SshRelayStream [TX: 2 TXA: 0 RX: 2 AQ: 2]: Connection closed abnormally: SID_UNKNOWN
Google.Solutions.Compute Verbose: 0 : SshRelayStream [TX: 2 TXA: 0 RX: 2 AQ: 2]: Connection closed abnormally: SID_UNKNOWN
Google.Solutions.Compute Verbose: 0 : SshRelayStream [TX: 2 TXA: 0 RX: 2 AQ: 2]: Connection closed abnormally: SID_UNKNOWN
Google.Solutions.Compute Verbose: 0 : SshRelayStream [TX: 2 TXA: 0 RX: 2 AQ: 2]: Connection closed abnormally: SID_UNKNOWN
Google.Solutions.Compute Verbose: 0 : SshRelayStream [TX: 2 TXA: 0 RX: 2 AQ: 2]: Connection closed abnormally: SID_UNKNOWN
Google.Solutions.Compute Verbose: 0 : SshRelayStream [TX: 2 TXA: 0 RX: 2 AQ: 2]: Connection closed abnormally: SID_UNKNOWN
Google.Solutions.Compute Verbose: 0 : SshRelayStream [TX: 2 TXA: 0 RX: 2 AQ: 2]: Connection closed abnormally: SID_UNKNOWN
Google.Solutions.Compute Verbose: 0 : SshRelayStream [TX: 2 TXA: 0 RX: 2 AQ: 2]: Connection closed abnormally: SID_UNKNOWN
Google.Solutions.Compute Verbose: 0 : SshRelayStream [TX: 2 TXA: 0 RX: 2 AQ: 2]: Connection closed abnormally: SID_UNKNOWN
Google.Solutions.Compute Verbose: 0 : SshRelayStream [TX: 2 TXA: 0 RX: 2 AQ: 2]: Connection closed abnormally: SID_UNKNOWN
Google.Solutions.Compute Verbose: 0 : SshRelayStream [TX: 2 TXA: 0 RX: 2 AQ: 2]: Connection closed abnormally: SID_UNKNOWN
Google.Solutions.Compute Verbose: 0 : SshRelayStream [TX: 2 TXA: 0 RX: 2 AQ: 2]: Connection closed abnormally: SID_UNKNOWN
Google.Solutions.Compute Verbose: 0 : SshRelayStream [TX: 2 TXA: 0 RX: 2 AQ: 2]: Connection closed abnormally: SID_UNKNOWN
Google.Solutions.Compute Verbose: 0 : SshRelayStream [TX: 2 TXA: 0 RX: 2 AQ: 2]: Connection closed abnormally: SID_UNKNOWN
Google.Solutions.Compute Verbose: 0 : SshRelayStream [TX: 2 TXA: 0 RX: 2 AQ: 2]: Connection closed abnormally: SID_UNKNOWN
Google.Solutions.Compute Verbose: 0 : SshRelayStream [TX: 2 TXA: 0 RX: 2 AQ: 2]: Connection closed abnormally: SID_UNKNOWN
Google.Solutions.Compute Verbose: 0 : SshRelayStream [TX: 2 TXA: 0 RX: 2 AQ: 2]: Connection closed abnormally: SID_UNKNOWN
Google.Solutions.Compute Verbose: 0 : SshRelayStream [TX: 2 TXA: 0 RX: 2 AQ: 2]: Connection closed abnormally: SID_UNKNOWN
Google.Solutions.Compute Verbose: 0 : SshRelayStream [TX: 2 TXA: 0 RX: 2 AQ: 2]: Connection closed abnormally: SID_UNKNOWN
Google.Solutions.Compute Verbose: 0 : SshRelayStream [TX: 2 TXA: 0 RX: 2 AQ: 2]: Connection closed abnormally: SID_UNKNOWN
Google.Solutions.Compute Verbose: 0 : SshRelayStream [TX: 2 TXA: 0 RX: 2 AQ: 2]: Connection closed abnormally: SID_UNKNOWN
Google.Solutions.Compute Verbose: 0 : SshRelayStream [TX: 2 TXA: 0 RX: 2 AQ: 2]: Connection closed abnormally: SID_UNKNOWN
Google.Solutions.Compute Verbose: 0 : SshRelayStream [TX: 2 TXA: 0 RX: 2 AQ: 2]: Connection closed abnormally: SID_UNKNOWN
Google.Solutions.Compute Verbose: 0 : SshRelayStream [TX: 2 TXA: 0 RX: 2 AQ: 2]: Connection closed abnormally: SID_UNKNOWN
Google.Solutions.Compute Verbose: 0 : SshRelayStream [TX: 2 TXA: 0 RX: 2 AQ: 2]: Connection closed abnormally: SID_UNKNOWN
Google.Solutions.Compute Verbose: 0 : SshRelayStream [TX: 2 TXA: 0 RX: 2 AQ: 2]: Connection closed abnormally: SID_UNKNOWN
Google.Solutions.Compute Verbose: 0 : SshRelayStream [TX: 2 TXA: 0 RX: 2 AQ: 2]: Connection closed abnormally: SID_UNKNOWN
Google.Solutions.Compute Verbose: 0 : SshRelayStream [TX: 2 TXA: 0 RX: 2 AQ: 2]: Connection closed abnormally: SID_UNKNOWN
Google.Solutions.Compute Verbose: 0 : SshRelayStream [TX: 2 TXA: 0 RX: 2 AQ: 2]: Connection closed abnormally: SID_UNKNOWN
Google.Solutions.Compute Verbose: 0 : SshRelayStream [TX: 2 TXA: 0 RX: 2 AQ: 2]: Connection closed abnormally: SID_UNKNOWN
Google.Solutions.Compute Verbose: 0 : SshRelayStream [TX: 2 TXA: 0 RX: 2 AQ: 2]: Connection closed abnormally: SID_UNKNOWN
Google.Solutions.Compute Verbose: 0 : SshRelayStream [TX: 2 TXA: 0 RX: 2 AQ: 2]: Connection closed abnormally: SID_UNKNOWN
Google.Solutions.Compute Verbose: 0 : SshRelayStream [TX: 2 TXA: 0 RX: 2 AQ: 2]: Connection closed abnormally: SID_UNKNOWN
Google.Solutions.Compute Verbose: 0 : SshRelayStream [TX: 2 TXA: 0 RX: 2 AQ: 2]: Connection closed abnormally: SID_UNKNOWN
Google.Solutions.Compute Verbose: 0 : SshRelayStream [TX: 2 TXA: 0 RX: 2 AQ: 2]: Connection closed abnormally: SID_UNKNOWN
Google.Solutions.Compute Verbose: 0 : SshRelayStream [TX: 2 TXA: 0 RX: 2 AQ: 2]: Connection closed abnormally: SID_UNKNOWN
Google.Solutions.Compute Verbose: 0 : SshRelayStream [TX: 2 TXA: 0 RX: 2 AQ: 2]: Connection closed abnormally: SID_UNKNOWN
Google.Solutions.Compute Verbose: 0 : SshRelayStream [TX: 2 TXA: 0 RX: 2 AQ: 2]: Connection closed abnormally: SID_UNKNOWN
Google.Solutions.Compute Verbose: 0 : SshRelayStream [TX: 2 TXA: 0 RX: 2 AQ: 2]: Connection closed abnormally: SID_UNKNOWN
Google.Solutions.Compute Verbose: 0 : SshRelayStream [TX: 2 TXA: 0 RX: 2 AQ: 2]: Connection closed abnormally: SID_UNKNOWN
Google.Solutions.Compute Verbose: 0 : SshRelayStream [TX: 2 TXA: 0 RX: 2 AQ: 2]: Connection closed abnormally: SID_UNKNOWN
Google.Solutions.Compute Verbose: 0 : SshRelayStream [TX: 2 TXA: 0 RX: 2 AQ: 2]: Connection closed abnormally: SID_UNKNOWN
Google.Solutions.Compute Verbose: 0 : SshRelayStream [TX: 2 TXA: 0 RX: 2 AQ: 2]: Connection closed abnormally: SID_UNKNOWN
Google.Solutions.Compute Verbose: 0 : SshRelayStream [TX: 2 TXA: 0 RX: 2 AQ: 2]: Connection closed abnormally: SID_UNKNOWN
Google.Solutions.Compute Verbose: 0 : SshRelayStream [TX: 2 TXA: 0 RX: 2 AQ: 2]: Connection closed abnormally: SID_UNKNOWN
Google.Solutions.Compute Verbose: 0 : SshRelayStream [TX: 2 TXA: 0 RX: 2 AQ: 2]: Connection closed abnormally: SID_UNKNOWN
Google.Solutions.Compute Verbose: 0 : SshRelayStream [TX: 2 TXA: 0 RX: 2 AQ: 2]: Connection closed abnormally: SID_UNKNOWN
Google.Solutions.Compute Verbose: 0 : SshRelayStream [TX: 2 TXA: 0 RX: 2 AQ: 2]: Connection closed abnormally: SID_UNKNOWN
Google.Solutions.Compute Verbose: 0 : SshRelayStream [TX: 2 TXA: 0 RX: 2 AQ: 2]: Connection closed abnormally: SID_UNKNOWN
Google.Solutions.Compute Verbose: 0 : SshRelayStream [TX: 2 TXA: 0 RX: 2 AQ: 2]: Connection closed abnormally: SID_UNKNOWN
Google.Solutions.Compute Verbose: 0 : SshRelayStream [TX: 2 TXA: 0 RX: 2 AQ: 2]: Connection closed abnormally: SID_UNKNOWN
Google.Solutions.Compute Verbose: 0 : SshRelayStream [TX: 2 TXA: 0 RX: 2 AQ: 2]: Connection closed abnormally: SID_UNKNOWN
Google.Solutions.Compute Verbose: 0 : SshRelayStream [TX: 2 TXA: 0 RX: 2 AQ: 2]: Connection closed abnormally: SID_UNKNOWN
Google.Solutions.Compute Verbose: 0 : SshRelayStream [TX: 2 TXA: 0 RX: 2 AQ: 2]: Connection closed abnormally: SID_UNKNOWN
Google.Solutions.Compute Verbose: 0 : SshRelayStream [TX: 2 TXA: 0 RX: 2 AQ: 2]: Connection closed abnormally: SID_UNKNOWN
Google.Solutions.Compute Verbose: 0 : SshRelayStream [TX: 2 TXA: 0 RX: 2 AQ: 2]: Connection closed abnormally: SID_UNKNOWN
Google.Solutions.Compute Verbose: 0 : SshRelayStream [TX: 2 TXA: 0 RX: 2 AQ: 2]: Connection closed abnormally: SID_UNKNOWN
Google.Solutions.Compute Verbose: 0 : SshRelayStream [TX: 2 TXA: 0 RX: 2 AQ: 2]: Connection closed abnormally: SID_UNKNOWN
Google.Solutions.Compute Verbose: 0 : SshRelayStream [TX: 2 TXA: 0 RX: 2 AQ: 2]: Disconnecting, preparing to reconnect
Google.Solutions.Compute Verbose: 0 : SshRelayStream [TX: 2 TXA: 0 RX: 2 AQ: 2]: Disconnecting, preparing to reconnect
Google.Solutions.Compute Verbose: 0 : SshRelayStream [TX: 2 TXA: 0 RX: 2 AQ: 2]: Disconnecting, preparing to reconnect
Google.Solutions.Compute Verbose: 0 : SshRelayStream [TX: 2 TXA: 0 RX: 2 AQ: 2]: Disconnecting, preparing to reconnect
Google.Solutions.Compute Verbose: 0 : SshRelayStream [TX: 2 TXA: 0 RX: 2 AQ: 2]: Disconnecting, preparing to reconnect
Google.Solutions.Compute Verbose: 0 : SshRelayStream [TX: 2 TXA: 0 RX: 2 AQ: 2]: Disconnecting, preparing to reconnect
Google.Solutions.Compute Verbose: 0 : SshRelayStream [TX: 2 TXA: 0 RX: 2 AQ: 2]: Disconnecting, preparing to reconnect
Google.Solutions.Compute Verbose: 0 : SshRelayStream [TX: 2 TXA: 0 RX: 2 AQ: 2]: Disconnecting, preparing to reconnect
Google.Solutions.Compute Verbose: 0 : SshRelayStream [TX: 2 TXA: 0 RX: 2 AQ: 2]: Disconnecting, preparing to reconnect
Google.Solutions.Compute Verbose: 0 : SshRelayStream [TX: 2 TXA: 0 RX: 2 AQ: 2]: Disconnecting, preparing to reconnect
Google.Solutions.Compute Verbose: 0 : SshRelayStream [TX: 2 TXA: 0 RX: 2 AQ: 2]: Disconnecting, preparing to reconnect
Google.Solutions.Compute Verbose: 0 : SshRelayStream [TX: 2 TXA: 0 RX: 2 AQ: 2]: Disconnecting, preparing to reconnect
Google.Solutions.Compute Verbose: 0 : SshRelayStream [TX: 2 TXA: 0 RX: 2 AQ: 2]: Disconnecting, preparing to reconnect
Google.Solutions.Compute Verbose: 0 : SshRelayStream [TX: 2 TXA: 0 RX: 2 AQ: 2]: Disconnecting, preparing to reconnect
Google.Solutions.Compute Verbose: 0 : SshRelayStream [TX: 2 TXA: 0 RX: 2 AQ: 2]: Disconnecting, preparing to reconnect
Google.Solutions.Compute Verbose: 0 : SshRelayStream [TX: 2 TXA: 0 RX: 2 AQ: 2]: Disconnecting, preparing to reconnect
Google.Solutions.Compute Verbose: 0 : SshRelayStream [TX: 2 TXA: 0 RX: 2 AQ: 2]: Disconnecting, preparing to reconnect
Google.Solutions.Compute Verbose: 0 : SshRelayStream [TX: 2 TXA: 0 RX: 2 AQ: 2]: Disconnecting, preparing to reconnect
Google.Solutions.Compute Verbose: 0 : SshRelayStream [TX: 2 TXA: 0 RX: 2 AQ: 2]: Disconnecting, preparing to reconnect
Google.Solutions.Compute Verbose: 0 : SshRelayStream [TX: 2 TXA: 0 RX: 2 AQ: 2]: Disconnecting, preparing to reconnect
Google.Solutions.Compute Verbose: 0 : SshRelayStream [TX: 2 TXA: 0 RX: 2 AQ: 2]: Disconnecting, preparing to reconnect
Google.Solutions.Compute Verbose: 0 : SshRelayStream [TX: 2 TXA: 0 RX: 2 AQ: 2]: Disconnecting, preparing to reconnect
Google.Solutions.Compute Verbose: 0 : SshRelayStream [TX: 2 TXA: 0 RX: 2 AQ: 2]: Disconnecting, preparing to reconnect
Google.Solutions.Compute Verbose: 0 : SshRelayStream [TX: 2 TXA: 0 RX: 2 AQ: 2]: Disconnecting, preparing to reconnect
Google.Solutions.Compute Verbose: 0 : SshRelayStream [TX: 2 TXA: 0 RX: 2 AQ: 2]: Disconnecting, preparing to reconnect
Google.Solutions.Compute Verbose: 0 : SshRelayStream [TX: 2 TXA: 0 RX: 2 AQ: 2]: Disconnecting, preparing to reconnect
Google.Solutions.Compute Verbose: 0 : SshRelayStream [TX: 2 TXA: 0 RX: 2 AQ: 2]: Disconnecting, preparing to reconnect
Google.Solutions.Compute Verbose: 0 : SshRelayStream [TX: 2 TXA: 0 RX: 2 AQ: 2]: Disconnecting, preparing to reconnect
Google.Solutions.Compute Verbose: 0 : SshRelayStream [TX: 2 TXA: 0 RX: 2 AQ: 2]: Disconnecting, preparing to reconnect
Google.Solutions.Compute Verbose: 0 : SshRelayStream [TX: 2 TXA: 0 RX: 2 AQ: 2]: Disconnecting, preparing to reconnect
Google.Solutions.Compute Verbose: 0 : SshRelayStream [TX: 2 TXA: 0 RX: 2 AQ: 2]: Disconnecting, preparing to reconnect
Google.Solutions.Compute Verbose: 0 : SshRelayStream [TX: 2 TXA: 0 RX: 2 AQ: 2]: Disconnecting, preparing to reconnect
Google.Solutions.Compute Verbose: 0 : SshRelayStream [TX: 2 TXA: 0 RX: 2 AQ: 2]: Disconnecting, preparing to reconnect
Google.Solutions.Compute Verbose: 0 : SshRelayStream [TX: 2 TXA: 0 RX: 2 AQ: 2]: Disconnecting, preparing to reconnect
Google.Solutions.Compute Verbose: 0 : SshRelayStream [TX: 2 TXA: 0 RX: 2 AQ: 2]: Disconnecting, preparing to reconnect
Google.Solutions.Compute Verbose: 0 : SshRelayStream [TX: 2 TXA: 0 RX: 2 AQ: 2]: Disconnecting, preparing to reconnect
Google.Solutions.Compute Verbose: 0 : SshRelayStream [TX: 2 TXA: 0 RX: 2 AQ: 2]: Disconnecting, preparing to reconnect
Google.Solutions.Compute Verbose: 0 : SshRelayStream [TX: 2 TXA: 0 RX: 2 AQ: 2]: Disconnecting, preparing to reconnect
Google.Solutions.Compute Verbose: 0 : SshRelayStream [TX: 2 TXA: 0 RX: 2 AQ: 2]: Disconnecting, preparing to reconnect
Google.Solutions.Compute Verbose: 0 : SshRelayStream [TX: 2 TXA: 0 RX: 2 AQ: 2]: Disconnecting, preparing to reconnect
Google.Solutions.Compute Verbose: 0 : SshRelayStream [TX: 2 TXA: 0 RX: 2 AQ: 2]: Disconnecting, preparing to reconnect
Google.Solutions.Compute Verbose: 0 : SshRelayStream [TX: 2 TXA: 0 RX: 2 AQ: 2]: Disconnecting, preparing to reconnect
Google.Solutions.Compute Verbose: 0 : SshRelayStream [TX: 2 TXA: 0 RX: 2 AQ: 2]: Disconnecting, preparing to reconnect
Google.Solutions.Compute Verbose: 0 : SshRelayStream [TX: 2 TXA: 0 RX: 2 AQ: 2]: Disconnecting, preparing to reconnect
Google.Solutions.Compute Verbose: 0 : SshRelayStream [TX: 2 TXA: 0 RX: 2 AQ: 2]: Disconnecting, preparing to reconnect
Google.Solutions.Compute Verbose: 0 : SshRelayStream [TX: 2 TXA: 0 RX: 2 AQ: 2]: Disconnecting, preparing to reconnect
Google.Solutions.Compute Verbose: 0 : SshRelayStream [TX: 2 TXA: 0 RX: 2 AQ: 2]: Disconnecting, preparing to reconnect
Google.Solutions.Compute Verbose: 0 : SshRelayStream [TX: 2 TXA: 0 RX: 2 AQ: 2]: Disconnecting, preparing to reconnect
Google.Solutions.Compute Verbose: 0 : SshRelayStream [TX: 2 TXA: 0 RX: 2 AQ: 2]: Disconnecting, preparing to reconnect
Google.Solutions.Compute Verbose: 0 : SshRelayStream [TX: 2 TXA: 0 RX: 2 AQ: 2]: Disconnecting, preparing to reconnect
Google.Solutions.Compute Verbose: 0 : SshRelayStream [TX: 2 TXA: 0 RX: 2 AQ: 2]: Disconnecting, preparing to reconnect
Google.Solutions.Compute Verbose: 0 : SshRelayStream [TX: 2 TXA: 0 RX: 2 AQ: 2]: Disconnecting, preparing to reconnect
Google.Solutions.Compute Verbose: 0 : SshRelayStream [TX: 2 TXA: 0 RX: 2 AQ: 2]: Disconnecting, preparing to reconnect
Google.Solutions.Compute Verbose: 0 : SshRelayStream [TX: 2 TXA: 0 RX: 2 AQ: 2]: Disconnecting, preparing to reconnect
Google.Solutions.Compute Verbose: 0 : SshRelayStream [TX: 2 TXA: 0 RX: 2 AQ: 2]: Disconnecting, preparing to reconnect
Google.Solutions.Compute Verbose: 0 : SshRelayStream [TX: 2 TXA: 0 RX: 2 AQ: 2]: Disconnecting, preparing to reconnect
Google.Solutions.Compute Verbose: 0 : SshRelayStream [TX: 2 TXA: 0 RX: 2 AQ: 2]: Disconnecting, preparing to reconnect
Google.Solutions.Compute Verbose: 0 : SshRelayStream [TX: 2 TXA: 0 RX: 2 AQ: 2]: Disconnecting, preparing to reconnect
Google.Solutions.Compute Verbose: 0 : SshRelayStream [TX: 2 TXA: 0 RX: 2 AQ: 2]: Disconnecting, preparing to reconnect
Google.Solutions.Compute Verbose: 0 : SshRelayStream [TX: 2 TXA: 0 RX: 2 AQ: 2]: Disconnecting, preparing to reconnect
Google.Solutions.Compute Verbose: 0 : SshRelayStream [TX: 2 TXA: 0 RX: 2 AQ: 2]: Disconnecting, preparing to reconnect
Google.Solutions.Compute Verbose: 0 : SshRelayStream [TX: 2 TXA: 0 RX: 2 AQ: 2]: Disconnecting, preparing to reconnect
Google.Solutions.Compute Verbose: 0 : SshRelayStream [TX: 2 TXA: 0 RX: 2 AQ: 2]: Disconnecting, preparing to reconnect
Google.Solutions.Compute Verbose: 0 : SshRelayStream [TX: 2 TXA: 0 RX: 2 AQ: 2]: Disconnecting, preparing to reconnect
Google.Solutions.Compute Verbose: 0 : SshRelayStream [TX: 2 TXA: 0 RX: 2 AQ: 2]: Disonnected.
Google.Solutions.Compute Verbose: 0 : SshRelayStream [TX: 2 TXA: 0 RX: 2 AQ: 2]: Disonnected.
Google.Solutions.Compute Verbose: 0 : SshRelayStream [TX: 2 TXA: 0 RX: 2 AQ: 2]: Disonnected.
Google.Solutions.Compute Verbose: 0 : SshRelayStream [TX: 2 TXA: 0 RX: 2 AQ: 2]: Disonnected.
Google.Solutions.Compute Verbose: 0 : SshRelayStream [TX: 2 TXA: 0 RX: 2 AQ: 2]: Disonnected.
Google.Solutions.Compute Verbose: 0 : SshRelayStream [TX: 2 TXA: 0 RX: 2 AQ: 2]: Disonnected.
Google.Solutions.Compute Verbose: 0 : SshRelayStream [TX: 2 TXA: 0 RX: 2 AQ: 2]: Disonnected.
Google.Solutions.Compute Verbose: 0 : SshRelayStream [TX: 2 TXA: 0 RX: 2 AQ: 2]: Disonnected.
Google.Solutions.Compute Verbose: 0 : SshRelayStream [TX: 2 TXA: 0 RX: 2 AQ: 2]: Disonnected.
Google.Solutions.Compute Verbose: 0 : SshRelayStream [TX: 2 TXA: 0 RX: 2 AQ: 2]: Disonnected.
Google.Solutions.Compute Verbose: 0 : SshRelayStream [TX: 2 TXA: 0 RX: 2 AQ: 2]: Disonnected.
Google.Solutions.Compute Verbose: 0 : SshRelayStream [TX: 2 TXA: 0 RX: 2 AQ: 2]: Disonnected.
Google.Solutions.Compute Verbose: 0 : SshRelayStream [TX: 2 TXA: 0 RX: 2 AQ: 2]: Disonnected.
Google.Solutions.Compute Verbose: 0 : SshRelayStream [TX: 2 TXA: 0 RX: 2 AQ: 2]: Disonnected.
Google.Solutions.Compute Verbose: 0 : SshRelayStream [TX: 2 TXA: 0 RX: 2 AQ: 2]: Disonnected.
Google.Solutions.Compute Verbose: 0 : SshRelayStream [TX: 2 TXA: 0 RX: 2 AQ: 2]: Disonnected.
Google.Solutions.Compute Verbose: 0 : SshRelayStream [TX: 2 TXA: 0 RX: 2 AQ: 2]: Disonnected.
Google.Solutions.Compute Verbose: 0 : SshRelayStream [TX: 2 TXA: 0 RX: 2 AQ: 2]: Disonnected.
Google.Solutions.Compute Verbose: 0 : SshRelayStream [TX: 2 TXA: 0 RX: 2 AQ: 2]: Disonnected.
Google.Solutions.Compute Verbose: 0 : SshRelayStream [TX: 2 TXA: 0 RX: 2 AQ: 2]: Disonnected.
Google.Solutions.Compute Verbose: 0 : SshRelayStream [TX: 2 TXA: 0 RX: 2 AQ: 2]: Disonnected.
Google.Solutions.Compute Verbose: 0 : SshRelayStream [TX: 2 TXA: 0 RX: 2 AQ: 2]: Disonnected.
Google.Solutions.Compute Verbose: 0 : SshRelayStream [TX: 2 TXA: 0 RX: 2 AQ: 2]: Disonnected.
Google.Solutions.Compute Verbose: 0 : SshRelayStream [TX: 2 TXA: 0 RX: 2 AQ: 2]: Disonnected.
Google.Solutions.Compute Verbose: 0 : SshRelayStream [TX: 2 TXA: 0 RX: 2 AQ: 2]: Disonnected.
Google.Solutions.Compute Verbose: 0 : SshRelayStream [TX: 2 TXA: 0 RX: 2 AQ: 2]: Disonnected.
Google.Solutions.Compute Verbose: 0 : SshRelayStream [TX: 2 TXA: 0 RX: 2 AQ: 2]: Disonnected.
Google.Solutions.Compute Verbose: 0 : SshRelayStream [TX: 2 TXA: 0 RX: 2 AQ: 2]: Disonnected.
Google.Solutions.Compute Verbose: 0 : SshRelayStream [TX: 2 TXA: 0 RX: 2 AQ: 2]: Disonnected.
Google.Solutions.Compute Verbose: 0 : SshRelayStream [TX: 2 TXA: 0 RX: 2 AQ: 2]: Disonnected.
Google.Solutions.Compute Verbose: 0 : SshRelayStream [TX: 2 TXA: 0 RX: 2 AQ: 2]: Disonnected.
Google.Solutions.Compute Verbose: 0 : SshRelayStream [TX: 2 TXA: 0 RX: 2 AQ: 2]: Disonnected.
Google.Solutions.Compute Verbose: 0 : SshRelayStream [TX: 2 TXA: 0 RX: 2 AQ: 2]: Disonnected.
Google.Solutions.Compute Verbose: 0 : SshRelayStream [TX: 2 TXA: 0 RX: 2 AQ: 2]: Disonnected.
Google.Solutions.Compute Verbose: 0 : SshRelayStream [TX: 2 TXA: 0 RX: 2 AQ: 2]: Disonnected.
Google.Solutions.Compute Verbose: 0 : SshRelayStream [TX: 2 TXA: 0 RX: 2 AQ: 2]: Disonnected.
Google.Solutions.Compute Verbose: 0 : SshRelayStream [TX: 2 TXA: 0 RX: 2 AQ: 2]: Disonnected.
Google.Solutions.Compute Verbose: 0 : SshRelayStream [TX: 2 TXA: 0 RX: 2 AQ: 2]: Disonnected.
Google.Solutions.Compute Verbose: 0 : SshRelayStream [TX: 2 TXA: 0 RX: 2 AQ: 2]: Disonnected.
Google.Solutions.Compute Verbose: 0 : SshRelayStream [TX: 2 TXA: 0 RX: 2 AQ: 2]: Disonnected.
Google.Solutions.Compute Verbose: 0 : SshRelayStream [TX: 2 TXA: 0 RX: 2 AQ: 2]: Disonnected.
Google.Solutions.Compute Verbose: 0 : SshRelayStream [TX: 2 TXA: 0 RX: 2 AQ: 2]: Disonnected.
Google.Solutions.Compute Verbose: 0 : SshRelayStream [TX: 2 TXA: 0 RX: 2 AQ: 2]: Disonnected.
Google.Solutions.Compute Verbose: 0 : SshRelayStream [TX: 2 TXA: 0 RX: 2 AQ: 2]: Disonnected.
Google.Solutions.Compute Verbose: 0 : SshRelayStream [TX: 2 TXA: 0 RX: 2 AQ: 2]: Disonnected.
Google.Solutions.Compute Verbose: 0 : SshRelayStream [TX: 2 TXA: 0 RX: 2 AQ: 2]: Disonnected.
Google.Solutions.Compute Verbose: 0 : SshRelayStream [TX: 2 TXA: 0 RX: 2 AQ: 2]: Disonnected.
Google.Solutions.Compute Verbose: 0 : SshRelayStream [TX: 2 TXA: 0 RX: 2 AQ: 2]: Disonnected.
Google.Solutions.Compute Verbose: 0 : SshRelayStream [TX: 2 TXA: 0 RX: 2 AQ: 2]: Disonnected.
Google.Solutions.Compute Verbose: 0 : SshRelayStream [TX: 2 TXA: 0 RX: 2 AQ: 2]: Disonnected.
Google.Solutions.Compute Verbose: 0 : SshRelayStream [TX: 2 TXA: 0 RX: 2 AQ: 2]: Disonnected.
Google.Solutions.Compute Verbose: 0 : SshRelayStream [TX: 2 TXA: 0 RX: 2 AQ: 2]: Disonnected.
Google.Solutions.Compute Verbose: 0 : SshRelayStream [TX: 2 TXA: 0 RX: 2 AQ: 2]: Disonnected.
Google.Solutions.Compute Verbose: 0 : SshRelayStream [TX: 2 TXA: 0 RX: 2 AQ: 2]: Disonnected.
Google.Solutions.Compute Verbose: 0 : SshRelayStream [TX: 2 TXA: 0 RX: 2 AQ: 2]: Disonnected.
Google.Solutions.Compute Verbose: 0 : SshRelayStream [TX: 2 TXA: 0 RX: 2 AQ: 2]: Disonnected.
Google.Solutions.Compute Verbose: 0 : SshRelayStream [TX: 2 TXA: 0 RX: 2 AQ: 2]: Disonnected.
Google.Solutions.Compute Verbose: 0 : SshRelayStream [TX: 2 TXA: 0 RX: 2 AQ: 2]: Disonnected.
Google.Solutions.Compute Verbose: 0 : SshRelayStream [TX: 2 TXA: 0 RX: 2 AQ: 2]: Disonnected.
Google.Solutions.Compute Verbose: 0 : SshRelayStream [TX: 2 TXA: 0 RX: 2 AQ: 2]: Disonnected.
Google.Solutions.Compute Verbose: 0 : SshRelayStream [TX: 2 TXA: 0 RX: 2 AQ: 2]: Disonnected.
Google.Solutions.Compute Verbose: 0 : SshRelayStream [TX: 2 TXA: 0 RX: 2 AQ: 2]: Disonnected.
Google.Solutions.Compute Verbose: 0 : SshRelayStream [TX: 2 TXA: 0 RX: 2 AQ: 2]: Disonnected.
Google.Solutions.Compute Verbose: 0 : SshRelayStream [TX: 2 TXA: 0 RX: 2 AQ: 2]: Disonnected.
Google.Solutions.Compute Verbose: 0 : SshRelayStream [TX: 2 TXA: 0 RX: 2 AQ: 2]: Reconnecting...
Google.Solutions.Compute Verbose: 0 : SshRelayStream [TX: 2 TXA: 0 RX: 2 AQ: 2]: Reconnecting...
Google.Solutions.Compute Verbose: 0 : SshRelayStream [TX: 2 TXA: 0 RX: 2 AQ: 2]: Reconnecting...
Google.Solutions.Compute Verbose: 0 : SshRelayStream [TX: 2 TXA: 0 RX: 2 AQ: 2]: Reconnecting...
Google.Solutions.Compute Verbose: 0 : SshRelayStream [TX: 2 TXA: 0 RX: 2 AQ: 2]: Reconnecting...
Google.Solutions.Compute Verbose: 0 : SshRelayStream [TX: 2 TXA: 0 RX: 2 AQ: 2]: Reconnecting...
Google.Solutions.Compute Verbose: 0 : SshRelayStream [TX: 2 TXA: 0 RX: 2 AQ: 2]: Reconnecting...
Google.Solutions.Compute Verbose: 0 : SshRelayStream [TX: 2 TXA: 0 RX: 2 AQ: 2]: Reconnecting...
Google.Solutions.Compute Verbose: 0 : SshRelayStream [TX: 2 TXA: 0 RX: 2 AQ: 2]: Reconnecting...
Google.Solutions.Compute Verbose: 0 : SshRelayStream [TX: 2 TXA: 0 RX: 2 AQ: 2]: Reconnecting...
Google.Solutions.Compute Verbose: 0 : SshRelayStream [TX: 2 TXA: 0 RX: 2 AQ: 2]: Reconnecting...
Google.Solutions.Compute Verbose: 0 : SshRelayStream [TX: 2 TXA: 0 RX: 2 AQ: 2]: Reconnecting...
Google.Solutions.Compute Verbose: 0 : SshRelayStream [TX: 2 TXA: 0 RX: 2 AQ: 2]: Reconnecting...
Google.Solutions.Compute Verbose: 0 : SshRelayStream [TX: 2 TXA: 0 RX: 2 AQ: 2]: Reconnecting...
Google.Solutions.Compute Verbose: 0 : SshRelayStream [TX: 2 TXA: 0 RX: 2 AQ: 2]: Reconnecting...
Google.Solutions.Compute Verbose: 0 : SshRelayStream [TX: 2 TXA: 0 RX: 2 AQ: 2]: Reconnecting...
Google.Solutions.Compute Verbose: 0 : SshRelayStream [TX: 2 TXA: 0 RX: 2 AQ: 2]: Reconnecting...
Google.Solutions.Compute Verbose: 0 : SshRelayStream [TX: 2 TXA: 0 RX: 2 AQ: 2]: Reconnecting...
Google.Solutions.Compute Verbose: 0 : SshRelayStream [TX: 2 TXA: 0 RX: 2 AQ: 2]: Reconnecting...
Google.Solutions.Compute Verbose: 0 : SshRelayStream [TX: 2 TXA: 0 RX: 2 AQ: 2]: Reconnecting...
Google.Solutions.Compute Verbose: 0 : SshRelayStream [TX: 2 TXA: 0 RX: 2 AQ: 2]: Reconnecting...
Google.Solutions.Compute Verbose: 0 : SshRelayStream [TX: 2 TXA: 0 RX: 2 AQ: 2]: Reconnecting...
Google.Solutions.Compute Verbose: 0 : SshRelayStream [TX: 2 TXA: 0 RX: 2 AQ: 2]: Reconnecting...
Google.Solutions.Compute Verbose: 0 : SshRelayStream [TX: 2 TXA: 0 RX: 2 AQ: 2]: Reconnecting...
Google.Solutions.Compute Verbose: 0 : SshRelayStream [TX: 2 TXA: 0 RX: 2 AQ: 2]: Reconnecting...
Google.Solutions.Compute Verbose: 0 : SshRelayStream [TX: 2 TXA: 0 RX: 2 AQ: 2]: Reconnecting...
Google.Solutions.Compute Verbose: 0 : SshRelayStream [TX: 2 TXA: 0 RX: 2 AQ: 2]: Reconnecting...
Google.Solutions.Compute Verbose: 0 : SshRelayStream [TX: 2 TXA: 0 RX: 2 AQ: 2]: Reconnecting...
Google.Solutions.Compute Verbose: 0 : SshRelayStream [TX: 2 TXA: 0 RX: 2 AQ: 2]: Reconnecting...
Google.Solutions.Compute Verbose: 0 : SshRelayStream [TX: 2 TXA: 0 RX: 2 AQ: 2]: Reconnecting...
Google.Solutions.Compute Verbose: 0 : SshRelayStream [TX: 2 TXA: 0 RX: 2 AQ: 2]: Reconnecting...
Google.Solutions.Compute Verbose: 0 : SshRelayStream [TX: 2 TXA: 0 RX: 2 AQ: 2]: Reconnecting...
Google.Solutions.Compute Verbose: 0 : SshRelayStream [TX: 2 TXA: 0 RX: 2 AQ: 2]: Reconnecting...
Google.Solutions.Compute Verbose: 0 : SshRelayStream [TX: 2 TXA: 0 RX: 2 AQ: 2]: Reconnecting...
Google.Solutions.Compute Verbose: 0 : SshRelayStream [TX: 2 TXA: 0 RX: 2 AQ: 2]: Reconnecting...
Google.Solutions.Compute Verbose: 0 : SshRelayStream [TX: 2 TXA: 0 RX: 2 AQ: 2]: Reconnecting...
Google.Solutions.Compute Verbose: 0 : SshRelayStream [TX: 2 TXA: 0 RX: 2 AQ: 2]: Reconnecting...
Google.Solutions.Compute Verbose: 0 : SshRelayStream [TX: 2 TXA: 0 RX: 2 AQ: 2]: Reconnecting...
Google.Solutions.Compute Verbose: 0 : SshRelayStream [TX: 2 TXA: 0 RX: 2 AQ: 2]: Reconnecting...
Google.Solutions.Compute Verbose: 0 : SshRelayStream [TX: 2 TXA: 0 RX: 2 AQ: 2]: Reconnecting...
Google.Solutions.Compute Verbose: 0 : SshRelayStream [TX: 2 TXA: 0 RX: 2 AQ: 2]: Reconnecting...
Google.Solutions.Compute Verbose: 0 : SshRelayStream [TX: 2 TXA: 0 RX: 2 AQ: 2]: Reconnecting...
Google.Solutions.Compute Verbose: 0 : SshRelayStream [TX: 2 TXA: 0 RX: 2 AQ: 2]: Reconnecting...
Google.Solutions.Compute Verbose: 0 : SshRelayStream [TX: 2 TXA: 0 RX: 2 AQ: 2]: Reconnecting...
Google.Solutions.Compute Verbose: 0 : SshRelayStream [TX: 2 TXA: 0 RX: 2 AQ: 2]: Reconnecting...
Google.Solutions.Compute Verbose: 0 : SshRelayStream [TX: 2 TXA: 0 RX: 2 AQ: 2]: Reconnecting...
Google.Solutions.Compute Verbose: 0 : SshRelayStream [TX: 2 TXA: 0 RX: 2 AQ: 2]: Reconnecting...
Google.Solutions.Compute Verbose: 0 : SshRelayStream [TX: 2 TXA: 0 RX: 2 AQ: 2]: Reconnecting...
Google.Solutions.Compute Verbose: 0 : SshRelayStream [TX: 2 TXA: 0 RX: 2 AQ: 2]: Reconnecting...
Google.Solutions.Compute Verbose: 0 : SshRelayStream [TX: 2 TXA: 0 RX: 2 AQ: 2]: Reconnecting...
Google.Solutions.Compute Verbose: 0 : SshRelayStream [TX: 2 TXA: 0 RX: 2 AQ: 2]: Reconnecting...
Google.Solutions.Compute Verbose: 0 : SshRelayStream [TX: 2 TXA: 0 RX: 2 AQ: 2]: Reconnecting...
Google.Solutions.Compute Verbose: 0 : SshRelayStream [TX: 2 TXA: 0 RX: 2 AQ: 2]: Reconnecting...
Google.Solutions.Compute Verbose: 0 : SshRelayStream [TX: 2 TXA: 0 RX: 2 AQ: 2]: Reconnecting...
Google.Solutions.Compute Verbose: 0 : SshRelayStream [TX: 2 TXA: 0 RX: 2 AQ: 2]: Reconnecting...
Google.Solutions.Compute Verbose: 0 : SshRelayStream [TX: 2 TXA: 0 RX: 2 AQ: 2]: Reconnecting...
Google.Solutions.Compute Verbose: 0 : SshRelayStream [TX: 2 TXA: 0 RX: 2 AQ: 2]: Reconnecting...
Google.Solutions.Compute Verbose: 0 : SshRelayStream [TX: 2 TXA: 0 RX: 2 AQ: 2]: Reconnecting...
Google.Solutions.Compute Verbose: 0 : SshRelayStream [TX: 2 TXA: 0 RX: 2 AQ: 2]: Reconnecting...
Google.Solutions.Compute Verbose: 0 : SshRelayStream [TX: 2 TXA: 0 RX: 2 AQ: 2]: Reconnecting...
Google.Solutions.Compute Verbose: 0 : SshRelayStream [TX: 2 TXA: 0 RX: 2 AQ: 2]: Reconnecting...
Google.Solutions.Compute Verbose: 0 : SshRelayStream [TX: 2 TXA: 0 RX: 2 AQ: 2]: Reconnecting...
Google.Solutions.Compute Verbose: 0 : SshRelayStream [TX: 2 TXA: 0 RX: 2 AQ: 2]: Reconnecting...
Google.Solutions.Compute Verbose: 0 : SshRelayStream [TX: 2 TXA: 0 RX: 2 AQ: 2]: Reconnecting...
Google.Solutions.Compute Verbose: 0 : SshRelayStream [TX: 2 TXA: 0 RX: 2 AQ: 1]: Resending DATA #0...
Google.Solutions.Compute Verbose: 0 : SshRelayStream [TX: 2 TXA: 0 RX: 2 AQ: 1]: Resending DATA #0...
Google.Solutions.Compute Verbose: 0 : SshRelayStream [TX: 2 TXA: 0 RX: 2 AQ: 1]: Resending DATA #0...
Google.Solutions.Compute Verbose: 0 : SshRelayStream [TX: 2 TXA: 0 RX: 2 AQ: 1]: Resending DATA #0...
Google.Solutions.Compute Verbose: 0 : SshRelayStream [TX: 2 TXA: 0 RX: 2 AQ: 1]: Resending DATA #0...
Google.Solutions.Compute Verbose: 0 : SshRelayStream [TX: 2 TXA: 0 RX: 2 AQ: 1]: Resending DATA #0...
Google.Solutions.Compute Verbose: 0 : SshRelayStream [TX: 2 TXA: 0 RX: 2 AQ: 1]: Resending DATA #0...
Google.Solutions.Compute Verbose: 0 : SshRelayStream [TX: 2 TXA: 0 RX: 2 AQ: 1]: Resending DATA #0...
Google.Solutions.Compute Verbose: 0 : SshRelayStream [TX: 2 TXA: 0 RX: 2 AQ: 1]: Resending DATA #0...
Google.Solutions.Compute Verbose: 0 : SshRelayStream [TX: 2 TXA: 0 RX: 2 AQ: 1]: Resending DATA #0...
Google.Solutions.Compute Verbose: 0 : SshRelayStream [TX: 2 TXA: 0 RX: 2 AQ: 1]: Resending DATA #0...
Google.Solutions.Compute Verbose: 0 : SshRelayStream [TX: 2 TXA: 0 RX: 2 AQ: 1]: Resending DATA #0...
Google.Solutions.Compute Verbose: 0 : SshRelayStream [TX: 2 TXA: 0 RX: 2 AQ: 1]: Resending DATA #0...
Google.Solutions.Compute Verbose: 0 : SshRelayStream [TX: 2 TXA: 0 RX: 2 AQ: 1]: Resending DATA #0...
Google.Solutions.Compute Verbose: 0 : SshRelayStream [TX: 2 TXA: 0 RX: 2 AQ: 1]: Resending DATA #0...
Google.Solutions.Compute Verbose: 0 : SshRelayStream [TX: 2 TXA: 0 RX: 2 AQ: 1]: Resending DATA #0...
Google.Solutions.Compute Verbose: 0 : SshRelayStream [TX: 2 TXA: 0 RX: 2 AQ: 1]: Resending DATA #0...
Google.Solutions.Compute Verbose: 0 : SshRelayStream [TX: 2 TXA: 0 RX: 2 AQ: 1]: Resending DATA #0...
Google.Solutions.Compute Verbose: 0 : SshRelayStream [TX: 2 TXA: 0 RX: 2 AQ: 1]: Resending DATA #0...
Google.Solutions.Compute Verbose: 0 : SshRelayStream [TX: 2 TXA: 0 RX: 2 AQ: 1]: Resending DATA #0...
Google.Solutions.Compute Verbose: 0 : SshRelayStream [TX: 2 TXA: 0 RX: 2 AQ: 1]: Resending DATA #0...
Google.Solutions.Compute Verbose: 0 : SshRelayStream [TX: 2 TXA: 0 RX: 2 AQ: 1]: Resending DATA #0...
Google.Solutions.Compute Verbose: 0 : SshRelayStream [TX: 2 TXA: 0 RX: 2 AQ: 1]: Resending DATA #0...
Google.Solutions.Compute Verbose: 0 : SshRelayStream [TX: 2 TXA: 0 RX: 2 AQ: 1]: Resending DATA #0...
Google.Solutions.Compute Verbose: 0 : SshRelayStream [TX: 2 TXA: 0 RX: 2 AQ: 1]: Resending DATA #0...
Google.Solutions.Compute Verbose: 0 : SshRelayStream [TX: 2 TXA: 0 RX: 2 AQ: 1]: Resending DATA #0...
Google.Solutions.Compute Verbose: 0 : SshRelayStream [TX: 2 TXA: 0 RX: 2 AQ: 1]: Resending DATA #0...
Google.Solutions.Compute Verbose: 0 : SshRelayStream [TX: 2 TXA: 0 RX: 2 AQ: 1]: Resending DATA #0...
Google.Solutions.Compute Verbose: 0 : SshRelayStream [TX: 2 TXA: 0 RX: 2 AQ: 1]: Resending DATA #0...
Google.Solutions.Compute Verbose: 0 : SshRelayStream [TX: 2 TXA: 0 RX: 2 AQ: 1]: Resending DATA #0...
Google.Solutions.Compute Verbose: 0 : SshRelayStream [TX: 2 TXA: 0 RX: 2 AQ: 1]: Resending DATA #0...
Google.Solutions.Compute Verbose: 0 : SshRelayStream [TX: 2 TXA: 0 RX: 2 AQ: 1]: Resending DATA #0...
Google.Solutions.Compute Verbose: 0 : SshRelayStream [TX: 2 TXA: 0 RX: 2 AQ: 1]: Resending DATA #0...
Google.Solutions.Compute Verbose: 0 : SshRelayStream [TX: 2 TXA: 0 RX: 2 AQ: 1]: Resending DATA #0...
Google.Solutions.Compute Verbose: 0 : SshRelayStream [TX: 2 TXA: 0 RX: 2 AQ: 1]: Resending DATA #0...
Google.Solutions.Compute Verbose: 0 : SshRelayStream [TX: 2 TXA: 0 RX: 2 AQ: 1]: Resending DATA #0...
Google.Solutions.Compute Verbose: 0 : SshRelayStream [TX: 2 TXA: 0 RX: 2 AQ: 1]: Resending DATA #0...
Google.Solutions.Compute Verbose: 0 : SshRelayStream [TX: 2 TXA: 0 RX: 2 AQ: 1]: Resending DATA #0...
Google.Solutions.Compute Verbose: 0 : SshRelayStream [TX: 2 TXA: 0 RX: 2 AQ: 1]: Resending DATA #0...
Google.Solutions.Compute Verbose: 0 : SshRelayStream [TX: 2 TXA: 0 RX: 2 AQ: 1]: Resending DATA #0...
Google.Solutions.Compute Verbose: 0 : SshRelayStream [TX: 2 TXA: 0 RX: 2 AQ: 1]: Resending DATA #0...
Google.Solutions.Compute Verbose: 0 : SshRelayStream [TX: 2 TXA: 0 RX: 2 AQ: 1]: Resending DATA #0...
Google.Solutions.Compute Verbose: 0 : SshRelayStream [TX: 2 TXA: 0 RX: 2 AQ: 1]: Resending DATA #0...
Google.Solutions.Compute Verbose: 0 : SshRelayStream [TX: 2 TXA: 0 RX: 2 AQ: 1]: Resending DATA #0...
Google.Solutions.Compute Verbose: 0 : SshRelayStream [TX: 2 TXA: 0 RX: 2 AQ: 1]: Resending DATA #0...
Google.Solutions.Compute Verbose: 0 : SshRelayStream [TX: 2 TXA: 0 RX: 2 AQ: 1]: Resending DATA #0...
Google.Solutions.Compute Verbose: 0 : SshRelayStream [TX: 2 TXA: 0 RX: 2 AQ: 1]: Resending DATA #0...
Google.Solutions.Compute Verbose: 0 : SshRelayStream [TX: 2 TXA: 0 RX: 2 AQ: 1]: Resending DATA #0...
Google.Solutions.Compute Verbose: 0 : SshRelayStream [TX: 2 TXA: 0 RX: 2 AQ: 1]: Resending DATA #0...
Google.Solutions.Compute Verbose: 0 : SshRelayStream [TX: 2 TXA: 0 RX: 2 AQ: 1]: Resending DATA #0...
Google.Solutions.Compute Verbose: 0 : SshRelayStream [TX: 2 TXA: 0 RX: 2 AQ: 1]: Resending DATA #0...
Google.Solutions.Compute Verbose: 0 : SshRelayStream [TX: 2 TXA: 0 RX: 2 AQ: 1]: Resending DATA #0...
Google.Solutions.Compute Verbose: 0 : SshRelayStream [TX: 2 TXA: 0 RX: 2 AQ: 1]: Resending DATA #0...
Google.Solutions.Compute Verbose: 0 : SshRelayStream [TX: 2 TXA: 0 RX: 2 AQ: 1]: Resending DATA #0...
Google.Solutions.Compute Verbose: 0 : SshRelayStream [TX: 2 TXA: 0 RX: 2 AQ: 1]: Resending DATA #0...
Google.Solutions.Compute Verbose: 0 : SshRelayStream [TX: 2 TXA: 0 RX: 2 AQ: 1]: Resending DATA #0...
Google.Solutions.Compute Verbose: 0 : SshRelayStream [TX: 2 TXA: 0 RX: 2 AQ: 1]: Resending DATA #0...
Google.Solutions.Compute Verbose: 0 : SshRelayStream [TX: 2 TXA: 0 RX: 2 AQ: 1]: Resending DATA #0...
Google.Solutions.Compute Verbose: 0 : SshRelayStream [TX: 2 TXA: 0 RX: 2 AQ: 1]: Resending DATA #0...
Google.Solutions.Compute Verbose: 0 : SshRelayStream [TX: 2 TXA: 0 RX: 2 AQ: 1]: Resending DATA #0...
Google.Solutions.Compute Verbose: 0 : SshRelayStream [TX: 2 TXA: 0 RX: 2 AQ: 1]: Resending DATA #0...
Google.Solutions.Compute Verbose: 0 : SshRelayStream [TX: 2 TXA: 0 RX: 2 AQ: 1]: Resending DATA #0...
Google.Solutions.Compute Verbose: 0 : SshRelayStream [TX: 2 TXA: 0 RX: 2 AQ: 1]: Resending DATA #0...
Google.Solutions.Compute Verbose: 0 : SshRelayStream [TX: 2 TXA: 0 RX: 2 AQ: 1]: Resending DATA #0...
Google.Solutions.Compute Verbose: 0 : SshRelayStream [TX: 2 TXA: 0 RX: 2 AQ: 0]: Resending DATA #1...
Google.Solutions.Compute Verbose: 0 : SshRelayStream [TX: 2 TXA: 0 RX: 2 AQ: 0]: Resending DATA #1...
Google.Solutions.Compute Verbose: 0 : SshRelayStream [TX: 2 TXA: 0 RX: 2 AQ: 0]: Resending DATA #1...
Google.Solutions.Compute Verbose: 0 : SshRelayStream [TX: 2 TXA: 0 RX: 2 AQ: 0]: Resending DATA #1...
Google.Solutions.Compute Verbose: 0 : SshRelayStream [TX: 2 TXA: 0 RX: 2 AQ: 0]: Resending DATA #1...
Google.Solutions.Compute Verbose: 0 : SshRelayStream [TX: 2 TXA: 0 RX: 2 AQ: 0]: Resending DATA #1...
Google.Solutions.Compute Verbose: 0 : SshRelayStream [TX: 2 TXA: 0 RX: 2 AQ: 0]: Resending DATA #1...
Google.Solutions.Compute Verbose: 0 : SshRelayStream [TX: 2 TXA: 0 RX: 2 AQ: 0]: Resending DATA #1...
Google.Solutions.Compute Verbose: 0 : SshRelayStream [TX: 2 TXA: 0 RX: 2 AQ: 0]: Resending DATA #1...
Google.Solutions.Compute Verbose: 0 : SshRelayStream [TX: 2 TXA: 0 RX: 2 AQ: 0]: Resending DATA #1...
Google.Solutions.Compute Verbose: 0 : SshRelayStream [TX: 2 TXA: 0 RX: 2 AQ: 0]: Resending DATA #1...
Google.Solutions.Compute Verbose: 0 : SshRelayStream [TX: 2 TXA: 0 RX: 2 AQ: 0]: Resending DATA #1...
Google.Solutions.Compute Verbose: 0 : SshRelayStream [TX: 2 TXA: 0 RX: 2 AQ: 0]: Resending DATA #1...
Google.Solutions.Compute Verbose: 0 : SshRelayStream [TX: 2 TXA: 0 RX: 2 AQ: 0]: Resending DATA #1...
Google.Solutions.Compute Verbose: 0 : SshRelayStream [TX: 2 TXA: 0 RX: 2 AQ: 0]: Resending DATA #1...
Google.Solutions.Compute Verbose: 0 : SshRelayStream [TX: 2 TXA: 0 RX: 2 AQ: 0]: Resending DATA #1...
Google.Solutions.Compute Verbose: 0 : SshRelayStream [TX: 2 TXA: 0 RX: 2 AQ: 0]: Resending DATA #1...
Google.Solutions.Compute Verbose: 0 : SshRelayStream [TX: 2 TXA: 0 RX: 2 AQ: 0]: Resending DATA #1...
Google.Solutions.Compute Verbose: 0 : SshRelayStream [TX: 2 TXA: 0 RX: 2 AQ: 0]: Resending DATA #1...
Google.Solutions.Compute Verbose: 0 : SshRelayStream [TX: 2 TXA: 0 RX: 2 AQ: 0]: Resending DATA #1...
Google.Solutions.Compute Verbose: 0 : SshRelayStream [TX: 2 TXA: 0 RX: 2 AQ: 0]: Resending DATA #1...
Google.Solutions.Compute Verbose: 0 : SshRelayStream [TX: 2 TXA: 0 RX: 2 AQ: 0]: Resending DATA #1...
Google.Solutions.Compute Verbose: 0 : SshRelayStream [TX: 2 TXA: 0 RX: 2 AQ: 0]: Resending DATA #1...
Google.Solutions.Compute Verbose: 0 : SshRelayStream [TX: 2 TXA: 0 RX: 2 AQ: 0]: Resending DATA #1...
Google.Solutions.Compute Verbose: 0 : SshRelayStream [TX: 2 TXA: 0 RX: 2 AQ: 0]: Resending DATA #1...
Google.Solutions.Compute Verbose: 0 : SshRelayStream [TX: 2 TXA: 0 RX: 2 AQ: 0]: Resending DATA #1...
Google.Solutions.Compute Verbose: 0 : SshRelayStream [TX: 2 TXA: 0 RX: 2 AQ: 0]: Resending DATA #1...
Google.Solutions.Compute Verbose: 0 : SshRelayStream [TX: 2 TXA: 0 RX: 2 AQ: 0]: Resending DATA #1...
Google.Solutions.Compute Verbose: 0 : SshRelayStream [TX: 2 TXA: 0 RX: 2 AQ: 0]: Resending DATA #1...
Google.Solutions.Compute Verbose: 0 : SshRelayStream [TX: 2 TXA: 0 RX: 2 AQ: 0]: Resending DATA #1...
Google.Solutions.Compute Verbose: 0 : SshRelayStream [TX: 2 TXA: 0 RX: 2 AQ: 0]: Resending DATA #1...
Google.Solutions.Compute Verbose: 0 : SshRelayStream [TX: 2 TXA: 0 RX: 2 AQ: 0]: Resending DATA #1...
Google.Solutions.Compute Verbose: 0 : SshRelayStream [TX: 2 TXA: 0 RX: 2 AQ: 0]: Resending DATA #1...
Google.Solutions.Compute Verbose: 0 : SshRelayStream [TX: 2 TXA: 0 RX: 2 AQ: 0]: Resending DATA #1...
Google.Solutions.Compute Verbose: 0 : SshRelayStream [TX: 2 TXA: 0 RX: 2 AQ: 0]: Resending DATA #1...
Google.Solutions.Compute Verbose: 0 : SshRelayStream [TX: 2 TXA: 0 RX: 2 AQ: 0]: Resending DATA #1...
Google.Solutions.Compute Verbose: 0 : SshRelayStream [TX: 2 TXA: 0 RX: 2 AQ: 0]: Resending DATA #1...
Google.Solutions.Compute Verbose: 0 : SshRelayStream [TX: 2 TXA: 0 RX: 2 AQ: 0]: Resending DATA #1...
Google.Solutions.Compute Verbose: 0 : SshRelayStream [TX: 2 TXA: 0 RX: 2 AQ: 0]: Resending DATA #1...
Google.Solutions.Compute Verbose: 0 : SshRelayStream [TX: 2 TXA: 0 RX: 2 AQ: 0]: Resending DATA #1...
Google.Solutions.Compute Verbose: 0 : SshRelayStream [TX: 2 TXA: 0 RX: 2 AQ: 0]: Resending DATA #1...
Google.Solutions.Compute Verbose: 0 : SshRelayStream [TX: 2 TXA: 0 RX: 2 AQ: 0]: Resending DATA #1...
Google.Solutions.Compute Verbose: 0 : SshRelayStream [TX: 2 TXA: 0 RX: 2 AQ: 0]: Resending DATA #1...
Google.Solutions.Compute Verbose: 0 : SshRelayStream [TX: 2 TXA: 0 RX: 2 AQ: 0]: Resending DATA #1...
Google.Solutions.Compute Verbose: 0 : SshRelayStream [TX: 2 TXA: 0 RX: 2 AQ: 0]: Resending DATA #1...
Google.Solutions.Compute Verbose: 0 : SshRelayStream [TX: 2 TXA: 0 RX: 2 AQ: 0]: Resending DATA #1...
Google.Solutions.Compute Verbose: 0 : SshRelayStream [TX: 2 TXA: 0 RX: 2 AQ: 0]: Resending DATA #1...
Google.Solutions.Compute Verbose: 0 : SshRelayStream [TX: 2 TXA: 0 RX: 2 AQ: 0]: Resending DATA #1...
Google.Solutions.Compute Verbose: 0 : SshRelayStream [TX: 2 TXA: 0 RX: 2 AQ: 0]: Resending DATA #1...
Google.Solutions.Compute Verbose: 0 : SshRelayStream [TX: 2 TXA: 0 RX: 2 AQ: 0]: Resending DATA #1...
Google.Solutions.Compute Verbose: 0 : SshRelayStream [TX: 2 TXA: 0 RX: 2 AQ: 0]: Resending DATA #1...
Google.Solutions.Compute Verbose: 0 : SshRelayStream [TX: 2 TXA: 0 RX: 2 AQ: 0]: Resending DATA #1...
Google.Solutions.Compute Verbose: 0 : SshRelayStream [TX: 2 TXA: 0 RX: 2 AQ: 0]: Resending DATA #1...
Google.Solutions.Compute Verbose: 0 : SshRelayStream [TX: 2 TXA: 0 RX: 2 AQ: 0]: Resending DATA #1...
Google.Solutions.Compute Verbose: 0 : SshRelayStream [TX: 2 TXA: 0 RX: 2 AQ: 0]: Resending DATA #1...
Google.Solutions.Compute Verbose: 0 : SshRelayStream [TX: 2 TXA: 0 RX: 2 AQ: 0]: Resending DATA #1...
Google.Solutions.Compute Verbose: 0 : SshRelayStream [TX: 2 TXA: 0 RX: 2 AQ: 0]: Resending DATA #1...
Google.Solutions.Compute Verbose: 0 : SshRelayStream [TX: 2 TXA: 0 RX: 2 AQ: 0]: Resending DATA #1...
Google.Solutions.Compute Verbose: 0 : SshRelayStream [TX: 2 TXA: 0 RX: 2 AQ: 0]: Resending DATA #1...
Google.Solutions.Compute Verbose: 0 : SshRelayStream [TX: 2 TXA: 0 RX: 2 AQ: 0]: Resending DATA #1...
Google.Solutions.Compute Verbose: 0 : SshRelayStream [TX: 2 TXA: 0 RX: 2 AQ: 0]: Resending DATA #1...
Google.Solutions.Compute Verbose: 0 : SshRelayStream [TX: 2 TXA: 0 RX: 2 AQ: 0]: Resending DATA #1...
Google.Solutions.Compute Verbose: 0 : SshRelayStream [TX: 2 TXA: 0 RX: 2 AQ: 0]: Resending DATA #1...
Google.Solutions.Compute Verbose: 0 : SshRelayStream [TX: 2 TXA: 0 RX: 2 AQ: 0]: Resending DATA #1...
Google.Solutions.Compute Verbose: 0 : SshRelayStream [TX: 2 TXA: 0 RX: 2 AQ: 0]: Sending DATA #2...
Google.Solutions.Compute Verbose: 0 : SshRelayStream [TX: 2 TXA: 0 RX: 2 AQ: 0]: Sending DATA #2...
Google.Solutions.Compute Verbose: 0 : SshRelayStream [TX: 2 TXA: 0 RX: 2 AQ: 0]: Sending DATA #2...
Google.Solutions.Compute Verbose: 0 : SshRelayStream [TX: 2 TXA: 0 RX: 2 AQ: 0]: Sending DATA #2...
Google.Solutions.Compute Verbose: 0 : SshRelayStream [TX: 2 TXA: 0 RX: 2 AQ: 0]: Sending DATA #2...
Google.Solutions.Compute Verbose: 0 : SshRelayStream [TX: 2 TXA: 0 RX: 2 AQ: 0]: Sending DATA #2...
Google.Solutions.Compute Verbose: 0 : SshRelayStream [TX: 2 TXA: 0 RX: 2 AQ: 0]: Sending DATA #2...
Google.Solutions.Compute Verbose: 0 : SshRelayStream [TX: 2 TXA: 0 RX: 2 AQ: 0]: Sending DATA #2...
Google.Solutions.Compute Verbose: 0 : SshRelayStream [TX: 2 TXA: 0 RX: 2 AQ: 0]: Sending DATA #2...
Google.Solutions.Compute Verbose: 0 : SshRelayStream [TX: 2 TXA: 0 RX: 2 AQ: 0]: Sending DATA #2...
Google.Solutions.Compute Verbose: 0 : SshRelayStream [TX: 2 TXA: 0 RX: 2 AQ: 0]: Sending DATA #2...
Google.Solutions.Compute Verbose: 0 : SshRelayStream [TX: 2 TXA: 0 RX: 2 AQ: 0]: Sending DATA #2...
Google.Solutions.Compute Verbose: 0 : SshRelayStream [TX: 2 TXA: 0 RX: 2 AQ: 0]: Sending DATA #2...
Google.Solutions.Compute Verbose: 0 : SshRelayStream [TX: 2 TXA: 0 RX: 2 AQ: 0]: Sending DATA #2...
Google.Solutions.Compute Verbose: 0 : SshRelayStream [TX: 2 TXA: 0 RX: 2 AQ: 0]: Sending DATA #2...
Google.Solutions.Compute Verbose: 0 : SshRelayStream [TX: 2 TXA: 0 RX: 2 AQ: 0]: Sending DATA #2...
Google.Solutions.Compute Verbose: 0 : SshRelayStream [TX: 2 TXA: 0 RX: 2 AQ: 0]: Sending DATA #2...
Google.Solutions.Compute Verbose: 0 : SshRelayStream [TX: 2 TXA: 0 RX: 2 AQ: 0]: Sending DATA #2...
Google.Solutions.Compute Verbose: 0 : SshRelayStream [TX: 2 TXA: 0 RX: 2 AQ: 0]: Sending DATA #2...
Google.Solutions.Compute Verbose: 0 : SshRelayStream [TX: 2 TXA: 0 RX: 2 AQ: 0]: Sending DATA #2...
Google.Solutions.Compute Verbose: 0 : SshRelayStream [TX: 2 TXA: 0 RX: 2 AQ: 0]: Sending DATA #2...
Google.Solutions.Compute Verbose: 0 : SshRelayStream [TX: 2 TXA: 0 RX: 2 AQ: 0]: Sending DATA #2...
Google.Solutions.Compute Verbose: 0 : SshRelayStream [TX: 2 TXA: 0 RX: 2 AQ: 0]: Sending DATA #2...
Google.Solutions.Compute Verbose: 0 : SshRelayStream [TX: 2 TXA: 0 RX: 2 AQ: 0]: Sending DATA #2...
Google.Solutions.Compute Verbose: 0 : SshRelayStream [TX: 2 TXA: 0 RX: 2 AQ: 0]: Sending DATA #2...
Google.Solutions.Compute Verbose: 0 : SshRelayStream [TX: 2 TXA: 0 RX: 2 AQ: 0]: Sending DATA #2...
Google.Solutions.Compute Verbose: 0 : SshRelayStream [TX: 2 TXA: 0 RX: 2 AQ: 0]: Sending DATA #2...
Google.Solutions.Compute Verbose: 0 : SshRelayStream [TX: 2 TXA: 0 RX: 2 AQ: 0]: Sending DATA #2...
Google.Solutions.Compute Verbose: 0 : SshRelayStream [TX: 2 TXA: 0 RX: 2 AQ: 0]: Sending DATA #2...
Google.Solutions.Compute Verbose: 0 : SshRelayStream [TX: 2 TXA: 0 RX: 2 AQ: 0]: Sending DATA #2...
Google.Solutions.Compute Verbose: 0 : SshRelayStream [TX: 2 TXA: 0 RX: 2 AQ: 0]: Sending DATA #2...
Google.Solutions.Compute Verbose: 0 : SshRelayStream [TX: 2 TXA: 0 RX: 2 AQ: 0]: Sending DATA #2...
Google.Solutions.Compute Verbose: 0 : SshRelayStream [TX: 2 TXA: 0 RX: 2 AQ: 0]: Sending DATA #2...
Google.Solutions.Compute Verbose: 0 : SshRelayStream [TX: 2 TXA: 0 RX: 2 AQ: 0]: Sending DATA #2...
Google.Solutions.Compute Verbose: 0 : SshRelayStream [TX: 2 TXA: 0 RX: 2 AQ: 0]: Sending DATA #2...
Google.Solutions.Compute Verbose: 0 : SshRelayStream [TX: 2 TXA: 0 RX: 2 AQ: 0]: Sending DATA #2...
Google.Solutions.Compute Verbose: 0 : SshRelayStream [TX: 2 TXA: 0 RX: 2 AQ: 0]: Sending DATA #2...
Google.Solutions.Compute Verbose: 0 : SshRelayStream [TX: 2 TXA: 0 RX: 2 AQ: 0]: Sending DATA #2...
Google.Solutions.Compute Verbose: 0 : SshRelayStream [TX: 2 TXA: 0 RX: 2 AQ: 0]: Sending DATA #2...
Google.Solutions.Compute Verbose: 0 : SshRelayStream [TX: 2 TXA: 0 RX: 2 AQ: 0]: Sending DATA #2...
Google.Solutions.Compute Verbose: 0 : SshRelayStream [TX: 2 TXA: 0 RX: 2 AQ: 0]: Sending DATA #2...
Google.Solutions.Compute Verbose: 0 : SshRelayStream [TX: 2 TXA: 0 RX: 2 AQ: 0]: Sending DATA #2...
Google.Solutions.Compute Verbose: 0 : SshRelayStream [TX: 2 TXA: 0 RX: 2 AQ: 0]: Sending DATA #2...
Google.Solutions.Compute Verbose: 0 : SshRelayStream [TX: 2 TXA: 0 RX: 2 AQ: 0]: Sending DATA #2...
Google.Solutions.Compute Verbose: 0 : SshRelayStream [TX: 2 TXA: 0 RX: 2 AQ: 0]: Sending DATA #2...
Google.Solutions.Compute Verbose: 0 : SshRelayStream [TX: 2 TXA: 0 RX: 2 AQ: 0]: Sending DATA #2...
Google.Solutions.Compute Verbose: 0 : SshRelayStream [TX: 2 TXA: 0 RX: 2 AQ: 0]: Sending DATA #2...
Google.Solutions.Compute Verbose: 0 : SshRelayStream [TX: 2 TXA: 0 RX: 2 AQ: 0]: Sending DATA #2...
Google.Solutions.Compute Verbose: 0 : SshRelayStream [TX: 2 TXA: 0 RX: 2 AQ: 0]: Sending DATA #2...
Google.Solutions.Compute Verbose: 0 : SshRelayStream [TX: 2 TXA: 0 RX: 2 AQ: 0]: Sending DATA #2...
Google.Solutions.Compute Verbose: 0 : SshRelayStream [TX: 2 TXA: 0 RX: 2 AQ: 0]: Sending DATA #2...
Google.Solutions.Compute Verbose: 0 : SshRelayStream [TX: 2 TXA: 0 RX: 2 AQ: 0]: Sending DATA #2...
Google.Solutions.Compute Verbose: 0 : SshRelayStream [TX: 2 TXA: 0 RX: 2 AQ: 0]: Sending DATA #2...
Google.Solutions.Compute Verbose: 0 : SshRelayStream [TX: 2 TXA: 0 RX: 2 AQ: 0]: Sending DATA #2...
Google.Solutions.Compute Verbose: 0 : SshRelayStream [TX: 2 TXA: 0 RX: 2 AQ: 0]: Sending DATA #2...
Google.Solutions.Compute Verbose: 0 : SshRelayStream [TX: 2 TXA: 0 RX: 2 AQ: 0]: Sending DATA #2...
Google.Solutions.Compute Verbose: 0 : SshRelayStream [TX: 2 TXA: 0 RX: 2 AQ: 0]: Sending DATA #2...
Google.Solutions.Compute Verbose: 0 : SshRelayStream [TX: 2 TXA: 0 RX: 2 AQ: 0]: Sending DATA #2...
Google.Solutions.Compute Verbose: 0 : SshRelayStream [TX: 2 TXA: 0 RX: 2 AQ: 0]: Sending DATA #2...
Google.Solutions.Compute Verbose: 0 : SshRelayStream [TX: 2 TXA: 0 RX: 2 AQ: 0]: Sending DATA #2...
Google.Solutions.Compute Verbose: 0 : SshRelayStream [TX: 2 TXA: 0 RX: 2 AQ: 0]: Sending DATA #2...
Google.Solutions.Compute Verbose: 0 : SshRelayStream [TX: 2 TXA: 0 RX: 2 AQ: 0]: Sending DATA #2...
Google.Solutions.Compute Verbose: 0 : SshRelayStream [TX: 2 TXA: 0 RX: 2 AQ: 0]: Sending DATA #2...
Google.Solutions.Compute Verbose: 0 : SshRelayStream [TX: 2 TXA: 0 RX: 2 AQ: 0]: Sending DATA #2...
</system-out></testcase><testcase name="WriteAfterForcefulServerCloseCausesReconnectAndDataBeingResentIfDataReadBefore(4003)" assertions="9" time="0.001621" status="Passed" classname="Google.Solutions.Compute.Test.Iap.TestSshRelayStreamWriting"><system-out>Google.Solutions.Compute Verbose: 0 : SshRelayStream [TX: 0 TXA: 0 RX: 0 AQ: 0]: Connecting...
Google.Solutions.Compute Verbose: 0 : SshRelayStream [TX: 0 TXA: 0 RX: 0 AQ: 0]: Connecting...
Google.Solutions.Compute Verbose: 0 : SshRelayStream [TX: 0 TXA: 0 RX: 0 AQ: 0]: Connecting...
Google.Solutions.Compute Verbose: 0 : SshRelayStream [TX: 0 TXA: 0 RX: 0 AQ: 0]: Connecting...
Google.Solutions.Compute Verbose: 0 : SshRelayStream [TX: 0 TXA: 0 RX: 0 AQ: 0]: Connecting...
Google.Solutions.Compute Verbose: 0 : SshRelayStream [TX: 0 TXA: 0 RX: 0 AQ: 0]: Connecting...
Google.Solutions.Compute Verbose: 0 : SshRelayStream [TX: 0 TXA: 0 RX: 0 AQ: 0]: Connecting...
Google.Solutions.Compute Verbose: 0 : SshRelayStream [TX: 0 TXA: 0 RX: 0 AQ: 0]: Connecting...
Google.Solutions.Compute Verbose: 0 : SshRelayStream [TX: 0 TXA: 0 RX: 0 AQ: 0]: Connecting...
Google.Solutions.Compute Verbose: 0 : SshRelayStream [TX: 0 TXA: 0 RX: 0 AQ: 0]: Connecting...
Google.Solutions.Compute Verbose: 0 : SshRelayStream [TX: 0 TXA: 0 RX: 0 AQ: 0]: Connecting...
Google.Solutions.Compute Verbose: 0 : SshRelayStream [TX: 0 TXA: 0 RX: 0 AQ: 0]: Connecting...
Google.Solutions.Compute Verbose: 0 : SshRelayStream [TX: 0 TXA: 0 RX: 0 AQ: 0]: Connecting...
Google.Solutions.Compute Verbose: 0 : SshRelayStream [TX: 0 TXA: 0 RX: 0 AQ: 0]: Connecting...
Google.Solutions.Compute Verbose: 0 : SshRelayStream [TX: 0 TXA: 0 RX: 0 AQ: 0]: Connecting...
Google.Solutions.Compute Verbose: 0 : SshRelayStream [TX: 0 TXA: 0 RX: 0 AQ: 0]: Connecting...
Google.Solutions.Compute Verbose: 0 : SshRelayStream [TX: 0 TXA: 0 RX: 0 AQ: 0]: Connecting...
Google.Solutions.Compute Verbose: 0 : SshRelayStream [TX: 0 TXA: 0 RX: 0 AQ: 0]: Connecting...
Google.Solutions.Compute Verbose: 0 : SshRelayStream [TX: 0 TXA: 0 RX: 0 AQ: 0]: Connecting...
Google.Solutions.Compute Verbose: 0 : SshRelayStream [TX: 0 TXA: 0 RX: 0 AQ: 0]: Connecting...
Google.Solutions.Compute Verbose: 0 : SshRelayStream [TX: 0 TXA: 0 RX: 0 AQ: 0]: Connecting...
Google.Solutions.Compute Verbose: 0 : SshRelayStream [TX: 0 TXA: 0 RX: 0 AQ: 0]: Connecting...
Google.Solutions.Compute Verbose: 0 : SshRelayStream [TX: 0 TXA: 0 RX: 0 AQ: 0]: Connecting...
Google.Solutions.Compute Verbose: 0 : SshRelayStream [TX: 0 TXA: 0 RX: 0 AQ: 0]: Connecting...
Google.Solutions.Compute Verbose: 0 : SshRelayStream [TX: 0 TXA: 0 RX: 0 AQ: 0]: Connecting...
Google.Solutions.Compute Verbose: 0 : SshRelayStream [TX: 0 TXA: 0 RX: 0 AQ: 0]: Connecting...
Google.Solutions.Compute Verbose: 0 : SshRelayStream [TX: 0 TXA: 0 RX: 0 AQ: 0]: Connecting...
Google.Solutions.Compute Verbose: 0 : SshRelayStream [TX: 0 TXA: 0 RX: 0 AQ: 0]: Connecting...
Google.Solutions.Compute Verbose: 0 : SshRelayStream [TX: 0 TXA: 0 RX: 0 AQ: 0]: Connecting...
Google.Solutions.Compute Verbose: 0 : SshRelayStream [TX: 0 TXA: 0 RX: 0 AQ: 0]: Connecting...
Google.Solutions.Compute Verbose: 0 : SshRelayStream [TX: 0 TXA: 0 RX: 0 AQ: 0]: Connecting...
Google.Solutions.Compute Verbose: 0 : SshRelayStream [TX: 0 TXA: 0 RX: 0 AQ: 0]: Connecting...
Google.Solutions.Compute Verbose: 0 : SshRelayStream [TX: 0 TXA: 0 RX: 0 AQ: 0]: Connecting...
Google.Solutions.Compute Verbose: 0 : SshRelayStream [TX: 0 TXA: 0 RX: 0 AQ: 0]: Connecting...
Google.Solutions.Compute Verbose: 0 : SshRelayStream [TX: 0 TXA: 0 RX: 0 AQ: 0]: Connecting...
Google.Solutions.Compute Verbose: 0 : SshRelayStream [TX: 0 TXA: 0 RX: 0 AQ: 0]: Connecting...
Google.Solutions.Compute Verbose: 0 : SshRelayStream [TX: 0 TXA: 0 RX: 0 AQ: 0]: Connecting...
Google.Solutions.Compute Verbose: 0 : SshRelayStream [TX: 0 TXA: 0 RX: 0 AQ: 0]: Connecting...
Google.Solutions.Compute Verbose: 0 : SshRelayStream [TX: 0 TXA: 0 RX: 0 AQ: 0]: Connecting...
Google.Solutions.Compute Verbose: 0 : SshRelayStream [TX: 0 TXA: 0 RX: 0 AQ: 0]: Connecting...
Google.Solutions.Compute Verbose: 0 : SshRelayStream [TX: 0 TXA: 0 RX: 0 AQ: 0]: Connecting...
Google.Solutions.Compute Verbose: 0 : SshRelayStream [TX: 0 TXA: 0 RX: 0 AQ: 0]: Connecting...
Google.Solutions.Compute Verbose: 0 : SshRelayStream [TX: 0 TXA: 0 RX: 0 AQ: 0]: Connecting...
Google.Solutions.Compute Verbose: 0 : SshRelayStream [TX: 0 TXA: 0 RX: 0 AQ: 0]: Connecting...
Google.Solutions.Compute Verbose: 0 : SshRelayStream [TX: 0 TXA: 0 RX: 0 AQ: 0]: Connecting...
Google.Solutions.Compute Verbose: 0 : SshRelayStream [TX: 0 TXA: 0 RX: 0 AQ: 0]: Connecting...
Google.Solutions.Compute Verbose: 0 : SshRelayStream [TX: 0 TXA: 0 RX: 0 AQ: 0]: Connecting...
Google.Solutions.Compute Verbose: 0 : SshRelayStream [TX: 0 TXA: 0 RX: 0 AQ: 0]: Connecting...
Google.Solutions.Compute Verbose: 0 : SshRelayStream [TX: 0 TXA: 0 RX: 0 AQ: 0]: Connecting...
Google.Solutions.Compute Verbose: 0 : SshRelayStream [TX: 0 TXA: 0 RX: 0 AQ: 0]: Connecting...
Google.Solutions.Compute Verbose: 0 : SshRelayStream [TX: 0 TXA: 0 RX: 0 AQ: 0]: Connecting...
Google.Solutions.Compute Verbose: 0 : SshRelayStream [TX: 0 TXA: 0 RX: 0 AQ: 0]: Connecting...
Google.Solutions.Compute Verbose: 0 : SshRelayStream [TX: 0 TXA: 0 RX: 0 AQ: 0]: Connecting...
Google.Solutions.Compute Verbose: 0 : SshRelayStream [TX: 0 TXA: 0 RX: 0 AQ: 0]: Connecting...
Google.Solutions.Compute Verbose: 0 : SshRelayStream [TX: 0 TXA: 0 RX: 0 AQ: 0]: Connecting...
Google.Solutions.Compute Verbose: 0 : SshRelayStream [TX: 0 TXA: 0 RX: 0 AQ: 0]: Connecting...
Google.Solutions.Compute Verbose: 0 : SshRelayStream [TX: 0 TXA: 0 RX: 0 AQ: 0]: Connecting...
Google.Solutions.Compute Verbose: 0 : SshRelayStream [TX: 0 TXA: 0 RX: 0 AQ: 0]: Connecting...
Google.Solutions.Compute Verbose: 0 : SshRelayStream [TX: 0 TXA: 0 RX: 0 AQ: 0]: Connecting...
Google.Solutions.Compute Verbose: 0 : SshRelayStream [TX: 0 TXA: 0 RX: 0 AQ: 0]: Connecting...
Google.Solutions.Compute Verbose: 0 : SshRelayStream [TX: 0 TXA: 0 RX: 0 AQ: 0]: Connecting...
Google.Solutions.Compute Verbose: 0 : SshRelayStream [TX: 0 TXA: 0 RX: 0 AQ: 0]: Connecting...
Google.Solutions.Compute Verbose: 0 : SshRelayStream [TX: 0 TXA: 0 RX: 0 AQ: 0]: Connecting...
Google.Solutions.Compute Verbose: 0 : SshRelayStream [TX: 0 TXA: 0 RX: 0 AQ: 0]: Connecting...
Google.Solutions.Compute Verbose: 0 : SshRelayStream [TX: 0 TXA: 0 RX: 0 AQ: 0]: Connecting...
Google.Solutions.Compute Verbose: 0 : SshRelayStream [TX: 0 TXA: 0 RX: 0 AQ: 0]: Sending DATA #0...
Google.Solutions.Compute Verbose: 0 : SshRelayStream [TX: 0 TXA: 0 RX: 0 AQ: 0]: Sending DATA #0...
Google.Solutions.Compute Verbose: 0 : SshRelayStream [TX: 0 TXA: 0 RX: 0 AQ: 0]: Sending DATA #0...
Google.Solutions.Compute Verbose: 0 : SshRelayStream [TX: 0 TXA: 0 RX: 0 AQ: 0]: Sending DATA #0...
Google.Solutions.Compute Verbose: 0 : SshRelayStream [TX: 0 TXA: 0 RX: 0 AQ: 0]: Sending DATA #0...
Google.Solutions.Compute Verbose: 0 : SshRelayStream [TX: 0 TXA: 0 RX: 0 AQ: 0]: Sending DATA #0...
Google.Solutions.Compute Verbose: 0 : SshRelayStream [TX: 0 TXA: 0 RX: 0 AQ: 0]: Sending DATA #0...
Google.Solutions.Compute Verbose: 0 : SshRelayStream [TX: 0 TXA: 0 RX: 0 AQ: 0]: Sending DATA #0...
Google.Solutions.Compute Verbose: 0 : SshRelayStream [TX: 0 TXA: 0 RX: 0 AQ: 0]: Sending DATA #0...
Google.Solutions.Compute Verbose: 0 : SshRelayStream [TX: 0 TXA: 0 RX: 0 AQ: 0]: Sending DATA #0...
Google.Solutions.Compute Verbose: 0 : SshRelayStream [TX: 0 TXA: 0 RX: 0 AQ: 0]: Sending DATA #0...
Google.Solutions.Compute Verbose: 0 : SshRelayStream [TX: 0 TXA: 0 RX: 0 AQ: 0]: Sending DATA #0...
Google.Solutions.Compute Verbose: 0 : SshRelayStream [TX: 0 TXA: 0 RX: 0 AQ: 0]: Sending DATA #0...
Google.Solutions.Compute Verbose: 0 : SshRelayStream [TX: 0 TXA: 0 RX: 0 AQ: 0]: Sending DATA #0...
Google.Solutions.Compute Verbose: 0 : SshRelayStream [TX: 0 TXA: 0 RX: 0 AQ: 0]: Sending DATA #0...
Google.Solutions.Compute Verbose: 0 : SshRelayStream [TX: 0 TXA: 0 RX: 0 AQ: 0]: Sending DATA #0...
Google.Solutions.Compute Verbose: 0 : SshRelayStream [TX: 0 TXA: 0 RX: 0 AQ: 0]: Sending DATA #0...
Google.Solutions.Compute Verbose: 0 : SshRelayStream [TX: 0 TXA: 0 RX: 0 AQ: 0]: Sending DATA #0...
Google.Solutions.Compute Verbose: 0 : SshRelayStream [TX: 0 TXA: 0 RX: 0 AQ: 0]: Sending DATA #0...
Google.Solutions.Compute Verbose: 0 : SshRelayStream [TX: 0 TXA: 0 RX: 0 AQ: 0]: Sending DATA #0...
Google.Solutions.Compute Verbose: 0 : SshRelayStream [TX: 0 TXA: 0 RX: 0 AQ: 0]: Sending DATA #0...
Google.Solutions.Compute Verbose: 0 : SshRelayStream [TX: 0 TXA: 0 RX: 0 AQ: 0]: Sending DATA #0...
Google.Solutions.Compute Verbose: 0 : SshRelayStream [TX: 0 TXA: 0 RX: 0 AQ: 0]: Sending DATA #0...
Google.Solutions.Compute Verbose: 0 : SshRelayStream [TX: 0 TXA: 0 RX: 0 AQ: 0]: Sending DATA #0...
Google.Solutions.Compute Verbose: 0 : SshRelayStream [TX: 0 TXA: 0 RX: 0 AQ: 0]: Sending DATA #0...
Google.Solutions.Compute Verbose: 0 : SshRelayStream [TX: 0 TXA: 0 RX: 0 AQ: 0]: Sending DATA #0...
Google.Solutions.Compute Verbose: 0 : SshRelayStream [TX: 0 TXA: 0 RX: 0 AQ: 0]: Sending DATA #0...
Google.Solutions.Compute Verbose: 0 : SshRelayStream [TX: 0 TXA: 0 RX: 0 AQ: 0]: Sending DATA #0...
Google.Solutions.Compute Verbose: 0 : SshRelayStream [TX: 0 TXA: 0 RX: 0 AQ: 0]: Sending DATA #0...
Google.Solutions.Compute Verbose: 0 : SshRelayStream [TX: 0 TXA: 0 RX: 0 AQ: 0]: Sending DATA #0...
Google.Solutions.Compute Verbose: 0 : SshRelayStream [TX: 0 TXA: 0 RX: 0 AQ: 0]: Sending DATA #0...
Google.Solutions.Compute Verbose: 0 : SshRelayStream [TX: 0 TXA: 0 RX: 0 AQ: 0]: Sending DATA #0...
Google.Solutions.Compute Verbose: 0 : SshRelayStream [TX: 0 TXA: 0 RX: 0 AQ: 0]: Sending DATA #0...
Google.Solutions.Compute Verbose: 0 : SshRelayStream [TX: 0 TXA: 0 RX: 0 AQ: 0]: Sending DATA #0...
Google.Solutions.Compute Verbose: 0 : SshRelayStream [TX: 0 TXA: 0 RX: 0 AQ: 0]: Sending DATA #0...
Google.Solutions.Compute Verbose: 0 : SshRelayStream [TX: 0 TXA: 0 RX: 0 AQ: 0]: Sending DATA #0...
Google.Solutions.Compute Verbose: 0 : SshRelayStream [TX: 0 TXA: 0 RX: 0 AQ: 0]: Sending DATA #0...
Google.Solutions.Compute Verbose: 0 : SshRelayStream [TX: 0 TXA: 0 RX: 0 AQ: 0]: Sending DATA #0...
Google.Solutions.Compute Verbose: 0 : SshRelayStream [TX: 0 TXA: 0 RX: 0 AQ: 0]: Sending DATA #0...
Google.Solutions.Compute Verbose: 0 : SshRelayStream [TX: 0 TXA: 0 RX: 0 AQ: 0]: Sending DATA #0...
Google.Solutions.Compute Verbose: 0 : SshRelayStream [TX: 0 TXA: 0 RX: 0 AQ: 0]: Sending DATA #0...
Google.Solutions.Compute Verbose: 0 : SshRelayStream [TX: 0 TXA: 0 RX: 0 AQ: 0]: Sending DATA #0...
Google.Solutions.Compute Verbose: 0 : SshRelayStream [TX: 0 TXA: 0 RX: 0 AQ: 0]: Sending DATA #0...
Google.Solutions.Compute Verbose: 0 : SshRelayStream [TX: 0 TXA: 0 RX: 0 AQ: 0]: Sending DATA #0...
Google.Solutions.Compute Verbose: 0 : SshRelayStream [TX: 0 TXA: 0 RX: 0 AQ: 0]: Sending DATA #0...
Google.Solutions.Compute Verbose: 0 : SshRelayStream [TX: 0 TXA: 0 RX: 0 AQ: 0]: Sending DATA #0...
Google.Solutions.Compute Verbose: 0 : SshRelayStream [TX: 0 TXA: 0 RX: 0 AQ: 0]: Sending DATA #0...
Google.Solutions.Compute Verbose: 0 : SshRelayStream [TX: 0 TXA: 0 RX: 0 AQ: 0]: Sending DATA #0...
Google.Solutions.Compute Verbose: 0 : SshRelayStream [TX: 0 TXA: 0 RX: 0 AQ: 0]: Sending DATA #0...
Google.Solutions.Compute Verbose: 0 : SshRelayStream [TX: 0 TXA: 0 RX: 0 AQ: 0]: Sending DATA #0...
Google.Solutions.Compute Verbose: 0 : SshRelayStream [TX: 0 TXA: 0 RX: 0 AQ: 0]: Sending DATA #0...
Google.Solutions.Compute Verbose: 0 : SshRelayStream [TX: 0 TXA: 0 RX: 0 AQ: 0]: Sending DATA #0...
Google.Solutions.Compute Verbose: 0 : SshRelayStream [TX: 0 TXA: 0 RX: 0 AQ: 0]: Sending DATA #0...
Google.Solutions.Compute Verbose: 0 : SshRelayStream [TX: 0 TXA: 0 RX: 0 AQ: 0]: Sending DATA #0...
Google.Solutions.Compute Verbose: 0 : SshRelayStream [TX: 0 TXA: 0 RX: 0 AQ: 0]: Sending DATA #0...
Google.Solutions.Compute Verbose: 0 : SshRelayStream [TX: 0 TXA: 0 RX: 0 AQ: 0]: Sending DATA #0...
Google.Solutions.Compute Verbose: 0 : SshRelayStream [TX: 0 TXA: 0 RX: 0 AQ: 0]: Sending DATA #0...
Google.Solutions.Compute Verbose: 0 : SshRelayStream [TX: 0 TXA: 0 RX: 0 AQ: 0]: Sending DATA #0...
Google.Solutions.Compute Verbose: 0 : SshRelayStream [TX: 0 TXA: 0 RX: 0 AQ: 0]: Sending DATA #0...
Google.Solutions.Compute Verbose: 0 : SshRelayStream [TX: 0 TXA: 0 RX: 0 AQ: 0]: Sending DATA #0...
Google.Solutions.Compute Verbose: 0 : SshRelayStream [TX: 0 TXA: 0 RX: 0 AQ: 0]: Sending DATA #0...
Google.Solutions.Compute Verbose: 0 : SshRelayStream [TX: 0 TXA: 0 RX: 0 AQ: 0]: Sending DATA #0...
Google.Solutions.Compute Verbose: 0 : SshRelayStream [TX: 0 TXA: 0 RX: 0 AQ: 0]: Sending DATA #0...
Google.Solutions.Compute Verbose: 0 : SshRelayStream [TX: 0 TXA: 0 RX: 0 AQ: 0]: Sending DATA #0...
Google.Solutions.Compute Verbose: 0 : SshRelayStream [TX: 0 TXA: 0 RX: 0 AQ: 0]: Sending DATA #0...
Google.Solutions.Compute Verbose: 0 : SshRelayStream [TX: 1 TXA: 0 RX: 0 AQ: 1]: Connected session &lt;\u0000&gt;
Google.Solutions.Compute Verbose: 0 : SshRelayStream [TX: 1 TXA: 0 RX: 0 AQ: 1]: Connected session &lt;\u0000&gt;
Google.Solutions.Compute Verbose: 0 : SshRelayStream [TX: 1 TXA: 0 RX: 0 AQ: 1]: Connected session &lt;\u0000&gt;
Google.Solutions.Compute Verbose: 0 : SshRelayStream [TX: 1 TXA: 0 RX: 0 AQ: 1]: Connected session &lt;\u0000&gt;
Google.Solutions.Compute Verbose: 0 : SshRelayStream [TX: 1 TXA: 0 RX: 0 AQ: 1]: Connected session &lt;\u0000&gt;
Google.Solutions.Compute Verbose: 0 : SshRelayStream [TX: 1 TXA: 0 RX: 0 AQ: 1]: Connected session &lt;\u0000&gt;
Google.Solutions.Compute Verbose: 0 : SshRelayStream [TX: 1 TXA: 0 RX: 0 AQ: 1]: Connected session &lt;\u0000&gt;
Google.Solutions.Compute Verbose: 0 : SshRelayStream [TX: 1 TXA: 0 RX: 0 AQ: 1]: Connected session &lt;\u0000&gt;
Google.Solutions.Compute Verbose: 0 : SshRelayStream [TX: 1 TXA: 0 RX: 0 AQ: 1]: Connected session &lt;\u0000&gt;
Google.Solutions.Compute Verbose: 0 : SshRelayStream [TX: 1 TXA: 0 RX: 0 AQ: 1]: Connected session &lt;\u0000&gt;
Google.Solutions.Compute Verbose: 0 : SshRelayStream [TX: 1 TXA: 0 RX: 0 AQ: 1]: Connected session &lt;\u0000&gt;
Google.Solutions.Compute Verbose: 0 : SshRelayStream [TX: 1 TXA: 0 RX: 0 AQ: 1]: Connected session &lt;\u0000&gt;
Google.Solutions.Compute Verbose: 0 : SshRelayStream [TX: 1 TXA: 0 RX: 0 AQ: 1]: Connected session &lt;\u0000&gt;
Google.Solutions.Compute Verbose: 0 : SshRelayStream [TX: 1 TXA: 0 RX: 0 AQ: 1]: Connected session &lt;\u0000&gt;
Google.Solutions.Compute Verbose: 0 : SshRelayStream [TX: 1 TXA: 0 RX: 0 AQ: 1]: Connected session &lt;\u0000&gt;
Google.Solutions.Compute Verbose: 0 : SshRelayStream [TX: 1 TXA: 0 RX: 0 AQ: 1]: Connected session &lt;\u0000&gt;
Google.Solutions.Compute Verbose: 0 : SshRelayStream [TX: 1 TXA: 0 RX: 0 AQ: 1]: Connected session &lt;\u0000&gt;
Google.Solutions.Compute Verbose: 0 : SshRelayStream [TX: 1 TXA: 0 RX: 0 AQ: 1]: Connected session &lt;\u0000&gt;
Google.Solutions.Compute Verbose: 0 : SshRelayStream [TX: 1 TXA: 0 RX: 0 AQ: 1]: Connected session &lt;\u0000&gt;
Google.Solutions.Compute Verbose: 0 : SshRelayStream [TX: 1 TXA: 0 RX: 0 AQ: 1]: Connected session &lt;\u0000&gt;
Google.Solutions.Compute Verbose: 0 : SshRelayStream [TX: 1 TXA: 0 RX: 0 AQ: 1]: Connected session &lt;\u0000&gt;
Google.Solutions.Compute Verbose: 0 : SshRelayStream [TX: 1 TXA: 0 RX: 0 AQ: 1]: Connected session &lt;\u0000&gt;
Google.Solutions.Compute Verbose: 0 : SshRelayStream [TX: 1 TXA: 0 RX: 0 AQ: 1]: Connected session &lt;\u0000&gt;
Google.Solutions.Compute Verbose: 0 : SshRelayStream [TX: 1 TXA: 0 RX: 0 AQ: 1]: Connected session &lt;\u0000&gt;
Google.Solutions.Compute Verbose: 0 : SshRelayStream [TX: 1 TXA: 0 RX: 0 AQ: 1]: Connected session &lt;\u0000&gt;
Google.Solutions.Compute Verbose: 0 : SshRelayStream [TX: 1 TXA: 0 RX: 0 AQ: 1]: Connected session &lt;\u0000&gt;
Google.Solutions.Compute Verbose: 0 : SshRelayStream [TX: 1 TXA: 0 RX: 0 AQ: 1]: Connected session &lt;\u0000&gt;
Google.Solutions.Compute Verbose: 0 : SshRelayStream [TX: 1 TXA: 0 RX: 0 AQ: 1]: Connected session &lt;\u0000&gt;
Google.Solutions.Compute Verbose: 0 : SshRelayStream [TX: 1 TXA: 0 RX: 0 AQ: 1]: Connected session &lt;\u0000&gt;
Google.Solutions.Compute Verbose: 0 : SshRelayStream [TX: 1 TXA: 0 RX: 0 AQ: 1]: Connected session &lt;\u0000&gt;
Google.Solutions.Compute Verbose: 0 : SshRelayStream [TX: 1 TXA: 0 RX: 0 AQ: 1]: Connected session &lt;\u0000&gt;
Google.Solutions.Compute Verbose: 0 : SshRelayStream [TX: 1 TXA: 0 RX: 0 AQ: 1]: Connected session &lt;\u0000&gt;
Google.Solutions.Compute Verbose: 0 : SshRelayStream [TX: 1 TXA: 0 RX: 0 AQ: 1]: Connected session &lt;\u0000&gt;
Google.Solutions.Compute Verbose: 0 : SshRelayStream [TX: 1 TXA: 0 RX: 0 AQ: 1]: Connected session &lt;\u0000&gt;
Google.Solutions.Compute Verbose: 0 : SshRelayStream [TX: 1 TXA: 0 RX: 0 AQ: 1]: Connected session &lt;\u0000&gt;
Google.Solutions.Compute Verbose: 0 : SshRelayStream [TX: 1 TXA: 0 RX: 0 AQ: 1]: Connected session &lt;\u0000&gt;
Google.Solutions.Compute Verbose: 0 : SshRelayStream [TX: 1 TXA: 0 RX: 0 AQ: 1]: Connected session &lt;\u0000&gt;
Google.Solutions.Compute Verbose: 0 : SshRelayStream [TX: 1 TXA: 0 RX: 0 AQ: 1]: Connected session &lt;\u0000&gt;
Google.Solutions.Compute Verbose: 0 : SshRelayStream [TX: 1 TXA: 0 RX: 0 AQ: 1]: Connected session &lt;\u0000&gt;
Google.Solutions.Compute Verbose: 0 : SshRelayStream [TX: 1 TXA: 0 RX: 0 AQ: 1]: Connected session &lt;\u0000&gt;
Google.Solutions.Compute Verbose: 0 : SshRelayStream [TX: 1 TXA: 0 RX: 0 AQ: 1]: Connected session &lt;\u0000&gt;
Google.Solutions.Compute Verbose: 0 : SshRelayStream [TX: 1 TXA: 0 RX: 0 AQ: 1]: Connected session &lt;\u0000&gt;
Google.Solutions.Compute Verbose: 0 : SshRelayStream [TX: 1 TXA: 0 RX: 0 AQ: 1]: Connected session &lt;\u0000&gt;
Google.Solutions.Compute Verbose: 0 : SshRelayStream [TX: 1 TXA: 0 RX: 0 AQ: 1]: Connected session &lt;\u0000&gt;
Google.Solutions.Compute Verbose: 0 : SshRelayStream [TX: 1 TXA: 0 RX: 0 AQ: 1]: Connected session &lt;\u0000&gt;
Google.Solutions.Compute Verbose: 0 : SshRelayStream [TX: 1 TXA: 0 RX: 0 AQ: 1]: Connected session &lt;\u0000&gt;
Google.Solutions.Compute Verbose: 0 : SshRelayStream [TX: 1 TXA: 0 RX: 0 AQ: 1]: Connected session &lt;\u0000&gt;
Google.Solutions.Compute Verbose: 0 : SshRelayStream [TX: 1 TXA: 0 RX: 0 AQ: 1]: Connected session &lt;\u0000&gt;
Google.Solutions.Compute Verbose: 0 : SshRelayStream [TX: 1 TXA: 0 RX: 0 AQ: 1]: Connected session &lt;\u0000&gt;
Google.Solutions.Compute Verbose: 0 : SshRelayStream [TX: 1 TXA: 0 RX: 0 AQ: 1]: Connected session &lt;\u0000&gt;
Google.Solutions.Compute Verbose: 0 : SshRelayStream [TX: 1 TXA: 0 RX: 0 AQ: 1]: Connected session &lt;\u0000&gt;
Google.Solutions.Compute Verbose: 0 : SshRelayStream [TX: 1 TXA: 0 RX: 0 AQ: 1]: Connected session &lt;\u0000&gt;
Google.Solutions.Compute Verbose: 0 : SshRelayStream [TX: 1 TXA: 0 RX: 0 AQ: 1]: Connected session &lt;\u0000&gt;
Google.Solutions.Compute Verbose: 0 : SshRelayStream [TX: 1 TXA: 0 RX: 0 AQ: 1]: Connected session &lt;\u0000&gt;
Google.Solutions.Compute Verbose: 0 : SshRelayStream [TX: 1 TXA: 0 RX: 0 AQ: 1]: Connected session &lt;\u0000&gt;
Google.Solutions.Compute Verbose: 0 : SshRelayStream [TX: 1 TXA: 0 RX: 0 AQ: 1]: Connected session &lt;\u0000&gt;
Google.Solutions.Compute Verbose: 0 : SshRelayStream [TX: 1 TXA: 0 RX: 0 AQ: 1]: Connected session &lt;\u0000&gt;
Google.Solutions.Compute Verbose: 0 : SshRelayStream [TX: 1 TXA: 0 RX: 0 AQ: 1]: Connected session &lt;\u0000&gt;
Google.Solutions.Compute Verbose: 0 : SshRelayStream [TX: 1 TXA: 0 RX: 0 AQ: 1]: Connected session &lt;\u0000&gt;
Google.Solutions.Compute Verbose: 0 : SshRelayStream [TX: 1 TXA: 0 RX: 0 AQ: 1]: Connected session &lt;\u0000&gt;
Google.Solutions.Compute Verbose: 0 : SshRelayStream [TX: 1 TXA: 0 RX: 0 AQ: 1]: Connected session &lt;\u0000&gt;
Google.Solutions.Compute Verbose: 0 : SshRelayStream [TX: 1 TXA: 0 RX: 0 AQ: 1]: Connected session &lt;\u0000&gt;
Google.Solutions.Compute Verbose: 0 : SshRelayStream [TX: 1 TXA: 0 RX: 0 AQ: 1]: Connected session &lt;\u0000&gt;
Google.Solutions.Compute Verbose: 0 : SshRelayStream [TX: 1 TXA: 0 RX: 0 AQ: 1]: Connected session &lt;\u0000&gt;
Google.Solutions.Compute Verbose: 0 : SshRelayStream [TX: 1 TXA: 0 RX: 0 AQ: 1]: Connected session &lt;\u0000&gt;
Google.Solutions.Compute Verbose: 0 : SshRelayStream [TX: 1 TXA: 0 RX: 0 AQ: 1]: Received data (2 bytes)
Google.Solutions.Compute Verbose: 0 : SshRelayStream [TX: 1 TXA: 0 RX: 0 AQ: 1]: Received data (2 bytes)
Google.Solutions.Compute Verbose: 0 : SshRelayStream [TX: 1 TXA: 0 RX: 0 AQ: 1]: Received data (2 bytes)
Google.Solutions.Compute Verbose: 0 : SshRelayStream [TX: 1 TXA: 0 RX: 0 AQ: 1]: Received data (2 bytes)
Google.Solutions.Compute Verbose: 0 : SshRelayStream [TX: 1 TXA: 0 RX: 0 AQ: 1]: Received data (2 bytes)
Google.Solutions.Compute Verbose: 0 : SshRelayStream [TX: 1 TXA: 0 RX: 0 AQ: 1]: Received data (2 bytes)
Google.Solutions.Compute Verbose: 0 : SshRelayStream [TX: 1 TXA: 0 RX: 0 AQ: 1]: Received data (2 bytes)
Google.Solutions.Compute Verbose: 0 : SshRelayStream [TX: 1 TXA: 0 RX: 0 AQ: 1]: Received data (2 bytes)
Google.Solutions.Compute Verbose: 0 : SshRelayStream [TX: 1 TXA: 0 RX: 0 AQ: 1]: Received data (2 bytes)
Google.Solutions.Compute Verbose: 0 : SshRelayStream [TX: 1 TXA: 0 RX: 0 AQ: 1]: Received data (2 bytes)
Google.Solutions.Compute Verbose: 0 : SshRelayStream [TX: 1 TXA: 0 RX: 0 AQ: 1]: Received data (2 bytes)
Google.Solutions.Compute Verbose: 0 : SshRelayStream [TX: 1 TXA: 0 RX: 0 AQ: 1]: Received data (2 bytes)
Google.Solutions.Compute Verbose: 0 : SshRelayStream [TX: 1 TXA: 0 RX: 0 AQ: 1]: Received data (2 bytes)
Google.Solutions.Compute Verbose: 0 : SshRelayStream [TX: 1 TXA: 0 RX: 0 AQ: 1]: Received data (2 bytes)
Google.Solutions.Compute Verbose: 0 : SshRelayStream [TX: 1 TXA: 0 RX: 0 AQ: 1]: Received data (2 bytes)
Google.Solutions.Compute Verbose: 0 : SshRelayStream [TX: 1 TXA: 0 RX: 0 AQ: 1]: Received data (2 bytes)
Google.Solutions.Compute Verbose: 0 : SshRelayStream [TX: 1 TXA: 0 RX: 0 AQ: 1]: Received data (2 bytes)
Google.Solutions.Compute Verbose: 0 : SshRelayStream [TX: 1 TXA: 0 RX: 0 AQ: 1]: Received data (2 bytes)
Google.Solutions.Compute Verbose: 0 : SshRelayStream [TX: 1 TXA: 0 RX: 0 AQ: 1]: Received data (2 bytes)
Google.Solutions.Compute Verbose: 0 : SshRelayStream [TX: 1 TXA: 0 RX: 0 AQ: 1]: Received data (2 bytes)
Google.Solutions.Compute Verbose: 0 : SshRelayStream [TX: 1 TXA: 0 RX: 0 AQ: 1]: Received data (2 bytes)
Google.Solutions.Compute Verbose: 0 : SshRelayStream [TX: 1 TXA: 0 RX: 0 AQ: 1]: Received data (2 bytes)
Google.Solutions.Compute Verbose: 0 : SshRelayStream [TX: 1 TXA: 0 RX: 0 AQ: 1]: Received data (2 bytes)
Google.Solutions.Compute Verbose: 0 : SshRelayStream [TX: 1 TXA: 0 RX: 0 AQ: 1]: Received data (2 bytes)
Google.Solutions.Compute Verbose: 0 : SshRelayStream [TX: 1 TXA: 0 RX: 0 AQ: 1]: Received data (2 bytes)
Google.Solutions.Compute Verbose: 0 : SshRelayStream [TX: 1 TXA: 0 RX: 0 AQ: 1]: Received data (2 bytes)
Google.Solutions.Compute Verbose: 0 : SshRelayStream [TX: 1 TXA: 0 RX: 0 AQ: 1]: Received data (2 bytes)
Google.Solutions.Compute Verbose: 0 : SshRelayStream [TX: 1 TXA: 0 RX: 0 AQ: 1]: Received data (2 bytes)
Google.Solutions.Compute Verbose: 0 : SshRelayStream [TX: 1 TXA: 0 RX: 0 AQ: 1]: Received data (2 bytes)
Google.Solutions.Compute Verbose: 0 : SshRelayStream [TX: 1 TXA: 0 RX: 0 AQ: 1]: Received data (2 bytes)
Google.Solutions.Compute Verbose: 0 : SshRelayStream [TX: 1 TXA: 0 RX: 0 AQ: 1]: Received data (2 bytes)
Google.Solutions.Compute Verbose: 0 : SshRelayStream [TX: 1 TXA: 0 RX: 0 AQ: 1]: Received data (2 bytes)
Google.Solutions.Compute Verbose: 0 : SshRelayStream [TX: 1 TXA: 0 RX: 0 AQ: 1]: Received data (2 bytes)
Google.Solutions.Compute Verbose: 0 : SshRelayStream [TX: 1 TXA: 0 RX: 0 AQ: 1]: Received data (2 bytes)
Google.Solutions.Compute Verbose: 0 : SshRelayStream [TX: 1 TXA: 0 RX: 0 AQ: 1]: Received data (2 bytes)
Google.Solutions.Compute Verbose: 0 : SshRelayStream [TX: 1 TXA: 0 RX: 0 AQ: 1]: Received data (2 bytes)
Google.Solutions.Compute Verbose: 0 : SshRelayStream [TX: 1 TXA: 0 RX: 0 AQ: 1]: Received data (2 bytes)
Google.Solutions.Compute Verbose: 0 : SshRelayStream [TX: 1 TXA: 0 RX: 0 AQ: 1]: Received data (2 bytes)
Google.Solutions.Compute Verbose: 0 : SshRelayStream [TX: 1 TXA: 0 RX: 0 AQ: 1]: Received data (2 bytes)
Google.Solutions.Compute Verbose: 0 : SshRelayStream [TX: 1 TXA: 0 RX: 0 AQ: 1]: Received data (2 bytes)
Google.Solutions.Compute Verbose: 0 : SshRelayStream [TX: 1 TXA: 0 RX: 0 AQ: 1]: Received data (2 bytes)
Google.Solutions.Compute Verbose: 0 : SshRelayStream [TX: 1 TXA: 0 RX: 0 AQ: 1]: Received data (2 bytes)
Google.Solutions.Compute Verbose: 0 : SshRelayStream [TX: 1 TXA: 0 RX: 0 AQ: 1]: Received data (2 bytes)
Google.Solutions.Compute Verbose: 0 : SshRelayStream [TX: 1 TXA: 0 RX: 0 AQ: 1]: Received data (2 bytes)
Google.Solutions.Compute Verbose: 0 : SshRelayStream [TX: 1 TXA: 0 RX: 0 AQ: 1]: Received data (2 bytes)
Google.Solutions.Compute Verbose: 0 : SshRelayStream [TX: 1 TXA: 0 RX: 0 AQ: 1]: Received data (2 bytes)
Google.Solutions.Compute Verbose: 0 : SshRelayStream [TX: 1 TXA: 0 RX: 0 AQ: 1]: Received data (2 bytes)
Google.Solutions.Compute Verbose: 0 : SshRelayStream [TX: 1 TXA: 0 RX: 0 AQ: 1]: Received data (2 bytes)
Google.Solutions.Compute Verbose: 0 : SshRelayStream [TX: 1 TXA: 0 RX: 0 AQ: 1]: Received data (2 bytes)
Google.Solutions.Compute Verbose: 0 : SshRelayStream [TX: 1 TXA: 0 RX: 0 AQ: 1]: Received data (2 bytes)
Google.Solutions.Compute Verbose: 0 : SshRelayStream [TX: 1 TXA: 0 RX: 0 AQ: 1]: Received data (2 bytes)
Google.Solutions.Compute Verbose: 0 : SshRelayStream [TX: 1 TXA: 0 RX: 0 AQ: 1]: Received data (2 bytes)
Google.Solutions.Compute Verbose: 0 : SshRelayStream [TX: 1 TXA: 0 RX: 0 AQ: 1]: Received data (2 bytes)
Google.Solutions.Compute Verbose: 0 : SshRelayStream [TX: 1 TXA: 0 RX: 0 AQ: 1]: Received data (2 bytes)
Google.Solutions.Compute Verbose: 0 : SshRelayStream [TX: 1 TXA: 0 RX: 0 AQ: 1]: Received data (2 bytes)
Google.Solutions.Compute Verbose: 0 : SshRelayStream [TX: 1 TXA: 0 RX: 0 AQ: 1]: Received data (2 bytes)
Google.Solutions.Compute Verbose: 0 : SshRelayStream [TX: 1 TXA: 0 RX: 0 AQ: 1]: Received data (2 bytes)
Google.Solutions.Compute Verbose: 0 : SshRelayStream [TX: 1 TXA: 0 RX: 0 AQ: 1]: Received data (2 bytes)
Google.Solutions.Compute Verbose: 0 : SshRelayStream [TX: 1 TXA: 0 RX: 0 AQ: 1]: Received data (2 bytes)
Google.Solutions.Compute Verbose: 0 : SshRelayStream [TX: 1 TXA: 0 RX: 0 AQ: 1]: Received data (2 bytes)
Google.Solutions.Compute Verbose: 0 : SshRelayStream [TX: 1 TXA: 0 RX: 0 AQ: 1]: Received data (2 bytes)
Google.Solutions.Compute Verbose: 0 : SshRelayStream [TX: 1 TXA: 0 RX: 0 AQ: 1]: Received data (2 bytes)
Google.Solutions.Compute Verbose: 0 : SshRelayStream [TX: 1 TXA: 0 RX: 0 AQ: 1]: Received data (2 bytes)
Google.Solutions.Compute Verbose: 0 : SshRelayStream [TX: 1 TXA: 0 RX: 0 AQ: 1]: Received data (2 bytes)
Google.Solutions.Compute Verbose: 0 : SshRelayStream [TX: 1 TXA: 0 RX: 0 AQ: 1]: Received data (2 bytes)
Google.Solutions.Compute Verbose: 0 : SshRelayStream [TX: 1 TXA: 0 RX: 2 AQ: 1]: Sending ACK #2...
Google.Solutions.Compute Verbose: 0 : SshRelayStream [TX: 1 TXA: 0 RX: 2 AQ: 1]: Sending ACK #2...
Google.Solutions.Compute Verbose: 0 : SshRelayStream [TX: 1 TXA: 0 RX: 2 AQ: 1]: Sending ACK #2...
Google.Solutions.Compute Verbose: 0 : SshRelayStream [TX: 1 TXA: 0 RX: 2 AQ: 1]: Sending ACK #2...
Google.Solutions.Compute Verbose: 0 : SshRelayStream [TX: 1 TXA: 0 RX: 2 AQ: 1]: Sending ACK #2...
Google.Solutions.Compute Verbose: 0 : SshRelayStream [TX: 1 TXA: 0 RX: 2 AQ: 1]: Sending ACK #2...
Google.Solutions.Compute Verbose: 0 : SshRelayStream [TX: 1 TXA: 0 RX: 2 AQ: 1]: Sending ACK #2...
Google.Solutions.Compute Verbose: 0 : SshRelayStream [TX: 1 TXA: 0 RX: 2 AQ: 1]: Sending ACK #2...
Google.Solutions.Compute Verbose: 0 : SshRelayStream [TX: 1 TXA: 0 RX: 2 AQ: 1]: Sending ACK #2...
Google.Solutions.Compute Verbose: 0 : SshRelayStream [TX: 1 TXA: 0 RX: 2 AQ: 1]: Sending ACK #2...
Google.Solutions.Compute Verbose: 0 : SshRelayStream [TX: 1 TXA: 0 RX: 2 AQ: 1]: Sending ACK #2...
Google.Solutions.Compute Verbose: 0 : SshRelayStream [TX: 1 TXA: 0 RX: 2 AQ: 1]: Sending ACK #2...
Google.Solutions.Compute Verbose: 0 : SshRelayStream [TX: 1 TXA: 0 RX: 2 AQ: 1]: Sending ACK #2...
Google.Solutions.Compute Verbose: 0 : SshRelayStream [TX: 1 TXA: 0 RX: 2 AQ: 1]: Sending ACK #2...
Google.Solutions.Compute Verbose: 0 : SshRelayStream [TX: 1 TXA: 0 RX: 2 AQ: 1]: Sending ACK #2...
Google.Solutions.Compute Verbose: 0 : SshRelayStream [TX: 1 TXA: 0 RX: 2 AQ: 1]: Sending ACK #2...
Google.Solutions.Compute Verbose: 0 : SshRelayStream [TX: 1 TXA: 0 RX: 2 AQ: 1]: Sending ACK #2...
Google.Solutions.Compute Verbose: 0 : SshRelayStream [TX: 1 TXA: 0 RX: 2 AQ: 1]: Sending ACK #2...
Google.Solutions.Compute Verbose: 0 : SshRelayStream [TX: 1 TXA: 0 RX: 2 AQ: 1]: Sending ACK #2...
Google.Solutions.Compute Verbose: 0 : SshRelayStream [TX: 1 TXA: 0 RX: 2 AQ: 1]: Sending ACK #2...
Google.Solutions.Compute Verbose: 0 : SshRelayStream [TX: 1 TXA: 0 RX: 2 AQ: 1]: Sending ACK #2...
Google.Solutions.Compute Verbose: 0 : SshRelayStream [TX: 1 TXA: 0 RX: 2 AQ: 1]: Sending ACK #2...
Google.Solutions.Compute Verbose: 0 : SshRelayStream [TX: 1 TXA: 0 RX: 2 AQ: 1]: Sending ACK #2...
Google.Solutions.Compute Verbose: 0 : SshRelayStream [TX: 1 TXA: 0 RX: 2 AQ: 1]: Sending ACK #2...
Google.Solutions.Compute Verbose: 0 : SshRelayStream [TX: 1 TXA: 0 RX: 2 AQ: 1]: Sending ACK #2...
Google.Solutions.Compute Verbose: 0 : SshRelayStream [TX: 1 TXA: 0 RX: 2 AQ: 1]: Sending ACK #2...
Google.Solutions.Compute Verbose: 0 : SshRelayStream [TX: 1 TXA: 0 RX: 2 AQ: 1]: Sending ACK #2...
Google.Solutions.Compute Verbose: 0 : SshRelayStream [TX: 1 TXA: 0 RX: 2 AQ: 1]: Sending ACK #2...
Google.Solutions.Compute Verbose: 0 : SshRelayStream [TX: 1 TXA: 0 RX: 2 AQ: 1]: Sending ACK #2...
Google.Solutions.Compute Verbose: 0 : SshRelayStream [TX: 1 TXA: 0 RX: 2 AQ: 1]: Sending ACK #2...
Google.Solutions.Compute Verbose: 0 : SshRelayStream [TX: 1 TXA: 0 RX: 2 AQ: 1]: Sending ACK #2...
Google.Solutions.Compute Verbose: 0 : SshRelayStream [TX: 1 TXA: 0 RX: 2 AQ: 1]: Sending ACK #2...
Google.Solutions.Compute Verbose: 0 : SshRelayStream [TX: 1 TXA: 0 RX: 2 AQ: 1]: Sending ACK #2...
Google.Solutions.Compute Verbose: 0 : SshRelayStream [TX: 1 TXA: 0 RX: 2 AQ: 1]: Sending ACK #2...
Google.Solutions.Compute Verbose: 0 : SshRelayStream [TX: 1 TXA: 0 RX: 2 AQ: 1]: Sending ACK #2...
Google.Solutions.Compute Verbose: 0 : SshRelayStream [TX: 1 TXA: 0 RX: 2 AQ: 1]: Sending ACK #2...
Google.Solutions.Compute Verbose: 0 : SshRelayStream [TX: 1 TXA: 0 RX: 2 AQ: 1]: Sending ACK #2...
Google.Solutions.Compute Verbose: 0 : SshRelayStream [TX: 1 TXA: 0 RX: 2 AQ: 1]: Sending ACK #2...
Google.Solutions.Compute Verbose: 0 : SshRelayStream [TX: 1 TXA: 0 RX: 2 AQ: 1]: Sending ACK #2...
Google.Solutions.Compute Verbose: 0 : SshRelayStream [TX: 1 TXA: 0 RX: 2 AQ: 1]: Sending ACK #2...
Google.Solutions.Compute Verbose: 0 : SshRelayStream [TX: 1 TXA: 0 RX: 2 AQ: 1]: Sending ACK #2...
Google.Solutions.Compute Verbose: 0 : SshRelayStream [TX: 1 TXA: 0 RX: 2 AQ: 1]: Sending ACK #2...
Google.Solutions.Compute Verbose: 0 : SshRelayStream [TX: 1 TXA: 0 RX: 2 AQ: 1]: Sending ACK #2...
Google.Solutions.Compute Verbose: 0 : SshRelayStream [TX: 1 TXA: 0 RX: 2 AQ: 1]: Sending ACK #2...
Google.Solutions.Compute Verbose: 0 : SshRelayStream [TX: 1 TXA: 0 RX: 2 AQ: 1]: Sending ACK #2...
Google.Solutions.Compute Verbose: 0 : SshRelayStream [TX: 1 TXA: 0 RX: 2 AQ: 1]: Sending ACK #2...
Google.Solutions.Compute Verbose: 0 : SshRelayStream [TX: 1 TXA: 0 RX: 2 AQ: 1]: Sending ACK #2...
Google.Solutions.Compute Verbose: 0 : SshRelayStream [TX: 1 TXA: 0 RX: 2 AQ: 1]: Sending ACK #2...
Google.Solutions.Compute Verbose: 0 : SshRelayStream [TX: 1 TXA: 0 RX: 2 AQ: 1]: Sending ACK #2...
Google.Solutions.Compute Verbose: 0 : SshRelayStream [TX: 1 TXA: 0 RX: 2 AQ: 1]: Sending ACK #2...
Google.Solutions.Compute Verbose: 0 : SshRelayStream [TX: 1 TXA: 0 RX: 2 AQ: 1]: Sending ACK #2...
Google.Solutions.Compute Verbose: 0 : SshRelayStream [TX: 1 TXA: 0 RX: 2 AQ: 1]: Sending ACK #2...
Google.Solutions.Compute Verbose: 0 : SshRelayStream [TX: 1 TXA: 0 RX: 2 AQ: 1]: Sending ACK #2...
Google.Solutions.Compute Verbose: 0 : SshRelayStream [TX: 1 TXA: 0 RX: 2 AQ: 1]: Sending ACK #2...
Google.Solutions.Compute Verbose: 0 : SshRelayStream [TX: 1 TXA: 0 RX: 2 AQ: 1]: Sending ACK #2...
Google.Solutions.Compute Verbose: 0 : SshRelayStream [TX: 1 TXA: 0 RX: 2 AQ: 1]: Sending ACK #2...
Google.Solutions.Compute Verbose: 0 : SshRelayStream [TX: 1 TXA: 0 RX: 2 AQ: 1]: Sending ACK #2...
Google.Solutions.Compute Verbose: 0 : SshRelayStream [TX: 1 TXA: 0 RX: 2 AQ: 1]: Sending ACK #2...
Google.Solutions.Compute Verbose: 0 : SshRelayStream [TX: 1 TXA: 0 RX: 2 AQ: 1]: Sending ACK #2...
Google.Solutions.Compute Verbose: 0 : SshRelayStream [TX: 1 TXA: 0 RX: 2 AQ: 1]: Sending ACK #2...
Google.Solutions.Compute Verbose: 0 : SshRelayStream [TX: 1 TXA: 0 RX: 2 AQ: 1]: Sending ACK #2...
Google.Solutions.Compute Verbose: 0 : SshRelayStream [TX: 1 TXA: 0 RX: 2 AQ: 1]: Sending ACK #2...
Google.Solutions.Compute Verbose: 0 : SshRelayStream [TX: 1 TXA: 0 RX: 2 AQ: 1]: Sending ACK #2...
Google.Solutions.Compute Verbose: 0 : SshRelayStream [TX: 1 TXA: 0 RX: 2 AQ: 1]: Sending ACK #2...
Google.Solutions.Compute Verbose: 0 : SshRelayStream [TX: 1 TXA: 0 RX: 2 AQ: 1]: Sending ACK #2...
Google.Solutions.Compute Verbose: 0 : SshRelayStream [TX: 1 TXA: 0 RX: 2 AQ: 1]: Sending DATA #1...
Google.Solutions.Compute Verbose: 0 : SshRelayStream [TX: 1 TXA: 0 RX: 2 AQ: 1]: Sending DATA #1...
Google.Solutions.Compute Verbose: 0 : SshRelayStream [TX: 1 TXA: 0 RX: 2 AQ: 1]: Sending DATA #1...
Google.Solutions.Compute Verbose: 0 : SshRelayStream [TX: 1 TXA: 0 RX: 2 AQ: 1]: Sending DATA #1...
Google.Solutions.Compute Verbose: 0 : SshRelayStream [TX: 1 TXA: 0 RX: 2 AQ: 1]: Sending DATA #1...
Google.Solutions.Compute Verbose: 0 : SshRelayStream [TX: 1 TXA: 0 RX: 2 AQ: 1]: Sending DATA #1...
Google.Solutions.Compute Verbose: 0 : SshRelayStream [TX: 1 TXA: 0 RX: 2 AQ: 1]: Sending DATA #1...
Google.Solutions.Compute Verbose: 0 : SshRelayStream [TX: 1 TXA: 0 RX: 2 AQ: 1]: Sending DATA #1...
Google.Solutions.Compute Verbose: 0 : SshRelayStream [TX: 1 TXA: 0 RX: 2 AQ: 1]: Sending DATA #1...
Google.Solutions.Compute Verbose: 0 : SshRelayStream [TX: 1 TXA: 0 RX: 2 AQ: 1]: Sending DATA #1...
Google.Solutions.Compute Verbose: 0 : SshRelayStream [TX: 1 TXA: 0 RX: 2 AQ: 1]: Sending DATA #1...
Google.Solutions.Compute Verbose: 0 : SshRelayStream [TX: 1 TXA: 0 RX: 2 AQ: 1]: Sending DATA #1...
Google.Solutions.Compute Verbose: 0 : SshRelayStream [TX: 1 TXA: 0 RX: 2 AQ: 1]: Sending DATA #1...
Google.Solutions.Compute Verbose: 0 : SshRelayStream [TX: 1 TXA: 0 RX: 2 AQ: 1]: Sending DATA #1...
Google.Solutions.Compute Verbose: 0 : SshRelayStream [TX: 1 TXA: 0 RX: 2 AQ: 1]: Sending DATA #1...
Google.Solutions.Compute Verbose: 0 : SshRelayStream [TX: 1 TXA: 0 RX: 2 AQ: 1]: Sending DATA #1...
Google.Solutions.Compute Verbose: 0 : SshRelayStream [TX: 1 TXA: 0 RX: 2 AQ: 1]: Sending DATA #1...
Google.Solutions.Compute Verbose: 0 : SshRelayStream [TX: 1 TXA: 0 RX: 2 AQ: 1]: Sending DATA #1...
Google.Solutions.Compute Verbose: 0 : SshRelayStream [TX: 1 TXA: 0 RX: 2 AQ: 1]: Sending DATA #1...
Google.Solutions.Compute Verbose: 0 : SshRelayStream [TX: 1 TXA: 0 RX: 2 AQ: 1]: Sending DATA #1...
Google.Solutions.Compute Verbose: 0 : SshRelayStream [TX: 1 TXA: 0 RX: 2 AQ: 1]: Sending DATA #1...
Google.Solutions.Compute Verbose: 0 : SshRelayStream [TX: 1 TXA: 0 RX: 2 AQ: 1]: Sending DATA #1...
Google.Solutions.Compute Verbose: 0 : SshRelayStream [TX: 1 TXA: 0 RX: 2 AQ: 1]: Sending DATA #1...
Google.Solutions.Compute Verbose: 0 : SshRelayStream [TX: 1 TXA: 0 RX: 2 AQ: 1]: Sending DATA #1...
Google.Solutions.Compute Verbose: 0 : SshRelayStream [TX: 1 TXA: 0 RX: 2 AQ: 1]: Sending DATA #1...
Google.Solutions.Compute Verbose: 0 : SshRelayStream [TX: 1 TXA: 0 RX: 2 AQ: 1]: Sending DATA #1...
Google.Solutions.Compute Verbose: 0 : SshRelayStream [TX: 1 TXA: 0 RX: 2 AQ: 1]: Sending DATA #1...
Google.Solutions.Compute Verbose: 0 : SshRelayStream [TX: 1 TXA: 0 RX: 2 AQ: 1]: Sending DATA #1...
Google.Solutions.Compute Verbose: 0 : SshRelayStream [TX: 1 TXA: 0 RX: 2 AQ: 1]: Sending DATA #1...
Google.Solutions.Compute Verbose: 0 : SshRelayStream [TX: 1 TXA: 0 RX: 2 AQ: 1]: Sending DATA #1...
Google.Solutions.Compute Verbose: 0 : SshRelayStream [TX: 1 TXA: 0 RX: 2 AQ: 1]: Sending DATA #1...
Google.Solutions.Compute Verbose: 0 : SshRelayStream [TX: 1 TXA: 0 RX: 2 AQ: 1]: Sending DATA #1...
Google.Solutions.Compute Verbose: 0 : SshRelayStream [TX: 1 TXA: 0 RX: 2 AQ: 1]: Sending DATA #1...
Google.Solutions.Compute Verbose: 0 : SshRelayStream [TX: 1 TXA: 0 RX: 2 AQ: 1]: Sending DATA #1...
Google.Solutions.Compute Verbose: 0 : SshRelayStream [TX: 1 TXA: 0 RX: 2 AQ: 1]: Sending DATA #1...
Google.Solutions.Compute Verbose: 0 : SshRelayStream [TX: 1 TXA: 0 RX: 2 AQ: 1]: Sending DATA #1...
Google.Solutions.Compute Verbose: 0 : SshRelayStream [TX: 1 TXA: 0 RX: 2 AQ: 1]: Sending DATA #1...
Google.Solutions.Compute Verbose: 0 : SshRelayStream [TX: 1 TXA: 0 RX: 2 AQ: 1]: Sending DATA #1...
Google.Solutions.Compute Verbose: 0 : SshRelayStream [TX: 1 TXA: 0 RX: 2 AQ: 1]: Sending DATA #1...
Google.Solutions.Compute Verbose: 0 : SshRelayStream [TX: 1 TXA: 0 RX: 2 AQ: 1]: Sending DATA #1...
Google.Solutions.Compute Verbose: 0 : SshRelayStream [TX: 1 TXA: 0 RX: 2 AQ: 1]: Sending DATA #1...
Google.Solutions.Compute Verbose: 0 : SshRelayStream [TX: 1 TXA: 0 RX: 2 AQ: 1]: Sending DATA #1...
Google.Solutions.Compute Verbose: 0 : SshRelayStream [TX: 1 TXA: 0 RX: 2 AQ: 1]: Sending DATA #1...
Google.Solutions.Compute Verbose: 0 : SshRelayStream [TX: 1 TXA: 0 RX: 2 AQ: 1]: Sending DATA #1...
Google.Solutions.Compute Verbose: 0 : SshRelayStream [TX: 1 TXA: 0 RX: 2 AQ: 1]: Sending DATA #1...
Google.Solutions.Compute Verbose: 0 : SshRelayStream [TX: 1 TXA: 0 RX: 2 AQ: 1]: Sending DATA #1...
Google.Solutions.Compute Verbose: 0 : SshRelayStream [TX: 1 TXA: 0 RX: 2 AQ: 1]: Sending DATA #1...
Google.Solutions.Compute Verbose: 0 : SshRelayStream [TX: 1 TXA: 0 RX: 2 AQ: 1]: Sending DATA #1...
Google.Solutions.Compute Verbose: 0 : SshRelayStream [TX: 1 TXA: 0 RX: 2 AQ: 1]: Sending DATA #1...
Google.Solutions.Compute Verbose: 0 : SshRelayStream [TX: 1 TXA: 0 RX: 2 AQ: 1]: Sending DATA #1...
Google.Solutions.Compute Verbose: 0 : SshRelayStream [TX: 1 TXA: 0 RX: 2 AQ: 1]: Sending DATA #1...
Google.Solutions.Compute Verbose: 0 : SshRelayStream [TX: 1 TXA: 0 RX: 2 AQ: 1]: Sending DATA #1...
Google.Solutions.Compute Verbose: 0 : SshRelayStream [TX: 1 TXA: 0 RX: 2 AQ: 1]: Sending DATA #1...
Google.Solutions.Compute Verbose: 0 : SshRelayStream [TX: 1 TXA: 0 RX: 2 AQ: 1]: Sending DATA #1...
Google.Solutions.Compute Verbose: 0 : SshRelayStream [TX: 1 TXA: 0 RX: 2 AQ: 1]: Sending DATA #1...
Google.Solutions.Compute Verbose: 0 : SshRelayStream [TX: 1 TXA: 0 RX: 2 AQ: 1]: Sending DATA #1...
Google.Solutions.Compute Verbose: 0 : SshRelayStream [TX: 1 TXA: 0 RX: 2 AQ: 1]: Sending DATA #1...
Google.Solutions.Compute Verbose: 0 : SshRelayStream [TX: 1 TXA: 0 RX: 2 AQ: 1]: Sending DATA #1...
Google.Solutions.Compute Verbose: 0 : SshRelayStream [TX: 1 TXA: 0 RX: 2 AQ: 1]: Sending DATA #1...
Google.Solutions.Compute Verbose: 0 : SshRelayStream [TX: 1 TXA: 0 RX: 2 AQ: 1]: Sending DATA #1...
Google.Solutions.Compute Verbose: 0 : SshRelayStream [TX: 1 TXA: 0 RX: 2 AQ: 1]: Sending DATA #1...
Google.Solutions.Compute Verbose: 0 : SshRelayStream [TX: 1 TXA: 0 RX: 2 AQ: 1]: Sending DATA #1...
Google.Solutions.Compute Verbose: 0 : SshRelayStream [TX: 1 TXA: 0 RX: 2 AQ: 1]: Sending DATA #1...
Google.Solutions.Compute Verbose: 0 : SshRelayStream [TX: 1 TXA: 0 RX: 2 AQ: 1]: Sending DATA #1...
Google.Solutions.Compute Verbose: 0 : SshRelayStream [TX: 1 TXA: 0 RX: 2 AQ: 1]: Sending DATA #1...
Google.Solutions.Compute Verbose: 0 : SshRelayStream [TX: 2 TXA: 0 RX: 2 AQ: 2]: Sending DATA #2...
Google.Solutions.Compute Verbose: 0 : SshRelayStream [TX: 2 TXA: 0 RX: 2 AQ: 2]: Sending DATA #2...
Google.Solutions.Compute Verbose: 0 : SshRelayStream [TX: 2 TXA: 0 RX: 2 AQ: 2]: Sending DATA #2...
Google.Solutions.Compute Verbose: 0 : SshRelayStream [TX: 2 TXA: 0 RX: 2 AQ: 2]: Sending DATA #2...
Google.Solutions.Compute Verbose: 0 : SshRelayStream [TX: 2 TXA: 0 RX: 2 AQ: 2]: Sending DATA #2...
Google.Solutions.Compute Verbose: 0 : SshRelayStream [TX: 2 TXA: 0 RX: 2 AQ: 2]: Sending DATA #2...
Google.Solutions.Compute Verbose: 0 : SshRelayStream [TX: 2 TXA: 0 RX: 2 AQ: 2]: Sending DATA #2...
Google.Solutions.Compute Verbose: 0 : SshRelayStream [TX: 2 TXA: 0 RX: 2 AQ: 2]: Sending DATA #2...
Google.Solutions.Compute Verbose: 0 : SshRelayStream [TX: 2 TXA: 0 RX: 2 AQ: 2]: Sending DATA #2...
Google.Solutions.Compute Verbose: 0 : SshRelayStream [TX: 2 TXA: 0 RX: 2 AQ: 2]: Sending DATA #2...
Google.Solutions.Compute Verbose: 0 : SshRelayStream [TX: 2 TXA: 0 RX: 2 AQ: 2]: Sending DATA #2...
Google.Solutions.Compute Verbose: 0 : SshRelayStream [TX: 2 TXA: 0 RX: 2 AQ: 2]: Sending DATA #2...
Google.Solutions.Compute Verbose: 0 : SshRelayStream [TX: 2 TXA: 0 RX: 2 AQ: 2]: Sending DATA #2...
Google.Solutions.Compute Verbose: 0 : SshRelayStream [TX: 2 TXA: 0 RX: 2 AQ: 2]: Sending DATA #2...
Google.Solutions.Compute Verbose: 0 : SshRelayStream [TX: 2 TXA: 0 RX: 2 AQ: 2]: Sending DATA #2...
Google.Solutions.Compute Verbose: 0 : SshRelayStream [TX: 2 TXA: 0 RX: 2 AQ: 2]: Sending DATA #2...
Google.Solutions.Compute Verbose: 0 : SshRelayStream [TX: 2 TXA: 0 RX: 2 AQ: 2]: Sending DATA #2...
Google.Solutions.Compute Verbose: 0 : SshRelayStream [TX: 2 TXA: 0 RX: 2 AQ: 2]: Sending DATA #2...
Google.Solutions.Compute Verbose: 0 : SshRelayStream [TX: 2 TXA: 0 RX: 2 AQ: 2]: Sending DATA #2...
Google.Solutions.Compute Verbose: 0 : SshRelayStream [TX: 2 TXA: 0 RX: 2 AQ: 2]: Sending DATA #2...
Google.Solutions.Compute Verbose: 0 : SshRelayStream [TX: 2 TXA: 0 RX: 2 AQ: 2]: Sending DATA #2...
Google.Solutions.Compute Verbose: 0 : SshRelayStream [TX: 2 TXA: 0 RX: 2 AQ: 2]: Sending DATA #2...
Google.Solutions.Compute Verbose: 0 : SshRelayStream [TX: 2 TXA: 0 RX: 2 AQ: 2]: Sending DATA #2...
Google.Solutions.Compute Verbose: 0 : SshRelayStream [TX: 2 TXA: 0 RX: 2 AQ: 2]: Sending DATA #2...
Google.Solutions.Compute Verbose: 0 : SshRelayStream [TX: 2 TXA: 0 RX: 2 AQ: 2]: Sending DATA #2...
Google.Solutions.Compute Verbose: 0 : SshRelayStream [TX: 2 TXA: 0 RX: 2 AQ: 2]: Sending DATA #2...
Google.Solutions.Compute Verbose: 0 : SshRelayStream [TX: 2 TXA: 0 RX: 2 AQ: 2]: Sending DATA #2...
Google.Solutions.Compute Verbose: 0 : SshRelayStream [TX: 2 TXA: 0 RX: 2 AQ: 2]: Sending DATA #2...
Google.Solutions.Compute Verbose: 0 : SshRelayStream [TX: 2 TXA: 0 RX: 2 AQ: 2]: Sending DATA #2...
Google.Solutions.Compute Verbose: 0 : SshRelayStream [TX: 2 TXA: 0 RX: 2 AQ: 2]: Sending DATA #2...
Google.Solutions.Compute Verbose: 0 : SshRelayStream [TX: 2 TXA: 0 RX: 2 AQ: 2]: Sending DATA #2...
Google.Solutions.Compute Verbose: 0 : SshRelayStream [TX: 2 TXA: 0 RX: 2 AQ: 2]: Sending DATA #2...
Google.Solutions.Compute Verbose: 0 : SshRelayStream [TX: 2 TXA: 0 RX: 2 AQ: 2]: Sending DATA #2...
Google.Solutions.Compute Verbose: 0 : SshRelayStream [TX: 2 TXA: 0 RX: 2 AQ: 2]: Sending DATA #2...
Google.Solutions.Compute Verbose: 0 : SshRelayStream [TX: 2 TXA: 0 RX: 2 AQ: 2]: Sending DATA #2...
Google.Solutions.Compute Verbose: 0 : SshRelayStream [TX: 2 TXA: 0 RX: 2 AQ: 2]: Sending DATA #2...
Google.Solutions.Compute Verbose: 0 : SshRelayStream [TX: 2 TXA: 0 RX: 2 AQ: 2]: Sending DATA #2...
Google.Solutions.Compute Verbose: 0 : SshRelayStream [TX: 2 TXA: 0 RX: 2 AQ: 2]: Sending DATA #2...
Google.Solutions.Compute Verbose: 0 : SshRelayStream [TX: 2 TXA: 0 RX: 2 AQ: 2]: Sending DATA #2...
Google.Solutions.Compute Verbose: 0 : SshRelayStream [TX: 2 TXA: 0 RX: 2 AQ: 2]: Sending DATA #2...
Google.Solutions.Compute Verbose: 0 : SshRelayStream [TX: 2 TXA: 0 RX: 2 AQ: 2]: Sending DATA #2...
Google.Solutions.Compute Verbose: 0 : SshRelayStream [TX: 2 TXA: 0 RX: 2 AQ: 2]: Sending DATA #2...
Google.Solutions.Compute Verbose: 0 : SshRelayStream [TX: 2 TXA: 0 RX: 2 AQ: 2]: Sending DATA #2...
Google.Solutions.Compute Verbose: 0 : SshRelayStream [TX: 2 TXA: 0 RX: 2 AQ: 2]: Sending DATA #2...
Google.Solutions.Compute Verbose: 0 : SshRelayStream [TX: 2 TXA: 0 RX: 2 AQ: 2]: Sending DATA #2...
Google.Solutions.Compute Verbose: 0 : SshRelayStream [TX: 2 TXA: 0 RX: 2 AQ: 2]: Sending DATA #2...
Google.Solutions.Compute Verbose: 0 : SshRelayStream [TX: 2 TXA: 0 RX: 2 AQ: 2]: Sending DATA #2...
Google.Solutions.Compute Verbose: 0 : SshRelayStream [TX: 2 TXA: 0 RX: 2 AQ: 2]: Sending DATA #2...
Google.Solutions.Compute Verbose: 0 : SshRelayStream [TX: 2 TXA: 0 RX: 2 AQ: 2]: Sending DATA #2...
Google.Solutions.Compute Verbose: 0 : SshRelayStream [TX: 2 TXA: 0 RX: 2 AQ: 2]: Sending DATA #2...
Google.Solutions.Compute Verbose: 0 : SshRelayStream [TX: 2 TXA: 0 RX: 2 AQ: 2]: Sending DATA #2...
Google.Solutions.Compute Verbose: 0 : SshRelayStream [TX: 2 TXA: 0 RX: 2 AQ: 2]: Sending DATA #2...
Google.Solutions.Compute Verbose: 0 : SshRelayStream [TX: 2 TXA: 0 RX: 2 AQ: 2]: Sending DATA #2...
Google.Solutions.Compute Verbose: 0 : SshRelayStream [TX: 2 TXA: 0 RX: 2 AQ: 2]: Sending DATA #2...
Google.Solutions.Compute Verbose: 0 : SshRelayStream [TX: 2 TXA: 0 RX: 2 AQ: 2]: Sending DATA #2...
Google.Solutions.Compute Verbose: 0 : SshRelayStream [TX: 2 TXA: 0 RX: 2 AQ: 2]: Sending DATA #2...
Google.Solutions.Compute Verbose: 0 : SshRelayStream [TX: 2 TXA: 0 RX: 2 AQ: 2]: Sending DATA #2...
Google.Solutions.Compute Verbose: 0 : SshRelayStream [TX: 2 TXA: 0 RX: 2 AQ: 2]: Sending DATA #2...
Google.Solutions.Compute Verbose: 0 : SshRelayStream [TX: 2 TXA: 0 RX: 2 AQ: 2]: Sending DATA #2...
Google.Solutions.Compute Verbose: 0 : SshRelayStream [TX: 2 TXA: 0 RX: 2 AQ: 2]: Sending DATA #2...
Google.Solutions.Compute Verbose: 0 : SshRelayStream [TX: 2 TXA: 0 RX: 2 AQ: 2]: Sending DATA #2...
Google.Solutions.Compute Verbose: 0 : SshRelayStream [TX: 2 TXA: 0 RX: 2 AQ: 2]: Sending DATA #2...
Google.Solutions.Compute Verbose: 0 : SshRelayStream [TX: 2 TXA: 0 RX: 2 AQ: 2]: Sending DATA #2...
Google.Solutions.Compute Verbose: 0 : SshRelayStream [TX: 2 TXA: 0 RX: 2 AQ: 2]: Sending DATA #2...
Google.Solutions.Compute Verbose: 0 : SshRelayStream [TX: 2 TXA: 0 RX: 2 AQ: 2]: Sending DATA #2...
Google.Solutions.Compute Verbose: 0 : SshRelayStream [TX: 2 TXA: 0 RX: 2 AQ: 2]: Connection closed abnormally: FAILED_TO_CONNECT_TO_BACKEND
Google.Solutions.Compute Verbose: 0 : SshRelayStream [TX: 2 TXA: 0 RX: 2 AQ: 2]: Connection closed abnormally: FAILED_TO_CONNECT_TO_BACKEND
Google.Solutions.Compute Verbose: 0 : SshRelayStream [TX: 2 TXA: 0 RX: 2 AQ: 2]: Connection closed abnormally: FAILED_TO_CONNECT_TO_BACKEND
Google.Solutions.Compute Verbose: 0 : SshRelayStream [TX: 2 TXA: 0 RX: 2 AQ: 2]: Connection closed abnormally: FAILED_TO_CONNECT_TO_BACKEND
Google.Solutions.Compute Verbose: 0 : SshRelayStream [TX: 2 TXA: 0 RX: 2 AQ: 2]: Connection closed abnormally: FAILED_TO_CONNECT_TO_BACKEND
Google.Solutions.Compute Verbose: 0 : SshRelayStream [TX: 2 TXA: 0 RX: 2 AQ: 2]: Connection closed abnormally: FAILED_TO_CONNECT_TO_BACKEND
Google.Solutions.Compute Verbose: 0 : SshRelayStream [TX: 2 TXA: 0 RX: 2 AQ: 2]: Connection closed abnormally: FAILED_TO_CONNECT_TO_BACKEND
Google.Solutions.Compute Verbose: 0 : SshRelayStream [TX: 2 TXA: 0 RX: 2 AQ: 2]: Connection closed abnormally: FAILED_TO_CONNECT_TO_BACKEND
Google.Solutions.Compute Verbose: 0 : SshRelayStream [TX: 2 TXA: 0 RX: 2 AQ: 2]: Connection closed abnormally: FAILED_TO_CONNECT_TO_BACKEND
Google.Solutions.Compute Verbose: 0 : SshRelayStream [TX: 2 TXA: 0 RX: 2 AQ: 2]: Connection closed abnormally: FAILED_TO_CONNECT_TO_BACKEND
Google.Solutions.Compute Verbose: 0 : SshRelayStream [TX: 2 TXA: 0 RX: 2 AQ: 2]: Connection closed abnormally: FAILED_TO_CONNECT_TO_BACKEND
Google.Solutions.Compute Verbose: 0 : SshRelayStream [TX: 2 TXA: 0 RX: 2 AQ: 2]: Connection closed abnormally: FAILED_TO_CONNECT_TO_BACKEND
Google.Solutions.Compute Verbose: 0 : SshRelayStream [TX: 2 TXA: 0 RX: 2 AQ: 2]: Connection closed abnormally: FAILED_TO_CONNECT_TO_BACKEND
Google.Solutions.Compute Verbose: 0 : SshRelayStream [TX: 2 TXA: 0 RX: 2 AQ: 2]: Connection closed abnormally: FAILED_TO_CONNECT_TO_BACKEND
Google.Solutions.Compute Verbose: 0 : SshRelayStream [TX: 2 TXA: 0 RX: 2 AQ: 2]: Connection closed abnormally: FAILED_TO_CONNECT_TO_BACKEND
Google.Solutions.Compute Verbose: 0 : SshRelayStream [TX: 2 TXA: 0 RX: 2 AQ: 2]: Connection closed abnormally: FAILED_TO_CONNECT_TO_BACKEND
Google.Solutions.Compute Verbose: 0 : SshRelayStream [TX: 2 TXA: 0 RX: 2 AQ: 2]: Connection closed abnormally: FAILED_TO_CONNECT_TO_BACKEND
Google.Solutions.Compute Verbose: 0 : SshRelayStream [TX: 2 TXA: 0 RX: 2 AQ: 2]: Connection closed abnormally: FAILED_TO_CONNECT_TO_BACKEND
Google.Solutions.Compute Verbose: 0 : SshRelayStream [TX: 2 TXA: 0 RX: 2 AQ: 2]: Connection closed abnormally: FAILED_TO_CONNECT_TO_BACKEND
Google.Solutions.Compute Verbose: 0 : SshRelayStream [TX: 2 TXA: 0 RX: 2 AQ: 2]: Connection closed abnormally: FAILED_TO_CONNECT_TO_BACKEND
Google.Solutions.Compute Verbose: 0 : SshRelayStream [TX: 2 TXA: 0 RX: 2 AQ: 2]: Connection closed abnormally: FAILED_TO_CONNECT_TO_BACKEND
Google.Solutions.Compute Verbose: 0 : SshRelayStream [TX: 2 TXA: 0 RX: 2 AQ: 2]: Connection closed abnormally: FAILED_TO_CONNECT_TO_BACKEND
Google.Solutions.Compute Verbose: 0 : SshRelayStream [TX: 2 TXA: 0 RX: 2 AQ: 2]: Connection closed abnormally: FAILED_TO_CONNECT_TO_BACKEND
Google.Solutions.Compute Verbose: 0 : SshRelayStream [TX: 2 TXA: 0 RX: 2 AQ: 2]: Connection closed abnormally: FAILED_TO_CONNECT_TO_BACKEND
Google.Solutions.Compute Verbose: 0 : SshRelayStream [TX: 2 TXA: 0 RX: 2 AQ: 2]: Connection closed abnormally: FAILED_TO_CONNECT_TO_BACKEND
Google.Solutions.Compute Verbose: 0 : SshRelayStream [TX: 2 TXA: 0 RX: 2 AQ: 2]: Connection closed abnormally: FAILED_TO_CONNECT_TO_BACKEND
Google.Solutions.Compute Verbose: 0 : SshRelayStream [TX: 2 TXA: 0 RX: 2 AQ: 2]: Connection closed abnormally: FAILED_TO_CONNECT_TO_BACKEND
Google.Solutions.Compute Verbose: 0 : SshRelayStream [TX: 2 TXA: 0 RX: 2 AQ: 2]: Connection closed abnormally: FAILED_TO_CONNECT_TO_BACKEND
Google.Solutions.Compute Verbose: 0 : SshRelayStream [TX: 2 TXA: 0 RX: 2 AQ: 2]: Connection closed abnormally: FAILED_TO_CONNECT_TO_BACKEND
Google.Solutions.Compute Verbose: 0 : SshRelayStream [TX: 2 TXA: 0 RX: 2 AQ: 2]: Connection closed abnormally: FAILED_TO_CONNECT_TO_BACKEND
Google.Solutions.Compute Verbose: 0 : SshRelayStream [TX: 2 TXA: 0 RX: 2 AQ: 2]: Connection closed abnormally: FAILED_TO_CONNECT_TO_BACKEND
Google.Solutions.Compute Verbose: 0 : SshRelayStream [TX: 2 TXA: 0 RX: 2 AQ: 2]: Connection closed abnormally: FAILED_TO_CONNECT_TO_BACKEND
Google.Solutions.Compute Verbose: 0 : SshRelayStream [TX: 2 TXA: 0 RX: 2 AQ: 2]: Connection closed abnormally: FAILED_TO_CONNECT_TO_BACKEND
Google.Solutions.Compute Verbose: 0 : SshRelayStream [TX: 2 TXA: 0 RX: 2 AQ: 2]: Connection closed abnormally: FAILED_TO_CONNECT_TO_BACKEND
Google.Solutions.Compute Verbose: 0 : SshRelayStream [TX: 2 TXA: 0 RX: 2 AQ: 2]: Connection closed abnormally: FAILED_TO_CONNECT_TO_BACKEND
Google.Solutions.Compute Verbose: 0 : SshRelayStream [TX: 2 TXA: 0 RX: 2 AQ: 2]: Connection closed abnormally: FAILED_TO_CONNECT_TO_BACKEND
Google.Solutions.Compute Verbose: 0 : SshRelayStream [TX: 2 TXA: 0 RX: 2 AQ: 2]: Connection closed abnormally: FAILED_TO_CONNECT_TO_BACKEND
Google.Solutions.Compute Verbose: 0 : SshRelayStream [TX: 2 TXA: 0 RX: 2 AQ: 2]: Connection closed abnormally: FAILED_TO_CONNECT_TO_BACKEND
Google.Solutions.Compute Verbose: 0 : SshRelayStream [TX: 2 TXA: 0 RX: 2 AQ: 2]: Connection closed abnormally: FAILED_TO_CONNECT_TO_BACKEND
Google.Solutions.Compute Verbose: 0 : SshRelayStream [TX: 2 TXA: 0 RX: 2 AQ: 2]: Connection closed abnormally: FAILED_TO_CONNECT_TO_BACKEND
Google.Solutions.Compute Verbose: 0 : SshRelayStream [TX: 2 TXA: 0 RX: 2 AQ: 2]: Connection closed abnormally: FAILED_TO_CONNECT_TO_BACKEND
Google.Solutions.Compute Verbose: 0 : SshRelayStream [TX: 2 TXA: 0 RX: 2 AQ: 2]: Connection closed abnormally: FAILED_TO_CONNECT_TO_BACKEND
Google.Solutions.Compute Verbose: 0 : SshRelayStream [TX: 2 TXA: 0 RX: 2 AQ: 2]: Connection closed abnormally: FAILED_TO_CONNECT_TO_BACKEND
Google.Solutions.Compute Verbose: 0 : SshRelayStream [TX: 2 TXA: 0 RX: 2 AQ: 2]: Connection closed abnormally: FAILED_TO_CONNECT_TO_BACKEND
Google.Solutions.Compute Verbose: 0 : SshRelayStream [TX: 2 TXA: 0 RX: 2 AQ: 2]: Connection closed abnormally: FAILED_TO_CONNECT_TO_BACKEND
Google.Solutions.Compute Verbose: 0 : SshRelayStream [TX: 2 TXA: 0 RX: 2 AQ: 2]: Connection closed abnormally: FAILED_TO_CONNECT_TO_BACKEND
Google.Solutions.Compute Verbose: 0 : SshRelayStream [TX: 2 TXA: 0 RX: 2 AQ: 2]: Connection closed abnormally: FAILED_TO_CONNECT_TO_BACKEND
Google.Solutions.Compute Verbose: 0 : SshRelayStream [TX: 2 TXA: 0 RX: 2 AQ: 2]: Connection closed abnormally: FAILED_TO_CONNECT_TO_BACKEND
Google.Solutions.Compute Verbose: 0 : SshRelayStream [TX: 2 TXA: 0 RX: 2 AQ: 2]: Connection closed abnormally: FAILED_TO_CONNECT_TO_BACKEND
Google.Solutions.Compute Verbose: 0 : SshRelayStream [TX: 2 TXA: 0 RX: 2 AQ: 2]: Connection closed abnormally: FAILED_TO_CONNECT_TO_BACKEND
Google.Solutions.Compute Verbose: 0 : SshRelayStream [TX: 2 TXA: 0 RX: 2 AQ: 2]: Connection closed abnormally: FAILED_TO_CONNECT_TO_BACKEND
Google.Solutions.Compute Verbose: 0 : SshRelayStream [TX: 2 TXA: 0 RX: 2 AQ: 2]: Connection closed abnormally: FAILED_TO_CONNECT_TO_BACKEND
Google.Solutions.Compute Verbose: 0 : SshRelayStream [TX: 2 TXA: 0 RX: 2 AQ: 2]: Connection closed abnormally: FAILED_TO_CONNECT_TO_BACKEND
Google.Solutions.Compute Verbose: 0 : SshRelayStream [TX: 2 TXA: 0 RX: 2 AQ: 2]: Connection closed abnormally: FAILED_TO_CONNECT_TO_BACKEND
Google.Solutions.Compute Verbose: 0 : SshRelayStream [TX: 2 TXA: 0 RX: 2 AQ: 2]: Connection closed abnormally: FAILED_TO_CONNECT_TO_BACKEND
Google.Solutions.Compute Verbose: 0 : SshRelayStream [TX: 2 TXA: 0 RX: 2 AQ: 2]: Connection closed abnormally: FAILED_TO_CONNECT_TO_BACKEND
Google.Solutions.Compute Verbose: 0 : SshRelayStream [TX: 2 TXA: 0 RX: 2 AQ: 2]: Connection closed abnormally: FAILED_TO_CONNECT_TO_BACKEND
Google.Solutions.Compute Verbose: 0 : SshRelayStream [TX: 2 TXA: 0 RX: 2 AQ: 2]: Connection closed abnormally: FAILED_TO_CONNECT_TO_BACKEND
Google.Solutions.Compute Verbose: 0 : SshRelayStream [TX: 2 TXA: 0 RX: 2 AQ: 2]: Connection closed abnormally: FAILED_TO_CONNECT_TO_BACKEND
Google.Solutions.Compute Verbose: 0 : SshRelayStream [TX: 2 TXA: 0 RX: 2 AQ: 2]: Connection closed abnormally: FAILED_TO_CONNECT_TO_BACKEND
Google.Solutions.Compute Verbose: 0 : SshRelayStream [TX: 2 TXA: 0 RX: 2 AQ: 2]: Connection closed abnormally: FAILED_TO_CONNECT_TO_BACKEND
Google.Solutions.Compute Verbose: 0 : SshRelayStream [TX: 2 TXA: 0 RX: 2 AQ: 2]: Connection closed abnormally: FAILED_TO_CONNECT_TO_BACKEND
Google.Solutions.Compute Verbose: 0 : SshRelayStream [TX: 2 TXA: 0 RX: 2 AQ: 2]: Connection closed abnormally: FAILED_TO_CONNECT_TO_BACKEND
Google.Solutions.Compute Verbose: 0 : SshRelayStream [TX: 2 TXA: 0 RX: 2 AQ: 2]: Connection closed abnormally: FAILED_TO_CONNECT_TO_BACKEND
Google.Solutions.Compute Verbose: 0 : SshRelayStream [TX: 2 TXA: 0 RX: 2 AQ: 2]: Connection closed abnormally: FAILED_TO_CONNECT_TO_BACKEND
Google.Solutions.Compute Verbose: 0 : SshRelayStream [TX: 2 TXA: 0 RX: 2 AQ: 2]: Disconnecting, preparing to reconnect
Google.Solutions.Compute Verbose: 0 : SshRelayStream [TX: 2 TXA: 0 RX: 2 AQ: 2]: Disconnecting, preparing to reconnect
Google.Solutions.Compute Verbose: 0 : SshRelayStream [TX: 2 TXA: 0 RX: 2 AQ: 2]: Disconnecting, preparing to reconnect
Google.Solutions.Compute Verbose: 0 : SshRelayStream [TX: 2 TXA: 0 RX: 2 AQ: 2]: Disconnecting, preparing to reconnect
Google.Solutions.Compute Verbose: 0 : SshRelayStream [TX: 2 TXA: 0 RX: 2 AQ: 2]: Disconnecting, preparing to reconnect
Google.Solutions.Compute Verbose: 0 : SshRelayStream [TX: 2 TXA: 0 RX: 2 AQ: 2]: Disconnecting, preparing to reconnect
Google.Solutions.Compute Verbose: 0 : SshRelayStream [TX: 2 TXA: 0 RX: 2 AQ: 2]: Disconnecting, preparing to reconnect
Google.Solutions.Compute Verbose: 0 : SshRelayStream [TX: 2 TXA: 0 RX: 2 AQ: 2]: Disconnecting, preparing to reconnect
Google.Solutions.Compute Verbose: 0 : SshRelayStream [TX: 2 TXA: 0 RX: 2 AQ: 2]: Disconnecting, preparing to reconnect
Google.Solutions.Compute Verbose: 0 : SshRelayStream [TX: 2 TXA: 0 RX: 2 AQ: 2]: Disconnecting, preparing to reconnect
Google.Solutions.Compute Verbose: 0 : SshRelayStream [TX: 2 TXA: 0 RX: 2 AQ: 2]: Disconnecting, preparing to reconnect
Google.Solutions.Compute Verbose: 0 : SshRelayStream [TX: 2 TXA: 0 RX: 2 AQ: 2]: Disconnecting, preparing to reconnect
Google.Solutions.Compute Verbose: 0 : SshRelayStream [TX: 2 TXA: 0 RX: 2 AQ: 2]: Disconnecting, preparing to reconnect
Google.Solutions.Compute Verbose: 0 : SshRelayStream [TX: 2 TXA: 0 RX: 2 AQ: 2]: Disconnecting, preparing to reconnect
Google.Solutions.Compute Verbose: 0 : SshRelayStream [TX: 2 TXA: 0 RX: 2 AQ: 2]: Disconnecting, preparing to reconnect
Google.Solutions.Compute Verbose: 0 : SshRelayStream [TX: 2 TXA: 0 RX: 2 AQ: 2]: Disconnecting, preparing to reconnect
Google.Solutions.Compute Verbose: 0 : SshRelayStream [TX: 2 TXA: 0 RX: 2 AQ: 2]: Disconnecting, preparing to reconnect
Google.Solutions.Compute Verbose: 0 : SshRelayStream [TX: 2 TXA: 0 RX: 2 AQ: 2]: Disconnecting, preparing to reconnect
Google.Solutions.Compute Verbose: 0 : SshRelayStream [TX: 2 TXA: 0 RX: 2 AQ: 2]: Disconnecting, preparing to reconnect
Google.Solutions.Compute Verbose: 0 : SshRelayStream [TX: 2 TXA: 0 RX: 2 AQ: 2]: Disconnecting, preparing to reconnect
Google.Solutions.Compute Verbose: 0 : SshRelayStream [TX: 2 TXA: 0 RX: 2 AQ: 2]: Disconnecting, preparing to reconnect
Google.Solutions.Compute Verbose: 0 : SshRelayStream [TX: 2 TXA: 0 RX: 2 AQ: 2]: Disconnecting, preparing to reconnect
Google.Solutions.Compute Verbose: 0 : SshRelayStream [TX: 2 TXA: 0 RX: 2 AQ: 2]: Disconnecting, preparing to reconnect
Google.Solutions.Compute Verbose: 0 : SshRelayStream [TX: 2 TXA: 0 RX: 2 AQ: 2]: Disconnecting, preparing to reconnect
Google.Solutions.Compute Verbose: 0 : SshRelayStream [TX: 2 TXA: 0 RX: 2 AQ: 2]: Disconnecting, preparing to reconnect
Google.Solutions.Compute Verbose: 0 : SshRelayStream [TX: 2 TXA: 0 RX: 2 AQ: 2]: Disconnecting, preparing to reconnect
Google.Solutions.Compute Verbose: 0 : SshRelayStream [TX: 2 TXA: 0 RX: 2 AQ: 2]: Disconnecting, preparing to reconnect
Google.Solutions.Compute Verbose: 0 : SshRelayStream [TX: 2 TXA: 0 RX: 2 AQ: 2]: Disconnecting, preparing to reconnect
Google.Solutions.Compute Verbose: 0 : SshRelayStream [TX: 2 TXA: 0 RX: 2 AQ: 2]: Disconnecting, preparing to reconnect
Google.Solutions.Compute Verbose: 0 : SshRelayStream [TX: 2 TXA: 0 RX: 2 AQ: 2]: Disconnecting, preparing to reconnect
Google.Solutions.Compute Verbose: 0 : SshRelayStream [TX: 2 TXA: 0 RX: 2 AQ: 2]: Disconnecting, preparing to reconnect
Google.Solutions.Compute Verbose: 0 : SshRelayStream [TX: 2 TXA: 0 RX: 2 AQ: 2]: Disconnecting, preparing to reconnect
Google.Solutions.Compute Verbose: 0 : SshRelayStream [TX: 2 TXA: 0 RX: 2 AQ: 2]: Disconnecting, preparing to reconnect
Google.Solutions.Compute Verbose: 0 : SshRelayStream [TX: 2 TXA: 0 RX: 2 AQ: 2]: Disconnecting, preparing to reconnect
Google.Solutions.Compute Verbose: 0 : SshRelayStream [TX: 2 TXA: 0 RX: 2 AQ: 2]: Disconnecting, preparing to reconnect
Google.Solutions.Compute Verbose: 0 : SshRelayStream [TX: 2 TXA: 0 RX: 2 AQ: 2]: Disconnecting, preparing to reconnect
Google.Solutions.Compute Verbose: 0 : SshRelayStream [TX: 2 TXA: 0 RX: 2 AQ: 2]: Disconnecting, preparing to reconnect
Google.Solutions.Compute Verbose: 0 : SshRelayStream [TX: 2 TXA: 0 RX: 2 AQ: 2]: Disconnecting, preparing to reconnect
Google.Solutions.Compute Verbose: 0 : SshRelayStream [TX: 2 TXA: 0 RX: 2 AQ: 2]: Disconnecting, preparing to reconnect
Google.Solutions.Compute Verbose: 0 : SshRelayStream [TX: 2 TXA: 0 RX: 2 AQ: 2]: Disconnecting, preparing to reconnect
Google.Solutions.Compute Verbose: 0 : SshRelayStream [TX: 2 TXA: 0 RX: 2 AQ: 2]: Disconnecting, preparing to reconnect
Google.Solutions.Compute Verbose: 0 : SshRelayStream [TX: 2 TXA: 0 RX: 2 AQ: 2]: Disconnecting, preparing to reconnect
Google.Solutions.Compute Verbose: 0 : SshRelayStream [TX: 2 TXA: 0 RX: 2 AQ: 2]: Disconnecting, preparing to reconnect
Google.Solutions.Compute Verbose: 0 : SshRelayStream [TX: 2 TXA: 0 RX: 2 AQ: 2]: Disconnecting, preparing to reconnect
Google.Solutions.Compute Verbose: 0 : SshRelayStream [TX: 2 TXA: 0 RX: 2 AQ: 2]: Disconnecting, preparing to reconnect
Google.Solutions.Compute Verbose: 0 : SshRelayStream [TX: 2 TXA: 0 RX: 2 AQ: 2]: Disconnecting, preparing to reconnect
Google.Solutions.Compute Verbose: 0 : SshRelayStream [TX: 2 TXA: 0 RX: 2 AQ: 2]: Disconnecting, preparing to reconnect
Google.Solutions.Compute Verbose: 0 : SshRelayStream [TX: 2 TXA: 0 RX: 2 AQ: 2]: Disconnecting, preparing to reconnect
Google.Solutions.Compute Verbose: 0 : SshRelayStream [TX: 2 TXA: 0 RX: 2 AQ: 2]: Disconnecting, preparing to reconnect
Google.Solutions.Compute Verbose: 0 : SshRelayStream [TX: 2 TXA: 0 RX: 2 AQ: 2]: Disconnecting, preparing to reconnect
Google.Solutions.Compute Verbose: 0 : SshRelayStream [TX: 2 TXA: 0 RX: 2 AQ: 2]: Disconnecting, preparing to reconnect
Google.Solutions.Compute Verbose: 0 : SshRelayStream [TX: 2 TXA: 0 RX: 2 AQ: 2]: Disconnecting, preparing to reconnect
Google.Solutions.Compute Verbose: 0 : SshRelayStream [TX: 2 TXA: 0 RX: 2 AQ: 2]: Disconnecting, preparing to reconnect
Google.Solutions.Compute Verbose: 0 : SshRelayStream [TX: 2 TXA: 0 RX: 2 AQ: 2]: Disconnecting, preparing to reconnect
Google.Solutions.Compute Verbose: 0 : SshRelayStream [TX: 2 TXA: 0 RX: 2 AQ: 2]: Disconnecting, preparing to reconnect
Google.Solutions.Compute Verbose: 0 : SshRelayStream [TX: 2 TXA: 0 RX: 2 AQ: 2]: Disconnecting, preparing to reconnect
Google.Solutions.Compute Verbose: 0 : SshRelayStream [TX: 2 TXA: 0 RX: 2 AQ: 2]: Disconnecting, preparing to reconnect
Google.Solutions.Compute Verbose: 0 : SshRelayStream [TX: 2 TXA: 0 RX: 2 AQ: 2]: Disconnecting, preparing to reconnect
Google.Solutions.Compute Verbose: 0 : SshRelayStream [TX: 2 TXA: 0 RX: 2 AQ: 2]: Disconnecting, preparing to reconnect
Google.Solutions.Compute Verbose: 0 : SshRelayStream [TX: 2 TXA: 0 RX: 2 AQ: 2]: Disconnecting, preparing to reconnect
Google.Solutions.Compute Verbose: 0 : SshRelayStream [TX: 2 TXA: 0 RX: 2 AQ: 2]: Disconnecting, preparing to reconnect
Google.Solutions.Compute Verbose: 0 : SshRelayStream [TX: 2 TXA: 0 RX: 2 AQ: 2]: Disconnecting, preparing to reconnect
Google.Solutions.Compute Verbose: 0 : SshRelayStream [TX: 2 TXA: 0 RX: 2 AQ: 2]: Disconnecting, preparing to reconnect
Google.Solutions.Compute Verbose: 0 : SshRelayStream [TX: 2 TXA: 0 RX: 2 AQ: 2]: Disconnecting, preparing to reconnect
Google.Solutions.Compute Verbose: 0 : SshRelayStream [TX: 2 TXA: 0 RX: 2 AQ: 2]: Disconnecting, preparing to reconnect
Google.Solutions.Compute Verbose: 0 : SshRelayStream [TX: 2 TXA: 0 RX: 2 AQ: 2]: Disonnected.
Google.Solutions.Compute Verbose: 0 : SshRelayStream [TX: 2 TXA: 0 RX: 2 AQ: 2]: Disonnected.
Google.Solutions.Compute Verbose: 0 : SshRelayStream [TX: 2 TXA: 0 RX: 2 AQ: 2]: Disonnected.
Google.Solutions.Compute Verbose: 0 : SshRelayStream [TX: 2 TXA: 0 RX: 2 AQ: 2]: Disonnected.
Google.Solutions.Compute Verbose: 0 : SshRelayStream [TX: 2 TXA: 0 RX: 2 AQ: 2]: Disonnected.
Google.Solutions.Compute Verbose: 0 : SshRelayStream [TX: 2 TXA: 0 RX: 2 AQ: 2]: Disonnected.
Google.Solutions.Compute Verbose: 0 : SshRelayStream [TX: 2 TXA: 0 RX: 2 AQ: 2]: Disonnected.
Google.Solutions.Compute Verbose: 0 : SshRelayStream [TX: 2 TXA: 0 RX: 2 AQ: 2]: Disonnected.
Google.Solutions.Compute Verbose: 0 : SshRelayStream [TX: 2 TXA: 0 RX: 2 AQ: 2]: Disonnected.
Google.Solutions.Compute Verbose: 0 : SshRelayStream [TX: 2 TXA: 0 RX: 2 AQ: 2]: Disonnected.
Google.Solutions.Compute Verbose: 0 : SshRelayStream [TX: 2 TXA: 0 RX: 2 AQ: 2]: Disonnected.
Google.Solutions.Compute Verbose: 0 : SshRelayStream [TX: 2 TXA: 0 RX: 2 AQ: 2]: Disonnected.
Google.Solutions.Compute Verbose: 0 : SshRelayStream [TX: 2 TXA: 0 RX: 2 AQ: 2]: Disonnected.
Google.Solutions.Compute Verbose: 0 : SshRelayStream [TX: 2 TXA: 0 RX: 2 AQ: 2]: Disonnected.
Google.Solutions.Compute Verbose: 0 : SshRelayStream [TX: 2 TXA: 0 RX: 2 AQ: 2]: Disonnected.
Google.Solutions.Compute Verbose: 0 : SshRelayStream [TX: 2 TXA: 0 RX: 2 AQ: 2]: Disonnected.
Google.Solutions.Compute Verbose: 0 : SshRelayStream [TX: 2 TXA: 0 RX: 2 AQ: 2]: Disonnected.
Google.Solutions.Compute Verbose: 0 : SshRelayStream [TX: 2 TXA: 0 RX: 2 AQ: 2]: Disonnected.
Google.Solutions.Compute Verbose: 0 : SshRelayStream [TX: 2 TXA: 0 RX: 2 AQ: 2]: Disonnected.
Google.Solutions.Compute Verbose: 0 : SshRelayStream [TX: 2 TXA: 0 RX: 2 AQ: 2]: Disonnected.
Google.Solutions.Compute Verbose: 0 : SshRelayStream [TX: 2 TXA: 0 RX: 2 AQ: 2]: Disonnected.
Google.Solutions.Compute Verbose: 0 : SshRelayStream [TX: 2 TXA: 0 RX: 2 AQ: 2]: Disonnected.
Google.Solutions.Compute Verbose: 0 : SshRelayStream [TX: 2 TXA: 0 RX: 2 AQ: 2]: Disonnected.
Google.Solutions.Compute Verbose: 0 : SshRelayStream [TX: 2 TXA: 0 RX: 2 AQ: 2]: Disonnected.
Google.Solutions.Compute Verbose: 0 : SshRelayStream [TX: 2 TXA: 0 RX: 2 AQ: 2]: Disonnected.
Google.Solutions.Compute Verbose: 0 : SshRelayStream [TX: 2 TXA: 0 RX: 2 AQ: 2]: Disonnected.
Google.Solutions.Compute Verbose: 0 : SshRelayStream [TX: 2 TXA: 0 RX: 2 AQ: 2]: Disonnected.
Google.Solutions.Compute Verbose: 0 : SshRelayStream [TX: 2 TXA: 0 RX: 2 AQ: 2]: Disonnected.
Google.Solutions.Compute Verbose: 0 : SshRelayStream [TX: 2 TXA: 0 RX: 2 AQ: 2]: Disonnected.
Google.Solutions.Compute Verbose: 0 : SshRelayStream [TX: 2 TXA: 0 RX: 2 AQ: 2]: Disonnected.
Google.Solutions.Compute Verbose: 0 : SshRelayStream [TX: 2 TXA: 0 RX: 2 AQ: 2]: Disonnected.
Google.Solutions.Compute Verbose: 0 : SshRelayStream [TX: 2 TXA: 0 RX: 2 AQ: 2]: Disonnected.
Google.Solutions.Compute Verbose: 0 : SshRelayStream [TX: 2 TXA: 0 RX: 2 AQ: 2]: Disonnected.
Google.Solutions.Compute Verbose: 0 : SshRelayStream [TX: 2 TXA: 0 RX: 2 AQ: 2]: Disonnected.
Google.Solutions.Compute Verbose: 0 : SshRelayStream [TX: 2 TXA: 0 RX: 2 AQ: 2]: Disonnected.
Google.Solutions.Compute Verbose: 0 : SshRelayStream [TX: 2 TXA: 0 RX: 2 AQ: 2]: Disonnected.
Google.Solutions.Compute Verbose: 0 : SshRelayStream [TX: 2 TXA: 0 RX: 2 AQ: 2]: Disonnected.
Google.Solutions.Compute Verbose: 0 : SshRelayStream [TX: 2 TXA: 0 RX: 2 AQ: 2]: Disonnected.
Google.Solutions.Compute Verbose: 0 : SshRelayStream [TX: 2 TXA: 0 RX: 2 AQ: 2]: Disonnected.
Google.Solutions.Compute Verbose: 0 : SshRelayStream [TX: 2 TXA: 0 RX: 2 AQ: 2]: Disonnected.
Google.Solutions.Compute Verbose: 0 : SshRelayStream [TX: 2 TXA: 0 RX: 2 AQ: 2]: Disonnected.
Google.Solutions.Compute Verbose: 0 : SshRelayStream [TX: 2 TXA: 0 RX: 2 AQ: 2]: Disonnected.
Google.Solutions.Compute Verbose: 0 : SshRelayStream [TX: 2 TXA: 0 RX: 2 AQ: 2]: Disonnected.
Google.Solutions.Compute Verbose: 0 : SshRelayStream [TX: 2 TXA: 0 RX: 2 AQ: 2]: Disonnected.
Google.Solutions.Compute Verbose: 0 : SshRelayStream [TX: 2 TXA: 0 RX: 2 AQ: 2]: Disonnected.
Google.Solutions.Compute Verbose: 0 : SshRelayStream [TX: 2 TXA: 0 RX: 2 AQ: 2]: Disonnected.
Google.Solutions.Compute Verbose: 0 : SshRelayStream [TX: 2 TXA: 0 RX: 2 AQ: 2]: Disonnected.
Google.Solutions.Compute Verbose: 0 : SshRelayStream [TX: 2 TXA: 0 RX: 2 AQ: 2]: Disonnected.
Google.Solutions.Compute Verbose: 0 : SshRelayStream [TX: 2 TXA: 0 RX: 2 AQ: 2]: Disonnected.
Google.Solutions.Compute Verbose: 0 : SshRelayStream [TX: 2 TXA: 0 RX: 2 AQ: 2]: Disonnected.
Google.Solutions.Compute Verbose: 0 : SshRelayStream [TX: 2 TXA: 0 RX: 2 AQ: 2]: Disonnected.
Google.Solutions.Compute Verbose: 0 : SshRelayStream [TX: 2 TXA: 0 RX: 2 AQ: 2]: Disonnected.
Google.Solutions.Compute Verbose: 0 : SshRelayStream [TX: 2 TXA: 0 RX: 2 AQ: 2]: Disonnected.
Google.Solutions.Compute Verbose: 0 : SshRelayStream [TX: 2 TXA: 0 RX: 2 AQ: 2]: Disonnected.
Google.Solutions.Compute Verbose: 0 : SshRelayStream [TX: 2 TXA: 0 RX: 2 AQ: 2]: Disonnected.
Google.Solutions.Compute Verbose: 0 : SshRelayStream [TX: 2 TXA: 0 RX: 2 AQ: 2]: Disonnected.
Google.Solutions.Compute Verbose: 0 : SshRelayStream [TX: 2 TXA: 0 RX: 2 AQ: 2]: Disonnected.
Google.Solutions.Compute Verbose: 0 : SshRelayStream [TX: 2 TXA: 0 RX: 2 AQ: 2]: Disonnected.
Google.Solutions.Compute Verbose: 0 : SshRelayStream [TX: 2 TXA: 0 RX: 2 AQ: 2]: Disonnected.
Google.Solutions.Compute Verbose: 0 : SshRelayStream [TX: 2 TXA: 0 RX: 2 AQ: 2]: Disonnected.
Google.Solutions.Compute Verbose: 0 : SshRelayStream [TX: 2 TXA: 0 RX: 2 AQ: 2]: Disonnected.
Google.Solutions.Compute Verbose: 0 : SshRelayStream [TX: 2 TXA: 0 RX: 2 AQ: 2]: Disonnected.
Google.Solutions.Compute Verbose: 0 : SshRelayStream [TX: 2 TXA: 0 RX: 2 AQ: 2]: Disonnected.
Google.Solutions.Compute Verbose: 0 : SshRelayStream [TX: 2 TXA: 0 RX: 2 AQ: 2]: Disonnected.
Google.Solutions.Compute Verbose: 0 : SshRelayStream [TX: 2 TXA: 0 RX: 2 AQ: 2]: Disonnected.
Google.Solutions.Compute Verbose: 0 : SshRelayStream [TX: 2 TXA: 0 RX: 2 AQ: 2]: Reconnecting...
Google.Solutions.Compute Verbose: 0 : SshRelayStream [TX: 2 TXA: 0 RX: 2 AQ: 2]: Reconnecting...
Google.Solutions.Compute Verbose: 0 : SshRelayStream [TX: 2 TXA: 0 RX: 2 AQ: 2]: Reconnecting...
Google.Solutions.Compute Verbose: 0 : SshRelayStream [TX: 2 TXA: 0 RX: 2 AQ: 2]: Reconnecting...
Google.Solutions.Compute Verbose: 0 : SshRelayStream [TX: 2 TXA: 0 RX: 2 AQ: 2]: Reconnecting...
Google.Solutions.Compute Verbose: 0 : SshRelayStream [TX: 2 TXA: 0 RX: 2 AQ: 2]: Reconnecting...
Google.Solutions.Compute Verbose: 0 : SshRelayStream [TX: 2 TXA: 0 RX: 2 AQ: 2]: Reconnecting...
Google.Solutions.Compute Verbose: 0 : SshRelayStream [TX: 2 TXA: 0 RX: 2 AQ: 2]: Reconnecting...
Google.Solutions.Compute Verbose: 0 : SshRelayStream [TX: 2 TXA: 0 RX: 2 AQ: 2]: Reconnecting...
Google.Solutions.Compute Verbose: 0 : SshRelayStream [TX: 2 TXA: 0 RX: 2 AQ: 2]: Reconnecting...
Google.Solutions.Compute Verbose: 0 : SshRelayStream [TX: 2 TXA: 0 RX: 2 AQ: 2]: Reconnecting...
Google.Solutions.Compute Verbose: 0 : SshRelayStream [TX: 2 TXA: 0 RX: 2 AQ: 2]: Reconnecting...
Google.Solutions.Compute Verbose: 0 : SshRelayStream [TX: 2 TXA: 0 RX: 2 AQ: 2]: Reconnecting...
Google.Solutions.Compute Verbose: 0 : SshRelayStream [TX: 2 TXA: 0 RX: 2 AQ: 2]: Reconnecting...
Google.Solutions.Compute Verbose: 0 : SshRelayStream [TX: 2 TXA: 0 RX: 2 AQ: 2]: Reconnecting...
Google.Solutions.Compute Verbose: 0 : SshRelayStream [TX: 2 TXA: 0 RX: 2 AQ: 2]: Reconnecting...
Google.Solutions.Compute Verbose: 0 : SshRelayStream [TX: 2 TXA: 0 RX: 2 AQ: 2]: Reconnecting...
Google.Solutions.Compute Verbose: 0 : SshRelayStream [TX: 2 TXA: 0 RX: 2 AQ: 2]: Reconnecting...
Google.Solutions.Compute Verbose: 0 : SshRelayStream [TX: 2 TXA: 0 RX: 2 AQ: 2]: Reconnecting...
Google.Solutions.Compute Verbose: 0 : SshRelayStream [TX: 2 TXA: 0 RX: 2 AQ: 2]: Reconnecting...
Google.Solutions.Compute Verbose: 0 : SshRelayStream [TX: 2 TXA: 0 RX: 2 AQ: 2]: Reconnecting...
Google.Solutions.Compute Verbose: 0 : SshRelayStream [TX: 2 TXA: 0 RX: 2 AQ: 2]: Reconnecting...
Google.Solutions.Compute Verbose: 0 : SshRelayStream [TX: 2 TXA: 0 RX: 2 AQ: 2]: Reconnecting...
Google.Solutions.Compute Verbose: 0 : SshRelayStream [TX: 2 TXA: 0 RX: 2 AQ: 2]: Reconnecting...
Google.Solutions.Compute Verbose: 0 : SshRelayStream [TX: 2 TXA: 0 RX: 2 AQ: 2]: Reconnecting...
Google.Solutions.Compute Verbose: 0 : SshRelayStream [TX: 2 TXA: 0 RX: 2 AQ: 2]: Reconnecting...
Google.Solutions.Compute Verbose: 0 : SshRelayStream [TX: 2 TXA: 0 RX: 2 AQ: 2]: Reconnecting...
Google.Solutions.Compute Verbose: 0 : SshRelayStream [TX: 2 TXA: 0 RX: 2 AQ: 2]: Reconnecting...
Google.Solutions.Compute Verbose: 0 : SshRelayStream [TX: 2 TXA: 0 RX: 2 AQ: 2]: Reconnecting...
Google.Solutions.Compute Verbose: 0 : SshRelayStream [TX: 2 TXA: 0 RX: 2 AQ: 2]: Reconnecting...
Google.Solutions.Compute Verbose: 0 : SshRelayStream [TX: 2 TXA: 0 RX: 2 AQ: 2]: Reconnecting...
Google.Solutions.Compute Verbose: 0 : SshRelayStream [TX: 2 TXA: 0 RX: 2 AQ: 2]: Reconnecting...
Google.Solutions.Compute Verbose: 0 : SshRelayStream [TX: 2 TXA: 0 RX: 2 AQ: 2]: Reconnecting...
Google.Solutions.Compute Verbose: 0 : SshRelayStream [TX: 2 TXA: 0 RX: 2 AQ: 2]: Reconnecting...
Google.Solutions.Compute Verbose: 0 : SshRelayStream [TX: 2 TXA: 0 RX: 2 AQ: 2]: Reconnecting...
Google.Solutions.Compute Verbose: 0 : SshRelayStream [TX: 2 TXA: 0 RX: 2 AQ: 2]: Reconnecting...
Google.Solutions.Compute Verbose: 0 : SshRelayStream [TX: 2 TXA: 0 RX: 2 AQ: 2]: Reconnecting...
Google.Solutions.Compute Verbose: 0 : SshRelayStream [TX: 2 TXA: 0 RX: 2 AQ: 2]: Reconnecting...
Google.Solutions.Compute Verbose: 0 : SshRelayStream [TX: 2 TXA: 0 RX: 2 AQ: 2]: Reconnecting...
Google.Solutions.Compute Verbose: 0 : SshRelayStream [TX: 2 TXA: 0 RX: 2 AQ: 2]: Reconnecting...
Google.Solutions.Compute Verbose: 0 : SshRelayStream [TX: 2 TXA: 0 RX: 2 AQ: 2]: Reconnecting...
Google.Solutions.Compute Verbose: 0 : SshRelayStream [TX: 2 TXA: 0 RX: 2 AQ: 2]: Reconnecting...
Google.Solutions.Compute Verbose: 0 : SshRelayStream [TX: 2 TXA: 0 RX: 2 AQ: 2]: Reconnecting...
Google.Solutions.Compute Verbose: 0 : SshRelayStream [TX: 2 TXA: 0 RX: 2 AQ: 2]: Reconnecting...
Google.Solutions.Compute Verbose: 0 : SshRelayStream [TX: 2 TXA: 0 RX: 2 AQ: 2]: Reconnecting...
Google.Solutions.Compute Verbose: 0 : SshRelayStream [TX: 2 TXA: 0 RX: 2 AQ: 2]: Reconnecting...
Google.Solutions.Compute Verbose: 0 : SshRelayStream [TX: 2 TXA: 0 RX: 2 AQ: 2]: Reconnecting...
Google.Solutions.Compute Verbose: 0 : SshRelayStream [TX: 2 TXA: 0 RX: 2 AQ: 2]: Reconnecting...
Google.Solutions.Compute Verbose: 0 : SshRelayStream [TX: 2 TXA: 0 RX: 2 AQ: 2]: Reconnecting...
Google.Solutions.Compute Verbose: 0 : SshRelayStream [TX: 2 TXA: 0 RX: 2 AQ: 2]: Reconnecting...
Google.Solutions.Compute Verbose: 0 : SshRelayStream [TX: 2 TXA: 0 RX: 2 AQ: 2]: Reconnecting...
Google.Solutions.Compute Verbose: 0 : SshRelayStream [TX: 2 TXA: 0 RX: 2 AQ: 2]: Reconnecting...
Google.Solutions.Compute Verbose: 0 : SshRelayStream [TX: 2 TXA: 0 RX: 2 AQ: 2]: Reconnecting...
Google.Solutions.Compute Verbose: 0 : SshRelayStream [TX: 2 TXA: 0 RX: 2 AQ: 2]: Reconnecting...
Google.Solutions.Compute Verbose: 0 : SshRelayStream [TX: 2 TXA: 0 RX: 2 AQ: 2]: Reconnecting...
Google.Solutions.Compute Verbose: 0 : SshRelayStream [TX: 2 TXA: 0 RX: 2 AQ: 2]: Reconnecting...
Google.Solutions.Compute Verbose: 0 : SshRelayStream [TX: 2 TXA: 0 RX: 2 AQ: 2]: Reconnecting...
Google.Solutions.Compute Verbose: 0 : SshRelayStream [TX: 2 TXA: 0 RX: 2 AQ: 2]: Reconnecting...
Google.Solutions.Compute Verbose: 0 : SshRelayStream [TX: 2 TXA: 0 RX: 2 AQ: 2]: Reconnecting...
Google.Solutions.Compute Verbose: 0 : SshRelayStream [TX: 2 TXA: 0 RX: 2 AQ: 2]: Reconnecting...
Google.Solutions.Compute Verbose: 0 : SshRelayStream [TX: 2 TXA: 0 RX: 2 AQ: 2]: Reconnecting...
Google.Solutions.Compute Verbose: 0 : SshRelayStream [TX: 2 TXA: 0 RX: 2 AQ: 2]: Reconnecting...
Google.Solutions.Compute Verbose: 0 : SshRelayStream [TX: 2 TXA: 0 RX: 2 AQ: 2]: Reconnecting...
Google.Solutions.Compute Verbose: 0 : SshRelayStream [TX: 2 TXA: 0 RX: 2 AQ: 2]: Reconnecting...
Google.Solutions.Compute Verbose: 0 : SshRelayStream [TX: 2 TXA: 0 RX: 2 AQ: 2]: Reconnecting...
Google.Solutions.Compute Verbose: 0 : SshRelayStream [TX: 2 TXA: 0 RX: 2 AQ: 1]: Resending DATA #0...
Google.Solutions.Compute Verbose: 0 : SshRelayStream [TX: 2 TXA: 0 RX: 2 AQ: 1]: Resending DATA #0...
Google.Solutions.Compute Verbose: 0 : SshRelayStream [TX: 2 TXA: 0 RX: 2 AQ: 1]: Resending DATA #0...
Google.Solutions.Compute Verbose: 0 : SshRelayStream [TX: 2 TXA: 0 RX: 2 AQ: 1]: Resending DATA #0...
Google.Solutions.Compute Verbose: 0 : SshRelayStream [TX: 2 TXA: 0 RX: 2 AQ: 1]: Resending DATA #0...
Google.Solutions.Compute Verbose: 0 : SshRelayStream [TX: 2 TXA: 0 RX: 2 AQ: 1]: Resending DATA #0...
Google.Solutions.Compute Verbose: 0 : SshRelayStream [TX: 2 TXA: 0 RX: 2 AQ: 1]: Resending DATA #0...
Google.Solutions.Compute Verbose: 0 : SshRelayStream [TX: 2 TXA: 0 RX: 2 AQ: 1]: Resending DATA #0...
Google.Solutions.Compute Verbose: 0 : SshRelayStream [TX: 2 TXA: 0 RX: 2 AQ: 1]: Resending DATA #0...
Google.Solutions.Compute Verbose: 0 : SshRelayStream [TX: 2 TXA: 0 RX: 2 AQ: 1]: Resending DATA #0...
Google.Solutions.Compute Verbose: 0 : SshRelayStream [TX: 2 TXA: 0 RX: 2 AQ: 1]: Resending DATA #0...
Google.Solutions.Compute Verbose: 0 : SshRelayStream [TX: 2 TXA: 0 RX: 2 AQ: 1]: Resending DATA #0...
Google.Solutions.Compute Verbose: 0 : SshRelayStream [TX: 2 TXA: 0 RX: 2 AQ: 1]: Resending DATA #0...
Google.Solutions.Compute Verbose: 0 : SshRelayStream [TX: 2 TXA: 0 RX: 2 AQ: 1]: Resending DATA #0...
Google.Solutions.Compute Verbose: 0 : SshRelayStream [TX: 2 TXA: 0 RX: 2 AQ: 1]: Resending DATA #0...
Google.Solutions.Compute Verbose: 0 : SshRelayStream [TX: 2 TXA: 0 RX: 2 AQ: 1]: Resending DATA #0...
Google.Solutions.Compute Verbose: 0 : SshRelayStream [TX: 2 TXA: 0 RX: 2 AQ: 1]: Resending DATA #0...
Google.Solutions.Compute Verbose: 0 : SshRelayStream [TX: 2 TXA: 0 RX: 2 AQ: 1]: Resending DATA #0...
Google.Solutions.Compute Verbose: 0 : SshRelayStream [TX: 2 TXA: 0 RX: 2 AQ: 1]: Resending DATA #0...
Google.Solutions.Compute Verbose: 0 : SshRelayStream [TX: 2 TXA: 0 RX: 2 AQ: 1]: Resending DATA #0...
Google.Solutions.Compute Verbose: 0 : SshRelayStream [TX: 2 TXA: 0 RX: 2 AQ: 1]: Resending DATA #0...
Google.Solutions.Compute Verbose: 0 : SshRelayStream [TX: 2 TXA: 0 RX: 2 AQ: 1]: Resending DATA #0...
Google.Solutions.Compute Verbose: 0 : SshRelayStream [TX: 2 TXA: 0 RX: 2 AQ: 1]: Resending DATA #0...
Google.Solutions.Compute Verbose: 0 : SshRelayStream [TX: 2 TXA: 0 RX: 2 AQ: 1]: Resending DATA #0...
Google.Solutions.Compute Verbose: 0 : SshRelayStream [TX: 2 TXA: 0 RX: 2 AQ: 1]: Resending DATA #0...
Google.Solutions.Compute Verbose: 0 : SshRelayStream [TX: 2 TXA: 0 RX: 2 AQ: 1]: Resending DATA #0...
Google.Solutions.Compute Verbose: 0 : SshRelayStream [TX: 2 TXA: 0 RX: 2 AQ: 1]: Resending DATA #0...
Google.Solutions.Compute Verbose: 0 : SshRelayStream [TX: 2 TXA: 0 RX: 2 AQ: 1]: Resending DATA #0...
Google.Solutions.Compute Verbose: 0 : SshRelayStream [TX: 2 TXA: 0 RX: 2 AQ: 1]: Resending DATA #0...
Google.Solutions.Compute Verbose: 0 : SshRelayStream [TX: 2 TXA: 0 RX: 2 AQ: 1]: Resending DATA #0...
Google.Solutions.Compute Verbose: 0 : SshRelayStream [TX: 2 TXA: 0 RX: 2 AQ: 1]: Resending DATA #0...
Google.Solutions.Compute Verbose: 0 : SshRelayStream [TX: 2 TXA: 0 RX: 2 AQ: 1]: Resending DATA #0...
Google.Solutions.Compute Verbose: 0 : SshRelayStream [TX: 2 TXA: 0 RX: 2 AQ: 1]: Resending DATA #0...
Google.Solutions.Compute Verbose: 0 : SshRelayStream [TX: 2 TXA: 0 RX: 2 AQ: 1]: Resending DATA #0...
Google.Solutions.Compute Verbose: 0 : SshRelayStream [TX: 2 TXA: 0 RX: 2 AQ: 1]: Resending DATA #0...
Google.Solutions.Compute Verbose: 0 : SshRelayStream [TX: 2 TXA: 0 RX: 2 AQ: 1]: Resending DATA #0...
Google.Solutions.Compute Verbose: 0 : SshRelayStream [TX: 2 TXA: 0 RX: 2 AQ: 1]: Resending DATA #0...
Google.Solutions.Compute Verbose: 0 : SshRelayStream [TX: 2 TXA: 0 RX: 2 AQ: 1]: Resending DATA #0...
Google.Solutions.Compute Verbose: 0 : SshRelayStream [TX: 2 TXA: 0 RX: 2 AQ: 1]: Resending DATA #0...
Google.Solutions.Compute Verbose: 0 : SshRelayStream [TX: 2 TXA: 0 RX: 2 AQ: 1]: Resending DATA #0...
Google.Solutions.Compute Verbose: 0 : SshRelayStream [TX: 2 TXA: 0 RX: 2 AQ: 1]: Resending DATA #0...
Google.Solutions.Compute Verbose: 0 : SshRelayStream [TX: 2 TXA: 0 RX: 2 AQ: 1]: Resending DATA #0...
Google.Solutions.Compute Verbose: 0 : SshRelayStream [TX: 2 TXA: 0 RX: 2 AQ: 1]: Resending DATA #0...
Google.Solutions.Compute Verbose: 0 : SshRelayStream [TX: 2 TXA: 0 RX: 2 AQ: 1]: Resending DATA #0...
Google.Solutions.Compute Verbose: 0 : SshRelayStream [TX: 2 TXA: 0 RX: 2 AQ: 1]: Resending DATA #0...
Google.Solutions.Compute Verbose: 0 : SshRelayStream [TX: 2 TXA: 0 RX: 2 AQ: 1]: Resending DATA #0...
Google.Solutions.Compute Verbose: 0 : SshRelayStream [TX: 2 TXA: 0 RX: 2 AQ: 1]: Resending DATA #0...
Google.Solutions.Compute Verbose: 0 : SshRelayStream [TX: 2 TXA: 0 RX: 2 AQ: 1]: Resending DATA #0...
Google.Solutions.Compute Verbose: 0 : SshRelayStream [TX: 2 TXA: 0 RX: 2 AQ: 1]: Resending DATA #0...
Google.Solutions.Compute Verbose: 0 : SshRelayStream [TX: 2 TXA: 0 RX: 2 AQ: 1]: Resending DATA #0...
Google.Solutions.Compute Verbose: 0 : SshRelayStream [TX: 2 TXA: 0 RX: 2 AQ: 1]: Resending DATA #0...
Google.Solutions.Compute Verbose: 0 : SshRelayStream [TX: 2 TXA: 0 RX: 2 AQ: 1]: Resending DATA #0...
Google.Solutions.Compute Verbose: 0 : SshRelayStream [TX: 2 TXA: 0 RX: 2 AQ: 1]: Resending DATA #0...
Google.Solutions.Compute Verbose: 0 : SshRelayStream [TX: 2 TXA: 0 RX: 2 AQ: 1]: Resending DATA #0...
Google.Solutions.Compute Verbose: 0 : SshRelayStream [TX: 2 TXA: 0 RX: 2 AQ: 1]: Resending DATA #0...
Google.Solutions.Compute Verbose: 0 : SshRelayStream [TX: 2 TXA: 0 RX: 2 AQ: 1]: Resending DATA #0...
Google.Solutions.Compute Verbose: 0 : SshRelayStream [TX: 2 TXA: 0 RX: 2 AQ: 1]: Resending DATA #0...
Google.Solutions.Compute Verbose: 0 : SshRelayStream [TX: 2 TXA: 0 RX: 2 AQ: 1]: Resending DATA #0...
Google.Solutions.Compute Verbose: 0 : SshRelayStream [TX: 2 TXA: 0 RX: 2 AQ: 1]: Resending DATA #0...
Google.Solutions.Compute Verbose: 0 : SshRelayStream [TX: 2 TXA: 0 RX: 2 AQ: 1]: Resending DATA #0...
Google.Solutions.Compute Verbose: 0 : SshRelayStream [TX: 2 TXA: 0 RX: 2 AQ: 1]: Resending DATA #0...
Google.Solutions.Compute Verbose: 0 : SshRelayStream [TX: 2 TXA: 0 RX: 2 AQ: 1]: Resending DATA #0...
Google.Solutions.Compute Verbose: 0 : SshRelayStream [TX: 2 TXA: 0 RX: 2 AQ: 1]: Resending DATA #0...
Google.Solutions.Compute Verbose: 0 : SshRelayStream [TX: 2 TXA: 0 RX: 2 AQ: 1]: Resending DATA #0...
Google.Solutions.Compute Verbose: 0 : SshRelayStream [TX: 2 TXA: 0 RX: 2 AQ: 1]: Resending DATA #0...
Google.Solutions.Compute Verbose: 0 : SshRelayStream [TX: 2 TXA: 0 RX: 2 AQ: 0]: Resending DATA #1...
Google.Solutions.Compute Verbose: 0 : SshRelayStream [TX: 2 TXA: 0 RX: 2 AQ: 0]: Resending DATA #1...
Google.Solutions.Compute Verbose: 0 : SshRelayStream [TX: 2 TXA: 0 RX: 2 AQ: 0]: Resending DATA #1...
Google.Solutions.Compute Verbose: 0 : SshRelayStream [TX: 2 TXA: 0 RX: 2 AQ: 0]: Resending DATA #1...
Google.Solutions.Compute Verbose: 0 : SshRelayStream [TX: 2 TXA: 0 RX: 2 AQ: 0]: Resending DATA #1...
Google.Solutions.Compute Verbose: 0 : SshRelayStream [TX: 2 TXA: 0 RX: 2 AQ: 0]: Resending DATA #1...
Google.Solutions.Compute Verbose: 0 : SshRelayStream [TX: 2 TXA: 0 RX: 2 AQ: 0]: Resending DATA #1...
Google.Solutions.Compute Verbose: 0 : SshRelayStream [TX: 2 TXA: 0 RX: 2 AQ: 0]: Resending DATA #1...
Google.Solutions.Compute Verbose: 0 : SshRelayStream [TX: 2 TXA: 0 RX: 2 AQ: 0]: Resending DATA #1...
Google.Solutions.Compute Verbose: 0 : SshRelayStream [TX: 2 TXA: 0 RX: 2 AQ: 0]: Resending DATA #1...
Google.Solutions.Compute Verbose: 0 : SshRelayStream [TX: 2 TXA: 0 RX: 2 AQ: 0]: Resending DATA #1...
Google.Solutions.Compute Verbose: 0 : SshRelayStream [TX: 2 TXA: 0 RX: 2 AQ: 0]: Resending DATA #1...
Google.Solutions.Compute Verbose: 0 : SshRelayStream [TX: 2 TXA: 0 RX: 2 AQ: 0]: Resending DATA #1...
Google.Solutions.Compute Verbose: 0 : SshRelayStream [TX: 2 TXA: 0 RX: 2 AQ: 0]: Resending DATA #1...
Google.Solutions.Compute Verbose: 0 : SshRelayStream [TX: 2 TXA: 0 RX: 2 AQ: 0]: Resending DATA #1...
Google.Solutions.Compute Verbose: 0 : SshRelayStream [TX: 2 TXA: 0 RX: 2 AQ: 0]: Resending DATA #1...
Google.Solutions.Compute Verbose: 0 : SshRelayStream [TX: 2 TXA: 0 RX: 2 AQ: 0]: Resending DATA #1...
Google.Solutions.Compute Verbose: 0 : SshRelayStream [TX: 2 TXA: 0 RX: 2 AQ: 0]: Resending DATA #1...
Google.Solutions.Compute Verbose: 0 : SshRelayStream [TX: 2 TXA: 0 RX: 2 AQ: 0]: Resending DATA #1...
Google.Solutions.Compute Verbose: 0 : SshRelayStream [TX: 2 TXA: 0 RX: 2 AQ: 0]: Resending DATA #1...
Google.Solutions.Compute Verbose: 0 : SshRelayStream [TX: 2 TXA: 0 RX: 2 AQ: 0]: Resending DATA #1...
Google.Solutions.Compute Verbose: 0 : SshRelayStream [TX: 2 TXA: 0 RX: 2 AQ: 0]: Resending DATA #1...
Google.Solutions.Compute Verbose: 0 : SshRelayStream [TX: 2 TXA: 0 RX: 2 AQ: 0]: Resending DATA #1...
Google.Solutions.Compute Verbose: 0 : SshRelayStream [TX: 2 TXA: 0 RX: 2 AQ: 0]: Resending DATA #1...
Google.Solutions.Compute Verbose: 0 : SshRelayStream [TX: 2 TXA: 0 RX: 2 AQ: 0]: Resending DATA #1...
Google.Solutions.Compute Verbose: 0 : SshRelayStream [TX: 2 TXA: 0 RX: 2 AQ: 0]: Resending DATA #1...
Google.Solutions.Compute Verbose: 0 : SshRelayStream [TX: 2 TXA: 0 RX: 2 AQ: 0]: Resending DATA #1...
Google.Solutions.Compute Verbose: 0 : SshRelayStream [TX: 2 TXA: 0 RX: 2 AQ: 0]: Resending DATA #1...
Google.Solutions.Compute Verbose: 0 : SshRelayStream [TX: 2 TXA: 0 RX: 2 AQ: 0]: Resending DATA #1...
Google.Solutions.Compute Verbose: 0 : SshRelayStream [TX: 2 TXA: 0 RX: 2 AQ: 0]: Resending DATA #1...
Google.Solutions.Compute Verbose: 0 : SshRelayStream [TX: 2 TXA: 0 RX: 2 AQ: 0]: Resending DATA #1...
Google.Solutions.Compute Verbose: 0 : SshRelayStream [TX: 2 TXA: 0 RX: 2 AQ: 0]: Resending DATA #1...
Google.Solutions.Compute Verbose: 0 : SshRelayStream [TX: 2 TXA: 0 RX: 2 AQ: 0]: Resending DATA #1...
Google.Solutions.Compute Verbose: 0 : SshRelayStream [TX: 2 TXA: 0 RX: 2 AQ: 0]: Resending DATA #1...
Google.Solutions.Compute Verbose: 0 : SshRelayStream [TX: 2 TXA: 0 RX: 2 AQ: 0]: Resending DATA #1...
Google.Solutions.Compute Verbose: 0 : SshRelayStream [TX: 2 TXA: 0 RX: 2 AQ: 0]: Resending DATA #1...
Google.Solutions.Compute Verbose: 0 : SshRelayStream [TX: 2 TXA: 0 RX: 2 AQ: 0]: Resending DATA #1...
Google.Solutions.Compute Verbose: 0 : SshRelayStream [TX: 2 TXA: 0 RX: 2 AQ: 0]: Resending DATA #1...
Google.Solutions.Compute Verbose: 0 : SshRelayStream [TX: 2 TXA: 0 RX: 2 AQ: 0]: Resending DATA #1...
Google.Solutions.Compute Verbose: 0 : SshRelayStream [TX: 2 TXA: 0 RX: 2 AQ: 0]: Resending DATA #1...
Google.Solutions.Compute Verbose: 0 : SshRelayStream [TX: 2 TXA: 0 RX: 2 AQ: 0]: Resending DATA #1...
Google.Solutions.Compute Verbose: 0 : SshRelayStream [TX: 2 TXA: 0 RX: 2 AQ: 0]: Resending DATA #1...
Google.Solutions.Compute Verbose: 0 : SshRelayStream [TX: 2 TXA: 0 RX: 2 AQ: 0]: Resending DATA #1...
Google.Solutions.Compute Verbose: 0 : SshRelayStream [TX: 2 TXA: 0 RX: 2 AQ: 0]: Resending DATA #1...
Google.Solutions.Compute Verbose: 0 : SshRelayStream [TX: 2 TXA: 0 RX: 2 AQ: 0]: Resending DATA #1...
Google.Solutions.Compute Verbose: 0 : SshRelayStream [TX: 2 TXA: 0 RX: 2 AQ: 0]: Resending DATA #1...
Google.Solutions.Compute Verbose: 0 : SshRelayStream [TX: 2 TXA: 0 RX: 2 AQ: 0]: Resending DATA #1...
Google.Solutions.Compute Verbose: 0 : SshRelayStream [TX: 2 TXA: 0 RX: 2 AQ: 0]: Resending DATA #1...
Google.Solutions.Compute Verbose: 0 : SshRelayStream [TX: 2 TXA: 0 RX: 2 AQ: 0]: Resending DATA #1...
Google.Solutions.Compute Verbose: 0 : SshRelayStream [TX: 2 TXA: 0 RX: 2 AQ: 0]: Resending DATA #1...
Google.Solutions.Compute Verbose: 0 : SshRelayStream [TX: 2 TXA: 0 RX: 2 AQ: 0]: Resending DATA #1...
Google.Solutions.Compute Verbose: 0 : SshRelayStream [TX: 2 TXA: 0 RX: 2 AQ: 0]: Resending DATA #1...
Google.Solutions.Compute Verbose: 0 : SshRelayStream [TX: 2 TXA: 0 RX: 2 AQ: 0]: Resending DATA #1...
Google.Solutions.Compute Verbose: 0 : SshRelayStream [TX: 2 TXA: 0 RX: 2 AQ: 0]: Resending DATA #1...
Google.Solutions.Compute Verbose: 0 : SshRelayStream [TX: 2 TXA: 0 RX: 2 AQ: 0]: Resending DATA #1...
Google.Solutions.Compute Verbose: 0 : SshRelayStream [TX: 2 TXA: 0 RX: 2 AQ: 0]: Resending DATA #1...
Google.Solutions.Compute Verbose: 0 : SshRelayStream [TX: 2 TXA: 0 RX: 2 AQ: 0]: Resending DATA #1...
Google.Solutions.Compute Verbose: 0 : SshRelayStream [TX: 2 TXA: 0 RX: 2 AQ: 0]: Resending DATA #1...
Google.Solutions.Compute Verbose: 0 : SshRelayStream [TX: 2 TXA: 0 RX: 2 AQ: 0]: Resending DATA #1...
Google.Solutions.Compute Verbose: 0 : SshRelayStream [TX: 2 TXA: 0 RX: 2 AQ: 0]: Resending DATA #1...
Google.Solutions.Compute Verbose: 0 : SshRelayStream [TX: 2 TXA: 0 RX: 2 AQ: 0]: Resending DATA #1...
Google.Solutions.Compute Verbose: 0 : SshRelayStream [TX: 2 TXA: 0 RX: 2 AQ: 0]: Resending DATA #1...
Google.Solutions.Compute Verbose: 0 : SshRelayStream [TX: 2 TXA: 0 RX: 2 AQ: 0]: Resending DATA #1...
Google.Solutions.Compute Verbose: 0 : SshRelayStream [TX: 2 TXA: 0 RX: 2 AQ: 0]: Resending DATA #1...
Google.Solutions.Compute Verbose: 0 : SshRelayStream [TX: 2 TXA: 0 RX: 2 AQ: 0]: Resending DATA #1...
Google.Solutions.Compute Verbose: 0 : SshRelayStream [TX: 2 TXA: 0 RX: 2 AQ: 0]: Sending DATA #2...
Google.Solutions.Compute Verbose: 0 : SshRelayStream [TX: 2 TXA: 0 RX: 2 AQ: 0]: Sending DATA #2...
Google.Solutions.Compute Verbose: 0 : SshRelayStream [TX: 2 TXA: 0 RX: 2 AQ: 0]: Sending DATA #2...
Google.Solutions.Compute Verbose: 0 : SshRelayStream [TX: 2 TXA: 0 RX: 2 AQ: 0]: Sending DATA #2...
Google.Solutions.Compute Verbose: 0 : SshRelayStream [TX: 2 TXA: 0 RX: 2 AQ: 0]: Sending DATA #2...
Google.Solutions.Compute Verbose: 0 : SshRelayStream [TX: 2 TXA: 0 RX: 2 AQ: 0]: Sending DATA #2...
Google.Solutions.Compute Verbose: 0 : SshRelayStream [TX: 2 TXA: 0 RX: 2 AQ: 0]: Sending DATA #2...
Google.Solutions.Compute Verbose: 0 : SshRelayStream [TX: 2 TXA: 0 RX: 2 AQ: 0]: Sending DATA #2...
Google.Solutions.Compute Verbose: 0 : SshRelayStream [TX: 2 TXA: 0 RX: 2 AQ: 0]: Sending DATA #2...
Google.Solutions.Compute Verbose: 0 : SshRelayStream [TX: 2 TXA: 0 RX: 2 AQ: 0]: Sending DATA #2...
Google.Solutions.Compute Verbose: 0 : SshRelayStream [TX: 2 TXA: 0 RX: 2 AQ: 0]: Sending DATA #2...
Google.Solutions.Compute Verbose: 0 : SshRelayStream [TX: 2 TXA: 0 RX: 2 AQ: 0]: Sending DATA #2...
Google.Solutions.Compute Verbose: 0 : SshRelayStream [TX: 2 TXA: 0 RX: 2 AQ: 0]: Sending DATA #2...
Google.Solutions.Compute Verbose: 0 : SshRelayStream [TX: 2 TXA: 0 RX: 2 AQ: 0]: Sending DATA #2...
Google.Solutions.Compute Verbose: 0 : SshRelayStream [TX: 2 TXA: 0 RX: 2 AQ: 0]: Sending DATA #2...
Google.Solutions.Compute Verbose: 0 : SshRelayStream [TX: 2 TXA: 0 RX: 2 AQ: 0]: Sending DATA #2...
Google.Solutions.Compute Verbose: 0 : SshRelayStream [TX: 2 TXA: 0 RX: 2 AQ: 0]: Sending DATA #2...
Google.Solutions.Compute Verbose: 0 : SshRelayStream [TX: 2 TXA: 0 RX: 2 AQ: 0]: Sending DATA #2...
Google.Solutions.Compute Verbose: 0 : SshRelayStream [TX: 2 TXA: 0 RX: 2 AQ: 0]: Sending DATA #2...
Google.Solutions.Compute Verbose: 0 : SshRelayStream [TX: 2 TXA: 0 RX: 2 AQ: 0]: Sending DATA #2...
Google.Solutions.Compute Verbose: 0 : SshRelayStream [TX: 2 TXA: 0 RX: 2 AQ: 0]: Sending DATA #2...
Google.Solutions.Compute Verbose: 0 : SshRelayStream [TX: 2 TXA: 0 RX: 2 AQ: 0]: Sending DATA #2...
Google.Solutions.Compute Verbose: 0 : SshRelayStream [TX: 2 TXA: 0 RX: 2 AQ: 0]: Sending DATA #2...
Google.Solutions.Compute Verbose: 0 : SshRelayStream [TX: 2 TXA: 0 RX: 2 AQ: 0]: Sending DATA #2...
Google.Solutions.Compute Verbose: 0 : SshRelayStream [TX: 2 TXA: 0 RX: 2 AQ: 0]: Sending DATA #2...
Google.Solutions.Compute Verbose: 0 : SshRelayStream [TX: 2 TXA: 0 RX: 2 AQ: 0]: Sending DATA #2...
Google.Solutions.Compute Verbose: 0 : SshRelayStream [TX: 2 TXA: 0 RX: 2 AQ: 0]: Sending DATA #2...
Google.Solutions.Compute Verbose: 0 : SshRelayStream [TX: 2 TXA: 0 RX: 2 AQ: 0]: Sending DATA #2...
Google.Solutions.Compute Verbose: 0 : SshRelayStream [TX: 2 TXA: 0 RX: 2 AQ: 0]: Sending DATA #2...
Google.Solutions.Compute Verbose: 0 : SshRelayStream [TX: 2 TXA: 0 RX: 2 AQ: 0]: Sending DATA #2...
Google.Solutions.Compute Verbose: 0 : SshRelayStream [TX: 2 TXA: 0 RX: 2 AQ: 0]: Sending DATA #2...
Google.Solutions.Compute Verbose: 0 : SshRelayStream [TX: 2 TXA: 0 RX: 2 AQ: 0]: Sending DATA #2...
Google.Solutions.Compute Verbose: 0 : SshRelayStream [TX: 2 TXA: 0 RX: 2 AQ: 0]: Sending DATA #2...
Google.Solutions.Compute Verbose: 0 : SshRelayStream [TX: 2 TXA: 0 RX: 2 AQ: 0]: Sending DATA #2...
Google.Solutions.Compute Verbose: 0 : SshRelayStream [TX: 2 TXA: 0 RX: 2 AQ: 0]: Sending DATA #2...
Google.Solutions.Compute Verbose: 0 : SshRelayStream [TX: 2 TXA: 0 RX: 2 AQ: 0]: Sending DATA #2...
Google.Solutions.Compute Verbose: 0 : SshRelayStream [TX: 2 TXA: 0 RX: 2 AQ: 0]: Sending DATA #2...
Google.Solutions.Compute Verbose: 0 : SshRelayStream [TX: 2 TXA: 0 RX: 2 AQ: 0]: Sending DATA #2...
Google.Solutions.Compute Verbose: 0 : SshRelayStream [TX: 2 TXA: 0 RX: 2 AQ: 0]: Sending DATA #2...
Google.Solutions.Compute Verbose: 0 : SshRelayStream [TX: 2 TXA: 0 RX: 2 AQ: 0]: Sending DATA #2...
Google.Solutions.Compute Verbose: 0 : SshRelayStream [TX: 2 TXA: 0 RX: 2 AQ: 0]: Sending DATA #2...
Google.Solutions.Compute Verbose: 0 : SshRelayStream [TX: 2 TXA: 0 RX: 2 AQ: 0]: Sending DATA #2...
Google.Solutions.Compute Verbose: 0 : SshRelayStream [TX: 2 TXA: 0 RX: 2 AQ: 0]: Sending DATA #2...
Google.Solutions.Compute Verbose: 0 : SshRelayStream [TX: 2 TXA: 0 RX: 2 AQ: 0]: Sending DATA #2...
Google.Solutions.Compute Verbose: 0 : SshRelayStream [TX: 2 TXA: 0 RX: 2 AQ: 0]: Sending DATA #2...
Google.Solutions.Compute Verbose: 0 : SshRelayStream [TX: 2 TXA: 0 RX: 2 AQ: 0]: Sending DATA #2...
Google.Solutions.Compute Verbose: 0 : SshRelayStream [TX: 2 TXA: 0 RX: 2 AQ: 0]: Sending DATA #2...
Google.Solutions.Compute Verbose: 0 : SshRelayStream [TX: 2 TXA: 0 RX: 2 AQ: 0]: Sending DATA #2...
Google.Solutions.Compute Verbose: 0 : SshRelayStream [TX: 2 TXA: 0 RX: 2 AQ: 0]: Sending DATA #2...
Google.Solutions.Compute Verbose: 0 : SshRelayStream [TX: 2 TXA: 0 RX: 2 AQ: 0]: Sending DATA #2...
Google.Solutions.Compute Verbose: 0 : SshRelayStream [TX: 2 TXA: 0 RX: 2 AQ: 0]: Sending DATA #2...
Google.Solutions.Compute Verbose: 0 : SshRelayStream [TX: 2 TXA: 0 RX: 2 AQ: 0]: Sending DATA #2...
Google.Solutions.Compute Verbose: 0 : SshRelayStream [TX: 2 TXA: 0 RX: 2 AQ: 0]: Sending DATA #2...
Google.Solutions.Compute Verbose: 0 : SshRelayStream [TX: 2 TXA: 0 RX: 2 AQ: 0]: Sending DATA #2...
Google.Solutions.Compute Verbose: 0 : SshRelayStream [TX: 2 TXA: 0 RX: 2 AQ: 0]: Sending DATA #2...
Google.Solutions.Compute Verbose: 0 : SshRelayStream [TX: 2 TXA: 0 RX: 2 AQ: 0]: Sending DATA #2...
Google.Solutions.Compute Verbose: 0 : SshRelayStream [TX: 2 TXA: 0 RX: 2 AQ: 0]: Sending DATA #2...
Google.Solutions.Compute Verbose: 0 : SshRelayStream [TX: 2 TXA: 0 RX: 2 AQ: 0]: Sending DATA #2...
Google.Solutions.Compute Verbose: 0 : SshRelayStream [TX: 2 TXA: 0 RX: 2 AQ: 0]: Sending DATA #2...
Google.Solutions.Compute Verbose: 0 : SshRelayStream [TX: 2 TXA: 0 RX: 2 AQ: 0]: Sending DATA #2...
Google.Solutions.Compute Verbose: 0 : SshRelayStream [TX: 2 TXA: 0 RX: 2 AQ: 0]: Sending DATA #2...
Google.Solutions.Compute Verbose: 0 : SshRelayStream [TX: 2 TXA: 0 RX: 2 AQ: 0]: Sending DATA #2...
Google.Solutions.Compute Verbose: 0 : SshRelayStream [TX: 2 TXA: 0 RX: 2 AQ: 0]: Sending DATA #2...
Google.Solutions.Compute Verbose: 0 : SshRelayStream [TX: 2 TXA: 0 RX: 2 AQ: 0]: Sending DATA #2...
Google.Solutions.Compute Verbose: 0 : SshRelayStream [TX: 2 TXA: 0 RX: 2 AQ: 0]: Sending DATA #2...
</system-out></testcase><testcase name="WriteAfterForcefulServerCloseCausesReconnectAndDataBeingResentIfDataReadBefore(4007)" assertions="9" time="0.001650" status="Passed" classname="Google.Solutions.Compute.Test.Iap.TestSshRelayStreamWriting"><system-out>Google.Solutions.Compute Verbose: 0 : SshRelayStream [TX: 0 TXA: 0 RX: 0 AQ: 0]: Connecting...
Google.Solutions.Compute Verbose: 0 : SshRelayStream [TX: 0 TXA: 0 RX: 0 AQ: 0]: Connecting...
Google.Solutions.Compute Verbose: 0 : SshRelayStream [TX: 0 TXA: 0 RX: 0 AQ: 0]: Connecting...
Google.Solutions.Compute Verbose: 0 : SshRelayStream [TX: 0 TXA: 0 RX: 0 AQ: 0]: Connecting...
Google.Solutions.Compute Verbose: 0 : SshRelayStream [TX: 0 TXA: 0 RX: 0 AQ: 0]: Connecting...
Google.Solutions.Compute Verbose: 0 : SshRelayStream [TX: 0 TXA: 0 RX: 0 AQ: 0]: Connecting...
Google.Solutions.Compute Verbose: 0 : SshRelayStream [TX: 0 TXA: 0 RX: 0 AQ: 0]: Connecting...
Google.Solutions.Compute Verbose: 0 : SshRelayStream [TX: 0 TXA: 0 RX: 0 AQ: 0]: Connecting...
Google.Solutions.Compute Verbose: 0 : SshRelayStream [TX: 0 TXA: 0 RX: 0 AQ: 0]: Connecting...
Google.Solutions.Compute Verbose: 0 : SshRelayStream [TX: 0 TXA: 0 RX: 0 AQ: 0]: Connecting...
Google.Solutions.Compute Verbose: 0 : SshRelayStream [TX: 0 TXA: 0 RX: 0 AQ: 0]: Connecting...
Google.Solutions.Compute Verbose: 0 : SshRelayStream [TX: 0 TXA: 0 RX: 0 AQ: 0]: Connecting...
Google.Solutions.Compute Verbose: 0 : SshRelayStream [TX: 0 TXA: 0 RX: 0 AQ: 0]: Connecting...
Google.Solutions.Compute Verbose: 0 : SshRelayStream [TX: 0 TXA: 0 RX: 0 AQ: 0]: Connecting...
Google.Solutions.Compute Verbose: 0 : SshRelayStream [TX: 0 TXA: 0 RX: 0 AQ: 0]: Connecting...
Google.Solutions.Compute Verbose: 0 : SshRelayStream [TX: 0 TXA: 0 RX: 0 AQ: 0]: Connecting...
Google.Solutions.Compute Verbose: 0 : SshRelayStream [TX: 0 TXA: 0 RX: 0 AQ: 0]: Connecting...
Google.Solutions.Compute Verbose: 0 : SshRelayStream [TX: 0 TXA: 0 RX: 0 AQ: 0]: Connecting...
Google.Solutions.Compute Verbose: 0 : SshRelayStream [TX: 0 TXA: 0 RX: 0 AQ: 0]: Connecting...
Google.Solutions.Compute Verbose: 0 : SshRelayStream [TX: 0 TXA: 0 RX: 0 AQ: 0]: Connecting...
Google.Solutions.Compute Verbose: 0 : SshRelayStream [TX: 0 TXA: 0 RX: 0 AQ: 0]: Connecting...
Google.Solutions.Compute Verbose: 0 : SshRelayStream [TX: 0 TXA: 0 RX: 0 AQ: 0]: Connecting...
Google.Solutions.Compute Verbose: 0 : SshRelayStream [TX: 0 TXA: 0 RX: 0 AQ: 0]: Connecting...
Google.Solutions.Compute Verbose: 0 : SshRelayStream [TX: 0 TXA: 0 RX: 0 AQ: 0]: Connecting...
Google.Solutions.Compute Verbose: 0 : SshRelayStream [TX: 0 TXA: 0 RX: 0 AQ: 0]: Connecting...
Google.Solutions.Compute Verbose: 0 : SshRelayStream [TX: 0 TXA: 0 RX: 0 AQ: 0]: Connecting...
Google.Solutions.Compute Verbose: 0 : SshRelayStream [TX: 0 TXA: 0 RX: 0 AQ: 0]: Connecting...
Google.Solutions.Compute Verbose: 0 : SshRelayStream [TX: 0 TXA: 0 RX: 0 AQ: 0]: Connecting...
Google.Solutions.Compute Verbose: 0 : SshRelayStream [TX: 0 TXA: 0 RX: 0 AQ: 0]: Connecting...
Google.Solutions.Compute Verbose: 0 : SshRelayStream [TX: 0 TXA: 0 RX: 0 AQ: 0]: Connecting...
Google.Solutions.Compute Verbose: 0 : SshRelayStream [TX: 0 TXA: 0 RX: 0 AQ: 0]: Connecting...
Google.Solutions.Compute Verbose: 0 : SshRelayStream [TX: 0 TXA: 0 RX: 0 AQ: 0]: Connecting...
Google.Solutions.Compute Verbose: 0 : SshRelayStream [TX: 0 TXA: 0 RX: 0 AQ: 0]: Connecting...
Google.Solutions.Compute Verbose: 0 : SshRelayStream [TX: 0 TXA: 0 RX: 0 AQ: 0]: Connecting...
Google.Solutions.Compute Verbose: 0 : SshRelayStream [TX: 0 TXA: 0 RX: 0 AQ: 0]: Connecting...
Google.Solutions.Compute Verbose: 0 : SshRelayStream [TX: 0 TXA: 0 RX: 0 AQ: 0]: Connecting...
Google.Solutions.Compute Verbose: 0 : SshRelayStream [TX: 0 TXA: 0 RX: 0 AQ: 0]: Connecting...
Google.Solutions.Compute Verbose: 0 : SshRelayStream [TX: 0 TXA: 0 RX: 0 AQ: 0]: Connecting...
Google.Solutions.Compute Verbose: 0 : SshRelayStream [TX: 0 TXA: 0 RX: 0 AQ: 0]: Connecting...
Google.Solutions.Compute Verbose: 0 : SshRelayStream [TX: 0 TXA: 0 RX: 0 AQ: 0]: Connecting...
Google.Solutions.Compute Verbose: 0 : SshRelayStream [TX: 0 TXA: 0 RX: 0 AQ: 0]: Connecting...
Google.Solutions.Compute Verbose: 0 : SshRelayStream [TX: 0 TXA: 0 RX: 0 AQ: 0]: Connecting...
Google.Solutions.Compute Verbose: 0 : SshRelayStream [TX: 0 TXA: 0 RX: 0 AQ: 0]: Connecting...
Google.Solutions.Compute Verbose: 0 : SshRelayStream [TX: 0 TXA: 0 RX: 0 AQ: 0]: Connecting...
Google.Solutions.Compute Verbose: 0 : SshRelayStream [TX: 0 TXA: 0 RX: 0 AQ: 0]: Connecting...
Google.Solutions.Compute Verbose: 0 : SshRelayStream [TX: 0 TXA: 0 RX: 0 AQ: 0]: Connecting...
Google.Solutions.Compute Verbose: 0 : SshRelayStream [TX: 0 TXA: 0 RX: 0 AQ: 0]: Connecting...
Google.Solutions.Compute Verbose: 0 : SshRelayStream [TX: 0 TXA: 0 RX: 0 AQ: 0]: Connecting...
Google.Solutions.Compute Verbose: 0 : SshRelayStream [TX: 0 TXA: 0 RX: 0 AQ: 0]: Connecting...
Google.Solutions.Compute Verbose: 0 : SshRelayStream [TX: 0 TXA: 0 RX: 0 AQ: 0]: Connecting...
Google.Solutions.Compute Verbose: 0 : SshRelayStream [TX: 0 TXA: 0 RX: 0 AQ: 0]: Connecting...
Google.Solutions.Compute Verbose: 0 : SshRelayStream [TX: 0 TXA: 0 RX: 0 AQ: 0]: Connecting...
Google.Solutions.Compute Verbose: 0 : SshRelayStream [TX: 0 TXA: 0 RX: 0 AQ: 0]: Connecting...
Google.Solutions.Compute Verbose: 0 : SshRelayStream [TX: 0 TXA: 0 RX: 0 AQ: 0]: Connecting...
Google.Solutions.Compute Verbose: 0 : SshRelayStream [TX: 0 TXA: 0 RX: 0 AQ: 0]: Connecting...
Google.Solutions.Compute Verbose: 0 : SshRelayStream [TX: 0 TXA: 0 RX: 0 AQ: 0]: Connecting...
Google.Solutions.Compute Verbose: 0 : SshRelayStream [TX: 0 TXA: 0 RX: 0 AQ: 0]: Connecting...
Google.Solutions.Compute Verbose: 0 : SshRelayStream [TX: 0 TXA: 0 RX: 0 AQ: 0]: Connecting...
Google.Solutions.Compute Verbose: 0 : SshRelayStream [TX: 0 TXA: 0 RX: 0 AQ: 0]: Connecting...
Google.Solutions.Compute Verbose: 0 : SshRelayStream [TX: 0 TXA: 0 RX: 0 AQ: 0]: Connecting...
Google.Solutions.Compute Verbose: 0 : SshRelayStream [TX: 0 TXA: 0 RX: 0 AQ: 0]: Connecting...
Google.Solutions.Compute Verbose: 0 : SshRelayStream [TX: 0 TXA: 0 RX: 0 AQ: 0]: Connecting...
Google.Solutions.Compute Verbose: 0 : SshRelayStream [TX: 0 TXA: 0 RX: 0 AQ: 0]: Connecting...
Google.Solutions.Compute Verbose: 0 : SshRelayStream [TX: 0 TXA: 0 RX: 0 AQ: 0]: Connecting...
Google.Solutions.Compute Verbose: 0 : SshRelayStream [TX: 0 TXA: 0 RX: 0 AQ: 0]: Connecting...
Google.Solutions.Compute Verbose: 0 : SshRelayStream [TX: 0 TXA: 0 RX: 0 AQ: 0]: Connecting...
Google.Solutions.Compute Verbose: 0 : SshRelayStream [TX: 0 TXA: 0 RX: 0 AQ: 0]: Sending DATA #0...
Google.Solutions.Compute Verbose: 0 : SshRelayStream [TX: 0 TXA: 0 RX: 0 AQ: 0]: Sending DATA #0...
Google.Solutions.Compute Verbose: 0 : SshRelayStream [TX: 0 TXA: 0 RX: 0 AQ: 0]: Sending DATA #0...
Google.Solutions.Compute Verbose: 0 : SshRelayStream [TX: 0 TXA: 0 RX: 0 AQ: 0]: Sending DATA #0...
Google.Solutions.Compute Verbose: 0 : SshRelayStream [TX: 0 TXA: 0 RX: 0 AQ: 0]: Sending DATA #0...
Google.Solutions.Compute Verbose: 0 : SshRelayStream [TX: 0 TXA: 0 RX: 0 AQ: 0]: Sending DATA #0...
Google.Solutions.Compute Verbose: 0 : SshRelayStream [TX: 0 TXA: 0 RX: 0 AQ: 0]: Sending DATA #0...
Google.Solutions.Compute Verbose: 0 : SshRelayStream [TX: 0 TXA: 0 RX: 0 AQ: 0]: Sending DATA #0...
Google.Solutions.Compute Verbose: 0 : SshRelayStream [TX: 0 TXA: 0 RX: 0 AQ: 0]: Sending DATA #0...
Google.Solutions.Compute Verbose: 0 : SshRelayStream [TX: 0 TXA: 0 RX: 0 AQ: 0]: Sending DATA #0...
Google.Solutions.Compute Verbose: 0 : SshRelayStream [TX: 0 TXA: 0 RX: 0 AQ: 0]: Sending DATA #0...
Google.Solutions.Compute Verbose: 0 : SshRelayStream [TX: 0 TXA: 0 RX: 0 AQ: 0]: Sending DATA #0...
Google.Solutions.Compute Verbose: 0 : SshRelayStream [TX: 0 TXA: 0 RX: 0 AQ: 0]: Sending DATA #0...
Google.Solutions.Compute Verbose: 0 : SshRelayStream [TX: 0 TXA: 0 RX: 0 AQ: 0]: Sending DATA #0...
Google.Solutions.Compute Verbose: 0 : SshRelayStream [TX: 0 TXA: 0 RX: 0 AQ: 0]: Sending DATA #0...
Google.Solutions.Compute Verbose: 0 : SshRelayStream [TX: 0 TXA: 0 RX: 0 AQ: 0]: Sending DATA #0...
Google.Solutions.Compute Verbose: 0 : SshRelayStream [TX: 0 TXA: 0 RX: 0 AQ: 0]: Sending DATA #0...
Google.Solutions.Compute Verbose: 0 : SshRelayStream [TX: 0 TXA: 0 RX: 0 AQ: 0]: Sending DATA #0...
Google.Solutions.Compute Verbose: 0 : SshRelayStream [TX: 0 TXA: 0 RX: 0 AQ: 0]: Sending DATA #0...
Google.Solutions.Compute Verbose: 0 : SshRelayStream [TX: 0 TXA: 0 RX: 0 AQ: 0]: Sending DATA #0...
Google.Solutions.Compute Verbose: 0 : SshRelayStream [TX: 0 TXA: 0 RX: 0 AQ: 0]: Sending DATA #0...
Google.Solutions.Compute Verbose: 0 : SshRelayStream [TX: 0 TXA: 0 RX: 0 AQ: 0]: Sending DATA #0...
Google.Solutions.Compute Verbose: 0 : SshRelayStream [TX: 0 TXA: 0 RX: 0 AQ: 0]: Sending DATA #0...
Google.Solutions.Compute Verbose: 0 : SshRelayStream [TX: 0 TXA: 0 RX: 0 AQ: 0]: Sending DATA #0...
Google.Solutions.Compute Verbose: 0 : SshRelayStream [TX: 0 TXA: 0 RX: 0 AQ: 0]: Sending DATA #0...
Google.Solutions.Compute Verbose: 0 : SshRelayStream [TX: 0 TXA: 0 RX: 0 AQ: 0]: Sending DATA #0...
Google.Solutions.Compute Verbose: 0 : SshRelayStream [TX: 0 TXA: 0 RX: 0 AQ: 0]: Sending DATA #0...
Google.Solutions.Compute Verbose: 0 : SshRelayStream [TX: 0 TXA: 0 RX: 0 AQ: 0]: Sending DATA #0...
Google.Solutions.Compute Verbose: 0 : SshRelayStream [TX: 0 TXA: 0 RX: 0 AQ: 0]: Sending DATA #0...
Google.Solutions.Compute Verbose: 0 : SshRelayStream [TX: 0 TXA: 0 RX: 0 AQ: 0]: Sending DATA #0...
Google.Solutions.Compute Verbose: 0 : SshRelayStream [TX: 0 TXA: 0 RX: 0 AQ: 0]: Sending DATA #0...
Google.Solutions.Compute Verbose: 0 : SshRelayStream [TX: 0 TXA: 0 RX: 0 AQ: 0]: Sending DATA #0...
Google.Solutions.Compute Verbose: 0 : SshRelayStream [TX: 0 TXA: 0 RX: 0 AQ: 0]: Sending DATA #0...
Google.Solutions.Compute Verbose: 0 : SshRelayStream [TX: 0 TXA: 0 RX: 0 AQ: 0]: Sending DATA #0...
Google.Solutions.Compute Verbose: 0 : SshRelayStream [TX: 0 TXA: 0 RX: 0 AQ: 0]: Sending DATA #0...
Google.Solutions.Compute Verbose: 0 : SshRelayStream [TX: 0 TXA: 0 RX: 0 AQ: 0]: Sending DATA #0...
Google.Solutions.Compute Verbose: 0 : SshRelayStream [TX: 0 TXA: 0 RX: 0 AQ: 0]: Sending DATA #0...
Google.Solutions.Compute Verbose: 0 : SshRelayStream [TX: 0 TXA: 0 RX: 0 AQ: 0]: Sending DATA #0...
Google.Solutions.Compute Verbose: 0 : SshRelayStream [TX: 0 TXA: 0 RX: 0 AQ: 0]: Sending DATA #0...
Google.Solutions.Compute Verbose: 0 : SshRelayStream [TX: 0 TXA: 0 RX: 0 AQ: 0]: Sending DATA #0...
Google.Solutions.Compute Verbose: 0 : SshRelayStream [TX: 0 TXA: 0 RX: 0 AQ: 0]: Sending DATA #0...
Google.Solutions.Compute Verbose: 0 : SshRelayStream [TX: 0 TXA: 0 RX: 0 AQ: 0]: Sending DATA #0...
Google.Solutions.Compute Verbose: 0 : SshRelayStream [TX: 0 TXA: 0 RX: 0 AQ: 0]: Sending DATA #0...
Google.Solutions.Compute Verbose: 0 : SshRelayStream [TX: 0 TXA: 0 RX: 0 AQ: 0]: Sending DATA #0...
Google.Solutions.Compute Verbose: 0 : SshRelayStream [TX: 0 TXA: 0 RX: 0 AQ: 0]: Sending DATA #0...
Google.Solutions.Compute Verbose: 0 : SshRelayStream [TX: 0 TXA: 0 RX: 0 AQ: 0]: Sending DATA #0...
Google.Solutions.Compute Verbose: 0 : SshRelayStream [TX: 0 TXA: 0 RX: 0 AQ: 0]: Sending DATA #0...
Google.Solutions.Compute Verbose: 0 : SshRelayStream [TX: 0 TXA: 0 RX: 0 AQ: 0]: Sending DATA #0...
Google.Solutions.Compute Verbose: 0 : SshRelayStream [TX: 0 TXA: 0 RX: 0 AQ: 0]: Sending DATA #0...
Google.Solutions.Compute Verbose: 0 : SshRelayStream [TX: 0 TXA: 0 RX: 0 AQ: 0]: Sending DATA #0...
Google.Solutions.Compute Verbose: 0 : SshRelayStream [TX: 0 TXA: 0 RX: 0 AQ: 0]: Sending DATA #0...
Google.Solutions.Compute Verbose: 0 : SshRelayStream [TX: 0 TXA: 0 RX: 0 AQ: 0]: Sending DATA #0...
Google.Solutions.Compute Verbose: 0 : SshRelayStream [TX: 0 TXA: 0 RX: 0 AQ: 0]: Sending DATA #0...
Google.Solutions.Compute Verbose: 0 : SshRelayStream [TX: 0 TXA: 0 RX: 0 AQ: 0]: Sending DATA #0...
Google.Solutions.Compute Verbose: 0 : SshRelayStream [TX: 0 TXA: 0 RX: 0 AQ: 0]: Sending DATA #0...
Google.Solutions.Compute Verbose: 0 : SshRelayStream [TX: 0 TXA: 0 RX: 0 AQ: 0]: Sending DATA #0...
Google.Solutions.Compute Verbose: 0 : SshRelayStream [TX: 0 TXA: 0 RX: 0 AQ: 0]: Sending DATA #0...
Google.Solutions.Compute Verbose: 0 : SshRelayStream [TX: 0 TXA: 0 RX: 0 AQ: 0]: Sending DATA #0...
Google.Solutions.Compute Verbose: 0 : SshRelayStream [TX: 0 TXA: 0 RX: 0 AQ: 0]: Sending DATA #0...
Google.Solutions.Compute Verbose: 0 : SshRelayStream [TX: 0 TXA: 0 RX: 0 AQ: 0]: Sending DATA #0...
Google.Solutions.Compute Verbose: 0 : SshRelayStream [TX: 0 TXA: 0 RX: 0 AQ: 0]: Sending DATA #0...
Google.Solutions.Compute Verbose: 0 : SshRelayStream [TX: 0 TXA: 0 RX: 0 AQ: 0]: Sending DATA #0...
Google.Solutions.Compute Verbose: 0 : SshRelayStream [TX: 0 TXA: 0 RX: 0 AQ: 0]: Sending DATA #0...
Google.Solutions.Compute Verbose: 0 : SshRelayStream [TX: 0 TXA: 0 RX: 0 AQ: 0]: Sending DATA #0...
Google.Solutions.Compute Verbose: 0 : SshRelayStream [TX: 0 TXA: 0 RX: 0 AQ: 0]: Sending DATA #0...
Google.Solutions.Compute Verbose: 0 : SshRelayStream [TX: 0 TXA: 0 RX: 0 AQ: 0]: Sending DATA #0...
Google.Solutions.Compute Verbose: 0 : SshRelayStream [TX: 1 TXA: 0 RX: 0 AQ: 1]: Connected session &lt;\u0000&gt;
Google.Solutions.Compute Verbose: 0 : SshRelayStream [TX: 1 TXA: 0 RX: 0 AQ: 1]: Connected session &lt;\u0000&gt;
Google.Solutions.Compute Verbose: 0 : SshRelayStream [TX: 1 TXA: 0 RX: 0 AQ: 1]: Connected session &lt;\u0000&gt;
Google.Solutions.Compute Verbose: 0 : SshRelayStream [TX: 1 TXA: 0 RX: 0 AQ: 1]: Connected session &lt;\u0000&gt;
Google.Solutions.Compute Verbose: 0 : SshRelayStream [TX: 1 TXA: 0 RX: 0 AQ: 1]: Connected session &lt;\u0000&gt;
Google.Solutions.Compute Verbose: 0 : SshRelayStream [TX: 1 TXA: 0 RX: 0 AQ: 1]: Connected session &lt;\u0000&gt;
Google.Solutions.Compute Verbose: 0 : SshRelayStream [TX: 1 TXA: 0 RX: 0 AQ: 1]: Connected session &lt;\u0000&gt;
Google.Solutions.Compute Verbose: 0 : SshRelayStream [TX: 1 TXA: 0 RX: 0 AQ: 1]: Connected session &lt;\u0000&gt;
Google.Solutions.Compute Verbose: 0 : SshRelayStream [TX: 1 TXA: 0 RX: 0 AQ: 1]: Connected session &lt;\u0000&gt;
Google.Solutions.Compute Verbose: 0 : SshRelayStream [TX: 1 TXA: 0 RX: 0 AQ: 1]: Connected session &lt;\u0000&gt;
Google.Solutions.Compute Verbose: 0 : SshRelayStream [TX: 1 TXA: 0 RX: 0 AQ: 1]: Connected session &lt;\u0000&gt;
Google.Solutions.Compute Verbose: 0 : SshRelayStream [TX: 1 TXA: 0 RX: 0 AQ: 1]: Connected session &lt;\u0000&gt;
Google.Solutions.Compute Verbose: 0 : SshRelayStream [TX: 1 TXA: 0 RX: 0 AQ: 1]: Connected session &lt;\u0000&gt;
Google.Solutions.Compute Verbose: 0 : SshRelayStream [TX: 1 TXA: 0 RX: 0 AQ: 1]: Connected session &lt;\u0000&gt;
Google.Solutions.Compute Verbose: 0 : SshRelayStream [TX: 1 TXA: 0 RX: 0 AQ: 1]: Connected session &lt;\u0000&gt;
Google.Solutions.Compute Verbose: 0 : SshRelayStream [TX: 1 TXA: 0 RX: 0 AQ: 1]: Connected session &lt;\u0000&gt;
Google.Solutions.Compute Verbose: 0 : SshRelayStream [TX: 1 TXA: 0 RX: 0 AQ: 1]: Connected session &lt;\u0000&gt;
Google.Solutions.Compute Verbose: 0 : SshRelayStream [TX: 1 TXA: 0 RX: 0 AQ: 1]: Connected session &lt;\u0000&gt;
Google.Solutions.Compute Verbose: 0 : SshRelayStream [TX: 1 TXA: 0 RX: 0 AQ: 1]: Connected session &lt;\u0000&gt;
Google.Solutions.Compute Verbose: 0 : SshRelayStream [TX: 1 TXA: 0 RX: 0 AQ: 1]: Connected session &lt;\u0000&gt;
Google.Solutions.Compute Verbose: 0 : SshRelayStream [TX: 1 TXA: 0 RX: 0 AQ: 1]: Connected session &lt;\u0000&gt;
Google.Solutions.Compute Verbose: 0 : SshRelayStream [TX: 1 TXA: 0 RX: 0 AQ: 1]: Connected session &lt;\u0000&gt;
Google.Solutions.Compute Verbose: 0 : SshRelayStream [TX: 1 TXA: 0 RX: 0 AQ: 1]: Connected session &lt;\u0000&gt;
Google.Solutions.Compute Verbose: 0 : SshRelayStream [TX: 1 TXA: 0 RX: 0 AQ: 1]: Connected session &lt;\u0000&gt;
Google.Solutions.Compute Verbose: 0 : SshRelayStream [TX: 1 TXA: 0 RX: 0 AQ: 1]: Connected session &lt;\u0000&gt;
Google.Solutions.Compute Verbose: 0 : SshRelayStream [TX: 1 TXA: 0 RX: 0 AQ: 1]: Connected session &lt;\u0000&gt;
Google.Solutions.Compute Verbose: 0 : SshRelayStream [TX: 1 TXA: 0 RX: 0 AQ: 1]: Connected session &lt;\u0000&gt;
Google.Solutions.Compute Verbose: 0 : SshRelayStream [TX: 1 TXA: 0 RX: 0 AQ: 1]: Connected session &lt;\u0000&gt;
Google.Solutions.Compute Verbose: 0 : SshRelayStream [TX: 1 TXA: 0 RX: 0 AQ: 1]: Connected session &lt;\u0000&gt;
Google.Solutions.Compute Verbose: 0 : SshRelayStream [TX: 1 TXA: 0 RX: 0 AQ: 1]: Connected session &lt;\u0000&gt;
Google.Solutions.Compute Verbose: 0 : SshRelayStream [TX: 1 TXA: 0 RX: 0 AQ: 1]: Connected session &lt;\u0000&gt;
Google.Solutions.Compute Verbose: 0 : SshRelayStream [TX: 1 TXA: 0 RX: 0 AQ: 1]: Connected session &lt;\u0000&gt;
Google.Solutions.Compute Verbose: 0 : SshRelayStream [TX: 1 TXA: 0 RX: 0 AQ: 1]: Connected session &lt;\u0000&gt;
Google.Solutions.Compute Verbose: 0 : SshRelayStream [TX: 1 TXA: 0 RX: 0 AQ: 1]: Connected session &lt;\u0000&gt;
Google.Solutions.Compute Verbose: 0 : SshRelayStream [TX: 1 TXA: 0 RX: 0 AQ: 1]: Connected session &lt;\u0000&gt;
Google.Solutions.Compute Verbose: 0 : SshRelayStream [TX: 1 TXA: 0 RX: 0 AQ: 1]: Connected session &lt;\u0000&gt;
Google.Solutions.Compute Verbose: 0 : SshRelayStream [TX: 1 TXA: 0 RX: 0 AQ: 1]: Connected session &lt;\u0000&gt;
Google.Solutions.Compute Verbose: 0 : SshRelayStream [TX: 1 TXA: 0 RX: 0 AQ: 1]: Connected session &lt;\u0000&gt;
Google.Solutions.Compute Verbose: 0 : SshRelayStream [TX: 1 TXA: 0 RX: 0 AQ: 1]: Connected session &lt;\u0000&gt;
Google.Solutions.Compute Verbose: 0 : SshRelayStream [TX: 1 TXA: 0 RX: 0 AQ: 1]: Connected session &lt;\u0000&gt;
Google.Solutions.Compute Verbose: 0 : SshRelayStream [TX: 1 TXA: 0 RX: 0 AQ: 1]: Connected session &lt;\u0000&gt;
Google.Solutions.Compute Verbose: 0 : SshRelayStream [TX: 1 TXA: 0 RX: 0 AQ: 1]: Connected session &lt;\u0000&gt;
Google.Solutions.Compute Verbose: 0 : SshRelayStream [TX: 1 TXA: 0 RX: 0 AQ: 1]: Connected session &lt;\u0000&gt;
Google.Solutions.Compute Verbose: 0 : SshRelayStream [TX: 1 TXA: 0 RX: 0 AQ: 1]: Connected session &lt;\u0000&gt;
Google.Solutions.Compute Verbose: 0 : SshRelayStream [TX: 1 TXA: 0 RX: 0 AQ: 1]: Connected session &lt;\u0000&gt;
Google.Solutions.Compute Verbose: 0 : SshRelayStream [TX: 1 TXA: 0 RX: 0 AQ: 1]: Connected session &lt;\u0000&gt;
Google.Solutions.Compute Verbose: 0 : SshRelayStream [TX: 1 TXA: 0 RX: 0 AQ: 1]: Connected session &lt;\u0000&gt;
Google.Solutions.Compute Verbose: 0 : SshRelayStream [TX: 1 TXA: 0 RX: 0 AQ: 1]: Connected session &lt;\u0000&gt;
Google.Solutions.Compute Verbose: 0 : SshRelayStream [TX: 1 TXA: 0 RX: 0 AQ: 1]: Connected session &lt;\u0000&gt;
Google.Solutions.Compute Verbose: 0 : SshRelayStream [TX: 1 TXA: 0 RX: 0 AQ: 1]: Connected session &lt;\u0000&gt;
Google.Solutions.Compute Verbose: 0 : SshRelayStream [TX: 1 TXA: 0 RX: 0 AQ: 1]: Connected session &lt;\u0000&gt;
Google.Solutions.Compute Verbose: 0 : SshRelayStream [TX: 1 TXA: 0 RX: 0 AQ: 1]: Connected session &lt;\u0000&gt;
Google.Solutions.Compute Verbose: 0 : SshRelayStream [TX: 1 TXA: 0 RX: 0 AQ: 1]: Connected session &lt;\u0000&gt;
Google.Solutions.Compute Verbose: 0 : SshRelayStream [TX: 1 TXA: 0 RX: 0 AQ: 1]: Connected session &lt;\u0000&gt;
Google.Solutions.Compute Verbose: 0 : SshRelayStream [TX: 1 TXA: 0 RX: 0 AQ: 1]: Connected session &lt;\u0000&gt;
Google.Solutions.Compute Verbose: 0 : SshRelayStream [TX: 1 TXA: 0 RX: 0 AQ: 1]: Connected session &lt;\u0000&gt;
Google.Solutions.Compute Verbose: 0 : SshRelayStream [TX: 1 TXA: 0 RX: 0 AQ: 1]: Connected session &lt;\u0000&gt;
Google.Solutions.Compute Verbose: 0 : SshRelayStream [TX: 1 TXA: 0 RX: 0 AQ: 1]: Connected session &lt;\u0000&gt;
Google.Solutions.Compute Verbose: 0 : SshRelayStream [TX: 1 TXA: 0 RX: 0 AQ: 1]: Connected session &lt;\u0000&gt;
Google.Solutions.Compute Verbose: 0 : SshRelayStream [TX: 1 TXA: 0 RX: 0 AQ: 1]: Connected session &lt;\u0000&gt;
Google.Solutions.Compute Verbose: 0 : SshRelayStream [TX: 1 TXA: 0 RX: 0 AQ: 1]: Connected session &lt;\u0000&gt;
Google.Solutions.Compute Verbose: 0 : SshRelayStream [TX: 1 TXA: 0 RX: 0 AQ: 1]: Connected session &lt;\u0000&gt;
Google.Solutions.Compute Verbose: 0 : SshRelayStream [TX: 1 TXA: 0 RX: 0 AQ: 1]: Connected session &lt;\u0000&gt;
Google.Solutions.Compute Verbose: 0 : SshRelayStream [TX: 1 TXA: 0 RX: 0 AQ: 1]: Connected session &lt;\u0000&gt;
Google.Solutions.Compute Verbose: 0 : SshRelayStream [TX: 1 TXA: 0 RX: 0 AQ: 1]: Connected session &lt;\u0000&gt;
Google.Solutions.Compute Verbose: 0 : SshRelayStream [TX: 1 TXA: 0 RX: 0 AQ: 1]: Connected session &lt;\u0000&gt;
Google.Solutions.Compute Verbose: 0 : SshRelayStream [TX: 1 TXA: 0 RX: 0 AQ: 1]: Received data (2 bytes)
Google.Solutions.Compute Verbose: 0 : SshRelayStream [TX: 1 TXA: 0 RX: 0 AQ: 1]: Received data (2 bytes)
Google.Solutions.Compute Verbose: 0 : SshRelayStream [TX: 1 TXA: 0 RX: 0 AQ: 1]: Received data (2 bytes)
Google.Solutions.Compute Verbose: 0 : SshRelayStream [TX: 1 TXA: 0 RX: 0 AQ: 1]: Received data (2 bytes)
Google.Solutions.Compute Verbose: 0 : SshRelayStream [TX: 1 TXA: 0 RX: 0 AQ: 1]: Received data (2 bytes)
Google.Solutions.Compute Verbose: 0 : SshRelayStream [TX: 1 TXA: 0 RX: 0 AQ: 1]: Received data (2 bytes)
Google.Solutions.Compute Verbose: 0 : SshRelayStream [TX: 1 TXA: 0 RX: 0 AQ: 1]: Received data (2 bytes)
Google.Solutions.Compute Verbose: 0 : SshRelayStream [TX: 1 TXA: 0 RX: 0 AQ: 1]: Received data (2 bytes)
Google.Solutions.Compute Verbose: 0 : SshRelayStream [TX: 1 TXA: 0 RX: 0 AQ: 1]: Received data (2 bytes)
Google.Solutions.Compute Verbose: 0 : SshRelayStream [TX: 1 TXA: 0 RX: 0 AQ: 1]: Received data (2 bytes)
Google.Solutions.Compute Verbose: 0 : SshRelayStream [TX: 1 TXA: 0 RX: 0 AQ: 1]: Received data (2 bytes)
Google.Solutions.Compute Verbose: 0 : SshRelayStream [TX: 1 TXA: 0 RX: 0 AQ: 1]: Received data (2 bytes)
Google.Solutions.Compute Verbose: 0 : SshRelayStream [TX: 1 TXA: 0 RX: 0 AQ: 1]: Received data (2 bytes)
Google.Solutions.Compute Verbose: 0 : SshRelayStream [TX: 1 TXA: 0 RX: 0 AQ: 1]: Received data (2 bytes)
Google.Solutions.Compute Verbose: 0 : SshRelayStream [TX: 1 TXA: 0 RX: 0 AQ: 1]: Received data (2 bytes)
Google.Solutions.Compute Verbose: 0 : SshRelayStream [TX: 1 TXA: 0 RX: 0 AQ: 1]: Received data (2 bytes)
Google.Solutions.Compute Verbose: 0 : SshRelayStream [TX: 1 TXA: 0 RX: 0 AQ: 1]: Received data (2 bytes)
Google.Solutions.Compute Verbose: 0 : SshRelayStream [TX: 1 TXA: 0 RX: 0 AQ: 1]: Received data (2 bytes)
Google.Solutions.Compute Verbose: 0 : SshRelayStream [TX: 1 TXA: 0 RX: 0 AQ: 1]: Received data (2 bytes)
Google.Solutions.Compute Verbose: 0 : SshRelayStream [TX: 1 TXA: 0 RX: 0 AQ: 1]: Received data (2 bytes)
Google.Solutions.Compute Verbose: 0 : SshRelayStream [TX: 1 TXA: 0 RX: 0 AQ: 1]: Received data (2 bytes)
Google.Solutions.Compute Verbose: 0 : SshRelayStream [TX: 1 TXA: 0 RX: 0 AQ: 1]: Received data (2 bytes)
Google.Solutions.Compute Verbose: 0 : SshRelayStream [TX: 1 TXA: 0 RX: 0 AQ: 1]: Received data (2 bytes)
Google.Solutions.Compute Verbose: 0 : SshRelayStream [TX: 1 TXA: 0 RX: 0 AQ: 1]: Received data (2 bytes)
Google.Solutions.Compute Verbose: 0 : SshRelayStream [TX: 1 TXA: 0 RX: 0 AQ: 1]: Received data (2 bytes)
Google.Solutions.Compute Verbose: 0 : SshRelayStream [TX: 1 TXA: 0 RX: 0 AQ: 1]: Received data (2 bytes)
Google.Solutions.Compute Verbose: 0 : SshRelayStream [TX: 1 TXA: 0 RX: 0 AQ: 1]: Received data (2 bytes)
Google.Solutions.Compute Verbose: 0 : SshRelayStream [TX: 1 TXA: 0 RX: 0 AQ: 1]: Received data (2 bytes)
Google.Solutions.Compute Verbose: 0 : SshRelayStream [TX: 1 TXA: 0 RX: 0 AQ: 1]: Received data (2 bytes)
Google.Solutions.Compute Verbose: 0 : SshRelayStream [TX: 1 TXA: 0 RX: 0 AQ: 1]: Received data (2 bytes)
Google.Solutions.Compute Verbose: 0 : SshRelayStream [TX: 1 TXA: 0 RX: 0 AQ: 1]: Received data (2 bytes)
Google.Solutions.Compute Verbose: 0 : SshRelayStream [TX: 1 TXA: 0 RX: 0 AQ: 1]: Received data (2 bytes)
Google.Solutions.Compute Verbose: 0 : SshRelayStream [TX: 1 TXA: 0 RX: 0 AQ: 1]: Received data (2 bytes)
Google.Solutions.Compute Verbose: 0 : SshRelayStream [TX: 1 TXA: 0 RX: 0 AQ: 1]: Received data (2 bytes)
Google.Solutions.Compute Verbose: 0 : SshRelayStream [TX: 1 TXA: 0 RX: 0 AQ: 1]: Received data (2 bytes)
Google.Solutions.Compute Verbose: 0 : SshRelayStream [TX: 1 TXA: 0 RX: 0 AQ: 1]: Received data (2 bytes)
Google.Solutions.Compute Verbose: 0 : SshRelayStream [TX: 1 TXA: 0 RX: 0 AQ: 1]: Received data (2 bytes)
Google.Solutions.Compute Verbose: 0 : SshRelayStream [TX: 1 TXA: 0 RX: 0 AQ: 1]: Received data (2 bytes)
Google.Solutions.Compute Verbose: 0 : SshRelayStream [TX: 1 TXA: 0 RX: 0 AQ: 1]: Received data (2 bytes)
Google.Solutions.Compute Verbose: 0 : SshRelayStream [TX: 1 TXA: 0 RX: 0 AQ: 1]: Received data (2 bytes)
Google.Solutions.Compute Verbose: 0 : SshRelayStream [TX: 1 TXA: 0 RX: 0 AQ: 1]: Received data (2 bytes)
Google.Solutions.Compute Verbose: 0 : SshRelayStream [TX: 1 TXA: 0 RX: 0 AQ: 1]: Received data (2 bytes)
Google.Solutions.Compute Verbose: 0 : SshRelayStream [TX: 1 TXA: 0 RX: 0 AQ: 1]: Received data (2 bytes)
Google.Solutions.Compute Verbose: 0 : SshRelayStream [TX: 1 TXA: 0 RX: 0 AQ: 1]: Received data (2 bytes)
Google.Solutions.Compute Verbose: 0 : SshRelayStream [TX: 1 TXA: 0 RX: 0 AQ: 1]: Received data (2 bytes)
Google.Solutions.Compute Verbose: 0 : SshRelayStream [TX: 1 TXA: 0 RX: 0 AQ: 1]: Received data (2 bytes)
Google.Solutions.Compute Verbose: 0 : SshRelayStream [TX: 1 TXA: 0 RX: 0 AQ: 1]: Received data (2 bytes)
Google.Solutions.Compute Verbose: 0 : SshRelayStream [TX: 1 TXA: 0 RX: 0 AQ: 1]: Received data (2 bytes)
Google.Solutions.Compute Verbose: 0 : SshRelayStream [TX: 1 TXA: 0 RX: 0 AQ: 1]: Received data (2 bytes)
Google.Solutions.Compute Verbose: 0 : SshRelayStream [TX: 1 TXA: 0 RX: 0 AQ: 1]: Received data (2 bytes)
Google.Solutions.Compute Verbose: 0 : SshRelayStream [TX: 1 TXA: 0 RX: 0 AQ: 1]: Received data (2 bytes)
Google.Solutions.Compute Verbose: 0 : SshRelayStream [TX: 1 TXA: 0 RX: 0 AQ: 1]: Received data (2 bytes)
Google.Solutions.Compute Verbose: 0 : SshRelayStream [TX: 1 TXA: 0 RX: 0 AQ: 1]: Received data (2 bytes)
Google.Solutions.Compute Verbose: 0 : SshRelayStream [TX: 1 TXA: 0 RX: 0 AQ: 1]: Received data (2 bytes)
Google.Solutions.Compute Verbose: 0 : SshRelayStream [TX: 1 TXA: 0 RX: 0 AQ: 1]: Received data (2 bytes)
Google.Solutions.Compute Verbose: 0 : SshRelayStream [TX: 1 TXA: 0 RX: 0 AQ: 1]: Received data (2 bytes)
Google.Solutions.Compute Verbose: 0 : SshRelayStream [TX: 1 TXA: 0 RX: 0 AQ: 1]: Received data (2 bytes)
Google.Solutions.Compute Verbose: 0 : SshRelayStream [TX: 1 TXA: 0 RX: 0 AQ: 1]: Received data (2 bytes)
Google.Solutions.Compute Verbose: 0 : SshRelayStream [TX: 1 TXA: 0 RX: 0 AQ: 1]: Received data (2 bytes)
Google.Solutions.Compute Verbose: 0 : SshRelayStream [TX: 1 TXA: 0 RX: 0 AQ: 1]: Received data (2 bytes)
Google.Solutions.Compute Verbose: 0 : SshRelayStream [TX: 1 TXA: 0 RX: 0 AQ: 1]: Received data (2 bytes)
Google.Solutions.Compute Verbose: 0 : SshRelayStream [TX: 1 TXA: 0 RX: 0 AQ: 1]: Received data (2 bytes)
Google.Solutions.Compute Verbose: 0 : SshRelayStream [TX: 1 TXA: 0 RX: 0 AQ: 1]: Received data (2 bytes)
Google.Solutions.Compute Verbose: 0 : SshRelayStream [TX: 1 TXA: 0 RX: 0 AQ: 1]: Received data (2 bytes)
Google.Solutions.Compute Verbose: 0 : SshRelayStream [TX: 1 TXA: 0 RX: 0 AQ: 1]: Received data (2 bytes)
Google.Solutions.Compute Verbose: 0 : SshRelayStream [TX: 1 TXA: 0 RX: 0 AQ: 1]: Received data (2 bytes)
Google.Solutions.Compute Verbose: 0 : SshRelayStream [TX: 1 TXA: 0 RX: 2 AQ: 1]: Sending ACK #2...
Google.Solutions.Compute Verbose: 0 : SshRelayStream [TX: 1 TXA: 0 RX: 2 AQ: 1]: Sending ACK #2...
Google.Solutions.Compute Verbose: 0 : SshRelayStream [TX: 1 TXA: 0 RX: 2 AQ: 1]: Sending ACK #2...
Google.Solutions.Compute Verbose: 0 : SshRelayStream [TX: 1 TXA: 0 RX: 2 AQ: 1]: Sending ACK #2...
Google.Solutions.Compute Verbose: 0 : SshRelayStream [TX: 1 TXA: 0 RX: 2 AQ: 1]: Sending ACK #2...
Google.Solutions.Compute Verbose: 0 : SshRelayStream [TX: 1 TXA: 0 RX: 2 AQ: 1]: Sending ACK #2...
Google.Solutions.Compute Verbose: 0 : SshRelayStream [TX: 1 TXA: 0 RX: 2 AQ: 1]: Sending ACK #2...
Google.Solutions.Compute Verbose: 0 : SshRelayStream [TX: 1 TXA: 0 RX: 2 AQ: 1]: Sending ACK #2...
Google.Solutions.Compute Verbose: 0 : SshRelayStream [TX: 1 TXA: 0 RX: 2 AQ: 1]: Sending ACK #2...
Google.Solutions.Compute Verbose: 0 : SshRelayStream [TX: 1 TXA: 0 RX: 2 AQ: 1]: Sending ACK #2...
Google.Solutions.Compute Verbose: 0 : SshRelayStream [TX: 1 TXA: 0 RX: 2 AQ: 1]: Sending ACK #2...
Google.Solutions.Compute Verbose: 0 : SshRelayStream [TX: 1 TXA: 0 RX: 2 AQ: 1]: Sending ACK #2...
Google.Solutions.Compute Verbose: 0 : SshRelayStream [TX: 1 TXA: 0 RX: 2 AQ: 1]: Sending ACK #2...
Google.Solutions.Compute Verbose: 0 : SshRelayStream [TX: 1 TXA: 0 RX: 2 AQ: 1]: Sending ACK #2...
Google.Solutions.Compute Verbose: 0 : SshRelayStream [TX: 1 TXA: 0 RX: 2 AQ: 1]: Sending ACK #2...
Google.Solutions.Compute Verbose: 0 : SshRelayStream [TX: 1 TXA: 0 RX: 2 AQ: 1]: Sending ACK #2...
Google.Solutions.Compute Verbose: 0 : SshRelayStream [TX: 1 TXA: 0 RX: 2 AQ: 1]: Sending ACK #2...
Google.Solutions.Compute Verbose: 0 : SshRelayStream [TX: 1 TXA: 0 RX: 2 AQ: 1]: Sending ACK #2...
Google.Solutions.Compute Verbose: 0 : SshRelayStream [TX: 1 TXA: 0 RX: 2 AQ: 1]: Sending ACK #2...
Google.Solutions.Compute Verbose: 0 : SshRelayStream [TX: 1 TXA: 0 RX: 2 AQ: 1]: Sending ACK #2...
Google.Solutions.Compute Verbose: 0 : SshRelayStream [TX: 1 TXA: 0 RX: 2 AQ: 1]: Sending ACK #2...
Google.Solutions.Compute Verbose: 0 : SshRelayStream [TX: 1 TXA: 0 RX: 2 AQ: 1]: Sending ACK #2...
Google.Solutions.Compute Verbose: 0 : SshRelayStream [TX: 1 TXA: 0 RX: 2 AQ: 1]: Sending ACK #2...
Google.Solutions.Compute Verbose: 0 : SshRelayStream [TX: 1 TXA: 0 RX: 2 AQ: 1]: Sending ACK #2...
Google.Solutions.Compute Verbose: 0 : SshRelayStream [TX: 1 TXA: 0 RX: 2 AQ: 1]: Sending ACK #2...
Google.Solutions.Compute Verbose: 0 : SshRelayStream [TX: 1 TXA: 0 RX: 2 AQ: 1]: Sending ACK #2...
Google.Solutions.Compute Verbose: 0 : SshRelayStream [TX: 1 TXA: 0 RX: 2 AQ: 1]: Sending ACK #2...
Google.Solutions.Compute Verbose: 0 : SshRelayStream [TX: 1 TXA: 0 RX: 2 AQ: 1]: Sending ACK #2...
Google.Solutions.Compute Verbose: 0 : SshRelayStream [TX: 1 TXA: 0 RX: 2 AQ: 1]: Sending ACK #2...
Google.Solutions.Compute Verbose: 0 : SshRelayStream [TX: 1 TXA: 0 RX: 2 AQ: 1]: Sending ACK #2...
Google.Solutions.Compute Verbose: 0 : SshRelayStream [TX: 1 TXA: 0 RX: 2 AQ: 1]: Sending ACK #2...
Google.Solutions.Compute Verbose: 0 : SshRelayStream [TX: 1 TXA: 0 RX: 2 AQ: 1]: Sending ACK #2...
Google.Solutions.Compute Verbose: 0 : SshRelayStream [TX: 1 TXA: 0 RX: 2 AQ: 1]: Sending ACK #2...
Google.Solutions.Compute Verbose: 0 : SshRelayStream [TX: 1 TXA: 0 RX: 2 AQ: 1]: Sending ACK #2...
Google.Solutions.Compute Verbose: 0 : SshRelayStream [TX: 1 TXA: 0 RX: 2 AQ: 1]: Sending ACK #2...
Google.Solutions.Compute Verbose: 0 : SshRelayStream [TX: 1 TXA: 0 RX: 2 AQ: 1]: Sending ACK #2...
Google.Solutions.Compute Verbose: 0 : SshRelayStream [TX: 1 TXA: 0 RX: 2 AQ: 1]: Sending ACK #2...
Google.Solutions.Compute Verbose: 0 : SshRelayStream [TX: 1 TXA: 0 RX: 2 AQ: 1]: Sending ACK #2...
Google.Solutions.Compute Verbose: 0 : SshRelayStream [TX: 1 TXA: 0 RX: 2 AQ: 1]: Sending ACK #2...
Google.Solutions.Compute Verbose: 0 : SshRelayStream [TX: 1 TXA: 0 RX: 2 AQ: 1]: Sending ACK #2...
Google.Solutions.Compute Verbose: 0 : SshRelayStream [TX: 1 TXA: 0 RX: 2 AQ: 1]: Sending ACK #2...
Google.Solutions.Compute Verbose: 0 : SshRelayStream [TX: 1 TXA: 0 RX: 2 AQ: 1]: Sending ACK #2...
Google.Solutions.Compute Verbose: 0 : SshRelayStream [TX: 1 TXA: 0 RX: 2 AQ: 1]: Sending ACK #2...
Google.Solutions.Compute Verbose: 0 : SshRelayStream [TX: 1 TXA: 0 RX: 2 AQ: 1]: Sending ACK #2...
Google.Solutions.Compute Verbose: 0 : SshRelayStream [TX: 1 TXA: 0 RX: 2 AQ: 1]: Sending ACK #2...
Google.Solutions.Compute Verbose: 0 : SshRelayStream [TX: 1 TXA: 0 RX: 2 AQ: 1]: Sending ACK #2...
Google.Solutions.Compute Verbose: 0 : SshRelayStream [TX: 1 TXA: 0 RX: 2 AQ: 1]: Sending ACK #2...
Google.Solutions.Compute Verbose: 0 : SshRelayStream [TX: 1 TXA: 0 RX: 2 AQ: 1]: Sending ACK #2...
Google.Solutions.Compute Verbose: 0 : SshRelayStream [TX: 1 TXA: 0 RX: 2 AQ: 1]: Sending ACK #2...
Google.Solutions.Compute Verbose: 0 : SshRelayStream [TX: 1 TXA: 0 RX: 2 AQ: 1]: Sending ACK #2...
Google.Solutions.Compute Verbose: 0 : SshRelayStream [TX: 1 TXA: 0 RX: 2 AQ: 1]: Sending ACK #2...
Google.Solutions.Compute Verbose: 0 : SshRelayStream [TX: 1 TXA: 0 RX: 2 AQ: 1]: Sending ACK #2...
Google.Solutions.Compute Verbose: 0 : SshRelayStream [TX: 1 TXA: 0 RX: 2 AQ: 1]: Sending ACK #2...
Google.Solutions.Compute Verbose: 0 : SshRelayStream [TX: 1 TXA: 0 RX: 2 AQ: 1]: Sending ACK #2...
Google.Solutions.Compute Verbose: 0 : SshRelayStream [TX: 1 TXA: 0 RX: 2 AQ: 1]: Sending ACK #2...
Google.Solutions.Compute Verbose: 0 : SshRelayStream [TX: 1 TXA: 0 RX: 2 AQ: 1]: Sending ACK #2...
Google.Solutions.Compute Verbose: 0 : SshRelayStream [TX: 1 TXA: 0 RX: 2 AQ: 1]: Sending ACK #2...
Google.Solutions.Compute Verbose: 0 : SshRelayStream [TX: 1 TXA: 0 RX: 2 AQ: 1]: Sending ACK #2...
Google.Solutions.Compute Verbose: 0 : SshRelayStream [TX: 1 TXA: 0 RX: 2 AQ: 1]: Sending ACK #2...
Google.Solutions.Compute Verbose: 0 : SshRelayStream [TX: 1 TXA: 0 RX: 2 AQ: 1]: Sending ACK #2...
Google.Solutions.Compute Verbose: 0 : SshRelayStream [TX: 1 TXA: 0 RX: 2 AQ: 1]: Sending ACK #2...
Google.Solutions.Compute Verbose: 0 : SshRelayStream [TX: 1 TXA: 0 RX: 2 AQ: 1]: Sending ACK #2...
Google.Solutions.Compute Verbose: 0 : SshRelayStream [TX: 1 TXA: 0 RX: 2 AQ: 1]: Sending ACK #2...
Google.Solutions.Compute Verbose: 0 : SshRelayStream [TX: 1 TXA: 0 RX: 2 AQ: 1]: Sending ACK #2...
Google.Solutions.Compute Verbose: 0 : SshRelayStream [TX: 1 TXA: 0 RX: 2 AQ: 1]: Sending ACK #2...
Google.Solutions.Compute Verbose: 0 : SshRelayStream [TX: 1 TXA: 0 RX: 2 AQ: 1]: Sending ACK #2...
Google.Solutions.Compute Verbose: 0 : SshRelayStream [TX: 1 TXA: 0 RX: 2 AQ: 1]: Sending DATA #1...
Google.Solutions.Compute Verbose: 0 : SshRelayStream [TX: 1 TXA: 0 RX: 2 AQ: 1]: Sending DATA #1...
Google.Solutions.Compute Verbose: 0 : SshRelayStream [TX: 1 TXA: 0 RX: 2 AQ: 1]: Sending DATA #1...
Google.Solutions.Compute Verbose: 0 : SshRelayStream [TX: 1 TXA: 0 RX: 2 AQ: 1]: Sending DATA #1...
Google.Solutions.Compute Verbose: 0 : SshRelayStream [TX: 1 TXA: 0 RX: 2 AQ: 1]: Sending DATA #1...
Google.Solutions.Compute Verbose: 0 : SshRelayStream [TX: 1 TXA: 0 RX: 2 AQ: 1]: Sending DATA #1...
Google.Solutions.Compute Verbose: 0 : SshRelayStream [TX: 1 TXA: 0 RX: 2 AQ: 1]: Sending DATA #1...
Google.Solutions.Compute Verbose: 0 : SshRelayStream [TX: 1 TXA: 0 RX: 2 AQ: 1]: Sending DATA #1...
Google.Solutions.Compute Verbose: 0 : SshRelayStream [TX: 1 TXA: 0 RX: 2 AQ: 1]: Sending DATA #1...
Google.Solutions.Compute Verbose: 0 : SshRelayStream [TX: 1 TXA: 0 RX: 2 AQ: 1]: Sending DATA #1...
Google.Solutions.Compute Verbose: 0 : SshRelayStream [TX: 1 TXA: 0 RX: 2 AQ: 1]: Sending DATA #1...
Google.Solutions.Compute Verbose: 0 : SshRelayStream [TX: 1 TXA: 0 RX: 2 AQ: 1]: Sending DATA #1...
Google.Solutions.Compute Verbose: 0 : SshRelayStream [TX: 1 TXA: 0 RX: 2 AQ: 1]: Sending DATA #1...
Google.Solutions.Compute Verbose: 0 : SshRelayStream [TX: 1 TXA: 0 RX: 2 AQ: 1]: Sending DATA #1...
Google.Solutions.Compute Verbose: 0 : SshRelayStream [TX: 1 TXA: 0 RX: 2 AQ: 1]: Sending DATA #1...
Google.Solutions.Compute Verbose: 0 : SshRelayStream [TX: 1 TXA: 0 RX: 2 AQ: 1]: Sending DATA #1...
Google.Solutions.Compute Verbose: 0 : SshRelayStream [TX: 1 TXA: 0 RX: 2 AQ: 1]: Sending DATA #1...
Google.Solutions.Compute Verbose: 0 : SshRelayStream [TX: 1 TXA: 0 RX: 2 AQ: 1]: Sending DATA #1...
Google.Solutions.Compute Verbose: 0 : SshRelayStream [TX: 1 TXA: 0 RX: 2 AQ: 1]: Sending DATA #1...
Google.Solutions.Compute Verbose: 0 : SshRelayStream [TX: 1 TXA: 0 RX: 2 AQ: 1]: Sending DATA #1...
Google.Solutions.Compute Verbose: 0 : SshRelayStream [TX: 1 TXA: 0 RX: 2 AQ: 1]: Sending DATA #1...
Google.Solutions.Compute Verbose: 0 : SshRelayStream [TX: 1 TXA: 0 RX: 2 AQ: 1]: Sending DATA #1...
Google.Solutions.Compute Verbose: 0 : SshRelayStream [TX: 1 TXA: 0 RX: 2 AQ: 1]: Sending DATA #1...
Google.Solutions.Compute Verbose: 0 : SshRelayStream [TX: 1 TXA: 0 RX: 2 AQ: 1]: Sending DATA #1...
Google.Solutions.Compute Verbose: 0 : SshRelayStream [TX: 1 TXA: 0 RX: 2 AQ: 1]: Sending DATA #1...
Google.Solutions.Compute Verbose: 0 : SshRelayStream [TX: 1 TXA: 0 RX: 2 AQ: 1]: Sending DATA #1...
Google.Solutions.Compute Verbose: 0 : SshRelayStream [TX: 1 TXA: 0 RX: 2 AQ: 1]: Sending DATA #1...
Google.Solutions.Compute Verbose: 0 : SshRelayStream [TX: 1 TXA: 0 RX: 2 AQ: 1]: Sending DATA #1...
Google.Solutions.Compute Verbose: 0 : SshRelayStream [TX: 1 TXA: 0 RX: 2 AQ: 1]: Sending DATA #1...
Google.Solutions.Compute Verbose: 0 : SshRelayStream [TX: 1 TXA: 0 RX: 2 AQ: 1]: Sending DATA #1...
Google.Solutions.Compute Verbose: 0 : SshRelayStream [TX: 1 TXA: 0 RX: 2 AQ: 1]: Sending DATA #1...
Google.Solutions.Compute Verbose: 0 : SshRelayStream [TX: 1 TXA: 0 RX: 2 AQ: 1]: Sending DATA #1...
Google.Solutions.Compute Verbose: 0 : SshRelayStream [TX: 1 TXA: 0 RX: 2 AQ: 1]: Sending DATA #1...
Google.Solutions.Compute Verbose: 0 : SshRelayStream [TX: 1 TXA: 0 RX: 2 AQ: 1]: Sending DATA #1...
Google.Solutions.Compute Verbose: 0 : SshRelayStream [TX: 1 TXA: 0 RX: 2 AQ: 1]: Sending DATA #1...
Google.Solutions.Compute Verbose: 0 : SshRelayStream [TX: 1 TXA: 0 RX: 2 AQ: 1]: Sending DATA #1...
Google.Solutions.Compute Verbose: 0 : SshRelayStream [TX: 1 TXA: 0 RX: 2 AQ: 1]: Sending DATA #1...
Google.Solutions.Compute Verbose: 0 : SshRelayStream [TX: 1 TXA: 0 RX: 2 AQ: 1]: Sending DATA #1...
Google.Solutions.Compute Verbose: 0 : SshRelayStream [TX: 1 TXA: 0 RX: 2 AQ: 1]: Sending DATA #1...
Google.Solutions.Compute Verbose: 0 : SshRelayStream [TX: 1 TXA: 0 RX: 2 AQ: 1]: Sending DATA #1...
Google.Solutions.Compute Verbose: 0 : SshRelayStream [TX: 1 TXA: 0 RX: 2 AQ: 1]: Sending DATA #1...
Google.Solutions.Compute Verbose: 0 : SshRelayStream [TX: 1 TXA: 0 RX: 2 AQ: 1]: Sending DATA #1...
Google.Solutions.Compute Verbose: 0 : SshRelayStream [TX: 1 TXA: 0 RX: 2 AQ: 1]: Sending DATA #1...
Google.Solutions.Compute Verbose: 0 : SshRelayStream [TX: 1 TXA: 0 RX: 2 AQ: 1]: Sending DATA #1...
Google.Solutions.Compute Verbose: 0 : SshRelayStream [TX: 1 TXA: 0 RX: 2 AQ: 1]: Sending DATA #1...
Google.Solutions.Compute Verbose: 0 : SshRelayStream [TX: 1 TXA: 0 RX: 2 AQ: 1]: Sending DATA #1...
Google.Solutions.Compute Verbose: 0 : SshRelayStream [TX: 1 TXA: 0 RX: 2 AQ: 1]: Sending DATA #1...
Google.Solutions.Compute Verbose: 0 : SshRelayStream [TX: 1 TXA: 0 RX: 2 AQ: 1]: Sending DATA #1...
Google.Solutions.Compute Verbose: 0 : SshRelayStream [TX: 1 TXA: 0 RX: 2 AQ: 1]: Sending DATA #1...
Google.Solutions.Compute Verbose: 0 : SshRelayStream [TX: 1 TXA: 0 RX: 2 AQ: 1]: Sending DATA #1...
Google.Solutions.Compute Verbose: 0 : SshRelayStream [TX: 1 TXA: 0 RX: 2 AQ: 1]: Sending DATA #1...
Google.Solutions.Compute Verbose: 0 : SshRelayStream [TX: 1 TXA: 0 RX: 2 AQ: 1]: Sending DATA #1...
Google.Solutions.Compute Verbose: 0 : SshRelayStream [TX: 1 TXA: 0 RX: 2 AQ: 1]: Sending DATA #1...
Google.Solutions.Compute Verbose: 0 : SshRelayStream [TX: 1 TXA: 0 RX: 2 AQ: 1]: Sending DATA #1...
Google.Solutions.Compute Verbose: 0 : SshRelayStream [TX: 1 TXA: 0 RX: 2 AQ: 1]: Sending DATA #1...
Google.Solutions.Compute Verbose: 0 : SshRelayStream [TX: 1 TXA: 0 RX: 2 AQ: 1]: Sending DATA #1...
Google.Solutions.Compute Verbose: 0 : SshRelayStream [TX: 1 TXA: 0 RX: 2 AQ: 1]: Sending DATA #1...
Google.Solutions.Compute Verbose: 0 : SshRelayStream [TX: 1 TXA: 0 RX: 2 AQ: 1]: Sending DATA #1...
Google.Solutions.Compute Verbose: 0 : SshRelayStream [TX: 1 TXA: 0 RX: 2 AQ: 1]: Sending DATA #1...
Google.Solutions.Compute Verbose: 0 : SshRelayStream [TX: 1 TXA: 0 RX: 2 AQ: 1]: Sending DATA #1...
Google.Solutions.Compute Verbose: 0 : SshRelayStream [TX: 1 TXA: 0 RX: 2 AQ: 1]: Sending DATA #1...
Google.Solutions.Compute Verbose: 0 : SshRelayStream [TX: 1 TXA: 0 RX: 2 AQ: 1]: Sending DATA #1...
Google.Solutions.Compute Verbose: 0 : SshRelayStream [TX: 1 TXA: 0 RX: 2 AQ: 1]: Sending DATA #1...
Google.Solutions.Compute Verbose: 0 : SshRelayStream [TX: 1 TXA: 0 RX: 2 AQ: 1]: Sending DATA #1...
Google.Solutions.Compute Verbose: 0 : SshRelayStream [TX: 1 TXA: 0 RX: 2 AQ: 1]: Sending DATA #1...
Google.Solutions.Compute Verbose: 0 : SshRelayStream [TX: 1 TXA: 0 RX: 2 AQ: 1]: Sending DATA #1...
Google.Solutions.Compute Verbose: 0 : SshRelayStream [TX: 2 TXA: 0 RX: 2 AQ: 2]: Sending DATA #2...
Google.Solutions.Compute Verbose: 0 : SshRelayStream [TX: 2 TXA: 0 RX: 2 AQ: 2]: Sending DATA #2...
Google.Solutions.Compute Verbose: 0 : SshRelayStream [TX: 2 TXA: 0 RX: 2 AQ: 2]: Sending DATA #2...
Google.Solutions.Compute Verbose: 0 : SshRelayStream [TX: 2 TXA: 0 RX: 2 AQ: 2]: Sending DATA #2...
Google.Solutions.Compute Verbose: 0 : SshRelayStream [TX: 2 TXA: 0 RX: 2 AQ: 2]: Sending DATA #2...
Google.Solutions.Compute Verbose: 0 : SshRelayStream [TX: 2 TXA: 0 RX: 2 AQ: 2]: Sending DATA #2...
Google.Solutions.Compute Verbose: 0 : SshRelayStream [TX: 2 TXA: 0 RX: 2 AQ: 2]: Sending DATA #2...
Google.Solutions.Compute Verbose: 0 : SshRelayStream [TX: 2 TXA: 0 RX: 2 AQ: 2]: Sending DATA #2...
Google.Solutions.Compute Verbose: 0 : SshRelayStream [TX: 2 TXA: 0 RX: 2 AQ: 2]: Sending DATA #2...
Google.Solutions.Compute Verbose: 0 : SshRelayStream [TX: 2 TXA: 0 RX: 2 AQ: 2]: Sending DATA #2...
Google.Solutions.Compute Verbose: 0 : SshRelayStream [TX: 2 TXA: 0 RX: 2 AQ: 2]: Sending DATA #2...
Google.Solutions.Compute Verbose: 0 : SshRelayStream [TX: 2 TXA: 0 RX: 2 AQ: 2]: Sending DATA #2...
Google.Solutions.Compute Verbose: 0 : SshRelayStream [TX: 2 TXA: 0 RX: 2 AQ: 2]: Sending DATA #2...
Google.Solutions.Compute Verbose: 0 : SshRelayStream [TX: 2 TXA: 0 RX: 2 AQ: 2]: Sending DATA #2...
Google.Solutions.Compute Verbose: 0 : SshRelayStream [TX: 2 TXA: 0 RX: 2 AQ: 2]: Sending DATA #2...
Google.Solutions.Compute Verbose: 0 : SshRelayStream [TX: 2 TXA: 0 RX: 2 AQ: 2]: Sending DATA #2...
Google.Solutions.Compute Verbose: 0 : SshRelayStream [TX: 2 TXA: 0 RX: 2 AQ: 2]: Sending DATA #2...
Google.Solutions.Compute Verbose: 0 : SshRelayStream [TX: 2 TXA: 0 RX: 2 AQ: 2]: Sending DATA #2...
Google.Solutions.Compute Verbose: 0 : SshRelayStream [TX: 2 TXA: 0 RX: 2 AQ: 2]: Sending DATA #2...
Google.Solutions.Compute Verbose: 0 : SshRelayStream [TX: 2 TXA: 0 RX: 2 AQ: 2]: Sending DATA #2...
Google.Solutions.Compute Verbose: 0 : SshRelayStream [TX: 2 TXA: 0 RX: 2 AQ: 2]: Sending DATA #2...
Google.Solutions.Compute Verbose: 0 : SshRelayStream [TX: 2 TXA: 0 RX: 2 AQ: 2]: Sending DATA #2...
Google.Solutions.Compute Verbose: 0 : SshRelayStream [TX: 2 TXA: 0 RX: 2 AQ: 2]: Sending DATA #2...
Google.Solutions.Compute Verbose: 0 : SshRelayStream [TX: 2 TXA: 0 RX: 2 AQ: 2]: Sending DATA #2...
Google.Solutions.Compute Verbose: 0 : SshRelayStream [TX: 2 TXA: 0 RX: 2 AQ: 2]: Sending DATA #2...
Google.Solutions.Compute Verbose: 0 : SshRelayStream [TX: 2 TXA: 0 RX: 2 AQ: 2]: Sending DATA #2...
Google.Solutions.Compute Verbose: 0 : SshRelayStream [TX: 2 TXA: 0 RX: 2 AQ: 2]: Sending DATA #2...
Google.Solutions.Compute Verbose: 0 : SshRelayStream [TX: 2 TXA: 0 RX: 2 AQ: 2]: Sending DATA #2...
Google.Solutions.Compute Verbose: 0 : SshRelayStream [TX: 2 TXA: 0 RX: 2 AQ: 2]: Sending DATA #2...
Google.Solutions.Compute Verbose: 0 : SshRelayStream [TX: 2 TXA: 0 RX: 2 AQ: 2]: Sending DATA #2...
Google.Solutions.Compute Verbose: 0 : SshRelayStream [TX: 2 TXA: 0 RX: 2 AQ: 2]: Sending DATA #2...
Google.Solutions.Compute Verbose: 0 : SshRelayStream [TX: 2 TXA: 0 RX: 2 AQ: 2]: Sending DATA #2...
Google.Solutions.Compute Verbose: 0 : SshRelayStream [TX: 2 TXA: 0 RX: 2 AQ: 2]: Sending DATA #2...
Google.Solutions.Compute Verbose: 0 : SshRelayStream [TX: 2 TXA: 0 RX: 2 AQ: 2]: Sending DATA #2...
Google.Solutions.Compute Verbose: 0 : SshRelayStream [TX: 2 TXA: 0 RX: 2 AQ: 2]: Sending DATA #2...
Google.Solutions.Compute Verbose: 0 : SshRelayStream [TX: 2 TXA: 0 RX: 2 AQ: 2]: Sending DATA #2...
Google.Solutions.Compute Verbose: 0 : SshRelayStream [TX: 2 TXA: 0 RX: 2 AQ: 2]: Sending DATA #2...
Google.Solutions.Compute Verbose: 0 : SshRelayStream [TX: 2 TXA: 0 RX: 2 AQ: 2]: Sending DATA #2...
Google.Solutions.Compute Verbose: 0 : SshRelayStream [TX: 2 TXA: 0 RX: 2 AQ: 2]: Sending DATA #2...
Google.Solutions.Compute Verbose: 0 : SshRelayStream [TX: 2 TXA: 0 RX: 2 AQ: 2]: Sending DATA #2...
Google.Solutions.Compute Verbose: 0 : SshRelayStream [TX: 2 TXA: 0 RX: 2 AQ: 2]: Sending DATA #2...
Google.Solutions.Compute Verbose: 0 : SshRelayStream [TX: 2 TXA: 0 RX: 2 AQ: 2]: Sending DATA #2...
Google.Solutions.Compute Verbose: 0 : SshRelayStream [TX: 2 TXA: 0 RX: 2 AQ: 2]: Sending DATA #2...
Google.Solutions.Compute Verbose: 0 : SshRelayStream [TX: 2 TXA: 0 RX: 2 AQ: 2]: Sending DATA #2...
Google.Solutions.Compute Verbose: 0 : SshRelayStream [TX: 2 TXA: 0 RX: 2 AQ: 2]: Sending DATA #2...
Google.Solutions.Compute Verbose: 0 : SshRelayStream [TX: 2 TXA: 0 RX: 2 AQ: 2]: Sending DATA #2...
Google.Solutions.Compute Verbose: 0 : SshRelayStream [TX: 2 TXA: 0 RX: 2 AQ: 2]: Sending DATA #2...
Google.Solutions.Compute Verbose: 0 : SshRelayStream [TX: 2 TXA: 0 RX: 2 AQ: 2]: Sending DATA #2...
Google.Solutions.Compute Verbose: 0 : SshRelayStream [TX: 2 TXA: 0 RX: 2 AQ: 2]: Sending DATA #2...
Google.Solutions.Compute Verbose: 0 : SshRelayStream [TX: 2 TXA: 0 RX: 2 AQ: 2]: Sending DATA #2...
Google.Solutions.Compute Verbose: 0 : SshRelayStream [TX: 2 TXA: 0 RX: 2 AQ: 2]: Sending DATA #2...
Google.Solutions.Compute Verbose: 0 : SshRelayStream [TX: 2 TXA: 0 RX: 2 AQ: 2]: Sending DATA #2...
Google.Solutions.Compute Verbose: 0 : SshRelayStream [TX: 2 TXA: 0 RX: 2 AQ: 2]: Sending DATA #2...
Google.Solutions.Compute Verbose: 0 : SshRelayStream [TX: 2 TXA: 0 RX: 2 AQ: 2]: Sending DATA #2...
Google.Solutions.Compute Verbose: 0 : SshRelayStream [TX: 2 TXA: 0 RX: 2 AQ: 2]: Sending DATA #2...
Google.Solutions.Compute Verbose: 0 : SshRelayStream [TX: 2 TXA: 0 RX: 2 AQ: 2]: Sending DATA #2...
Google.Solutions.Compute Verbose: 0 : SshRelayStream [TX: 2 TXA: 0 RX: 2 AQ: 2]: Sending DATA #2...
Google.Solutions.Compute Verbose: 0 : SshRelayStream [TX: 2 TXA: 0 RX: 2 AQ: 2]: Sending DATA #2...
Google.Solutions.Compute Verbose: 0 : SshRelayStream [TX: 2 TXA: 0 RX: 2 AQ: 2]: Sending DATA #2...
Google.Solutions.Compute Verbose: 0 : SshRelayStream [TX: 2 TXA: 0 RX: 2 AQ: 2]: Sending DATA #2...
Google.Solutions.Compute Verbose: 0 : SshRelayStream [TX: 2 TXA: 0 RX: 2 AQ: 2]: Sending DATA #2...
Google.Solutions.Compute Verbose: 0 : SshRelayStream [TX: 2 TXA: 0 RX: 2 AQ: 2]: Sending DATA #2...
Google.Solutions.Compute Verbose: 0 : SshRelayStream [TX: 2 TXA: 0 RX: 2 AQ: 2]: Sending DATA #2...
Google.Solutions.Compute Verbose: 0 : SshRelayStream [TX: 2 TXA: 0 RX: 2 AQ: 2]: Sending DATA #2...
Google.Solutions.Compute Verbose: 0 : SshRelayStream [TX: 2 TXA: 0 RX: 2 AQ: 2]: Sending DATA #2...
Google.Solutions.Compute Verbose: 0 : SshRelayStream [TX: 2 TXA: 0 RX: 2 AQ: 2]: Sending DATA #2...
Google.Solutions.Compute Verbose: 0 : SshRelayStream [TX: 2 TXA: 0 RX: 2 AQ: 2]: Connection closed abnormally: INVALID_WEBSOCKET_OPCODE
Google.Solutions.Compute Verbose: 0 : SshRelayStream [TX: 2 TXA: 0 RX: 2 AQ: 2]: Connection closed abnormally: INVALID_WEBSOCKET_OPCODE
Google.Solutions.Compute Verbose: 0 : SshRelayStream [TX: 2 TXA: 0 RX: 2 AQ: 2]: Connection closed abnormally: INVALID_WEBSOCKET_OPCODE
Google.Solutions.Compute Verbose: 0 : SshRelayStream [TX: 2 TXA: 0 RX: 2 AQ: 2]: Connection closed abnormally: INVALID_WEBSOCKET_OPCODE
Google.Solutions.Compute Verbose: 0 : SshRelayStream [TX: 2 TXA: 0 RX: 2 AQ: 2]: Connection closed abnormally: INVALID_WEBSOCKET_OPCODE
Google.Solutions.Compute Verbose: 0 : SshRelayStream [TX: 2 TXA: 0 RX: 2 AQ: 2]: Connection closed abnormally: INVALID_WEBSOCKET_OPCODE
Google.Solutions.Compute Verbose: 0 : SshRelayStream [TX: 2 TXA: 0 RX: 2 AQ: 2]: Connection closed abnormally: INVALID_WEBSOCKET_OPCODE
Google.Solutions.Compute Verbose: 0 : SshRelayStream [TX: 2 TXA: 0 RX: 2 AQ: 2]: Connection closed abnormally: INVALID_WEBSOCKET_OPCODE
Google.Solutions.Compute Verbose: 0 : SshRelayStream [TX: 2 TXA: 0 RX: 2 AQ: 2]: Connection closed abnormally: INVALID_WEBSOCKET_OPCODE
Google.Solutions.Compute Verbose: 0 : SshRelayStream [TX: 2 TXA: 0 RX: 2 AQ: 2]: Connection closed abnormally: INVALID_WEBSOCKET_OPCODE
Google.Solutions.Compute Verbose: 0 : SshRelayStream [TX: 2 TXA: 0 RX: 2 AQ: 2]: Connection closed abnormally: INVALID_WEBSOCKET_OPCODE
Google.Solutions.Compute Verbose: 0 : SshRelayStream [TX: 2 TXA: 0 RX: 2 AQ: 2]: Connection closed abnormally: INVALID_WEBSOCKET_OPCODE
Google.Solutions.Compute Verbose: 0 : SshRelayStream [TX: 2 TXA: 0 RX: 2 AQ: 2]: Connection closed abnormally: INVALID_WEBSOCKET_OPCODE
Google.Solutions.Compute Verbose: 0 : SshRelayStream [TX: 2 TXA: 0 RX: 2 AQ: 2]: Connection closed abnormally: INVALID_WEBSOCKET_OPCODE
Google.Solutions.Compute Verbose: 0 : SshRelayStream [TX: 2 TXA: 0 RX: 2 AQ: 2]: Connection closed abnormally: INVALID_WEBSOCKET_OPCODE
Google.Solutions.Compute Verbose: 0 : SshRelayStream [TX: 2 TXA: 0 RX: 2 AQ: 2]: Connection closed abnormally: INVALID_WEBSOCKET_OPCODE
Google.Solutions.Compute Verbose: 0 : SshRelayStream [TX: 2 TXA: 0 RX: 2 AQ: 2]: Connection closed abnormally: INVALID_WEBSOCKET_OPCODE
Google.Solutions.Compute Verbose: 0 : SshRelayStream [TX: 2 TXA: 0 RX: 2 AQ: 2]: Connection closed abnormally: INVALID_WEBSOCKET_OPCODE
Google.Solutions.Compute Verbose: 0 : SshRelayStream [TX: 2 TXA: 0 RX: 2 AQ: 2]: Connection closed abnormally: INVALID_WEBSOCKET_OPCODE
Google.Solutions.Compute Verbose: 0 : SshRelayStream [TX: 2 TXA: 0 RX: 2 AQ: 2]: Connection closed abnormally: INVALID_WEBSOCKET_OPCODE
Google.Solutions.Compute Verbose: 0 : SshRelayStream [TX: 2 TXA: 0 RX: 2 AQ: 2]: Connection closed abnormally: INVALID_WEBSOCKET_OPCODE
Google.Solutions.Compute Verbose: 0 : SshRelayStream [TX: 2 TXA: 0 RX: 2 AQ: 2]: Connection closed abnormally: INVALID_WEBSOCKET_OPCODE
Google.Solutions.Compute Verbose: 0 : SshRelayStream [TX: 2 TXA: 0 RX: 2 AQ: 2]: Connection closed abnormally: INVALID_WEBSOCKET_OPCODE
Google.Solutions.Compute Verbose: 0 : SshRelayStream [TX: 2 TXA: 0 RX: 2 AQ: 2]: Connection closed abnormally: INVALID_WEBSOCKET_OPCODE
Google.Solutions.Compute Verbose: 0 : SshRelayStream [TX: 2 TXA: 0 RX: 2 AQ: 2]: Connection closed abnormally: INVALID_WEBSOCKET_OPCODE
Google.Solutions.Compute Verbose: 0 : SshRelayStream [TX: 2 TXA: 0 RX: 2 AQ: 2]: Connection closed abnormally: INVALID_WEBSOCKET_OPCODE
Google.Solutions.Compute Verbose: 0 : SshRelayStream [TX: 2 TXA: 0 RX: 2 AQ: 2]: Connection closed abnormally: INVALID_WEBSOCKET_OPCODE
Google.Solutions.Compute Verbose: 0 : SshRelayStream [TX: 2 TXA: 0 RX: 2 AQ: 2]: Connection closed abnormally: INVALID_WEBSOCKET_OPCODE
Google.Solutions.Compute Verbose: 0 : SshRelayStream [TX: 2 TXA: 0 RX: 2 AQ: 2]: Connection closed abnormally: INVALID_WEBSOCKET_OPCODE
Google.Solutions.Compute Verbose: 0 : SshRelayStream [TX: 2 TXA: 0 RX: 2 AQ: 2]: Connection closed abnormally: INVALID_WEBSOCKET_OPCODE
Google.Solutions.Compute Verbose: 0 : SshRelayStream [TX: 2 TXA: 0 RX: 2 AQ: 2]: Connection closed abnormally: INVALID_WEBSOCKET_OPCODE
Google.Solutions.Compute Verbose: 0 : SshRelayStream [TX: 2 TXA: 0 RX: 2 AQ: 2]: Connection closed abnormally: INVALID_WEBSOCKET_OPCODE
Google.Solutions.Compute Verbose: 0 : SshRelayStream [TX: 2 TXA: 0 RX: 2 AQ: 2]: Connection closed abnormally: INVALID_WEBSOCKET_OPCODE
Google.Solutions.Compute Verbose: 0 : SshRelayStream [TX: 2 TXA: 0 RX: 2 AQ: 2]: Connection closed abnormally: INVALID_WEBSOCKET_OPCODE
Google.Solutions.Compute Verbose: 0 : SshRelayStream [TX: 2 TXA: 0 RX: 2 AQ: 2]: Connection closed abnormally: INVALID_WEBSOCKET_OPCODE
Google.Solutions.Compute Verbose: 0 : SshRelayStream [TX: 2 TXA: 0 RX: 2 AQ: 2]: Connection closed abnormally: INVALID_WEBSOCKET_OPCODE
Google.Solutions.Compute Verbose: 0 : SshRelayStream [TX: 2 TXA: 0 RX: 2 AQ: 2]: Connection closed abnormally: INVALID_WEBSOCKET_OPCODE
Google.Solutions.Compute Verbose: 0 : SshRelayStream [TX: 2 TXA: 0 RX: 2 AQ: 2]: Connection closed abnormally: INVALID_WEBSOCKET_OPCODE
Google.Solutions.Compute Verbose: 0 : SshRelayStream [TX: 2 TXA: 0 RX: 2 AQ: 2]: Connection closed abnormally: INVALID_WEBSOCKET_OPCODE
Google.Solutions.Compute Verbose: 0 : SshRelayStream [TX: 2 TXA: 0 RX: 2 AQ: 2]: Connection closed abnormally: INVALID_WEBSOCKET_OPCODE
Google.Solutions.Compute Verbose: 0 : SshRelayStream [TX: 2 TXA: 0 RX: 2 AQ: 2]: Connection closed abnormally: INVALID_WEBSOCKET_OPCODE
Google.Solutions.Compute Verbose: 0 : SshRelayStream [TX: 2 TXA: 0 RX: 2 AQ: 2]: Connection closed abnormally: INVALID_WEBSOCKET_OPCODE
Google.Solutions.Compute Verbose: 0 : SshRelayStream [TX: 2 TXA: 0 RX: 2 AQ: 2]: Connection closed abnormally: INVALID_WEBSOCKET_OPCODE
Google.Solutions.Compute Verbose: 0 : SshRelayStream [TX: 2 TXA: 0 RX: 2 AQ: 2]: Connection closed abnormally: INVALID_WEBSOCKET_OPCODE
Google.Solutions.Compute Verbose: 0 : SshRelayStream [TX: 2 TXA: 0 RX: 2 AQ: 2]: Connection closed abnormally: INVALID_WEBSOCKET_OPCODE
Google.Solutions.Compute Verbose: 0 : SshRelayStream [TX: 2 TXA: 0 RX: 2 AQ: 2]: Connection closed abnormally: INVALID_WEBSOCKET_OPCODE
Google.Solutions.Compute Verbose: 0 : SshRelayStream [TX: 2 TXA: 0 RX: 2 AQ: 2]: Connection closed abnormally: INVALID_WEBSOCKET_OPCODE
Google.Solutions.Compute Verbose: 0 : SshRelayStream [TX: 2 TXA: 0 RX: 2 AQ: 2]: Connection closed abnormally: INVALID_WEBSOCKET_OPCODE
Google.Solutions.Compute Verbose: 0 : SshRelayStream [TX: 2 TXA: 0 RX: 2 AQ: 2]: Connection closed abnormally: INVALID_WEBSOCKET_OPCODE
Google.Solutions.Compute Verbose: 0 : SshRelayStream [TX: 2 TXA: 0 RX: 2 AQ: 2]: Connection closed abnormally: INVALID_WEBSOCKET_OPCODE
Google.Solutions.Compute Verbose: 0 : SshRelayStream [TX: 2 TXA: 0 RX: 2 AQ: 2]: Connection closed abnormally: INVALID_WEBSOCKET_OPCODE
Google.Solutions.Compute Verbose: 0 : SshRelayStream [TX: 2 TXA: 0 RX: 2 AQ: 2]: Connection closed abnormally: INVALID_WEBSOCKET_OPCODE
Google.Solutions.Compute Verbose: 0 : SshRelayStream [TX: 2 TXA: 0 RX: 2 AQ: 2]: Connection closed abnormally: INVALID_WEBSOCKET_OPCODE
Google.Solutions.Compute Verbose: 0 : SshRelayStream [TX: 2 TXA: 0 RX: 2 AQ: 2]: Connection closed abnormally: INVALID_WEBSOCKET_OPCODE
Google.Solutions.Compute Verbose: 0 : SshRelayStream [TX: 2 TXA: 0 RX: 2 AQ: 2]: Connection closed abnormally: INVALID_WEBSOCKET_OPCODE
Google.Solutions.Compute Verbose: 0 : SshRelayStream [TX: 2 TXA: 0 RX: 2 AQ: 2]: Connection closed abnormally: INVALID_WEBSOCKET_OPCODE
Google.Solutions.Compute Verbose: 0 : SshRelayStream [TX: 2 TXA: 0 RX: 2 AQ: 2]: Connection closed abnormally: INVALID_WEBSOCKET_OPCODE
Google.Solutions.Compute Verbose: 0 : SshRelayStream [TX: 2 TXA: 0 RX: 2 AQ: 2]: Connection closed abnormally: INVALID_WEBSOCKET_OPCODE
Google.Solutions.Compute Verbose: 0 : SshRelayStream [TX: 2 TXA: 0 RX: 2 AQ: 2]: Connection closed abnormally: INVALID_WEBSOCKET_OPCODE
Google.Solutions.Compute Verbose: 0 : SshRelayStream [TX: 2 TXA: 0 RX: 2 AQ: 2]: Connection closed abnormally: INVALID_WEBSOCKET_OPCODE
Google.Solutions.Compute Verbose: 0 : SshRelayStream [TX: 2 TXA: 0 RX: 2 AQ: 2]: Connection closed abnormally: INVALID_WEBSOCKET_OPCODE
Google.Solutions.Compute Verbose: 0 : SshRelayStream [TX: 2 TXA: 0 RX: 2 AQ: 2]: Connection closed abnormally: INVALID_WEBSOCKET_OPCODE
Google.Solutions.Compute Verbose: 0 : SshRelayStream [TX: 2 TXA: 0 RX: 2 AQ: 2]: Connection closed abnormally: INVALID_WEBSOCKET_OPCODE
Google.Solutions.Compute Verbose: 0 : SshRelayStream [TX: 2 TXA: 0 RX: 2 AQ: 2]: Connection closed abnormally: INVALID_WEBSOCKET_OPCODE
Google.Solutions.Compute Verbose: 0 : SshRelayStream [TX: 2 TXA: 0 RX: 2 AQ: 2]: Connection closed abnormally: INVALID_WEBSOCKET_OPCODE
Google.Solutions.Compute Verbose: 0 : SshRelayStream [TX: 2 TXA: 0 RX: 2 AQ: 2]: Connection closed abnormally: INVALID_WEBSOCKET_OPCODE
Google.Solutions.Compute Verbose: 0 : SshRelayStream [TX: 2 TXA: 0 RX: 2 AQ: 2]: Disconnecting, preparing to reconnect
Google.Solutions.Compute Verbose: 0 : SshRelayStream [TX: 2 TXA: 0 RX: 2 AQ: 2]: Disconnecting, preparing to reconnect
Google.Solutions.Compute Verbose: 0 : SshRelayStream [TX: 2 TXA: 0 RX: 2 AQ: 2]: Disconnecting, preparing to reconnect
Google.Solutions.Compute Verbose: 0 : SshRelayStream [TX: 2 TXA: 0 RX: 2 AQ: 2]: Disconnecting, preparing to reconnect
Google.Solutions.Compute Verbose: 0 : SshRelayStream [TX: 2 TXA: 0 RX: 2 AQ: 2]: Disconnecting, preparing to reconnect
Google.Solutions.Compute Verbose: 0 : SshRelayStream [TX: 2 TXA: 0 RX: 2 AQ: 2]: Disconnecting, preparing to reconnect
Google.Solutions.Compute Verbose: 0 : SshRelayStream [TX: 2 TXA: 0 RX: 2 AQ: 2]: Disconnecting, preparing to reconnect
Google.Solutions.Compute Verbose: 0 : SshRelayStream [TX: 2 TXA: 0 RX: 2 AQ: 2]: Disconnecting, preparing to reconnect
Google.Solutions.Compute Verbose: 0 : SshRelayStream [TX: 2 TXA: 0 RX: 2 AQ: 2]: Disconnecting, preparing to reconnect
Google.Solutions.Compute Verbose: 0 : SshRelayStream [TX: 2 TXA: 0 RX: 2 AQ: 2]: Disconnecting, preparing to reconnect
Google.Solutions.Compute Verbose: 0 : SshRelayStream [TX: 2 TXA: 0 RX: 2 AQ: 2]: Disconnecting, preparing to reconnect
Google.Solutions.Compute Verbose: 0 : SshRelayStream [TX: 2 TXA: 0 RX: 2 AQ: 2]: Disconnecting, preparing to reconnect
Google.Solutions.Compute Verbose: 0 : SshRelayStream [TX: 2 TXA: 0 RX: 2 AQ: 2]: Disconnecting, preparing to reconnect
Google.Solutions.Compute Verbose: 0 : SshRelayStream [TX: 2 TXA: 0 RX: 2 AQ: 2]: Disconnecting, preparing to reconnect
Google.Solutions.Compute Verbose: 0 : SshRelayStream [TX: 2 TXA: 0 RX: 2 AQ: 2]: Disconnecting, preparing to reconnect
Google.Solutions.Compute Verbose: 0 : SshRelayStream [TX: 2 TXA: 0 RX: 2 AQ: 2]: Disconnecting, preparing to reconnect
Google.Solutions.Compute Verbose: 0 : SshRelayStream [TX: 2 TXA: 0 RX: 2 AQ: 2]: Disconnecting, preparing to reconnect
Google.Solutions.Compute Verbose: 0 : SshRelayStream [TX: 2 TXA: 0 RX: 2 AQ: 2]: Disconnecting, preparing to reconnect
Google.Solutions.Compute Verbose: 0 : SshRelayStream [TX: 2 TXA: 0 RX: 2 AQ: 2]: Disconnecting, preparing to reconnect
Google.Solutions.Compute Verbose: 0 : SshRelayStream [TX: 2 TXA: 0 RX: 2 AQ: 2]: Disconnecting, preparing to reconnect
Google.Solutions.Compute Verbose: 0 : SshRelayStream [TX: 2 TXA: 0 RX: 2 AQ: 2]: Disconnecting, preparing to reconnect
Google.Solutions.Compute Verbose: 0 : SshRelayStream [TX: 2 TXA: 0 RX: 2 AQ: 2]: Disconnecting, preparing to reconnect
Google.Solutions.Compute Verbose: 0 : SshRelayStream [TX: 2 TXA: 0 RX: 2 AQ: 2]: Disconnecting, preparing to reconnect
Google.Solutions.Compute Verbose: 0 : SshRelayStream [TX: 2 TXA: 0 RX: 2 AQ: 2]: Disconnecting, preparing to reconnect
Google.Solutions.Compute Verbose: 0 : SshRelayStream [TX: 2 TXA: 0 RX: 2 AQ: 2]: Disconnecting, preparing to reconnect
Google.Solutions.Compute Verbose: 0 : SshRelayStream [TX: 2 TXA: 0 RX: 2 AQ: 2]: Disconnecting, preparing to reconnect
Google.Solutions.Compute Verbose: 0 : SshRelayStream [TX: 2 TXA: 0 RX: 2 AQ: 2]: Disconnecting, preparing to reconnect
Google.Solutions.Compute Verbose: 0 : SshRelayStream [TX: 2 TXA: 0 RX: 2 AQ: 2]: Disconnecting, preparing to reconnect
Google.Solutions.Compute Verbose: 0 : SshRelayStream [TX: 2 TXA: 0 RX: 2 AQ: 2]: Disconnecting, preparing to reconnect
Google.Solutions.Compute Verbose: 0 : SshRelayStream [TX: 2 TXA: 0 RX: 2 AQ: 2]: Disconnecting, preparing to reconnect
Google.Solutions.Compute Verbose: 0 : SshRelayStream [TX: 2 TXA: 0 RX: 2 AQ: 2]: Disconnecting, preparing to reconnect
Google.Solutions.Compute Verbose: 0 : SshRelayStream [TX: 2 TXA: 0 RX: 2 AQ: 2]: Disconnecting, preparing to reconnect
Google.Solutions.Compute Verbose: 0 : SshRelayStream [TX: 2 TXA: 0 RX: 2 AQ: 2]: Disconnecting, preparing to reconnect
Google.Solutions.Compute Verbose: 0 : SshRelayStream [TX: 2 TXA: 0 RX: 2 AQ: 2]: Disconnecting, preparing to reconnect
Google.Solutions.Compute Verbose: 0 : SshRelayStream [TX: 2 TXA: 0 RX: 2 AQ: 2]: Disconnecting, preparing to reconnect
Google.Solutions.Compute Verbose: 0 : SshRelayStream [TX: 2 TXA: 0 RX: 2 AQ: 2]: Disconnecting, preparing to reconnect
Google.Solutions.Compute Verbose: 0 : SshRelayStream [TX: 2 TXA: 0 RX: 2 AQ: 2]: Disconnecting, preparing to reconnect
Google.Solutions.Compute Verbose: 0 : SshRelayStream [TX: 2 TXA: 0 RX: 2 AQ: 2]: Disconnecting, preparing to reconnect
Google.Solutions.Compute Verbose: 0 : SshRelayStream [TX: 2 TXA: 0 RX: 2 AQ: 2]: Disconnecting, preparing to reconnect
Google.Solutions.Compute Verbose: 0 : SshRelayStream [TX: 2 TXA: 0 RX: 2 AQ: 2]: Disconnecting, preparing to reconnect
Google.Solutions.Compute Verbose: 0 : SshRelayStream [TX: 2 TXA: 0 RX: 2 AQ: 2]: Disconnecting, preparing to reconnect
Google.Solutions.Compute Verbose: 0 : SshRelayStream [TX: 2 TXA: 0 RX: 2 AQ: 2]: Disconnecting, preparing to reconnect
Google.Solutions.Compute Verbose: 0 : SshRelayStream [TX: 2 TXA: 0 RX: 2 AQ: 2]: Disconnecting, preparing to reconnect
Google.Solutions.Compute Verbose: 0 : SshRelayStream [TX: 2 TXA: 0 RX: 2 AQ: 2]: Disconnecting, preparing to reconnect
Google.Solutions.Compute Verbose: 0 : SshRelayStream [TX: 2 TXA: 0 RX: 2 AQ: 2]: Disconnecting, preparing to reconnect
Google.Solutions.Compute Verbose: 0 : SshRelayStream [TX: 2 TXA: 0 RX: 2 AQ: 2]: Disconnecting, preparing to reconnect
Google.Solutions.Compute Verbose: 0 : SshRelayStream [TX: 2 TXA: 0 RX: 2 AQ: 2]: Disconnecting, preparing to reconnect
Google.Solutions.Compute Verbose: 0 : SshRelayStream [TX: 2 TXA: 0 RX: 2 AQ: 2]: Disconnecting, preparing to reconnect
Google.Solutions.Compute Verbose: 0 : SshRelayStream [TX: 2 TXA: 0 RX: 2 AQ: 2]: Disconnecting, preparing to reconnect
Google.Solutions.Compute Verbose: 0 : SshRelayStream [TX: 2 TXA: 0 RX: 2 AQ: 2]: Disconnecting, preparing to reconnect
Google.Solutions.Compute Verbose: 0 : SshRelayStream [TX: 2 TXA: 0 RX: 2 AQ: 2]: Disconnecting, preparing to reconnect
Google.Solutions.Compute Verbose: 0 : SshRelayStream [TX: 2 TXA: 0 RX: 2 AQ: 2]: Disconnecting, preparing to reconnect
Google.Solutions.Compute Verbose: 0 : SshRelayStream [TX: 2 TXA: 0 RX: 2 AQ: 2]: Disconnecting, preparing to reconnect
Google.Solutions.Compute Verbose: 0 : SshRelayStream [TX: 2 TXA: 0 RX: 2 AQ: 2]: Disconnecting, preparing to reconnect
Google.Solutions.Compute Verbose: 0 : SshRelayStream [TX: 2 TXA: 0 RX: 2 AQ: 2]: Disconnecting, preparing to reconnect
Google.Solutions.Compute Verbose: 0 : SshRelayStream [TX: 2 TXA: 0 RX: 2 AQ: 2]: Disconnecting, preparing to reconnect
Google.Solutions.Compute Verbose: 0 : SshRelayStream [TX: 2 TXA: 0 RX: 2 AQ: 2]: Disconnecting, preparing to reconnect
Google.Solutions.Compute Verbose: 0 : SshRelayStream [TX: 2 TXA: 0 RX: 2 AQ: 2]: Disconnecting, preparing to reconnect
Google.Solutions.Compute Verbose: 0 : SshRelayStream [TX: 2 TXA: 0 RX: 2 AQ: 2]: Disconnecting, preparing to reconnect
Google.Solutions.Compute Verbose: 0 : SshRelayStream [TX: 2 TXA: 0 RX: 2 AQ: 2]: Disconnecting, preparing to reconnect
Google.Solutions.Compute Verbose: 0 : SshRelayStream [TX: 2 TXA: 0 RX: 2 AQ: 2]: Disconnecting, preparing to reconnect
Google.Solutions.Compute Verbose: 0 : SshRelayStream [TX: 2 TXA: 0 RX: 2 AQ: 2]: Disconnecting, preparing to reconnect
Google.Solutions.Compute Verbose: 0 : SshRelayStream [TX: 2 TXA: 0 RX: 2 AQ: 2]: Disconnecting, preparing to reconnect
Google.Solutions.Compute Verbose: 0 : SshRelayStream [TX: 2 TXA: 0 RX: 2 AQ: 2]: Disconnecting, preparing to reconnect
Google.Solutions.Compute Verbose: 0 : SshRelayStream [TX: 2 TXA: 0 RX: 2 AQ: 2]: Disconnecting, preparing to reconnect
Google.Solutions.Compute Verbose: 0 : SshRelayStream [TX: 2 TXA: 0 RX: 2 AQ: 2]: Disconnecting, preparing to reconnect
Google.Solutions.Compute Verbose: 0 : SshRelayStream [TX: 2 TXA: 0 RX: 2 AQ: 2]: Disonnected.
Google.Solutions.Compute Verbose: 0 : SshRelayStream [TX: 2 TXA: 0 RX: 2 AQ: 2]: Disonnected.
Google.Solutions.Compute Verbose: 0 : SshRelayStream [TX: 2 TXA: 0 RX: 2 AQ: 2]: Disonnected.
Google.Solutions.Compute Verbose: 0 : SshRelayStream [TX: 2 TXA: 0 RX: 2 AQ: 2]: Disonnected.
Google.Solutions.Compute Verbose: 0 : SshRelayStream [TX: 2 TXA: 0 RX: 2 AQ: 2]: Disonnected.
Google.Solutions.Compute Verbose: 0 : SshRelayStream [TX: 2 TXA: 0 RX: 2 AQ: 2]: Disonnected.
Google.Solutions.Compute Verbose: 0 : SshRelayStream [TX: 2 TXA: 0 RX: 2 AQ: 2]: Disonnected.
Google.Solutions.Compute Verbose: 0 : SshRelayStream [TX: 2 TXA: 0 RX: 2 AQ: 2]: Disonnected.
Google.Solutions.Compute Verbose: 0 : SshRelayStream [TX: 2 TXA: 0 RX: 2 AQ: 2]: Disonnected.
Google.Solutions.Compute Verbose: 0 : SshRelayStream [TX: 2 TXA: 0 RX: 2 AQ: 2]: Disonnected.
Google.Solutions.Compute Verbose: 0 : SshRelayStream [TX: 2 TXA: 0 RX: 2 AQ: 2]: Disonnected.
Google.Solutions.Compute Verbose: 0 : SshRelayStream [TX: 2 TXA: 0 RX: 2 AQ: 2]: Disonnected.
Google.Solutions.Compute Verbose: 0 : SshRelayStream [TX: 2 TXA: 0 RX: 2 AQ: 2]: Disonnected.
Google.Solutions.Compute Verbose: 0 : SshRelayStream [TX: 2 TXA: 0 RX: 2 AQ: 2]: Disonnected.
Google.Solutions.Compute Verbose: 0 : SshRelayStream [TX: 2 TXA: 0 RX: 2 AQ: 2]: Disonnected.
Google.Solutions.Compute Verbose: 0 : SshRelayStream [TX: 2 TXA: 0 RX: 2 AQ: 2]: Disonnected.
Google.Solutions.Compute Verbose: 0 : SshRelayStream [TX: 2 TXA: 0 RX: 2 AQ: 2]: Disonnected.
Google.Solutions.Compute Verbose: 0 : SshRelayStream [TX: 2 TXA: 0 RX: 2 AQ: 2]: Disonnected.
Google.Solutions.Compute Verbose: 0 : SshRelayStream [TX: 2 TXA: 0 RX: 2 AQ: 2]: Disonnected.
Google.Solutions.Compute Verbose: 0 : SshRelayStream [TX: 2 TXA: 0 RX: 2 AQ: 2]: Disonnected.
Google.Solutions.Compute Verbose: 0 : SshRelayStream [TX: 2 TXA: 0 RX: 2 AQ: 2]: Disonnected.
Google.Solutions.Compute Verbose: 0 : SshRelayStream [TX: 2 TXA: 0 RX: 2 AQ: 2]: Disonnected.
Google.Solutions.Compute Verbose: 0 : SshRelayStream [TX: 2 TXA: 0 RX: 2 AQ: 2]: Disonnected.
Google.Solutions.Compute Verbose: 0 : SshRelayStream [TX: 2 TXA: 0 RX: 2 AQ: 2]: Disonnected.
Google.Solutions.Compute Verbose: 0 : SshRelayStream [TX: 2 TXA: 0 RX: 2 AQ: 2]: Disonnected.
Google.Solutions.Compute Verbose: 0 : SshRelayStream [TX: 2 TXA: 0 RX: 2 AQ: 2]: Disonnected.
Google.Solutions.Compute Verbose: 0 : SshRelayStream [TX: 2 TXA: 0 RX: 2 AQ: 2]: Disonnected.
Google.Solutions.Compute Verbose: 0 : SshRelayStream [TX: 2 TXA: 0 RX: 2 AQ: 2]: Disonnected.
Google.Solutions.Compute Verbose: 0 : SshRelayStream [TX: 2 TXA: 0 RX: 2 AQ: 2]: Disonnected.
Google.Solutions.Compute Verbose: 0 : SshRelayStream [TX: 2 TXA: 0 RX: 2 AQ: 2]: Disonnected.
Google.Solutions.Compute Verbose: 0 : SshRelayStream [TX: 2 TXA: 0 RX: 2 AQ: 2]: Disonnected.
Google.Solutions.Compute Verbose: 0 : SshRelayStream [TX: 2 TXA: 0 RX: 2 AQ: 2]: Disonnected.
Google.Solutions.Compute Verbose: 0 : SshRelayStream [TX: 2 TXA: 0 RX: 2 AQ: 2]: Disonnected.
Google.Solutions.Compute Verbose: 0 : SshRelayStream [TX: 2 TXA: 0 RX: 2 AQ: 2]: Disonnected.
Google.Solutions.Compute Verbose: 0 : SshRelayStream [TX: 2 TXA: 0 RX: 2 AQ: 2]: Disonnected.
Google.Solutions.Compute Verbose: 0 : SshRelayStream [TX: 2 TXA: 0 RX: 2 AQ: 2]: Disonnected.
Google.Solutions.Compute Verbose: 0 : SshRelayStream [TX: 2 TXA: 0 RX: 2 AQ: 2]: Disonnected.
Google.Solutions.Compute Verbose: 0 : SshRelayStream [TX: 2 TXA: 0 RX: 2 AQ: 2]: Disonnected.
Google.Solutions.Compute Verbose: 0 : SshRelayStream [TX: 2 TXA: 0 RX: 2 AQ: 2]: Disonnected.
Google.Solutions.Compute Verbose: 0 : SshRelayStream [TX: 2 TXA: 0 RX: 2 AQ: 2]: Disonnected.
Google.Solutions.Compute Verbose: 0 : SshRelayStream [TX: 2 TXA: 0 RX: 2 AQ: 2]: Disonnected.
Google.Solutions.Compute Verbose: 0 : SshRelayStream [TX: 2 TXA: 0 RX: 2 AQ: 2]: Disonnected.
Google.Solutions.Compute Verbose: 0 : SshRelayStream [TX: 2 TXA: 0 RX: 2 AQ: 2]: Disonnected.
Google.Solutions.Compute Verbose: 0 : SshRelayStream [TX: 2 TXA: 0 RX: 2 AQ: 2]: Disonnected.
Google.Solutions.Compute Verbose: 0 : SshRelayStream [TX: 2 TXA: 0 RX: 2 AQ: 2]: Disonnected.
Google.Solutions.Compute Verbose: 0 : SshRelayStream [TX: 2 TXA: 0 RX: 2 AQ: 2]: Disonnected.
Google.Solutions.Compute Verbose: 0 : SshRelayStream [TX: 2 TXA: 0 RX: 2 AQ: 2]: Disonnected.
Google.Solutions.Compute Verbose: 0 : SshRelayStream [TX: 2 TXA: 0 RX: 2 AQ: 2]: Disonnected.
Google.Solutions.Compute Verbose: 0 : SshRelayStream [TX: 2 TXA: 0 RX: 2 AQ: 2]: Disonnected.
Google.Solutions.Compute Verbose: 0 : SshRelayStream [TX: 2 TXA: 0 RX: 2 AQ: 2]: Disonnected.
Google.Solutions.Compute Verbose: 0 : SshRelayStream [TX: 2 TXA: 0 RX: 2 AQ: 2]: Disonnected.
Google.Solutions.Compute Verbose: 0 : SshRelayStream [TX: 2 TXA: 0 RX: 2 AQ: 2]: Disonnected.
Google.Solutions.Compute Verbose: 0 : SshRelayStream [TX: 2 TXA: 0 RX: 2 AQ: 2]: Disonnected.
Google.Solutions.Compute Verbose: 0 : SshRelayStream [TX: 2 TXA: 0 RX: 2 AQ: 2]: Disonnected.
Google.Solutions.Compute Verbose: 0 : SshRelayStream [TX: 2 TXA: 0 RX: 2 AQ: 2]: Disonnected.
Google.Solutions.Compute Verbose: 0 : SshRelayStream [TX: 2 TXA: 0 RX: 2 AQ: 2]: Disonnected.
Google.Solutions.Compute Verbose: 0 : SshRelayStream [TX: 2 TXA: 0 RX: 2 AQ: 2]: Disonnected.
Google.Solutions.Compute Verbose: 0 : SshRelayStream [TX: 2 TXA: 0 RX: 2 AQ: 2]: Disonnected.
Google.Solutions.Compute Verbose: 0 : SshRelayStream [TX: 2 TXA: 0 RX: 2 AQ: 2]: Disonnected.
Google.Solutions.Compute Verbose: 0 : SshRelayStream [TX: 2 TXA: 0 RX: 2 AQ: 2]: Disonnected.
Google.Solutions.Compute Verbose: 0 : SshRelayStream [TX: 2 TXA: 0 RX: 2 AQ: 2]: Disonnected.
Google.Solutions.Compute Verbose: 0 : SshRelayStream [TX: 2 TXA: 0 RX: 2 AQ: 2]: Disonnected.
Google.Solutions.Compute Verbose: 0 : SshRelayStream [TX: 2 TXA: 0 RX: 2 AQ: 2]: Disonnected.
Google.Solutions.Compute Verbose: 0 : SshRelayStream [TX: 2 TXA: 0 RX: 2 AQ: 2]: Disonnected.
Google.Solutions.Compute Verbose: 0 : SshRelayStream [TX: 2 TXA: 0 RX: 2 AQ: 2]: Disonnected.
Google.Solutions.Compute Verbose: 0 : SshRelayStream [TX: 2 TXA: 0 RX: 2 AQ: 2]: Disonnected.
Google.Solutions.Compute Verbose: 0 : SshRelayStream [TX: 2 TXA: 0 RX: 2 AQ: 2]: Reconnecting...
Google.Solutions.Compute Verbose: 0 : SshRelayStream [TX: 2 TXA: 0 RX: 2 AQ: 2]: Reconnecting...
Google.Solutions.Compute Verbose: 0 : SshRelayStream [TX: 2 TXA: 0 RX: 2 AQ: 2]: Reconnecting...
Google.Solutions.Compute Verbose: 0 : SshRelayStream [TX: 2 TXA: 0 RX: 2 AQ: 2]: Reconnecting...
Google.Solutions.Compute Verbose: 0 : SshRelayStream [TX: 2 TXA: 0 RX: 2 AQ: 2]: Reconnecting...
Google.Solutions.Compute Verbose: 0 : SshRelayStream [TX: 2 TXA: 0 RX: 2 AQ: 2]: Reconnecting...
Google.Solutions.Compute Verbose: 0 : SshRelayStream [TX: 2 TXA: 0 RX: 2 AQ: 2]: Reconnecting...
Google.Solutions.Compute Verbose: 0 : SshRelayStream [TX: 2 TXA: 0 RX: 2 AQ: 2]: Reconnecting...
Google.Solutions.Compute Verbose: 0 : SshRelayStream [TX: 2 TXA: 0 RX: 2 AQ: 2]: Reconnecting...
Google.Solutions.Compute Verbose: 0 : SshRelayStream [TX: 2 TXA: 0 RX: 2 AQ: 2]: Reconnecting...
Google.Solutions.Compute Verbose: 0 : SshRelayStream [TX: 2 TXA: 0 RX: 2 AQ: 2]: Reconnecting...
Google.Solutions.Compute Verbose: 0 : SshRelayStream [TX: 2 TXA: 0 RX: 2 AQ: 2]: Reconnecting...
Google.Solutions.Compute Verbose: 0 : SshRelayStream [TX: 2 TXA: 0 RX: 2 AQ: 2]: Reconnecting...
Google.Solutions.Compute Verbose: 0 : SshRelayStream [TX: 2 TXA: 0 RX: 2 AQ: 2]: Reconnecting...
Google.Solutions.Compute Verbose: 0 : SshRelayStream [TX: 2 TXA: 0 RX: 2 AQ: 2]: Reconnecting...
Google.Solutions.Compute Verbose: 0 : SshRelayStream [TX: 2 TXA: 0 RX: 2 AQ: 2]: Reconnecting...
Google.Solutions.Compute Verbose: 0 : SshRelayStream [TX: 2 TXA: 0 RX: 2 AQ: 2]: Reconnecting...
Google.Solutions.Compute Verbose: 0 : SshRelayStream [TX: 2 TXA: 0 RX: 2 AQ: 2]: Reconnecting...
Google.Solutions.Compute Verbose: 0 : SshRelayStream [TX: 2 TXA: 0 RX: 2 AQ: 2]: Reconnecting...
Google.Solutions.Compute Verbose: 0 : SshRelayStream [TX: 2 TXA: 0 RX: 2 AQ: 2]: Reconnecting...
Google.Solutions.Compute Verbose: 0 : SshRelayStream [TX: 2 TXA: 0 RX: 2 AQ: 2]: Reconnecting...
Google.Solutions.Compute Verbose: 0 : SshRelayStream [TX: 2 TXA: 0 RX: 2 AQ: 2]: Reconnecting...
Google.Solutions.Compute Verbose: 0 : SshRelayStream [TX: 2 TXA: 0 RX: 2 AQ: 2]: Reconnecting...
Google.Solutions.Compute Verbose: 0 : SshRelayStream [TX: 2 TXA: 0 RX: 2 AQ: 2]: Reconnecting...
Google.Solutions.Compute Verbose: 0 : SshRelayStream [TX: 2 TXA: 0 RX: 2 AQ: 2]: Reconnecting...
Google.Solutions.Compute Verbose: 0 : SshRelayStream [TX: 2 TXA: 0 RX: 2 AQ: 2]: Reconnecting...
Google.Solutions.Compute Verbose: 0 : SshRelayStream [TX: 2 TXA: 0 RX: 2 AQ: 2]: Reconnecting...
Google.Solutions.Compute Verbose: 0 : SshRelayStream [TX: 2 TXA: 0 RX: 2 AQ: 2]: Reconnecting...
Google.Solutions.Compute Verbose: 0 : SshRelayStream [TX: 2 TXA: 0 RX: 2 AQ: 2]: Reconnecting...
Google.Solutions.Compute Verbose: 0 : SshRelayStream [TX: 2 TXA: 0 RX: 2 AQ: 2]: Reconnecting...
Google.Solutions.Compute Verbose: 0 : SshRelayStream [TX: 2 TXA: 0 RX: 2 AQ: 2]: Reconnecting...
Google.Solutions.Compute Verbose: 0 : SshRelayStream [TX: 2 TXA: 0 RX: 2 AQ: 2]: Reconnecting...
Google.Solutions.Compute Verbose: 0 : SshRelayStream [TX: 2 TXA: 0 RX: 2 AQ: 2]: Reconnecting...
Google.Solutions.Compute Verbose: 0 : SshRelayStream [TX: 2 TXA: 0 RX: 2 AQ: 2]: Reconnecting...
Google.Solutions.Compute Verbose: 0 : SshRelayStream [TX: 2 TXA: 0 RX: 2 AQ: 2]: Reconnecting...
Google.Solutions.Compute Verbose: 0 : SshRelayStream [TX: 2 TXA: 0 RX: 2 AQ: 2]: Reconnecting...
Google.Solutions.Compute Verbose: 0 : SshRelayStream [TX: 2 TXA: 0 RX: 2 AQ: 2]: Reconnecting...
Google.Solutions.Compute Verbose: 0 : SshRelayStream [TX: 2 TXA: 0 RX: 2 AQ: 2]: Reconnecting...
Google.Solutions.Compute Verbose: 0 : SshRelayStream [TX: 2 TXA: 0 RX: 2 AQ: 2]: Reconnecting...
Google.Solutions.Compute Verbose: 0 : SshRelayStream [TX: 2 TXA: 0 RX: 2 AQ: 2]: Reconnecting...
Google.Solutions.Compute Verbose: 0 : SshRelayStream [TX: 2 TXA: 0 RX: 2 AQ: 2]: Reconnecting...
Google.Solutions.Compute Verbose: 0 : SshRelayStream [TX: 2 TXA: 0 RX: 2 AQ: 2]: Reconnecting...
Google.Solutions.Compute Verbose: 0 : SshRelayStream [TX: 2 TXA: 0 RX: 2 AQ: 2]: Reconnecting...
Google.Solutions.Compute Verbose: 0 : SshRelayStream [TX: 2 TXA: 0 RX: 2 AQ: 2]: Reconnecting...
Google.Solutions.Compute Verbose: 0 : SshRelayStream [TX: 2 TXA: 0 RX: 2 AQ: 2]: Reconnecting...
Google.Solutions.Compute Verbose: 0 : SshRelayStream [TX: 2 TXA: 0 RX: 2 AQ: 2]: Reconnecting...
Google.Solutions.Compute Verbose: 0 : SshRelayStream [TX: 2 TXA: 0 RX: 2 AQ: 2]: Reconnecting...
Google.Solutions.Compute Verbose: 0 : SshRelayStream [TX: 2 TXA: 0 RX: 2 AQ: 2]: Reconnecting...
Google.Solutions.Compute Verbose: 0 : SshRelayStream [TX: 2 TXA: 0 RX: 2 AQ: 2]: Reconnecting...
Google.Solutions.Compute Verbose: 0 : SshRelayStream [TX: 2 TXA: 0 RX: 2 AQ: 2]: Reconnecting...
Google.Solutions.Compute Verbose: 0 : SshRelayStream [TX: 2 TXA: 0 RX: 2 AQ: 2]: Reconnecting...
Google.Solutions.Compute Verbose: 0 : SshRelayStream [TX: 2 TXA: 0 RX: 2 AQ: 2]: Reconnecting...
Google.Solutions.Compute Verbose: 0 : SshRelayStream [TX: 2 TXA: 0 RX: 2 AQ: 2]: Reconnecting...
Google.Solutions.Compute Verbose: 0 : SshRelayStream [TX: 2 TXA: 0 RX: 2 AQ: 2]: Reconnecting...
Google.Solutions.Compute Verbose: 0 : SshRelayStream [TX: 2 TXA: 0 RX: 2 AQ: 2]: Reconnecting...
Google.Solutions.Compute Verbose: 0 : SshRelayStream [TX: 2 TXA: 0 RX: 2 AQ: 2]: Reconnecting...
Google.Solutions.Compute Verbose: 0 : SshRelayStream [TX: 2 TXA: 0 RX: 2 AQ: 2]: Reconnecting...
Google.Solutions.Compute Verbose: 0 : SshRelayStream [TX: 2 TXA: 0 RX: 2 AQ: 2]: Reconnecting...
Google.Solutions.Compute Verbose: 0 : SshRelayStream [TX: 2 TXA: 0 RX: 2 AQ: 2]: Reconnecting...
Google.Solutions.Compute Verbose: 0 : SshRelayStream [TX: 2 TXA: 0 RX: 2 AQ: 2]: Reconnecting...
Google.Solutions.Compute Verbose: 0 : SshRelayStream [TX: 2 TXA: 0 RX: 2 AQ: 2]: Reconnecting...
Google.Solutions.Compute Verbose: 0 : SshRelayStream [TX: 2 TXA: 0 RX: 2 AQ: 2]: Reconnecting...
Google.Solutions.Compute Verbose: 0 : SshRelayStream [TX: 2 TXA: 0 RX: 2 AQ: 2]: Reconnecting...
Google.Solutions.Compute Verbose: 0 : SshRelayStream [TX: 2 TXA: 0 RX: 2 AQ: 2]: Reconnecting...
Google.Solutions.Compute Verbose: 0 : SshRelayStream [TX: 2 TXA: 0 RX: 2 AQ: 2]: Reconnecting...
Google.Solutions.Compute Verbose: 0 : SshRelayStream [TX: 2 TXA: 0 RX: 2 AQ: 2]: Reconnecting...
Google.Solutions.Compute Verbose: 0 : SshRelayStream [TX: 2 TXA: 0 RX: 2 AQ: 1]: Resending DATA #0...
Google.Solutions.Compute Verbose: 0 : SshRelayStream [TX: 2 TXA: 0 RX: 2 AQ: 1]: Resending DATA #0...
Google.Solutions.Compute Verbose: 0 : SshRelayStream [TX: 2 TXA: 0 RX: 2 AQ: 1]: Resending DATA #0...
Google.Solutions.Compute Verbose: 0 : SshRelayStream [TX: 2 TXA: 0 RX: 2 AQ: 1]: Resending DATA #0...
Google.Solutions.Compute Verbose: 0 : SshRelayStream [TX: 2 TXA: 0 RX: 2 AQ: 1]: Resending DATA #0...
Google.Solutions.Compute Verbose: 0 : SshRelayStream [TX: 2 TXA: 0 RX: 2 AQ: 1]: Resending DATA #0...
Google.Solutions.Compute Verbose: 0 : SshRelayStream [TX: 2 TXA: 0 RX: 2 AQ: 1]: Resending DATA #0...
Google.Solutions.Compute Verbose: 0 : SshRelayStream [TX: 2 TXA: 0 RX: 2 AQ: 1]: Resending DATA #0...
Google.Solutions.Compute Verbose: 0 : SshRelayStream [TX: 2 TXA: 0 RX: 2 AQ: 1]: Resending DATA #0...
Google.Solutions.Compute Verbose: 0 : SshRelayStream [TX: 2 TXA: 0 RX: 2 AQ: 1]: Resending DATA #0...
Google.Solutions.Compute Verbose: 0 : SshRelayStream [TX: 2 TXA: 0 RX: 2 AQ: 1]: Resending DATA #0...
Google.Solutions.Compute Verbose: 0 : SshRelayStream [TX: 2 TXA: 0 RX: 2 AQ: 1]: Resending DATA #0...
Google.Solutions.Compute Verbose: 0 : SshRelayStream [TX: 2 TXA: 0 RX: 2 AQ: 1]: Resending DATA #0...
Google.Solutions.Compute Verbose: 0 : SshRelayStream [TX: 2 TXA: 0 RX: 2 AQ: 1]: Resending DATA #0...
Google.Solutions.Compute Verbose: 0 : SshRelayStream [TX: 2 TXA: 0 RX: 2 AQ: 1]: Resending DATA #0...
Google.Solutions.Compute Verbose: 0 : SshRelayStream [TX: 2 TXA: 0 RX: 2 AQ: 1]: Resending DATA #0...
Google.Solutions.Compute Verbose: 0 : SshRelayStream [TX: 2 TXA: 0 RX: 2 AQ: 1]: Resending DATA #0...
Google.Solutions.Compute Verbose: 0 : SshRelayStream [TX: 2 TXA: 0 RX: 2 AQ: 1]: Resending DATA #0...
Google.Solutions.Compute Verbose: 0 : SshRelayStream [TX: 2 TXA: 0 RX: 2 AQ: 1]: Resending DATA #0...
Google.Solutions.Compute Verbose: 0 : SshRelayStream [TX: 2 TXA: 0 RX: 2 AQ: 1]: Resending DATA #0...
Google.Solutions.Compute Verbose: 0 : SshRelayStream [TX: 2 TXA: 0 RX: 2 AQ: 1]: Resending DATA #0...
Google.Solutions.Compute Verbose: 0 : SshRelayStream [TX: 2 TXA: 0 RX: 2 AQ: 1]: Resending DATA #0...
Google.Solutions.Compute Verbose: 0 : SshRelayStream [TX: 2 TXA: 0 RX: 2 AQ: 1]: Resending DATA #0...
Google.Solutions.Compute Verbose: 0 : SshRelayStream [TX: 2 TXA: 0 RX: 2 AQ: 1]: Resending DATA #0...
Google.Solutions.Compute Verbose: 0 : SshRelayStream [TX: 2 TXA: 0 RX: 2 AQ: 1]: Resending DATA #0...
Google.Solutions.Compute Verbose: 0 : SshRelayStream [TX: 2 TXA: 0 RX: 2 AQ: 1]: Resending DATA #0...
Google.Solutions.Compute Verbose: 0 : SshRelayStream [TX: 2 TXA: 0 RX: 2 AQ: 1]: Resending DATA #0...
Google.Solutions.Compute Verbose: 0 : SshRelayStream [TX: 2 TXA: 0 RX: 2 AQ: 1]: Resending DATA #0...
Google.Solutions.Compute Verbose: 0 : SshRelayStream [TX: 2 TXA: 0 RX: 2 AQ: 1]: Resending DATA #0...
Google.Solutions.Compute Verbose: 0 : SshRelayStream [TX: 2 TXA: 0 RX: 2 AQ: 1]: Resending DATA #0...
Google.Solutions.Compute Verbose: 0 : SshRelayStream [TX: 2 TXA: 0 RX: 2 AQ: 1]: Resending DATA #0...
Google.Solutions.Compute Verbose: 0 : SshRelayStream [TX: 2 TXA: 0 RX: 2 AQ: 1]: Resending DATA #0...
Google.Solutions.Compute Verbose: 0 : SshRelayStream [TX: 2 TXA: 0 RX: 2 AQ: 1]: Resending DATA #0...
Google.Solutions.Compute Verbose: 0 : SshRelayStream [TX: 2 TXA: 0 RX: 2 AQ: 1]: Resending DATA #0...
Google.Solutions.Compute Verbose: 0 : SshRelayStream [TX: 2 TXA: 0 RX: 2 AQ: 1]: Resending DATA #0...
Google.Solutions.Compute Verbose: 0 : SshRelayStream [TX: 2 TXA: 0 RX: 2 AQ: 1]: Resending DATA #0...
Google.Solutions.Compute Verbose: 0 : SshRelayStream [TX: 2 TXA: 0 RX: 2 AQ: 1]: Resending DATA #0...
Google.Solutions.Compute Verbose: 0 : SshRelayStream [TX: 2 TXA: 0 RX: 2 AQ: 1]: Resending DATA #0...
Google.Solutions.Compute Verbose: 0 : SshRelayStream [TX: 2 TXA: 0 RX: 2 AQ: 1]: Resending DATA #0...
Google.Solutions.Compute Verbose: 0 : SshRelayStream [TX: 2 TXA: 0 RX: 2 AQ: 1]: Resending DATA #0...
Google.Solutions.Compute Verbose: 0 : SshRelayStream [TX: 2 TXA: 0 RX: 2 AQ: 1]: Resending DATA #0...
Google.Solutions.Compute Verbose: 0 : SshRelayStream [TX: 2 TXA: 0 RX: 2 AQ: 1]: Resending DATA #0...
Google.Solutions.Compute Verbose: 0 : SshRelayStream [TX: 2 TXA: 0 RX: 2 AQ: 1]: Resending DATA #0...
Google.Solutions.Compute Verbose: 0 : SshRelayStream [TX: 2 TXA: 0 RX: 2 AQ: 1]: Resending DATA #0...
Google.Solutions.Compute Verbose: 0 : SshRelayStream [TX: 2 TXA: 0 RX: 2 AQ: 1]: Resending DATA #0...
Google.Solutions.Compute Verbose: 0 : SshRelayStream [TX: 2 TXA: 0 RX: 2 AQ: 1]: Resending DATA #0...
Google.Solutions.Compute Verbose: 0 : SshRelayStream [TX: 2 TXA: 0 RX: 2 AQ: 1]: Resending DATA #0...
Google.Solutions.Compute Verbose: 0 : SshRelayStream [TX: 2 TXA: 0 RX: 2 AQ: 1]: Resending DATA #0...
Google.Solutions.Compute Verbose: 0 : SshRelayStream [TX: 2 TXA: 0 RX: 2 AQ: 1]: Resending DATA #0...
Google.Solutions.Compute Verbose: 0 : SshRelayStream [TX: 2 TXA: 0 RX: 2 AQ: 1]: Resending DATA #0...
Google.Solutions.Compute Verbose: 0 : SshRelayStream [TX: 2 TXA: 0 RX: 2 AQ: 1]: Resending DATA #0...
Google.Solutions.Compute Verbose: 0 : SshRelayStream [TX: 2 TXA: 0 RX: 2 AQ: 1]: Resending DATA #0...
Google.Solutions.Compute Verbose: 0 : SshRelayStream [TX: 2 TXA: 0 RX: 2 AQ: 1]: Resending DATA #0...
Google.Solutions.Compute Verbose: 0 : SshRelayStream [TX: 2 TXA: 0 RX: 2 AQ: 1]: Resending DATA #0...
Google.Solutions.Compute Verbose: 0 : SshRelayStream [TX: 2 TXA: 0 RX: 2 AQ: 1]: Resending DATA #0...
Google.Solutions.Compute Verbose: 0 : SshRelayStream [TX: 2 TXA: 0 RX: 2 AQ: 1]: Resending DATA #0...
Google.Solutions.Compute Verbose: 0 : SshRelayStream [TX: 2 TXA: 0 RX: 2 AQ: 1]: Resending DATA #0...
Google.Solutions.Compute Verbose: 0 : SshRelayStream [TX: 2 TXA: 0 RX: 2 AQ: 1]: Resending DATA #0...
Google.Solutions.Compute Verbose: 0 : SshRelayStream [TX: 2 TXA: 0 RX: 2 AQ: 1]: Resending DATA #0...
Google.Solutions.Compute Verbose: 0 : SshRelayStream [TX: 2 TXA: 0 RX: 2 AQ: 1]: Resending DATA #0...
Google.Solutions.Compute Verbose: 0 : SshRelayStream [TX: 2 TXA: 0 RX: 2 AQ: 1]: Resending DATA #0...
Google.Solutions.Compute Verbose: 0 : SshRelayStream [TX: 2 TXA: 0 RX: 2 AQ: 1]: Resending DATA #0...
Google.Solutions.Compute Verbose: 0 : SshRelayStream [TX: 2 TXA: 0 RX: 2 AQ: 1]: Resending DATA #0...
Google.Solutions.Compute Verbose: 0 : SshRelayStream [TX: 2 TXA: 0 RX: 2 AQ: 1]: Resending DATA #0...
Google.Solutions.Compute Verbose: 0 : SshRelayStream [TX: 2 TXA: 0 RX: 2 AQ: 1]: Resending DATA #0...
Google.Solutions.Compute Verbose: 0 : SshRelayStream [TX: 2 TXA: 0 RX: 2 AQ: 1]: Resending DATA #0...
Google.Solutions.Compute Verbose: 0 : SshRelayStream [TX: 2 TXA: 0 RX: 2 AQ: 0]: Resending DATA #1...
Google.Solutions.Compute Verbose: 0 : SshRelayStream [TX: 2 TXA: 0 RX: 2 AQ: 0]: Resending DATA #1...
Google.Solutions.Compute Verbose: 0 : SshRelayStream [TX: 2 TXA: 0 RX: 2 AQ: 0]: Resending DATA #1...
Google.Solutions.Compute Verbose: 0 : SshRelayStream [TX: 2 TXA: 0 RX: 2 AQ: 0]: Resending DATA #1...
Google.Solutions.Compute Verbose: 0 : SshRelayStream [TX: 2 TXA: 0 RX: 2 AQ: 0]: Resending DATA #1...
Google.Solutions.Compute Verbose: 0 : SshRelayStream [TX: 2 TXA: 0 RX: 2 AQ: 0]: Resending DATA #1...
Google.Solutions.Compute Verbose: 0 : SshRelayStream [TX: 2 TXA: 0 RX: 2 AQ: 0]: Resending DATA #1...
Google.Solutions.Compute Verbose: 0 : SshRelayStream [TX: 2 TXA: 0 RX: 2 AQ: 0]: Resending DATA #1...
Google.Solutions.Compute Verbose: 0 : SshRelayStream [TX: 2 TXA: 0 RX: 2 AQ: 0]: Resending DATA #1...
Google.Solutions.Compute Verbose: 0 : SshRelayStream [TX: 2 TXA: 0 RX: 2 AQ: 0]: Resending DATA #1...
Google.Solutions.Compute Verbose: 0 : SshRelayStream [TX: 2 TXA: 0 RX: 2 AQ: 0]: Resending DATA #1...
Google.Solutions.Compute Verbose: 0 : SshRelayStream [TX: 2 TXA: 0 RX: 2 AQ: 0]: Resending DATA #1...
Google.Solutions.Compute Verbose: 0 : SshRelayStream [TX: 2 TXA: 0 RX: 2 AQ: 0]: Resending DATA #1...
Google.Solutions.Compute Verbose: 0 : SshRelayStream [TX: 2 TXA: 0 RX: 2 AQ: 0]: Resending DATA #1...
Google.Solutions.Compute Verbose: 0 : SshRelayStream [TX: 2 TXA: 0 RX: 2 AQ: 0]: Resending DATA #1...
Google.Solutions.Compute Verbose: 0 : SshRelayStream [TX: 2 TXA: 0 RX: 2 AQ: 0]: Resending DATA #1...
Google.Solutions.Compute Verbose: 0 : SshRelayStream [TX: 2 TXA: 0 RX: 2 AQ: 0]: Resending DATA #1...
Google.Solutions.Compute Verbose: 0 : SshRelayStream [TX: 2 TXA: 0 RX: 2 AQ: 0]: Resending DATA #1...
Google.Solutions.Compute Verbose: 0 : SshRelayStream [TX: 2 TXA: 0 RX: 2 AQ: 0]: Resending DATA #1...
Google.Solutions.Compute Verbose: 0 : SshRelayStream [TX: 2 TXA: 0 RX: 2 AQ: 0]: Resending DATA #1...
Google.Solutions.Compute Verbose: 0 : SshRelayStream [TX: 2 TXA: 0 RX: 2 AQ: 0]: Resending DATA #1...
Google.Solutions.Compute Verbose: 0 : SshRelayStream [TX: 2 TXA: 0 RX: 2 AQ: 0]: Resending DATA #1...
Google.Solutions.Compute Verbose: 0 : SshRelayStream [TX: 2 TXA: 0 RX: 2 AQ: 0]: Resending DATA #1...
Google.Solutions.Compute Verbose: 0 : SshRelayStream [TX: 2 TXA: 0 RX: 2 AQ: 0]: Resending DATA #1...
Google.Solutions.Compute Verbose: 0 : SshRelayStream [TX: 2 TXA: 0 RX: 2 AQ: 0]: Resending DATA #1...
Google.Solutions.Compute Verbose: 0 : SshRelayStream [TX: 2 TXA: 0 RX: 2 AQ: 0]: Resending DATA #1...
Google.Solutions.Compute Verbose: 0 : SshRelayStream [TX: 2 TXA: 0 RX: 2 AQ: 0]: Resending DATA #1...
Google.Solutions.Compute Verbose: 0 : SshRelayStream [TX: 2 TXA: 0 RX: 2 AQ: 0]: Resending DATA #1...
Google.Solutions.Compute Verbose: 0 : SshRelayStream [TX: 2 TXA: 0 RX: 2 AQ: 0]: Resending DATA #1...
Google.Solutions.Compute Verbose: 0 : SshRelayStream [TX: 2 TXA: 0 RX: 2 AQ: 0]: Resending DATA #1...
Google.Solutions.Compute Verbose: 0 : SshRelayStream [TX: 2 TXA: 0 RX: 2 AQ: 0]: Resending DATA #1...
Google.Solutions.Compute Verbose: 0 : SshRelayStream [TX: 2 TXA: 0 RX: 2 AQ: 0]: Resending DATA #1...
Google.Solutions.Compute Verbose: 0 : SshRelayStream [TX: 2 TXA: 0 RX: 2 AQ: 0]: Resending DATA #1...
Google.Solutions.Compute Verbose: 0 : SshRelayStream [TX: 2 TXA: 0 RX: 2 AQ: 0]: Resending DATA #1...
Google.Solutions.Compute Verbose: 0 : SshRelayStream [TX: 2 TXA: 0 RX: 2 AQ: 0]: Resending DATA #1...
Google.Solutions.Compute Verbose: 0 : SshRelayStream [TX: 2 TXA: 0 RX: 2 AQ: 0]: Resending DATA #1...
Google.Solutions.Compute Verbose: 0 : SshRelayStream [TX: 2 TXA: 0 RX: 2 AQ: 0]: Resending DATA #1...
Google.Solutions.Compute Verbose: 0 : SshRelayStream [TX: 2 TXA: 0 RX: 2 AQ: 0]: Resending DATA #1...
Google.Solutions.Compute Verbose: 0 : SshRelayStream [TX: 2 TXA: 0 RX: 2 AQ: 0]: Resending DATA #1...
Google.Solutions.Compute Verbose: 0 : SshRelayStream [TX: 2 TXA: 0 RX: 2 AQ: 0]: Resending DATA #1...
Google.Solutions.Compute Verbose: 0 : SshRelayStream [TX: 2 TXA: 0 RX: 2 AQ: 0]: Resending DATA #1...
Google.Solutions.Compute Verbose: 0 : SshRelayStream [TX: 2 TXA: 0 RX: 2 AQ: 0]: Resending DATA #1...
Google.Solutions.Compute Verbose: 0 : SshRelayStream [TX: 2 TXA: 0 RX: 2 AQ: 0]: Resending DATA #1...
Google.Solutions.Compute Verbose: 0 : SshRelayStream [TX: 2 TXA: 0 RX: 2 AQ: 0]: Resending DATA #1...
Google.Solutions.Compute Verbose: 0 : SshRelayStream [TX: 2 TXA: 0 RX: 2 AQ: 0]: Resending DATA #1...
Google.Solutions.Compute Verbose: 0 : SshRelayStream [TX: 2 TXA: 0 RX: 2 AQ: 0]: Resending DATA #1...
Google.Solutions.Compute Verbose: 0 : SshRelayStream [TX: 2 TXA: 0 RX: 2 AQ: 0]: Resending DATA #1...
Google.Solutions.Compute Verbose: 0 : SshRelayStream [TX: 2 TXA: 0 RX: 2 AQ: 0]: Resending DATA #1...
Google.Solutions.Compute Verbose: 0 : SshRelayStream [TX: 2 TXA: 0 RX: 2 AQ: 0]: Resending DATA #1...
Google.Solutions.Compute Verbose: 0 : SshRelayStream [TX: 2 TXA: 0 RX: 2 AQ: 0]: Resending DATA #1...
Google.Solutions.Compute Verbose: 0 : SshRelayStream [TX: 2 TXA: 0 RX: 2 AQ: 0]: Resending DATA #1...
Google.Solutions.Compute Verbose: 0 : SshRelayStream [TX: 2 TXA: 0 RX: 2 AQ: 0]: Resending DATA #1...
Google.Solutions.Compute Verbose: 0 : SshRelayStream [TX: 2 TXA: 0 RX: 2 AQ: 0]: Resending DATA #1...
Google.Solutions.Compute Verbose: 0 : SshRelayStream [TX: 2 TXA: 0 RX: 2 AQ: 0]: Resending DATA #1...
Google.Solutions.Compute Verbose: 0 : SshRelayStream [TX: 2 TXA: 0 RX: 2 AQ: 0]: Resending DATA #1...
Google.Solutions.Compute Verbose: 0 : SshRelayStream [TX: 2 TXA: 0 RX: 2 AQ: 0]: Resending DATA #1...
Google.Solutions.Compute Verbose: 0 : SshRelayStream [TX: 2 TXA: 0 RX: 2 AQ: 0]: Resending DATA #1...
Google.Solutions.Compute Verbose: 0 : SshRelayStream [TX: 2 TXA: 0 RX: 2 AQ: 0]: Resending DATA #1...
Google.Solutions.Compute Verbose: 0 : SshRelayStream [TX: 2 TXA: 0 RX: 2 AQ: 0]: Resending DATA #1...
Google.Solutions.Compute Verbose: 0 : SshRelayStream [TX: 2 TXA: 0 RX: 2 AQ: 0]: Resending DATA #1...
Google.Solutions.Compute Verbose: 0 : SshRelayStream [TX: 2 TXA: 0 RX: 2 AQ: 0]: Resending DATA #1...
Google.Solutions.Compute Verbose: 0 : SshRelayStream [TX: 2 TXA: 0 RX: 2 AQ: 0]: Resending DATA #1...
Google.Solutions.Compute Verbose: 0 : SshRelayStream [TX: 2 TXA: 0 RX: 2 AQ: 0]: Resending DATA #1...
Google.Solutions.Compute Verbose: 0 : SshRelayStream [TX: 2 TXA: 0 RX: 2 AQ: 0]: Resending DATA #1...
Google.Solutions.Compute Verbose: 0 : SshRelayStream [TX: 2 TXA: 0 RX: 2 AQ: 0]: Resending DATA #1...
Google.Solutions.Compute Verbose: 0 : SshRelayStream [TX: 2 TXA: 0 RX: 2 AQ: 0]: Resending DATA #1...
Google.Solutions.Compute Verbose: 0 : SshRelayStream [TX: 2 TXA: 0 RX: 2 AQ: 0]: Sending DATA #2...
Google.Solutions.Compute Verbose: 0 : SshRelayStream [TX: 2 TXA: 0 RX: 2 AQ: 0]: Sending DATA #2...
Google.Solutions.Compute Verbose: 0 : SshRelayStream [TX: 2 TXA: 0 RX: 2 AQ: 0]: Sending DATA #2...
Google.Solutions.Compute Verbose: 0 : SshRelayStream [TX: 2 TXA: 0 RX: 2 AQ: 0]: Sending DATA #2...
Google.Solutions.Compute Verbose: 0 : SshRelayStream [TX: 2 TXA: 0 RX: 2 AQ: 0]: Sending DATA #2...
Google.Solutions.Compute Verbose: 0 : SshRelayStream [TX: 2 TXA: 0 RX: 2 AQ: 0]: Sending DATA #2...
Google.Solutions.Compute Verbose: 0 : SshRelayStream [TX: 2 TXA: 0 RX: 2 AQ: 0]: Sending DATA #2...
Google.Solutions.Compute Verbose: 0 : SshRelayStream [TX: 2 TXA: 0 RX: 2 AQ: 0]: Sending DATA #2...
Google.Solutions.Compute Verbose: 0 : SshRelayStream [TX: 2 TXA: 0 RX: 2 AQ: 0]: Sending DATA #2...
Google.Solutions.Compute Verbose: 0 : SshRelayStream [TX: 2 TXA: 0 RX: 2 AQ: 0]: Sending DATA #2...
Google.Solutions.Compute Verbose: 0 : SshRelayStream [TX: 2 TXA: 0 RX: 2 AQ: 0]: Sending DATA #2...
Google.Solutions.Compute Verbose: 0 : SshRelayStream [TX: 2 TXA: 0 RX: 2 AQ: 0]: Sending DATA #2...
Google.Solutions.Compute Verbose: 0 : SshRelayStream [TX: 2 TXA: 0 RX: 2 AQ: 0]: Sending DATA #2...
Google.Solutions.Compute Verbose: 0 : SshRelayStream [TX: 2 TXA: 0 RX: 2 AQ: 0]: Sending DATA #2...
Google.Solutions.Compute Verbose: 0 : SshRelayStream [TX: 2 TXA: 0 RX: 2 AQ: 0]: Sending DATA #2...
Google.Solutions.Compute Verbose: 0 : SshRelayStream [TX: 2 TXA: 0 RX: 2 AQ: 0]: Sending DATA #2...
Google.Solutions.Compute Verbose: 0 : SshRelayStream [TX: 2 TXA: 0 RX: 2 AQ: 0]: Sending DATA #2...
Google.Solutions.Compute Verbose: 0 : SshRelayStream [TX: 2 TXA: 0 RX: 2 AQ: 0]: Sending DATA #2...
Google.Solutions.Compute Verbose: 0 : SshRelayStream [TX: 2 TXA: 0 RX: 2 AQ: 0]: Sending DATA #2...
Google.Solutions.Compute Verbose: 0 : SshRelayStream [TX: 2 TXA: 0 RX: 2 AQ: 0]: Sending DATA #2...
Google.Solutions.Compute Verbose: 0 : SshRelayStream [TX: 2 TXA: 0 RX: 2 AQ: 0]: Sending DATA #2...
Google.Solutions.Compute Verbose: 0 : SshRelayStream [TX: 2 TXA: 0 RX: 2 AQ: 0]: Sending DATA #2...
Google.Solutions.Compute Verbose: 0 : SshRelayStream [TX: 2 TXA: 0 RX: 2 AQ: 0]: Sending DATA #2...
Google.Solutions.Compute Verbose: 0 : SshRelayStream [TX: 2 TXA: 0 RX: 2 AQ: 0]: Sending DATA #2...
Google.Solutions.Compute Verbose: 0 : SshRelayStream [TX: 2 TXA: 0 RX: 2 AQ: 0]: Sending DATA #2...
Google.Solutions.Compute Verbose: 0 : SshRelayStream [TX: 2 TXA: 0 RX: 2 AQ: 0]: Sending DATA #2...
Google.Solutions.Compute Verbose: 0 : SshRelayStream [TX: 2 TXA: 0 RX: 2 AQ: 0]: Sending DATA #2...
Google.Solutions.Compute Verbose: 0 : SshRelayStream [TX: 2 TXA: 0 RX: 2 AQ: 0]: Sending DATA #2...
Google.Solutions.Compute Verbose: 0 : SshRelayStream [TX: 2 TXA: 0 RX: 2 AQ: 0]: Sending DATA #2...
Google.Solutions.Compute Verbose: 0 : SshRelayStream [TX: 2 TXA: 0 RX: 2 AQ: 0]: Sending DATA #2...
Google.Solutions.Compute Verbose: 0 : SshRelayStream [TX: 2 TXA: 0 RX: 2 AQ: 0]: Sending DATA #2...
Google.Solutions.Compute Verbose: 0 : SshRelayStream [TX: 2 TXA: 0 RX: 2 AQ: 0]: Sending DATA #2...
Google.Solutions.Compute Verbose: 0 : SshRelayStream [TX: 2 TXA: 0 RX: 2 AQ: 0]: Sending DATA #2...
Google.Solutions.Compute Verbose: 0 : SshRelayStream [TX: 2 TXA: 0 RX: 2 AQ: 0]: Sending DATA #2...
Google.Solutions.Compute Verbose: 0 : SshRelayStream [TX: 2 TXA: 0 RX: 2 AQ: 0]: Sending DATA #2...
Google.Solutions.Compute Verbose: 0 : SshRelayStream [TX: 2 TXA: 0 RX: 2 AQ: 0]: Sending DATA #2...
Google.Solutions.Compute Verbose: 0 : SshRelayStream [TX: 2 TXA: 0 RX: 2 AQ: 0]: Sending DATA #2...
Google.Solutions.Compute Verbose: 0 : SshRelayStream [TX: 2 TXA: 0 RX: 2 AQ: 0]: Sending DATA #2...
Google.Solutions.Compute Verbose: 0 : SshRelayStream [TX: 2 TXA: 0 RX: 2 AQ: 0]: Sending DATA #2...
Google.Solutions.Compute Verbose: 0 : SshRelayStream [TX: 2 TXA: 0 RX: 2 AQ: 0]: Sending DATA #2...
Google.Solutions.Compute Verbose: 0 : SshRelayStream [TX: 2 TXA: 0 RX: 2 AQ: 0]: Sending DATA #2...
Google.Solutions.Compute Verbose: 0 : SshRelayStream [TX: 2 TXA: 0 RX: 2 AQ: 0]: Sending DATA #2...
Google.Solutions.Compute Verbose: 0 : SshRelayStream [TX: 2 TXA: 0 RX: 2 AQ: 0]: Sending DATA #2...
Google.Solutions.Compute Verbose: 0 : SshRelayStream [TX: 2 TXA: 0 RX: 2 AQ: 0]: Sending DATA #2...
Google.Solutions.Compute Verbose: 0 : SshRelayStream [TX: 2 TXA: 0 RX: 2 AQ: 0]: Sending DATA #2...
Google.Solutions.Compute Verbose: 0 : SshRelayStream [TX: 2 TXA: 0 RX: 2 AQ: 0]: Sending DATA #2...
Google.Solutions.Compute Verbose: 0 : SshRelayStream [TX: 2 TXA: 0 RX: 2 AQ: 0]: Sending DATA #2...
Google.Solutions.Compute Verbose: 0 : SshRelayStream [TX: 2 TXA: 0 RX: 2 AQ: 0]: Sending DATA #2...
Google.Solutions.Compute Verbose: 0 : SshRelayStream [TX: 2 TXA: 0 RX: 2 AQ: 0]: Sending DATA #2...
Google.Solutions.Compute Verbose: 0 : SshRelayStream [TX: 2 TXA: 0 RX: 2 AQ: 0]: Sending DATA #2...
Google.Solutions.Compute Verbose: 0 : SshRelayStream [TX: 2 TXA: 0 RX: 2 AQ: 0]: Sending DATA #2...
Google.Solutions.Compute Verbose: 0 : SshRelayStream [TX: 2 TXA: 0 RX: 2 AQ: 0]: Sending DATA #2...
Google.Solutions.Compute Verbose: 0 : SshRelayStream [TX: 2 TXA: 0 RX: 2 AQ: 0]: Sending DATA #2...
Google.Solutions.Compute Verbose: 0 : SshRelayStream [TX: 2 TXA: 0 RX: 2 AQ: 0]: Sending DATA #2...
Google.Solutions.Compute Verbose: 0 : SshRelayStream [TX: 2 TXA: 0 RX: 2 AQ: 0]: Sending DATA #2...
Google.Solutions.Compute Verbose: 0 : SshRelayStream [TX: 2 TXA: 0 RX: 2 AQ: 0]: Sending DATA #2...
Google.Solutions.Compute Verbose: 0 : SshRelayStream [TX: 2 TXA: 0 RX: 2 AQ: 0]: Sending DATA #2...
Google.Solutions.Compute Verbose: 0 : SshRelayStream [TX: 2 TXA: 0 RX: 2 AQ: 0]: Sending DATA #2...
Google.Solutions.Compute Verbose: 0 : SshRelayStream [TX: 2 TXA: 0 RX: 2 AQ: 0]: Sending DATA #2...
Google.Solutions.Compute Verbose: 0 : SshRelayStream [TX: 2 TXA: 0 RX: 2 AQ: 0]: Sending DATA #2...
Google.Solutions.Compute Verbose: 0 : SshRelayStream [TX: 2 TXA: 0 RX: 2 AQ: 0]: Sending DATA #2...
Google.Solutions.Compute Verbose: 0 : SshRelayStream [TX: 2 TXA: 0 RX: 2 AQ: 0]: Sending DATA #2...
Google.Solutions.Compute Verbose: 0 : SshRelayStream [TX: 2 TXA: 0 RX: 2 AQ: 0]: Sending DATA #2...
Google.Solutions.Compute Verbose: 0 : SshRelayStream [TX: 2 TXA: 0 RX: 2 AQ: 0]: Sending DATA #2...
Google.Solutions.Compute Verbose: 0 : SshRelayStream [TX: 2 TXA: 0 RX: 2 AQ: 0]: Sending DATA #2...
Google.Solutions.Compute Verbose: 0 : SshRelayStream [TX: 2 TXA: 0 RX: 2 AQ: 0]: Sending DATA #2...
</system-out></testcase><testcase name="WriteAfterForcefulServerCloseCausesReconnectAndDataBeingResentIfDataReadBefore(4004)" assertions="9" time="0.002695" status="Passed" classname="Google.Solutions.Compute.Test.Iap.TestSshRelayStreamWriting"><system-out>Google.Solutions.Compute Verbose: 0 : SshRelayStream [TX: 0 TXA: 0 RX: 0 AQ: 0]: Connecting...
Google.Solutions.Compute Verbose: 0 : SshRelayStream [TX: 0 TXA: 0 RX: 0 AQ: 0]: Connecting...
Google.Solutions.Compute Verbose: 0 : SshRelayStream [TX: 0 TXA: 0 RX: 0 AQ: 0]: Connecting...
Google.Solutions.Compute Verbose: 0 : SshRelayStream [TX: 0 TXA: 0 RX: 0 AQ: 0]: Connecting...
Google.Solutions.Compute Verbose: 0 : SshRelayStream [TX: 0 TXA: 0 RX: 0 AQ: 0]: Connecting...
Google.Solutions.Compute Verbose: 0 : SshRelayStream [TX: 0 TXA: 0 RX: 0 AQ: 0]: Connecting...
Google.Solutions.Compute Verbose: 0 : SshRelayStream [TX: 0 TXA: 0 RX: 0 AQ: 0]: Connecting...
Google.Solutions.Compute Verbose: 0 : SshRelayStream [TX: 0 TXA: 0 RX: 0 AQ: 0]: Connecting...
Google.Solutions.Compute Verbose: 0 : SshRelayStream [TX: 0 TXA: 0 RX: 0 AQ: 0]: Connecting...
Google.Solutions.Compute Verbose: 0 : SshRelayStream [TX: 0 TXA: 0 RX: 0 AQ: 0]: Connecting...
Google.Solutions.Compute Verbose: 0 : SshRelayStream [TX: 0 TXA: 0 RX: 0 AQ: 0]: Connecting...
Google.Solutions.Compute Verbose: 0 : SshRelayStream [TX: 0 TXA: 0 RX: 0 AQ: 0]: Connecting...
Google.Solutions.Compute Verbose: 0 : SshRelayStream [TX: 0 TXA: 0 RX: 0 AQ: 0]: Connecting...
Google.Solutions.Compute Verbose: 0 : SshRelayStream [TX: 0 TXA: 0 RX: 0 AQ: 0]: Connecting...
Google.Solutions.Compute Verbose: 0 : SshRelayStream [TX: 0 TXA: 0 RX: 0 AQ: 0]: Connecting...
Google.Solutions.Compute Verbose: 0 : SshRelayStream [TX: 0 TXA: 0 RX: 0 AQ: 0]: Connecting...
Google.Solutions.Compute Verbose: 0 : SshRelayStream [TX: 0 TXA: 0 RX: 0 AQ: 0]: Connecting...
Google.Solutions.Compute Verbose: 0 : SshRelayStream [TX: 0 TXA: 0 RX: 0 AQ: 0]: Connecting...
Google.Solutions.Compute Verbose: 0 : SshRelayStream [TX: 0 TXA: 0 RX: 0 AQ: 0]: Connecting...
Google.Solutions.Compute Verbose: 0 : SshRelayStream [TX: 0 TXA: 0 RX: 0 AQ: 0]: Connecting...
Google.Solutions.Compute Verbose: 0 : SshRelayStream [TX: 0 TXA: 0 RX: 0 AQ: 0]: Connecting...
Google.Solutions.Compute Verbose: 0 : SshRelayStream [TX: 0 TXA: 0 RX: 0 AQ: 0]: Connecting...
Google.Solutions.Compute Verbose: 0 : SshRelayStream [TX: 0 TXA: 0 RX: 0 AQ: 0]: Connecting...
Google.Solutions.Compute Verbose: 0 : SshRelayStream [TX: 0 TXA: 0 RX: 0 AQ: 0]: Connecting...
Google.Solutions.Compute Verbose: 0 : SshRelayStream [TX: 0 TXA: 0 RX: 0 AQ: 0]: Connecting...
Google.Solutions.Compute Verbose: 0 : SshRelayStream [TX: 0 TXA: 0 RX: 0 AQ: 0]: Connecting...
Google.Solutions.Compute Verbose: 0 : SshRelayStream [TX: 0 TXA: 0 RX: 0 AQ: 0]: Connecting...
Google.Solutions.Compute Verbose: 0 : SshRelayStream [TX: 0 TXA: 0 RX: 0 AQ: 0]: Connecting...
Google.Solutions.Compute Verbose: 0 : SshRelayStream [TX: 0 TXA: 0 RX: 0 AQ: 0]: Connecting...
Google.Solutions.Compute Verbose: 0 : SshRelayStream [TX: 0 TXA: 0 RX: 0 AQ: 0]: Connecting...
Google.Solutions.Compute Verbose: 0 : SshRelayStream [TX: 0 TXA: 0 RX: 0 AQ: 0]: Connecting...
Google.Solutions.Compute Verbose: 0 : SshRelayStream [TX: 0 TXA: 0 RX: 0 AQ: 0]: Connecting...
Google.Solutions.Compute Verbose: 0 : SshRelayStream [TX: 0 TXA: 0 RX: 0 AQ: 0]: Connecting...
Google.Solutions.Compute Verbose: 0 : SshRelayStream [TX: 0 TXA: 0 RX: 0 AQ: 0]: Connecting...
Google.Solutions.Compute Verbose: 0 : SshRelayStream [TX: 0 TXA: 0 RX: 0 AQ: 0]: Connecting...
Google.Solutions.Compute Verbose: 0 : SshRelayStream [TX: 0 TXA: 0 RX: 0 AQ: 0]: Connecting...
Google.Solutions.Compute Verbose: 0 : SshRelayStream [TX: 0 TXA: 0 RX: 0 AQ: 0]: Connecting...
Google.Solutions.Compute Verbose: 0 : SshRelayStream [TX: 0 TXA: 0 RX: 0 AQ: 0]: Connecting...
Google.Solutions.Compute Verbose: 0 : SshRelayStream [TX: 0 TXA: 0 RX: 0 AQ: 0]: Connecting...
Google.Solutions.Compute Verbose: 0 : SshRelayStream [TX: 0 TXA: 0 RX: 0 AQ: 0]: Connecting...
Google.Solutions.Compute Verbose: 0 : SshRelayStream [TX: 0 TXA: 0 RX: 0 AQ: 0]: Connecting...
Google.Solutions.Compute Verbose: 0 : SshRelayStream [TX: 0 TXA: 0 RX: 0 AQ: 0]: Connecting...
Google.Solutions.Compute Verbose: 0 : SshRelayStream [TX: 0 TXA: 0 RX: 0 AQ: 0]: Connecting...
Google.Solutions.Compute Verbose: 0 : SshRelayStream [TX: 0 TXA: 0 RX: 0 AQ: 0]: Connecting...
Google.Solutions.Compute Verbose: 0 : SshRelayStream [TX: 0 TXA: 0 RX: 0 AQ: 0]: Connecting...
Google.Solutions.Compute Verbose: 0 : SshRelayStream [TX: 0 TXA: 0 RX: 0 AQ: 0]: Connecting...
Google.Solutions.Compute Verbose: 0 : SshRelayStream [TX: 0 TXA: 0 RX: 0 AQ: 0]: Connecting...
Google.Solutions.Compute Verbose: 0 : SshRelayStream [TX: 0 TXA: 0 RX: 0 AQ: 0]: Connecting...
Google.Solutions.Compute Verbose: 0 : SshRelayStream [TX: 0 TXA: 0 RX: 0 AQ: 0]: Connecting...
Google.Solutions.Compute Verbose: 0 : SshRelayStream [TX: 0 TXA: 0 RX: 0 AQ: 0]: Connecting...
Google.Solutions.Compute Verbose: 0 : SshRelayStream [TX: 0 TXA: 0 RX: 0 AQ: 0]: Connecting...
Google.Solutions.Compute Verbose: 0 : SshRelayStream [TX: 0 TXA: 0 RX: 0 AQ: 0]: Connecting...
Google.Solutions.Compute Verbose: 0 : SshRelayStream [TX: 0 TXA: 0 RX: 0 AQ: 0]: Connecting...
Google.Solutions.Compute Verbose: 0 : SshRelayStream [TX: 0 TXA: 0 RX: 0 AQ: 0]: Connecting...
Google.Solutions.Compute Verbose: 0 : SshRelayStream [TX: 0 TXA: 0 RX: 0 AQ: 0]: Connecting...
Google.Solutions.Compute Verbose: 0 : SshRelayStream [TX: 0 TXA: 0 RX: 0 AQ: 0]: Connecting...
Google.Solutions.Compute Verbose: 0 : SshRelayStream [TX: 0 TXA: 0 RX: 0 AQ: 0]: Connecting...
Google.Solutions.Compute Verbose: 0 : SshRelayStream [TX: 0 TXA: 0 RX: 0 AQ: 0]: Connecting...
Google.Solutions.Compute Verbose: 0 : SshRelayStream [TX: 0 TXA: 0 RX: 0 AQ: 0]: Connecting...
Google.Solutions.Compute Verbose: 0 : SshRelayStream [TX: 0 TXA: 0 RX: 0 AQ: 0]: Connecting...
Google.Solutions.Compute Verbose: 0 : SshRelayStream [TX: 0 TXA: 0 RX: 0 AQ: 0]: Connecting...
Google.Solutions.Compute Verbose: 0 : SshRelayStream [TX: 0 TXA: 0 RX: 0 AQ: 0]: Connecting...
Google.Solutions.Compute Verbose: 0 : SshRelayStream [TX: 0 TXA: 0 RX: 0 AQ: 0]: Connecting...
Google.Solutions.Compute Verbose: 0 : SshRelayStream [TX: 0 TXA: 0 RX: 0 AQ: 0]: Connecting...
Google.Solutions.Compute Verbose: 0 : SshRelayStream [TX: 0 TXA: 0 RX: 0 AQ: 0]: Connecting...
Google.Solutions.Compute Verbose: 0 : SshRelayStream [TX: 0 TXA: 0 RX: 0 AQ: 0]: Connecting...
Google.Solutions.Compute Verbose: 0 : SshRelayStream [TX: 0 TXA: 0 RX: 0 AQ: 0]: Connecting...
Google.Solutions.Compute Verbose: 0 : SshRelayStream [TX: 0 TXA: 0 RX: 0 AQ: 0]: Sending DATA #0...
Google.Solutions.Compute Verbose: 0 : SshRelayStream [TX: 0 TXA: 0 RX: 0 AQ: 0]: Sending DATA #0...
Google.Solutions.Compute Verbose: 0 : SshRelayStream [TX: 0 TXA: 0 RX: 0 AQ: 0]: Sending DATA #0...
Google.Solutions.Compute Verbose: 0 : SshRelayStream [TX: 0 TXA: 0 RX: 0 AQ: 0]: Sending DATA #0...
Google.Solutions.Compute Verbose: 0 : SshRelayStream [TX: 0 TXA: 0 RX: 0 AQ: 0]: Sending DATA #0...
Google.Solutions.Compute Verbose: 0 : SshRelayStream [TX: 0 TXA: 0 RX: 0 AQ: 0]: Sending DATA #0...
Google.Solutions.Compute Verbose: 0 : SshRelayStream [TX: 0 TXA: 0 RX: 0 AQ: 0]: Sending DATA #0...
Google.Solutions.Compute Verbose: 0 : SshRelayStream [TX: 0 TXA: 0 RX: 0 AQ: 0]: Sending DATA #0...
Google.Solutions.Compute Verbose: 0 : SshRelayStream [TX: 0 TXA: 0 RX: 0 AQ: 0]: Sending DATA #0...
Google.Solutions.Compute Verbose: 0 : SshRelayStream [TX: 0 TXA: 0 RX: 0 AQ: 0]: Sending DATA #0...
Google.Solutions.Compute Verbose: 0 : SshRelayStream [TX: 0 TXA: 0 RX: 0 AQ: 0]: Sending DATA #0...
Google.Solutions.Compute Verbose: 0 : SshRelayStream [TX: 0 TXA: 0 RX: 0 AQ: 0]: Sending DATA #0...
Google.Solutions.Compute Verbose: 0 : SshRelayStream [TX: 0 TXA: 0 RX: 0 AQ: 0]: Sending DATA #0...
Google.Solutions.Compute Verbose: 0 : SshRelayStream [TX: 0 TXA: 0 RX: 0 AQ: 0]: Sending DATA #0...
Google.Solutions.Compute Verbose: 0 : SshRelayStream [TX: 0 TXA: 0 RX: 0 AQ: 0]: Sending DATA #0...
Google.Solutions.Compute Verbose: 0 : SshRelayStream [TX: 0 TXA: 0 RX: 0 AQ: 0]: Sending DATA #0...
Google.Solutions.Compute Verbose: 0 : SshRelayStream [TX: 0 TXA: 0 RX: 0 AQ: 0]: Sending DATA #0...
Google.Solutions.Compute Verbose: 0 : SshRelayStream [TX: 0 TXA: 0 RX: 0 AQ: 0]: Sending DATA #0...
Google.Solutions.Compute Verbose: 0 : SshRelayStream [TX: 0 TXA: 0 RX: 0 AQ: 0]: Sending DATA #0...
Google.Solutions.Compute Verbose: 0 : SshRelayStream [TX: 0 TXA: 0 RX: 0 AQ: 0]: Sending DATA #0...
Google.Solutions.Compute Verbose: 0 : SshRelayStream [TX: 0 TXA: 0 RX: 0 AQ: 0]: Sending DATA #0...
Google.Solutions.Compute Verbose: 0 : SshRelayStream [TX: 0 TXA: 0 RX: 0 AQ: 0]: Sending DATA #0...
Google.Solutions.Compute Verbose: 0 : SshRelayStream [TX: 0 TXA: 0 RX: 0 AQ: 0]: Sending DATA #0...
Google.Solutions.Compute Verbose: 0 : SshRelayStream [TX: 0 TXA: 0 RX: 0 AQ: 0]: Sending DATA #0...
Google.Solutions.Compute Verbose: 0 : SshRelayStream [TX: 0 TXA: 0 RX: 0 AQ: 0]: Sending DATA #0...
Google.Solutions.Compute Verbose: 0 : SshRelayStream [TX: 0 TXA: 0 RX: 0 AQ: 0]: Sending DATA #0...
Google.Solutions.Compute Verbose: 0 : SshRelayStream [TX: 0 TXA: 0 RX: 0 AQ: 0]: Sending DATA #0...
Google.Solutions.Compute Verbose: 0 : SshRelayStream [TX: 0 TXA: 0 RX: 0 AQ: 0]: Sending DATA #0...
Google.Solutions.Compute Verbose: 0 : SshRelayStream [TX: 0 TXA: 0 RX: 0 AQ: 0]: Sending DATA #0...
Google.Solutions.Compute Verbose: 0 : SshRelayStream [TX: 0 TXA: 0 RX: 0 AQ: 0]: Sending DATA #0...
Google.Solutions.Compute Verbose: 0 : SshRelayStream [TX: 0 TXA: 0 RX: 0 AQ: 0]: Sending DATA #0...
Google.Solutions.Compute Verbose: 0 : SshRelayStream [TX: 0 TXA: 0 RX: 0 AQ: 0]: Sending DATA #0...
Google.Solutions.Compute Verbose: 0 : SshRelayStream [TX: 0 TXA: 0 RX: 0 AQ: 0]: Sending DATA #0...
Google.Solutions.Compute Verbose: 0 : SshRelayStream [TX: 0 TXA: 0 RX: 0 AQ: 0]: Sending DATA #0...
Google.Solutions.Compute Verbose: 0 : SshRelayStream [TX: 0 TXA: 0 RX: 0 AQ: 0]: Sending DATA #0...
Google.Solutions.Compute Verbose: 0 : SshRelayStream [TX: 0 TXA: 0 RX: 0 AQ: 0]: Sending DATA #0...
Google.Solutions.Compute Verbose: 0 : SshRelayStream [TX: 0 TXA: 0 RX: 0 AQ: 0]: Sending DATA #0...
Google.Solutions.Compute Verbose: 0 : SshRelayStream [TX: 0 TXA: 0 RX: 0 AQ: 0]: Sending DATA #0...
Google.Solutions.Compute Verbose: 0 : SshRelayStream [TX: 0 TXA: 0 RX: 0 AQ: 0]: Sending DATA #0...
Google.Solutions.Compute Verbose: 0 : SshRelayStream [TX: 0 TXA: 0 RX: 0 AQ: 0]: Sending DATA #0...
Google.Solutions.Compute Verbose: 0 : SshRelayStream [TX: 0 TXA: 0 RX: 0 AQ: 0]: Sending DATA #0...
Google.Solutions.Compute Verbose: 0 : SshRelayStream [TX: 0 TXA: 0 RX: 0 AQ: 0]: Sending DATA #0...
Google.Solutions.Compute Verbose: 0 : SshRelayStream [TX: 0 TXA: 0 RX: 0 AQ: 0]: Sending DATA #0...
Google.Solutions.Compute Verbose: 0 : SshRelayStream [TX: 0 TXA: 0 RX: 0 AQ: 0]: Sending DATA #0...
Google.Solutions.Compute Verbose: 0 : SshRelayStream [TX: 0 TXA: 0 RX: 0 AQ: 0]: Sending DATA #0...
Google.Solutions.Compute Verbose: 0 : SshRelayStream [TX: 0 TXA: 0 RX: 0 AQ: 0]: Sending DATA #0...
Google.Solutions.Compute Verbose: 0 : SshRelayStream [TX: 0 TXA: 0 RX: 0 AQ: 0]: Sending DATA #0...
Google.Solutions.Compute Verbose: 0 : SshRelayStream [TX: 0 TXA: 0 RX: 0 AQ: 0]: Sending DATA #0...
Google.Solutions.Compute Verbose: 0 : SshRelayStream [TX: 0 TXA: 0 RX: 0 AQ: 0]: Sending DATA #0...
Google.Solutions.Compute Verbose: 0 : SshRelayStream [TX: 0 TXA: 0 RX: 0 AQ: 0]: Sending DATA #0...
Google.Solutions.Compute Verbose: 0 : SshRelayStream [TX: 0 TXA: 0 RX: 0 AQ: 0]: Sending DATA #0...
Google.Solutions.Compute Verbose: 0 : SshRelayStream [TX: 0 TXA: 0 RX: 0 AQ: 0]: Sending DATA #0...
Google.Solutions.Compute Verbose: 0 : SshRelayStream [TX: 0 TXA: 0 RX: 0 AQ: 0]: Sending DATA #0...
Google.Solutions.Compute Verbose: 0 : SshRelayStream [TX: 0 TXA: 0 RX: 0 AQ: 0]: Sending DATA #0...
Google.Solutions.Compute Verbose: 0 : SshRelayStream [TX: 0 TXA: 0 RX: 0 AQ: 0]: Sending DATA #0...
Google.Solutions.Compute Verbose: 0 : SshRelayStream [TX: 0 TXA: 0 RX: 0 AQ: 0]: Sending DATA #0...
Google.Solutions.Compute Verbose: 0 : SshRelayStream [TX: 0 TXA: 0 RX: 0 AQ: 0]: Sending DATA #0...
Google.Solutions.Compute Verbose: 0 : SshRelayStream [TX: 0 TXA: 0 RX: 0 AQ: 0]: Sending DATA #0...
Google.Solutions.Compute Verbose: 0 : SshRelayStream [TX: 0 TXA: 0 RX: 0 AQ: 0]: Sending DATA #0...
Google.Solutions.Compute Verbose: 0 : SshRelayStream [TX: 0 TXA: 0 RX: 0 AQ: 0]: Sending DATA #0...
Google.Solutions.Compute Verbose: 0 : SshRelayStream [TX: 0 TXA: 0 RX: 0 AQ: 0]: Sending DATA #0...
Google.Solutions.Compute Verbose: 0 : SshRelayStream [TX: 0 TXA: 0 RX: 0 AQ: 0]: Sending DATA #0...
Google.Solutions.Compute Verbose: 0 : SshRelayStream [TX: 0 TXA: 0 RX: 0 AQ: 0]: Sending DATA #0...
Google.Solutions.Compute Verbose: 0 : SshRelayStream [TX: 0 TXA: 0 RX: 0 AQ: 0]: Sending DATA #0...
Google.Solutions.Compute Verbose: 0 : SshRelayStream [TX: 0 TXA: 0 RX: 0 AQ: 0]: Sending DATA #0...
Google.Solutions.Compute Verbose: 0 : SshRelayStream [TX: 0 TXA: 0 RX: 0 AQ: 0]: Sending DATA #0...
Google.Solutions.Compute Verbose: 0 : SshRelayStream [TX: 0 TXA: 0 RX: 0 AQ: 0]: Sending DATA #0...
Google.Solutions.Compute Verbose: 0 : SshRelayStream [TX: 1 TXA: 0 RX: 0 AQ: 1]: Connected session &lt;\u0000&gt;
Google.Solutions.Compute Verbose: 0 : SshRelayStream [TX: 1 TXA: 0 RX: 0 AQ: 1]: Connected session &lt;\u0000&gt;
Google.Solutions.Compute Verbose: 0 : SshRelayStream [TX: 1 TXA: 0 RX: 0 AQ: 1]: Connected session &lt;\u0000&gt;
Google.Solutions.Compute Verbose: 0 : SshRelayStream [TX: 1 TXA: 0 RX: 0 AQ: 1]: Connected session &lt;\u0000&gt;
Google.Solutions.Compute Verbose: 0 : SshRelayStream [TX: 1 TXA: 0 RX: 0 AQ: 1]: Connected session &lt;\u0000&gt;
Google.Solutions.Compute Verbose: 0 : SshRelayStream [TX: 1 TXA: 0 RX: 0 AQ: 1]: Connected session &lt;\u0000&gt;
Google.Solutions.Compute Verbose: 0 : SshRelayStream [TX: 1 TXA: 0 RX: 0 AQ: 1]: Connected session &lt;\u0000&gt;
Google.Solutions.Compute Verbose: 0 : SshRelayStream [TX: 1 TXA: 0 RX: 0 AQ: 1]: Connected session &lt;\u0000&gt;
Google.Solutions.Compute Verbose: 0 : SshRelayStream [TX: 1 TXA: 0 RX: 0 AQ: 1]: Connected session &lt;\u0000&gt;
Google.Solutions.Compute Verbose: 0 : SshRelayStream [TX: 1 TXA: 0 RX: 0 AQ: 1]: Connected session &lt;\u0000&gt;
Google.Solutions.Compute Verbose: 0 : SshRelayStream [TX: 1 TXA: 0 RX: 0 AQ: 1]: Connected session &lt;\u0000&gt;
Google.Solutions.Compute Verbose: 0 : SshRelayStream [TX: 1 TXA: 0 RX: 0 AQ: 1]: Connected session &lt;\u0000&gt;
Google.Solutions.Compute Verbose: 0 : SshRelayStream [TX: 1 TXA: 0 RX: 0 AQ: 1]: Connected session &lt;\u0000&gt;
Google.Solutions.Compute Verbose: 0 : SshRelayStream [TX: 1 TXA: 0 RX: 0 AQ: 1]: Connected session &lt;\u0000&gt;
Google.Solutions.Compute Verbose: 0 : SshRelayStream [TX: 1 TXA: 0 RX: 0 AQ: 1]: Connected session &lt;\u0000&gt;
Google.Solutions.Compute Verbose: 0 : SshRelayStream [TX: 1 TXA: 0 RX: 0 AQ: 1]: Connected session &lt;\u0000&gt;
Google.Solutions.Compute Verbose: 0 : SshRelayStream [TX: 1 TXA: 0 RX: 0 AQ: 1]: Connected session &lt;\u0000&gt;
Google.Solutions.Compute Verbose: 0 : SshRelayStream [TX: 1 TXA: 0 RX: 0 AQ: 1]: Connected session &lt;\u0000&gt;
Google.Solutions.Compute Verbose: 0 : SshRelayStream [TX: 1 TXA: 0 RX: 0 AQ: 1]: Connected session &lt;\u0000&gt;
Google.Solutions.Compute Verbose: 0 : SshRelayStream [TX: 1 TXA: 0 RX: 0 AQ: 1]: Connected session &lt;\u0000&gt;
Google.Solutions.Compute Verbose: 0 : SshRelayStream [TX: 1 TXA: 0 RX: 0 AQ: 1]: Connected session &lt;\u0000&gt;
Google.Solutions.Compute Verbose: 0 : SshRelayStream [TX: 1 TXA: 0 RX: 0 AQ: 1]: Connected session &lt;\u0000&gt;
Google.Solutions.Compute Verbose: 0 : SshRelayStream [TX: 1 TXA: 0 RX: 0 AQ: 1]: Connected session &lt;\u0000&gt;
Google.Solutions.Compute Verbose: 0 : SshRelayStream [TX: 1 TXA: 0 RX: 0 AQ: 1]: Connected session &lt;\u0000&gt;
Google.Solutions.Compute Verbose: 0 : SshRelayStream [TX: 1 TXA: 0 RX: 0 AQ: 1]: Connected session &lt;\u0000&gt;
Google.Solutions.Compute Verbose: 0 : SshRelayStream [TX: 1 TXA: 0 RX: 0 AQ: 1]: Connected session &lt;\u0000&gt;
Google.Solutions.Compute Verbose: 0 : SshRelayStream [TX: 1 TXA: 0 RX: 0 AQ: 1]: Connected session &lt;\u0000&gt;
Google.Solutions.Compute Verbose: 0 : SshRelayStream [TX: 1 TXA: 0 RX: 0 AQ: 1]: Connected session &lt;\u0000&gt;
Google.Solutions.Compute Verbose: 0 : SshRelayStream [TX: 1 TXA: 0 RX: 0 AQ: 1]: Connected session &lt;\u0000&gt;
Google.Solutions.Compute Verbose: 0 : SshRelayStream [TX: 1 TXA: 0 RX: 0 AQ: 1]: Connected session &lt;\u0000&gt;
Google.Solutions.Compute Verbose: 0 : SshRelayStream [TX: 1 TXA: 0 RX: 0 AQ: 1]: Connected session &lt;\u0000&gt;
Google.Solutions.Compute Verbose: 0 : SshRelayStream [TX: 1 TXA: 0 RX: 0 AQ: 1]: Connected session &lt;\u0000&gt;
Google.Solutions.Compute Verbose: 0 : SshRelayStream [TX: 1 TXA: 0 RX: 0 AQ: 1]: Connected session &lt;\u0000&gt;
Google.Solutions.Compute Verbose: 0 : SshRelayStream [TX: 1 TXA: 0 RX: 0 AQ: 1]: Connected session &lt;\u0000&gt;
Google.Solutions.Compute Verbose: 0 : SshRelayStream [TX: 1 TXA: 0 RX: 0 AQ: 1]: Connected session &lt;\u0000&gt;
Google.Solutions.Compute Verbose: 0 : SshRelayStream [TX: 1 TXA: 0 RX: 0 AQ: 1]: Connected session &lt;\u0000&gt;
Google.Solutions.Compute Verbose: 0 : SshRelayStream [TX: 1 TXA: 0 RX: 0 AQ: 1]: Connected session &lt;\u0000&gt;
Google.Solutions.Compute Verbose: 0 : SshRelayStream [TX: 1 TXA: 0 RX: 0 AQ: 1]: Connected session &lt;\u0000&gt;
Google.Solutions.Compute Verbose: 0 : SshRelayStream [TX: 1 TXA: 0 RX: 0 AQ: 1]: Connected session &lt;\u0000&gt;
Google.Solutions.Compute Verbose: 0 : SshRelayStream [TX: 1 TXA: 0 RX: 0 AQ: 1]: Connected session &lt;\u0000&gt;
Google.Solutions.Compute Verbose: 0 : SshRelayStream [TX: 1 TXA: 0 RX: 0 AQ: 1]: Connected session &lt;\u0000&gt;
Google.Solutions.Compute Verbose: 0 : SshRelayStream [TX: 1 TXA: 0 RX: 0 AQ: 1]: Connected session &lt;\u0000&gt;
Google.Solutions.Compute Verbose: 0 : SshRelayStream [TX: 1 TXA: 0 RX: 0 AQ: 1]: Connected session &lt;\u0000&gt;
Google.Solutions.Compute Verbose: 0 : SshRelayStream [TX: 1 TXA: 0 RX: 0 AQ: 1]: Connected session &lt;\u0000&gt;
Google.Solutions.Compute Verbose: 0 : SshRelayStream [TX: 1 TXA: 0 RX: 0 AQ: 1]: Connected session &lt;\u0000&gt;
Google.Solutions.Compute Verbose: 0 : SshRelayStream [TX: 1 TXA: 0 RX: 0 AQ: 1]: Connected session &lt;\u0000&gt;
Google.Solutions.Compute Verbose: 0 : SshRelayStream [TX: 1 TXA: 0 RX: 0 AQ: 1]: Connected session &lt;\u0000&gt;
Google.Solutions.Compute Verbose: 0 : SshRelayStream [TX: 1 TXA: 0 RX: 0 AQ: 1]: Connected session &lt;\u0000&gt;
Google.Solutions.Compute Verbose: 0 : SshRelayStream [TX: 1 TXA: 0 RX: 0 AQ: 1]: Connected session &lt;\u0000&gt;
Google.Solutions.Compute Verbose: 0 : SshRelayStream [TX: 1 TXA: 0 RX: 0 AQ: 1]: Connected session &lt;\u0000&gt;
Google.Solutions.Compute Verbose: 0 : SshRelayStream [TX: 1 TXA: 0 RX: 0 AQ: 1]: Connected session &lt;\u0000&gt;
Google.Solutions.Compute Verbose: 0 : SshRelayStream [TX: 1 TXA: 0 RX: 0 AQ: 1]: Connected session &lt;\u0000&gt;
Google.Solutions.Compute Verbose: 0 : SshRelayStream [TX: 1 TXA: 0 RX: 0 AQ: 1]: Connected session &lt;\u0000&gt;
Google.Solutions.Compute Verbose: 0 : SshRelayStream [TX: 1 TXA: 0 RX: 0 AQ: 1]: Connected session &lt;\u0000&gt;
Google.Solutions.Compute Verbose: 0 : SshRelayStream [TX: 1 TXA: 0 RX: 0 AQ: 1]: Connected session &lt;\u0000&gt;
Google.Solutions.Compute Verbose: 0 : SshRelayStream [TX: 1 TXA: 0 RX: 0 AQ: 1]: Connected session &lt;\u0000&gt;
Google.Solutions.Compute Verbose: 0 : SshRelayStream [TX: 1 TXA: 0 RX: 0 AQ: 1]: Connected session &lt;\u0000&gt;
Google.Solutions.Compute Verbose: 0 : SshRelayStream [TX: 1 TXA: 0 RX: 0 AQ: 1]: Connected session &lt;\u0000&gt;
Google.Solutions.Compute Verbose: 0 : SshRelayStream [TX: 1 TXA: 0 RX: 0 AQ: 1]: Connected session &lt;\u0000&gt;
Google.Solutions.Compute Verbose: 0 : SshRelayStream [TX: 1 TXA: 0 RX: 0 AQ: 1]: Connected session &lt;\u0000&gt;
Google.Solutions.Compute Verbose: 0 : SshRelayStream [TX: 1 TXA: 0 RX: 0 AQ: 1]: Connected session &lt;\u0000&gt;
Google.Solutions.Compute Verbose: 0 : SshRelayStream [TX: 1 TXA: 0 RX: 0 AQ: 1]: Connected session &lt;\u0000&gt;
Google.Solutions.Compute Verbose: 0 : SshRelayStream [TX: 1 TXA: 0 RX: 0 AQ: 1]: Connected session &lt;\u0000&gt;
Google.Solutions.Compute Verbose: 0 : SshRelayStream [TX: 1 TXA: 0 RX: 0 AQ: 1]: Connected session &lt;\u0000&gt;
Google.Solutions.Compute Verbose: 0 : SshRelayStream [TX: 1 TXA: 0 RX: 0 AQ: 1]: Connected session &lt;\u0000&gt;
Google.Solutions.Compute Verbose: 0 : SshRelayStream [TX: 1 TXA: 0 RX: 0 AQ: 1]: Connected session &lt;\u0000&gt;
Google.Solutions.Compute Verbose: 0 : SshRelayStream [TX: 1 TXA: 0 RX: 0 AQ: 1]: Connected session &lt;\u0000&gt;
Google.Solutions.Compute Verbose: 0 : SshRelayStream [TX: 1 TXA: 0 RX: 0 AQ: 1]: Received data (2 bytes)
Google.Solutions.Compute Verbose: 0 : SshRelayStream [TX: 1 TXA: 0 RX: 0 AQ: 1]: Received data (2 bytes)
Google.Solutions.Compute Verbose: 0 : SshRelayStream [TX: 1 TXA: 0 RX: 0 AQ: 1]: Received data (2 bytes)
Google.Solutions.Compute Verbose: 0 : SshRelayStream [TX: 1 TXA: 0 RX: 0 AQ: 1]: Received data (2 bytes)
Google.Solutions.Compute Verbose: 0 : SshRelayStream [TX: 1 TXA: 0 RX: 0 AQ: 1]: Received data (2 bytes)
Google.Solutions.Compute Verbose: 0 : SshRelayStream [TX: 1 TXA: 0 RX: 0 AQ: 1]: Received data (2 bytes)
Google.Solutions.Compute Verbose: 0 : SshRelayStream [TX: 1 TXA: 0 RX: 0 AQ: 1]: Received data (2 bytes)
Google.Solutions.Compute Verbose: 0 : SshRelayStream [TX: 1 TXA: 0 RX: 0 AQ: 1]: Received data (2 bytes)
Google.Solutions.Compute Verbose: 0 : SshRelayStream [TX: 1 TXA: 0 RX: 0 AQ: 1]: Received data (2 bytes)
Google.Solutions.Compute Verbose: 0 : SshRelayStream [TX: 1 TXA: 0 RX: 0 AQ: 1]: Received data (2 bytes)
Google.Solutions.Compute Verbose: 0 : SshRelayStream [TX: 1 TXA: 0 RX: 0 AQ: 1]: Received data (2 bytes)
Google.Solutions.Compute Verbose: 0 : SshRelayStream [TX: 1 TXA: 0 RX: 0 AQ: 1]: Received data (2 bytes)
Google.Solutions.Compute Verbose: 0 : SshRelayStream [TX: 1 TXA: 0 RX: 0 AQ: 1]: Received data (2 bytes)
Google.Solutions.Compute Verbose: 0 : SshRelayStream [TX: 1 TXA: 0 RX: 0 AQ: 1]: Received data (2 bytes)
Google.Solutions.Compute Verbose: 0 : SshRelayStream [TX: 1 TXA: 0 RX: 0 AQ: 1]: Received data (2 bytes)
Google.Solutions.Compute Verbose: 0 : SshRelayStream [TX: 1 TXA: 0 RX: 0 AQ: 1]: Received data (2 bytes)
Google.Solutions.Compute Verbose: 0 : SshRelayStream [TX: 1 TXA: 0 RX: 0 AQ: 1]: Received data (2 bytes)
Google.Solutions.Compute Verbose: 0 : SshRelayStream [TX: 1 TXA: 0 RX: 0 AQ: 1]: Received data (2 bytes)
Google.Solutions.Compute Verbose: 0 : SshRelayStream [TX: 1 TXA: 0 RX: 0 AQ: 1]: Received data (2 bytes)
Google.Solutions.Compute Verbose: 0 : SshRelayStream [TX: 1 TXA: 0 RX: 0 AQ: 1]: Received data (2 bytes)
Google.Solutions.Compute Verbose: 0 : SshRelayStream [TX: 1 TXA: 0 RX: 0 AQ: 1]: Received data (2 bytes)
Google.Solutions.Compute Verbose: 0 : SshRelayStream [TX: 1 TXA: 0 RX: 0 AQ: 1]: Received data (2 bytes)
Google.Solutions.Compute Verbose: 0 : SshRelayStream [TX: 1 TXA: 0 RX: 0 AQ: 1]: Received data (2 bytes)
Google.Solutions.Compute Verbose: 0 : SshRelayStream [TX: 1 TXA: 0 RX: 0 AQ: 1]: Received data (2 bytes)
Google.Solutions.Compute Verbose: 0 : SshRelayStream [TX: 1 TXA: 0 RX: 0 AQ: 1]: Received data (2 bytes)
Google.Solutions.Compute Verbose: 0 : SshRelayStream [TX: 1 TXA: 0 RX: 0 AQ: 1]: Received data (2 bytes)
Google.Solutions.Compute Verbose: 0 : SshRelayStream [TX: 1 TXA: 0 RX: 0 AQ: 1]: Received data (2 bytes)
Google.Solutions.Compute Verbose: 0 : SshRelayStream [TX: 1 TXA: 0 RX: 0 AQ: 1]: Received data (2 bytes)
Google.Solutions.Compute Verbose: 0 : SshRelayStream [TX: 1 TXA: 0 RX: 0 AQ: 1]: Received data (2 bytes)
Google.Solutions.Compute Verbose: 0 : SshRelayStream [TX: 1 TXA: 0 RX: 0 AQ: 1]: Received data (2 bytes)
Google.Solutions.Compute Verbose: 0 : SshRelayStream [TX: 1 TXA: 0 RX: 0 AQ: 1]: Received data (2 bytes)
Google.Solutions.Compute Verbose: 0 : SshRelayStream [TX: 1 TXA: 0 RX: 0 AQ: 1]: Received data (2 bytes)
Google.Solutions.Compute Verbose: 0 : SshRelayStream [TX: 1 TXA: 0 RX: 0 AQ: 1]: Received data (2 bytes)
Google.Solutions.Compute Verbose: 0 : SshRelayStream [TX: 1 TXA: 0 RX: 0 AQ: 1]: Received data (2 bytes)
Google.Solutions.Compute Verbose: 0 : SshRelayStream [TX: 1 TXA: 0 RX: 0 AQ: 1]: Received data (2 bytes)
Google.Solutions.Compute Verbose: 0 : SshRelayStream [TX: 1 TXA: 0 RX: 0 AQ: 1]: Received data (2 bytes)
Google.Solutions.Compute Verbose: 0 : SshRelayStream [TX: 1 TXA: 0 RX: 0 AQ: 1]: Received data (2 bytes)
Google.Solutions.Compute Verbose: 0 : SshRelayStream [TX: 1 TXA: 0 RX: 0 AQ: 1]: Received data (2 bytes)
Google.Solutions.Compute Verbose: 0 : SshRelayStream [TX: 1 TXA: 0 RX: 0 AQ: 1]: Received data (2 bytes)
Google.Solutions.Compute Verbose: 0 : SshRelayStream [TX: 1 TXA: 0 RX: 0 AQ: 1]: Received data (2 bytes)
Google.Solutions.Compute Verbose: 0 : SshRelayStream [TX: 1 TXA: 0 RX: 0 AQ: 1]: Received data (2 bytes)
Google.Solutions.Compute Verbose: 0 : SshRelayStream [TX: 1 TXA: 0 RX: 0 AQ: 1]: Received data (2 bytes)
Google.Solutions.Compute Verbose: 0 : SshRelayStream [TX: 1 TXA: 0 RX: 0 AQ: 1]: Received data (2 bytes)
Google.Solutions.Compute Verbose: 0 : SshRelayStream [TX: 1 TXA: 0 RX: 0 AQ: 1]: Received data (2 bytes)
Google.Solutions.Compute Verbose: 0 : SshRelayStream [TX: 1 TXA: 0 RX: 0 AQ: 1]: Received data (2 bytes)
Google.Solutions.Compute Verbose: 0 : SshRelayStream [TX: 1 TXA: 0 RX: 0 AQ: 1]: Received data (2 bytes)
Google.Solutions.Compute Verbose: 0 : SshRelayStream [TX: 1 TXA: 0 RX: 0 AQ: 1]: Received data (2 bytes)
Google.Solutions.Compute Verbose: 0 : SshRelayStream [TX: 1 TXA: 0 RX: 0 AQ: 1]: Received data (2 bytes)
Google.Solutions.Compute Verbose: 0 : SshRelayStream [TX: 1 TXA: 0 RX: 0 AQ: 1]: Received data (2 bytes)
Google.Solutions.Compute Verbose: 0 : SshRelayStream [TX: 1 TXA: 0 RX: 0 AQ: 1]: Received data (2 bytes)
Google.Solutions.Compute Verbose: 0 : SshRelayStream [TX: 1 TXA: 0 RX: 0 AQ: 1]: Received data (2 bytes)
Google.Solutions.Compute Verbose: 0 : SshRelayStream [TX: 1 TXA: 0 RX: 0 AQ: 1]: Received data (2 bytes)
Google.Solutions.Compute Verbose: 0 : SshRelayStream [TX: 1 TXA: 0 RX: 0 AQ: 1]: Received data (2 bytes)
Google.Solutions.Compute Verbose: 0 : SshRelayStream [TX: 1 TXA: 0 RX: 0 AQ: 1]: Received data (2 bytes)
Google.Solutions.Compute Verbose: 0 : SshRelayStream [TX: 1 TXA: 0 RX: 0 AQ: 1]: Received data (2 bytes)
Google.Solutions.Compute Verbose: 0 : SshRelayStream [TX: 1 TXA: 0 RX: 0 AQ: 1]: Received data (2 bytes)
Google.Solutions.Compute Verbose: 0 : SshRelayStream [TX: 1 TXA: 0 RX: 0 AQ: 1]: Received data (2 bytes)
Google.Solutions.Compute Verbose: 0 : SshRelayStream [TX: 1 TXA: 0 RX: 0 AQ: 1]: Received data (2 bytes)
Google.Solutions.Compute Verbose: 0 : SshRelayStream [TX: 1 TXA: 0 RX: 0 AQ: 1]: Received data (2 bytes)
Google.Solutions.Compute Verbose: 0 : SshRelayStream [TX: 1 TXA: 0 RX: 0 AQ: 1]: Received data (2 bytes)
Google.Solutions.Compute Verbose: 0 : SshRelayStream [TX: 1 TXA: 0 RX: 0 AQ: 1]: Received data (2 bytes)
Google.Solutions.Compute Verbose: 0 : SshRelayStream [TX: 1 TXA: 0 RX: 0 AQ: 1]: Received data (2 bytes)
Google.Solutions.Compute Verbose: 0 : SshRelayStream [TX: 1 TXA: 0 RX: 0 AQ: 1]: Received data (2 bytes)
Google.Solutions.Compute Verbose: 0 : SshRelayStream [TX: 1 TXA: 0 RX: 0 AQ: 1]: Received data (2 bytes)
Google.Solutions.Compute Verbose: 0 : SshRelayStream [TX: 1 TXA: 0 RX: 0 AQ: 1]: Received data (2 bytes)
Google.Solutions.Compute Verbose: 0 : SshRelayStream [TX: 1 TXA: 0 RX: 0 AQ: 1]: Received data (2 bytes)
Google.Solutions.Compute Verbose: 0 : SshRelayStream [TX: 1 TXA: 0 RX: 0 AQ: 1]: Received data (2 bytes)
Google.Solutions.Compute Verbose: 0 : SshRelayStream [TX: 1 TXA: 0 RX: 2 AQ: 1]: Sending ACK #2...
Google.Solutions.Compute Verbose: 0 : SshRelayStream [TX: 1 TXA: 0 RX: 2 AQ: 1]: Sending ACK #2...
Google.Solutions.Compute Verbose: 0 : SshRelayStream [TX: 1 TXA: 0 RX: 2 AQ: 1]: Sending ACK #2...
Google.Solutions.Compute Verbose: 0 : SshRelayStream [TX: 1 TXA: 0 RX: 2 AQ: 1]: Sending ACK #2...
Google.Solutions.Compute Verbose: 0 : SshRelayStream [TX: 1 TXA: 0 RX: 2 AQ: 1]: Sending ACK #2...
Google.Solutions.Compute Verbose: 0 : SshRelayStream [TX: 1 TXA: 0 RX: 2 AQ: 1]: Sending ACK #2...
Google.Solutions.Compute Verbose: 0 : SshRelayStream [TX: 1 TXA: 0 RX: 2 AQ: 1]: Sending ACK #2...
Google.Solutions.Compute Verbose: 0 : SshRelayStream [TX: 1 TXA: 0 RX: 2 AQ: 1]: Sending ACK #2...
Google.Solutions.Compute Verbose: 0 : SshRelayStream [TX: 1 TXA: 0 RX: 2 AQ: 1]: Sending ACK #2...
Google.Solutions.Compute Verbose: 0 : SshRelayStream [TX: 1 TXA: 0 RX: 2 AQ: 1]: Sending ACK #2...
Google.Solutions.Compute Verbose: 0 : SshRelayStream [TX: 1 TXA: 0 RX: 2 AQ: 1]: Sending ACK #2...
Google.Solutions.Compute Verbose: 0 : SshRelayStream [TX: 1 TXA: 0 RX: 2 AQ: 1]: Sending ACK #2...
Google.Solutions.Compute Verbose: 0 : SshRelayStream [TX: 1 TXA: 0 RX: 2 AQ: 1]: Sending ACK #2...
Google.Solutions.Compute Verbose: 0 : SshRelayStream [TX: 1 TXA: 0 RX: 2 AQ: 1]: Sending ACK #2...
Google.Solutions.Compute Verbose: 0 : SshRelayStream [TX: 1 TXA: 0 RX: 2 AQ: 1]: Sending ACK #2...
Google.Solutions.Compute Verbose: 0 : SshRelayStream [TX: 1 TXA: 0 RX: 2 AQ: 1]: Sending ACK #2...
Google.Solutions.Compute Verbose: 0 : SshRelayStream [TX: 1 TXA: 0 RX: 2 AQ: 1]: Sending ACK #2...
Google.Solutions.Compute Verbose: 0 : SshRelayStream [TX: 1 TXA: 0 RX: 2 AQ: 1]: Sending ACK #2...
Google.Solutions.Compute Verbose: 0 : SshRelayStream [TX: 1 TXA: 0 RX: 2 AQ: 1]: Sending ACK #2...
Google.Solutions.Compute Verbose: 0 : SshRelayStream [TX: 1 TXA: 0 RX: 2 AQ: 1]: Sending ACK #2...
Google.Solutions.Compute Verbose: 0 : SshRelayStream [TX: 1 TXA: 0 RX: 2 AQ: 1]: Sending ACK #2...
Google.Solutions.Compute Verbose: 0 : SshRelayStream [TX: 1 TXA: 0 RX: 2 AQ: 1]: Sending ACK #2...
Google.Solutions.Compute Verbose: 0 : SshRelayStream [TX: 1 TXA: 0 RX: 2 AQ: 1]: Sending ACK #2...
Google.Solutions.Compute Verbose: 0 : SshRelayStream [TX: 1 TXA: 0 RX: 2 AQ: 1]: Sending ACK #2...
Google.Solutions.Compute Verbose: 0 : SshRelayStream [TX: 1 TXA: 0 RX: 2 AQ: 1]: Sending ACK #2...
Google.Solutions.Compute Verbose: 0 : SshRelayStream [TX: 1 TXA: 0 RX: 2 AQ: 1]: Sending ACK #2...
Google.Solutions.Compute Verbose: 0 : SshRelayStream [TX: 1 TXA: 0 RX: 2 AQ: 1]: Sending ACK #2...
Google.Solutions.Compute Verbose: 0 : SshRelayStream [TX: 1 TXA: 0 RX: 2 AQ: 1]: Sending ACK #2...
Google.Solutions.Compute Verbose: 0 : SshRelayStream [TX: 1 TXA: 0 RX: 2 AQ: 1]: Sending ACK #2...
Google.Solutions.Compute Verbose: 0 : SshRelayStream [TX: 1 TXA: 0 RX: 2 AQ: 1]: Sending ACK #2...
Google.Solutions.Compute Verbose: 0 : SshRelayStream [TX: 1 TXA: 0 RX: 2 AQ: 1]: Sending ACK #2...
Google.Solutions.Compute Verbose: 0 : SshRelayStream [TX: 1 TXA: 0 RX: 2 AQ: 1]: Sending ACK #2...
Google.Solutions.Compute Verbose: 0 : SshRelayStream [TX: 1 TXA: 0 RX: 2 AQ: 1]: Sending ACK #2...
Google.Solutions.Compute Verbose: 0 : SshRelayStream [TX: 1 TXA: 0 RX: 2 AQ: 1]: Sending ACK #2...
Google.Solutions.Compute Verbose: 0 : SshRelayStream [TX: 1 TXA: 0 RX: 2 AQ: 1]: Sending ACK #2...
Google.Solutions.Compute Verbose: 0 : SshRelayStream [TX: 1 TXA: 0 RX: 2 AQ: 1]: Sending ACK #2...
Google.Solutions.Compute Verbose: 0 : SshRelayStream [TX: 1 TXA: 0 RX: 2 AQ: 1]: Sending ACK #2...
Google.Solutions.Compute Verbose: 0 : SshRelayStream [TX: 1 TXA: 0 RX: 2 AQ: 1]: Sending ACK #2...
Google.Solutions.Compute Verbose: 0 : SshRelayStream [TX: 1 TXA: 0 RX: 2 AQ: 1]: Sending ACK #2...
Google.Solutions.Compute Verbose: 0 : SshRelayStream [TX: 1 TXA: 0 RX: 2 AQ: 1]: Sending ACK #2...
Google.Solutions.Compute Verbose: 0 : SshRelayStream [TX: 1 TXA: 0 RX: 2 AQ: 1]: Sending ACK #2...
Google.Solutions.Compute Verbose: 0 : SshRelayStream [TX: 1 TXA: 0 RX: 2 AQ: 1]: Sending ACK #2...
Google.Solutions.Compute Verbose: 0 : SshRelayStream [TX: 1 TXA: 0 RX: 2 AQ: 1]: Sending ACK #2...
Google.Solutions.Compute Verbose: 0 : SshRelayStream [TX: 1 TXA: 0 RX: 2 AQ: 1]: Sending ACK #2...
Google.Solutions.Compute Verbose: 0 : SshRelayStream [TX: 1 TXA: 0 RX: 2 AQ: 1]: Sending ACK #2...
Google.Solutions.Compute Verbose: 0 : SshRelayStream [TX: 1 TXA: 0 RX: 2 AQ: 1]: Sending ACK #2...
Google.Solutions.Compute Verbose: 0 : SshRelayStream [TX: 1 TXA: 0 RX: 2 AQ: 1]: Sending ACK #2...
Google.Solutions.Compute Verbose: 0 : SshRelayStream [TX: 1 TXA: 0 RX: 2 AQ: 1]: Sending ACK #2...
Google.Solutions.Compute Verbose: 0 : SshRelayStream [TX: 1 TXA: 0 RX: 2 AQ: 1]: Sending ACK #2...
Google.Solutions.Compute Verbose: 0 : SshRelayStream [TX: 1 TXA: 0 RX: 2 AQ: 1]: Sending ACK #2...
Google.Solutions.Compute Verbose: 0 : SshRelayStream [TX: 1 TXA: 0 RX: 2 AQ: 1]: Sending ACK #2...
Google.Solutions.Compute Verbose: 0 : SshRelayStream [TX: 1 TXA: 0 RX: 2 AQ: 1]: Sending ACK #2...
Google.Solutions.Compute Verbose: 0 : SshRelayStream [TX: 1 TXA: 0 RX: 2 AQ: 1]: Sending ACK #2...
Google.Solutions.Compute Verbose: 0 : SshRelayStream [TX: 1 TXA: 0 RX: 2 AQ: 1]: Sending ACK #2...
Google.Solutions.Compute Verbose: 0 : SshRelayStream [TX: 1 TXA: 0 RX: 2 AQ: 1]: Sending ACK #2...
Google.Solutions.Compute Verbose: 0 : SshRelayStream [TX: 1 TXA: 0 RX: 2 AQ: 1]: Sending ACK #2...
Google.Solutions.Compute Verbose: 0 : SshRelayStream [TX: 1 TXA: 0 RX: 2 AQ: 1]: Sending ACK #2...
Google.Solutions.Compute Verbose: 0 : SshRelayStream [TX: 1 TXA: 0 RX: 2 AQ: 1]: Sending ACK #2...
Google.Solutions.Compute Verbose: 0 : SshRelayStream [TX: 1 TXA: 0 RX: 2 AQ: 1]: Sending ACK #2...
Google.Solutions.Compute Verbose: 0 : SshRelayStream [TX: 1 TXA: 0 RX: 2 AQ: 1]: Sending ACK #2...
Google.Solutions.Compute Verbose: 0 : SshRelayStream [TX: 1 TXA: 0 RX: 2 AQ: 1]: Sending ACK #2...
Google.Solutions.Compute Verbose: 0 : SshRelayStream [TX: 1 TXA: 0 RX: 2 AQ: 1]: Sending ACK #2...
Google.Solutions.Compute Verbose: 0 : SshRelayStream [TX: 1 TXA: 0 RX: 2 AQ: 1]: Sending ACK #2...
Google.Solutions.Compute Verbose: 0 : SshRelayStream [TX: 1 TXA: 0 RX: 2 AQ: 1]: Sending ACK #2...
Google.Solutions.Compute Verbose: 0 : SshRelayStream [TX: 1 TXA: 0 RX: 2 AQ: 1]: Sending ACK #2...
Google.Solutions.Compute Verbose: 0 : SshRelayStream [TX: 1 TXA: 0 RX: 2 AQ: 1]: Sending ACK #2...
Google.Solutions.Compute Verbose: 0 : SshRelayStream [TX: 1 TXA: 0 RX: 2 AQ: 1]: Sending ACK #2...
Google.Solutions.Compute Verbose: 0 : SshRelayStream [TX: 1 TXA: 0 RX: 2 AQ: 1]: Sending DATA #1...
Google.Solutions.Compute Verbose: 0 : SshRelayStream [TX: 1 TXA: 0 RX: 2 AQ: 1]: Sending DATA #1...
Google.Solutions.Compute Verbose: 0 : SshRelayStream [TX: 1 TXA: 0 RX: 2 AQ: 1]: Sending DATA #1...
Google.Solutions.Compute Verbose: 0 : SshRelayStream [TX: 1 TXA: 0 RX: 2 AQ: 1]: Sending DATA #1...
Google.Solutions.Compute Verbose: 0 : SshRelayStream [TX: 1 TXA: 0 RX: 2 AQ: 1]: Sending DATA #1...
Google.Solutions.Compute Verbose: 0 : SshRelayStream [TX: 1 TXA: 0 RX: 2 AQ: 1]: Sending DATA #1...
Google.Solutions.Compute Verbose: 0 : SshRelayStream [TX: 1 TXA: 0 RX: 2 AQ: 1]: Sending DATA #1...
Google.Solutions.Compute Verbose: 0 : SshRelayStream [TX: 1 TXA: 0 RX: 2 AQ: 1]: Sending DATA #1...
Google.Solutions.Compute Verbose: 0 : SshRelayStream [TX: 1 TXA: 0 RX: 2 AQ: 1]: Sending DATA #1...
Google.Solutions.Compute Verbose: 0 : SshRelayStream [TX: 1 TXA: 0 RX: 2 AQ: 1]: Sending DATA #1...
Google.Solutions.Compute Verbose: 0 : SshRelayStream [TX: 1 TXA: 0 RX: 2 AQ: 1]: Sending DATA #1...
Google.Solutions.Compute Verbose: 0 : SshRelayStream [TX: 1 TXA: 0 RX: 2 AQ: 1]: Sending DATA #1...
Google.Solutions.Compute Verbose: 0 : SshRelayStream [TX: 1 TXA: 0 RX: 2 AQ: 1]: Sending DATA #1...
Google.Solutions.Compute Verbose: 0 : SshRelayStream [TX: 1 TXA: 0 RX: 2 AQ: 1]: Sending DATA #1...
Google.Solutions.Compute Verbose: 0 : SshRelayStream [TX: 1 TXA: 0 RX: 2 AQ: 1]: Sending DATA #1...
Google.Solutions.Compute Verbose: 0 : SshRelayStream [TX: 1 TXA: 0 RX: 2 AQ: 1]: Sending DATA #1...
Google.Solutions.Compute Verbose: 0 : SshRelayStream [TX: 1 TXA: 0 RX: 2 AQ: 1]: Sending DATA #1...
Google.Solutions.Compute Verbose: 0 : SshRelayStream [TX: 1 TXA: 0 RX: 2 AQ: 1]: Sending DATA #1...
Google.Solutions.Compute Verbose: 0 : SshRelayStream [TX: 1 TXA: 0 RX: 2 AQ: 1]: Sending DATA #1...
Google.Solutions.Compute Verbose: 0 : SshRelayStream [TX: 1 TXA: 0 RX: 2 AQ: 1]: Sending DATA #1...
Google.Solutions.Compute Verbose: 0 : SshRelayStream [TX: 1 TXA: 0 RX: 2 AQ: 1]: Sending DATA #1...
Google.Solutions.Compute Verbose: 0 : SshRelayStream [TX: 1 TXA: 0 RX: 2 AQ: 1]: Sending DATA #1...
Google.Solutions.Compute Verbose: 0 : SshRelayStream [TX: 1 TXA: 0 RX: 2 AQ: 1]: Sending DATA #1...
Google.Solutions.Compute Verbose: 0 : SshRelayStream [TX: 1 TXA: 0 RX: 2 AQ: 1]: Sending DATA #1...
Google.Solutions.Compute Verbose: 0 : SshRelayStream [TX: 1 TXA: 0 RX: 2 AQ: 1]: Sending DATA #1...
Google.Solutions.Compute Verbose: 0 : SshRelayStream [TX: 1 TXA: 0 RX: 2 AQ: 1]: Sending DATA #1...
Google.Solutions.Compute Verbose: 0 : SshRelayStream [TX: 1 TXA: 0 RX: 2 AQ: 1]: Sending DATA #1...
Google.Solutions.Compute Verbose: 0 : SshRelayStream [TX: 1 TXA: 0 RX: 2 AQ: 1]: Sending DATA #1...
Google.Solutions.Compute Verbose: 0 : SshRelayStream [TX: 1 TXA: 0 RX: 2 AQ: 1]: Sending DATA #1...
Google.Solutions.Compute Verbose: 0 : SshRelayStream [TX: 1 TXA: 0 RX: 2 AQ: 1]: Sending DATA #1...
Google.Solutions.Compute Verbose: 0 : SshRelayStream [TX: 1 TXA: 0 RX: 2 AQ: 1]: Sending DATA #1...
Google.Solutions.Compute Verbose: 0 : SshRelayStream [TX: 1 TXA: 0 RX: 2 AQ: 1]: Sending DATA #1...
Google.Solutions.Compute Verbose: 0 : SshRelayStream [TX: 1 TXA: 0 RX: 2 AQ: 1]: Sending DATA #1...
Google.Solutions.Compute Verbose: 0 : SshRelayStream [TX: 1 TXA: 0 RX: 2 AQ: 1]: Sending DATA #1...
Google.Solutions.Compute Verbose: 0 : SshRelayStream [TX: 1 TXA: 0 RX: 2 AQ: 1]: Sending DATA #1...
Google.Solutions.Compute Verbose: 0 : SshRelayStream [TX: 1 TXA: 0 RX: 2 AQ: 1]: Sending DATA #1...
Google.Solutions.Compute Verbose: 0 : SshRelayStream [TX: 1 TXA: 0 RX: 2 AQ: 1]: Sending DATA #1...
Google.Solutions.Compute Verbose: 0 : SshRelayStream [TX: 1 TXA: 0 RX: 2 AQ: 1]: Sending DATA #1...
Google.Solutions.Compute Verbose: 0 : SshRelayStream [TX: 1 TXA: 0 RX: 2 AQ: 1]: Sending DATA #1...
Google.Solutions.Compute Verbose: 0 : SshRelayStream [TX: 1 TXA: 0 RX: 2 AQ: 1]: Sending DATA #1...
Google.Solutions.Compute Verbose: 0 : SshRelayStream [TX: 1 TXA: 0 RX: 2 AQ: 1]: Sending DATA #1...
Google.Solutions.Compute Verbose: 0 : SshRelayStream [TX: 1 TXA: 0 RX: 2 AQ: 1]: Sending DATA #1...
Google.Solutions.Compute Verbose: 0 : SshRelayStream [TX: 1 TXA: 0 RX: 2 AQ: 1]: Sending DATA #1...
Google.Solutions.Compute Verbose: 0 : SshRelayStream [TX: 1 TXA: 0 RX: 2 AQ: 1]: Sending DATA #1...
Google.Solutions.Compute Verbose: 0 : SshRelayStream [TX: 1 TXA: 0 RX: 2 AQ: 1]: Sending DATA #1...
Google.Solutions.Compute Verbose: 0 : SshRelayStream [TX: 1 TXA: 0 RX: 2 AQ: 1]: Sending DATA #1...
Google.Solutions.Compute Verbose: 0 : SshRelayStream [TX: 1 TXA: 0 RX: 2 AQ: 1]: Sending DATA #1...
Google.Solutions.Compute Verbose: 0 : SshRelayStream [TX: 1 TXA: 0 RX: 2 AQ: 1]: Sending DATA #1...
Google.Solutions.Compute Verbose: 0 : SshRelayStream [TX: 1 TXA: 0 RX: 2 AQ: 1]: Sending DATA #1...
Google.Solutions.Compute Verbose: 0 : SshRelayStream [TX: 1 TXA: 0 RX: 2 AQ: 1]: Sending DATA #1...
Google.Solutions.Compute Verbose: 0 : SshRelayStream [TX: 1 TXA: 0 RX: 2 AQ: 1]: Sending DATA #1...
Google.Solutions.Compute Verbose: 0 : SshRelayStream [TX: 1 TXA: 0 RX: 2 AQ: 1]: Sending DATA #1...
Google.Solutions.Compute Verbose: 0 : SshRelayStream [TX: 1 TXA: 0 RX: 2 AQ: 1]: Sending DATA #1...
Google.Solutions.Compute Verbose: 0 : SshRelayStream [TX: 1 TXA: 0 RX: 2 AQ: 1]: Sending DATA #1...
Google.Solutions.Compute Verbose: 0 : SshRelayStream [TX: 1 TXA: 0 RX: 2 AQ: 1]: Sending DATA #1...
Google.Solutions.Compute Verbose: 0 : SshRelayStream [TX: 1 TXA: 0 RX: 2 AQ: 1]: Sending DATA #1...
Google.Solutions.Compute Verbose: 0 : SshRelayStream [TX: 1 TXA: 0 RX: 2 AQ: 1]: Sending DATA #1...
Google.Solutions.Compute Verbose: 0 : SshRelayStream [TX: 1 TXA: 0 RX: 2 AQ: 1]: Sending DATA #1...
Google.Solutions.Compute Verbose: 0 : SshRelayStream [TX: 1 TXA: 0 RX: 2 AQ: 1]: Sending DATA #1...
Google.Solutions.Compute Verbose: 0 : SshRelayStream [TX: 1 TXA: 0 RX: 2 AQ: 1]: Sending DATA #1...
Google.Solutions.Compute Verbose: 0 : SshRelayStream [TX: 1 TXA: 0 RX: 2 AQ: 1]: Sending DATA #1...
Google.Solutions.Compute Verbose: 0 : SshRelayStream [TX: 1 TXA: 0 RX: 2 AQ: 1]: Sending DATA #1...
Google.Solutions.Compute Verbose: 0 : SshRelayStream [TX: 1 TXA: 0 RX: 2 AQ: 1]: Sending DATA #1...
Google.Solutions.Compute Verbose: 0 : SshRelayStream [TX: 1 TXA: 0 RX: 2 AQ: 1]: Sending DATA #1...
Google.Solutions.Compute Verbose: 0 : SshRelayStream [TX: 1 TXA: 0 RX: 2 AQ: 1]: Sending DATA #1...
Google.Solutions.Compute Verbose: 0 : SshRelayStream [TX: 1 TXA: 0 RX: 2 AQ: 1]: Sending DATA #1...
Google.Solutions.Compute Verbose: 0 : SshRelayStream [TX: 1 TXA: 0 RX: 2 AQ: 1]: Sending DATA #1...
Google.Solutions.Compute Verbose: 0 : SshRelayStream [TX: 2 TXA: 0 RX: 2 AQ: 2]: Sending DATA #2...
Google.Solutions.Compute Verbose: 0 : SshRelayStream [TX: 2 TXA: 0 RX: 2 AQ: 2]: Sending DATA #2...
Google.Solutions.Compute Verbose: 0 : SshRelayStream [TX: 2 TXA: 0 RX: 2 AQ: 2]: Sending DATA #2...
Google.Solutions.Compute Verbose: 0 : SshRelayStream [TX: 2 TXA: 0 RX: 2 AQ: 2]: Sending DATA #2...
Google.Solutions.Compute Verbose: 0 : SshRelayStream [TX: 2 TXA: 0 RX: 2 AQ: 2]: Sending DATA #2...
Google.Solutions.Compute Verbose: 0 : SshRelayStream [TX: 2 TXA: 0 RX: 2 AQ: 2]: Sending DATA #2...
Google.Solutions.Compute Verbose: 0 : SshRelayStream [TX: 2 TXA: 0 RX: 2 AQ: 2]: Sending DATA #2...
Google.Solutions.Compute Verbose: 0 : SshRelayStream [TX: 2 TXA: 0 RX: 2 AQ: 2]: Sending DATA #2...
Google.Solutions.Compute Verbose: 0 : SshRelayStream [TX: 2 TXA: 0 RX: 2 AQ: 2]: Sending DATA #2...
Google.Solutions.Compute Verbose: 0 : SshRelayStream [TX: 2 TXA: 0 RX: 2 AQ: 2]: Sending DATA #2...
Google.Solutions.Compute Verbose: 0 : SshRelayStream [TX: 2 TXA: 0 RX: 2 AQ: 2]: Sending DATA #2...
Google.Solutions.Compute Verbose: 0 : SshRelayStream [TX: 2 TXA: 0 RX: 2 AQ: 2]: Sending DATA #2...
Google.Solutions.Compute Verbose: 0 : SshRelayStream [TX: 2 TXA: 0 RX: 2 AQ: 2]: Sending DATA #2...
Google.Solutions.Compute Verbose: 0 : SshRelayStream [TX: 2 TXA: 0 RX: 2 AQ: 2]: Sending DATA #2...
Google.Solutions.Compute Verbose: 0 : SshRelayStream [TX: 2 TXA: 0 RX: 2 AQ: 2]: Sending DATA #2...
Google.Solutions.Compute Verbose: 0 : SshRelayStream [TX: 2 TXA: 0 RX: 2 AQ: 2]: Sending DATA #2...
Google.Solutions.Compute Verbose: 0 : SshRelayStream [TX: 2 TXA: 0 RX: 2 AQ: 2]: Sending DATA #2...
Google.Solutions.Compute Verbose: 0 : SshRelayStream [TX: 2 TXA: 0 RX: 2 AQ: 2]: Sending DATA #2...
Google.Solutions.Compute Verbose: 0 : SshRelayStream [TX: 2 TXA: 0 RX: 2 AQ: 2]: Sending DATA #2...
Google.Solutions.Compute Verbose: 0 : SshRelayStream [TX: 2 TXA: 0 RX: 2 AQ: 2]: Sending DATA #2...
Google.Solutions.Compute Verbose: 0 : SshRelayStream [TX: 2 TXA: 0 RX: 2 AQ: 2]: Sending DATA #2...
Google.Solutions.Compute Verbose: 0 : SshRelayStream [TX: 2 TXA: 0 RX: 2 AQ: 2]: Sending DATA #2...
Google.Solutions.Compute Verbose: 0 : SshRelayStream [TX: 2 TXA: 0 RX: 2 AQ: 2]: Sending DATA #2...
Google.Solutions.Compute Verbose: 0 : SshRelayStream [TX: 2 TXA: 0 RX: 2 AQ: 2]: Sending DATA #2...
Google.Solutions.Compute Verbose: 0 : SshRelayStream [TX: 2 TXA: 0 RX: 2 AQ: 2]: Sending DATA #2...
Google.Solutions.Compute Verbose: 0 : SshRelayStream [TX: 2 TXA: 0 RX: 2 AQ: 2]: Sending DATA #2...
Google.Solutions.Compute Verbose: 0 : SshRelayStream [TX: 2 TXA: 0 RX: 2 AQ: 2]: Sending DATA #2...
Google.Solutions.Compute Verbose: 0 : SshRelayStream [TX: 2 TXA: 0 RX: 2 AQ: 2]: Sending DATA #2...
Google.Solutions.Compute Verbose: 0 : SshRelayStream [TX: 2 TXA: 0 RX: 2 AQ: 2]: Sending DATA #2...
Google.Solutions.Compute Verbose: 0 : SshRelayStream [TX: 2 TXA: 0 RX: 2 AQ: 2]: Sending DATA #2...
Google.Solutions.Compute Verbose: 0 : SshRelayStream [TX: 2 TXA: 0 RX: 2 AQ: 2]: Sending DATA #2...
Google.Solutions.Compute Verbose: 0 : SshRelayStream [TX: 2 TXA: 0 RX: 2 AQ: 2]: Sending DATA #2...
Google.Solutions.Compute Verbose: 0 : SshRelayStream [TX: 2 TXA: 0 RX: 2 AQ: 2]: Sending DATA #2...
Google.Solutions.Compute Verbose: 0 : SshRelayStream [TX: 2 TXA: 0 RX: 2 AQ: 2]: Sending DATA #2...
Google.Solutions.Compute Verbose: 0 : SshRelayStream [TX: 2 TXA: 0 RX: 2 AQ: 2]: Sending DATA #2...
Google.Solutions.Compute Verbose: 0 : SshRelayStream [TX: 2 TXA: 0 RX: 2 AQ: 2]: Sending DATA #2...
Google.Solutions.Compute Verbose: 0 : SshRelayStream [TX: 2 TXA: 0 RX: 2 AQ: 2]: Sending DATA #2...
Google.Solutions.Compute Verbose: 0 : SshRelayStream [TX: 2 TXA: 0 RX: 2 AQ: 2]: Sending DATA #2...
Google.Solutions.Compute Verbose: 0 : SshRelayStream [TX: 2 TXA: 0 RX: 2 AQ: 2]: Sending DATA #2...
Google.Solutions.Compute Verbose: 0 : SshRelayStream [TX: 2 TXA: 0 RX: 2 AQ: 2]: Sending DATA #2...
Google.Solutions.Compute Verbose: 0 : SshRelayStream [TX: 2 TXA: 0 RX: 2 AQ: 2]: Sending DATA #2...
Google.Solutions.Compute Verbose: 0 : SshRelayStream [TX: 2 TXA: 0 RX: 2 AQ: 2]: Sending DATA #2...
Google.Solutions.Compute Verbose: 0 : SshRelayStream [TX: 2 TXA: 0 RX: 2 AQ: 2]: Sending DATA #2...
Google.Solutions.Compute Verbose: 0 : SshRelayStream [TX: 2 TXA: 0 RX: 2 AQ: 2]: Sending DATA #2...
Google.Solutions.Compute Verbose: 0 : SshRelayStream [TX: 2 TXA: 0 RX: 2 AQ: 2]: Sending DATA #2...
Google.Solutions.Compute Verbose: 0 : SshRelayStream [TX: 2 TXA: 0 RX: 2 AQ: 2]: Sending DATA #2...
Google.Solutions.Compute Verbose: 0 : SshRelayStream [TX: 2 TXA: 0 RX: 2 AQ: 2]: Sending DATA #2...
Google.Solutions.Compute Verbose: 0 : SshRelayStream [TX: 2 TXA: 0 RX: 2 AQ: 2]: Sending DATA #2...
Google.Solutions.Compute Verbose: 0 : SshRelayStream [TX: 2 TXA: 0 RX: 2 AQ: 2]: Sending DATA #2...
Google.Solutions.Compute Verbose: 0 : SshRelayStream [TX: 2 TXA: 0 RX: 2 AQ: 2]: Sending DATA #2...
Google.Solutions.Compute Verbose: 0 : SshRelayStream [TX: 2 TXA: 0 RX: 2 AQ: 2]: Sending DATA #2...
Google.Solutions.Compute Verbose: 0 : SshRelayStream [TX: 2 TXA: 0 RX: 2 AQ: 2]: Sending DATA #2...
Google.Solutions.Compute Verbose: 0 : SshRelayStream [TX: 2 TXA: 0 RX: 2 AQ: 2]: Sending DATA #2...
Google.Solutions.Compute Verbose: 0 : SshRelayStream [TX: 2 TXA: 0 RX: 2 AQ: 2]: Sending DATA #2...
Google.Solutions.Compute Verbose: 0 : SshRelayStream [TX: 2 TXA: 0 RX: 2 AQ: 2]: Sending DATA #2...
Google.Solutions.Compute Verbose: 0 : SshRelayStream [TX: 2 TXA: 0 RX: 2 AQ: 2]: Sending DATA #2...
Google.Solutions.Compute Verbose: 0 : SshRelayStream [TX: 2 TXA: 0 RX: 2 AQ: 2]: Sending DATA #2...
Google.Solutions.Compute Verbose: 0 : SshRelayStream [TX: 2 TXA: 0 RX: 2 AQ: 2]: Sending DATA #2...
Google.Solutions.Compute Verbose: 0 : SshRelayStream [TX: 2 TXA: 0 RX: 2 AQ: 2]: Sending DATA #2...
Google.Solutions.Compute Verbose: 0 : SshRelayStream [TX: 2 TXA: 0 RX: 2 AQ: 2]: Sending DATA #2...
Google.Solutions.Compute Verbose: 0 : SshRelayStream [TX: 2 TXA: 0 RX: 2 AQ: 2]: Sending DATA #2...
Google.Solutions.Compute Verbose: 0 : SshRelayStream [TX: 2 TXA: 0 RX: 2 AQ: 2]: Sending DATA #2...
Google.Solutions.Compute Verbose: 0 : SshRelayStream [TX: 2 TXA: 0 RX: 2 AQ: 2]: Sending DATA #2...
Google.Solutions.Compute Verbose: 0 : SshRelayStream [TX: 2 TXA: 0 RX: 2 AQ: 2]: Sending DATA #2...
Google.Solutions.Compute Verbose: 0 : SshRelayStream [TX: 2 TXA: 0 RX: 2 AQ: 2]: Sending DATA #2...
Google.Solutions.Compute Verbose: 0 : SshRelayStream [TX: 2 TXA: 0 RX: 2 AQ: 2]: Sending DATA #2...
Google.Solutions.Compute Verbose: 0 : SshRelayStream [TX: 2 TXA: 0 RX: 2 AQ: 2]: Sending DATA #2...
Google.Solutions.Compute Verbose: 0 : SshRelayStream [TX: 2 TXA: 0 RX: 2 AQ: 2]: Connection closed abnormally: REAUTHENTICATION_REQUIRED
Google.Solutions.Compute Verbose: 0 : SshRelayStream [TX: 2 TXA: 0 RX: 2 AQ: 2]: Connection closed abnormally: REAUTHENTICATION_REQUIRED
Google.Solutions.Compute Verbose: 0 : SshRelayStream [TX: 2 TXA: 0 RX: 2 AQ: 2]: Connection closed abnormally: REAUTHENTICATION_REQUIRED
Google.Solutions.Compute Verbose: 0 : SshRelayStream [TX: 2 TXA: 0 RX: 2 AQ: 2]: Connection closed abnormally: REAUTHENTICATION_REQUIRED
Google.Solutions.Compute Verbose: 0 : SshRelayStream [TX: 2 TXA: 0 RX: 2 AQ: 2]: Connection closed abnormally: REAUTHENTICATION_REQUIRED
Google.Solutions.Compute Verbose: 0 : SshRelayStream [TX: 2 TXA: 0 RX: 2 AQ: 2]: Connection closed abnormally: REAUTHENTICATION_REQUIRED
Google.Solutions.Compute Verbose: 0 : SshRelayStream [TX: 2 TXA: 0 RX: 2 AQ: 2]: Connection closed abnormally: REAUTHENTICATION_REQUIRED
Google.Solutions.Compute Verbose: 0 : SshRelayStream [TX: 2 TXA: 0 RX: 2 AQ: 2]: Connection closed abnormally: REAUTHENTICATION_REQUIRED
Google.Solutions.Compute Verbose: 0 : SshRelayStream [TX: 2 TXA: 0 RX: 2 AQ: 2]: Connection closed abnormally: REAUTHENTICATION_REQUIRED
Google.Solutions.Compute Verbose: 0 : SshRelayStream [TX: 2 TXA: 0 RX: 2 AQ: 2]: Connection closed abnormally: REAUTHENTICATION_REQUIRED
Google.Solutions.Compute Verbose: 0 : SshRelayStream [TX: 2 TXA: 0 RX: 2 AQ: 2]: Connection closed abnormally: REAUTHENTICATION_REQUIRED
Google.Solutions.Compute Verbose: 0 : SshRelayStream [TX: 2 TXA: 0 RX: 2 AQ: 2]: Connection closed abnormally: REAUTHENTICATION_REQUIRED
Google.Solutions.Compute Verbose: 0 : SshRelayStream [TX: 2 TXA: 0 RX: 2 AQ: 2]: Connection closed abnormally: REAUTHENTICATION_REQUIRED
Google.Solutions.Compute Verbose: 0 : SshRelayStream [TX: 2 TXA: 0 RX: 2 AQ: 2]: Connection closed abnormally: REAUTHENTICATION_REQUIRED
Google.Solutions.Compute Verbose: 0 : SshRelayStream [TX: 2 TXA: 0 RX: 2 AQ: 2]: Connection closed abnormally: REAUTHENTICATION_REQUIRED
Google.Solutions.Compute Verbose: 0 : SshRelayStream [TX: 2 TXA: 0 RX: 2 AQ: 2]: Connection closed abnormally: REAUTHENTICATION_REQUIRED
Google.Solutions.Compute Verbose: 0 : SshRelayStream [TX: 2 TXA: 0 RX: 2 AQ: 2]: Connection closed abnormally: REAUTHENTICATION_REQUIRED
Google.Solutions.Compute Verbose: 0 : SshRelayStream [TX: 2 TXA: 0 RX: 2 AQ: 2]: Connection closed abnormally: REAUTHENTICATION_REQUIRED
Google.Solutions.Compute Verbose: 0 : SshRelayStream [TX: 2 TXA: 0 RX: 2 AQ: 2]: Connection closed abnormally: REAUTHENTICATION_REQUIRED
Google.Solutions.Compute Verbose: 0 : SshRelayStream [TX: 2 TXA: 0 RX: 2 AQ: 2]: Connection closed abnormally: REAUTHENTICATION_REQUIRED
Google.Solutions.Compute Verbose: 0 : SshRelayStream [TX: 2 TXA: 0 RX: 2 AQ: 2]: Connection closed abnormally: REAUTHENTICATION_REQUIRED
Google.Solutions.Compute Verbose: 0 : SshRelayStream [TX: 2 TXA: 0 RX: 2 AQ: 2]: Connection closed abnormally: REAUTHENTICATION_REQUIRED
Google.Solutions.Compute Verbose: 0 : SshRelayStream [TX: 2 TXA: 0 RX: 2 AQ: 2]: Connection closed abnormally: REAUTHENTICATION_REQUIRED
Google.Solutions.Compute Verbose: 0 : SshRelayStream [TX: 2 TXA: 0 RX: 2 AQ: 2]: Connection closed abnormally: REAUTHENTICATION_REQUIRED
Google.Solutions.Compute Verbose: 0 : SshRelayStream [TX: 2 TXA: 0 RX: 2 AQ: 2]: Connection closed abnormally: REAUTHENTICATION_REQUIRED
Google.Solutions.Compute Verbose: 0 : SshRelayStream [TX: 2 TXA: 0 RX: 2 AQ: 2]: Connection closed abnormally: REAUTHENTICATION_REQUIRED
Google.Solutions.Compute Verbose: 0 : SshRelayStream [TX: 2 TXA: 0 RX: 2 AQ: 2]: Connection closed abnormally: REAUTHENTICATION_REQUIRED
Google.Solutions.Compute Verbose: 0 : SshRelayStream [TX: 2 TXA: 0 RX: 2 AQ: 2]: Connection closed abnormally: REAUTHENTICATION_REQUIRED
Google.Solutions.Compute Verbose: 0 : SshRelayStream [TX: 2 TXA: 0 RX: 2 AQ: 2]: Connection closed abnormally: REAUTHENTICATION_REQUIRED
Google.Solutions.Compute Verbose: 0 : SshRelayStream [TX: 2 TXA: 0 RX: 2 AQ: 2]: Connection closed abnormally: REAUTHENTICATION_REQUIRED
Google.Solutions.Compute Verbose: 0 : SshRelayStream [TX: 2 TXA: 0 RX: 2 AQ: 2]: Connection closed abnormally: REAUTHENTICATION_REQUIRED
Google.Solutions.Compute Verbose: 0 : SshRelayStream [TX: 2 TXA: 0 RX: 2 AQ: 2]: Connection closed abnormally: REAUTHENTICATION_REQUIRED
Google.Solutions.Compute Verbose: 0 : SshRelayStream [TX: 2 TXA: 0 RX: 2 AQ: 2]: Connection closed abnormally: REAUTHENTICATION_REQUIRED
Google.Solutions.Compute Verbose: 0 : SshRelayStream [TX: 2 TXA: 0 RX: 2 AQ: 2]: Connection closed abnormally: REAUTHENTICATION_REQUIRED
Google.Solutions.Compute Verbose: 0 : SshRelayStream [TX: 2 TXA: 0 RX: 2 AQ: 2]: Connection closed abnormally: REAUTHENTICATION_REQUIRED
Google.Solutions.Compute Verbose: 0 : SshRelayStream [TX: 2 TXA: 0 RX: 2 AQ: 2]: Connection closed abnormally: REAUTHENTICATION_REQUIRED
Google.Solutions.Compute Verbose: 0 : SshRelayStream [TX: 2 TXA: 0 RX: 2 AQ: 2]: Connection closed abnormally: REAUTHENTICATION_REQUIRED
Google.Solutions.Compute Verbose: 0 : SshRelayStream [TX: 2 TXA: 0 RX: 2 AQ: 2]: Connection closed abnormally: REAUTHENTICATION_REQUIRED
Google.Solutions.Compute Verbose: 0 : SshRelayStream [TX: 2 TXA: 0 RX: 2 AQ: 2]: Connection closed abnormally: REAUTHENTICATION_REQUIRED
Google.Solutions.Compute Verbose: 0 : SshRelayStream [TX: 2 TXA: 0 RX: 2 AQ: 2]: Connection closed abnormally: REAUTHENTICATION_REQUIRED
Google.Solutions.Compute Verbose: 0 : SshRelayStream [TX: 2 TXA: 0 RX: 2 AQ: 2]: Connection closed abnormally: REAUTHENTICATION_REQUIRED
Google.Solutions.Compute Verbose: 0 : SshRelayStream [TX: 2 TXA: 0 RX: 2 AQ: 2]: Connection closed abnormally: REAUTHENTICATION_REQUIRED
Google.Solutions.Compute Verbose: 0 : SshRelayStream [TX: 2 TXA: 0 RX: 2 AQ: 2]: Connection closed abnormally: REAUTHENTICATION_REQUIRED
Google.Solutions.Compute Verbose: 0 : SshRelayStream [TX: 2 TXA: 0 RX: 2 AQ: 2]: Connection closed abnormally: REAUTHENTICATION_REQUIRED
Google.Solutions.Compute Verbose: 0 : SshRelayStream [TX: 2 TXA: 0 RX: 2 AQ: 2]: Connection closed abnormally: REAUTHENTICATION_REQUIRED
Google.Solutions.Compute Verbose: 0 : SshRelayStream [TX: 2 TXA: 0 RX: 2 AQ: 2]: Connection closed abnormally: REAUTHENTICATION_REQUIRED
Google.Solutions.Compute Verbose: 0 : SshRelayStream [TX: 2 TXA: 0 RX: 2 AQ: 2]: Connection closed abnormally: REAUTHENTICATION_REQUIRED
Google.Solutions.Compute Verbose: 0 : SshRelayStream [TX: 2 TXA: 0 RX: 2 AQ: 2]: Connection closed abnormally: REAUTHENTICATION_REQUIRED
Google.Solutions.Compute Verbose: 0 : SshRelayStream [TX: 2 TXA: 0 RX: 2 AQ: 2]: Connection closed abnormally: REAUTHENTICATION_REQUIRED
Google.Solutions.Compute Verbose: 0 : SshRelayStream [TX: 2 TXA: 0 RX: 2 AQ: 2]: Connection closed abnormally: REAUTHENTICATION_REQUIRED
Google.Solutions.Compute Verbose: 0 : SshRelayStream [TX: 2 TXA: 0 RX: 2 AQ: 2]: Connection closed abnormally: REAUTHENTICATION_REQUIRED
Google.Solutions.Compute Verbose: 0 : SshRelayStream [TX: 2 TXA: 0 RX: 2 AQ: 2]: Connection closed abnormally: REAUTHENTICATION_REQUIRED
Google.Solutions.Compute Verbose: 0 : SshRelayStream [TX: 2 TXA: 0 RX: 2 AQ: 2]: Connection closed abnormally: REAUTHENTICATION_REQUIRED
Google.Solutions.Compute Verbose: 0 : SshRelayStream [TX: 2 TXA: 0 RX: 2 AQ: 2]: Connection closed abnormally: REAUTHENTICATION_REQUIRED
Google.Solutions.Compute Verbose: 0 : SshRelayStream [TX: 2 TXA: 0 RX: 2 AQ: 2]: Connection closed abnormally: REAUTHENTICATION_REQUIRED
Google.Solutions.Compute Verbose: 0 : SshRelayStream [TX: 2 TXA: 0 RX: 2 AQ: 2]: Connection closed abnormally: REAUTHENTICATION_REQUIRED
Google.Solutions.Compute Verbose: 0 : SshRelayStream [TX: 2 TXA: 0 RX: 2 AQ: 2]: Connection closed abnormally: REAUTHENTICATION_REQUIRED
Google.Solutions.Compute Verbose: 0 : SshRelayStream [TX: 2 TXA: 0 RX: 2 AQ: 2]: Connection closed abnormally: REAUTHENTICATION_REQUIRED
Google.Solutions.Compute Verbose: 0 : SshRelayStream [TX: 2 TXA: 0 RX: 2 AQ: 2]: Connection closed abnormally: REAUTHENTICATION_REQUIRED
Google.Solutions.Compute Verbose: 0 : SshRelayStream [TX: 2 TXA: 0 RX: 2 AQ: 2]: Connection closed abnormally: REAUTHENTICATION_REQUIRED
Google.Solutions.Compute Verbose: 0 : SshRelayStream [TX: 2 TXA: 0 RX: 2 AQ: 2]: Connection closed abnormally: REAUTHENTICATION_REQUIRED
Google.Solutions.Compute Verbose: 0 : SshRelayStream [TX: 2 TXA: 0 RX: 2 AQ: 2]: Connection closed abnormally: REAUTHENTICATION_REQUIRED
Google.Solutions.Compute Verbose: 0 : SshRelayStream [TX: 2 TXA: 0 RX: 2 AQ: 2]: Connection closed abnormally: REAUTHENTICATION_REQUIRED
Google.Solutions.Compute Verbose: 0 : SshRelayStream [TX: 2 TXA: 0 RX: 2 AQ: 2]: Connection closed abnormally: REAUTHENTICATION_REQUIRED
Google.Solutions.Compute Verbose: 0 : SshRelayStream [TX: 2 TXA: 0 RX: 2 AQ: 2]: Connection closed abnormally: REAUTHENTICATION_REQUIRED
Google.Solutions.Compute Verbose: 0 : SshRelayStream [TX: 2 TXA: 0 RX: 2 AQ: 2]: Connection closed abnormally: REAUTHENTICATION_REQUIRED
Google.Solutions.Compute Verbose: 0 : SshRelayStream [TX: 2 TXA: 0 RX: 2 AQ: 2]: Connection closed abnormally: REAUTHENTICATION_REQUIRED
Google.Solutions.Compute Verbose: 0 : SshRelayStream [TX: 2 TXA: 0 RX: 2 AQ: 2]: Disconnecting, preparing to reconnect
Google.Solutions.Compute Verbose: 0 : SshRelayStream [TX: 2 TXA: 0 RX: 2 AQ: 2]: Disconnecting, preparing to reconnect
Google.Solutions.Compute Verbose: 0 : SshRelayStream [TX: 2 TXA: 0 RX: 2 AQ: 2]: Disconnecting, preparing to reconnect
Google.Solutions.Compute Verbose: 0 : SshRelayStream [TX: 2 TXA: 0 RX: 2 AQ: 2]: Disconnecting, preparing to reconnect
Google.Solutions.Compute Verbose: 0 : SshRelayStream [TX: 2 TXA: 0 RX: 2 AQ: 2]: Disconnecting, preparing to reconnect
Google.Solutions.Compute Verbose: 0 : SshRelayStream [TX: 2 TXA: 0 RX: 2 AQ: 2]: Disconnecting, preparing to reconnect
Google.Solutions.Compute Verbose: 0 : SshRelayStream [TX: 2 TXA: 0 RX: 2 AQ: 2]: Disconnecting, preparing to reconnect
Google.Solutions.Compute Verbose: 0 : SshRelayStream [TX: 2 TXA: 0 RX: 2 AQ: 2]: Disconnecting, preparing to reconnect
Google.Solutions.Compute Verbose: 0 : SshRelayStream [TX: 2 TXA: 0 RX: 2 AQ: 2]: Disconnecting, preparing to reconnect
Google.Solutions.Compute Verbose: 0 : SshRelayStream [TX: 2 TXA: 0 RX: 2 AQ: 2]: Disconnecting, preparing to reconnect
Google.Solutions.Compute Verbose: 0 : SshRelayStream [TX: 2 TXA: 0 RX: 2 AQ: 2]: Disconnecting, preparing to reconnect
Google.Solutions.Compute Verbose: 0 : SshRelayStream [TX: 2 TXA: 0 RX: 2 AQ: 2]: Disconnecting, preparing to reconnect
Google.Solutions.Compute Verbose: 0 : SshRelayStream [TX: 2 TXA: 0 RX: 2 AQ: 2]: Disconnecting, preparing to reconnect
Google.Solutions.Compute Verbose: 0 : SshRelayStream [TX: 2 TXA: 0 RX: 2 AQ: 2]: Disconnecting, preparing to reconnect
Google.Solutions.Compute Verbose: 0 : SshRelayStream [TX: 2 TXA: 0 RX: 2 AQ: 2]: Disconnecting, preparing to reconnect
Google.Solutions.Compute Verbose: 0 : SshRelayStream [TX: 2 TXA: 0 RX: 2 AQ: 2]: Disconnecting, preparing to reconnect
Google.Solutions.Compute Verbose: 0 : SshRelayStream [TX: 2 TXA: 0 RX: 2 AQ: 2]: Disconnecting, preparing to reconnect
Google.Solutions.Compute Verbose: 0 : SshRelayStream [TX: 2 TXA: 0 RX: 2 AQ: 2]: Disconnecting, preparing to reconnect
Google.Solutions.Compute Verbose: 0 : SshRelayStream [TX: 2 TXA: 0 RX: 2 AQ: 2]: Disconnecting, preparing to reconnect
Google.Solutions.Compute Verbose: 0 : SshRelayStream [TX: 2 TXA: 0 RX: 2 AQ: 2]: Disconnecting, preparing to reconnect
Google.Solutions.Compute Verbose: 0 : SshRelayStream [TX: 2 TXA: 0 RX: 2 AQ: 2]: Disconnecting, preparing to reconnect
Google.Solutions.Compute Verbose: 0 : SshRelayStream [TX: 2 TXA: 0 RX: 2 AQ: 2]: Disconnecting, preparing to reconnect
Google.Solutions.Compute Verbose: 0 : SshRelayStream [TX: 2 TXA: 0 RX: 2 AQ: 2]: Disconnecting, preparing to reconnect
Google.Solutions.Compute Verbose: 0 : SshRelayStream [TX: 2 TXA: 0 RX: 2 AQ: 2]: Disconnecting, preparing to reconnect
Google.Solutions.Compute Verbose: 0 : SshRelayStream [TX: 2 TXA: 0 RX: 2 AQ: 2]: Disconnecting, preparing to reconnect
Google.Solutions.Compute Verbose: 0 : SshRelayStream [TX: 2 TXA: 0 RX: 2 AQ: 2]: Disconnecting, preparing to reconnect
Google.Solutions.Compute Verbose: 0 : SshRelayStream [TX: 2 TXA: 0 RX: 2 AQ: 2]: Disconnecting, preparing to reconnect
Google.Solutions.Compute Verbose: 0 : SshRelayStream [TX: 2 TXA: 0 RX: 2 AQ: 2]: Disconnecting, preparing to reconnect
Google.Solutions.Compute Verbose: 0 : SshRelayStream [TX: 2 TXA: 0 RX: 2 AQ: 2]: Disconnecting, preparing to reconnect
Google.Solutions.Compute Verbose: 0 : SshRelayStream [TX: 2 TXA: 0 RX: 2 AQ: 2]: Disconnecting, preparing to reconnect
Google.Solutions.Compute Verbose: 0 : SshRelayStream [TX: 2 TXA: 0 RX: 2 AQ: 2]: Disconnecting, preparing to reconnect
Google.Solutions.Compute Verbose: 0 : SshRelayStream [TX: 2 TXA: 0 RX: 2 AQ: 2]: Disconnecting, preparing to reconnect
Google.Solutions.Compute Verbose: 0 : SshRelayStream [TX: 2 TXA: 0 RX: 2 AQ: 2]: Disconnecting, preparing to reconnect
Google.Solutions.Compute Verbose: 0 : SshRelayStream [TX: 2 TXA: 0 RX: 2 AQ: 2]: Disconnecting, preparing to reconnect
Google.Solutions.Compute Verbose: 0 : SshRelayStream [TX: 2 TXA: 0 RX: 2 AQ: 2]: Disconnecting, preparing to reconnect
Google.Solutions.Compute Verbose: 0 : SshRelayStream [TX: 2 TXA: 0 RX: 2 AQ: 2]: Disconnecting, preparing to reconnect
Google.Solutions.Compute Verbose: 0 : SshRelayStream [TX: 2 TXA: 0 RX: 2 AQ: 2]: Disconnecting, preparing to reconnect
Google.Solutions.Compute Verbose: 0 : SshRelayStream [TX: 2 TXA: 0 RX: 2 AQ: 2]: Disconnecting, preparing to reconnect
Google.Solutions.Compute Verbose: 0 : SshRelayStream [TX: 2 TXA: 0 RX: 2 AQ: 2]: Disconnecting, preparing to reconnect
Google.Solutions.Compute Verbose: 0 : SshRelayStream [TX: 2 TXA: 0 RX: 2 AQ: 2]: Disconnecting, preparing to reconnect
Google.Solutions.Compute Verbose: 0 : SshRelayStream [TX: 2 TXA: 0 RX: 2 AQ: 2]: Disconnecting, preparing to reconnect
Google.Solutions.Compute Verbose: 0 : SshRelayStream [TX: 2 TXA: 0 RX: 2 AQ: 2]: Disconnecting, preparing to reconnect
Google.Solutions.Compute Verbose: 0 : SshRelayStream [TX: 2 TXA: 0 RX: 2 AQ: 2]: Disconnecting, preparing to reconnect
Google.Solutions.Compute Verbose: 0 : SshRelayStream [TX: 2 TXA: 0 RX: 2 AQ: 2]: Disconnecting, preparing to reconnect
Google.Solutions.Compute Verbose: 0 : SshRelayStream [TX: 2 TXA: 0 RX: 2 AQ: 2]: Disconnecting, preparing to reconnect
Google.Solutions.Compute Verbose: 0 : SshRelayStream [TX: 2 TXA: 0 RX: 2 AQ: 2]: Disconnecting, preparing to reconnect
Google.Solutions.Compute Verbose: 0 : SshRelayStream [TX: 2 TXA: 0 RX: 2 AQ: 2]: Disconnecting, preparing to reconnect
Google.Solutions.Compute Verbose: 0 : SshRelayStream [TX: 2 TXA: 0 RX: 2 AQ: 2]: Disconnecting, preparing to reconnect
Google.Solutions.Compute Verbose: 0 : SshRelayStream [TX: 2 TXA: 0 RX: 2 AQ: 2]: Disconnecting, preparing to reconnect
Google.Solutions.Compute Verbose: 0 : SshRelayStream [TX: 2 TXA: 0 RX: 2 AQ: 2]: Disconnecting, preparing to reconnect
Google.Solutions.Compute Verbose: 0 : SshRelayStream [TX: 2 TXA: 0 RX: 2 AQ: 2]: Disconnecting, preparing to reconnect
Google.Solutions.Compute Verbose: 0 : SshRelayStream [TX: 2 TXA: 0 RX: 2 AQ: 2]: Disconnecting, preparing to reconnect
Google.Solutions.Compute Verbose: 0 : SshRelayStream [TX: 2 TXA: 0 RX: 2 AQ: 2]: Disconnecting, preparing to reconnect
Google.Solutions.Compute Verbose: 0 : SshRelayStream [TX: 2 TXA: 0 RX: 2 AQ: 2]: Disconnecting, preparing to reconnect
Google.Solutions.Compute Verbose: 0 : SshRelayStream [TX: 2 TXA: 0 RX: 2 AQ: 2]: Disconnecting, preparing to reconnect
Google.Solutions.Compute Verbose: 0 : SshRelayStream [TX: 2 TXA: 0 RX: 2 AQ: 2]: Disconnecting, preparing to reconnect
Google.Solutions.Compute Verbose: 0 : SshRelayStream [TX: 2 TXA: 0 RX: 2 AQ: 2]: Disconnecting, preparing to reconnect
Google.Solutions.Compute Verbose: 0 : SshRelayStream [TX: 2 TXA: 0 RX: 2 AQ: 2]: Disconnecting, preparing to reconnect
Google.Solutions.Compute Verbose: 0 : SshRelayStream [TX: 2 TXA: 0 RX: 2 AQ: 2]: Disconnecting, preparing to reconnect
Google.Solutions.Compute Verbose: 0 : SshRelayStream [TX: 2 TXA: 0 RX: 2 AQ: 2]: Disconnecting, preparing to reconnect
Google.Solutions.Compute Verbose: 0 : SshRelayStream [TX: 2 TXA: 0 RX: 2 AQ: 2]: Disconnecting, preparing to reconnect
Google.Solutions.Compute Verbose: 0 : SshRelayStream [TX: 2 TXA: 0 RX: 2 AQ: 2]: Disconnecting, preparing to reconnect
Google.Solutions.Compute Verbose: 0 : SshRelayStream [TX: 2 TXA: 0 RX: 2 AQ: 2]: Disconnecting, preparing to reconnect
Google.Solutions.Compute Verbose: 0 : SshRelayStream [TX: 2 TXA: 0 RX: 2 AQ: 2]: Disconnecting, preparing to reconnect
Google.Solutions.Compute Verbose: 0 : SshRelayStream [TX: 2 TXA: 0 RX: 2 AQ: 2]: Disconnecting, preparing to reconnect
Google.Solutions.Compute Verbose: 0 : SshRelayStream [TX: 2 TXA: 0 RX: 2 AQ: 2]: Disconnecting, preparing to reconnect
Google.Solutions.Compute Verbose: 0 : SshRelayStream [TX: 2 TXA: 0 RX: 2 AQ: 2]: Disconnecting, preparing to reconnect
Google.Solutions.Compute Verbose: 0 : SshRelayStream [TX: 2 TXA: 0 RX: 2 AQ: 2]: Disonnected.
Google.Solutions.Compute Verbose: 0 : SshRelayStream [TX: 2 TXA: 0 RX: 2 AQ: 2]: Disonnected.
Google.Solutions.Compute Verbose: 0 : SshRelayStream [TX: 2 TXA: 0 RX: 2 AQ: 2]: Disonnected.
Google.Solutions.Compute Verbose: 0 : SshRelayStream [TX: 2 TXA: 0 RX: 2 AQ: 2]: Disonnected.
Google.Solutions.Compute Verbose: 0 : SshRelayStream [TX: 2 TXA: 0 RX: 2 AQ: 2]: Disonnected.
Google.Solutions.Compute Verbose: 0 : SshRelayStream [TX: 2 TXA: 0 RX: 2 AQ: 2]: Disonnected.
Google.Solutions.Compute Verbose: 0 : SshRelayStream [TX: 2 TXA: 0 RX: 2 AQ: 2]: Disonnected.
Google.Solutions.Compute Verbose: 0 : SshRelayStream [TX: 2 TXA: 0 RX: 2 AQ: 2]: Disonnected.
Google.Solutions.Compute Verbose: 0 : SshRelayStream [TX: 2 TXA: 0 RX: 2 AQ: 2]: Disonnected.
Google.Solutions.Compute Verbose: 0 : SshRelayStream [TX: 2 TXA: 0 RX: 2 AQ: 2]: Disonnected.
Google.Solutions.Compute Verbose: 0 : SshRelayStream [TX: 2 TXA: 0 RX: 2 AQ: 2]: Disonnected.
Google.Solutions.Compute Verbose: 0 : SshRelayStream [TX: 2 TXA: 0 RX: 2 AQ: 2]: Disonnected.
Google.Solutions.Compute Verbose: 0 : SshRelayStream [TX: 2 TXA: 0 RX: 2 AQ: 2]: Disonnected.
Google.Solutions.Compute Verbose: 0 : SshRelayStream [TX: 2 TXA: 0 RX: 2 AQ: 2]: Disonnected.
Google.Solutions.Compute Verbose: 0 : SshRelayStream [TX: 2 TXA: 0 RX: 2 AQ: 2]: Disonnected.
Google.Solutions.Compute Verbose: 0 : SshRelayStream [TX: 2 TXA: 0 RX: 2 AQ: 2]: Disonnected.
Google.Solutions.Compute Verbose: 0 : SshRelayStream [TX: 2 TXA: 0 RX: 2 AQ: 2]: Disonnected.
Google.Solutions.Compute Verbose: 0 : SshRelayStream [TX: 2 TXA: 0 RX: 2 AQ: 2]: Disonnected.
Google.Solutions.Compute Verbose: 0 : SshRelayStream [TX: 2 TXA: 0 RX: 2 AQ: 2]: Disonnected.
Google.Solutions.Compute Verbose: 0 : SshRelayStream [TX: 2 TXA: 0 RX: 2 AQ: 2]: Disonnected.
Google.Solutions.Compute Verbose: 0 : SshRelayStream [TX: 2 TXA: 0 RX: 2 AQ: 2]: Disonnected.
Google.Solutions.Compute Verbose: 0 : SshRelayStream [TX: 2 TXA: 0 RX: 2 AQ: 2]: Disonnected.
Google.Solutions.Compute Verbose: 0 : SshRelayStream [TX: 2 TXA: 0 RX: 2 AQ: 2]: Disonnected.
Google.Solutions.Compute Verbose: 0 : SshRelayStream [TX: 2 TXA: 0 RX: 2 AQ: 2]: Disonnected.
Google.Solutions.Compute Verbose: 0 : SshRelayStream [TX: 2 TXA: 0 RX: 2 AQ: 2]: Disonnected.
Google.Solutions.Compute Verbose: 0 : SshRelayStream [TX: 2 TXA: 0 RX: 2 AQ: 2]: Disonnected.
Google.Solutions.Compute Verbose: 0 : SshRelayStream [TX: 2 TXA: 0 RX: 2 AQ: 2]: Disonnected.
Google.Solutions.Compute Verbose: 0 : SshRelayStream [TX: 2 TXA: 0 RX: 2 AQ: 2]: Disonnected.
Google.Solutions.Compute Verbose: 0 : SshRelayStream [TX: 2 TXA: 0 RX: 2 AQ: 2]: Disonnected.
Google.Solutions.Compute Verbose: 0 : SshRelayStream [TX: 2 TXA: 0 RX: 2 AQ: 2]: Disonnected.
Google.Solutions.Compute Verbose: 0 : SshRelayStream [TX: 2 TXA: 0 RX: 2 AQ: 2]: Disonnected.
Google.Solutions.Compute Verbose: 0 : SshRelayStream [TX: 2 TXA: 0 RX: 2 AQ: 2]: Disonnected.
Google.Solutions.Compute Verbose: 0 : SshRelayStream [TX: 2 TXA: 0 RX: 2 AQ: 2]: Disonnected.
Google.Solutions.Compute Verbose: 0 : SshRelayStream [TX: 2 TXA: 0 RX: 2 AQ: 2]: Disonnected.
Google.Solutions.Compute Verbose: 0 : SshRelayStream [TX: 2 TXA: 0 RX: 2 AQ: 2]: Disonnected.
Google.Solutions.Compute Verbose: 0 : SshRelayStream [TX: 2 TXA: 0 RX: 2 AQ: 2]: Disonnected.
Google.Solutions.Compute Verbose: 0 : SshRelayStream [TX: 2 TXA: 0 RX: 2 AQ: 2]: Disonnected.
Google.Solutions.Compute Verbose: 0 : SshRelayStream [TX: 2 TXA: 0 RX: 2 AQ: 2]: Disonnected.
Google.Solutions.Compute Verbose: 0 : SshRelayStream [TX: 2 TXA: 0 RX: 2 AQ: 2]: Disonnected.
Google.Solutions.Compute Verbose: 0 : SshRelayStream [TX: 2 TXA: 0 RX: 2 AQ: 2]: Disonnected.
Google.Solutions.Compute Verbose: 0 : SshRelayStream [TX: 2 TXA: 0 RX: 2 AQ: 2]: Disonnected.
Google.Solutions.Compute Verbose: 0 : SshRelayStream [TX: 2 TXA: 0 RX: 2 AQ: 2]: Disonnected.
Google.Solutions.Compute Verbose: 0 : SshRelayStream [TX: 2 TXA: 0 RX: 2 AQ: 2]: Disonnected.
Google.Solutions.Compute Verbose: 0 : SshRelayStream [TX: 2 TXA: 0 RX: 2 AQ: 2]: Disonnected.
Google.Solutions.Compute Verbose: 0 : SshRelayStream [TX: 2 TXA: 0 RX: 2 AQ: 2]: Disonnected.
Google.Solutions.Compute Verbose: 0 : SshRelayStream [TX: 2 TXA: 0 RX: 2 AQ: 2]: Disonnected.
Google.Solutions.Compute Verbose: 0 : SshRelayStream [TX: 2 TXA: 0 RX: 2 AQ: 2]: Disonnected.
Google.Solutions.Compute Verbose: 0 : SshRelayStream [TX: 2 TXA: 0 RX: 2 AQ: 2]: Disonnected.
Google.Solutions.Compute Verbose: 0 : SshRelayStream [TX: 2 TXA: 0 RX: 2 AQ: 2]: Disonnected.
Google.Solutions.Compute Verbose: 0 : SshRelayStream [TX: 2 TXA: 0 RX: 2 AQ: 2]: Disonnected.
Google.Solutions.Compute Verbose: 0 : SshRelayStream [TX: 2 TXA: 0 RX: 2 AQ: 2]: Disonnected.
Google.Solutions.Compute Verbose: 0 : SshRelayStream [TX: 2 TXA: 0 RX: 2 AQ: 2]: Disonnected.
Google.Solutions.Compute Verbose: 0 : SshRelayStream [TX: 2 TXA: 0 RX: 2 AQ: 2]: Disonnected.
Google.Solutions.Compute Verbose: 0 : SshRelayStream [TX: 2 TXA: 0 RX: 2 AQ: 2]: Disonnected.
Google.Solutions.Compute Verbose: 0 : SshRelayStream [TX: 2 TXA: 0 RX: 2 AQ: 2]: Disonnected.
Google.Solutions.Compute Verbose: 0 : SshRelayStream [TX: 2 TXA: 0 RX: 2 AQ: 2]: Disonnected.
Google.Solutions.Compute Verbose: 0 : SshRelayStream [TX: 2 TXA: 0 RX: 2 AQ: 2]: Disonnected.
Google.Solutions.Compute Verbose: 0 : SshRelayStream [TX: 2 TXA: 0 RX: 2 AQ: 2]: Disonnected.
Google.Solutions.Compute Verbose: 0 : SshRelayStream [TX: 2 TXA: 0 RX: 2 AQ: 2]: Disonnected.
Google.Solutions.Compute Verbose: 0 : SshRelayStream [TX: 2 TXA: 0 RX: 2 AQ: 2]: Disonnected.
Google.Solutions.Compute Verbose: 0 : SshRelayStream [TX: 2 TXA: 0 RX: 2 AQ: 2]: Disonnected.
Google.Solutions.Compute Verbose: 0 : SshRelayStream [TX: 2 TXA: 0 RX: 2 AQ: 2]: Disonnected.
Google.Solutions.Compute Verbose: 0 : SshRelayStream [TX: 2 TXA: 0 RX: 2 AQ: 2]: Disonnected.
Google.Solutions.Compute Verbose: 0 : SshRelayStream [TX: 2 TXA: 0 RX: 2 AQ: 2]: Disonnected.
Google.Solutions.Compute Verbose: 0 : SshRelayStream [TX: 2 TXA: 0 RX: 2 AQ: 2]: Disonnected.
Google.Solutions.Compute Verbose: 0 : SshRelayStream [TX: 2 TXA: 0 RX: 2 AQ: 2]: Disonnected.
Google.Solutions.Compute Verbose: 0 : SshRelayStream [TX: 2 TXA: 0 RX: 2 AQ: 2]: Disonnected.
Google.Solutions.Compute Verbose: 0 : SshRelayStream [TX: 2 TXA: 0 RX: 2 AQ: 2]: Reconnecting...
Google.Solutions.Compute Verbose: 0 : SshRelayStream [TX: 2 TXA: 0 RX: 2 AQ: 2]: Reconnecting...
Google.Solutions.Compute Verbose: 0 : SshRelayStream [TX: 2 TXA: 0 RX: 2 AQ: 2]: Reconnecting...
Google.Solutions.Compute Verbose: 0 : SshRelayStream [TX: 2 TXA: 0 RX: 2 AQ: 2]: Reconnecting...
Google.Solutions.Compute Verbose: 0 : SshRelayStream [TX: 2 TXA: 0 RX: 2 AQ: 2]: Reconnecting...
Google.Solutions.Compute Verbose: 0 : SshRelayStream [TX: 2 TXA: 0 RX: 2 AQ: 2]: Reconnecting...
Google.Solutions.Compute Verbose: 0 : SshRelayStream [TX: 2 TXA: 0 RX: 2 AQ: 2]: Reconnecting...
Google.Solutions.Compute Verbose: 0 : SshRelayStream [TX: 2 TXA: 0 RX: 2 AQ: 2]: Reconnecting...
Google.Solutions.Compute Verbose: 0 : SshRelayStream [TX: 2 TXA: 0 RX: 2 AQ: 2]: Reconnecting...
Google.Solutions.Compute Verbose: 0 : SshRelayStream [TX: 2 TXA: 0 RX: 2 AQ: 2]: Reconnecting...
Google.Solutions.Compute Verbose: 0 : SshRelayStream [TX: 2 TXA: 0 RX: 2 AQ: 2]: Reconnecting...
Google.Solutions.Compute Verbose: 0 : SshRelayStream [TX: 2 TXA: 0 RX: 2 AQ: 2]: Reconnecting...
Google.Solutions.Compute Verbose: 0 : SshRelayStream [TX: 2 TXA: 0 RX: 2 AQ: 2]: Reconnecting...
Google.Solutions.Compute Verbose: 0 : SshRelayStream [TX: 2 TXA: 0 RX: 2 AQ: 2]: Reconnecting...
Google.Solutions.Compute Verbose: 0 : SshRelayStream [TX: 2 TXA: 0 RX: 2 AQ: 2]: Reconnecting...
Google.Solutions.Compute Verbose: 0 : SshRelayStream [TX: 2 TXA: 0 RX: 2 AQ: 2]: Reconnecting...
Google.Solutions.Compute Verbose: 0 : SshRelayStream [TX: 2 TXA: 0 RX: 2 AQ: 2]: Reconnecting...
Google.Solutions.Compute Verbose: 0 : SshRelayStream [TX: 2 TXA: 0 RX: 2 AQ: 2]: Reconnecting...
Google.Solutions.Compute Verbose: 0 : SshRelayStream [TX: 2 TXA: 0 RX: 2 AQ: 2]: Reconnecting...
Google.Solutions.Compute Verbose: 0 : SshRelayStream [TX: 2 TXA: 0 RX: 2 AQ: 2]: Reconnecting...
Google.Solutions.Compute Verbose: 0 : SshRelayStream [TX: 2 TXA: 0 RX: 2 AQ: 2]: Reconnecting...
Google.Solutions.Compute Verbose: 0 : SshRelayStream [TX: 2 TXA: 0 RX: 2 AQ: 2]: Reconnecting...
Google.Solutions.Compute Verbose: 0 : SshRelayStream [TX: 2 TXA: 0 RX: 2 AQ: 2]: Reconnecting...
Google.Solutions.Compute Verbose: 0 : SshRelayStream [TX: 2 TXA: 0 RX: 2 AQ: 2]: Reconnecting...
Google.Solutions.Compute Verbose: 0 : SshRelayStream [TX: 2 TXA: 0 RX: 2 AQ: 2]: Reconnecting...
Google.Solutions.Compute Verbose: 0 : SshRelayStream [TX: 2 TXA: 0 RX: 2 AQ: 2]: Reconnecting...
Google.Solutions.Compute Verbose: 0 : SshRelayStream [TX: 2 TXA: 0 RX: 2 AQ: 2]: Reconnecting...
Google.Solutions.Compute Verbose: 0 : SshRelayStream [TX: 2 TXA: 0 RX: 2 AQ: 2]: Reconnecting...
Google.Solutions.Compute Verbose: 0 : SshRelayStream [TX: 2 TXA: 0 RX: 2 AQ: 2]: Reconnecting...
Google.Solutions.Compute Verbose: 0 : SshRelayStream [TX: 2 TXA: 0 RX: 2 AQ: 2]: Reconnecting...
Google.Solutions.Compute Verbose: 0 : SshRelayStream [TX: 2 TXA: 0 RX: 2 AQ: 2]: Reconnecting...
Google.Solutions.Compute Verbose: 0 : SshRelayStream [TX: 2 TXA: 0 RX: 2 AQ: 2]: Reconnecting...
Google.Solutions.Compute Verbose: 0 : SshRelayStream [TX: 2 TXA: 0 RX: 2 AQ: 2]: Reconnecting...
Google.Solutions.Compute Verbose: 0 : SshRelayStream [TX: 2 TXA: 0 RX: 2 AQ: 2]: Reconnecting...
Google.Solutions.Compute Verbose: 0 : SshRelayStream [TX: 2 TXA: 0 RX: 2 AQ: 2]: Reconnecting...
Google.Solutions.Compute Verbose: 0 : SshRelayStream [TX: 2 TXA: 0 RX: 2 AQ: 2]: Reconnecting...
Google.Solutions.Compute Verbose: 0 : SshRelayStream [TX: 2 TXA: 0 RX: 2 AQ: 2]: Reconnecting...
Google.Solutions.Compute Verbose: 0 : SshRelayStream [TX: 2 TXA: 0 RX: 2 AQ: 2]: Reconnecting...
Google.Solutions.Compute Verbose: 0 : SshRelayStream [TX: 2 TXA: 0 RX: 2 AQ: 2]: Reconnecting...
Google.Solutions.Compute Verbose: 0 : SshRelayStream [TX: 2 TXA: 0 RX: 2 AQ: 2]: Reconnecting...
Google.Solutions.Compute Verbose: 0 : SshRelayStream [TX: 2 TXA: 0 RX: 2 AQ: 2]: Reconnecting...
Google.Solutions.Compute Verbose: 0 : SshRelayStream [TX: 2 TXA: 0 RX: 2 AQ: 2]: Reconnecting...
Google.Solutions.Compute Verbose: 0 : SshRelayStream [TX: 2 TXA: 0 RX: 2 AQ: 2]: Reconnecting...
Google.Solutions.Compute Verbose: 0 : SshRelayStream [TX: 2 TXA: 0 RX: 2 AQ: 2]: Reconnecting...
Google.Solutions.Compute Verbose: 0 : SshRelayStream [TX: 2 TXA: 0 RX: 2 AQ: 2]: Reconnecting...
Google.Solutions.Compute Verbose: 0 : SshRelayStream [TX: 2 TXA: 0 RX: 2 AQ: 2]: Reconnecting...
Google.Solutions.Compute Verbose: 0 : SshRelayStream [TX: 2 TXA: 0 RX: 2 AQ: 2]: Reconnecting...
Google.Solutions.Compute Verbose: 0 : SshRelayStream [TX: 2 TXA: 0 RX: 2 AQ: 2]: Reconnecting...
Google.Solutions.Compute Verbose: 0 : SshRelayStream [TX: 2 TXA: 0 RX: 2 AQ: 2]: Reconnecting...
Google.Solutions.Compute Verbose: 0 : SshRelayStream [TX: 2 TXA: 0 RX: 2 AQ: 2]: Reconnecting...
Google.Solutions.Compute Verbose: 0 : SshRelayStream [TX: 2 TXA: 0 RX: 2 AQ: 2]: Reconnecting...
Google.Solutions.Compute Verbose: 0 : SshRelayStream [TX: 2 TXA: 0 RX: 2 AQ: 2]: Reconnecting...
Google.Solutions.Compute Verbose: 0 : SshRelayStream [TX: 2 TXA: 0 RX: 2 AQ: 2]: Reconnecting...
Google.Solutions.Compute Verbose: 0 : SshRelayStream [TX: 2 TXA: 0 RX: 2 AQ: 2]: Reconnecting...
Google.Solutions.Compute Verbose: 0 : SshRelayStream [TX: 2 TXA: 0 RX: 2 AQ: 2]: Reconnecting...
Google.Solutions.Compute Verbose: 0 : SshRelayStream [TX: 2 TXA: 0 RX: 2 AQ: 2]: Reconnecting...
Google.Solutions.Compute Verbose: 0 : SshRelayStream [TX: 2 TXA: 0 RX: 2 AQ: 2]: Reconnecting...
Google.Solutions.Compute Verbose: 0 : SshRelayStream [TX: 2 TXA: 0 RX: 2 AQ: 2]: Reconnecting...
Google.Solutions.Compute Verbose: 0 : SshRelayStream [TX: 2 TXA: 0 RX: 2 AQ: 2]: Reconnecting...
Google.Solutions.Compute Verbose: 0 : SshRelayStream [TX: 2 TXA: 0 RX: 2 AQ: 2]: Reconnecting...
Google.Solutions.Compute Verbose: 0 : SshRelayStream [TX: 2 TXA: 0 RX: 2 AQ: 2]: Reconnecting...
Google.Solutions.Compute Verbose: 0 : SshRelayStream [TX: 2 TXA: 0 RX: 2 AQ: 2]: Reconnecting...
Google.Solutions.Compute Verbose: 0 : SshRelayStream [TX: 2 TXA: 0 RX: 2 AQ: 2]: Reconnecting...
Google.Solutions.Compute Verbose: 0 : SshRelayStream [TX: 2 TXA: 0 RX: 2 AQ: 2]: Reconnecting...
Google.Solutions.Compute Verbose: 0 : SshRelayStream [TX: 2 TXA: 0 RX: 2 AQ: 2]: Reconnecting...
Google.Solutions.Compute Verbose: 0 : SshRelayStream [TX: 2 TXA: 0 RX: 2 AQ: 2]: Reconnecting...
Google.Solutions.Compute Verbose: 0 : SshRelayStream [TX: 2 TXA: 0 RX: 2 AQ: 2]: Reconnecting...
Google.Solutions.Compute Verbose: 0 : SshRelayStream [TX: 2 TXA: 0 RX: 2 AQ: 1]: Resending DATA #0...
Google.Solutions.Compute Verbose: 0 : SshRelayStream [TX: 2 TXA: 0 RX: 2 AQ: 1]: Resending DATA #0...
Google.Solutions.Compute Verbose: 0 : SshRelayStream [TX: 2 TXA: 0 RX: 2 AQ: 1]: Resending DATA #0...
Google.Solutions.Compute Verbose: 0 : SshRelayStream [TX: 2 TXA: 0 RX: 2 AQ: 1]: Resending DATA #0...
Google.Solutions.Compute Verbose: 0 : SshRelayStream [TX: 2 TXA: 0 RX: 2 AQ: 1]: Resending DATA #0...
Google.Solutions.Compute Verbose: 0 : SshRelayStream [TX: 2 TXA: 0 RX: 2 AQ: 1]: Resending DATA #0...
Google.Solutions.Compute Verbose: 0 : SshRelayStream [TX: 2 TXA: 0 RX: 2 AQ: 1]: Resending DATA #0...
Google.Solutions.Compute Verbose: 0 : SshRelayStream [TX: 2 TXA: 0 RX: 2 AQ: 1]: Resending DATA #0...
Google.Solutions.Compute Verbose: 0 : SshRelayStream [TX: 2 TXA: 0 RX: 2 AQ: 1]: Resending DATA #0...
Google.Solutions.Compute Verbose: 0 : SshRelayStream [TX: 2 TXA: 0 RX: 2 AQ: 1]: Resending DATA #0...
Google.Solutions.Compute Verbose: 0 : SshRelayStream [TX: 2 TXA: 0 RX: 2 AQ: 1]: Resending DATA #0...
Google.Solutions.Compute Verbose: 0 : SshRelayStream [TX: 2 TXA: 0 RX: 2 AQ: 1]: Resending DATA #0...
Google.Solutions.Compute Verbose: 0 : SshRelayStream [TX: 2 TXA: 0 RX: 2 AQ: 1]: Resending DATA #0...
Google.Solutions.Compute Verbose: 0 : SshRelayStream [TX: 2 TXA: 0 RX: 2 AQ: 1]: Resending DATA #0...
Google.Solutions.Compute Verbose: 0 : SshRelayStream [TX: 2 TXA: 0 RX: 2 AQ: 1]: Resending DATA #0...
Google.Solutions.Compute Verbose: 0 : SshRelayStream [TX: 2 TXA: 0 RX: 2 AQ: 1]: Resending DATA #0...
Google.Solutions.Compute Verbose: 0 : SshRelayStream [TX: 2 TXA: 0 RX: 2 AQ: 1]: Resending DATA #0...
Google.Solutions.Compute Verbose: 0 : SshRelayStream [TX: 2 TXA: 0 RX: 2 AQ: 1]: Resending DATA #0...
Google.Solutions.Compute Verbose: 0 : SshRelayStream [TX: 2 TXA: 0 RX: 2 AQ: 1]: Resending DATA #0...
Google.Solutions.Compute Verbose: 0 : SshRelayStream [TX: 2 TXA: 0 RX: 2 AQ: 1]: Resending DATA #0...
Google.Solutions.Compute Verbose: 0 : SshRelayStream [TX: 2 TXA: 0 RX: 2 AQ: 1]: Resending DATA #0...
Google.Solutions.Compute Verbose: 0 : SshRelayStream [TX: 2 TXA: 0 RX: 2 AQ: 1]: Resending DATA #0...
Google.Solutions.Compute Verbose: 0 : SshRelayStream [TX: 2 TXA: 0 RX: 2 AQ: 1]: Resending DATA #0...
Google.Solutions.Compute Verbose: 0 : SshRelayStream [TX: 2 TXA: 0 RX: 2 AQ: 1]: Resending DATA #0...
Google.Solutions.Compute Verbose: 0 : SshRelayStream [TX: 2 TXA: 0 RX: 2 AQ: 1]: Resending DATA #0...
Google.Solutions.Compute Verbose: 0 : SshRelayStream [TX: 2 TXA: 0 RX: 2 AQ: 1]: Resending DATA #0...
Google.Solutions.Compute Verbose: 0 : SshRelayStream [TX: 2 TXA: 0 RX: 2 AQ: 1]: Resending DATA #0...
Google.Solutions.Compute Verbose: 0 : SshRelayStream [TX: 2 TXA: 0 RX: 2 AQ: 1]: Resending DATA #0...
Google.Solutions.Compute Verbose: 0 : SshRelayStream [TX: 2 TXA: 0 RX: 2 AQ: 1]: Resending DATA #0...
Google.Solutions.Compute Verbose: 0 : SshRelayStream [TX: 2 TXA: 0 RX: 2 AQ: 1]: Resending DATA #0...
Google.Solutions.Compute Verbose: 0 : SshRelayStream [TX: 2 TXA: 0 RX: 2 AQ: 1]: Resending DATA #0...
Google.Solutions.Compute Verbose: 0 : SshRelayStream [TX: 2 TXA: 0 RX: 2 AQ: 1]: Resending DATA #0...
Google.Solutions.Compute Verbose: 0 : SshRelayStream [TX: 2 TXA: 0 RX: 2 AQ: 1]: Resending DATA #0...
Google.Solutions.Compute Verbose: 0 : SshRelayStream [TX: 2 TXA: 0 RX: 2 AQ: 1]: Resending DATA #0...
Google.Solutions.Compute Verbose: 0 : SshRelayStream [TX: 2 TXA: 0 RX: 2 AQ: 1]: Resending DATA #0...
Google.Solutions.Compute Verbose: 0 : SshRelayStream [TX: 2 TXA: 0 RX: 2 AQ: 1]: Resending DATA #0...
Google.Solutions.Compute Verbose: 0 : SshRelayStream [TX: 2 TXA: 0 RX: 2 AQ: 1]: Resending DATA #0...
Google.Solutions.Compute Verbose: 0 : SshRelayStream [TX: 2 TXA: 0 RX: 2 AQ: 1]: Resending DATA #0...
Google.Solutions.Compute Verbose: 0 : SshRelayStream [TX: 2 TXA: 0 RX: 2 AQ: 1]: Resending DATA #0...
Google.Solutions.Compute Verbose: 0 : SshRelayStream [TX: 2 TXA: 0 RX: 2 AQ: 1]: Resending DATA #0...
Google.Solutions.Compute Verbose: 0 : SshRelayStream [TX: 2 TXA: 0 RX: 2 AQ: 1]: Resending DATA #0...
Google.Solutions.Compute Verbose: 0 : SshRelayStream [TX: 2 TXA: 0 RX: 2 AQ: 1]: Resending DATA #0...
Google.Solutions.Compute Verbose: 0 : SshRelayStream [TX: 2 TXA: 0 RX: 2 AQ: 1]: Resending DATA #0...
Google.Solutions.Compute Verbose: 0 : SshRelayStream [TX: 2 TXA: 0 RX: 2 AQ: 1]: Resending DATA #0...
Google.Solutions.Compute Verbose: 0 : SshRelayStream [TX: 2 TXA: 0 RX: 2 AQ: 1]: Resending DATA #0...
Google.Solutions.Compute Verbose: 0 : SshRelayStream [TX: 2 TXA: 0 RX: 2 AQ: 1]: Resending DATA #0...
Google.Solutions.Compute Verbose: 0 : SshRelayStream [TX: 2 TXA: 0 RX: 2 AQ: 1]: Resending DATA #0...
Google.Solutions.Compute Verbose: 0 : SshRelayStream [TX: 2 TXA: 0 RX: 2 AQ: 1]: Resending DATA #0...
Google.Solutions.Compute Verbose: 0 : SshRelayStream [TX: 2 TXA: 0 RX: 2 AQ: 1]: Resending DATA #0...
Google.Solutions.Compute Verbose: 0 : SshRelayStream [TX: 2 TXA: 0 RX: 2 AQ: 1]: Resending DATA #0...
Google.Solutions.Compute Verbose: 0 : SshRelayStream [TX: 2 TXA: 0 RX: 2 AQ: 1]: Resending DATA #0...
Google.Solutions.Compute Verbose: 0 : SshRelayStream [TX: 2 TXA: 0 RX: 2 AQ: 1]: Resending DATA #0...
Google.Solutions.Compute Verbose: 0 : SshRelayStream [TX: 2 TXA: 0 RX: 2 AQ: 1]: Resending DATA #0...
Google.Solutions.Compute Verbose: 0 : SshRelayStream [TX: 2 TXA: 0 RX: 2 AQ: 1]: Resending DATA #0...
Google.Solutions.Compute Verbose: 0 : SshRelayStream [TX: 2 TXA: 0 RX: 2 AQ: 1]: Resending DATA #0...
Google.Solutions.Compute Verbose: 0 : SshRelayStream [TX: 2 TXA: 0 RX: 2 AQ: 1]: Resending DATA #0...
Google.Solutions.Compute Verbose: 0 : SshRelayStream [TX: 2 TXA: 0 RX: 2 AQ: 1]: Resending DATA #0...
Google.Solutions.Compute Verbose: 0 : SshRelayStream [TX: 2 TXA: 0 RX: 2 AQ: 1]: Resending DATA #0...
Google.Solutions.Compute Verbose: 0 : SshRelayStream [TX: 2 TXA: 0 RX: 2 AQ: 1]: Resending DATA #0...
Google.Solutions.Compute Verbose: 0 : SshRelayStream [TX: 2 TXA: 0 RX: 2 AQ: 1]: Resending DATA #0...
Google.Solutions.Compute Verbose: 0 : SshRelayStream [TX: 2 TXA: 0 RX: 2 AQ: 1]: Resending DATA #0...
Google.Solutions.Compute Verbose: 0 : SshRelayStream [TX: 2 TXA: 0 RX: 2 AQ: 1]: Resending DATA #0...
Google.Solutions.Compute Verbose: 0 : SshRelayStream [TX: 2 TXA: 0 RX: 2 AQ: 1]: Resending DATA #0...
Google.Solutions.Compute Verbose: 0 : SshRelayStream [TX: 2 TXA: 0 RX: 2 AQ: 1]: Resending DATA #0...
Google.Solutions.Compute Verbose: 0 : SshRelayStream [TX: 2 TXA: 0 RX: 2 AQ: 1]: Resending DATA #0...
Google.Solutions.Compute Verbose: 0 : SshRelayStream [TX: 2 TXA: 0 RX: 2 AQ: 1]: Resending DATA #0...
Google.Solutions.Compute Verbose: 0 : SshRelayStream [TX: 2 TXA: 0 RX: 2 AQ: 1]: Resending DATA #0...
Google.Solutions.Compute Verbose: 0 : SshRelayStream [TX: 2 TXA: 0 RX: 2 AQ: 0]: Resending DATA #1...
Google.Solutions.Compute Verbose: 0 : SshRelayStream [TX: 2 TXA: 0 RX: 2 AQ: 0]: Resending DATA #1...
Google.Solutions.Compute Verbose: 0 : SshRelayStream [TX: 2 TXA: 0 RX: 2 AQ: 0]: Resending DATA #1...
Google.Solutions.Compute Verbose: 0 : SshRelayStream [TX: 2 TXA: 0 RX: 2 AQ: 0]: Resending DATA #1...
Google.Solutions.Compute Verbose: 0 : SshRelayStream [TX: 2 TXA: 0 RX: 2 AQ: 0]: Resending DATA #1...
Google.Solutions.Compute Verbose: 0 : SshRelayStream [TX: 2 TXA: 0 RX: 2 AQ: 0]: Resending DATA #1...
Google.Solutions.Compute Verbose: 0 : SshRelayStream [TX: 2 TXA: 0 RX: 2 AQ: 0]: Resending DATA #1...
Google.Solutions.Compute Verbose: 0 : SshRelayStream [TX: 2 TXA: 0 RX: 2 AQ: 0]: Resending DATA #1...
Google.Solutions.Compute Verbose: 0 : SshRelayStream [TX: 2 TXA: 0 RX: 2 AQ: 0]: Resending DATA #1...
Google.Solutions.Compute Verbose: 0 : SshRelayStream [TX: 2 TXA: 0 RX: 2 AQ: 0]: Resending DATA #1...
Google.Solutions.Compute Verbose: 0 : SshRelayStream [TX: 2 TXA: 0 RX: 2 AQ: 0]: Resending DATA #1...
Google.Solutions.Compute Verbose: 0 : SshRelayStream [TX: 2 TXA: 0 RX: 2 AQ: 0]: Resending DATA #1...
Google.Solutions.Compute Verbose: 0 : SshRelayStream [TX: 2 TXA: 0 RX: 2 AQ: 0]: Resending DATA #1...
Google.Solutions.Compute Verbose: 0 : SshRelayStream [TX: 2 TXA: 0 RX: 2 AQ: 0]: Resending DATA #1...
Google.Solutions.Compute Verbose: 0 : SshRelayStream [TX: 2 TXA: 0 RX: 2 AQ: 0]: Resending DATA #1...
Google.Solutions.Compute Verbose: 0 : SshRelayStream [TX: 2 TXA: 0 RX: 2 AQ: 0]: Resending DATA #1...
Google.Solutions.Compute Verbose: 0 : SshRelayStream [TX: 2 TXA: 0 RX: 2 AQ: 0]: Resending DATA #1...
Google.Solutions.Compute Verbose: 0 : SshRelayStream [TX: 2 TXA: 0 RX: 2 AQ: 0]: Resending DATA #1...
Google.Solutions.Compute Verbose: 0 : SshRelayStream [TX: 2 TXA: 0 RX: 2 AQ: 0]: Resending DATA #1...
Google.Solutions.Compute Verbose: 0 : SshRelayStream [TX: 2 TXA: 0 RX: 2 AQ: 0]: Resending DATA #1...
Google.Solutions.Compute Verbose: 0 : SshRelayStream [TX: 2 TXA: 0 RX: 2 AQ: 0]: Resending DATA #1...
Google.Solutions.Compute Verbose: 0 : SshRelayStream [TX: 2 TXA: 0 RX: 2 AQ: 0]: Resending DATA #1...
Google.Solutions.Compute Verbose: 0 : SshRelayStream [TX: 2 TXA: 0 RX: 2 AQ: 0]: Resending DATA #1...
Google.Solutions.Compute Verbose: 0 : SshRelayStream [TX: 2 TXA: 0 RX: 2 AQ: 0]: Resending DATA #1...
Google.Solutions.Compute Verbose: 0 : SshRelayStream [TX: 2 TXA: 0 RX: 2 AQ: 0]: Resending DATA #1...
Google.Solutions.Compute Verbose: 0 : SshRelayStream [TX: 2 TXA: 0 RX: 2 AQ: 0]: Resending DATA #1...
Google.Solutions.Compute Verbose: 0 : SshRelayStream [TX: 2 TXA: 0 RX: 2 AQ: 0]: Resending DATA #1...
Google.Solutions.Compute Verbose: 0 : SshRelayStream [TX: 2 TXA: 0 RX: 2 AQ: 0]: Resending DATA #1...
Google.Solutions.Compute Verbose: 0 : SshRelayStream [TX: 2 TXA: 0 RX: 2 AQ: 0]: Resending DATA #1...
Google.Solutions.Compute Verbose: 0 : SshRelayStream [TX: 2 TXA: 0 RX: 2 AQ: 0]: Resending DATA #1...
Google.Solutions.Compute Verbose: 0 : SshRelayStream [TX: 2 TXA: 0 RX: 2 AQ: 0]: Resending DATA #1...
Google.Solutions.Compute Verbose: 0 : SshRelayStream [TX: 2 TXA: 0 RX: 2 AQ: 0]: Resending DATA #1...
Google.Solutions.Compute Verbose: 0 : SshRelayStream [TX: 2 TXA: 0 RX: 2 AQ: 0]: Resending DATA #1...
Google.Solutions.Compute Verbose: 0 : SshRelayStream [TX: 2 TXA: 0 RX: 2 AQ: 0]: Resending DATA #1...
Google.Solutions.Compute Verbose: 0 : SshRelayStream [TX: 2 TXA: 0 RX: 2 AQ: 0]: Resending DATA #1...
Google.Solutions.Compute Verbose: 0 : SshRelayStream [TX: 2 TXA: 0 RX: 2 AQ: 0]: Resending DATA #1...
Google.Solutions.Compute Verbose: 0 : SshRelayStream [TX: 2 TXA: 0 RX: 2 AQ: 0]: Resending DATA #1...
Google.Solutions.Compute Verbose: 0 : SshRelayStream [TX: 2 TXA: 0 RX: 2 AQ: 0]: Resending DATA #1...
Google.Solutions.Compute Verbose: 0 : SshRelayStream [TX: 2 TXA: 0 RX: 2 AQ: 0]: Resending DATA #1...
Google.Solutions.Compute Verbose: 0 : SshRelayStream [TX: 2 TXA: 0 RX: 2 AQ: 0]: Resending DATA #1...
Google.Solutions.Compute Verbose: 0 : SshRelayStream [TX: 2 TXA: 0 RX: 2 AQ: 0]: Resending DATA #1...
Google.Solutions.Compute Verbose: 0 : SshRelayStream [TX: 2 TXA: 0 RX: 2 AQ: 0]: Resending DATA #1...
Google.Solutions.Compute Verbose: 0 : SshRelayStream [TX: 2 TXA: 0 RX: 2 AQ: 0]: Resending DATA #1...
Google.Solutions.Compute Verbose: 0 : SshRelayStream [TX: 2 TXA: 0 RX: 2 AQ: 0]: Resending DATA #1...
Google.Solutions.Compute Verbose: 0 : SshRelayStream [TX: 2 TXA: 0 RX: 2 AQ: 0]: Resending DATA #1...
Google.Solutions.Compute Verbose: 0 : SshRelayStream [TX: 2 TXA: 0 RX: 2 AQ: 0]: Resending DATA #1...
Google.Solutions.Compute Verbose: 0 : SshRelayStream [TX: 2 TXA: 0 RX: 2 AQ: 0]: Resending DATA #1...
Google.Solutions.Compute Verbose: 0 : SshRelayStream [TX: 2 TXA: 0 RX: 2 AQ: 0]: Resending DATA #1...
Google.Solutions.Compute Verbose: 0 : SshRelayStream [TX: 2 TXA: 0 RX: 2 AQ: 0]: Resending DATA #1...
Google.Solutions.Compute Verbose: 0 : SshRelayStream [TX: 2 TXA: 0 RX: 2 AQ: 0]: Resending DATA #1...
Google.Solutions.Compute Verbose: 0 : SshRelayStream [TX: 2 TXA: 0 RX: 2 AQ: 0]: Resending DATA #1...
Google.Solutions.Compute Verbose: 0 : SshRelayStream [TX: 2 TXA: 0 RX: 2 AQ: 0]: Resending DATA #1...
Google.Solutions.Compute Verbose: 0 : SshRelayStream [TX: 2 TXA: 0 RX: 2 AQ: 0]: Resending DATA #1...
Google.Solutions.Compute Verbose: 0 : SshRelayStream [TX: 2 TXA: 0 RX: 2 AQ: 0]: Resending DATA #1...
Google.Solutions.Compute Verbose: 0 : SshRelayStream [TX: 2 TXA: 0 RX: 2 AQ: 0]: Resending DATA #1...
Google.Solutions.Compute Verbose: 0 : SshRelayStream [TX: 2 TXA: 0 RX: 2 AQ: 0]: Resending DATA #1...
Google.Solutions.Compute Verbose: 0 : SshRelayStream [TX: 2 TXA: 0 RX: 2 AQ: 0]: Resending DATA #1...
Google.Solutions.Compute Verbose: 0 : SshRelayStream [TX: 2 TXA: 0 RX: 2 AQ: 0]: Resending DATA #1...
Google.Solutions.Compute Verbose: 0 : SshRelayStream [TX: 2 TXA: 0 RX: 2 AQ: 0]: Resending DATA #1...
Google.Solutions.Compute Verbose: 0 : SshRelayStream [TX: 2 TXA: 0 RX: 2 AQ: 0]: Resending DATA #1...
Google.Solutions.Compute Verbose: 0 : SshRelayStream [TX: 2 TXA: 0 RX: 2 AQ: 0]: Resending DATA #1...
Google.Solutions.Compute Verbose: 0 : SshRelayStream [TX: 2 TXA: 0 RX: 2 AQ: 0]: Resending DATA #1...
Google.Solutions.Compute Verbose: 0 : SshRelayStream [TX: 2 TXA: 0 RX: 2 AQ: 0]: Resending DATA #1...
Google.Solutions.Compute Verbose: 0 : SshRelayStream [TX: 2 TXA: 0 RX: 2 AQ: 0]: Resending DATA #1...
Google.Solutions.Compute Verbose: 0 : SshRelayStream [TX: 2 TXA: 0 RX: 2 AQ: 0]: Resending DATA #1...
Google.Solutions.Compute Verbose: 0 : SshRelayStream [TX: 2 TXA: 0 RX: 2 AQ: 0]: Resending DATA #1...
Google.Solutions.Compute Verbose: 0 : SshRelayStream [TX: 2 TXA: 0 RX: 2 AQ: 0]: Resending DATA #1...
Google.Solutions.Compute Verbose: 0 : SshRelayStream [TX: 2 TXA: 0 RX: 2 AQ: 0]: Sending DATA #2...
Google.Solutions.Compute Verbose: 0 : SshRelayStream [TX: 2 TXA: 0 RX: 2 AQ: 0]: Sending DATA #2...
Google.Solutions.Compute Verbose: 0 : SshRelayStream [TX: 2 TXA: 0 RX: 2 AQ: 0]: Sending DATA #2...
Google.Solutions.Compute Verbose: 0 : SshRelayStream [TX: 2 TXA: 0 RX: 2 AQ: 0]: Sending DATA #2...
Google.Solutions.Compute Verbose: 0 : SshRelayStream [TX: 2 TXA: 0 RX: 2 AQ: 0]: Sending DATA #2...
Google.Solutions.Compute Verbose: 0 : SshRelayStream [TX: 2 TXA: 0 RX: 2 AQ: 0]: Sending DATA #2...
Google.Solutions.Compute Verbose: 0 : SshRelayStream [TX: 2 TXA: 0 RX: 2 AQ: 0]: Sending DATA #2...
Google.Solutions.Compute Verbose: 0 : SshRelayStream [TX: 2 TXA: 0 RX: 2 AQ: 0]: Sending DATA #2...
Google.Solutions.Compute Verbose: 0 : SshRelayStream [TX: 2 TXA: 0 RX: 2 AQ: 0]: Sending DATA #2...
Google.Solutions.Compute Verbose: 0 : SshRelayStream [TX: 2 TXA: 0 RX: 2 AQ: 0]: Sending DATA #2...
Google.Solutions.Compute Verbose: 0 : SshRelayStream [TX: 2 TXA: 0 RX: 2 AQ: 0]: Sending DATA #2...
Google.Solutions.Compute Verbose: 0 : SshRelayStream [TX: 2 TXA: 0 RX: 2 AQ: 0]: Sending DATA #2...
Google.Solutions.Compute Verbose: 0 : SshRelayStream [TX: 2 TXA: 0 RX: 2 AQ: 0]: Sending DATA #2...
Google.Solutions.Compute Verbose: 0 : SshRelayStream [TX: 2 TXA: 0 RX: 2 AQ: 0]: Sending DATA #2...
Google.Solutions.Compute Verbose: 0 : SshRelayStream [TX: 2 TXA: 0 RX: 2 AQ: 0]: Sending DATA #2...
Google.Solutions.Compute Verbose: 0 : SshRelayStream [TX: 2 TXA: 0 RX: 2 AQ: 0]: Sending DATA #2...
Google.Solutions.Compute Verbose: 0 : SshRelayStream [TX: 2 TXA: 0 RX: 2 AQ: 0]: Sending DATA #2...
Google.Solutions.Compute Verbose: 0 : SshRelayStream [TX: 2 TXA: 0 RX: 2 AQ: 0]: Sending DATA #2...
Google.Solutions.Compute Verbose: 0 : SshRelayStream [TX: 2 TXA: 0 RX: 2 AQ: 0]: Sending DATA #2...
Google.Solutions.Compute Verbose: 0 : SshRelayStream [TX: 2 TXA: 0 RX: 2 AQ: 0]: Sending DATA #2...
Google.Solutions.Compute Verbose: 0 : SshRelayStream [TX: 2 TXA: 0 RX: 2 AQ: 0]: Sending DATA #2...
Google.Solutions.Compute Verbose: 0 : SshRelayStream [TX: 2 TXA: 0 RX: 2 AQ: 0]: Sending DATA #2...
Google.Solutions.Compute Verbose: 0 : SshRelayStream [TX: 2 TXA: 0 RX: 2 AQ: 0]: Sending DATA #2...
Google.Solutions.Compute Verbose: 0 : SshRelayStream [TX: 2 TXA: 0 RX: 2 AQ: 0]: Sending DATA #2...
Google.Solutions.Compute Verbose: 0 : SshRelayStream [TX: 2 TXA: 0 RX: 2 AQ: 0]: Sending DATA #2...
Google.Solutions.Compute Verbose: 0 : SshRelayStream [TX: 2 TXA: 0 RX: 2 AQ: 0]: Sending DATA #2...
Google.Solutions.Compute Verbose: 0 : SshRelayStream [TX: 2 TXA: 0 RX: 2 AQ: 0]: Sending DATA #2...
Google.Solutions.Compute Verbose: 0 : SshRelayStream [TX: 2 TXA: 0 RX: 2 AQ: 0]: Sending DATA #2...
Google.Solutions.Compute Verbose: 0 : SshRelayStream [TX: 2 TXA: 0 RX: 2 AQ: 0]: Sending DATA #2...
Google.Solutions.Compute Verbose: 0 : SshRelayStream [TX: 2 TXA: 0 RX: 2 AQ: 0]: Sending DATA #2...
Google.Solutions.Compute Verbose: 0 : SshRelayStream [TX: 2 TXA: 0 RX: 2 AQ: 0]: Sending DATA #2...
Google.Solutions.Compute Verbose: 0 : SshRelayStream [TX: 2 TXA: 0 RX: 2 AQ: 0]: Sending DATA #2...
Google.Solutions.Compute Verbose: 0 : SshRelayStream [TX: 2 TXA: 0 RX: 2 AQ: 0]: Sending DATA #2...
Google.Solutions.Compute Verbose: 0 : SshRelayStream [TX: 2 TXA: 0 RX: 2 AQ: 0]: Sending DATA #2...
Google.Solutions.Compute Verbose: 0 : SshRelayStream [TX: 2 TXA: 0 RX: 2 AQ: 0]: Sending DATA #2...
Google.Solutions.Compute Verbose: 0 : SshRelayStream [TX: 2 TXA: 0 RX: 2 AQ: 0]: Sending DATA #2...
Google.Solutions.Compute Verbose: 0 : SshRelayStream [TX: 2 TXA: 0 RX: 2 AQ: 0]: Sending DATA #2...
Google.Solutions.Compute Verbose: 0 : SshRelayStream [TX: 2 TXA: 0 RX: 2 AQ: 0]: Sending DATA #2...
Google.Solutions.Compute Verbose: 0 : SshRelayStream [TX: 2 TXA: 0 RX: 2 AQ: 0]: Sending DATA #2...
Google.Solutions.Compute Verbose: 0 : SshRelayStream [TX: 2 TXA: 0 RX: 2 AQ: 0]: Sending DATA #2...
Google.Solutions.Compute Verbose: 0 : SshRelayStream [TX: 2 TXA: 0 RX: 2 AQ: 0]: Sending DATA #2...
Google.Solutions.Compute Verbose: 0 : SshRelayStream [TX: 2 TXA: 0 RX: 2 AQ: 0]: Sending DATA #2...
Google.Solutions.Compute Verbose: 0 : SshRelayStream [TX: 2 TXA: 0 RX: 2 AQ: 0]: Sending DATA #2...
Google.Solutions.Compute Verbose: 0 : SshRelayStream [TX: 2 TXA: 0 RX: 2 AQ: 0]: Sending DATA #2...
Google.Solutions.Compute Verbose: 0 : SshRelayStream [TX: 2 TXA: 0 RX: 2 AQ: 0]: Sending DATA #2...
Google.Solutions.Compute Verbose: 0 : SshRelayStream [TX: 2 TXA: 0 RX: 2 AQ: 0]: Sending DATA #2...
Google.Solutions.Compute Verbose: 0 : SshRelayStream [TX: 2 TXA: 0 RX: 2 AQ: 0]: Sending DATA #2...
Google.Solutions.Compute Verbose: 0 : SshRelayStream [TX: 2 TXA: 0 RX: 2 AQ: 0]: Sending DATA #2...
Google.Solutions.Compute Verbose: 0 : SshRelayStream [TX: 2 TXA: 0 RX: 2 AQ: 0]: Sending DATA #2...
Google.Solutions.Compute Verbose: 0 : SshRelayStream [TX: 2 TXA: 0 RX: 2 AQ: 0]: Sending DATA #2...
Google.Solutions.Compute Verbose: 0 : SshRelayStream [TX: 2 TXA: 0 RX: 2 AQ: 0]: Sending DATA #2...
Google.Solutions.Compute Verbose: 0 : SshRelayStream [TX: 2 TXA: 0 RX: 2 AQ: 0]: Sending DATA #2...
Google.Solutions.Compute Verbose: 0 : SshRelayStream [TX: 2 TXA: 0 RX: 2 AQ: 0]: Sending DATA #2...
Google.Solutions.Compute Verbose: 0 : SshRelayStream [TX: 2 TXA: 0 RX: 2 AQ: 0]: Sending DATA #2...
Google.Solutions.Compute Verbose: 0 : SshRelayStream [TX: 2 TXA: 0 RX: 2 AQ: 0]: Sending DATA #2...
Google.Solutions.Compute Verbose: 0 : SshRelayStream [TX: 2 TXA: 0 RX: 2 AQ: 0]: Sending DATA #2...
Google.Solutions.Compute Verbose: 0 : SshRelayStream [TX: 2 TXA: 0 RX: 2 AQ: 0]: Sending DATA #2...
Google.Solutions.Compute Verbose: 0 : SshRelayStream [TX: 2 TXA: 0 RX: 2 AQ: 0]: Sending DATA #2...
Google.Solutions.Compute Verbose: 0 : SshRelayStream [TX: 2 TXA: 0 RX: 2 AQ: 0]: Sending DATA #2...
Google.Solutions.Compute Verbose: 0 : SshRelayStream [TX: 2 TXA: 0 RX: 2 AQ: 0]: Sending DATA #2...
Google.Solutions.Compute Verbose: 0 : SshRelayStream [TX: 2 TXA: 0 RX: 2 AQ: 0]: Sending DATA #2...
Google.Solutions.Compute Verbose: 0 : SshRelayStream [TX: 2 TXA: 0 RX: 2 AQ: 0]: Sending DATA #2...
Google.Solutions.Compute Verbose: 0 : SshRelayStream [TX: 2 TXA: 0 RX: 2 AQ: 0]: Sending DATA #2...
Google.Solutions.Compute Verbose: 0 : SshRelayStream [TX: 2 TXA: 0 RX: 2 AQ: 0]: Sending DATA #2...
Google.Solutions.Compute Verbose: 0 : SshRelayStream [TX: 2 TXA: 0 RX: 2 AQ: 0]: Sending DATA #2...
Google.Solutions.Compute Verbose: 0 : SshRelayStream [TX: 2 TXA: 0 RX: 2 AQ: 0]: Sending DATA #2...
Google.Solutions.Compute Verbose: 0 : SshRelayStream [TX: 2 TXA: 0 RX: 2 AQ: 0]: Sending DATA #2...
</system-out></testcase></testsuite><testsuite tests="3" time="0.007808" errors="0" failures="0" skipped="0" timestamp="2019-08-24 09:17:29Z" name="Google.Solutions.Compute.Test.dll.Google.Solutions.Compute.Test.IapClient.TestCommandLine."><testcase name="InvalidPortArgumentException" assertions="3" time="0.005253" status="Passed" classname="Google.Solutions.Compute.Test.IapClient.TestCommandLine" /><testcase name="MissingArgumentsCausesArgumentException" assertions="9" time="0.001907" status="Passed" classname="Google.Solutions.Compute.Test.IapClient.TestCommandLine" /><testcase name="ParseAllArguments" assertions="4" time="0.000483" status="Passed" classname="Google.Solutions.Compute.Test.IapClient.TestCommandLine" /></testsuite><testsuite tests="3" time="0.001305" errors="0" failures="0" skipped="0" timestamp="2019-08-24 09:17:29Z" name="Google.Solutions.Compute.Test.dll.Google.Solutions.Compute.Test.TestBigEndian."><testcase name="EncodeDecodeInt16" assertions="2" time="0.000188" status="Passed" classname="Google.Solutions.Compute.Test.TestBigEndian" /><testcase name="EncodeDecodeInt32" assertions="2" time="0.000746" status="Passed" classname="Google.Solutions.Compute.Test.TestBigEndian" /><testcase name="EncodeDecodeInt64" assertions="2" time="0.000263" status="Passed" classname="Google.Solutions.Compute.Test.TestBigEndian" /></testsuite><testsuite tests="3" time="0.003091" errors="0" failures="0" skipped="0" timestamp="2019-08-24 09:17:29Z" name="Google.Solutions.Compute.Test.dll.Google.Solutions.Compute.Test.TestVmInstanceReference."><testcase name="TestEquals" assertions="4" time="0.002462" status="Passed" classname="Google.Solutions.Compute.Test.TestVmInstanceReference" /><testcase name="TestEqualsNull" assertions="6" time="0.000252" status="Passed" classname="Google.Solutions.Compute.Test.TestVmInstanceReference" /><testcase name="TestNotEquals" assertions="4" time="0.000226" status="Passed" classname="Google.Solutions.Compute.Test.TestVmInstanceReference" /></testsuite></testsuites>